[2025-03-24T12:42:04.191+0000] {local_task_job_runner.py:123} INFO - ::group::Pre task execution logs
[2025-03-24T12:42:04.205+0000] {taskinstance.py:2614} INFO - Dependencies all met for dep_context=non-requeueable deps ti=<TaskInstance: my_simple_dbt_dag.transform_data.model1_run manual__2025-03-24T12:36:51+00:00 [queued]>
[2025-03-24T12:42:04.210+0000] {taskinstance.py:2614} INFO - Dependencies all met for dep_context=requeueable deps ti=<TaskInstance: my_simple_dbt_dag.transform_data.model1_run manual__2025-03-24T12:36:51+00:00 [queued]>
[2025-03-24T12:42:04.210+0000] {taskinstance.py:2867} INFO - Starting attempt 2 of 3
[2025-03-24T12:42:04.220+0000] {taskinstance.py:2890} INFO - Executing <Task(DbtRunLocalOperator): transform_data.model1_run> on 2025-03-24 12:36:51+00:00
[2025-03-24T12:42:04.235+0000] {warnings.py:112} WARNING - /home/***/.local/lib/python3.12/site-packages/***/task/task_runner/standard_task_runner.py:70: DeprecationWarning: This process (pid=413) is multi-threaded, use of fork() may lead to deadlocks in the child.
  pid = os.fork()

[2025-03-24T12:42:04.236+0000] {standard_task_runner.py:72} INFO - Started process 415 to run task
[2025-03-24T12:42:04.238+0000] {standard_task_runner.py:104} INFO - Running: ['***', 'tasks', 'run', 'my_simple_dbt_dag', 'transform_data.model1_run', 'manual__2025-03-24T12:36:51+00:00', '--job-id', '4', '--raw', '--subdir', 'DAGS_FOLDER/my_simple_dbt_dag.py', '--cfg-path', '/tmp/tmptr136lzb']
[2025-03-24T12:42:04.239+0000] {standard_task_runner.py:105} INFO - Job 4: Subtask transform_data.model1_run
[2025-03-24T12:42:04.281+0000] {task_command.py:467} INFO - Running <TaskInstance: my_simple_dbt_dag.transform_data.model1_run manual__2025-03-24T12:36:51+00:00 [running]> on host cc9050e3ce5a
[2025-03-24T12:42:04.346+0000] {taskinstance.py:3134} INFO - Exporting env vars: AIRFLOW_CTX_DAG_OWNER='***' AIRFLOW_CTX_DAG_ID='my_simple_dbt_dag' AIRFLOW_CTX_TASK_ID='transform_data.model1_run' AIRFLOW_CTX_EXECUTION_DATE='2025-03-24T12:36:51+00:00' AIRFLOW_CTX_TRY_NUMBER='2' AIRFLOW_CTX_DAG_RUN_ID='manual__2025-03-24T12:36:51+00:00'
[2025-03-24T12:42:04.348+0000] {logging_mixin.py:190} INFO - Task instance is in running state
[2025-03-24T12:42:04.348+0000] {logging_mixin.py:190} INFO -  Previous state of the Task instance: queued
[2025-03-24T12:42:04.348+0000] {logging_mixin.py:190} INFO - Current task name:transform_data.model1_run state:running start_date:2025-03-24 12:42:04.205498+00:00
[2025-03-24T12:42:04.348+0000] {logging_mixin.py:190} INFO - Dag name:my_simple_dbt_dag and current dag run status:running
[2025-03-24T12:42:04.348+0000] {taskinstance.py:732} INFO - ::endgroup::
[2025-03-24T12:42:05.402+0000] {local.py:213} INFO - dbtRunner is available. Using dbtRunner for invoking dbt.
[2025-03-24T12:42:05.402+0000] {local.py:416} INFO - Cloning project to writable temp directory /tmp/tmp_35ydkno from /opt/airflow/dags/dbt/dbt_biera
[2025-03-24T12:42:05.403+0000] {local.py:427} INFO - Partial parse is enabled and the latest partial parse file is None
[2025-03-24T12:42:05.404+0000] {config.py:360} INFO - Profile caching is enable.
[2025-03-24T12:42:05.413+0000] {base.py:84} INFO - Retrieving connection 'postgres_conn'
[2025-03-24T12:42:05.414+0000] {base.py:244} INFO - Using real values for profile default
[2025-03-24T12:42:05.415+0000] {config.py:347} INFO - Profile not found in cache storing and using profile: /tmp/cosmos/profile/f9e0be4e0f678dd63b6be919e6f5e508e5507019985f0f32d9ae18be545bcfbd/profiles.yml.
[2025-03-24T12:42:05.416+0000] {runner.py:60} INFO - Trying to run dbtRunner with:
 ['run', '--vars', '{"my_name": no_entry }', '--models', 'model1', '--project-dir', '/tmp/tmp_35ydkno', '--profiles-dir', '/tmp/cosmos/profile/f9e0be4e0f678dd63b6be919e6f5e508e5507019985f0f32d9ae18be545bcfbd', '--profile', 'default', '--target', 'dev']
 in /tmp/tmp_35ydkno
[2025-03-24T12:42:05.481+0000] {logging_mixin.py:190} INFO - 12:42:05  Running with dbt=1.9.3
[2025-03-24T12:42:05.723+0000] {logging_mixin.py:190} INFO - 12:42:05  Registered adapter: postgres=1.9.0
[2025-03-24T12:42:06.262+0000] {logging_mixin.py:190} INFO - 12:42:06  Unable to do partial parsing because saved manifest not found. Starting full parse.
[2025-03-24T12:42:07.426+0000] {logging_mixin.py:190} INFO - 12:42:07  [WARNING]: Configuration paths exist in your dbt_project.yml file which do not apply to any resources.
There are 1 unused configuration paths:
- models.dbt_biera.example
[2025-03-24T12:42:07.494+0000] {logging_mixin.py:190} INFO - 12:42:07  Found 2 models, 433 macros
[2025-03-24T12:42:07.496+0000] {logging_mixin.py:190} INFO - 12:42:07
[2025-03-24T12:42:07.497+0000] {logging_mixin.py:190} INFO - 12:42:07  Concurrency: 1 threads (target='dev')
[2025-03-24T12:42:07.497+0000] {logging_mixin.py:190} INFO - 12:42:07
[2025-03-24T12:42:07.634+0000] {logging_mixin.py:190} INFO - 12:42:07  1 of 1 START sql view model postgres.model1 .................................... [RUN]
[2025-03-24T12:42:07.737+0000] {logging_mixin.py:190} INFO - 12:42:07  1 of 1 OK created sql view model postgres.model1 ............................... [CREATE VIEW in 0.10s]
[2025-03-24T12:42:07.750+0000] {logging_mixin.py:190} INFO - 12:42:07
[2025-03-24T12:42:07.751+0000] {logging_mixin.py:190} INFO - 12:42:07  Finished running 1 view model in 0 hours 0 minutes and 0.25 seconds (0.25s).
[2025-03-24T12:42:07.795+0000] {logging_mixin.py:190} INFO - 12:42:07
[2025-03-24T12:42:07.795+0000] {logging_mixin.py:190} INFO - 12:42:07  Completed successfully
[2025-03-24T12:42:07.796+0000] {logging_mixin.py:190} INFO - 12:42:07
[2025-03-24T12:42:07.796+0000] {logging_mixin.py:190} INFO - 12:42:07  Done. PASS=1 WARN=0 ERROR=0 SKIP=0 TOTAL=1
[2025-03-24T12:42:08.372+0000] {local.py:465} INFO - Inlets: []
[2025-03-24T12:42:08.373+0000] {local.py:466} INFO - Outlets: [Dataset(uri='postgres://postgres:5432/postgres.postgres.model1', extra=None)]
[2025-03-24T12:42:08.373+0000] {local.py:656} INFO - Assigning inlets/outlets with DatasetAlias
[2025-03-24T12:42:08.417+0000] {taskinstance.py:341} INFO - ::group::Post task execution logs
[2025-03-24T12:42:08.418+0000] {taskinstance.py:353} INFO - Marking task as SUCCESS. dag_id=my_simple_dbt_dag, task_id=transform_data.model1_run, run_id=manual__2025-03-24T12:36:51+00:00, execution_date=20250324T123651, start_date=20250324T124204, end_date=20250324T124208
[2025-03-24T12:42:08.426+0000] {taskinstance.py:3054} WARNING - Created a new DatasetModel(uri='postgres://postgres:5432/postgres.postgres.model1', extra={}) as it did not exist.
[2025-03-24T12:42:08.431+0000] {taskinstance.py:3064} INFO - Creating event for DatasetModel(uri='postgres://postgres:5432/postgres.postgres.model1', extra={}) through aliases "my_simple_dbt_dag__transform_data__model1_run"
[2025-03-24T12:42:08.484+0000] {logging_mixin.py:190} INFO - Task instance in success state
[2025-03-24T12:42:08.484+0000] {logging_mixin.py:190} INFO -  Previous state of the Task instance: running
[2025-03-24T12:42:08.485+0000] {logging_mixin.py:190} INFO - Dag name:my_simple_dbt_dag queued_at:2025-03-24 12:36:57.333232+00:00
[2025-03-24T12:42:08.485+0000] {logging_mixin.py:190} INFO - Task hostname:cc9050e3ce5a operator:DbtRunLocalOperator
[2025-03-24T12:42:08.538+0000] {local_task_job_runner.py:266} INFO - Task exited with return code 0
[2025-03-24T12:42:08.579+0000] {taskinstance.py:3901} INFO - 1 downstream tasks scheduled from follow-on schedule check
[2025-03-24T12:42:08.580+0000] {local_task_job_runner.py:245} INFO - ::endgroup::
