[2025-04-08T10:36:08.305+0000] {local_task_job_runner.py:123} INFO - ::group::Pre task execution logs
[2025-04-08T10:36:08.320+0000] {taskinstance.py:2614} INFO - Dependencies all met for dep_context=non-requeueable deps ti=<TaskInstance: meta_ads_elt_pipeline.airbyte_sync.trigger_connection_sync scheduled__2025-04-07T00:00:00+00:00 [queued]>
[2025-04-08T10:36:08.325+0000] {taskinstance.py:2614} INFO - Dependencies all met for dep_context=requeueable deps ti=<TaskInstance: meta_ads_elt_pipeline.airbyte_sync.trigger_connection_sync scheduled__2025-04-07T00:00:00+00:00 [queued]>
[2025-04-08T10:36:08.326+0000] {taskinstance.py:2867} INFO - Starting attempt 1 of 3
[2025-04-08T10:36:08.339+0000] {taskinstance.py:2890} INFO - Executing <Task(HttpOperator): airbyte_sync.trigger_connection_sync> on 2025-04-07 00:00:00+00:00
[2025-04-08T10:36:08.370+0000] {warnings.py:112} WARNING - /home/***/.local/lib/python3.12/site-packages/***/task/task_runner/standard_task_runner.py:70: DeprecationWarning: This process (pid=1954) is multi-threaded, use of fork() may lead to deadlocks in the child.
  pid = os.fork()

[2025-04-08T10:36:08.371+0000] {standard_task_runner.py:72} INFO - Started process 1966 to run task
[2025-04-08T10:36:08.373+0000] {standard_task_runner.py:104} INFO - Running: ['***', 'tasks', 'run', 'meta_ads_elt_pipeline', 'airbyte_sync.trigger_connection_sync', 'scheduled__2025-04-07T00:00:00+00:00', '--job-id', '257', '--raw', '--subdir', 'DAGS_FOLDER/meta_ads_elt_pipeline.py', '--cfg-path', '/tmp/tmptl3vf66z']
[2025-04-08T10:36:08.374+0000] {standard_task_runner.py:105} INFO - Job 257: Subtask airbyte_sync.trigger_connection_sync
[2025-04-08T10:36:08.440+0000] {task_command.py:467} INFO - Running <TaskInstance: meta_ads_elt_pipeline.airbyte_sync.trigger_connection_sync scheduled__2025-04-07T00:00:00+00:00 [running]> on host ffa99f2ae5fe
[2025-04-08T10:36:08.541+0000] {taskinstance.py:3134} INFO - Exporting env vars: AIRFLOW_CTX_DAG_OWNER='admin' AIRFLOW_CTX_DAG_ID='meta_ads_elt_pipeline' AIRFLOW_CTX_TASK_ID='airbyte_sync.trigger_connection_sync' AIRFLOW_CTX_EXECUTION_DATE='2025-04-07T00:00:00+00:00' AIRFLOW_CTX_TRY_NUMBER='1' AIRFLOW_CTX_DAG_RUN_ID='scheduled__2025-04-07T00:00:00+00:00'
[2025-04-08T10:36:08.544+0000] {logging_mixin.py:190} INFO - Task instance is in running state
[2025-04-08T10:36:08.545+0000] {logging_mixin.py:190} INFO -  Previous state of the Task instance: queued
[2025-04-08T10:36:08.545+0000] {logging_mixin.py:190} INFO - Current task name:airbyte_sync.trigger_connection_sync state:running start_date:2025-04-08 10:36:08.321038+00:00
[2025-04-08T10:36:08.545+0000] {logging_mixin.py:190} INFO - Dag name:meta_ads_elt_pipeline and current dag run status:running
[2025-04-08T10:36:08.545+0000] {taskinstance.py:732} INFO - ::endgroup::
[2025-04-08T10:36:08.545+0000] {http.py:180} INFO - Calling HTTP method
[2025-04-08T10:36:08.556+0000] {base.py:84} INFO - Retrieving connection 'airbyte'
[2025-04-08T10:36:08.566+0000] {base.py:84} INFO - Retrieving connection 'airbyte'
[2025-04-08T10:36:24.786+0000] {job.py:229} INFO - Heartbeat recovered after 10.86 seconds
[2025-04-08T10:36:40.281+0000] {job.py:229} INFO - Heartbeat recovered after 15.62 seconds
[2025-04-08T10:36:52.591+0000] {job.py:229} INFO - Heartbeat recovered after 13.80 seconds
[2025-04-08T10:36:55.523+0000] {http.py:241} INFO - {"job":{"id":223,"configType":"sync","configId":"29c579af-667a-4bca-a9ab-12f750e68c02","enabledStreams":[{"name":"campaigns"},{"name":"ad_sets"},{"name":"ad_creatives"},{"name":"ads"}],"createdAt":1744108571,"updatedAt":1744108577,"status":"running","streamAggregatedStats":[]},"attempts":[{"attempt":{"id":0,"status":"running","createdAt":1744108577,"updatedAt":1744108577},"logType":"formatted","logs":{"events":[],"logLines":[]}}]}
[2025-04-08T10:36:55.588+0000] {taskinstance.py:341} INFO - ::group::Post task execution logs
[2025-04-08T10:36:55.589+0000] {taskinstance.py:353} INFO - Marking task as SUCCESS. dag_id=meta_ads_elt_pipeline, task_id=airbyte_sync.trigger_connection_sync, run_id=scheduled__2025-04-07T00:00:00+00:00, execution_date=20250407T000000, start_date=20250408T103608, end_date=20250408T103655
[2025-04-08T10:36:55.659+0000] {logging_mixin.py:190} INFO - Task instance in success state
[2025-04-08T10:36:55.659+0000] {logging_mixin.py:190} INFO -  Previous state of the Task instance: running
[2025-04-08T10:36:55.660+0000] {logging_mixin.py:190} INFO - Dag name:meta_ads_elt_pipeline queued_at:2025-04-08 10:36:01.367116+00:00
[2025-04-08T10:36:55.660+0000] {logging_mixin.py:190} INFO - Task hostname:ffa99f2ae5fe operator:HttpOperator
[2025-04-08T10:36:55.736+0000] {local_task_job_runner.py:266} INFO - Task exited with return code 0
[2025-04-08T10:36:55.805+0000] {taskinstance.py:3901} INFO - 1 downstream tasks scheduled from follow-on schedule check
[2025-04-08T10:36:55.808+0000] {local_task_job_runner.py:245} INFO - ::endgroup::
[2025-04-08T10:58:05.352+0000] {local_task_job_runner.py:123} INFO - ::group::Pre task execution logs
[2025-04-08T10:58:05.368+0000] {taskinstance.py:2614} INFO - Dependencies all met for dep_context=non-requeueable deps ti=<TaskInstance: meta_ads_elt_pipeline.airbyte_sync.trigger_connection_sync scheduled__2025-04-07T00:00:00+00:00 [queued]>
[2025-04-08T10:58:05.374+0000] {taskinstance.py:2614} INFO - Dependencies all met for dep_context=requeueable deps ti=<TaskInstance: meta_ads_elt_pipeline.airbyte_sync.trigger_connection_sync scheduled__2025-04-07T00:00:00+00:00 [queued]>
[2025-04-08T10:58:05.374+0000] {taskinstance.py:2867} INFO - Starting attempt 1 of 3
[2025-04-08T10:58:05.386+0000] {taskinstance.py:2890} INFO - Executing <Task(HttpOperator): airbyte_sync.trigger_connection_sync> on 2025-04-07 00:00:00+00:00
[2025-04-08T10:58:05.399+0000] {warnings.py:112} WARNING - /home/***/.local/lib/python3.12/site-packages/***/task/task_runner/standard_task_runner.py:70: DeprecationWarning: This process (pid=536) is multi-threaded, use of fork() may lead to deadlocks in the child.
  pid = os.fork()

[2025-04-08T10:58:05.400+0000] {standard_task_runner.py:72} INFO - Started process 541 to run task
[2025-04-08T10:58:05.402+0000] {standard_task_runner.py:104} INFO - Running: ['***', 'tasks', 'run', 'meta_ads_elt_pipeline', 'airbyte_sync.trigger_connection_sync', 'scheduled__2025-04-07T00:00:00+00:00', '--job-id', '295', '--raw', '--subdir', 'DAGS_FOLDER/meta_ads_elt_pipeline.py', '--cfg-path', '/tmp/tmp4a_i8f66']
[2025-04-08T10:58:05.403+0000] {standard_task_runner.py:105} INFO - Job 295: Subtask airbyte_sync.trigger_connection_sync
[2025-04-08T10:58:05.448+0000] {task_command.py:467} INFO - Running <TaskInstance: meta_ads_elt_pipeline.airbyte_sync.trigger_connection_sync scheduled__2025-04-07T00:00:00+00:00 [running]> on host ffa99f2ae5fe
[2025-04-08T10:58:05.515+0000] {taskinstance.py:3134} INFO - Exporting env vars: AIRFLOW_CTX_DAG_OWNER='admin' AIRFLOW_CTX_DAG_ID='meta_ads_elt_pipeline' AIRFLOW_CTX_TASK_ID='airbyte_sync.trigger_connection_sync' AIRFLOW_CTX_EXECUTION_DATE='2025-04-07T00:00:00+00:00' AIRFLOW_CTX_TRY_NUMBER='1' AIRFLOW_CTX_DAG_RUN_ID='scheduled__2025-04-07T00:00:00+00:00'
[2025-04-08T10:58:05.517+0000] {logging_mixin.py:190} INFO - Task instance is in running state
[2025-04-08T10:58:05.517+0000] {logging_mixin.py:190} INFO -  Previous state of the Task instance: queued
[2025-04-08T10:58:05.517+0000] {logging_mixin.py:190} INFO - Current task name:airbyte_sync.trigger_connection_sync state:running start_date:2025-04-08 10:58:05.368787+00:00
[2025-04-08T10:58:05.517+0000] {logging_mixin.py:190} INFO - Dag name:meta_ads_elt_pipeline and current dag run status:running
[2025-04-08T10:58:05.518+0000] {taskinstance.py:732} INFO - ::endgroup::
[2025-04-08T10:58:05.518+0000] {http.py:180} INFO - Calling HTTP method
[2025-04-08T10:58:05.526+0000] {base.py:84} INFO - Retrieving connection 'airbyte'
[2025-04-08T10:58:05.533+0000] {base.py:84} INFO - Retrieving connection 'airbyte'
[2025-04-08T10:58:06.004+0000] {http.py:241} INFO - {"job":{"id":228,"configType":"sync","configId":"29c579af-667a-4bca-a9ab-12f750e68c02","enabledStreams":[{"name":"campaigns"},{"name":"ad_sets"},{"name":"ad_creatives"},{"name":"ads"}],"createdAt":1744109885,"updatedAt":1744109885,"status":"running","streamAggregatedStats":[]},"attempts":[{"attempt":{"id":0,"status":"running","createdAt":1744109885,"updatedAt":1744109885},"logType":"formatted","logs":{"events":[],"logLines":[]}}]}
[2025-04-08T10:58:06.031+0000] {taskinstance.py:341} INFO - ::group::Post task execution logs
[2025-04-08T10:58:06.032+0000] {taskinstance.py:353} INFO - Marking task as SUCCESS. dag_id=meta_ads_elt_pipeline, task_id=airbyte_sync.trigger_connection_sync, run_id=scheduled__2025-04-07T00:00:00+00:00, execution_date=20250407T000000, start_date=20250408T105805, end_date=20250408T105806
[2025-04-08T10:58:06.057+0000] {logging_mixin.py:190} INFO - Task instance in success state
[2025-04-08T10:58:06.057+0000] {logging_mixin.py:190} INFO -  Previous state of the Task instance: running
[2025-04-08T10:58:06.057+0000] {logging_mixin.py:190} INFO - Dag name:meta_ads_elt_pipeline queued_at:2025-04-08 10:58:03.983530+00:00
[2025-04-08T10:58:06.057+0000] {logging_mixin.py:190} INFO - Task hostname:ffa99f2ae5fe operator:HttpOperator
[2025-04-08T10:58:06.095+0000] {local_task_job_runner.py:266} INFO - Task exited with return code 0
[2025-04-08T10:58:06.138+0000] {taskinstance.py:3901} INFO - 1 downstream tasks scheduled from follow-on schedule check
[2025-04-08T10:58:06.139+0000] {local_task_job_runner.py:245} INFO - ::endgroup::
