[2025-04-08T10:59:22.072+0000] {local_task_job_runner.py:123} INFO - ::group::Pre task execution logs
[2025-04-08T10:59:22.098+0000] {taskinstance.py:2614} INFO - Dependencies all met for dep_context=non-requeueable deps ti=<TaskInstance: meta_ads_elt_pipeline.airbyte_sync.monitor_sync_status manual__2025-04-08T10:58:03.062460+00:00 [queued]>
[2025-04-08T10:59:22.108+0000] {taskinstance.py:2614} INFO - Dependencies all met for dep_context=requeueable deps ti=<TaskInstance: meta_ads_elt_pipeline.airbyte_sync.monitor_sync_status manual__2025-04-08T10:58:03.062460+00:00 [queued]>
[2025-04-08T10:59:22.109+0000] {taskinstance.py:2867} INFO - Starting attempt 1 of 3
[2025-04-08T10:59:22.123+0000] {taskinstance.py:2890} INFO - Executing <Task(HttpSensor): airbyte_sync.monitor_sync_status> on 2025-04-08 10:58:03.062460+00:00
[2025-04-08T10:59:22.140+0000] {warnings.py:112} WARNING - /home/***/.local/lib/python3.12/site-packages/***/task/task_runner/standard_task_runner.py:70: DeprecationWarning: This process (pid=648) is multi-threaded, use of fork() may lead to deadlocks in the child.
  pid = os.fork()

[2025-04-08T10:59:22.142+0000] {standard_task_runner.py:72} INFO - Started process 652 to run task
[2025-04-08T10:59:22.142+0000] {standard_task_runner.py:104} INFO - Running: ['***', 'tasks', 'run', 'meta_ads_elt_pipeline', 'airbyte_sync.monitor_sync_status', 'manual__2025-04-08T10:58:03.062460+00:00', '--job-id', '305', '--raw', '--subdir', 'DAGS_FOLDER/meta_ads_elt_pipeline.py', '--cfg-path', '/tmp/tmph9oad2q5']
[2025-04-08T10:59:22.143+0000] {standard_task_runner.py:105} INFO - Job 305: Subtask airbyte_sync.monitor_sync_status
[2025-04-08T10:59:22.188+0000] {task_command.py:467} INFO - Running <TaskInstance: meta_ads_elt_pipeline.airbyte_sync.monitor_sync_status manual__2025-04-08T10:58:03.062460+00:00 [running]> on host ffa99f2ae5fe
[2025-04-08T10:59:22.287+0000] {taskinstance.py:3134} INFO - Exporting env vars: AIRFLOW_CTX_DAG_OWNER='admin' AIRFLOW_CTX_DAG_ID='meta_ads_elt_pipeline' AIRFLOW_CTX_TASK_ID='airbyte_sync.monitor_sync_status' AIRFLOW_CTX_EXECUTION_DATE='2025-04-08T10:58:03.062460+00:00' AIRFLOW_CTX_TRY_NUMBER='1' AIRFLOW_CTX_DAG_RUN_ID='manual__2025-04-08T10:58:03.062460+00:00'
[2025-04-08T10:59:22.290+0000] {logging_mixin.py:190} INFO - Task instance is in running state
[2025-04-08T10:59:22.290+0000] {logging_mixin.py:190} INFO -  Previous state of the Task instance: queued
[2025-04-08T10:59:22.290+0000] {logging_mixin.py:190} INFO - Current task name:airbyte_sync.monitor_sync_status state:running start_date:2025-04-08 10:59:22.099161+00:00
[2025-04-08T10:59:22.290+0000] {logging_mixin.py:190} INFO - Dag name:meta_ads_elt_pipeline and current dag run status:running
[2025-04-08T10:59:22.291+0000] {taskinstance.py:732} INFO - ::endgroup::
[2025-04-08T10:59:22.291+0000] {baseoperator.py:423} WARNING - HttpSensor.execute cannot be called outside TaskInstance!
[2025-04-08T10:59:22.303+0000] {http.py:145} INFO - Poking: /api/public/v1/jobs/229
[2025-04-08T10:59:22.313+0000] {base.py:84} INFO - Retrieving connection 'airbyte'
[2025-04-08T10:59:22.365+0000] {taskinstance.py:310} INFO - Rescheduling task, marking task as UP_FOR_RESCHEDULE
[2025-04-08T10:59:22.366+0000] {taskinstance.py:341} INFO - ::group::Post task execution logs
[2025-04-08T10:59:22.397+0000] {local_task_job_runner.py:266} INFO - Task exited with return code 0
[2025-04-08T10:59:22.431+0000] {taskinstance.py:3901} INFO - 0 downstream tasks scheduled from follow-on schedule check
[2025-04-08T10:59:22.433+0000] {local_task_job_runner.py:245} INFO - ::endgroup::
[2025-04-08T11:00:24.035+0000] {local_task_job_runner.py:123} INFO - ::group::Pre task execution logs
[2025-04-08T11:00:24.054+0000] {taskinstance.py:2614} INFO - Dependencies all met for dep_context=non-requeueable deps ti=<TaskInstance: meta_ads_elt_pipeline.airbyte_sync.monitor_sync_status manual__2025-04-08T10:58:03.062460+00:00 [queued]>
[2025-04-08T11:00:24.063+0000] {taskinstance.py:2614} INFO - Dependencies all met for dep_context=requeueable deps ti=<TaskInstance: meta_ads_elt_pipeline.airbyte_sync.monitor_sync_status manual__2025-04-08T10:58:03.062460+00:00 [queued]>
[2025-04-08T11:00:24.063+0000] {taskinstance.py:2867} INFO - Starting attempt 1 of 3
[2025-04-08T11:00:24.074+0000] {taskinstance.py:2890} INFO - Executing <Task(HttpSensor): airbyte_sync.monitor_sync_status> on 2025-04-08 10:58:03.062460+00:00
[2025-04-08T11:00:24.085+0000] {warnings.py:112} WARNING - /home/***/.local/lib/python3.12/site-packages/***/task/task_runner/standard_task_runner.py:70: DeprecationWarning: This process (pid=704) is multi-threaded, use of fork() may lead to deadlocks in the child.
  pid = os.fork()

[2025-04-08T11:00:24.086+0000] {standard_task_runner.py:72} INFO - Started process 709 to run task
[2025-04-08T11:00:24.087+0000] {standard_task_runner.py:104} INFO - Running: ['***', 'tasks', 'run', 'meta_ads_elt_pipeline', 'airbyte_sync.monitor_sync_status', 'manual__2025-04-08T10:58:03.062460+00:00', '--job-id', '307', '--raw', '--subdir', 'DAGS_FOLDER/meta_ads_elt_pipeline.py', '--cfg-path', '/tmp/tmpzd4qcxjj']
[2025-04-08T11:00:24.088+0000] {standard_task_runner.py:105} INFO - Job 307: Subtask airbyte_sync.monitor_sync_status
[2025-04-08T11:00:24.134+0000] {task_command.py:467} INFO - Running <TaskInstance: meta_ads_elt_pipeline.airbyte_sync.monitor_sync_status manual__2025-04-08T10:58:03.062460+00:00 [running]> on host ffa99f2ae5fe
[2025-04-08T11:00:24.219+0000] {taskinstance.py:3134} INFO - Exporting env vars: AIRFLOW_CTX_DAG_OWNER='admin' AIRFLOW_CTX_DAG_ID='meta_ads_elt_pipeline' AIRFLOW_CTX_TASK_ID='airbyte_sync.monitor_sync_status' AIRFLOW_CTX_EXECUTION_DATE='2025-04-08T10:58:03.062460+00:00' AIRFLOW_CTX_TRY_NUMBER='1' AIRFLOW_CTX_DAG_RUN_ID='manual__2025-04-08T10:58:03.062460+00:00'
[2025-04-08T11:00:24.221+0000] {logging_mixin.py:190} INFO - Task instance is in running state
[2025-04-08T11:00:24.221+0000] {logging_mixin.py:190} INFO -  Previous state of the Task instance: queued
[2025-04-08T11:00:24.221+0000] {logging_mixin.py:190} INFO - Current task name:airbyte_sync.monitor_sync_status state:running start_date:2025-04-08 11:00:24.055029+00:00
[2025-04-08T11:00:24.221+0000] {logging_mixin.py:190} INFO - Dag name:meta_ads_elt_pipeline and current dag run status:running
[2025-04-08T11:00:24.222+0000] {taskinstance.py:732} INFO - ::endgroup::
[2025-04-08T11:00:24.222+0000] {baseoperator.py:423} WARNING - HttpSensor.execute cannot be called outside TaskInstance!
[2025-04-08T11:00:24.231+0000] {http.py:145} INFO - Poking: /api/public/v1/jobs/229
[2025-04-08T11:00:24.240+0000] {base.py:84} INFO - Retrieving connection 'airbyte'
[2025-04-08T11:00:24.261+0000] {base.py:339} INFO - Success criteria met. Exiting.
[2025-04-08T11:00:24.271+0000] {taskinstance.py:341} INFO - ::group::Post task execution logs
[2025-04-08T11:00:24.271+0000] {taskinstance.py:353} INFO - Marking task as SUCCESS. dag_id=meta_ads_elt_pipeline, task_id=airbyte_sync.monitor_sync_status, run_id=manual__2025-04-08T10:58:03.062460+00:00, execution_date=20250408T105803, start_date=20250408T110024, end_date=20250408T110024
[2025-04-08T11:00:24.291+0000] {logging_mixin.py:190} INFO - Task instance in success state
[2025-04-08T11:00:24.291+0000] {logging_mixin.py:190} INFO -  Previous state of the Task instance: running
[2025-04-08T11:00:24.292+0000] {logging_mixin.py:190} INFO - Dag name:meta_ads_elt_pipeline queued_at:2025-04-08 10:58:03.079372+00:00
[2025-04-08T11:00:24.292+0000] {logging_mixin.py:190} INFO - Task hostname:ffa99f2ae5fe operator:HttpSensor
[2025-04-08T11:00:24.340+0000] {local_task_job_runner.py:266} INFO - Task exited with return code 0
[2025-04-08T11:00:24.351+0000] {local_task_job_runner.py:245} INFO - ::endgroup::
