[2025-04-08T10:59:19.579+0000] {local_task_job_runner.py:123} INFO - ::group::Pre task execution logs
[2025-04-08T10:59:19.593+0000] {taskinstance.py:2614} INFO - Dependencies all met for dep_context=non-requeueable deps ti=<TaskInstance: meta_ads_elt_pipeline.airbyte_sync.trigger_connection_sync manual__2025-04-08T10:58:03.062460+00:00 [queued]>
[2025-04-08T10:59:19.600+0000] {taskinstance.py:2614} INFO - Dependencies all met for dep_context=requeueable deps ti=<TaskInstance: meta_ads_elt_pipeline.airbyte_sync.trigger_connection_sync manual__2025-04-08T10:58:03.062460+00:00 [queued]>
[2025-04-08T10:59:19.600+0000] {taskinstance.py:2867} INFO - Starting attempt 1 of 3
[2025-04-08T10:59:19.611+0000] {taskinstance.py:2890} INFO - Executing <Task(HttpOperator): airbyte_sync.trigger_connection_sync> on 2025-04-08 10:58:03.062460+00:00
[2025-04-08T10:59:19.627+0000] {warnings.py:112} WARNING - /home/***/.local/lib/python3.12/site-packages/***/task/task_runner/standard_task_runner.py:70: DeprecationWarning: This process (pid=640) is multi-threaded, use of fork() may lead to deadlocks in the child.
  pid = os.fork()

[2025-04-08T10:59:19.628+0000] {standard_task_runner.py:72} INFO - Started process 644 to run task
[2025-04-08T10:59:19.629+0000] {standard_task_runner.py:104} INFO - Running: ['***', 'tasks', 'run', 'meta_ads_elt_pipeline', 'airbyte_sync.trigger_connection_sync', 'manual__2025-04-08T10:58:03.062460+00:00', '--job-id', '303', '--raw', '--subdir', 'DAGS_FOLDER/meta_ads_elt_pipeline.py', '--cfg-path', '/tmp/tmpd4o3pc29']
[2025-04-08T10:59:19.630+0000] {standard_task_runner.py:105} INFO - Job 303: Subtask airbyte_sync.trigger_connection_sync
[2025-04-08T10:59:19.670+0000] {task_command.py:467} INFO - Running <TaskInstance: meta_ads_elt_pipeline.airbyte_sync.trigger_connection_sync manual__2025-04-08T10:58:03.062460+00:00 [running]> on host ffa99f2ae5fe
[2025-04-08T10:59:19.746+0000] {taskinstance.py:3134} INFO - Exporting env vars: AIRFLOW_CTX_DAG_OWNER='admin' AIRFLOW_CTX_DAG_ID='meta_ads_elt_pipeline' AIRFLOW_CTX_TASK_ID='airbyte_sync.trigger_connection_sync' AIRFLOW_CTX_EXECUTION_DATE='2025-04-08T10:58:03.062460+00:00' AIRFLOW_CTX_TRY_NUMBER='1' AIRFLOW_CTX_DAG_RUN_ID='manual__2025-04-08T10:58:03.062460+00:00'
[2025-04-08T10:59:19.748+0000] {logging_mixin.py:190} INFO - Task instance is in running state
[2025-04-08T10:59:19.749+0000] {logging_mixin.py:190} INFO -  Previous state of the Task instance: queued
[2025-04-08T10:59:19.749+0000] {logging_mixin.py:190} INFO - Current task name:airbyte_sync.trigger_connection_sync state:running start_date:2025-04-08 10:59:19.594150+00:00
[2025-04-08T10:59:19.749+0000] {logging_mixin.py:190} INFO - Dag name:meta_ads_elt_pipeline and current dag run status:running
[2025-04-08T10:59:19.749+0000] {taskinstance.py:732} INFO - ::endgroup::
[2025-04-08T10:59:19.750+0000] {http.py:180} INFO - Calling HTTP method
[2025-04-08T10:59:19.757+0000] {base.py:84} INFO - Retrieving connection 'airbyte'
[2025-04-08T10:59:19.765+0000] {base.py:84} INFO - Retrieving connection 'airbyte'
[2025-04-08T10:59:20.208+0000] {http.py:241} INFO - {"job":{"id":229,"configType":"sync","configId":"29c579af-667a-4bca-a9ab-12f750e68c02","enabledStreams":[{"name":"campaigns"},{"name":"ad_sets"},{"name":"ad_creatives"},{"name":"ads"}],"createdAt":1744109959,"updatedAt":1744109960,"status":"running","streamAggregatedStats":[]},"attempts":[{"attempt":{"id":0,"status":"running","createdAt":1744109960,"updatedAt":1744109960},"logType":"formatted","logs":{"events":[],"logLines":[]}}]}
[2025-04-08T10:59:20.235+0000] {taskinstance.py:341} INFO - ::group::Post task execution logs
[2025-04-08T10:59:20.236+0000] {taskinstance.py:353} INFO - Marking task as SUCCESS. dag_id=meta_ads_elt_pipeline, task_id=airbyte_sync.trigger_connection_sync, run_id=manual__2025-04-08T10:58:03.062460+00:00, execution_date=20250408T105803, start_date=20250408T105919, end_date=20250408T105920
[2025-04-08T10:59:20.270+0000] {logging_mixin.py:190} INFO - Task instance in success state
[2025-04-08T10:59:20.271+0000] {logging_mixin.py:190} INFO -  Previous state of the Task instance: running
[2025-04-08T10:59:20.271+0000] {logging_mixin.py:190} INFO - Dag name:meta_ads_elt_pipeline queued_at:2025-04-08 10:58:03.079372+00:00
[2025-04-08T10:59:20.272+0000] {logging_mixin.py:190} INFO - Task hostname:ffa99f2ae5fe operator:HttpOperator
[2025-04-08T10:59:20.324+0000] {local_task_job_runner.py:266} INFO - Task exited with return code 0
[2025-04-08T10:59:20.337+0000] {local_task_job_runner.py:245} INFO - ::endgroup::
