[2025-04-07T13:13:20.019+0000] {local_task_job_runner.py:123} INFO - ::group::Pre task execution logs
[2025-04-07T13:13:20.033+0000] {taskinstance.py:2614} INFO - Dependencies all met for dep_context=non-requeueable deps ti=<TaskInstance: meta_ads_elt_pipeline.airbyte_sync.trigger_connection_sync manual__2025-04-07T13:13:18.276375+00:00 [queued]>
[2025-04-07T13:13:20.038+0000] {taskinstance.py:2614} INFO - Dependencies all met for dep_context=requeueable deps ti=<TaskInstance: meta_ads_elt_pipeline.airbyte_sync.trigger_connection_sync manual__2025-04-07T13:13:18.276375+00:00 [queued]>
[2025-04-07T13:13:20.038+0000] {taskinstance.py:2867} INFO - Starting attempt 1 of 3
[2025-04-07T13:13:20.049+0000] {taskinstance.py:2890} INFO - Executing <Task(HttpOperator): airbyte_sync.trigger_connection_sync> on 2025-04-07 13:13:18.276375+00:00
[2025-04-07T13:13:20.062+0000] {warnings.py:112} WARNING - /home/***/.local/lib/python3.12/site-packages/***/task/task_runner/standard_task_runner.py:70: DeprecationWarning: This process (pid=8114) is multi-threaded, use of fork() may lead to deadlocks in the child.
  pid = os.fork()

[2025-04-07T13:13:20.063+0000] {standard_task_runner.py:72} INFO - Started process 8116 to run task
[2025-04-07T13:13:20.065+0000] {standard_task_runner.py:104} INFO - Running: ['***', 'tasks', 'run', 'meta_ads_elt_pipeline', 'airbyte_sync.trigger_connection_sync', 'manual__2025-04-07T13:13:18.276375+00:00', '--job-id', '154', '--raw', '--subdir', 'DAGS_FOLDER/meta_ads_dag.py', '--cfg-path', '/tmp/tmpav_88t4f']
[2025-04-07T13:13:20.066+0000] {standard_task_runner.py:105} INFO - Job 154: Subtask airbyte_sync.trigger_connection_sync
[2025-04-07T13:13:20.103+0000] {task_command.py:467} INFO - Running <TaskInstance: meta_ads_elt_pipeline.airbyte_sync.trigger_connection_sync manual__2025-04-07T13:13:18.276375+00:00 [running]> on host ffa99f2ae5fe
[2025-04-07T13:13:20.186+0000] {taskinstance.py:3134} INFO - Exporting env vars: AIRFLOW_CTX_DAG_OWNER='admin' AIRFLOW_CTX_DAG_ID='meta_ads_elt_pipeline' AIRFLOW_CTX_TASK_ID='airbyte_sync.trigger_connection_sync' AIRFLOW_CTX_EXECUTION_DATE='2025-04-07T13:13:18.276375+00:00' AIRFLOW_CTX_TRY_NUMBER='1' AIRFLOW_CTX_DAG_RUN_ID='manual__2025-04-07T13:13:18.276375+00:00'
[2025-04-07T13:13:20.187+0000] {logging_mixin.py:190} INFO - Task instance is in running state
[2025-04-07T13:13:20.188+0000] {logging_mixin.py:190} INFO -  Previous state of the Task instance: queued
[2025-04-07T13:13:20.188+0000] {logging_mixin.py:190} INFO - Current task name:airbyte_sync.trigger_connection_sync state:running start_date:2025-04-07 13:13:20.033729+00:00
[2025-04-07T13:13:20.188+0000] {logging_mixin.py:190} INFO - Dag name:meta_ads_elt_pipeline and current dag run status:running
[2025-04-07T13:13:20.188+0000] {taskinstance.py:732} INFO - ::endgroup::
[2025-04-07T13:13:20.188+0000] {http.py:180} INFO - Calling HTTP method
[2025-04-07T13:13:20.197+0000] {base.py:84} INFO - Retrieving connection 'airbyte'
[2025-04-07T13:13:20.204+0000] {base.py:84} INFO - Retrieving connection 'airbyte'
[2025-04-07T13:13:20.627+0000] {http.py:241} INFO - {"job":{"id":209,"configType":"sync","configId":"29c579af-667a-4bca-a9ab-12f750e68c02","enabledStreams":[{"name":"campaigns"},{"name":"ad_sets"},{"name":"ad_creatives"},{"name":"ads"}],"createdAt":1744031600,"updatedAt":1744031600,"status":"running","streamAggregatedStats":[]},"attempts":[{"attempt":{"id":0,"status":"running","createdAt":1744031600,"updatedAt":1744031600},"logType":"formatted","logs":{"events":[],"logLines":[]}}]}
[2025-04-07T13:13:20.654+0000] {taskinstance.py:341} INFO - ::group::Post task execution logs
[2025-04-07T13:13:20.655+0000] {taskinstance.py:353} INFO - Marking task as SUCCESS. dag_id=meta_ads_elt_pipeline, task_id=airbyte_sync.trigger_connection_sync, run_id=manual__2025-04-07T13:13:18.276375+00:00, execution_date=20250407T131318, start_date=20250407T131320, end_date=20250407T131320
[2025-04-07T13:13:20.676+0000] {logging_mixin.py:190} INFO - Task instance in success state
[2025-04-07T13:13:20.676+0000] {logging_mixin.py:190} INFO -  Previous state of the Task instance: running
[2025-04-07T13:13:20.676+0000] {logging_mixin.py:190} INFO - Dag name:meta_ads_elt_pipeline queued_at:2025-04-07 13:13:18.289891+00:00
[2025-04-07T13:13:20.677+0000] {logging_mixin.py:190} INFO - Task hostname:ffa99f2ae5fe operator:HttpOperator
[2025-04-07T13:13:20.718+0000] {local_task_job_runner.py:266} INFO - Task exited with return code 0
[2025-04-07T13:13:20.761+0000] {taskinstance.py:3901} INFO - 1 downstream tasks scheduled from follow-on schedule check
[2025-04-07T13:13:20.763+0000] {local_task_job_runner.py:245} INFO - ::endgroup::
