[2025-04-03T17:51:48.257+0000] {processor.py:186} INFO - Started process (PID=111) to work on /home/airflow/.local/lib/python3.12/site-packages/airflow/example_dags/example_setup_teardown_taskflow.py
[2025-04-03T17:51:48.258+0000] {processor.py:914} INFO - Processing file /home/airflow/.local/lib/python3.12/site-packages/airflow/example_dags/example_setup_teardown_taskflow.py for tasks to queue
[2025-04-03T17:51:48.261+0000] {logging_mixin.py:190} INFO - [2025-04-03T17:51:48.261+0000] {dagbag.py:588} INFO - Filling up the DagBag from /home/airflow/.local/lib/python3.12/site-packages/airflow/example_dags/example_setup_teardown_taskflow.py
[2025-04-03T17:51:48.281+0000] {processor.py:925} INFO - DAG(s) 'example_setup_teardown_taskflow' retrieved from /home/airflow/.local/lib/python3.12/site-packages/airflow/example_dags/example_setup_teardown_taskflow.py
[2025-04-03T17:51:48.337+0000] {logging_mixin.py:190} INFO - [2025-04-03T17:51:48.337+0000] {dag.py:3239} INFO - Sync 1 DAGs
[2025-04-03T17:51:48.358+0000] {logging_mixin.py:190} INFO - [2025-04-03T17:51:48.358+0000] {dag.py:4180} INFO - Setting next_dagrun for example_setup_teardown_taskflow to None, run_after=None
[2025-04-03T17:51:48.407+0000] {processor.py:208} INFO - Processing /home/airflow/.local/lib/python3.12/site-packages/airflow/example_dags/example_setup_teardown_taskflow.py took 0.159 seconds
[2025-04-03T17:52:18.939+0000] {processor.py:186} INFO - Started process (PID=175) to work on /home/airflow/.local/lib/python3.12/site-packages/airflow/example_dags/example_setup_teardown_taskflow.py
[2025-04-03T17:52:18.940+0000] {processor.py:914} INFO - Processing file /home/airflow/.local/lib/python3.12/site-packages/airflow/example_dags/example_setup_teardown_taskflow.py for tasks to queue
[2025-04-03T17:52:18.942+0000] {logging_mixin.py:190} INFO - [2025-04-03T17:52:18.942+0000] {dagbag.py:588} INFO - Filling up the DagBag from /home/airflow/.local/lib/python3.12/site-packages/airflow/example_dags/example_setup_teardown_taskflow.py
[2025-04-03T17:52:18.953+0000] {processor.py:925} INFO - DAG(s) 'example_setup_teardown_taskflow' retrieved from /home/airflow/.local/lib/python3.12/site-packages/airflow/example_dags/example_setup_teardown_taskflow.py
[2025-04-03T17:52:18.973+0000] {logging_mixin.py:190} INFO - [2025-04-03T17:52:18.972+0000] {dag.py:3239} INFO - Sync 1 DAGs
[2025-04-03T17:52:18.987+0000] {logging_mixin.py:190} INFO - [2025-04-03T17:52:18.987+0000] {dag.py:4180} INFO - Setting next_dagrun for example_setup_teardown_taskflow to None, run_after=None
[2025-04-03T17:52:19.004+0000] {processor.py:208} INFO - Processing /home/airflow/.local/lib/python3.12/site-packages/airflow/example_dags/example_setup_teardown_taskflow.py took 0.070 seconds
[2025-04-03T17:52:52.573+0000] {processor.py:186} INFO - Started process (PID=241) to work on /home/airflow/.local/lib/python3.12/site-packages/airflow/example_dags/example_setup_teardown_taskflow.py
[2025-04-03T17:52:52.575+0000] {processor.py:914} INFO - Processing file /home/airflow/.local/lib/python3.12/site-packages/airflow/example_dags/example_setup_teardown_taskflow.py for tasks to queue
[2025-04-03T17:52:52.581+0000] {logging_mixin.py:190} INFO - [2025-04-03T17:52:52.580+0000] {dagbag.py:588} INFO - Filling up the DagBag from /home/airflow/.local/lib/python3.12/site-packages/airflow/example_dags/example_setup_teardown_taskflow.py
[2025-04-03T17:52:52.602+0000] {processor.py:925} INFO - DAG(s) 'example_setup_teardown_taskflow' retrieved from /home/airflow/.local/lib/python3.12/site-packages/airflow/example_dags/example_setup_teardown_taskflow.py
[2025-04-03T17:52:52.643+0000] {logging_mixin.py:190} INFO - [2025-04-03T17:52:52.643+0000] {dag.py:3239} INFO - Sync 1 DAGs
[2025-04-03T17:52:52.674+0000] {logging_mixin.py:190} INFO - [2025-04-03T17:52:52.673+0000] {dag.py:4180} INFO - Setting next_dagrun for example_setup_teardown_taskflow to None, run_after=None
[2025-04-03T17:52:52.713+0000] {processor.py:208} INFO - Processing /home/airflow/.local/lib/python3.12/site-packages/airflow/example_dags/example_setup_teardown_taskflow.py took 0.152 seconds
[2025-04-03T17:53:23.163+0000] {processor.py:186} INFO - Started process (PID=306) to work on /home/airflow/.local/lib/python3.12/site-packages/airflow/example_dags/example_setup_teardown_taskflow.py
[2025-04-03T17:53:23.164+0000] {processor.py:914} INFO - Processing file /home/airflow/.local/lib/python3.12/site-packages/airflow/example_dags/example_setup_teardown_taskflow.py for tasks to queue
[2025-04-03T17:53:23.167+0000] {logging_mixin.py:190} INFO - [2025-04-03T17:53:23.167+0000] {dagbag.py:588} INFO - Filling up the DagBag from /home/airflow/.local/lib/python3.12/site-packages/airflow/example_dags/example_setup_teardown_taskflow.py
[2025-04-03T17:53:23.178+0000] {processor.py:925} INFO - DAG(s) 'example_setup_teardown_taskflow' retrieved from /home/airflow/.local/lib/python3.12/site-packages/airflow/example_dags/example_setup_teardown_taskflow.py
[2025-04-03T17:53:23.203+0000] {logging_mixin.py:190} INFO - [2025-04-03T17:53:23.202+0000] {dag.py:3239} INFO - Sync 1 DAGs
[2025-04-03T17:53:23.219+0000] {logging_mixin.py:190} INFO - [2025-04-03T17:53:23.219+0000] {dag.py:4180} INFO - Setting next_dagrun for example_setup_teardown_taskflow to None, run_after=None
[2025-04-03T17:53:23.237+0000] {processor.py:208} INFO - Processing /home/airflow/.local/lib/python3.12/site-packages/airflow/example_dags/example_setup_teardown_taskflow.py took 0.084 seconds
[2025-04-03T17:53:54.052+0000] {processor.py:186} INFO - Started process (PID=371) to work on /home/airflow/.local/lib/python3.12/site-packages/airflow/example_dags/example_setup_teardown_taskflow.py
[2025-04-03T17:53:54.053+0000] {processor.py:914} INFO - Processing file /home/airflow/.local/lib/python3.12/site-packages/airflow/example_dags/example_setup_teardown_taskflow.py for tasks to queue
[2025-04-03T17:53:54.055+0000] {logging_mixin.py:190} INFO - [2025-04-03T17:53:54.055+0000] {dagbag.py:588} INFO - Filling up the DagBag from /home/airflow/.local/lib/python3.12/site-packages/airflow/example_dags/example_setup_teardown_taskflow.py
[2025-04-03T17:53:54.065+0000] {processor.py:925} INFO - DAG(s) 'example_setup_teardown_taskflow' retrieved from /home/airflow/.local/lib/python3.12/site-packages/airflow/example_dags/example_setup_teardown_taskflow.py
[2025-04-03T17:53:54.090+0000] {logging_mixin.py:190} INFO - [2025-04-03T17:53:54.090+0000] {dag.py:3239} INFO - Sync 1 DAGs
[2025-04-03T17:53:54.104+0000] {logging_mixin.py:190} INFO - [2025-04-03T17:53:54.104+0000] {dag.py:4180} INFO - Setting next_dagrun for example_setup_teardown_taskflow to None, run_after=None
[2025-04-03T17:53:54.120+0000] {processor.py:208} INFO - Processing /home/airflow/.local/lib/python3.12/site-packages/airflow/example_dags/example_setup_teardown_taskflow.py took 0.078 seconds
[2025-04-03T17:54:24.183+0000] {processor.py:186} INFO - Started process (PID=435) to work on /home/airflow/.local/lib/python3.12/site-packages/airflow/example_dags/example_setup_teardown_taskflow.py
[2025-04-03T17:54:24.184+0000] {processor.py:914} INFO - Processing file /home/airflow/.local/lib/python3.12/site-packages/airflow/example_dags/example_setup_teardown_taskflow.py for tasks to queue
[2025-04-03T17:54:24.186+0000] {logging_mixin.py:190} INFO - [2025-04-03T17:54:24.186+0000] {dagbag.py:588} INFO - Filling up the DagBag from /home/airflow/.local/lib/python3.12/site-packages/airflow/example_dags/example_setup_teardown_taskflow.py
[2025-04-03T17:54:24.196+0000] {processor.py:925} INFO - DAG(s) 'example_setup_teardown_taskflow' retrieved from /home/airflow/.local/lib/python3.12/site-packages/airflow/example_dags/example_setup_teardown_taskflow.py
[2025-04-03T17:54:24.217+0000] {logging_mixin.py:190} INFO - [2025-04-03T17:54:24.217+0000] {dag.py:3239} INFO - Sync 1 DAGs
[2025-04-03T17:54:24.231+0000] {logging_mixin.py:190} INFO - [2025-04-03T17:54:24.231+0000] {dag.py:4180} INFO - Setting next_dagrun for example_setup_teardown_taskflow to None, run_after=None
[2025-04-03T17:54:24.245+0000] {processor.py:208} INFO - Processing /home/airflow/.local/lib/python3.12/site-packages/airflow/example_dags/example_setup_teardown_taskflow.py took 0.073 seconds
[2025-04-03T17:54:55.431+0000] {processor.py:186} INFO - Started process (PID=501) to work on /home/airflow/.local/lib/python3.12/site-packages/airflow/example_dags/example_setup_teardown_taskflow.py
[2025-04-03T17:54:55.434+0000] {processor.py:914} INFO - Processing file /home/airflow/.local/lib/python3.12/site-packages/airflow/example_dags/example_setup_teardown_taskflow.py for tasks to queue
[2025-04-03T17:54:55.437+0000] {logging_mixin.py:190} INFO - [2025-04-03T17:54:55.437+0000] {dagbag.py:588} INFO - Filling up the DagBag from /home/airflow/.local/lib/python3.12/site-packages/airflow/example_dags/example_setup_teardown_taskflow.py
[2025-04-03T17:54:55.447+0000] {processor.py:925} INFO - DAG(s) 'example_setup_teardown_taskflow' retrieved from /home/airflow/.local/lib/python3.12/site-packages/airflow/example_dags/example_setup_teardown_taskflow.py
[2025-04-03T17:54:55.469+0000] {logging_mixin.py:190} INFO - [2025-04-03T17:54:55.469+0000] {dag.py:3239} INFO - Sync 1 DAGs
[2025-04-03T17:54:55.483+0000] {logging_mixin.py:190} INFO - [2025-04-03T17:54:55.483+0000] {dag.py:4180} INFO - Setting next_dagrun for example_setup_teardown_taskflow to None, run_after=None
[2025-04-03T17:54:55.499+0000] {processor.py:208} INFO - Processing /home/airflow/.local/lib/python3.12/site-packages/airflow/example_dags/example_setup_teardown_taskflow.py took 0.076 seconds
[2025-04-03T17:55:26.846+0000] {processor.py:186} INFO - Started process (PID=566) to work on /home/airflow/.local/lib/python3.12/site-packages/airflow/example_dags/example_setup_teardown_taskflow.py
[2025-04-03T17:55:26.847+0000] {processor.py:914} INFO - Processing file /home/airflow/.local/lib/python3.12/site-packages/airflow/example_dags/example_setup_teardown_taskflow.py for tasks to queue
[2025-04-03T17:55:26.850+0000] {logging_mixin.py:190} INFO - [2025-04-03T17:55:26.850+0000] {dagbag.py:588} INFO - Filling up the DagBag from /home/airflow/.local/lib/python3.12/site-packages/airflow/example_dags/example_setup_teardown_taskflow.py
[2025-04-03T17:55:26.859+0000] {processor.py:925} INFO - DAG(s) 'example_setup_teardown_taskflow' retrieved from /home/airflow/.local/lib/python3.12/site-packages/airflow/example_dags/example_setup_teardown_taskflow.py
[2025-04-03T17:55:26.881+0000] {logging_mixin.py:190} INFO - [2025-04-03T17:55:26.881+0000] {dag.py:3239} INFO - Sync 1 DAGs
[2025-04-03T17:55:26.895+0000] {logging_mixin.py:190} INFO - [2025-04-03T17:55:26.895+0000] {dag.py:4180} INFO - Setting next_dagrun for example_setup_teardown_taskflow to None, run_after=None
[2025-04-03T17:55:26.911+0000] {processor.py:208} INFO - Processing /home/airflow/.local/lib/python3.12/site-packages/airflow/example_dags/example_setup_teardown_taskflow.py took 0.074 seconds
[2025-04-03T17:55:58.070+0000] {processor.py:186} INFO - Started process (PID=631) to work on /home/airflow/.local/lib/python3.12/site-packages/airflow/example_dags/example_setup_teardown_taskflow.py
[2025-04-03T17:55:58.073+0000] {processor.py:914} INFO - Processing file /home/airflow/.local/lib/python3.12/site-packages/airflow/example_dags/example_setup_teardown_taskflow.py for tasks to queue
[2025-04-03T17:55:58.076+0000] {logging_mixin.py:190} INFO - [2025-04-03T17:55:58.076+0000] {dagbag.py:588} INFO - Filling up the DagBag from /home/airflow/.local/lib/python3.12/site-packages/airflow/example_dags/example_setup_teardown_taskflow.py
[2025-04-03T17:55:58.087+0000] {processor.py:925} INFO - DAG(s) 'example_setup_teardown_taskflow' retrieved from /home/airflow/.local/lib/python3.12/site-packages/airflow/example_dags/example_setup_teardown_taskflow.py
[2025-04-03T17:55:58.109+0000] {logging_mixin.py:190} INFO - [2025-04-03T17:55:58.109+0000] {dag.py:3239} INFO - Sync 1 DAGs
[2025-04-03T17:55:58.123+0000] {logging_mixin.py:190} INFO - [2025-04-03T17:55:58.123+0000] {dag.py:4180} INFO - Setting next_dagrun for example_setup_teardown_taskflow to None, run_after=None
[2025-04-03T17:55:58.138+0000] {processor.py:208} INFO - Processing /home/airflow/.local/lib/python3.12/site-packages/airflow/example_dags/example_setup_teardown_taskflow.py took 0.074 seconds
[2025-04-03T17:56:29.534+0000] {processor.py:186} INFO - Started process (PID=696) to work on /home/airflow/.local/lib/python3.12/site-packages/airflow/example_dags/example_setup_teardown_taskflow.py
[2025-04-03T17:56:29.535+0000] {processor.py:914} INFO - Processing file /home/airflow/.local/lib/python3.12/site-packages/airflow/example_dags/example_setup_teardown_taskflow.py for tasks to queue
[2025-04-03T17:56:29.538+0000] {logging_mixin.py:190} INFO - [2025-04-03T17:56:29.537+0000] {dagbag.py:588} INFO - Filling up the DagBag from /home/airflow/.local/lib/python3.12/site-packages/airflow/example_dags/example_setup_teardown_taskflow.py
[2025-04-03T17:56:29.547+0000] {processor.py:925} INFO - DAG(s) 'example_setup_teardown_taskflow' retrieved from /home/airflow/.local/lib/python3.12/site-packages/airflow/example_dags/example_setup_teardown_taskflow.py
[2025-04-03T17:56:29.567+0000] {logging_mixin.py:190} INFO - [2025-04-03T17:56:29.567+0000] {dag.py:3239} INFO - Sync 1 DAGs
[2025-04-03T17:56:29.580+0000] {logging_mixin.py:190} INFO - [2025-04-03T17:56:29.580+0000] {dag.py:4180} INFO - Setting next_dagrun for example_setup_teardown_taskflow to None, run_after=None
[2025-04-03T17:56:29.594+0000] {processor.py:208} INFO - Processing /home/airflow/.local/lib/python3.12/site-packages/airflow/example_dags/example_setup_teardown_taskflow.py took 0.067 seconds
[2025-04-03T17:57:01.004+0000] {processor.py:186} INFO - Started process (PID=760) to work on /home/airflow/.local/lib/python3.12/site-packages/airflow/example_dags/example_setup_teardown_taskflow.py
[2025-04-03T17:57:01.005+0000] {processor.py:914} INFO - Processing file /home/airflow/.local/lib/python3.12/site-packages/airflow/example_dags/example_setup_teardown_taskflow.py for tasks to queue
[2025-04-03T17:57:01.008+0000] {logging_mixin.py:190} INFO - [2025-04-03T17:57:01.007+0000] {dagbag.py:588} INFO - Filling up the DagBag from /home/airflow/.local/lib/python3.12/site-packages/airflow/example_dags/example_setup_teardown_taskflow.py
[2025-04-03T17:57:01.017+0000] {processor.py:925} INFO - DAG(s) 'example_setup_teardown_taskflow' retrieved from /home/airflow/.local/lib/python3.12/site-packages/airflow/example_dags/example_setup_teardown_taskflow.py
[2025-04-03T17:57:01.037+0000] {logging_mixin.py:190} INFO - [2025-04-03T17:57:01.036+0000] {dag.py:3239} INFO - Sync 1 DAGs
[2025-04-03T17:57:01.051+0000] {logging_mixin.py:190} INFO - [2025-04-03T17:57:01.051+0000] {dag.py:4180} INFO - Setting next_dagrun for example_setup_teardown_taskflow to None, run_after=None
[2025-04-03T17:57:01.065+0000] {processor.py:208} INFO - Processing /home/airflow/.local/lib/python3.12/site-packages/airflow/example_dags/example_setup_teardown_taskflow.py took 0.067 seconds
[2025-04-03T17:57:32.331+0000] {processor.py:186} INFO - Started process (PID=826) to work on /home/airflow/.local/lib/python3.12/site-packages/airflow/example_dags/example_setup_teardown_taskflow.py
[2025-04-03T17:57:32.332+0000] {processor.py:914} INFO - Processing file /home/airflow/.local/lib/python3.12/site-packages/airflow/example_dags/example_setup_teardown_taskflow.py for tasks to queue
[2025-04-03T17:57:32.335+0000] {logging_mixin.py:190} INFO - [2025-04-03T17:57:32.334+0000] {dagbag.py:588} INFO - Filling up the DagBag from /home/airflow/.local/lib/python3.12/site-packages/airflow/example_dags/example_setup_teardown_taskflow.py
[2025-04-03T17:57:32.344+0000] {processor.py:925} INFO - DAG(s) 'example_setup_teardown_taskflow' retrieved from /home/airflow/.local/lib/python3.12/site-packages/airflow/example_dags/example_setup_teardown_taskflow.py
[2025-04-03T17:57:32.366+0000] {logging_mixin.py:190} INFO - [2025-04-03T17:57:32.366+0000] {dag.py:3239} INFO - Sync 1 DAGs
[2025-04-03T17:57:32.379+0000] {logging_mixin.py:190} INFO - [2025-04-03T17:57:32.379+0000] {dag.py:4180} INFO - Setting next_dagrun for example_setup_teardown_taskflow to None, run_after=None
[2025-04-03T17:57:32.397+0000] {processor.py:208} INFO - Processing /home/airflow/.local/lib/python3.12/site-packages/airflow/example_dags/example_setup_teardown_taskflow.py took 0.070 seconds
[2025-04-03T17:58:03.754+0000] {processor.py:186} INFO - Started process (PID=891) to work on /home/airflow/.local/lib/python3.12/site-packages/airflow/example_dags/example_setup_teardown_taskflow.py
[2025-04-03T17:58:03.755+0000] {processor.py:914} INFO - Processing file /home/airflow/.local/lib/python3.12/site-packages/airflow/example_dags/example_setup_teardown_taskflow.py for tasks to queue
[2025-04-03T17:58:03.759+0000] {logging_mixin.py:190} INFO - [2025-04-03T17:58:03.758+0000] {dagbag.py:588} INFO - Filling up the DagBag from /home/airflow/.local/lib/python3.12/site-packages/airflow/example_dags/example_setup_teardown_taskflow.py
[2025-04-03T17:58:03.768+0000] {processor.py:925} INFO - DAG(s) 'example_setup_teardown_taskflow' retrieved from /home/airflow/.local/lib/python3.12/site-packages/airflow/example_dags/example_setup_teardown_taskflow.py
[2025-04-03T17:58:03.790+0000] {logging_mixin.py:190} INFO - [2025-04-03T17:58:03.790+0000] {dag.py:3239} INFO - Sync 1 DAGs
[2025-04-03T17:58:03.804+0000] {logging_mixin.py:190} INFO - [2025-04-03T17:58:03.804+0000] {dag.py:4180} INFO - Setting next_dagrun for example_setup_teardown_taskflow to None, run_after=None
[2025-04-03T17:58:03.822+0000] {processor.py:208} INFO - Processing /home/airflow/.local/lib/python3.12/site-packages/airflow/example_dags/example_setup_teardown_taskflow.py took 0.076 seconds
[2025-04-03T17:58:34.690+0000] {processor.py:186} INFO - Started process (PID=956) to work on /home/airflow/.local/lib/python3.12/site-packages/airflow/example_dags/example_setup_teardown_taskflow.py
[2025-04-03T17:58:34.691+0000] {processor.py:914} INFO - Processing file /home/airflow/.local/lib/python3.12/site-packages/airflow/example_dags/example_setup_teardown_taskflow.py for tasks to queue
[2025-04-03T17:58:34.694+0000] {logging_mixin.py:190} INFO - [2025-04-03T17:58:34.694+0000] {dagbag.py:588} INFO - Filling up the DagBag from /home/airflow/.local/lib/python3.12/site-packages/airflow/example_dags/example_setup_teardown_taskflow.py
[2025-04-03T17:58:34.704+0000] {processor.py:925} INFO - DAG(s) 'example_setup_teardown_taskflow' retrieved from /home/airflow/.local/lib/python3.12/site-packages/airflow/example_dags/example_setup_teardown_taskflow.py
[2025-04-03T17:58:34.726+0000] {logging_mixin.py:190} INFO - [2025-04-03T17:58:34.726+0000] {dag.py:3239} INFO - Sync 1 DAGs
[2025-04-03T17:58:34.740+0000] {logging_mixin.py:190} INFO - [2025-04-03T17:58:34.740+0000] {dag.py:4180} INFO - Setting next_dagrun for example_setup_teardown_taskflow to None, run_after=None
[2025-04-03T17:58:34.754+0000] {processor.py:208} INFO - Processing /home/airflow/.local/lib/python3.12/site-packages/airflow/example_dags/example_setup_teardown_taskflow.py took 0.073 seconds
[2025-04-03T17:59:06.134+0000] {processor.py:186} INFO - Started process (PID=1021) to work on /home/airflow/.local/lib/python3.12/site-packages/airflow/example_dags/example_setup_teardown_taskflow.py
[2025-04-03T17:59:06.136+0000] {processor.py:914} INFO - Processing file /home/airflow/.local/lib/python3.12/site-packages/airflow/example_dags/example_setup_teardown_taskflow.py for tasks to queue
[2025-04-03T17:59:06.139+0000] {logging_mixin.py:190} INFO - [2025-04-03T17:59:06.138+0000] {dagbag.py:588} INFO - Filling up the DagBag from /home/airflow/.local/lib/python3.12/site-packages/airflow/example_dags/example_setup_teardown_taskflow.py
[2025-04-03T17:59:06.148+0000] {processor.py:925} INFO - DAG(s) 'example_setup_teardown_taskflow' retrieved from /home/airflow/.local/lib/python3.12/site-packages/airflow/example_dags/example_setup_teardown_taskflow.py
[2025-04-03T17:59:06.169+0000] {logging_mixin.py:190} INFO - [2025-04-03T17:59:06.169+0000] {dag.py:3239} INFO - Sync 1 DAGs
[2025-04-03T17:59:06.183+0000] {logging_mixin.py:190} INFO - [2025-04-03T17:59:06.182+0000] {dag.py:4180} INFO - Setting next_dagrun for example_setup_teardown_taskflow to None, run_after=None
[2025-04-03T17:59:06.198+0000] {processor.py:208} INFO - Processing /home/airflow/.local/lib/python3.12/site-packages/airflow/example_dags/example_setup_teardown_taskflow.py took 0.072 seconds
[2025-04-03T17:59:37.494+0000] {processor.py:186} INFO - Started process (PID=1086) to work on /home/airflow/.local/lib/python3.12/site-packages/airflow/example_dags/example_setup_teardown_taskflow.py
[2025-04-03T17:59:37.495+0000] {processor.py:914} INFO - Processing file /home/airflow/.local/lib/python3.12/site-packages/airflow/example_dags/example_setup_teardown_taskflow.py for tasks to queue
[2025-04-03T17:59:37.498+0000] {logging_mixin.py:190} INFO - [2025-04-03T17:59:37.498+0000] {dagbag.py:588} INFO - Filling up the DagBag from /home/airflow/.local/lib/python3.12/site-packages/airflow/example_dags/example_setup_teardown_taskflow.py
[2025-04-03T17:59:37.510+0000] {processor.py:925} INFO - DAG(s) 'example_setup_teardown_taskflow' retrieved from /home/airflow/.local/lib/python3.12/site-packages/airflow/example_dags/example_setup_teardown_taskflow.py
[2025-04-03T17:59:37.542+0000] {logging_mixin.py:190} INFO - [2025-04-03T17:59:37.541+0000] {dag.py:3239} INFO - Sync 1 DAGs
[2025-04-03T17:59:37.559+0000] {logging_mixin.py:190} INFO - [2025-04-03T17:59:37.558+0000] {dag.py:4180} INFO - Setting next_dagrun for example_setup_teardown_taskflow to None, run_after=None
[2025-04-03T17:59:37.579+0000] {processor.py:208} INFO - Processing /home/airflow/.local/lib/python3.12/site-packages/airflow/example_dags/example_setup_teardown_taskflow.py took 0.095 seconds
[2025-04-03T18:00:08.669+0000] {processor.py:186} INFO - Started process (PID=1151) to work on /home/airflow/.local/lib/python3.12/site-packages/airflow/example_dags/example_setup_teardown_taskflow.py
[2025-04-03T18:00:08.670+0000] {processor.py:914} INFO - Processing file /home/airflow/.local/lib/python3.12/site-packages/airflow/example_dags/example_setup_teardown_taskflow.py for tasks to queue
[2025-04-03T18:00:08.673+0000] {logging_mixin.py:190} INFO - [2025-04-03T18:00:08.672+0000] {dagbag.py:588} INFO - Filling up the DagBag from /home/airflow/.local/lib/python3.12/site-packages/airflow/example_dags/example_setup_teardown_taskflow.py
[2025-04-03T18:00:08.683+0000] {processor.py:925} INFO - DAG(s) 'example_setup_teardown_taskflow' retrieved from /home/airflow/.local/lib/python3.12/site-packages/airflow/example_dags/example_setup_teardown_taskflow.py
[2025-04-03T18:00:08.707+0000] {logging_mixin.py:190} INFO - [2025-04-03T18:00:08.706+0000] {dag.py:3239} INFO - Sync 1 DAGs
[2025-04-03T18:00:08.722+0000] {logging_mixin.py:190} INFO - [2025-04-03T18:00:08.722+0000] {dag.py:4180} INFO - Setting next_dagrun for example_setup_teardown_taskflow to None, run_after=None
[2025-04-03T18:00:08.738+0000] {processor.py:208} INFO - Processing /home/airflow/.local/lib/python3.12/site-packages/airflow/example_dags/example_setup_teardown_taskflow.py took 0.075 seconds
[2025-04-03T18:00:39.085+0000] {processor.py:186} INFO - Started process (PID=1216) to work on /home/airflow/.local/lib/python3.12/site-packages/airflow/example_dags/example_setup_teardown_taskflow.py
[2025-04-03T18:00:39.088+0000] {processor.py:914} INFO - Processing file /home/airflow/.local/lib/python3.12/site-packages/airflow/example_dags/example_setup_teardown_taskflow.py for tasks to queue
[2025-04-03T18:00:39.090+0000] {logging_mixin.py:190} INFO - [2025-04-03T18:00:39.090+0000] {dagbag.py:588} INFO - Filling up the DagBag from /home/airflow/.local/lib/python3.12/site-packages/airflow/example_dags/example_setup_teardown_taskflow.py
[2025-04-03T18:00:39.099+0000] {processor.py:925} INFO - DAG(s) 'example_setup_teardown_taskflow' retrieved from /home/airflow/.local/lib/python3.12/site-packages/airflow/example_dags/example_setup_teardown_taskflow.py
[2025-04-03T18:00:39.121+0000] {logging_mixin.py:190} INFO - [2025-04-03T18:00:39.121+0000] {dag.py:3239} INFO - Sync 1 DAGs
[2025-04-03T18:00:39.135+0000] {logging_mixin.py:190} INFO - [2025-04-03T18:00:39.135+0000] {dag.py:4180} INFO - Setting next_dagrun for example_setup_teardown_taskflow to None, run_after=None
[2025-04-03T18:00:39.151+0000] {processor.py:208} INFO - Processing /home/airflow/.local/lib/python3.12/site-packages/airflow/example_dags/example_setup_teardown_taskflow.py took 0.075 seconds
[2025-04-03T18:01:11.035+0000] {processor.py:186} INFO - Started process (PID=1287) to work on /home/airflow/.local/lib/python3.12/site-packages/airflow/example_dags/example_setup_teardown_taskflow.py
[2025-04-03T18:01:11.038+0000] {processor.py:914} INFO - Processing file /home/airflow/.local/lib/python3.12/site-packages/airflow/example_dags/example_setup_teardown_taskflow.py for tasks to queue
[2025-04-03T18:01:11.041+0000] {logging_mixin.py:190} INFO - [2025-04-03T18:01:11.041+0000] {dagbag.py:588} INFO - Filling up the DagBag from /home/airflow/.local/lib/python3.12/site-packages/airflow/example_dags/example_setup_teardown_taskflow.py
[2025-04-03T18:01:11.051+0000] {processor.py:925} INFO - DAG(s) 'example_setup_teardown_taskflow' retrieved from /home/airflow/.local/lib/python3.12/site-packages/airflow/example_dags/example_setup_teardown_taskflow.py
[2025-04-03T18:01:11.069+0000] {logging_mixin.py:190} INFO - [2025-04-03T18:01:11.069+0000] {dag.py:3239} INFO - Sync 1 DAGs
[2025-04-03T18:01:11.082+0000] {logging_mixin.py:190} INFO - [2025-04-03T18:01:11.081+0000] {dag.py:4180} INFO - Setting next_dagrun for example_setup_teardown_taskflow to None, run_after=None
[2025-04-03T18:01:11.094+0000] {processor.py:208} INFO - Processing /home/airflow/.local/lib/python3.12/site-packages/airflow/example_dags/example_setup_teardown_taskflow.py took 0.069 seconds
[2025-04-03T18:01:41.956+0000] {processor.py:186} INFO - Started process (PID=1352) to work on /home/airflow/.local/lib/python3.12/site-packages/airflow/example_dags/example_setup_teardown_taskflow.py
[2025-04-03T18:01:41.959+0000] {processor.py:914} INFO - Processing file /home/airflow/.local/lib/python3.12/site-packages/airflow/example_dags/example_setup_teardown_taskflow.py for tasks to queue
[2025-04-03T18:01:41.963+0000] {logging_mixin.py:190} INFO - [2025-04-03T18:01:41.963+0000] {dagbag.py:588} INFO - Filling up the DagBag from /home/airflow/.local/lib/python3.12/site-packages/airflow/example_dags/example_setup_teardown_taskflow.py
[2025-04-03T18:01:41.973+0000] {processor.py:925} INFO - DAG(s) 'example_setup_teardown_taskflow' retrieved from /home/airflow/.local/lib/python3.12/site-packages/airflow/example_dags/example_setup_teardown_taskflow.py
[2025-04-03T18:01:41.995+0000] {logging_mixin.py:190} INFO - [2025-04-03T18:01:41.995+0000] {dag.py:3239} INFO - Sync 1 DAGs
[2025-04-03T18:01:42.009+0000] {logging_mixin.py:190} INFO - [2025-04-03T18:01:42.009+0000] {dag.py:4180} INFO - Setting next_dagrun for example_setup_teardown_taskflow to None, run_after=None
[2025-04-03T18:01:42.025+0000] {processor.py:208} INFO - Processing /home/airflow/.local/lib/python3.12/site-packages/airflow/example_dags/example_setup_teardown_taskflow.py took 0.077 seconds
[2025-04-03T18:02:12.806+0000] {processor.py:186} INFO - Started process (PID=1417) to work on /home/airflow/.local/lib/python3.12/site-packages/airflow/example_dags/example_setup_teardown_taskflow.py
[2025-04-03T18:02:12.808+0000] {processor.py:914} INFO - Processing file /home/airflow/.local/lib/python3.12/site-packages/airflow/example_dags/example_setup_teardown_taskflow.py for tasks to queue
[2025-04-03T18:02:12.811+0000] {logging_mixin.py:190} INFO - [2025-04-03T18:02:12.811+0000] {dagbag.py:588} INFO - Filling up the DagBag from /home/airflow/.local/lib/python3.12/site-packages/airflow/example_dags/example_setup_teardown_taskflow.py
[2025-04-03T18:02:12.820+0000] {processor.py:925} INFO - DAG(s) 'example_setup_teardown_taskflow' retrieved from /home/airflow/.local/lib/python3.12/site-packages/airflow/example_dags/example_setup_teardown_taskflow.py
[2025-04-03T18:02:12.841+0000] {logging_mixin.py:190} INFO - [2025-04-03T18:02:12.841+0000] {dag.py:3239} INFO - Sync 1 DAGs
[2025-04-03T18:02:12.855+0000] {logging_mixin.py:190} INFO - [2025-04-03T18:02:12.854+0000] {dag.py:4180} INFO - Setting next_dagrun for example_setup_teardown_taskflow to None, run_after=None
[2025-04-03T18:02:12.868+0000] {processor.py:208} INFO - Processing /home/airflow/.local/lib/python3.12/site-packages/airflow/example_dags/example_setup_teardown_taskflow.py took 0.071 seconds
[2025-04-03T18:02:43.386+0000] {processor.py:186} INFO - Started process (PID=1482) to work on /home/airflow/.local/lib/python3.12/site-packages/airflow/example_dags/example_setup_teardown_taskflow.py
[2025-04-03T18:02:43.387+0000] {processor.py:914} INFO - Processing file /home/airflow/.local/lib/python3.12/site-packages/airflow/example_dags/example_setup_teardown_taskflow.py for tasks to queue
[2025-04-03T18:02:43.390+0000] {logging_mixin.py:190} INFO - [2025-04-03T18:02:43.390+0000] {dagbag.py:588} INFO - Filling up the DagBag from /home/airflow/.local/lib/python3.12/site-packages/airflow/example_dags/example_setup_teardown_taskflow.py
[2025-04-03T18:02:43.400+0000] {processor.py:925} INFO - DAG(s) 'example_setup_teardown_taskflow' retrieved from /home/airflow/.local/lib/python3.12/site-packages/airflow/example_dags/example_setup_teardown_taskflow.py
[2025-04-03T18:02:43.421+0000] {logging_mixin.py:190} INFO - [2025-04-03T18:02:43.421+0000] {dag.py:3239} INFO - Sync 1 DAGs
[2025-04-03T18:02:43.435+0000] {logging_mixin.py:190} INFO - [2025-04-03T18:02:43.435+0000] {dag.py:4180} INFO - Setting next_dagrun for example_setup_teardown_taskflow to None, run_after=None
[2025-04-03T18:02:43.451+0000] {processor.py:208} INFO - Processing /home/airflow/.local/lib/python3.12/site-packages/airflow/example_dags/example_setup_teardown_taskflow.py took 0.074 seconds
[2025-04-03T18:03:15.600+0000] {processor.py:186} INFO - Started process (PID=1547) to work on /home/airflow/.local/lib/python3.12/site-packages/airflow/example_dags/example_setup_teardown_taskflow.py
[2025-04-03T18:03:15.603+0000] {processor.py:914} INFO - Processing file /home/airflow/.local/lib/python3.12/site-packages/airflow/example_dags/example_setup_teardown_taskflow.py for tasks to queue
[2025-04-03T18:03:15.605+0000] {logging_mixin.py:190} INFO - [2025-04-03T18:03:15.605+0000] {dagbag.py:588} INFO - Filling up the DagBag from /home/airflow/.local/lib/python3.12/site-packages/airflow/example_dags/example_setup_teardown_taskflow.py
[2025-04-03T18:03:15.615+0000] {processor.py:925} INFO - DAG(s) 'example_setup_teardown_taskflow' retrieved from /home/airflow/.local/lib/python3.12/site-packages/airflow/example_dags/example_setup_teardown_taskflow.py
[2025-04-03T18:03:15.636+0000] {logging_mixin.py:190} INFO - [2025-04-03T18:03:15.636+0000] {dag.py:3239} INFO - Sync 1 DAGs
[2025-04-03T18:03:15.650+0000] {logging_mixin.py:190} INFO - [2025-04-03T18:03:15.650+0000] {dag.py:4180} INFO - Setting next_dagrun for example_setup_teardown_taskflow to None, run_after=None
[2025-04-03T18:03:15.922+0000] {processor.py:208} INFO - Processing /home/airflow/.local/lib/python3.12/site-packages/airflow/example_dags/example_setup_teardown_taskflow.py took 0.326 seconds
[2025-04-03T18:03:46.281+0000] {processor.py:186} INFO - Started process (PID=1612) to work on /home/airflow/.local/lib/python3.12/site-packages/airflow/example_dags/example_setup_teardown_taskflow.py
[2025-04-03T18:03:46.285+0000] {processor.py:914} INFO - Processing file /home/airflow/.local/lib/python3.12/site-packages/airflow/example_dags/example_setup_teardown_taskflow.py for tasks to queue
[2025-04-03T18:03:46.288+0000] {logging_mixin.py:190} INFO - [2025-04-03T18:03:46.288+0000] {dagbag.py:588} INFO - Filling up the DagBag from /home/airflow/.local/lib/python3.12/site-packages/airflow/example_dags/example_setup_teardown_taskflow.py
[2025-04-03T18:03:46.299+0000] {processor.py:925} INFO - DAG(s) 'example_setup_teardown_taskflow' retrieved from /home/airflow/.local/lib/python3.12/site-packages/airflow/example_dags/example_setup_teardown_taskflow.py
[2025-04-03T18:03:46.321+0000] {logging_mixin.py:190} INFO - [2025-04-03T18:03:46.321+0000] {dag.py:3239} INFO - Sync 1 DAGs
[2025-04-03T18:03:46.335+0000] {logging_mixin.py:190} INFO - [2025-04-03T18:03:46.335+0000] {dag.py:4180} INFO - Setting next_dagrun for example_setup_teardown_taskflow to None, run_after=None
[2025-04-03T18:03:46.349+0000] {processor.py:208} INFO - Processing /home/airflow/.local/lib/python3.12/site-packages/airflow/example_dags/example_setup_teardown_taskflow.py took 0.076 seconds
[2025-04-03T18:04:17.139+0000] {processor.py:186} INFO - Started process (PID=1677) to work on /home/airflow/.local/lib/python3.12/site-packages/airflow/example_dags/example_setup_teardown_taskflow.py
[2025-04-03T18:04:17.140+0000] {processor.py:914} INFO - Processing file /home/airflow/.local/lib/python3.12/site-packages/airflow/example_dags/example_setup_teardown_taskflow.py for tasks to queue
[2025-04-03T18:04:17.143+0000] {logging_mixin.py:190} INFO - [2025-04-03T18:04:17.142+0000] {dagbag.py:588} INFO - Filling up the DagBag from /home/airflow/.local/lib/python3.12/site-packages/airflow/example_dags/example_setup_teardown_taskflow.py
[2025-04-03T18:04:17.152+0000] {processor.py:925} INFO - DAG(s) 'example_setup_teardown_taskflow' retrieved from /home/airflow/.local/lib/python3.12/site-packages/airflow/example_dags/example_setup_teardown_taskflow.py
[2025-04-03T18:04:17.173+0000] {logging_mixin.py:190} INFO - [2025-04-03T18:04:17.172+0000] {dag.py:3239} INFO - Sync 1 DAGs
[2025-04-03T18:04:17.186+0000] {logging_mixin.py:190} INFO - [2025-04-03T18:04:17.186+0000] {dag.py:4180} INFO - Setting next_dagrun for example_setup_teardown_taskflow to None, run_after=None
[2025-04-03T18:04:17.200+0000] {processor.py:208} INFO - Processing /home/airflow/.local/lib/python3.12/site-packages/airflow/example_dags/example_setup_teardown_taskflow.py took 0.065 seconds
[2025-04-03T18:04:48.042+0000] {processor.py:186} INFO - Started process (PID=1741) to work on /home/airflow/.local/lib/python3.12/site-packages/airflow/example_dags/example_setup_teardown_taskflow.py
[2025-04-03T18:04:48.044+0000] {processor.py:914} INFO - Processing file /home/airflow/.local/lib/python3.12/site-packages/airflow/example_dags/example_setup_teardown_taskflow.py for tasks to queue
[2025-04-03T18:04:48.047+0000] {logging_mixin.py:190} INFO - [2025-04-03T18:04:48.047+0000] {dagbag.py:588} INFO - Filling up the DagBag from /home/airflow/.local/lib/python3.12/site-packages/airflow/example_dags/example_setup_teardown_taskflow.py
[2025-04-03T18:04:48.058+0000] {processor.py:925} INFO - DAG(s) 'example_setup_teardown_taskflow' retrieved from /home/airflow/.local/lib/python3.12/site-packages/airflow/example_dags/example_setup_teardown_taskflow.py
[2025-04-03T18:04:48.348+0000] {logging_mixin.py:190} INFO - [2025-04-03T18:04:48.348+0000] {dag.py:3239} INFO - Sync 1 DAGs
[2025-04-03T18:04:48.359+0000] {logging_mixin.py:190} INFO - [2025-04-03T18:04:48.358+0000] {dag.py:4180} INFO - Setting next_dagrun for example_setup_teardown_taskflow to None, run_after=None
[2025-04-03T18:04:48.371+0000] {processor.py:208} INFO - Processing /home/airflow/.local/lib/python3.12/site-packages/airflow/example_dags/example_setup_teardown_taskflow.py took 0.336 seconds
[2025-04-03T18:05:19.743+0000] {processor.py:186} INFO - Started process (PID=1806) to work on /home/airflow/.local/lib/python3.12/site-packages/airflow/example_dags/example_setup_teardown_taskflow.py
[2025-04-03T18:05:19.744+0000] {processor.py:914} INFO - Processing file /home/airflow/.local/lib/python3.12/site-packages/airflow/example_dags/example_setup_teardown_taskflow.py for tasks to queue
[2025-04-03T18:05:19.746+0000] {logging_mixin.py:190} INFO - [2025-04-03T18:05:19.746+0000] {dagbag.py:588} INFO - Filling up the DagBag from /home/airflow/.local/lib/python3.12/site-packages/airflow/example_dags/example_setup_teardown_taskflow.py
[2025-04-03T18:05:19.756+0000] {processor.py:925} INFO - DAG(s) 'example_setup_teardown_taskflow' retrieved from /home/airflow/.local/lib/python3.12/site-packages/airflow/example_dags/example_setup_teardown_taskflow.py
[2025-04-03T18:05:19.777+0000] {logging_mixin.py:190} INFO - [2025-04-03T18:05:19.777+0000] {dag.py:3239} INFO - Sync 1 DAGs
[2025-04-03T18:05:20.052+0000] {logging_mixin.py:190} INFO - [2025-04-03T18:05:20.052+0000] {dag.py:4180} INFO - Setting next_dagrun for example_setup_teardown_taskflow to None, run_after=None
[2025-04-03T18:05:20.066+0000] {processor.py:208} INFO - Processing /home/airflow/.local/lib/python3.12/site-packages/airflow/example_dags/example_setup_teardown_taskflow.py took 0.328 seconds
[2025-04-03T18:05:50.355+0000] {processor.py:186} INFO - Started process (PID=1871) to work on /home/airflow/.local/lib/python3.12/site-packages/airflow/example_dags/example_setup_teardown_taskflow.py
[2025-04-03T18:05:50.356+0000] {processor.py:914} INFO - Processing file /home/airflow/.local/lib/python3.12/site-packages/airflow/example_dags/example_setup_teardown_taskflow.py for tasks to queue
[2025-04-03T18:05:50.360+0000] {logging_mixin.py:190} INFO - [2025-04-03T18:05:50.359+0000] {dagbag.py:588} INFO - Filling up the DagBag from /home/airflow/.local/lib/python3.12/site-packages/airflow/example_dags/example_setup_teardown_taskflow.py
[2025-04-03T18:05:50.369+0000] {processor.py:925} INFO - DAG(s) 'example_setup_teardown_taskflow' retrieved from /home/airflow/.local/lib/python3.12/site-packages/airflow/example_dags/example_setup_teardown_taskflow.py
[2025-04-03T18:05:50.390+0000] {logging_mixin.py:190} INFO - [2025-04-03T18:05:50.390+0000] {dag.py:3239} INFO - Sync 1 DAGs
[2025-04-03T18:05:50.669+0000] {logging_mixin.py:190} INFO - [2025-04-03T18:05:50.668+0000] {dag.py:4180} INFO - Setting next_dagrun for example_setup_teardown_taskflow to None, run_after=None
[2025-04-03T18:05:50.681+0000] {processor.py:208} INFO - Processing /home/airflow/.local/lib/python3.12/site-packages/airflow/example_dags/example_setup_teardown_taskflow.py took 0.334 seconds
[2025-04-03T18:06:21.410+0000] {processor.py:186} INFO - Started process (PID=1936) to work on /home/airflow/.local/lib/python3.12/site-packages/airflow/example_dags/example_setup_teardown_taskflow.py
[2025-04-03T18:06:21.411+0000] {processor.py:914} INFO - Processing file /home/airflow/.local/lib/python3.12/site-packages/airflow/example_dags/example_setup_teardown_taskflow.py for tasks to queue
[2025-04-03T18:06:21.414+0000] {logging_mixin.py:190} INFO - [2025-04-03T18:06:21.414+0000] {dagbag.py:588} INFO - Filling up the DagBag from /home/airflow/.local/lib/python3.12/site-packages/airflow/example_dags/example_setup_teardown_taskflow.py
[2025-04-03T18:06:21.423+0000] {processor.py:925} INFO - DAG(s) 'example_setup_teardown_taskflow' retrieved from /home/airflow/.local/lib/python3.12/site-packages/airflow/example_dags/example_setup_teardown_taskflow.py
[2025-04-03T18:06:21.441+0000] {logging_mixin.py:190} INFO - [2025-04-03T18:06:21.441+0000] {dag.py:3239} INFO - Sync 1 DAGs
[2025-04-03T18:06:21.453+0000] {logging_mixin.py:190} INFO - [2025-04-03T18:06:21.453+0000] {dag.py:4180} INFO - Setting next_dagrun for example_setup_teardown_taskflow to None, run_after=None
[2025-04-03T18:06:21.468+0000] {processor.py:208} INFO - Processing /home/airflow/.local/lib/python3.12/site-packages/airflow/example_dags/example_setup_teardown_taskflow.py took 0.066 seconds
[2025-04-03T18:06:52.033+0000] {processor.py:186} INFO - Started process (PID=2001) to work on /home/airflow/.local/lib/python3.12/site-packages/airflow/example_dags/example_setup_teardown_taskflow.py
[2025-04-03T18:06:52.037+0000] {processor.py:914} INFO - Processing file /home/airflow/.local/lib/python3.12/site-packages/airflow/example_dags/example_setup_teardown_taskflow.py for tasks to queue
[2025-04-03T18:06:52.041+0000] {logging_mixin.py:190} INFO - [2025-04-03T18:06:52.040+0000] {dagbag.py:588} INFO - Filling up the DagBag from /home/airflow/.local/lib/python3.12/site-packages/airflow/example_dags/example_setup_teardown_taskflow.py
[2025-04-03T18:06:52.051+0000] {processor.py:925} INFO - DAG(s) 'example_setup_teardown_taskflow' retrieved from /home/airflow/.local/lib/python3.12/site-packages/airflow/example_dags/example_setup_teardown_taskflow.py
[2025-04-03T18:06:52.075+0000] {logging_mixin.py:190} INFO - [2025-04-03T18:06:52.075+0000] {dag.py:3239} INFO - Sync 1 DAGs
[2025-04-03T18:06:52.089+0000] {logging_mixin.py:190} INFO - [2025-04-03T18:06:52.089+0000] {dag.py:4180} INFO - Setting next_dagrun for example_setup_teardown_taskflow to None, run_after=None
[2025-04-03T18:06:52.106+0000] {processor.py:208} INFO - Processing /home/airflow/.local/lib/python3.12/site-packages/airflow/example_dags/example_setup_teardown_taskflow.py took 0.081 seconds
[2025-04-03T18:07:22.633+0000] {processor.py:186} INFO - Started process (PID=2066) to work on /home/airflow/.local/lib/python3.12/site-packages/airflow/example_dags/example_setup_teardown_taskflow.py
[2025-04-03T18:07:22.634+0000] {processor.py:914} INFO - Processing file /home/airflow/.local/lib/python3.12/site-packages/airflow/example_dags/example_setup_teardown_taskflow.py for tasks to queue
[2025-04-03T18:07:22.636+0000] {logging_mixin.py:190} INFO - [2025-04-03T18:07:22.635+0000] {dagbag.py:588} INFO - Filling up the DagBag from /home/airflow/.local/lib/python3.12/site-packages/airflow/example_dags/example_setup_teardown_taskflow.py
[2025-04-03T18:07:22.644+0000] {processor.py:925} INFO - DAG(s) 'example_setup_teardown_taskflow' retrieved from /home/airflow/.local/lib/python3.12/site-packages/airflow/example_dags/example_setup_teardown_taskflow.py
[2025-04-03T18:07:22.665+0000] {logging_mixin.py:190} INFO - [2025-04-03T18:07:22.664+0000] {dag.py:3239} INFO - Sync 1 DAGs
[2025-04-03T18:07:22.678+0000] {logging_mixin.py:190} INFO - [2025-04-03T18:07:22.678+0000] {dag.py:4180} INFO - Setting next_dagrun for example_setup_teardown_taskflow to None, run_after=None
[2025-04-03T18:07:22.692+0000] {processor.py:208} INFO - Processing /home/airflow/.local/lib/python3.12/site-packages/airflow/example_dags/example_setup_teardown_taskflow.py took 0.065 seconds
[2025-04-03T18:07:53.097+0000] {processor.py:186} INFO - Started process (PID=2131) to work on /home/airflow/.local/lib/python3.12/site-packages/airflow/example_dags/example_setup_teardown_taskflow.py
[2025-04-03T18:07:53.098+0000] {processor.py:914} INFO - Processing file /home/airflow/.local/lib/python3.12/site-packages/airflow/example_dags/example_setup_teardown_taskflow.py for tasks to queue
[2025-04-03T18:07:53.100+0000] {logging_mixin.py:190} INFO - [2025-04-03T18:07:53.100+0000] {dagbag.py:588} INFO - Filling up the DagBag from /home/airflow/.local/lib/python3.12/site-packages/airflow/example_dags/example_setup_teardown_taskflow.py
[2025-04-03T18:07:53.109+0000] {processor.py:925} INFO - DAG(s) 'example_setup_teardown_taskflow' retrieved from /home/airflow/.local/lib/python3.12/site-packages/airflow/example_dags/example_setup_teardown_taskflow.py
[2025-04-03T18:07:53.130+0000] {logging_mixin.py:190} INFO - [2025-04-03T18:07:53.129+0000] {dag.py:3239} INFO - Sync 1 DAGs
[2025-04-03T18:07:53.143+0000] {logging_mixin.py:190} INFO - [2025-04-03T18:07:53.143+0000] {dag.py:4180} INFO - Setting next_dagrun for example_setup_teardown_taskflow to None, run_after=None
[2025-04-03T18:07:53.156+0000] {processor.py:208} INFO - Processing /home/airflow/.local/lib/python3.12/site-packages/airflow/example_dags/example_setup_teardown_taskflow.py took 0.064 seconds
[2025-04-03T18:08:23.579+0000] {processor.py:186} INFO - Started process (PID=2196) to work on /home/airflow/.local/lib/python3.12/site-packages/airflow/example_dags/example_setup_teardown_taskflow.py
[2025-04-03T18:08:23.582+0000] {processor.py:914} INFO - Processing file /home/airflow/.local/lib/python3.12/site-packages/airflow/example_dags/example_setup_teardown_taskflow.py for tasks to queue
[2025-04-03T18:08:23.585+0000] {logging_mixin.py:190} INFO - [2025-04-03T18:08:23.585+0000] {dagbag.py:588} INFO - Filling up the DagBag from /home/airflow/.local/lib/python3.12/site-packages/airflow/example_dags/example_setup_teardown_taskflow.py
[2025-04-03T18:08:23.596+0000] {processor.py:925} INFO - DAG(s) 'example_setup_teardown_taskflow' retrieved from /home/airflow/.local/lib/python3.12/site-packages/airflow/example_dags/example_setup_teardown_taskflow.py
[2025-04-03T18:08:23.616+0000] {logging_mixin.py:190} INFO - [2025-04-03T18:08:23.616+0000] {dag.py:3239} INFO - Sync 1 DAGs
[2025-04-03T18:08:23.630+0000] {logging_mixin.py:190} INFO - [2025-04-03T18:08:23.629+0000] {dag.py:4180} INFO - Setting next_dagrun for example_setup_teardown_taskflow to None, run_after=None
[2025-04-03T18:08:23.643+0000] {processor.py:208} INFO - Processing /home/airflow/.local/lib/python3.12/site-packages/airflow/example_dags/example_setup_teardown_taskflow.py took 0.071 seconds
[2025-04-03T18:08:54.003+0000] {processor.py:186} INFO - Started process (PID=2261) to work on /home/airflow/.local/lib/python3.12/site-packages/airflow/example_dags/example_setup_teardown_taskflow.py
[2025-04-03T18:08:54.003+0000] {processor.py:914} INFO - Processing file /home/airflow/.local/lib/python3.12/site-packages/airflow/example_dags/example_setup_teardown_taskflow.py for tasks to queue
[2025-04-03T18:08:54.005+0000] {logging_mixin.py:190} INFO - [2025-04-03T18:08:54.005+0000] {dagbag.py:588} INFO - Filling up the DagBag from /home/airflow/.local/lib/python3.12/site-packages/airflow/example_dags/example_setup_teardown_taskflow.py
[2025-04-03T18:08:54.013+0000] {processor.py:925} INFO - DAG(s) 'example_setup_teardown_taskflow' retrieved from /home/airflow/.local/lib/python3.12/site-packages/airflow/example_dags/example_setup_teardown_taskflow.py
[2025-04-03T18:08:54.031+0000] {logging_mixin.py:190} INFO - [2025-04-03T18:08:54.031+0000] {dag.py:3239} INFO - Sync 1 DAGs
[2025-04-03T18:08:54.043+0000] {logging_mixin.py:190} INFO - [2025-04-03T18:08:54.043+0000] {dag.py:4180} INFO - Setting next_dagrun for example_setup_teardown_taskflow to None, run_after=None
[2025-04-03T18:08:54.055+0000] {processor.py:208} INFO - Processing /home/airflow/.local/lib/python3.12/site-packages/airflow/example_dags/example_setup_teardown_taskflow.py took 0.056 seconds
[2025-04-03T18:09:24.337+0000] {processor.py:186} INFO - Started process (PID=2326) to work on /home/airflow/.local/lib/python3.12/site-packages/airflow/example_dags/example_setup_teardown_taskflow.py
[2025-04-03T18:09:24.339+0000] {processor.py:914} INFO - Processing file /home/airflow/.local/lib/python3.12/site-packages/airflow/example_dags/example_setup_teardown_taskflow.py for tasks to queue
[2025-04-03T18:09:24.342+0000] {logging_mixin.py:190} INFO - [2025-04-03T18:09:24.341+0000] {dagbag.py:588} INFO - Filling up the DagBag from /home/airflow/.local/lib/python3.12/site-packages/airflow/example_dags/example_setup_teardown_taskflow.py
[2025-04-03T18:09:24.350+0000] {processor.py:925} INFO - DAG(s) 'example_setup_teardown_taskflow' retrieved from /home/airflow/.local/lib/python3.12/site-packages/airflow/example_dags/example_setup_teardown_taskflow.py
[2025-04-03T18:09:24.367+0000] {logging_mixin.py:190} INFO - [2025-04-03T18:09:24.367+0000] {dag.py:3239} INFO - Sync 1 DAGs
[2025-04-03T18:09:24.379+0000] {logging_mixin.py:190} INFO - [2025-04-03T18:09:24.378+0000] {dag.py:4180} INFO - Setting next_dagrun for example_setup_teardown_taskflow to None, run_after=None
[2025-04-03T18:09:24.394+0000] {processor.py:208} INFO - Processing /home/airflow/.local/lib/python3.12/site-packages/airflow/example_dags/example_setup_teardown_taskflow.py took 0.064 seconds
[2025-04-03T18:09:54.809+0000] {processor.py:186} INFO - Started process (PID=2391) to work on /home/airflow/.local/lib/python3.12/site-packages/airflow/example_dags/example_setup_teardown_taskflow.py
[2025-04-03T18:09:54.810+0000] {processor.py:914} INFO - Processing file /home/airflow/.local/lib/python3.12/site-packages/airflow/example_dags/example_setup_teardown_taskflow.py for tasks to queue
[2025-04-03T18:09:54.812+0000] {logging_mixin.py:190} INFO - [2025-04-03T18:09:54.812+0000] {dagbag.py:588} INFO - Filling up the DagBag from /home/airflow/.local/lib/python3.12/site-packages/airflow/example_dags/example_setup_teardown_taskflow.py
[2025-04-03T18:09:54.821+0000] {processor.py:925} INFO - DAG(s) 'example_setup_teardown_taskflow' retrieved from /home/airflow/.local/lib/python3.12/site-packages/airflow/example_dags/example_setup_teardown_taskflow.py
[2025-04-03T18:09:54.841+0000] {logging_mixin.py:190} INFO - [2025-04-03T18:09:54.841+0000] {dag.py:3239} INFO - Sync 1 DAGs
[2025-04-03T18:09:54.854+0000] {logging_mixin.py:190} INFO - [2025-04-03T18:09:54.854+0000] {dag.py:4180} INFO - Setting next_dagrun for example_setup_teardown_taskflow to None, run_after=None
[2025-04-03T18:09:54.868+0000] {processor.py:208} INFO - Processing /home/airflow/.local/lib/python3.12/site-packages/airflow/example_dags/example_setup_teardown_taskflow.py took 0.065 seconds
[2025-04-03T18:10:25.231+0000] {processor.py:186} INFO - Started process (PID=2456) to work on /home/airflow/.local/lib/python3.12/site-packages/airflow/example_dags/example_setup_teardown_taskflow.py
[2025-04-03T18:10:25.234+0000] {processor.py:914} INFO - Processing file /home/airflow/.local/lib/python3.12/site-packages/airflow/example_dags/example_setup_teardown_taskflow.py for tasks to queue
[2025-04-03T18:10:25.237+0000] {logging_mixin.py:190} INFO - [2025-04-03T18:10:25.237+0000] {dagbag.py:588} INFO - Filling up the DagBag from /home/airflow/.local/lib/python3.12/site-packages/airflow/example_dags/example_setup_teardown_taskflow.py
[2025-04-03T18:10:25.247+0000] {processor.py:925} INFO - DAG(s) 'example_setup_teardown_taskflow' retrieved from /home/airflow/.local/lib/python3.12/site-packages/airflow/example_dags/example_setup_teardown_taskflow.py
[2025-04-03T18:10:25.267+0000] {logging_mixin.py:190} INFO - [2025-04-03T18:10:25.267+0000] {dag.py:3239} INFO - Sync 1 DAGs
[2025-04-03T18:10:25.280+0000] {logging_mixin.py:190} INFO - [2025-04-03T18:10:25.279+0000] {dag.py:4180} INFO - Setting next_dagrun for example_setup_teardown_taskflow to None, run_after=None
[2025-04-03T18:10:25.292+0000] {processor.py:208} INFO - Processing /home/airflow/.local/lib/python3.12/site-packages/airflow/example_dags/example_setup_teardown_taskflow.py took 0.069 seconds
[2025-04-03T18:10:55.767+0000] {processor.py:186} INFO - Started process (PID=2521) to work on /home/airflow/.local/lib/python3.12/site-packages/airflow/example_dags/example_setup_teardown_taskflow.py
[2025-04-03T18:10:55.768+0000] {processor.py:914} INFO - Processing file /home/airflow/.local/lib/python3.12/site-packages/airflow/example_dags/example_setup_teardown_taskflow.py for tasks to queue
[2025-04-03T18:10:55.770+0000] {logging_mixin.py:190} INFO - [2025-04-03T18:10:55.770+0000] {dagbag.py:588} INFO - Filling up the DagBag from /home/airflow/.local/lib/python3.12/site-packages/airflow/example_dags/example_setup_teardown_taskflow.py
[2025-04-03T18:10:55.780+0000] {processor.py:925} INFO - DAG(s) 'example_setup_teardown_taskflow' retrieved from /home/airflow/.local/lib/python3.12/site-packages/airflow/example_dags/example_setup_teardown_taskflow.py
[2025-04-03T18:10:55.804+0000] {logging_mixin.py:190} INFO - [2025-04-03T18:10:55.803+0000] {dag.py:3239} INFO - Sync 1 DAGs
[2025-04-03T18:10:55.816+0000] {logging_mixin.py:190} INFO - [2025-04-03T18:10:55.816+0000] {dag.py:4180} INFO - Setting next_dagrun for example_setup_teardown_taskflow to None, run_after=None
[2025-04-03T18:10:55.829+0000] {processor.py:208} INFO - Processing /home/airflow/.local/lib/python3.12/site-packages/airflow/example_dags/example_setup_teardown_taskflow.py took 0.068 seconds
[2025-04-03T18:11:26.242+0000] {processor.py:186} INFO - Started process (PID=2586) to work on /home/airflow/.local/lib/python3.12/site-packages/airflow/example_dags/example_setup_teardown_taskflow.py
[2025-04-03T18:11:26.242+0000] {processor.py:914} INFO - Processing file /home/airflow/.local/lib/python3.12/site-packages/airflow/example_dags/example_setup_teardown_taskflow.py for tasks to queue
[2025-04-03T18:11:26.244+0000] {logging_mixin.py:190} INFO - [2025-04-03T18:11:26.244+0000] {dagbag.py:588} INFO - Filling up the DagBag from /home/airflow/.local/lib/python3.12/site-packages/airflow/example_dags/example_setup_teardown_taskflow.py
[2025-04-03T18:11:26.252+0000] {processor.py:925} INFO - DAG(s) 'example_setup_teardown_taskflow' retrieved from /home/airflow/.local/lib/python3.12/site-packages/airflow/example_dags/example_setup_teardown_taskflow.py
[2025-04-03T18:11:26.271+0000] {logging_mixin.py:190} INFO - [2025-04-03T18:11:26.271+0000] {dag.py:3239} INFO - Sync 1 DAGs
[2025-04-03T18:11:26.282+0000] {logging_mixin.py:190} INFO - [2025-04-03T18:11:26.282+0000] {dag.py:4180} INFO - Setting next_dagrun for example_setup_teardown_taskflow to None, run_after=None
[2025-04-03T18:11:26.294+0000] {processor.py:208} INFO - Processing /home/airflow/.local/lib/python3.12/site-packages/airflow/example_dags/example_setup_teardown_taskflow.py took 0.057 seconds
[2025-04-03T18:11:56.817+0000] {processor.py:186} INFO - Started process (PID=2651) to work on /home/airflow/.local/lib/python3.12/site-packages/airflow/example_dags/example_setup_teardown_taskflow.py
[2025-04-03T18:11:56.818+0000] {processor.py:914} INFO - Processing file /home/airflow/.local/lib/python3.12/site-packages/airflow/example_dags/example_setup_teardown_taskflow.py for tasks to queue
[2025-04-03T18:11:56.821+0000] {logging_mixin.py:190} INFO - [2025-04-03T18:11:56.821+0000] {dagbag.py:588} INFO - Filling up the DagBag from /home/airflow/.local/lib/python3.12/site-packages/airflow/example_dags/example_setup_teardown_taskflow.py
[2025-04-03T18:11:56.830+0000] {processor.py:925} INFO - DAG(s) 'example_setup_teardown_taskflow' retrieved from /home/airflow/.local/lib/python3.12/site-packages/airflow/example_dags/example_setup_teardown_taskflow.py
[2025-04-03T18:11:56.851+0000] {logging_mixin.py:190} INFO - [2025-04-03T18:11:56.851+0000] {dag.py:3239} INFO - Sync 1 DAGs
[2025-04-03T18:11:56.864+0000] {logging_mixin.py:190} INFO - [2025-04-03T18:11:56.864+0000] {dag.py:4180} INFO - Setting next_dagrun for example_setup_teardown_taskflow to None, run_after=None
[2025-04-03T18:11:56.878+0000] {processor.py:208} INFO - Processing /home/airflow/.local/lib/python3.12/site-packages/airflow/example_dags/example_setup_teardown_taskflow.py took 0.070 seconds
[2025-04-03T18:12:27.300+0000] {processor.py:186} INFO - Started process (PID=2716) to work on /home/airflow/.local/lib/python3.12/site-packages/airflow/example_dags/example_setup_teardown_taskflow.py
[2025-04-03T18:12:27.301+0000] {processor.py:914} INFO - Processing file /home/airflow/.local/lib/python3.12/site-packages/airflow/example_dags/example_setup_teardown_taskflow.py for tasks to queue
[2025-04-03T18:12:27.303+0000] {logging_mixin.py:190} INFO - [2025-04-03T18:12:27.303+0000] {dagbag.py:588} INFO - Filling up the DagBag from /home/airflow/.local/lib/python3.12/site-packages/airflow/example_dags/example_setup_teardown_taskflow.py
[2025-04-03T18:12:27.311+0000] {processor.py:925} INFO - DAG(s) 'example_setup_teardown_taskflow' retrieved from /home/airflow/.local/lib/python3.12/site-packages/airflow/example_dags/example_setup_teardown_taskflow.py
[2025-04-03T18:12:27.332+0000] {logging_mixin.py:190} INFO - [2025-04-03T18:12:27.332+0000] {dag.py:3239} INFO - Sync 1 DAGs
[2025-04-03T18:12:27.345+0000] {logging_mixin.py:190} INFO - [2025-04-03T18:12:27.345+0000] {dag.py:4180} INFO - Setting next_dagrun for example_setup_teardown_taskflow to None, run_after=None
[2025-04-03T18:12:27.359+0000] {processor.py:208} INFO - Processing /home/airflow/.local/lib/python3.12/site-packages/airflow/example_dags/example_setup_teardown_taskflow.py took 0.064 seconds
[2025-04-03T18:12:58.030+0000] {processor.py:186} INFO - Started process (PID=2781) to work on /home/airflow/.local/lib/python3.12/site-packages/airflow/example_dags/example_setup_teardown_taskflow.py
[2025-04-03T18:12:58.031+0000] {processor.py:914} INFO - Processing file /home/airflow/.local/lib/python3.12/site-packages/airflow/example_dags/example_setup_teardown_taskflow.py for tasks to queue
[2025-04-03T18:12:58.033+0000] {logging_mixin.py:190} INFO - [2025-04-03T18:12:58.033+0000] {dagbag.py:588} INFO - Filling up the DagBag from /home/airflow/.local/lib/python3.12/site-packages/airflow/example_dags/example_setup_teardown_taskflow.py
[2025-04-03T18:12:58.041+0000] {processor.py:925} INFO - DAG(s) 'example_setup_teardown_taskflow' retrieved from /home/airflow/.local/lib/python3.12/site-packages/airflow/example_dags/example_setup_teardown_taskflow.py
[2025-04-03T18:12:58.062+0000] {logging_mixin.py:190} INFO - [2025-04-03T18:12:58.061+0000] {dag.py:3239} INFO - Sync 1 DAGs
[2025-04-03T18:12:58.075+0000] {logging_mixin.py:190} INFO - [2025-04-03T18:12:58.075+0000] {dag.py:4180} INFO - Setting next_dagrun for example_setup_teardown_taskflow to None, run_after=None
[2025-04-03T18:12:58.090+0000] {processor.py:208} INFO - Processing /home/airflow/.local/lib/python3.12/site-packages/airflow/example_dags/example_setup_teardown_taskflow.py took 0.068 seconds
[2025-04-03T18:13:28.715+0000] {processor.py:186} INFO - Started process (PID=2846) to work on /home/airflow/.local/lib/python3.12/site-packages/airflow/example_dags/example_setup_teardown_taskflow.py
[2025-04-03T18:13:28.716+0000] {processor.py:914} INFO - Processing file /home/airflow/.local/lib/python3.12/site-packages/airflow/example_dags/example_setup_teardown_taskflow.py for tasks to queue
[2025-04-03T18:13:28.718+0000] {logging_mixin.py:190} INFO - [2025-04-03T18:13:28.718+0000] {dagbag.py:588} INFO - Filling up the DagBag from /home/airflow/.local/lib/python3.12/site-packages/airflow/example_dags/example_setup_teardown_taskflow.py
[2025-04-03T18:13:28.727+0000] {processor.py:925} INFO - DAG(s) 'example_setup_teardown_taskflow' retrieved from /home/airflow/.local/lib/python3.12/site-packages/airflow/example_dags/example_setup_teardown_taskflow.py
[2025-04-03T18:13:28.745+0000] {logging_mixin.py:190} INFO - [2025-04-03T18:13:28.745+0000] {dag.py:3239} INFO - Sync 1 DAGs
[2025-04-03T18:13:28.758+0000] {logging_mixin.py:190} INFO - [2025-04-03T18:13:28.758+0000] {dag.py:4180} INFO - Setting next_dagrun for example_setup_teardown_taskflow to None, run_after=None
[2025-04-03T18:13:28.771+0000] {processor.py:208} INFO - Processing /home/airflow/.local/lib/python3.12/site-packages/airflow/example_dags/example_setup_teardown_taskflow.py took 0.064 seconds
[2025-04-03T18:13:59.162+0000] {processor.py:186} INFO - Started process (PID=2911) to work on /home/airflow/.local/lib/python3.12/site-packages/airflow/example_dags/example_setup_teardown_taskflow.py
[2025-04-03T18:13:59.163+0000] {processor.py:914} INFO - Processing file /home/airflow/.local/lib/python3.12/site-packages/airflow/example_dags/example_setup_teardown_taskflow.py for tasks to queue
[2025-04-03T18:13:59.165+0000] {logging_mixin.py:190} INFO - [2025-04-03T18:13:59.165+0000] {dagbag.py:588} INFO - Filling up the DagBag from /home/airflow/.local/lib/python3.12/site-packages/airflow/example_dags/example_setup_teardown_taskflow.py
[2025-04-03T18:13:59.173+0000] {processor.py:925} INFO - DAG(s) 'example_setup_teardown_taskflow' retrieved from /home/airflow/.local/lib/python3.12/site-packages/airflow/example_dags/example_setup_teardown_taskflow.py
[2025-04-03T18:13:59.193+0000] {logging_mixin.py:190} INFO - [2025-04-03T18:13:59.193+0000] {dag.py:3239} INFO - Sync 1 DAGs
[2025-04-03T18:13:59.206+0000] {logging_mixin.py:190} INFO - [2025-04-03T18:13:59.206+0000] {dag.py:4180} INFO - Setting next_dagrun for example_setup_teardown_taskflow to None, run_after=None
[2025-04-03T18:13:59.219+0000] {processor.py:208} INFO - Processing /home/airflow/.local/lib/python3.12/site-packages/airflow/example_dags/example_setup_teardown_taskflow.py took 0.064 seconds
[2025-04-03T18:14:29.692+0000] {processor.py:186} INFO - Started process (PID=2976) to work on /home/airflow/.local/lib/python3.12/site-packages/airflow/example_dags/example_setup_teardown_taskflow.py
[2025-04-03T18:14:29.692+0000] {processor.py:914} INFO - Processing file /home/airflow/.local/lib/python3.12/site-packages/airflow/example_dags/example_setup_teardown_taskflow.py for tasks to queue
[2025-04-03T18:14:29.694+0000] {logging_mixin.py:190} INFO - [2025-04-03T18:14:29.694+0000] {dagbag.py:588} INFO - Filling up the DagBag from /home/airflow/.local/lib/python3.12/site-packages/airflow/example_dags/example_setup_teardown_taskflow.py
[2025-04-03T18:14:29.702+0000] {processor.py:925} INFO - DAG(s) 'example_setup_teardown_taskflow' retrieved from /home/airflow/.local/lib/python3.12/site-packages/airflow/example_dags/example_setup_teardown_taskflow.py
[2025-04-03T18:14:29.721+0000] {logging_mixin.py:190} INFO - [2025-04-03T18:14:29.721+0000] {dag.py:3239} INFO - Sync 1 DAGs
[2025-04-03T18:14:29.732+0000] {logging_mixin.py:190} INFO - [2025-04-03T18:14:29.732+0000] {dag.py:4180} INFO - Setting next_dagrun for example_setup_teardown_taskflow to None, run_after=None
[2025-04-03T18:14:29.745+0000] {processor.py:208} INFO - Processing /home/airflow/.local/lib/python3.12/site-packages/airflow/example_dags/example_setup_teardown_taskflow.py took 0.058 seconds
[2025-04-03T18:15:00.055+0000] {processor.py:186} INFO - Started process (PID=3041) to work on /home/airflow/.local/lib/python3.12/site-packages/airflow/example_dags/example_setup_teardown_taskflow.py
[2025-04-03T18:15:00.057+0000] {processor.py:914} INFO - Processing file /home/airflow/.local/lib/python3.12/site-packages/airflow/example_dags/example_setup_teardown_taskflow.py for tasks to queue
[2025-04-03T18:15:00.059+0000] {logging_mixin.py:190} INFO - [2025-04-03T18:15:00.059+0000] {dagbag.py:588} INFO - Filling up the DagBag from /home/airflow/.local/lib/python3.12/site-packages/airflow/example_dags/example_setup_teardown_taskflow.py
[2025-04-03T18:15:00.068+0000] {processor.py:925} INFO - DAG(s) 'example_setup_teardown_taskflow' retrieved from /home/airflow/.local/lib/python3.12/site-packages/airflow/example_dags/example_setup_teardown_taskflow.py
[2025-04-03T18:15:00.085+0000] {logging_mixin.py:190} INFO - [2025-04-03T18:15:00.085+0000] {dag.py:3239} INFO - Sync 1 DAGs
[2025-04-03T18:15:00.097+0000] {logging_mixin.py:190} INFO - [2025-04-03T18:15:00.097+0000] {dag.py:4180} INFO - Setting next_dagrun for example_setup_teardown_taskflow to None, run_after=None
[2025-04-03T18:15:00.110+0000] {processor.py:208} INFO - Processing /home/airflow/.local/lib/python3.12/site-packages/airflow/example_dags/example_setup_teardown_taskflow.py took 0.062 seconds
[2025-04-03T18:15:30.784+0000] {processor.py:186} INFO - Started process (PID=3106) to work on /home/airflow/.local/lib/python3.12/site-packages/airflow/example_dags/example_setup_teardown_taskflow.py
[2025-04-03T18:15:30.786+0000] {processor.py:914} INFO - Processing file /home/airflow/.local/lib/python3.12/site-packages/airflow/example_dags/example_setup_teardown_taskflow.py for tasks to queue
[2025-04-03T18:15:30.789+0000] {logging_mixin.py:190} INFO - [2025-04-03T18:15:30.788+0000] {dagbag.py:588} INFO - Filling up the DagBag from /home/airflow/.local/lib/python3.12/site-packages/airflow/example_dags/example_setup_teardown_taskflow.py
[2025-04-03T18:15:30.798+0000] {processor.py:925} INFO - DAG(s) 'example_setup_teardown_taskflow' retrieved from /home/airflow/.local/lib/python3.12/site-packages/airflow/example_dags/example_setup_teardown_taskflow.py
[2025-04-03T18:15:30.817+0000] {logging_mixin.py:190} INFO - [2025-04-03T18:15:30.817+0000] {dag.py:3239} INFO - Sync 1 DAGs
[2025-04-03T18:15:30.830+0000] {logging_mixin.py:190} INFO - [2025-04-03T18:15:30.830+0000] {dag.py:4180} INFO - Setting next_dagrun for example_setup_teardown_taskflow to None, run_after=None
[2025-04-03T18:15:30.843+0000] {processor.py:208} INFO - Processing /home/airflow/.local/lib/python3.12/site-packages/airflow/example_dags/example_setup_teardown_taskflow.py took 0.068 seconds
[2025-04-03T18:16:01.374+0000] {processor.py:186} INFO - Started process (PID=3171) to work on /home/airflow/.local/lib/python3.12/site-packages/airflow/example_dags/example_setup_teardown_taskflow.py
[2025-04-03T18:16:01.375+0000] {processor.py:914} INFO - Processing file /home/airflow/.local/lib/python3.12/site-packages/airflow/example_dags/example_setup_teardown_taskflow.py for tasks to queue
[2025-04-03T18:16:01.378+0000] {logging_mixin.py:190} INFO - [2025-04-03T18:16:01.378+0000] {dagbag.py:588} INFO - Filling up the DagBag from /home/airflow/.local/lib/python3.12/site-packages/airflow/example_dags/example_setup_teardown_taskflow.py
[2025-04-03T18:16:01.387+0000] {processor.py:925} INFO - DAG(s) 'example_setup_teardown_taskflow' retrieved from /home/airflow/.local/lib/python3.12/site-packages/airflow/example_dags/example_setup_teardown_taskflow.py
[2025-04-03T18:16:01.407+0000] {logging_mixin.py:190} INFO - [2025-04-03T18:16:01.406+0000] {dag.py:3239} INFO - Sync 1 DAGs
[2025-04-03T18:16:01.420+0000] {logging_mixin.py:190} INFO - [2025-04-03T18:16:01.419+0000] {dag.py:4180} INFO - Setting next_dagrun for example_setup_teardown_taskflow to None, run_after=None
[2025-04-03T18:16:01.434+0000] {processor.py:208} INFO - Processing /home/airflow/.local/lib/python3.12/site-packages/airflow/example_dags/example_setup_teardown_taskflow.py took 0.069 seconds
[2025-04-03T18:16:31.770+0000] {processor.py:186} INFO - Started process (PID=3236) to work on /home/airflow/.local/lib/python3.12/site-packages/airflow/example_dags/example_setup_teardown_taskflow.py
[2025-04-03T18:16:31.771+0000] {processor.py:914} INFO - Processing file /home/airflow/.local/lib/python3.12/site-packages/airflow/example_dags/example_setup_teardown_taskflow.py for tasks to queue
[2025-04-03T18:16:31.773+0000] {logging_mixin.py:190} INFO - [2025-04-03T18:16:31.772+0000] {dagbag.py:588} INFO - Filling up the DagBag from /home/airflow/.local/lib/python3.12/site-packages/airflow/example_dags/example_setup_teardown_taskflow.py
[2025-04-03T18:16:31.781+0000] {processor.py:925} INFO - DAG(s) 'example_setup_teardown_taskflow' retrieved from /home/airflow/.local/lib/python3.12/site-packages/airflow/example_dags/example_setup_teardown_taskflow.py
[2025-04-03T18:16:31.801+0000] {logging_mixin.py:190} INFO - [2025-04-03T18:16:31.801+0000] {dag.py:3239} INFO - Sync 1 DAGs
[2025-04-03T18:16:31.814+0000] {logging_mixin.py:190} INFO - [2025-04-03T18:16:31.814+0000] {dag.py:4180} INFO - Setting next_dagrun for example_setup_teardown_taskflow to None, run_after=None
[2025-04-03T18:16:31.828+0000] {processor.py:208} INFO - Processing /home/airflow/.local/lib/python3.12/site-packages/airflow/example_dags/example_setup_teardown_taskflow.py took 0.062 seconds
[2025-04-03T18:17:02.386+0000] {processor.py:186} INFO - Started process (PID=3301) to work on /home/airflow/.local/lib/python3.12/site-packages/airflow/example_dags/example_setup_teardown_taskflow.py
[2025-04-03T18:17:02.387+0000] {processor.py:914} INFO - Processing file /home/airflow/.local/lib/python3.12/site-packages/airflow/example_dags/example_setup_teardown_taskflow.py for tasks to queue
[2025-04-03T18:17:02.389+0000] {logging_mixin.py:190} INFO - [2025-04-03T18:17:02.389+0000] {dagbag.py:588} INFO - Filling up the DagBag from /home/airflow/.local/lib/python3.12/site-packages/airflow/example_dags/example_setup_teardown_taskflow.py
[2025-04-03T18:17:02.398+0000] {processor.py:925} INFO - DAG(s) 'example_setup_teardown_taskflow' retrieved from /home/airflow/.local/lib/python3.12/site-packages/airflow/example_dags/example_setup_teardown_taskflow.py
[2025-04-03T18:17:02.419+0000] {logging_mixin.py:190} INFO - [2025-04-03T18:17:02.418+0000] {dag.py:3239} INFO - Sync 1 DAGs
[2025-04-03T18:17:02.431+0000] {logging_mixin.py:190} INFO - [2025-04-03T18:17:02.431+0000] {dag.py:4180} INFO - Setting next_dagrun for example_setup_teardown_taskflow to None, run_after=None
[2025-04-03T18:17:02.444+0000] {processor.py:208} INFO - Processing /home/airflow/.local/lib/python3.12/site-packages/airflow/example_dags/example_setup_teardown_taskflow.py took 0.065 seconds
[2025-04-03T18:17:32.902+0000] {processor.py:186} INFO - Started process (PID=3366) to work on /home/airflow/.local/lib/python3.12/site-packages/airflow/example_dags/example_setup_teardown_taskflow.py
[2025-04-03T18:17:32.905+0000] {processor.py:914} INFO - Processing file /home/airflow/.local/lib/python3.12/site-packages/airflow/example_dags/example_setup_teardown_taskflow.py for tasks to queue
[2025-04-03T18:17:32.908+0000] {logging_mixin.py:190} INFO - [2025-04-03T18:17:32.908+0000] {dagbag.py:588} INFO - Filling up the DagBag from /home/airflow/.local/lib/python3.12/site-packages/airflow/example_dags/example_setup_teardown_taskflow.py
[2025-04-03T18:17:32.918+0000] {processor.py:925} INFO - DAG(s) 'example_setup_teardown_taskflow' retrieved from /home/airflow/.local/lib/python3.12/site-packages/airflow/example_dags/example_setup_teardown_taskflow.py
[2025-04-03T18:17:32.938+0000] {logging_mixin.py:190} INFO - [2025-04-03T18:17:32.938+0000] {dag.py:3239} INFO - Sync 1 DAGs
[2025-04-03T18:17:32.951+0000] {logging_mixin.py:190} INFO - [2025-04-03T18:17:32.951+0000] {dag.py:4180} INFO - Setting next_dagrun for example_setup_teardown_taskflow to None, run_after=None
[2025-04-03T18:17:32.965+0000] {processor.py:208} INFO - Processing /home/airflow/.local/lib/python3.12/site-packages/airflow/example_dags/example_setup_teardown_taskflow.py took 0.072 seconds
[2025-04-03T18:18:03.560+0000] {processor.py:186} INFO - Started process (PID=3431) to work on /home/airflow/.local/lib/python3.12/site-packages/airflow/example_dags/example_setup_teardown_taskflow.py
[2025-04-03T18:18:03.561+0000] {processor.py:914} INFO - Processing file /home/airflow/.local/lib/python3.12/site-packages/airflow/example_dags/example_setup_teardown_taskflow.py for tasks to queue
[2025-04-03T18:18:03.564+0000] {logging_mixin.py:190} INFO - [2025-04-03T18:18:03.563+0000] {dagbag.py:588} INFO - Filling up the DagBag from /home/airflow/.local/lib/python3.12/site-packages/airflow/example_dags/example_setup_teardown_taskflow.py
[2025-04-03T18:18:03.573+0000] {processor.py:925} INFO - DAG(s) 'example_setup_teardown_taskflow' retrieved from /home/airflow/.local/lib/python3.12/site-packages/airflow/example_dags/example_setup_teardown_taskflow.py
[2025-04-03T18:18:03.592+0000] {logging_mixin.py:190} INFO - [2025-04-03T18:18:03.592+0000] {dag.py:3239} INFO - Sync 1 DAGs
[2025-04-03T18:18:03.604+0000] {logging_mixin.py:190} INFO - [2025-04-03T18:18:03.604+0000] {dag.py:4180} INFO - Setting next_dagrun for example_setup_teardown_taskflow to None, run_after=None
[2025-04-03T18:18:03.618+0000] {processor.py:208} INFO - Processing /home/airflow/.local/lib/python3.12/site-packages/airflow/example_dags/example_setup_teardown_taskflow.py took 0.066 seconds
[2025-04-03T18:18:34.134+0000] {processor.py:186} INFO - Started process (PID=3496) to work on /home/airflow/.local/lib/python3.12/site-packages/airflow/example_dags/example_setup_teardown_taskflow.py
[2025-04-03T18:18:34.137+0000] {processor.py:914} INFO - Processing file /home/airflow/.local/lib/python3.12/site-packages/airflow/example_dags/example_setup_teardown_taskflow.py for tasks to queue
[2025-04-03T18:18:34.140+0000] {logging_mixin.py:190} INFO - [2025-04-03T18:18:34.139+0000] {dagbag.py:588} INFO - Filling up the DagBag from /home/airflow/.local/lib/python3.12/site-packages/airflow/example_dags/example_setup_teardown_taskflow.py
[2025-04-03T18:18:34.150+0000] {processor.py:925} INFO - DAG(s) 'example_setup_teardown_taskflow' retrieved from /home/airflow/.local/lib/python3.12/site-packages/airflow/example_dags/example_setup_teardown_taskflow.py
[2025-04-03T18:18:34.169+0000] {logging_mixin.py:190} INFO - [2025-04-03T18:18:34.169+0000] {dag.py:3239} INFO - Sync 1 DAGs
[2025-04-03T18:18:34.182+0000] {logging_mixin.py:190} INFO - [2025-04-03T18:18:34.182+0000] {dag.py:4180} INFO - Setting next_dagrun for example_setup_teardown_taskflow to None, run_after=None
[2025-04-03T18:18:34.195+0000] {processor.py:208} INFO - Processing /home/airflow/.local/lib/python3.12/site-packages/airflow/example_dags/example_setup_teardown_taskflow.py took 0.069 seconds
[2025-04-03T18:19:04.641+0000] {processor.py:186} INFO - Started process (PID=3561) to work on /home/airflow/.local/lib/python3.12/site-packages/airflow/example_dags/example_setup_teardown_taskflow.py
[2025-04-03T18:19:04.641+0000] {processor.py:914} INFO - Processing file /home/airflow/.local/lib/python3.12/site-packages/airflow/example_dags/example_setup_teardown_taskflow.py for tasks to queue
[2025-04-03T18:19:04.644+0000] {logging_mixin.py:190} INFO - [2025-04-03T18:19:04.643+0000] {dagbag.py:588} INFO - Filling up the DagBag from /home/airflow/.local/lib/python3.12/site-packages/airflow/example_dags/example_setup_teardown_taskflow.py
[2025-04-03T18:19:04.653+0000] {processor.py:925} INFO - DAG(s) 'example_setup_teardown_taskflow' retrieved from /home/airflow/.local/lib/python3.12/site-packages/airflow/example_dags/example_setup_teardown_taskflow.py
[2025-04-03T18:19:04.672+0000] {logging_mixin.py:190} INFO - [2025-04-03T18:19:04.672+0000] {dag.py:3239} INFO - Sync 1 DAGs
[2025-04-03T18:19:04.686+0000] {logging_mixin.py:190} INFO - [2025-04-03T18:19:04.686+0000] {dag.py:4180} INFO - Setting next_dagrun for example_setup_teardown_taskflow to None, run_after=None
[2025-04-03T18:19:04.700+0000] {processor.py:208} INFO - Processing /home/airflow/.local/lib/python3.12/site-packages/airflow/example_dags/example_setup_teardown_taskflow.py took 0.064 seconds
[2025-04-03T18:19:35.159+0000] {processor.py:186} INFO - Started process (PID=3626) to work on /home/airflow/.local/lib/python3.12/site-packages/airflow/example_dags/example_setup_teardown_taskflow.py
[2025-04-03T18:19:35.160+0000] {processor.py:914} INFO - Processing file /home/airflow/.local/lib/python3.12/site-packages/airflow/example_dags/example_setup_teardown_taskflow.py for tasks to queue
[2025-04-03T18:19:35.162+0000] {logging_mixin.py:190} INFO - [2025-04-03T18:19:35.162+0000] {dagbag.py:588} INFO - Filling up the DagBag from /home/airflow/.local/lib/python3.12/site-packages/airflow/example_dags/example_setup_teardown_taskflow.py
[2025-04-03T18:19:35.170+0000] {processor.py:925} INFO - DAG(s) 'example_setup_teardown_taskflow' retrieved from /home/airflow/.local/lib/python3.12/site-packages/airflow/example_dags/example_setup_teardown_taskflow.py
[2025-04-03T18:19:35.188+0000] {logging_mixin.py:190} INFO - [2025-04-03T18:19:35.188+0000] {dag.py:3239} INFO - Sync 1 DAGs
[2025-04-03T18:19:35.202+0000] {logging_mixin.py:190} INFO - [2025-04-03T18:19:35.201+0000] {dag.py:4180} INFO - Setting next_dagrun for example_setup_teardown_taskflow to None, run_after=None
[2025-04-03T18:19:35.215+0000] {processor.py:208} INFO - Processing /home/airflow/.local/lib/python3.12/site-packages/airflow/example_dags/example_setup_teardown_taskflow.py took 0.064 seconds
[2025-04-03T18:20:05.742+0000] {processor.py:186} INFO - Started process (PID=3691) to work on /home/airflow/.local/lib/python3.12/site-packages/airflow/example_dags/example_setup_teardown_taskflow.py
[2025-04-03T18:20:05.743+0000] {processor.py:914} INFO - Processing file /home/airflow/.local/lib/python3.12/site-packages/airflow/example_dags/example_setup_teardown_taskflow.py for tasks to queue
[2025-04-03T18:20:05.745+0000] {logging_mixin.py:190} INFO - [2025-04-03T18:20:05.745+0000] {dagbag.py:588} INFO - Filling up the DagBag from /home/airflow/.local/lib/python3.12/site-packages/airflow/example_dags/example_setup_teardown_taskflow.py
[2025-04-03T18:20:05.754+0000] {processor.py:925} INFO - DAG(s) 'example_setup_teardown_taskflow' retrieved from /home/airflow/.local/lib/python3.12/site-packages/airflow/example_dags/example_setup_teardown_taskflow.py
[2025-04-03T18:20:05.775+0000] {logging_mixin.py:190} INFO - [2025-04-03T18:20:05.775+0000] {dag.py:3239} INFO - Sync 1 DAGs
[2025-04-03T18:20:05.787+0000] {logging_mixin.py:190} INFO - [2025-04-03T18:20:05.787+0000] {dag.py:4180} INFO - Setting next_dagrun for example_setup_teardown_taskflow to None, run_after=None
[2025-04-03T18:20:05.799+0000] {processor.py:208} INFO - Processing /home/airflow/.local/lib/python3.12/site-packages/airflow/example_dags/example_setup_teardown_taskflow.py took 0.063 seconds
[2025-04-03T18:20:36.216+0000] {processor.py:186} INFO - Started process (PID=3756) to work on /home/airflow/.local/lib/python3.12/site-packages/airflow/example_dags/example_setup_teardown_taskflow.py
[2025-04-03T18:20:36.217+0000] {processor.py:914} INFO - Processing file /home/airflow/.local/lib/python3.12/site-packages/airflow/example_dags/example_setup_teardown_taskflow.py for tasks to queue
[2025-04-03T18:20:36.221+0000] {logging_mixin.py:190} INFO - [2025-04-03T18:20:36.220+0000] {dagbag.py:588} INFO - Filling up the DagBag from /home/airflow/.local/lib/python3.12/site-packages/airflow/example_dags/example_setup_teardown_taskflow.py
[2025-04-03T18:20:36.229+0000] {processor.py:925} INFO - DAG(s) 'example_setup_teardown_taskflow' retrieved from /home/airflow/.local/lib/python3.12/site-packages/airflow/example_dags/example_setup_teardown_taskflow.py
[2025-04-03T18:20:36.247+0000] {logging_mixin.py:190} INFO - [2025-04-03T18:20:36.247+0000] {dag.py:3239} INFO - Sync 1 DAGs
[2025-04-03T18:20:36.259+0000] {logging_mixin.py:190} INFO - [2025-04-03T18:20:36.258+0000] {dag.py:4180} INFO - Setting next_dagrun for example_setup_teardown_taskflow to None, run_after=None
[2025-04-03T18:20:36.271+0000] {processor.py:208} INFO - Processing /home/airflow/.local/lib/python3.12/site-packages/airflow/example_dags/example_setup_teardown_taskflow.py took 0.063 seconds
[2025-04-03T18:21:06.576+0000] {processor.py:186} INFO - Started process (PID=3821) to work on /home/airflow/.local/lib/python3.12/site-packages/airflow/example_dags/example_setup_teardown_taskflow.py
[2025-04-03T18:21:06.577+0000] {processor.py:914} INFO - Processing file /home/airflow/.local/lib/python3.12/site-packages/airflow/example_dags/example_setup_teardown_taskflow.py for tasks to queue
[2025-04-03T18:21:06.581+0000] {logging_mixin.py:190} INFO - [2025-04-03T18:21:06.580+0000] {dagbag.py:588} INFO - Filling up the DagBag from /home/airflow/.local/lib/python3.12/site-packages/airflow/example_dags/example_setup_teardown_taskflow.py
[2025-04-03T18:21:06.589+0000] {processor.py:925} INFO - DAG(s) 'example_setup_teardown_taskflow' retrieved from /home/airflow/.local/lib/python3.12/site-packages/airflow/example_dags/example_setup_teardown_taskflow.py
[2025-04-03T18:21:06.609+0000] {logging_mixin.py:190} INFO - [2025-04-03T18:21:06.609+0000] {dag.py:3239} INFO - Sync 1 DAGs
[2025-04-03T18:21:06.623+0000] {logging_mixin.py:190} INFO - [2025-04-03T18:21:06.623+0000] {dag.py:4180} INFO - Setting next_dagrun for example_setup_teardown_taskflow to None, run_after=None
[2025-04-03T18:21:06.637+0000] {processor.py:208} INFO - Processing /home/airflow/.local/lib/python3.12/site-packages/airflow/example_dags/example_setup_teardown_taskflow.py took 0.068 seconds
[2025-04-03T18:21:37.044+0000] {processor.py:186} INFO - Started process (PID=3886) to work on /home/airflow/.local/lib/python3.12/site-packages/airflow/example_dags/example_setup_teardown_taskflow.py
[2025-04-03T18:21:37.045+0000] {processor.py:914} INFO - Processing file /home/airflow/.local/lib/python3.12/site-packages/airflow/example_dags/example_setup_teardown_taskflow.py for tasks to queue
[2025-04-03T18:21:37.047+0000] {logging_mixin.py:190} INFO - [2025-04-03T18:21:37.047+0000] {dagbag.py:588} INFO - Filling up the DagBag from /home/airflow/.local/lib/python3.12/site-packages/airflow/example_dags/example_setup_teardown_taskflow.py
[2025-04-03T18:21:37.055+0000] {processor.py:925} INFO - DAG(s) 'example_setup_teardown_taskflow' retrieved from /home/airflow/.local/lib/python3.12/site-packages/airflow/example_dags/example_setup_teardown_taskflow.py
[2025-04-03T18:21:37.073+0000] {logging_mixin.py:190} INFO - [2025-04-03T18:21:37.073+0000] {dag.py:3239} INFO - Sync 1 DAGs
[2025-04-03T18:21:37.084+0000] {logging_mixin.py:190} INFO - [2025-04-03T18:21:37.084+0000] {dag.py:4180} INFO - Setting next_dagrun for example_setup_teardown_taskflow to None, run_after=None
[2025-04-03T18:21:37.097+0000] {processor.py:208} INFO - Processing /home/airflow/.local/lib/python3.12/site-packages/airflow/example_dags/example_setup_teardown_taskflow.py took 0.057 seconds
[2025-04-03T18:22:07.638+0000] {processor.py:186} INFO - Started process (PID=3951) to work on /home/airflow/.local/lib/python3.12/site-packages/airflow/example_dags/example_setup_teardown_taskflow.py
[2025-04-03T18:22:07.639+0000] {processor.py:914} INFO - Processing file /home/airflow/.local/lib/python3.12/site-packages/airflow/example_dags/example_setup_teardown_taskflow.py for tasks to queue
[2025-04-03T18:22:07.641+0000] {logging_mixin.py:190} INFO - [2025-04-03T18:22:07.641+0000] {dagbag.py:588} INFO - Filling up the DagBag from /home/airflow/.local/lib/python3.12/site-packages/airflow/example_dags/example_setup_teardown_taskflow.py
[2025-04-03T18:22:07.649+0000] {processor.py:925} INFO - DAG(s) 'example_setup_teardown_taskflow' retrieved from /home/airflow/.local/lib/python3.12/site-packages/airflow/example_dags/example_setup_teardown_taskflow.py
[2025-04-03T18:22:07.669+0000] {logging_mixin.py:190} INFO - [2025-04-03T18:22:07.669+0000] {dag.py:3239} INFO - Sync 1 DAGs
[2025-04-03T18:22:07.681+0000] {logging_mixin.py:190} INFO - [2025-04-03T18:22:07.681+0000] {dag.py:4180} INFO - Setting next_dagrun for example_setup_teardown_taskflow to None, run_after=None
[2025-04-03T18:22:07.693+0000] {processor.py:208} INFO - Processing /home/airflow/.local/lib/python3.12/site-packages/airflow/example_dags/example_setup_teardown_taskflow.py took 0.059 seconds
[2025-04-03T18:22:38.043+0000] {processor.py:186} INFO - Started process (PID=4016) to work on /home/airflow/.local/lib/python3.12/site-packages/airflow/example_dags/example_setup_teardown_taskflow.py
[2025-04-03T18:22:38.044+0000] {processor.py:914} INFO - Processing file /home/airflow/.local/lib/python3.12/site-packages/airflow/example_dags/example_setup_teardown_taskflow.py for tasks to queue
[2025-04-03T18:22:38.048+0000] {logging_mixin.py:190} INFO - [2025-04-03T18:22:38.047+0000] {dagbag.py:588} INFO - Filling up the DagBag from /home/airflow/.local/lib/python3.12/site-packages/airflow/example_dags/example_setup_teardown_taskflow.py
[2025-04-03T18:22:38.056+0000] {processor.py:925} INFO - DAG(s) 'example_setup_teardown_taskflow' retrieved from /home/airflow/.local/lib/python3.12/site-packages/airflow/example_dags/example_setup_teardown_taskflow.py
[2025-04-03T18:22:38.077+0000] {logging_mixin.py:190} INFO - [2025-04-03T18:22:38.077+0000] {dag.py:3239} INFO - Sync 1 DAGs
[2025-04-03T18:22:38.090+0000] {logging_mixin.py:190} INFO - [2025-04-03T18:22:38.090+0000] {dag.py:4180} INFO - Setting next_dagrun for example_setup_teardown_taskflow to None, run_after=None
[2025-04-03T18:22:38.105+0000] {processor.py:208} INFO - Processing /home/airflow/.local/lib/python3.12/site-packages/airflow/example_dags/example_setup_teardown_taskflow.py took 0.071 seconds
[2025-04-03T18:23:08.466+0000] {processor.py:186} INFO - Started process (PID=4081) to work on /home/airflow/.local/lib/python3.12/site-packages/airflow/example_dags/example_setup_teardown_taskflow.py
[2025-04-03T18:23:08.467+0000] {processor.py:914} INFO - Processing file /home/airflow/.local/lib/python3.12/site-packages/airflow/example_dags/example_setup_teardown_taskflow.py for tasks to queue
[2025-04-03T18:23:08.469+0000] {logging_mixin.py:190} INFO - [2025-04-03T18:23:08.469+0000] {dagbag.py:588} INFO - Filling up the DagBag from /home/airflow/.local/lib/python3.12/site-packages/airflow/example_dags/example_setup_teardown_taskflow.py
[2025-04-03T18:23:08.477+0000] {processor.py:925} INFO - DAG(s) 'example_setup_teardown_taskflow' retrieved from /home/airflow/.local/lib/python3.12/site-packages/airflow/example_dags/example_setup_teardown_taskflow.py
[2025-04-03T18:23:08.498+0000] {logging_mixin.py:190} INFO - [2025-04-03T18:23:08.497+0000] {dag.py:3239} INFO - Sync 1 DAGs
[2025-04-03T18:23:08.510+0000] {logging_mixin.py:190} INFO - [2025-04-03T18:23:08.510+0000] {dag.py:4180} INFO - Setting next_dagrun for example_setup_teardown_taskflow to None, run_after=None
[2025-04-03T18:23:08.523+0000] {processor.py:208} INFO - Processing /home/airflow/.local/lib/python3.12/site-packages/airflow/example_dags/example_setup_teardown_taskflow.py took 0.065 seconds
[2025-04-03T18:23:39.046+0000] {processor.py:186} INFO - Started process (PID=4146) to work on /home/airflow/.local/lib/python3.12/site-packages/airflow/example_dags/example_setup_teardown_taskflow.py
[2025-04-03T18:23:39.047+0000] {processor.py:914} INFO - Processing file /home/airflow/.local/lib/python3.12/site-packages/airflow/example_dags/example_setup_teardown_taskflow.py for tasks to queue
[2025-04-03T18:23:39.050+0000] {logging_mixin.py:190} INFO - [2025-04-03T18:23:39.049+0000] {dagbag.py:588} INFO - Filling up the DagBag from /home/airflow/.local/lib/python3.12/site-packages/airflow/example_dags/example_setup_teardown_taskflow.py
[2025-04-03T18:23:39.060+0000] {processor.py:925} INFO - DAG(s) 'example_setup_teardown_taskflow' retrieved from /home/airflow/.local/lib/python3.12/site-packages/airflow/example_dags/example_setup_teardown_taskflow.py
[2025-04-03T18:23:39.081+0000] {logging_mixin.py:190} INFO - [2025-04-03T18:23:39.081+0000] {dag.py:3239} INFO - Sync 1 DAGs
[2025-04-03T18:23:39.094+0000] {logging_mixin.py:190} INFO - [2025-04-03T18:23:39.093+0000] {dag.py:4180} INFO - Setting next_dagrun for example_setup_teardown_taskflow to None, run_after=None
[2025-04-03T18:23:39.106+0000] {processor.py:208} INFO - Processing /home/airflow/.local/lib/python3.12/site-packages/airflow/example_dags/example_setup_teardown_taskflow.py took 0.065 seconds
[2025-04-03T18:24:09.485+0000] {processor.py:186} INFO - Started process (PID=4211) to work on /home/airflow/.local/lib/python3.12/site-packages/airflow/example_dags/example_setup_teardown_taskflow.py
[2025-04-03T18:24:09.485+0000] {processor.py:914} INFO - Processing file /home/airflow/.local/lib/python3.12/site-packages/airflow/example_dags/example_setup_teardown_taskflow.py for tasks to queue
[2025-04-03T18:24:09.487+0000] {logging_mixin.py:190} INFO - [2025-04-03T18:24:09.487+0000] {dagbag.py:588} INFO - Filling up the DagBag from /home/airflow/.local/lib/python3.12/site-packages/airflow/example_dags/example_setup_teardown_taskflow.py
[2025-04-03T18:24:09.495+0000] {processor.py:925} INFO - DAG(s) 'example_setup_teardown_taskflow' retrieved from /home/airflow/.local/lib/python3.12/site-packages/airflow/example_dags/example_setup_teardown_taskflow.py
[2025-04-03T18:24:09.514+0000] {logging_mixin.py:190} INFO - [2025-04-03T18:24:09.514+0000] {dag.py:3239} INFO - Sync 1 DAGs
[2025-04-03T18:24:09.526+0000] {logging_mixin.py:190} INFO - [2025-04-03T18:24:09.526+0000] {dag.py:4180} INFO - Setting next_dagrun for example_setup_teardown_taskflow to None, run_after=None
[2025-04-03T18:24:09.539+0000] {processor.py:208} INFO - Processing /home/airflow/.local/lib/python3.12/site-packages/airflow/example_dags/example_setup_teardown_taskflow.py took 0.058 seconds
[2025-04-03T18:24:39.960+0000] {processor.py:186} INFO - Started process (PID=4276) to work on /home/airflow/.local/lib/python3.12/site-packages/airflow/example_dags/example_setup_teardown_taskflow.py
[2025-04-03T18:24:39.962+0000] {processor.py:914} INFO - Processing file /home/airflow/.local/lib/python3.12/site-packages/airflow/example_dags/example_setup_teardown_taskflow.py for tasks to queue
[2025-04-03T18:24:39.965+0000] {logging_mixin.py:190} INFO - [2025-04-03T18:24:39.964+0000] {dagbag.py:588} INFO - Filling up the DagBag from /home/airflow/.local/lib/python3.12/site-packages/airflow/example_dags/example_setup_teardown_taskflow.py
[2025-04-03T18:24:39.974+0000] {processor.py:925} INFO - DAG(s) 'example_setup_teardown_taskflow' retrieved from /home/airflow/.local/lib/python3.12/site-packages/airflow/example_dags/example_setup_teardown_taskflow.py
[2025-04-03T18:24:39.994+0000] {logging_mixin.py:190} INFO - [2025-04-03T18:24:39.994+0000] {dag.py:3239} INFO - Sync 1 DAGs
[2025-04-03T18:24:40.007+0000] {logging_mixin.py:190} INFO - [2025-04-03T18:24:40.007+0000] {dag.py:4180} INFO - Setting next_dagrun for example_setup_teardown_taskflow to None, run_after=None
[2025-04-03T18:24:40.021+0000] {processor.py:208} INFO - Processing /home/airflow/.local/lib/python3.12/site-packages/airflow/example_dags/example_setup_teardown_taskflow.py took 0.069 seconds
[2025-04-03T22:05:30.541+0000] {processor.py:186} INFO - Started process (PID=118) to work on /home/airflow/.local/lib/python3.12/site-packages/airflow/example_dags/example_setup_teardown_taskflow.py
[2025-04-03T22:05:30.543+0000] {processor.py:914} INFO - Processing file /home/airflow/.local/lib/python3.12/site-packages/airflow/example_dags/example_setup_teardown_taskflow.py for tasks to queue
[2025-04-03T22:05:30.547+0000] {logging_mixin.py:190} INFO - [2025-04-03T22:05:30.547+0000] {dagbag.py:588} INFO - Filling up the DagBag from /home/airflow/.local/lib/python3.12/site-packages/airflow/example_dags/example_setup_teardown_taskflow.py
[2025-04-03T22:05:30.563+0000] {processor.py:925} INFO - DAG(s) 'example_setup_teardown_taskflow' retrieved from /home/airflow/.local/lib/python3.12/site-packages/airflow/example_dags/example_setup_teardown_taskflow.py
[2025-04-03T22:05:30.607+0000] {logging_mixin.py:190} INFO - [2025-04-03T22:05:30.607+0000] {dag.py:3239} INFO - Sync 1 DAGs
[2025-04-03T22:05:30.632+0000] {logging_mixin.py:190} INFO - [2025-04-03T22:05:30.631+0000] {dag.py:4180} INFO - Setting next_dagrun for example_setup_teardown_taskflow to None, run_after=None
[2025-04-03T22:05:30.673+0000] {processor.py:208} INFO - Processing /home/airflow/.local/lib/python3.12/site-packages/airflow/example_dags/example_setup_teardown_taskflow.py took 0.140 seconds
[2025-04-03T22:06:01.646+0000] {processor.py:186} INFO - Started process (PID=183) to work on /home/airflow/.local/lib/python3.12/site-packages/airflow/example_dags/example_setup_teardown_taskflow.py
[2025-04-03T22:06:01.647+0000] {processor.py:914} INFO - Processing file /home/airflow/.local/lib/python3.12/site-packages/airflow/example_dags/example_setup_teardown_taskflow.py for tasks to queue
[2025-04-03T22:06:01.650+0000] {logging_mixin.py:190} INFO - [2025-04-03T22:06:01.649+0000] {dagbag.py:588} INFO - Filling up the DagBag from /home/airflow/.local/lib/python3.12/site-packages/airflow/example_dags/example_setup_teardown_taskflow.py
[2025-04-03T22:06:01.658+0000] {processor.py:925} INFO - DAG(s) 'example_setup_teardown_taskflow' retrieved from /home/airflow/.local/lib/python3.12/site-packages/airflow/example_dags/example_setup_teardown_taskflow.py
[2025-04-03T22:06:01.678+0000] {logging_mixin.py:190} INFO - [2025-04-03T22:06:01.678+0000] {dag.py:3239} INFO - Sync 1 DAGs
[2025-04-03T22:06:01.690+0000] {logging_mixin.py:190} INFO - [2025-04-03T22:06:01.690+0000] {dag.py:4180} INFO - Setting next_dagrun for example_setup_teardown_taskflow to None, run_after=None
[2025-04-03T22:06:01.703+0000] {processor.py:208} INFO - Processing /home/airflow/.local/lib/python3.12/site-packages/airflow/example_dags/example_setup_teardown_taskflow.py took 0.066 seconds
[2025-04-03T22:06:32.524+0000] {processor.py:186} INFO - Started process (PID=248) to work on /home/airflow/.local/lib/python3.12/site-packages/airflow/example_dags/example_setup_teardown_taskflow.py
[2025-04-03T22:06:32.525+0000] {processor.py:914} INFO - Processing file /home/airflow/.local/lib/python3.12/site-packages/airflow/example_dags/example_setup_teardown_taskflow.py for tasks to queue
[2025-04-03T22:06:32.529+0000] {logging_mixin.py:190} INFO - [2025-04-03T22:06:32.528+0000] {dagbag.py:588} INFO - Filling up the DagBag from /home/airflow/.local/lib/python3.12/site-packages/airflow/example_dags/example_setup_teardown_taskflow.py
[2025-04-03T22:06:32.537+0000] {processor.py:925} INFO - DAG(s) 'example_setup_teardown_taskflow' retrieved from /home/airflow/.local/lib/python3.12/site-packages/airflow/example_dags/example_setup_teardown_taskflow.py
[2025-04-03T22:06:32.557+0000] {logging_mixin.py:190} INFO - [2025-04-03T22:06:32.556+0000] {dag.py:3239} INFO - Sync 1 DAGs
[2025-04-03T22:06:32.569+0000] {logging_mixin.py:190} INFO - [2025-04-03T22:06:32.569+0000] {dag.py:4180} INFO - Setting next_dagrun for example_setup_teardown_taskflow to None, run_after=None
[2025-04-03T22:06:32.583+0000] {processor.py:208} INFO - Processing /home/airflow/.local/lib/python3.12/site-packages/airflow/example_dags/example_setup_teardown_taskflow.py took 0.066 seconds
[2025-04-03T22:07:03.036+0000] {processor.py:186} INFO - Started process (PID=313) to work on /home/airflow/.local/lib/python3.12/site-packages/airflow/example_dags/example_setup_teardown_taskflow.py
[2025-04-03T22:07:03.037+0000] {processor.py:914} INFO - Processing file /home/airflow/.local/lib/python3.12/site-packages/airflow/example_dags/example_setup_teardown_taskflow.py for tasks to queue
[2025-04-03T22:07:03.040+0000] {logging_mixin.py:190} INFO - [2025-04-03T22:07:03.039+0000] {dagbag.py:588} INFO - Filling up the DagBag from /home/airflow/.local/lib/python3.12/site-packages/airflow/example_dags/example_setup_teardown_taskflow.py
[2025-04-03T22:07:03.050+0000] {processor.py:925} INFO - DAG(s) 'example_setup_teardown_taskflow' retrieved from /home/airflow/.local/lib/python3.12/site-packages/airflow/example_dags/example_setup_teardown_taskflow.py
[2025-04-03T22:07:03.069+0000] {logging_mixin.py:190} INFO - [2025-04-03T22:07:03.069+0000] {dag.py:3239} INFO - Sync 1 DAGs
[2025-04-03T22:07:03.081+0000] {logging_mixin.py:190} INFO - [2025-04-03T22:07:03.081+0000] {dag.py:4180} INFO - Setting next_dagrun for example_setup_teardown_taskflow to None, run_after=None
[2025-04-03T22:07:03.095+0000] {processor.py:208} INFO - Processing /home/airflow/.local/lib/python3.12/site-packages/airflow/example_dags/example_setup_teardown_taskflow.py took 0.063 seconds
[2025-04-03T22:07:33.512+0000] {processor.py:186} INFO - Started process (PID=378) to work on /home/airflow/.local/lib/python3.12/site-packages/airflow/example_dags/example_setup_teardown_taskflow.py
[2025-04-03T22:07:33.512+0000] {processor.py:914} INFO - Processing file /home/airflow/.local/lib/python3.12/site-packages/airflow/example_dags/example_setup_teardown_taskflow.py for tasks to queue
[2025-04-03T22:07:33.514+0000] {logging_mixin.py:190} INFO - [2025-04-03T22:07:33.514+0000] {dagbag.py:588} INFO - Filling up the DagBag from /home/airflow/.local/lib/python3.12/site-packages/airflow/example_dags/example_setup_teardown_taskflow.py
[2025-04-03T22:07:33.521+0000] {processor.py:925} INFO - DAG(s) 'example_setup_teardown_taskflow' retrieved from /home/airflow/.local/lib/python3.12/site-packages/airflow/example_dags/example_setup_teardown_taskflow.py
[2025-04-03T22:07:33.539+0000] {logging_mixin.py:190} INFO - [2025-04-03T22:07:33.539+0000] {dag.py:3239} INFO - Sync 1 DAGs
[2025-04-03T22:07:33.550+0000] {logging_mixin.py:190} INFO - [2025-04-03T22:07:33.550+0000] {dag.py:4180} INFO - Setting next_dagrun for example_setup_teardown_taskflow to None, run_after=None
[2025-04-03T22:07:33.563+0000] {processor.py:208} INFO - Processing /home/airflow/.local/lib/python3.12/site-packages/airflow/example_dags/example_setup_teardown_taskflow.py took 0.055 seconds
[2025-04-03T22:08:03.986+0000] {processor.py:186} INFO - Started process (PID=443) to work on /home/airflow/.local/lib/python3.12/site-packages/airflow/example_dags/example_setup_teardown_taskflow.py
[2025-04-03T22:08:03.987+0000] {processor.py:914} INFO - Processing file /home/airflow/.local/lib/python3.12/site-packages/airflow/example_dags/example_setup_teardown_taskflow.py for tasks to queue
[2025-04-03T22:08:03.991+0000] {logging_mixin.py:190} INFO - [2025-04-03T22:08:03.990+0000] {dagbag.py:588} INFO - Filling up the DagBag from /home/airflow/.local/lib/python3.12/site-packages/airflow/example_dags/example_setup_teardown_taskflow.py
[2025-04-03T22:08:04.001+0000] {processor.py:925} INFO - DAG(s) 'example_setup_teardown_taskflow' retrieved from /home/airflow/.local/lib/python3.12/site-packages/airflow/example_dags/example_setup_teardown_taskflow.py
[2025-04-03T22:08:04.022+0000] {logging_mixin.py:190} INFO - [2025-04-03T22:08:04.022+0000] {dag.py:3239} INFO - Sync 1 DAGs
[2025-04-03T22:08:04.035+0000] {logging_mixin.py:190} INFO - [2025-04-03T22:08:04.035+0000] {dag.py:4180} INFO - Setting next_dagrun for example_setup_teardown_taskflow to None, run_after=None
[2025-04-03T22:08:04.048+0000] {processor.py:208} INFO - Processing /home/airflow/.local/lib/python3.12/site-packages/airflow/example_dags/example_setup_teardown_taskflow.py took 0.067 seconds
[2025-04-03T22:08:34.544+0000] {processor.py:186} INFO - Started process (PID=508) to work on /home/airflow/.local/lib/python3.12/site-packages/airflow/example_dags/example_setup_teardown_taskflow.py
[2025-04-03T22:08:34.545+0000] {processor.py:914} INFO - Processing file /home/airflow/.local/lib/python3.12/site-packages/airflow/example_dags/example_setup_teardown_taskflow.py for tasks to queue
[2025-04-03T22:08:34.547+0000] {logging_mixin.py:190} INFO - [2025-04-03T22:08:34.547+0000] {dagbag.py:588} INFO - Filling up the DagBag from /home/airflow/.local/lib/python3.12/site-packages/airflow/example_dags/example_setup_teardown_taskflow.py
[2025-04-03T22:08:34.554+0000] {processor.py:925} INFO - DAG(s) 'example_setup_teardown_taskflow' retrieved from /home/airflow/.local/lib/python3.12/site-packages/airflow/example_dags/example_setup_teardown_taskflow.py
[2025-04-03T22:08:34.574+0000] {logging_mixin.py:190} INFO - [2025-04-03T22:08:34.574+0000] {dag.py:3239} INFO - Sync 1 DAGs
[2025-04-03T22:08:34.587+0000] {logging_mixin.py:190} INFO - [2025-04-03T22:08:34.587+0000] {dag.py:4180} INFO - Setting next_dagrun for example_setup_teardown_taskflow to None, run_after=None
[2025-04-03T22:08:34.600+0000] {processor.py:208} INFO - Processing /home/airflow/.local/lib/python3.12/site-packages/airflow/example_dags/example_setup_teardown_taskflow.py took 0.060 seconds
