[2025-04-03T17:51:46.514+0000] {processor.py:186} INFO - Started process (PID=100) to work on /home/airflow/.local/lib/python3.12/site-packages/airflow/example_dags/example_dag_decorator.py
[2025-04-03T17:51:46.516+0000] {processor.py:914} INFO - Processing file /home/airflow/.local/lib/python3.12/site-packages/airflow/example_dags/example_dag_decorator.py for tasks to queue
[2025-04-03T17:51:46.521+0000] {logging_mixin.py:190} INFO - [2025-04-03T17:51:46.521+0000] {dagbag.py:588} INFO - Filling up the DagBag from /home/airflow/.local/lib/python3.12/site-packages/airflow/example_dags/example_dag_decorator.py
[2025-04-03T17:51:46.550+0000] {processor.py:925} INFO - DAG(s) 'example_dag_decorator' retrieved from /home/airflow/.local/lib/python3.12/site-packages/airflow/example_dags/example_dag_decorator.py
[2025-04-03T17:51:46.760+0000] {logging_mixin.py:190} INFO - [2025-04-03T17:51:46.760+0000] {dag.py:3239} INFO - Sync 1 DAGs
[2025-04-03T17:51:46.792+0000] {logging_mixin.py:190} INFO - [2025-04-03T17:51:46.791+0000] {dag.py:4180} INFO - Setting next_dagrun for example_dag_decorator to None, run_after=None
[2025-04-03T17:51:46.840+0000] {processor.py:208} INFO - Processing /home/airflow/.local/lib/python3.12/site-packages/airflow/example_dags/example_dag_decorator.py took 0.338 seconds
[2025-04-03T17:52:17.224+0000] {processor.py:186} INFO - Started process (PID=165) to work on /home/airflow/.local/lib/python3.12/site-packages/airflow/example_dags/example_dag_decorator.py
[2025-04-03T17:52:17.225+0000] {processor.py:914} INFO - Processing file /home/airflow/.local/lib/python3.12/site-packages/airflow/example_dags/example_dag_decorator.py for tasks to queue
[2025-04-03T17:52:17.228+0000] {logging_mixin.py:190} INFO - [2025-04-03T17:52:17.228+0000] {dagbag.py:588} INFO - Filling up the DagBag from /home/airflow/.local/lib/python3.12/site-packages/airflow/example_dags/example_dag_decorator.py
[2025-04-03T17:52:17.239+0000] {processor.py:925} INFO - DAG(s) 'example_dag_decorator' retrieved from /home/airflow/.local/lib/python3.12/site-packages/airflow/example_dags/example_dag_decorator.py
[2025-04-03T17:52:17.300+0000] {logging_mixin.py:190} INFO - [2025-04-03T17:52:17.300+0000] {dag.py:3239} INFO - Sync 1 DAGs
[2025-04-03T17:52:17.312+0000] {logging_mixin.py:190} INFO - [2025-04-03T17:52:17.312+0000] {dag.py:4180} INFO - Setting next_dagrun for example_dag_decorator to None, run_after=None
[2025-04-03T17:52:17.327+0000] {processor.py:208} INFO - Processing /home/airflow/.local/lib/python3.12/site-packages/airflow/example_dags/example_dag_decorator.py took 0.111 seconds
[2025-04-03T17:52:50.716+0000] {processor.py:186} INFO - Started process (PID=230) to work on /home/airflow/.local/lib/python3.12/site-packages/airflow/example_dags/example_dag_decorator.py
[2025-04-03T17:52:50.722+0000] {processor.py:914} INFO - Processing file /home/airflow/.local/lib/python3.12/site-packages/airflow/example_dags/example_dag_decorator.py for tasks to queue
[2025-04-03T17:52:50.725+0000] {logging_mixin.py:190} INFO - [2025-04-03T17:52:50.724+0000] {dagbag.py:588} INFO - Filling up the DagBag from /home/airflow/.local/lib/python3.12/site-packages/airflow/example_dags/example_dag_decorator.py
[2025-04-03T17:52:50.744+0000] {processor.py:925} INFO - DAG(s) 'example_dag_decorator' retrieved from /home/airflow/.local/lib/python3.12/site-packages/airflow/example_dags/example_dag_decorator.py
[2025-04-03T17:52:50.875+0000] {logging_mixin.py:190} INFO - [2025-04-03T17:52:50.875+0000] {dag.py:3239} INFO - Sync 1 DAGs
[2025-04-03T17:52:50.890+0000] {logging_mixin.py:190} INFO - [2025-04-03T17:52:50.890+0000] {dag.py:4180} INFO - Setting next_dagrun for example_dag_decorator to None, run_after=None
[2025-04-03T17:52:50.914+0000] {processor.py:208} INFO - Processing /home/airflow/.local/lib/python3.12/site-packages/airflow/example_dags/example_dag_decorator.py took 0.205 seconds
[2025-04-03T17:53:21.419+0000] {processor.py:186} INFO - Started process (PID=295) to work on /home/airflow/.local/lib/python3.12/site-packages/airflow/example_dags/example_dag_decorator.py
[2025-04-03T17:53:21.457+0000] {processor.py:914} INFO - Processing file /home/airflow/.local/lib/python3.12/site-packages/airflow/example_dags/example_dag_decorator.py for tasks to queue
[2025-04-03T17:53:21.461+0000] {logging_mixin.py:190} INFO - [2025-04-03T17:53:21.460+0000] {dagbag.py:588} INFO - Filling up the DagBag from /home/airflow/.local/lib/python3.12/site-packages/airflow/example_dags/example_dag_decorator.py
[2025-04-03T17:53:21.480+0000] {processor.py:925} INFO - DAG(s) 'example_dag_decorator' retrieved from /home/airflow/.local/lib/python3.12/site-packages/airflow/example_dags/example_dag_decorator.py
[2025-04-03T17:53:21.544+0000] {logging_mixin.py:190} INFO - [2025-04-03T17:53:21.544+0000] {dag.py:3239} INFO - Sync 1 DAGs
[2025-04-03T17:53:21.558+0000] {logging_mixin.py:190} INFO - [2025-04-03T17:53:21.557+0000] {dag.py:4180} INFO - Setting next_dagrun for example_dag_decorator to None, run_after=None
[2025-04-03T17:53:21.579+0000] {processor.py:208} INFO - Processing /home/airflow/.local/lib/python3.12/site-packages/airflow/example_dags/example_dag_decorator.py took 0.166 seconds
[2025-04-03T17:53:52.279+0000] {processor.py:186} INFO - Started process (PID=360) to work on /home/airflow/.local/lib/python3.12/site-packages/airflow/example_dags/example_dag_decorator.py
[2025-04-03T17:53:52.280+0000] {processor.py:914} INFO - Processing file /home/airflow/.local/lib/python3.12/site-packages/airflow/example_dags/example_dag_decorator.py for tasks to queue
[2025-04-03T17:53:52.283+0000] {logging_mixin.py:190} INFO - [2025-04-03T17:53:52.283+0000] {dagbag.py:588} INFO - Filling up the DagBag from /home/airflow/.local/lib/python3.12/site-packages/airflow/example_dags/example_dag_decorator.py
[2025-04-03T17:53:52.296+0000] {processor.py:925} INFO - DAG(s) 'example_dag_decorator' retrieved from /home/airflow/.local/lib/python3.12/site-packages/airflow/example_dags/example_dag_decorator.py
[2025-04-03T17:53:52.358+0000] {logging_mixin.py:190} INFO - [2025-04-03T17:53:52.358+0000] {dag.py:3239} INFO - Sync 1 DAGs
[2025-04-03T17:53:52.371+0000] {logging_mixin.py:190} INFO - [2025-04-03T17:53:52.371+0000] {dag.py:4180} INFO - Setting next_dagrun for example_dag_decorator to None, run_after=None
[2025-04-03T17:53:52.392+0000] {processor.py:208} INFO - Processing /home/airflow/.local/lib/python3.12/site-packages/airflow/example_dags/example_dag_decorator.py took 0.118 seconds
[2025-04-03T17:54:23.451+0000] {processor.py:186} INFO - Started process (PID=425) to work on /home/airflow/.local/lib/python3.12/site-packages/airflow/example_dags/example_dag_decorator.py
[2025-04-03T17:54:23.452+0000] {processor.py:914} INFO - Processing file /home/airflow/.local/lib/python3.12/site-packages/airflow/example_dags/example_dag_decorator.py for tasks to queue
[2025-04-03T17:54:23.455+0000] {logging_mixin.py:190} INFO - [2025-04-03T17:54:23.455+0000] {dagbag.py:588} INFO - Filling up the DagBag from /home/airflow/.local/lib/python3.12/site-packages/airflow/example_dags/example_dag_decorator.py
[2025-04-03T17:54:23.467+0000] {processor.py:925} INFO - DAG(s) 'example_dag_decorator' retrieved from /home/airflow/.local/lib/python3.12/site-packages/airflow/example_dags/example_dag_decorator.py
[2025-04-03T17:54:23.522+0000] {logging_mixin.py:190} INFO - [2025-04-03T17:54:23.522+0000] {dag.py:3239} INFO - Sync 1 DAGs
[2025-04-03T17:54:23.535+0000] {logging_mixin.py:190} INFO - [2025-04-03T17:54:23.535+0000] {dag.py:4180} INFO - Setting next_dagrun for example_dag_decorator to None, run_after=None
[2025-04-03T17:54:23.549+0000] {processor.py:208} INFO - Processing /home/airflow/.local/lib/python3.12/site-packages/airflow/example_dags/example_dag_decorator.py took 0.107 seconds
[2025-04-03T17:54:54.632+0000] {processor.py:186} INFO - Started process (PID=490) to work on /home/airflow/.local/lib/python3.12/site-packages/airflow/example_dags/example_dag_decorator.py
[2025-04-03T17:54:54.633+0000] {processor.py:914} INFO - Processing file /home/airflow/.local/lib/python3.12/site-packages/airflow/example_dags/example_dag_decorator.py for tasks to queue
[2025-04-03T17:54:54.636+0000] {logging_mixin.py:190} INFO - [2025-04-03T17:54:54.636+0000] {dagbag.py:588} INFO - Filling up the DagBag from /home/airflow/.local/lib/python3.12/site-packages/airflow/example_dags/example_dag_decorator.py
[2025-04-03T17:54:54.647+0000] {processor.py:925} INFO - DAG(s) 'example_dag_decorator' retrieved from /home/airflow/.local/lib/python3.12/site-packages/airflow/example_dags/example_dag_decorator.py
[2025-04-03T17:54:54.700+0000] {logging_mixin.py:190} INFO - [2025-04-03T17:54:54.700+0000] {dag.py:3239} INFO - Sync 1 DAGs
[2025-04-03T17:54:54.711+0000] {logging_mixin.py:190} INFO - [2025-04-03T17:54:54.710+0000] {dag.py:4180} INFO - Setting next_dagrun for example_dag_decorator to None, run_after=None
[2025-04-03T17:54:54.725+0000] {processor.py:208} INFO - Processing /home/airflow/.local/lib/python3.12/site-packages/airflow/example_dags/example_dag_decorator.py took 0.101 seconds
[2025-04-03T17:55:26.105+0000] {processor.py:186} INFO - Started process (PID=555) to work on /home/airflow/.local/lib/python3.12/site-packages/airflow/example_dags/example_dag_decorator.py
[2025-04-03T17:55:26.108+0000] {processor.py:914} INFO - Processing file /home/airflow/.local/lib/python3.12/site-packages/airflow/example_dags/example_dag_decorator.py for tasks to queue
[2025-04-03T17:55:26.112+0000] {logging_mixin.py:190} INFO - [2025-04-03T17:55:26.112+0000] {dagbag.py:588} INFO - Filling up the DagBag from /home/airflow/.local/lib/python3.12/site-packages/airflow/example_dags/example_dag_decorator.py
[2025-04-03T17:55:26.124+0000] {processor.py:925} INFO - DAG(s) 'example_dag_decorator' retrieved from /home/airflow/.local/lib/python3.12/site-packages/airflow/example_dags/example_dag_decorator.py
[2025-04-03T17:55:26.183+0000] {logging_mixin.py:190} INFO - [2025-04-03T17:55:26.182+0000] {dag.py:3239} INFO - Sync 1 DAGs
[2025-04-03T17:55:26.194+0000] {logging_mixin.py:190} INFO - [2025-04-03T17:55:26.194+0000] {dag.py:4180} INFO - Setting next_dagrun for example_dag_decorator to None, run_after=None
[2025-04-03T17:55:26.208+0000] {processor.py:208} INFO - Processing /home/airflow/.local/lib/python3.12/site-packages/airflow/example_dags/example_dag_decorator.py took 0.112 seconds
[2025-04-03T17:55:57.364+0000] {processor.py:186} INFO - Started process (PID=620) to work on /home/airflow/.local/lib/python3.12/site-packages/airflow/example_dags/example_dag_decorator.py
[2025-04-03T17:55:57.367+0000] {processor.py:914} INFO - Processing file /home/airflow/.local/lib/python3.12/site-packages/airflow/example_dags/example_dag_decorator.py for tasks to queue
[2025-04-03T17:55:57.369+0000] {logging_mixin.py:190} INFO - [2025-04-03T17:55:57.369+0000] {dagbag.py:588} INFO - Filling up the DagBag from /home/airflow/.local/lib/python3.12/site-packages/airflow/example_dags/example_dag_decorator.py
[2025-04-03T17:55:57.380+0000] {processor.py:925} INFO - DAG(s) 'example_dag_decorator' retrieved from /home/airflow/.local/lib/python3.12/site-packages/airflow/example_dags/example_dag_decorator.py
[2025-04-03T17:55:57.437+0000] {logging_mixin.py:190} INFO - [2025-04-03T17:55:57.437+0000] {dag.py:3239} INFO - Sync 1 DAGs
[2025-04-03T17:55:57.450+0000] {logging_mixin.py:190} INFO - [2025-04-03T17:55:57.450+0000] {dag.py:4180} INFO - Setting next_dagrun for example_dag_decorator to None, run_after=None
[2025-04-03T17:55:57.465+0000] {processor.py:208} INFO - Processing /home/airflow/.local/lib/python3.12/site-packages/airflow/example_dags/example_dag_decorator.py took 0.109 seconds
[2025-04-03T17:56:28.793+0000] {processor.py:186} INFO - Started process (PID=685) to work on /home/airflow/.local/lib/python3.12/site-packages/airflow/example_dags/example_dag_decorator.py
[2025-04-03T17:56:28.794+0000] {processor.py:914} INFO - Processing file /home/airflow/.local/lib/python3.12/site-packages/airflow/example_dags/example_dag_decorator.py for tasks to queue
[2025-04-03T17:56:28.796+0000] {logging_mixin.py:190} INFO - [2025-04-03T17:56:28.796+0000] {dagbag.py:588} INFO - Filling up the DagBag from /home/airflow/.local/lib/python3.12/site-packages/airflow/example_dags/example_dag_decorator.py
[2025-04-03T17:56:28.808+0000] {processor.py:925} INFO - DAG(s) 'example_dag_decorator' retrieved from /home/airflow/.local/lib/python3.12/site-packages/airflow/example_dags/example_dag_decorator.py
[2025-04-03T17:56:28.865+0000] {logging_mixin.py:190} INFO - [2025-04-03T17:56:28.865+0000] {dag.py:3239} INFO - Sync 1 DAGs
[2025-04-03T17:56:28.877+0000] {logging_mixin.py:190} INFO - [2025-04-03T17:56:28.877+0000] {dag.py:4180} INFO - Setting next_dagrun for example_dag_decorator to None, run_after=None
[2025-04-03T17:56:28.891+0000] {processor.py:208} INFO - Processing /home/airflow/.local/lib/python3.12/site-packages/airflow/example_dags/example_dag_decorator.py took 0.107 seconds
[2025-04-03T17:57:00.293+0000] {processor.py:186} INFO - Started process (PID=750) to work on /home/airflow/.local/lib/python3.12/site-packages/airflow/example_dags/example_dag_decorator.py
[2025-04-03T17:57:00.296+0000] {processor.py:914} INFO - Processing file /home/airflow/.local/lib/python3.12/site-packages/airflow/example_dags/example_dag_decorator.py for tasks to queue
[2025-04-03T17:57:00.298+0000] {logging_mixin.py:190} INFO - [2025-04-03T17:57:00.298+0000] {dagbag.py:588} INFO - Filling up the DagBag from /home/airflow/.local/lib/python3.12/site-packages/airflow/example_dags/example_dag_decorator.py
[2025-04-03T17:57:00.310+0000] {processor.py:925} INFO - DAG(s) 'example_dag_decorator' retrieved from /home/airflow/.local/lib/python3.12/site-packages/airflow/example_dags/example_dag_decorator.py
[2025-04-03T17:57:00.364+0000] {logging_mixin.py:190} INFO - [2025-04-03T17:57:00.364+0000] {dag.py:3239} INFO - Sync 1 DAGs
[2025-04-03T17:57:00.376+0000] {logging_mixin.py:190} INFO - [2025-04-03T17:57:00.375+0000] {dag.py:4180} INFO - Setting next_dagrun for example_dag_decorator to None, run_after=None
[2025-04-03T17:57:00.391+0000] {processor.py:208} INFO - Processing /home/airflow/.local/lib/python3.12/site-packages/airflow/example_dags/example_dag_decorator.py took 0.108 seconds
[2025-04-03T17:57:31.660+0000] {processor.py:186} INFO - Started process (PID=815) to work on /home/airflow/.local/lib/python3.12/site-packages/airflow/example_dags/example_dag_decorator.py
[2025-04-03T17:57:31.661+0000] {processor.py:914} INFO - Processing file /home/airflow/.local/lib/python3.12/site-packages/airflow/example_dags/example_dag_decorator.py for tasks to queue
[2025-04-03T17:57:31.663+0000] {logging_mixin.py:190} INFO - [2025-04-03T17:57:31.663+0000] {dagbag.py:588} INFO - Filling up the DagBag from /home/airflow/.local/lib/python3.12/site-packages/airflow/example_dags/example_dag_decorator.py
[2025-04-03T17:57:31.674+0000] {processor.py:925} INFO - DAG(s) 'example_dag_decorator' retrieved from /home/airflow/.local/lib/python3.12/site-packages/airflow/example_dags/example_dag_decorator.py
[2025-04-03T17:57:31.729+0000] {logging_mixin.py:190} INFO - [2025-04-03T17:57:31.728+0000] {dag.py:3239} INFO - Sync 1 DAGs
[2025-04-03T17:57:31.740+0000] {logging_mixin.py:190} INFO - [2025-04-03T17:57:31.740+0000] {dag.py:4180} INFO - Setting next_dagrun for example_dag_decorator to None, run_after=None
[2025-04-03T17:57:31.754+0000] {processor.py:208} INFO - Processing /home/airflow/.local/lib/python3.12/site-packages/airflow/example_dags/example_dag_decorator.py took 0.099 seconds
[2025-04-03T17:58:02.921+0000] {processor.py:186} INFO - Started process (PID=880) to work on /home/airflow/.local/lib/python3.12/site-packages/airflow/example_dags/example_dag_decorator.py
[2025-04-03T17:58:02.924+0000] {processor.py:914} INFO - Processing file /home/airflow/.local/lib/python3.12/site-packages/airflow/example_dags/example_dag_decorator.py for tasks to queue
[2025-04-03T17:58:02.927+0000] {logging_mixin.py:190} INFO - [2025-04-03T17:58:02.926+0000] {dagbag.py:588} INFO - Filling up the DagBag from /home/airflow/.local/lib/python3.12/site-packages/airflow/example_dags/example_dag_decorator.py
[2025-04-03T17:58:02.938+0000] {processor.py:925} INFO - DAG(s) 'example_dag_decorator' retrieved from /home/airflow/.local/lib/python3.12/site-packages/airflow/example_dags/example_dag_decorator.py
[2025-04-03T17:58:02.997+0000] {logging_mixin.py:190} INFO - [2025-04-03T17:58:02.997+0000] {dag.py:3239} INFO - Sync 1 DAGs
[2025-04-03T17:58:03.010+0000] {logging_mixin.py:190} INFO - [2025-04-03T17:58:03.010+0000] {dag.py:4180} INFO - Setting next_dagrun for example_dag_decorator to None, run_after=None
[2025-04-03T17:58:03.025+0000] {processor.py:208} INFO - Processing /home/airflow/.local/lib/python3.12/site-packages/airflow/example_dags/example_dag_decorator.py took 0.113 seconds
[2025-04-03T17:58:33.984+0000] {processor.py:186} INFO - Started process (PID=945) to work on /home/airflow/.local/lib/python3.12/site-packages/airflow/example_dags/example_dag_decorator.py
[2025-04-03T17:58:33.986+0000] {processor.py:914} INFO - Processing file /home/airflow/.local/lib/python3.12/site-packages/airflow/example_dags/example_dag_decorator.py for tasks to queue
[2025-04-03T17:58:33.988+0000] {logging_mixin.py:190} INFO - [2025-04-03T17:58:33.988+0000] {dagbag.py:588} INFO - Filling up the DagBag from /home/airflow/.local/lib/python3.12/site-packages/airflow/example_dags/example_dag_decorator.py
[2025-04-03T17:58:33.999+0000] {processor.py:925} INFO - DAG(s) 'example_dag_decorator' retrieved from /home/airflow/.local/lib/python3.12/site-packages/airflow/example_dags/example_dag_decorator.py
[2025-04-03T17:58:34.057+0000] {logging_mixin.py:190} INFO - [2025-04-03T17:58:34.056+0000] {dag.py:3239} INFO - Sync 1 DAGs
[2025-04-03T17:58:34.070+0000] {logging_mixin.py:190} INFO - [2025-04-03T17:58:34.070+0000] {dag.py:4180} INFO - Setting next_dagrun for example_dag_decorator to None, run_after=None
[2025-04-03T17:58:34.084+0000] {processor.py:208} INFO - Processing /home/airflow/.local/lib/python3.12/site-packages/airflow/example_dags/example_dag_decorator.py took 0.109 seconds
[2025-04-03T17:59:05.300+0000] {processor.py:186} INFO - Started process (PID=1010) to work on /home/airflow/.local/lib/python3.12/site-packages/airflow/example_dags/example_dag_decorator.py
[2025-04-03T17:59:05.302+0000] {processor.py:914} INFO - Processing file /home/airflow/.local/lib/python3.12/site-packages/airflow/example_dags/example_dag_decorator.py for tasks to queue
[2025-04-03T17:59:05.305+0000] {logging_mixin.py:190} INFO - [2025-04-03T17:59:05.304+0000] {dagbag.py:588} INFO - Filling up the DagBag from /home/airflow/.local/lib/python3.12/site-packages/airflow/example_dags/example_dag_decorator.py
[2025-04-03T17:59:05.315+0000] {processor.py:925} INFO - DAG(s) 'example_dag_decorator' retrieved from /home/airflow/.local/lib/python3.12/site-packages/airflow/example_dags/example_dag_decorator.py
[2025-04-03T17:59:05.371+0000] {logging_mixin.py:190} INFO - [2025-04-03T17:59:05.371+0000] {dag.py:3239} INFO - Sync 1 DAGs
[2025-04-03T17:59:05.386+0000] {logging_mixin.py:190} INFO - [2025-04-03T17:59:05.386+0000] {dag.py:4180} INFO - Setting next_dagrun for example_dag_decorator to None, run_after=None
[2025-04-03T17:59:05.405+0000] {processor.py:208} INFO - Processing /home/airflow/.local/lib/python3.12/site-packages/airflow/example_dags/example_dag_decorator.py took 0.114 seconds
[2025-04-03T17:59:36.681+0000] {processor.py:186} INFO - Started process (PID=1075) to work on /home/airflow/.local/lib/python3.12/site-packages/airflow/example_dags/example_dag_decorator.py
[2025-04-03T17:59:36.681+0000] {processor.py:914} INFO - Processing file /home/airflow/.local/lib/python3.12/site-packages/airflow/example_dags/example_dag_decorator.py for tasks to queue
[2025-04-03T17:59:36.684+0000] {logging_mixin.py:190} INFO - [2025-04-03T17:59:36.684+0000] {dagbag.py:588} INFO - Filling up the DagBag from /home/airflow/.local/lib/python3.12/site-packages/airflow/example_dags/example_dag_decorator.py
[2025-04-03T17:59:36.695+0000] {processor.py:925} INFO - DAG(s) 'example_dag_decorator' retrieved from /home/airflow/.local/lib/python3.12/site-packages/airflow/example_dags/example_dag_decorator.py
[2025-04-03T17:59:36.754+0000] {logging_mixin.py:190} INFO - [2025-04-03T17:59:36.754+0000] {dag.py:3239} INFO - Sync 1 DAGs
[2025-04-03T17:59:36.770+0000] {logging_mixin.py:190} INFO - [2025-04-03T17:59:36.769+0000] {dag.py:4180} INFO - Setting next_dagrun for example_dag_decorator to None, run_after=None
[2025-04-03T17:59:36.785+0000] {processor.py:208} INFO - Processing /home/airflow/.local/lib/python3.12/site-packages/airflow/example_dags/example_dag_decorator.py took 0.110 seconds
[2025-04-03T18:00:07.839+0000] {processor.py:186} INFO - Started process (PID=1140) to work on /home/airflow/.local/lib/python3.12/site-packages/airflow/example_dags/example_dag_decorator.py
[2025-04-03T18:00:07.840+0000] {processor.py:914} INFO - Processing file /home/airflow/.local/lib/python3.12/site-packages/airflow/example_dags/example_dag_decorator.py for tasks to queue
[2025-04-03T18:00:07.843+0000] {logging_mixin.py:190} INFO - [2025-04-03T18:00:07.842+0000] {dagbag.py:588} INFO - Filling up the DagBag from /home/airflow/.local/lib/python3.12/site-packages/airflow/example_dags/example_dag_decorator.py
[2025-04-03T18:00:07.854+0000] {processor.py:925} INFO - DAG(s) 'example_dag_decorator' retrieved from /home/airflow/.local/lib/python3.12/site-packages/airflow/example_dags/example_dag_decorator.py
[2025-04-03T18:00:07.910+0000] {logging_mixin.py:190} INFO - [2025-04-03T18:00:07.910+0000] {dag.py:3239} INFO - Sync 1 DAGs
[2025-04-03T18:00:07.922+0000] {logging_mixin.py:190} INFO - [2025-04-03T18:00:07.922+0000] {dag.py:4180} INFO - Setting next_dagrun for example_dag_decorator to None, run_after=None
[2025-04-03T18:00:07.936+0000] {processor.py:208} INFO - Processing /home/airflow/.local/lib/python3.12/site-packages/airflow/example_dags/example_dag_decorator.py took 0.106 seconds
[2025-04-03T18:00:38.474+0000] {processor.py:186} INFO - Started process (PID=1205) to work on /home/airflow/.local/lib/python3.12/site-packages/airflow/example_dags/example_dag_decorator.py
[2025-04-03T18:00:38.477+0000] {processor.py:914} INFO - Processing file /home/airflow/.local/lib/python3.12/site-packages/airflow/example_dags/example_dag_decorator.py for tasks to queue
[2025-04-03T18:00:38.479+0000] {logging_mixin.py:190} INFO - [2025-04-03T18:00:38.479+0000] {dagbag.py:588} INFO - Filling up the DagBag from /home/airflow/.local/lib/python3.12/site-packages/airflow/example_dags/example_dag_decorator.py
[2025-04-03T18:00:38.491+0000] {processor.py:925} INFO - DAG(s) 'example_dag_decorator' retrieved from /home/airflow/.local/lib/python3.12/site-packages/airflow/example_dags/example_dag_decorator.py
[2025-04-03T18:00:38.545+0000] {logging_mixin.py:190} INFO - [2025-04-03T18:00:38.545+0000] {dag.py:3239} INFO - Sync 1 DAGs
[2025-04-03T18:00:38.557+0000] {logging_mixin.py:190} INFO - [2025-04-03T18:00:38.556+0000] {dag.py:4180} INFO - Setting next_dagrun for example_dag_decorator to None, run_after=None
[2025-04-03T18:00:38.570+0000] {processor.py:208} INFO - Processing /home/airflow/.local/lib/python3.12/site-packages/airflow/example_dags/example_dag_decorator.py took 0.105 seconds
[2025-04-03T18:01:09.519+0000] {processor.py:186} INFO - Started process (PID=1276) to work on /home/airflow/.local/lib/python3.12/site-packages/airflow/example_dags/example_dag_decorator.py
[2025-04-03T18:01:09.521+0000] {processor.py:914} INFO - Processing file /home/airflow/.local/lib/python3.12/site-packages/airflow/example_dags/example_dag_decorator.py for tasks to queue
[2025-04-03T18:01:09.524+0000] {logging_mixin.py:190} INFO - [2025-04-03T18:01:09.523+0000] {dagbag.py:588} INFO - Filling up the DagBag from /home/airflow/.local/lib/python3.12/site-packages/airflow/example_dags/example_dag_decorator.py
[2025-04-03T18:01:09.536+0000] {processor.py:925} INFO - DAG(s) 'example_dag_decorator' retrieved from /home/airflow/.local/lib/python3.12/site-packages/airflow/example_dags/example_dag_decorator.py
[2025-04-03T18:01:09.593+0000] {logging_mixin.py:190} INFO - [2025-04-03T18:01:09.593+0000] {dag.py:3239} INFO - Sync 1 DAGs
[2025-04-03T18:01:09.869+0000] {logging_mixin.py:190} INFO - [2025-04-03T18:01:09.869+0000] {dag.py:4180} INFO - Setting next_dagrun for example_dag_decorator to None, run_after=None
[2025-04-03T18:01:09.883+0000] {processor.py:208} INFO - Processing /home/airflow/.local/lib/python3.12/site-packages/airflow/example_dags/example_dag_decorator.py took 0.374 seconds
[2025-04-03T18:01:40.986+0000] {processor.py:186} INFO - Started process (PID=1341) to work on /home/airflow/.local/lib/python3.12/site-packages/airflow/example_dags/example_dag_decorator.py
[2025-04-03T18:01:40.989+0000] {processor.py:914} INFO - Processing file /home/airflow/.local/lib/python3.12/site-packages/airflow/example_dags/example_dag_decorator.py for tasks to queue
[2025-04-03T18:01:40.992+0000] {logging_mixin.py:190} INFO - [2025-04-03T18:01:40.991+0000] {dagbag.py:588} INFO - Filling up the DagBag from /home/airflow/.local/lib/python3.12/site-packages/airflow/example_dags/example_dag_decorator.py
[2025-04-03T18:01:41.004+0000] {processor.py:925} INFO - DAG(s) 'example_dag_decorator' retrieved from /home/airflow/.local/lib/python3.12/site-packages/airflow/example_dags/example_dag_decorator.py
[2025-04-03T18:01:41.056+0000] {logging_mixin.py:190} INFO - [2025-04-03T18:01:41.056+0000] {dag.py:3239} INFO - Sync 1 DAGs
[2025-04-03T18:01:41.323+0000] {logging_mixin.py:190} INFO - [2025-04-03T18:01:41.323+0000] {dag.py:4180} INFO - Setting next_dagrun for example_dag_decorator to None, run_after=None
[2025-04-03T18:01:41.334+0000] {processor.py:208} INFO - Processing /home/airflow/.local/lib/python3.12/site-packages/airflow/example_dags/example_dag_decorator.py took 0.356 seconds
[2025-04-03T18:02:11.843+0000] {processor.py:186} INFO - Started process (PID=1407) to work on /home/airflow/.local/lib/python3.12/site-packages/airflow/example_dags/example_dag_decorator.py
[2025-04-03T18:02:11.843+0000] {processor.py:914} INFO - Processing file /home/airflow/.local/lib/python3.12/site-packages/airflow/example_dags/example_dag_decorator.py for tasks to queue
[2025-04-03T18:02:11.846+0000] {logging_mixin.py:190} INFO - [2025-04-03T18:02:11.846+0000] {dagbag.py:588} INFO - Filling up the DagBag from /home/airflow/.local/lib/python3.12/site-packages/airflow/example_dags/example_dag_decorator.py
[2025-04-03T18:02:11.858+0000] {processor.py:925} INFO - DAG(s) 'example_dag_decorator' retrieved from /home/airflow/.local/lib/python3.12/site-packages/airflow/example_dags/example_dag_decorator.py
[2025-04-03T18:02:11.914+0000] {logging_mixin.py:190} INFO - [2025-04-03T18:02:11.914+0000] {dag.py:3239} INFO - Sync 1 DAGs
[2025-04-03T18:02:11.924+0000] {logging_mixin.py:190} INFO - [2025-04-03T18:02:11.924+0000] {dag.py:4180} INFO - Setting next_dagrun for example_dag_decorator to None, run_after=None
[2025-04-03T18:02:11.938+0000] {processor.py:208} INFO - Processing /home/airflow/.local/lib/python3.12/site-packages/airflow/example_dags/example_dag_decorator.py took 0.100 seconds
[2025-04-03T18:02:42.546+0000] {processor.py:186} INFO - Started process (PID=1471) to work on /home/airflow/.local/lib/python3.12/site-packages/airflow/example_dags/example_dag_decorator.py
[2025-04-03T18:02:42.547+0000] {processor.py:914} INFO - Processing file /home/airflow/.local/lib/python3.12/site-packages/airflow/example_dags/example_dag_decorator.py for tasks to queue
[2025-04-03T18:02:42.551+0000] {logging_mixin.py:190} INFO - [2025-04-03T18:02:42.550+0000] {dagbag.py:588} INFO - Filling up the DagBag from /home/airflow/.local/lib/python3.12/site-packages/airflow/example_dags/example_dag_decorator.py
[2025-04-03T18:02:42.562+0000] {processor.py:925} INFO - DAG(s) 'example_dag_decorator' retrieved from /home/airflow/.local/lib/python3.12/site-packages/airflow/example_dags/example_dag_decorator.py
[2025-04-03T18:02:42.619+0000] {logging_mixin.py:190} INFO - [2025-04-03T18:02:42.619+0000] {dag.py:3239} INFO - Sync 1 DAGs
[2025-04-03T18:02:42.631+0000] {logging_mixin.py:190} INFO - [2025-04-03T18:02:42.631+0000] {dag.py:4180} INFO - Setting next_dagrun for example_dag_decorator to None, run_after=None
[2025-04-03T18:02:42.645+0000] {processor.py:208} INFO - Processing /home/airflow/.local/lib/python3.12/site-packages/airflow/example_dags/example_dag_decorator.py took 0.108 seconds
[2025-04-03T18:03:13.433+0000] {processor.py:186} INFO - Started process (PID=1536) to work on /home/airflow/.local/lib/python3.12/site-packages/airflow/example_dags/example_dag_decorator.py
[2025-04-03T18:03:13.434+0000] {processor.py:914} INFO - Processing file /home/airflow/.local/lib/python3.12/site-packages/airflow/example_dags/example_dag_decorator.py for tasks to queue
[2025-04-03T18:03:13.437+0000] {logging_mixin.py:190} INFO - [2025-04-03T18:03:13.436+0000] {dagbag.py:588} INFO - Filling up the DagBag from /home/airflow/.local/lib/python3.12/site-packages/airflow/example_dags/example_dag_decorator.py
[2025-04-03T18:03:13.447+0000] {processor.py:925} INFO - DAG(s) 'example_dag_decorator' retrieved from /home/airflow/.local/lib/python3.12/site-packages/airflow/example_dags/example_dag_decorator.py
[2025-04-03T18:03:13.755+0000] {logging_mixin.py:190} INFO - [2025-04-03T18:03:13.755+0000] {dag.py:3239} INFO - Sync 1 DAGs
[2025-04-03T18:03:13.764+0000] {logging_mixin.py:190} INFO - [2025-04-03T18:03:13.764+0000] {dag.py:4180} INFO - Setting next_dagrun for example_dag_decorator to None, run_after=None
[2025-04-03T18:03:13.778+0000] {processor.py:208} INFO - Processing /home/airflow/.local/lib/python3.12/site-packages/airflow/example_dags/example_dag_decorator.py took 0.352 seconds
[2025-04-03T18:03:43.909+0000] {processor.py:186} INFO - Started process (PID=1601) to work on /home/airflow/.local/lib/python3.12/site-packages/airflow/example_dags/example_dag_decorator.py
[2025-04-03T18:03:43.911+0000] {processor.py:914} INFO - Processing file /home/airflow/.local/lib/python3.12/site-packages/airflow/example_dags/example_dag_decorator.py for tasks to queue
[2025-04-03T18:03:43.914+0000] {logging_mixin.py:190} INFO - [2025-04-03T18:03:43.914+0000] {dagbag.py:588} INFO - Filling up the DagBag from /home/airflow/.local/lib/python3.12/site-packages/airflow/example_dags/example_dag_decorator.py
[2025-04-03T18:03:43.925+0000] {processor.py:925} INFO - DAG(s) 'example_dag_decorator' retrieved from /home/airflow/.local/lib/python3.12/site-packages/airflow/example_dags/example_dag_decorator.py
[2025-04-03T18:03:43.983+0000] {logging_mixin.py:190} INFO - [2025-04-03T18:03:43.982+0000] {dag.py:3239} INFO - Sync 1 DAGs
[2025-04-03T18:03:44.254+0000] {logging_mixin.py:190} INFO - [2025-04-03T18:03:44.254+0000] {dag.py:4180} INFO - Setting next_dagrun for example_dag_decorator to None, run_after=None
[2025-04-03T18:03:44.267+0000] {processor.py:208} INFO - Processing /home/airflow/.local/lib/python3.12/site-packages/airflow/example_dags/example_dag_decorator.py took 0.367 seconds
[2025-04-03T18:04:15.011+0000] {processor.py:186} INFO - Started process (PID=1667) to work on /home/airflow/.local/lib/python3.12/site-packages/airflow/example_dags/example_dag_decorator.py
[2025-04-03T18:04:15.012+0000] {processor.py:914} INFO - Processing file /home/airflow/.local/lib/python3.12/site-packages/airflow/example_dags/example_dag_decorator.py for tasks to queue
[2025-04-03T18:04:15.015+0000] {logging_mixin.py:190} INFO - [2025-04-03T18:04:15.014+0000] {dagbag.py:588} INFO - Filling up the DagBag from /home/airflow/.local/lib/python3.12/site-packages/airflow/example_dags/example_dag_decorator.py
[2025-04-03T18:04:15.027+0000] {processor.py:925} INFO - DAG(s) 'example_dag_decorator' retrieved from /home/airflow/.local/lib/python3.12/site-packages/airflow/example_dags/example_dag_decorator.py
[2025-04-03T18:04:15.081+0000] {logging_mixin.py:190} INFO - [2025-04-03T18:04:15.080+0000] {dag.py:3239} INFO - Sync 1 DAGs
[2025-04-03T18:04:15.093+0000] {logging_mixin.py:190} INFO - [2025-04-03T18:04:15.093+0000] {dag.py:4180} INFO - Setting next_dagrun for example_dag_decorator to None, run_after=None
[2025-04-03T18:04:15.353+0000] {processor.py:208} INFO - Processing /home/airflow/.local/lib/python3.12/site-packages/airflow/example_dags/example_dag_decorator.py took 0.349 seconds
[2025-04-03T18:04:46.005+0000] {processor.py:186} INFO - Started process (PID=1731) to work on /home/airflow/.local/lib/python3.12/site-packages/airflow/example_dags/example_dag_decorator.py
[2025-04-03T18:04:46.006+0000] {processor.py:914} INFO - Processing file /home/airflow/.local/lib/python3.12/site-packages/airflow/example_dags/example_dag_decorator.py for tasks to queue
[2025-04-03T18:04:46.008+0000] {logging_mixin.py:190} INFO - [2025-04-03T18:04:46.008+0000] {dagbag.py:588} INFO - Filling up the DagBag from /home/airflow/.local/lib/python3.12/site-packages/airflow/example_dags/example_dag_decorator.py
[2025-04-03T18:04:46.020+0000] {processor.py:925} INFO - DAG(s) 'example_dag_decorator' retrieved from /home/airflow/.local/lib/python3.12/site-packages/airflow/example_dags/example_dag_decorator.py
[2025-04-03T18:04:46.334+0000] {logging_mixin.py:190} INFO - [2025-04-03T18:04:46.334+0000] {dag.py:3239} INFO - Sync 1 DAGs
[2025-04-03T18:04:46.343+0000] {logging_mixin.py:190} INFO - [2025-04-03T18:04:46.343+0000] {dag.py:4180} INFO - Setting next_dagrun for example_dag_decorator to None, run_after=None
[2025-04-03T18:04:46.356+0000] {processor.py:208} INFO - Processing /home/airflow/.local/lib/python3.12/site-packages/airflow/example_dags/example_dag_decorator.py took 0.357 seconds
[2025-04-03T18:05:16.969+0000] {processor.py:186} INFO - Started process (PID=1795) to work on /home/airflow/.local/lib/python3.12/site-packages/airflow/example_dags/example_dag_decorator.py
[2025-04-03T18:05:16.970+0000] {processor.py:914} INFO - Processing file /home/airflow/.local/lib/python3.12/site-packages/airflow/example_dags/example_dag_decorator.py for tasks to queue
[2025-04-03T18:05:16.973+0000] {logging_mixin.py:190} INFO - [2025-04-03T18:05:16.973+0000] {dagbag.py:588} INFO - Filling up the DagBag from /home/airflow/.local/lib/python3.12/site-packages/airflow/example_dags/example_dag_decorator.py
[2025-04-03T18:05:16.984+0000] {processor.py:925} INFO - DAG(s) 'example_dag_decorator' retrieved from /home/airflow/.local/lib/python3.12/site-packages/airflow/example_dags/example_dag_decorator.py
[2025-04-03T18:05:17.301+0000] {logging_mixin.py:190} INFO - [2025-04-03T18:05:17.301+0000] {dag.py:3239} INFO - Sync 1 DAGs
[2025-04-03T18:05:17.311+0000] {logging_mixin.py:190} INFO - [2025-04-03T18:05:17.311+0000] {dag.py:4180} INFO - Setting next_dagrun for example_dag_decorator to None, run_after=None
[2025-04-03T18:05:17.323+0000] {processor.py:208} INFO - Processing /home/airflow/.local/lib/python3.12/site-packages/airflow/example_dags/example_dag_decorator.py took 0.363 seconds
[2025-04-03T18:05:48.215+0000] {processor.py:186} INFO - Started process (PID=1860) to work on /home/airflow/.local/lib/python3.12/site-packages/airflow/example_dags/example_dag_decorator.py
[2025-04-03T18:05:48.217+0000] {processor.py:914} INFO - Processing file /home/airflow/.local/lib/python3.12/site-packages/airflow/example_dags/example_dag_decorator.py for tasks to queue
[2025-04-03T18:05:48.220+0000] {logging_mixin.py:190} INFO - [2025-04-03T18:05:48.219+0000] {dagbag.py:588} INFO - Filling up the DagBag from /home/airflow/.local/lib/python3.12/site-packages/airflow/example_dags/example_dag_decorator.py
[2025-04-03T18:05:48.233+0000] {processor.py:925} INFO - DAG(s) 'example_dag_decorator' retrieved from /home/airflow/.local/lib/python3.12/site-packages/airflow/example_dags/example_dag_decorator.py
[2025-04-03T18:05:48.254+0000] {logging_mixin.py:190} INFO - [2025-04-03T18:05:48.254+0000] {dag.py:3239} INFO - Sync 1 DAGs
[2025-04-03T18:05:48.268+0000] {logging_mixin.py:190} INFO - [2025-04-03T18:05:48.267+0000] {dag.py:4180} INFO - Setting next_dagrun for example_dag_decorator to None, run_after=None
[2025-04-03T18:05:48.590+0000] {processor.py:208} INFO - Processing /home/airflow/.local/lib/python3.12/site-packages/airflow/example_dags/example_dag_decorator.py took 0.385 seconds
[2025-04-03T18:06:18.660+0000] {processor.py:186} INFO - Started process (PID=1926) to work on /home/airflow/.local/lib/python3.12/site-packages/airflow/example_dags/example_dag_decorator.py
[2025-04-03T18:06:18.661+0000] {processor.py:914} INFO - Processing file /home/airflow/.local/lib/python3.12/site-packages/airflow/example_dags/example_dag_decorator.py for tasks to queue
[2025-04-03T18:06:18.664+0000] {logging_mixin.py:190} INFO - [2025-04-03T18:06:18.664+0000] {dagbag.py:588} INFO - Filling up the DagBag from /home/airflow/.local/lib/python3.12/site-packages/airflow/example_dags/example_dag_decorator.py
[2025-04-03T18:06:18.675+0000] {processor.py:925} INFO - DAG(s) 'example_dag_decorator' retrieved from /home/airflow/.local/lib/python3.12/site-packages/airflow/example_dags/example_dag_decorator.py
[2025-04-03T18:06:18.729+0000] {logging_mixin.py:190} INFO - [2025-04-03T18:06:18.729+0000] {dag.py:3239} INFO - Sync 1 DAGs
[2025-04-03T18:06:18.741+0000] {logging_mixin.py:190} INFO - [2025-04-03T18:06:18.741+0000] {dag.py:4180} INFO - Setting next_dagrun for example_dag_decorator to None, run_after=None
[2025-04-03T18:06:18.758+0000] {processor.py:208} INFO - Processing /home/airflow/.local/lib/python3.12/site-packages/airflow/example_dags/example_dag_decorator.py took 0.106 seconds
[2025-04-03T18:06:49.342+0000] {processor.py:186} INFO - Started process (PID=1990) to work on /home/airflow/.local/lib/python3.12/site-packages/airflow/example_dags/example_dag_decorator.py
[2025-04-03T18:06:49.345+0000] {processor.py:914} INFO - Processing file /home/airflow/.local/lib/python3.12/site-packages/airflow/example_dags/example_dag_decorator.py for tasks to queue
[2025-04-03T18:06:49.348+0000] {logging_mixin.py:190} INFO - [2025-04-03T18:06:49.348+0000] {dagbag.py:588} INFO - Filling up the DagBag from /home/airflow/.local/lib/python3.12/site-packages/airflow/example_dags/example_dag_decorator.py
[2025-04-03T18:06:49.359+0000] {processor.py:925} INFO - DAG(s) 'example_dag_decorator' retrieved from /home/airflow/.local/lib/python3.12/site-packages/airflow/example_dags/example_dag_decorator.py
[2025-04-03T18:06:49.419+0000] {logging_mixin.py:190} INFO - [2025-04-03T18:06:49.419+0000] {dag.py:3239} INFO - Sync 1 DAGs
[2025-04-03T18:06:49.432+0000] {logging_mixin.py:190} INFO - [2025-04-03T18:06:49.432+0000] {dag.py:4180} INFO - Setting next_dagrun for example_dag_decorator to None, run_after=None
[2025-04-03T18:06:49.446+0000] {processor.py:208} INFO - Processing /home/airflow/.local/lib/python3.12/site-packages/airflow/example_dags/example_dag_decorator.py took 0.112 seconds
[2025-04-03T18:07:19.976+0000] {processor.py:186} INFO - Started process (PID=2055) to work on /home/airflow/.local/lib/python3.12/site-packages/airflow/example_dags/example_dag_decorator.py
[2025-04-03T18:07:19.977+0000] {processor.py:914} INFO - Processing file /home/airflow/.local/lib/python3.12/site-packages/airflow/example_dags/example_dag_decorator.py for tasks to queue
[2025-04-03T18:07:19.980+0000] {logging_mixin.py:190} INFO - [2025-04-03T18:07:19.980+0000] {dagbag.py:588} INFO - Filling up the DagBag from /home/airflow/.local/lib/python3.12/site-packages/airflow/example_dags/example_dag_decorator.py
[2025-04-03T18:07:19.993+0000] {processor.py:925} INFO - DAG(s) 'example_dag_decorator' retrieved from /home/airflow/.local/lib/python3.12/site-packages/airflow/example_dags/example_dag_decorator.py
[2025-04-03T18:07:20.044+0000] {logging_mixin.py:190} INFO - [2025-04-03T18:07:20.044+0000] {dag.py:3239} INFO - Sync 1 DAGs
[2025-04-03T18:07:20.056+0000] {logging_mixin.py:190} INFO - [2025-04-03T18:07:20.056+0000] {dag.py:4180} INFO - Setting next_dagrun for example_dag_decorator to None, run_after=None
[2025-04-03T18:07:20.070+0000] {processor.py:208} INFO - Processing /home/airflow/.local/lib/python3.12/site-packages/airflow/example_dags/example_dag_decorator.py took 0.099 seconds
[2025-04-03T18:07:50.426+0000] {processor.py:186} INFO - Started process (PID=2120) to work on /home/airflow/.local/lib/python3.12/site-packages/airflow/example_dags/example_dag_decorator.py
[2025-04-03T18:07:50.429+0000] {processor.py:914} INFO - Processing file /home/airflow/.local/lib/python3.12/site-packages/airflow/example_dags/example_dag_decorator.py for tasks to queue
[2025-04-03T18:07:50.431+0000] {logging_mixin.py:190} INFO - [2025-04-03T18:07:50.431+0000] {dagbag.py:588} INFO - Filling up the DagBag from /home/airflow/.local/lib/python3.12/site-packages/airflow/example_dags/example_dag_decorator.py
[2025-04-03T18:07:50.440+0000] {processor.py:925} INFO - DAG(s) 'example_dag_decorator' retrieved from /home/airflow/.local/lib/python3.12/site-packages/airflow/example_dags/example_dag_decorator.py
[2025-04-03T18:07:50.492+0000] {logging_mixin.py:190} INFO - [2025-04-03T18:07:50.491+0000] {dag.py:3239} INFO - Sync 1 DAGs
[2025-04-03T18:07:50.503+0000] {logging_mixin.py:190} INFO - [2025-04-03T18:07:50.502+0000] {dag.py:4180} INFO - Setting next_dagrun for example_dag_decorator to None, run_after=None
[2025-04-03T18:07:50.516+0000] {processor.py:208} INFO - Processing /home/airflow/.local/lib/python3.12/site-packages/airflow/example_dags/example_dag_decorator.py took 0.094 seconds
[2025-04-03T18:08:20.905+0000] {processor.py:186} INFO - Started process (PID=2185) to work on /home/airflow/.local/lib/python3.12/site-packages/airflow/example_dags/example_dag_decorator.py
[2025-04-03T18:08:20.906+0000] {processor.py:914} INFO - Processing file /home/airflow/.local/lib/python3.12/site-packages/airflow/example_dags/example_dag_decorator.py for tasks to queue
[2025-04-03T18:08:20.909+0000] {logging_mixin.py:190} INFO - [2025-04-03T18:08:20.909+0000] {dagbag.py:588} INFO - Filling up the DagBag from /home/airflow/.local/lib/python3.12/site-packages/airflow/example_dags/example_dag_decorator.py
[2025-04-03T18:08:20.918+0000] {processor.py:925} INFO - DAG(s) 'example_dag_decorator' retrieved from /home/airflow/.local/lib/python3.12/site-packages/airflow/example_dags/example_dag_decorator.py
[2025-04-03T18:08:20.973+0000] {logging_mixin.py:190} INFO - [2025-04-03T18:08:20.973+0000] {dag.py:3239} INFO - Sync 1 DAGs
[2025-04-03T18:08:20.984+0000] {logging_mixin.py:190} INFO - [2025-04-03T18:08:20.984+0000] {dag.py:4180} INFO - Setting next_dagrun for example_dag_decorator to None, run_after=None
[2025-04-03T18:08:20.998+0000] {processor.py:208} INFO - Processing /home/airflow/.local/lib/python3.12/site-packages/airflow/example_dags/example_dag_decorator.py took 0.100 seconds
[2025-04-03T18:08:51.379+0000] {processor.py:186} INFO - Started process (PID=2250) to work on /home/airflow/.local/lib/python3.12/site-packages/airflow/example_dags/example_dag_decorator.py
[2025-04-03T18:08:51.380+0000] {processor.py:914} INFO - Processing file /home/airflow/.local/lib/python3.12/site-packages/airflow/example_dags/example_dag_decorator.py for tasks to queue
[2025-04-03T18:08:51.384+0000] {logging_mixin.py:190} INFO - [2025-04-03T18:08:51.383+0000] {dagbag.py:588} INFO - Filling up the DagBag from /home/airflow/.local/lib/python3.12/site-packages/airflow/example_dags/example_dag_decorator.py
[2025-04-03T18:08:51.395+0000] {processor.py:925} INFO - DAG(s) 'example_dag_decorator' retrieved from /home/airflow/.local/lib/python3.12/site-packages/airflow/example_dags/example_dag_decorator.py
[2025-04-03T18:08:51.447+0000] {logging_mixin.py:190} INFO - [2025-04-03T18:08:51.447+0000] {dag.py:3239} INFO - Sync 1 DAGs
[2025-04-03T18:08:51.458+0000] {logging_mixin.py:190} INFO - [2025-04-03T18:08:51.458+0000] {dag.py:4180} INFO - Setting next_dagrun for example_dag_decorator to None, run_after=None
[2025-04-03T18:08:51.471+0000] {processor.py:208} INFO - Processing /home/airflow/.local/lib/python3.12/site-packages/airflow/example_dags/example_dag_decorator.py took 0.100 seconds
[2025-04-03T18:09:21.649+0000] {processor.py:186} INFO - Started process (PID=2315) to work on /home/airflow/.local/lib/python3.12/site-packages/airflow/example_dags/example_dag_decorator.py
[2025-04-03T18:09:21.650+0000] {processor.py:914} INFO - Processing file /home/airflow/.local/lib/python3.12/site-packages/airflow/example_dags/example_dag_decorator.py for tasks to queue
[2025-04-03T18:09:21.654+0000] {logging_mixin.py:190} INFO - [2025-04-03T18:09:21.653+0000] {dagbag.py:588} INFO - Filling up the DagBag from /home/airflow/.local/lib/python3.12/site-packages/airflow/example_dags/example_dag_decorator.py
[2025-04-03T18:09:21.664+0000] {processor.py:925} INFO - DAG(s) 'example_dag_decorator' retrieved from /home/airflow/.local/lib/python3.12/site-packages/airflow/example_dags/example_dag_decorator.py
[2025-04-03T18:09:21.714+0000] {logging_mixin.py:190} INFO - [2025-04-03T18:09:21.714+0000] {dag.py:3239} INFO - Sync 1 DAGs
[2025-04-03T18:09:21.726+0000] {logging_mixin.py:190} INFO - [2025-04-03T18:09:21.725+0000] {dag.py:4180} INFO - Setting next_dagrun for example_dag_decorator to None, run_after=None
[2025-04-03T18:09:21.739+0000] {processor.py:208} INFO - Processing /home/airflow/.local/lib/python3.12/site-packages/airflow/example_dags/example_dag_decorator.py took 0.097 seconds
[2025-04-03T18:09:52.129+0000] {processor.py:186} INFO - Started process (PID=2380) to work on /home/airflow/.local/lib/python3.12/site-packages/airflow/example_dags/example_dag_decorator.py
[2025-04-03T18:09:52.130+0000] {processor.py:914} INFO - Processing file /home/airflow/.local/lib/python3.12/site-packages/airflow/example_dags/example_dag_decorator.py for tasks to queue
[2025-04-03T18:09:52.133+0000] {logging_mixin.py:190} INFO - [2025-04-03T18:09:52.133+0000] {dagbag.py:588} INFO - Filling up the DagBag from /home/airflow/.local/lib/python3.12/site-packages/airflow/example_dags/example_dag_decorator.py
[2025-04-03T18:09:52.142+0000] {processor.py:925} INFO - DAG(s) 'example_dag_decorator' retrieved from /home/airflow/.local/lib/python3.12/site-packages/airflow/example_dags/example_dag_decorator.py
[2025-04-03T18:09:52.196+0000] {logging_mixin.py:190} INFO - [2025-04-03T18:09:52.196+0000] {dag.py:3239} INFO - Sync 1 DAGs
[2025-04-03T18:09:52.208+0000] {logging_mixin.py:190} INFO - [2025-04-03T18:09:52.207+0000] {dag.py:4180} INFO - Setting next_dagrun for example_dag_decorator to None, run_after=None
[2025-04-03T18:09:52.222+0000] {processor.py:208} INFO - Processing /home/airflow/.local/lib/python3.12/site-packages/airflow/example_dags/example_dag_decorator.py took 0.101 seconds
[2025-04-03T18:10:22.582+0000] {processor.py:186} INFO - Started process (PID=2445) to work on /home/airflow/.local/lib/python3.12/site-packages/airflow/example_dags/example_dag_decorator.py
[2025-04-03T18:10:22.583+0000] {processor.py:914} INFO - Processing file /home/airflow/.local/lib/python3.12/site-packages/airflow/example_dags/example_dag_decorator.py for tasks to queue
[2025-04-03T18:10:22.585+0000] {logging_mixin.py:190} INFO - [2025-04-03T18:10:22.585+0000] {dagbag.py:588} INFO - Filling up the DagBag from /home/airflow/.local/lib/python3.12/site-packages/airflow/example_dags/example_dag_decorator.py
[2025-04-03T18:10:22.595+0000] {processor.py:925} INFO - DAG(s) 'example_dag_decorator' retrieved from /home/airflow/.local/lib/python3.12/site-packages/airflow/example_dags/example_dag_decorator.py
[2025-04-03T18:10:22.653+0000] {logging_mixin.py:190} INFO - [2025-04-03T18:10:22.653+0000] {dag.py:3239} INFO - Sync 1 DAGs
[2025-04-03T18:10:22.666+0000] {logging_mixin.py:190} INFO - [2025-04-03T18:10:22.665+0000] {dag.py:4180} INFO - Setting next_dagrun for example_dag_decorator to None, run_after=None
[2025-04-03T18:10:22.680+0000] {processor.py:208} INFO - Processing /home/airflow/.local/lib/python3.12/site-packages/airflow/example_dags/example_dag_decorator.py took 0.107 seconds
[2025-04-03T18:10:53.144+0000] {processor.py:186} INFO - Started process (PID=2510) to work on /home/airflow/.local/lib/python3.12/site-packages/airflow/example_dags/example_dag_decorator.py
[2025-04-03T18:10:53.144+0000] {processor.py:914} INFO - Processing file /home/airflow/.local/lib/python3.12/site-packages/airflow/example_dags/example_dag_decorator.py for tasks to queue
[2025-04-03T18:10:53.146+0000] {logging_mixin.py:190} INFO - [2025-04-03T18:10:53.146+0000] {dagbag.py:588} INFO - Filling up the DagBag from /home/airflow/.local/lib/python3.12/site-packages/airflow/example_dags/example_dag_decorator.py
[2025-04-03T18:10:53.155+0000] {processor.py:925} INFO - DAG(s) 'example_dag_decorator' retrieved from /home/airflow/.local/lib/python3.12/site-packages/airflow/example_dags/example_dag_decorator.py
[2025-04-03T18:10:53.209+0000] {logging_mixin.py:190} INFO - [2025-04-03T18:10:53.209+0000] {dag.py:3239} INFO - Sync 1 DAGs
[2025-04-03T18:10:53.220+0000] {logging_mixin.py:190} INFO - [2025-04-03T18:10:53.220+0000] {dag.py:4180} INFO - Setting next_dagrun for example_dag_decorator to None, run_after=None
[2025-04-03T18:10:53.234+0000] {processor.py:208} INFO - Processing /home/airflow/.local/lib/python3.12/site-packages/airflow/example_dags/example_dag_decorator.py took 0.095 seconds
[2025-04-03T18:11:23.577+0000] {processor.py:186} INFO - Started process (PID=2575) to work on /home/airflow/.local/lib/python3.12/site-packages/airflow/example_dags/example_dag_decorator.py
[2025-04-03T18:11:23.578+0000] {processor.py:914} INFO - Processing file /home/airflow/.local/lib/python3.12/site-packages/airflow/example_dags/example_dag_decorator.py for tasks to queue
[2025-04-03T18:11:23.581+0000] {logging_mixin.py:190} INFO - [2025-04-03T18:11:23.581+0000] {dagbag.py:588} INFO - Filling up the DagBag from /home/airflow/.local/lib/python3.12/site-packages/airflow/example_dags/example_dag_decorator.py
[2025-04-03T18:11:23.591+0000] {processor.py:925} INFO - DAG(s) 'example_dag_decorator' retrieved from /home/airflow/.local/lib/python3.12/site-packages/airflow/example_dags/example_dag_decorator.py
[2025-04-03T18:11:23.648+0000] {logging_mixin.py:190} INFO - [2025-04-03T18:11:23.648+0000] {dag.py:3239} INFO - Sync 1 DAGs
[2025-04-03T18:11:23.660+0000] {logging_mixin.py:190} INFO - [2025-04-03T18:11:23.660+0000] {dag.py:4180} INFO - Setting next_dagrun for example_dag_decorator to None, run_after=None
[2025-04-03T18:11:23.674+0000] {processor.py:208} INFO - Processing /home/airflow/.local/lib/python3.12/site-packages/airflow/example_dags/example_dag_decorator.py took 0.104 seconds
[2025-04-03T18:11:54.130+0000] {processor.py:186} INFO - Started process (PID=2640) to work on /home/airflow/.local/lib/python3.12/site-packages/airflow/example_dags/example_dag_decorator.py
[2025-04-03T18:11:54.131+0000] {processor.py:914} INFO - Processing file /home/airflow/.local/lib/python3.12/site-packages/airflow/example_dags/example_dag_decorator.py for tasks to queue
[2025-04-03T18:11:54.132+0000] {logging_mixin.py:190} INFO - [2025-04-03T18:11:54.132+0000] {dagbag.py:588} INFO - Filling up the DagBag from /home/airflow/.local/lib/python3.12/site-packages/airflow/example_dags/example_dag_decorator.py
[2025-04-03T18:11:54.141+0000] {processor.py:925} INFO - DAG(s) 'example_dag_decorator' retrieved from /home/airflow/.local/lib/python3.12/site-packages/airflow/example_dags/example_dag_decorator.py
[2025-04-03T18:11:54.192+0000] {logging_mixin.py:190} INFO - [2025-04-03T18:11:54.192+0000] {dag.py:3239} INFO - Sync 1 DAGs
[2025-04-03T18:11:54.203+0000] {logging_mixin.py:190} INFO - [2025-04-03T18:11:54.203+0000] {dag.py:4180} INFO - Setting next_dagrun for example_dag_decorator to None, run_after=None
[2025-04-03T18:11:54.216+0000] {processor.py:208} INFO - Processing /home/airflow/.local/lib/python3.12/site-packages/airflow/example_dags/example_dag_decorator.py took 0.091 seconds
[2025-04-03T18:12:24.626+0000] {processor.py:186} INFO - Started process (PID=2705) to work on /home/airflow/.local/lib/python3.12/site-packages/airflow/example_dags/example_dag_decorator.py
[2025-04-03T18:12:24.629+0000] {processor.py:914} INFO - Processing file /home/airflow/.local/lib/python3.12/site-packages/airflow/example_dags/example_dag_decorator.py for tasks to queue
[2025-04-03T18:12:24.632+0000] {logging_mixin.py:190} INFO - [2025-04-03T18:12:24.632+0000] {dagbag.py:588} INFO - Filling up the DagBag from /home/airflow/.local/lib/python3.12/site-packages/airflow/example_dags/example_dag_decorator.py
[2025-04-03T18:12:24.641+0000] {processor.py:925} INFO - DAG(s) 'example_dag_decorator' retrieved from /home/airflow/.local/lib/python3.12/site-packages/airflow/example_dags/example_dag_decorator.py
[2025-04-03T18:12:24.696+0000] {logging_mixin.py:190} INFO - [2025-04-03T18:12:24.696+0000] {dag.py:3239} INFO - Sync 1 DAGs
[2025-04-03T18:12:24.708+0000] {logging_mixin.py:190} INFO - [2025-04-03T18:12:24.707+0000] {dag.py:4180} INFO - Setting next_dagrun for example_dag_decorator to None, run_after=None
[2025-04-03T18:12:24.723+0000] {processor.py:208} INFO - Processing /home/airflow/.local/lib/python3.12/site-packages/airflow/example_dags/example_dag_decorator.py took 0.105 seconds
[2025-04-03T18:12:55.329+0000] {processor.py:186} INFO - Started process (PID=2770) to work on /home/airflow/.local/lib/python3.12/site-packages/airflow/example_dags/example_dag_decorator.py
[2025-04-03T18:12:55.329+0000] {processor.py:914} INFO - Processing file /home/airflow/.local/lib/python3.12/site-packages/airflow/example_dags/example_dag_decorator.py for tasks to queue
[2025-04-03T18:12:55.331+0000] {logging_mixin.py:190} INFO - [2025-04-03T18:12:55.331+0000] {dagbag.py:588} INFO - Filling up the DagBag from /home/airflow/.local/lib/python3.12/site-packages/airflow/example_dags/example_dag_decorator.py
[2025-04-03T18:12:55.341+0000] {processor.py:925} INFO - DAG(s) 'example_dag_decorator' retrieved from /home/airflow/.local/lib/python3.12/site-packages/airflow/example_dags/example_dag_decorator.py
[2025-04-03T18:12:55.392+0000] {logging_mixin.py:190} INFO - [2025-04-03T18:12:55.391+0000] {dag.py:3239} INFO - Sync 1 DAGs
[2025-04-03T18:12:55.402+0000] {logging_mixin.py:190} INFO - [2025-04-03T18:12:55.402+0000] {dag.py:4180} INFO - Setting next_dagrun for example_dag_decorator to None, run_after=None
[2025-04-03T18:12:55.414+0000] {processor.py:208} INFO - Processing /home/airflow/.local/lib/python3.12/site-packages/airflow/example_dags/example_dag_decorator.py took 0.090 seconds
[2025-04-03T18:13:26.058+0000] {processor.py:186} INFO - Started process (PID=2835) to work on /home/airflow/.local/lib/python3.12/site-packages/airflow/example_dags/example_dag_decorator.py
[2025-04-03T18:13:26.059+0000] {processor.py:914} INFO - Processing file /home/airflow/.local/lib/python3.12/site-packages/airflow/example_dags/example_dag_decorator.py for tasks to queue
[2025-04-03T18:13:26.063+0000] {logging_mixin.py:190} INFO - [2025-04-03T18:13:26.062+0000] {dagbag.py:588} INFO - Filling up the DagBag from /home/airflow/.local/lib/python3.12/site-packages/airflow/example_dags/example_dag_decorator.py
[2025-04-03T18:13:26.073+0000] {processor.py:925} INFO - DAG(s) 'example_dag_decorator' retrieved from /home/airflow/.local/lib/python3.12/site-packages/airflow/example_dags/example_dag_decorator.py
[2025-04-03T18:13:26.126+0000] {logging_mixin.py:190} INFO - [2025-04-03T18:13:26.126+0000] {dag.py:3239} INFO - Sync 1 DAGs
[2025-04-03T18:13:26.138+0000] {logging_mixin.py:190} INFO - [2025-04-03T18:13:26.137+0000] {dag.py:4180} INFO - Setting next_dagrun for example_dag_decorator to None, run_after=None
[2025-04-03T18:13:26.150+0000] {processor.py:208} INFO - Processing /home/airflow/.local/lib/python3.12/site-packages/airflow/example_dags/example_dag_decorator.py took 0.100 seconds
[2025-04-03T18:13:56.509+0000] {processor.py:186} INFO - Started process (PID=2900) to work on /home/airflow/.local/lib/python3.12/site-packages/airflow/example_dags/example_dag_decorator.py
[2025-04-03T18:13:56.510+0000] {processor.py:914} INFO - Processing file /home/airflow/.local/lib/python3.12/site-packages/airflow/example_dags/example_dag_decorator.py for tasks to queue
[2025-04-03T18:13:56.513+0000] {logging_mixin.py:190} INFO - [2025-04-03T18:13:56.513+0000] {dagbag.py:588} INFO - Filling up the DagBag from /home/airflow/.local/lib/python3.12/site-packages/airflow/example_dags/example_dag_decorator.py
[2025-04-03T18:13:56.522+0000] {processor.py:925} INFO - DAG(s) 'example_dag_decorator' retrieved from /home/airflow/.local/lib/python3.12/site-packages/airflow/example_dags/example_dag_decorator.py
[2025-04-03T18:13:56.577+0000] {logging_mixin.py:190} INFO - [2025-04-03T18:13:56.577+0000] {dag.py:3239} INFO - Sync 1 DAGs
[2025-04-03T18:13:56.588+0000] {logging_mixin.py:190} INFO - [2025-04-03T18:13:56.588+0000] {dag.py:4180} INFO - Setting next_dagrun for example_dag_decorator to None, run_after=None
[2025-04-03T18:13:56.602+0000] {processor.py:208} INFO - Processing /home/airflow/.local/lib/python3.12/site-packages/airflow/example_dags/example_dag_decorator.py took 0.101 seconds
[2025-04-03T18:14:27.032+0000] {processor.py:186} INFO - Started process (PID=2965) to work on /home/airflow/.local/lib/python3.12/site-packages/airflow/example_dags/example_dag_decorator.py
[2025-04-03T18:14:27.034+0000] {processor.py:914} INFO - Processing file /home/airflow/.local/lib/python3.12/site-packages/airflow/example_dags/example_dag_decorator.py for tasks to queue
[2025-04-03T18:14:27.036+0000] {logging_mixin.py:190} INFO - [2025-04-03T18:14:27.036+0000] {dagbag.py:588} INFO - Filling up the DagBag from /home/airflow/.local/lib/python3.12/site-packages/airflow/example_dags/example_dag_decorator.py
[2025-04-03T18:14:27.046+0000] {processor.py:925} INFO - DAG(s) 'example_dag_decorator' retrieved from /home/airflow/.local/lib/python3.12/site-packages/airflow/example_dags/example_dag_decorator.py
[2025-04-03T18:14:27.100+0000] {logging_mixin.py:190} INFO - [2025-04-03T18:14:27.099+0000] {dag.py:3239} INFO - Sync 1 DAGs
[2025-04-03T18:14:27.110+0000] {logging_mixin.py:190} INFO - [2025-04-03T18:14:27.110+0000] {dag.py:4180} INFO - Setting next_dagrun for example_dag_decorator to None, run_after=None
[2025-04-03T18:14:27.123+0000] {processor.py:208} INFO - Processing /home/airflow/.local/lib/python3.12/site-packages/airflow/example_dags/example_dag_decorator.py took 0.098 seconds
[2025-04-03T18:14:57.395+0000] {processor.py:186} INFO - Started process (PID=3030) to work on /home/airflow/.local/lib/python3.12/site-packages/airflow/example_dags/example_dag_decorator.py
[2025-04-03T18:14:57.398+0000] {processor.py:914} INFO - Processing file /home/airflow/.local/lib/python3.12/site-packages/airflow/example_dags/example_dag_decorator.py for tasks to queue
[2025-04-03T18:14:57.400+0000] {logging_mixin.py:190} INFO - [2025-04-03T18:14:57.399+0000] {dagbag.py:588} INFO - Filling up the DagBag from /home/airflow/.local/lib/python3.12/site-packages/airflow/example_dags/example_dag_decorator.py
[2025-04-03T18:14:57.409+0000] {processor.py:925} INFO - DAG(s) 'example_dag_decorator' retrieved from /home/airflow/.local/lib/python3.12/site-packages/airflow/example_dags/example_dag_decorator.py
[2025-04-03T18:14:57.462+0000] {logging_mixin.py:190} INFO - [2025-04-03T18:14:57.462+0000] {dag.py:3239} INFO - Sync 1 DAGs
[2025-04-03T18:14:57.472+0000] {logging_mixin.py:190} INFO - [2025-04-03T18:14:57.472+0000] {dag.py:4180} INFO - Setting next_dagrun for example_dag_decorator to None, run_after=None
[2025-04-03T18:14:57.486+0000] {processor.py:208} INFO - Processing /home/airflow/.local/lib/python3.12/site-packages/airflow/example_dags/example_dag_decorator.py took 0.099 seconds
[2025-04-03T18:15:28.104+0000] {processor.py:186} INFO - Started process (PID=3095) to work on /home/airflow/.local/lib/python3.12/site-packages/airflow/example_dags/example_dag_decorator.py
[2025-04-03T18:15:28.104+0000] {processor.py:914} INFO - Processing file /home/airflow/.local/lib/python3.12/site-packages/airflow/example_dags/example_dag_decorator.py for tasks to queue
[2025-04-03T18:15:28.107+0000] {logging_mixin.py:190} INFO - [2025-04-03T18:15:28.106+0000] {dagbag.py:588} INFO - Filling up the DagBag from /home/airflow/.local/lib/python3.12/site-packages/airflow/example_dags/example_dag_decorator.py
[2025-04-03T18:15:28.117+0000] {processor.py:925} INFO - DAG(s) 'example_dag_decorator' retrieved from /home/airflow/.local/lib/python3.12/site-packages/airflow/example_dags/example_dag_decorator.py
[2025-04-03T18:15:28.170+0000] {logging_mixin.py:190} INFO - [2025-04-03T18:15:28.170+0000] {dag.py:3239} INFO - Sync 1 DAGs
[2025-04-03T18:15:28.181+0000] {logging_mixin.py:190} INFO - [2025-04-03T18:15:28.180+0000] {dag.py:4180} INFO - Setting next_dagrun for example_dag_decorator to None, run_after=None
[2025-04-03T18:15:28.193+0000] {processor.py:208} INFO - Processing /home/airflow/.local/lib/python3.12/site-packages/airflow/example_dags/example_dag_decorator.py took 0.095 seconds
[2025-04-03T18:15:58.729+0000] {processor.py:186} INFO - Started process (PID=3160) to work on /home/airflow/.local/lib/python3.12/site-packages/airflow/example_dags/example_dag_decorator.py
[2025-04-03T18:15:58.730+0000] {processor.py:914} INFO - Processing file /home/airflow/.local/lib/python3.12/site-packages/airflow/example_dags/example_dag_decorator.py for tasks to queue
[2025-04-03T18:15:58.733+0000] {logging_mixin.py:190} INFO - [2025-04-03T18:15:58.733+0000] {dagbag.py:588} INFO - Filling up the DagBag from /home/airflow/.local/lib/python3.12/site-packages/airflow/example_dags/example_dag_decorator.py
[2025-04-03T18:15:58.743+0000] {processor.py:925} INFO - DAG(s) 'example_dag_decorator' retrieved from /home/airflow/.local/lib/python3.12/site-packages/airflow/example_dags/example_dag_decorator.py
[2025-04-03T18:15:58.799+0000] {logging_mixin.py:190} INFO - [2025-04-03T18:15:58.799+0000] {dag.py:3239} INFO - Sync 1 DAGs
[2025-04-03T18:15:58.811+0000] {logging_mixin.py:190} INFO - [2025-04-03T18:15:58.811+0000] {dag.py:4180} INFO - Setting next_dagrun for example_dag_decorator to None, run_after=None
[2025-04-03T18:15:58.824+0000] {processor.py:208} INFO - Processing /home/airflow/.local/lib/python3.12/site-packages/airflow/example_dags/example_dag_decorator.py took 0.103 seconds
[2025-04-03T18:16:29.021+0000] {processor.py:186} INFO - Started process (PID=3225) to work on /home/airflow/.local/lib/python3.12/site-packages/airflow/example_dags/example_dag_decorator.py
[2025-04-03T18:16:29.022+0000] {processor.py:914} INFO - Processing file /home/airflow/.local/lib/python3.12/site-packages/airflow/example_dags/example_dag_decorator.py for tasks to queue
[2025-04-03T18:16:29.024+0000] {logging_mixin.py:190} INFO - [2025-04-03T18:16:29.024+0000] {dagbag.py:588} INFO - Filling up the DagBag from /home/airflow/.local/lib/python3.12/site-packages/airflow/example_dags/example_dag_decorator.py
[2025-04-03T18:16:29.034+0000] {processor.py:925} INFO - DAG(s) 'example_dag_decorator' retrieved from /home/airflow/.local/lib/python3.12/site-packages/airflow/example_dags/example_dag_decorator.py
[2025-04-03T18:16:29.087+0000] {logging_mixin.py:190} INFO - [2025-04-03T18:16:29.087+0000] {dag.py:3239} INFO - Sync 1 DAGs
[2025-04-03T18:16:29.099+0000] {logging_mixin.py:190} INFO - [2025-04-03T18:16:29.099+0000] {dag.py:4180} INFO - Setting next_dagrun for example_dag_decorator to None, run_after=None
[2025-04-03T18:16:29.113+0000] {processor.py:208} INFO - Processing /home/airflow/.local/lib/python3.12/site-packages/airflow/example_dags/example_dag_decorator.py took 0.096 seconds
[2025-04-03T18:16:59.699+0000] {processor.py:186} INFO - Started process (PID=3290) to work on /home/airflow/.local/lib/python3.12/site-packages/airflow/example_dags/example_dag_decorator.py
[2025-04-03T18:16:59.700+0000] {processor.py:914} INFO - Processing file /home/airflow/.local/lib/python3.12/site-packages/airflow/example_dags/example_dag_decorator.py for tasks to queue
[2025-04-03T18:16:59.702+0000] {logging_mixin.py:190} INFO - [2025-04-03T18:16:59.701+0000] {dagbag.py:588} INFO - Filling up the DagBag from /home/airflow/.local/lib/python3.12/site-packages/airflow/example_dags/example_dag_decorator.py
[2025-04-03T18:16:59.711+0000] {processor.py:925} INFO - DAG(s) 'example_dag_decorator' retrieved from /home/airflow/.local/lib/python3.12/site-packages/airflow/example_dags/example_dag_decorator.py
[2025-04-03T18:16:59.766+0000] {logging_mixin.py:190} INFO - [2025-04-03T18:16:59.766+0000] {dag.py:3239} INFO - Sync 1 DAGs
[2025-04-03T18:16:59.778+0000] {logging_mixin.py:190} INFO - [2025-04-03T18:16:59.778+0000] {dag.py:4180} INFO - Setting next_dagrun for example_dag_decorator to None, run_after=None
[2025-04-03T18:16:59.794+0000] {processor.py:208} INFO - Processing /home/airflow/.local/lib/python3.12/site-packages/airflow/example_dags/example_dag_decorator.py took 0.100 seconds
[2025-04-03T18:17:30.236+0000] {processor.py:186} INFO - Started process (PID=3355) to work on /home/airflow/.local/lib/python3.12/site-packages/airflow/example_dags/example_dag_decorator.py
[2025-04-03T18:17:30.237+0000] {processor.py:914} INFO - Processing file /home/airflow/.local/lib/python3.12/site-packages/airflow/example_dags/example_dag_decorator.py for tasks to queue
[2025-04-03T18:17:30.239+0000] {logging_mixin.py:190} INFO - [2025-04-03T18:17:30.239+0000] {dagbag.py:588} INFO - Filling up the DagBag from /home/airflow/.local/lib/python3.12/site-packages/airflow/example_dags/example_dag_decorator.py
[2025-04-03T18:17:30.248+0000] {processor.py:925} INFO - DAG(s) 'example_dag_decorator' retrieved from /home/airflow/.local/lib/python3.12/site-packages/airflow/example_dags/example_dag_decorator.py
[2025-04-03T18:17:30.297+0000] {logging_mixin.py:190} INFO - [2025-04-03T18:17:30.296+0000] {dag.py:3239} INFO - Sync 1 DAGs
[2025-04-03T18:17:30.307+0000] {logging_mixin.py:190} INFO - [2025-04-03T18:17:30.307+0000] {dag.py:4180} INFO - Setting next_dagrun for example_dag_decorator to None, run_after=None
[2025-04-03T18:17:30.319+0000] {processor.py:208} INFO - Processing /home/airflow/.local/lib/python3.12/site-packages/airflow/example_dags/example_dag_decorator.py took 0.087 seconds
[2025-04-03T18:18:00.893+0000] {processor.py:186} INFO - Started process (PID=3420) to work on /home/airflow/.local/lib/python3.12/site-packages/airflow/example_dags/example_dag_decorator.py
[2025-04-03T18:18:00.896+0000] {processor.py:914} INFO - Processing file /home/airflow/.local/lib/python3.12/site-packages/airflow/example_dags/example_dag_decorator.py for tasks to queue
[2025-04-03T18:18:00.898+0000] {logging_mixin.py:190} INFO - [2025-04-03T18:18:00.898+0000] {dagbag.py:588} INFO - Filling up the DagBag from /home/airflow/.local/lib/python3.12/site-packages/airflow/example_dags/example_dag_decorator.py
[2025-04-03T18:18:00.908+0000] {processor.py:925} INFO - DAG(s) 'example_dag_decorator' retrieved from /home/airflow/.local/lib/python3.12/site-packages/airflow/example_dags/example_dag_decorator.py
[2025-04-03T18:18:00.962+0000] {logging_mixin.py:190} INFO - [2025-04-03T18:18:00.962+0000] {dag.py:3239} INFO - Sync 1 DAGs
[2025-04-03T18:18:00.973+0000] {logging_mixin.py:190} INFO - [2025-04-03T18:18:00.973+0000] {dag.py:4180} INFO - Setting next_dagrun for example_dag_decorator to None, run_after=None
[2025-04-03T18:18:00.987+0000] {processor.py:208} INFO - Processing /home/airflow/.local/lib/python3.12/site-packages/airflow/example_dags/example_dag_decorator.py took 0.101 seconds
[2025-04-03T18:18:31.464+0000] {processor.py:186} INFO - Started process (PID=3485) to work on /home/airflow/.local/lib/python3.12/site-packages/airflow/example_dags/example_dag_decorator.py
[2025-04-03T18:18:31.467+0000] {processor.py:914} INFO - Processing file /home/airflow/.local/lib/python3.12/site-packages/airflow/example_dags/example_dag_decorator.py for tasks to queue
[2025-04-03T18:18:31.469+0000] {logging_mixin.py:190} INFO - [2025-04-03T18:18:31.469+0000] {dagbag.py:588} INFO - Filling up the DagBag from /home/airflow/.local/lib/python3.12/site-packages/airflow/example_dags/example_dag_decorator.py
[2025-04-03T18:18:31.478+0000] {processor.py:925} INFO - DAG(s) 'example_dag_decorator' retrieved from /home/airflow/.local/lib/python3.12/site-packages/airflow/example_dags/example_dag_decorator.py
[2025-04-03T18:18:31.529+0000] {logging_mixin.py:190} INFO - [2025-04-03T18:18:31.529+0000] {dag.py:3239} INFO - Sync 1 DAGs
[2025-04-03T18:18:31.540+0000] {logging_mixin.py:190} INFO - [2025-04-03T18:18:31.540+0000] {dag.py:4180} INFO - Setting next_dagrun for example_dag_decorator to None, run_after=None
[2025-04-03T18:18:31.554+0000] {processor.py:208} INFO - Processing /home/airflow/.local/lib/python3.12/site-packages/airflow/example_dags/example_dag_decorator.py took 0.097 seconds
[2025-04-03T18:19:01.985+0000] {processor.py:186} INFO - Started process (PID=3550) to work on /home/airflow/.local/lib/python3.12/site-packages/airflow/example_dags/example_dag_decorator.py
[2025-04-03T18:19:01.987+0000] {processor.py:914} INFO - Processing file /home/airflow/.local/lib/python3.12/site-packages/airflow/example_dags/example_dag_decorator.py for tasks to queue
[2025-04-03T18:19:01.990+0000] {logging_mixin.py:190} INFO - [2025-04-03T18:19:01.990+0000] {dagbag.py:588} INFO - Filling up the DagBag from /home/airflow/.local/lib/python3.12/site-packages/airflow/example_dags/example_dag_decorator.py
[2025-04-03T18:19:02.000+0000] {processor.py:925} INFO - DAG(s) 'example_dag_decorator' retrieved from /home/airflow/.local/lib/python3.12/site-packages/airflow/example_dags/example_dag_decorator.py
[2025-04-03T18:19:02.059+0000] {logging_mixin.py:190} INFO - [2025-04-03T18:19:02.058+0000] {dag.py:3239} INFO - Sync 1 DAGs
[2025-04-03T18:19:02.071+0000] {logging_mixin.py:190} INFO - [2025-04-03T18:19:02.071+0000] {dag.py:4180} INFO - Setting next_dagrun for example_dag_decorator to None, run_after=None
[2025-04-03T18:19:02.085+0000] {processor.py:208} INFO - Processing /home/airflow/.local/lib/python3.12/site-packages/airflow/example_dags/example_dag_decorator.py took 0.108 seconds
[2025-04-03T18:19:32.496+0000] {processor.py:186} INFO - Started process (PID=3615) to work on /home/airflow/.local/lib/python3.12/site-packages/airflow/example_dags/example_dag_decorator.py
[2025-04-03T18:19:32.499+0000] {processor.py:914} INFO - Processing file /home/airflow/.local/lib/python3.12/site-packages/airflow/example_dags/example_dag_decorator.py for tasks to queue
[2025-04-03T18:19:32.501+0000] {logging_mixin.py:190} INFO - [2025-04-03T18:19:32.501+0000] {dagbag.py:588} INFO - Filling up the DagBag from /home/airflow/.local/lib/python3.12/site-packages/airflow/example_dags/example_dag_decorator.py
[2025-04-03T18:19:32.511+0000] {processor.py:925} INFO - DAG(s) 'example_dag_decorator' retrieved from /home/airflow/.local/lib/python3.12/site-packages/airflow/example_dags/example_dag_decorator.py
[2025-04-03T18:19:32.563+0000] {logging_mixin.py:190} INFO - [2025-04-03T18:19:32.562+0000] {dag.py:3239} INFO - Sync 1 DAGs
[2025-04-03T18:19:32.574+0000] {logging_mixin.py:190} INFO - [2025-04-03T18:19:32.574+0000] {dag.py:4180} INFO - Setting next_dagrun for example_dag_decorator to None, run_after=None
[2025-04-03T18:19:32.587+0000] {processor.py:208} INFO - Processing /home/airflow/.local/lib/python3.12/site-packages/airflow/example_dags/example_dag_decorator.py took 0.099 seconds
[2025-04-03T18:20:03.096+0000] {processor.py:186} INFO - Started process (PID=3680) to work on /home/airflow/.local/lib/python3.12/site-packages/airflow/example_dags/example_dag_decorator.py
[2025-04-03T18:20:03.097+0000] {processor.py:914} INFO - Processing file /home/airflow/.local/lib/python3.12/site-packages/airflow/example_dags/example_dag_decorator.py for tasks to queue
[2025-04-03T18:20:03.099+0000] {logging_mixin.py:190} INFO - [2025-04-03T18:20:03.098+0000] {dagbag.py:588} INFO - Filling up the DagBag from /home/airflow/.local/lib/python3.12/site-packages/airflow/example_dags/example_dag_decorator.py
[2025-04-03T18:20:03.108+0000] {processor.py:925} INFO - DAG(s) 'example_dag_decorator' retrieved from /home/airflow/.local/lib/python3.12/site-packages/airflow/example_dags/example_dag_decorator.py
[2025-04-03T18:20:03.162+0000] {logging_mixin.py:190} INFO - [2025-04-03T18:20:03.161+0000] {dag.py:3239} INFO - Sync 1 DAGs
[2025-04-03T18:20:03.171+0000] {logging_mixin.py:190} INFO - [2025-04-03T18:20:03.171+0000] {dag.py:4180} INFO - Setting next_dagrun for example_dag_decorator to None, run_after=None
[2025-04-03T18:20:03.185+0000] {processor.py:208} INFO - Processing /home/airflow/.local/lib/python3.12/site-packages/airflow/example_dags/example_dag_decorator.py took 0.098 seconds
[2025-04-03T18:20:33.552+0000] {processor.py:186} INFO - Started process (PID=3745) to work on /home/airflow/.local/lib/python3.12/site-packages/airflow/example_dags/example_dag_decorator.py
[2025-04-03T18:20:33.555+0000] {processor.py:914} INFO - Processing file /home/airflow/.local/lib/python3.12/site-packages/airflow/example_dags/example_dag_decorator.py for tasks to queue
[2025-04-03T18:20:33.557+0000] {logging_mixin.py:190} INFO - [2025-04-03T18:20:33.557+0000] {dagbag.py:588} INFO - Filling up the DagBag from /home/airflow/.local/lib/python3.12/site-packages/airflow/example_dags/example_dag_decorator.py
[2025-04-03T18:20:33.568+0000] {processor.py:925} INFO - DAG(s) 'example_dag_decorator' retrieved from /home/airflow/.local/lib/python3.12/site-packages/airflow/example_dags/example_dag_decorator.py
[2025-04-03T18:20:33.621+0000] {logging_mixin.py:190} INFO - [2025-04-03T18:20:33.621+0000] {dag.py:3239} INFO - Sync 1 DAGs
[2025-04-03T18:20:33.632+0000] {logging_mixin.py:190} INFO - [2025-04-03T18:20:33.632+0000] {dag.py:4180} INFO - Setting next_dagrun for example_dag_decorator to None, run_after=None
[2025-04-03T18:20:33.645+0000] {processor.py:208} INFO - Processing /home/airflow/.local/lib/python3.12/site-packages/airflow/example_dags/example_dag_decorator.py took 0.098 seconds
[2025-04-03T18:21:03.920+0000] {processor.py:186} INFO - Started process (PID=3810) to work on /home/airflow/.local/lib/python3.12/site-packages/airflow/example_dags/example_dag_decorator.py
[2025-04-03T18:21:03.923+0000] {processor.py:914} INFO - Processing file /home/airflow/.local/lib/python3.12/site-packages/airflow/example_dags/example_dag_decorator.py for tasks to queue
[2025-04-03T18:21:03.926+0000] {logging_mixin.py:190} INFO - [2025-04-03T18:21:03.926+0000] {dagbag.py:588} INFO - Filling up the DagBag from /home/airflow/.local/lib/python3.12/site-packages/airflow/example_dags/example_dag_decorator.py
[2025-04-03T18:21:03.937+0000] {processor.py:925} INFO - DAG(s) 'example_dag_decorator' retrieved from /home/airflow/.local/lib/python3.12/site-packages/airflow/example_dags/example_dag_decorator.py
[2025-04-03T18:21:03.991+0000] {logging_mixin.py:190} INFO - [2025-04-03T18:21:03.991+0000] {dag.py:3239} INFO - Sync 1 DAGs
[2025-04-03T18:21:04.002+0000] {logging_mixin.py:190} INFO - [2025-04-03T18:21:04.002+0000] {dag.py:4180} INFO - Setting next_dagrun for example_dag_decorator to None, run_after=None
[2025-04-03T18:21:04.016+0000] {processor.py:208} INFO - Processing /home/airflow/.local/lib/python3.12/site-packages/airflow/example_dags/example_dag_decorator.py took 0.104 seconds
[2025-04-03T18:21:34.425+0000] {processor.py:186} INFO - Started process (PID=3875) to work on /home/airflow/.local/lib/python3.12/site-packages/airflow/example_dags/example_dag_decorator.py
[2025-04-03T18:21:34.425+0000] {processor.py:914} INFO - Processing file /home/airflow/.local/lib/python3.12/site-packages/airflow/example_dags/example_dag_decorator.py for tasks to queue
[2025-04-03T18:21:34.427+0000] {logging_mixin.py:190} INFO - [2025-04-03T18:21:34.427+0000] {dagbag.py:588} INFO - Filling up the DagBag from /home/airflow/.local/lib/python3.12/site-packages/airflow/example_dags/example_dag_decorator.py
[2025-04-03T18:21:34.437+0000] {processor.py:925} INFO - DAG(s) 'example_dag_decorator' retrieved from /home/airflow/.local/lib/python3.12/site-packages/airflow/example_dags/example_dag_decorator.py
[2025-04-03T18:21:34.488+0000] {logging_mixin.py:190} INFO - [2025-04-03T18:21:34.488+0000] {dag.py:3239} INFO - Sync 1 DAGs
[2025-04-03T18:21:34.500+0000] {logging_mixin.py:190} INFO - [2025-04-03T18:21:34.500+0000] {dag.py:4180} INFO - Setting next_dagrun for example_dag_decorator to None, run_after=None
[2025-04-03T18:21:34.513+0000] {processor.py:208} INFO - Processing /home/airflow/.local/lib/python3.12/site-packages/airflow/example_dags/example_dag_decorator.py took 0.095 seconds
[2025-04-03T18:22:05.021+0000] {processor.py:186} INFO - Started process (PID=3940) to work on /home/airflow/.local/lib/python3.12/site-packages/airflow/example_dags/example_dag_decorator.py
[2025-04-03T18:22:05.024+0000] {processor.py:914} INFO - Processing file /home/airflow/.local/lib/python3.12/site-packages/airflow/example_dags/example_dag_decorator.py for tasks to queue
[2025-04-03T18:22:05.027+0000] {logging_mixin.py:190} INFO - [2025-04-03T18:22:05.027+0000] {dagbag.py:588} INFO - Filling up the DagBag from /home/airflow/.local/lib/python3.12/site-packages/airflow/example_dags/example_dag_decorator.py
[2025-04-03T18:22:05.038+0000] {processor.py:925} INFO - DAG(s) 'example_dag_decorator' retrieved from /home/airflow/.local/lib/python3.12/site-packages/airflow/example_dags/example_dag_decorator.py
[2025-04-03T18:22:05.095+0000] {logging_mixin.py:190} INFO - [2025-04-03T18:22:05.095+0000] {dag.py:3239} INFO - Sync 1 DAGs
[2025-04-03T18:22:05.106+0000] {logging_mixin.py:190} INFO - [2025-04-03T18:22:05.106+0000] {dag.py:4180} INFO - Setting next_dagrun for example_dag_decorator to None, run_after=None
[2025-04-03T18:22:05.121+0000] {processor.py:208} INFO - Processing /home/airflow/.local/lib/python3.12/site-packages/airflow/example_dags/example_dag_decorator.py took 0.108 seconds
[2025-04-03T18:22:35.378+0000] {processor.py:186} INFO - Started process (PID=4005) to work on /home/airflow/.local/lib/python3.12/site-packages/airflow/example_dags/example_dag_decorator.py
[2025-04-03T18:22:35.379+0000] {processor.py:914} INFO - Processing file /home/airflow/.local/lib/python3.12/site-packages/airflow/example_dags/example_dag_decorator.py for tasks to queue
[2025-04-03T18:22:35.381+0000] {logging_mixin.py:190} INFO - [2025-04-03T18:22:35.381+0000] {dagbag.py:588} INFO - Filling up the DagBag from /home/airflow/.local/lib/python3.12/site-packages/airflow/example_dags/example_dag_decorator.py
[2025-04-03T18:22:35.391+0000] {processor.py:925} INFO - DAG(s) 'example_dag_decorator' retrieved from /home/airflow/.local/lib/python3.12/site-packages/airflow/example_dags/example_dag_decorator.py
[2025-04-03T18:22:35.446+0000] {logging_mixin.py:190} INFO - [2025-04-03T18:22:35.446+0000] {dag.py:3239} INFO - Sync 1 DAGs
[2025-04-03T18:22:35.457+0000] {logging_mixin.py:190} INFO - [2025-04-03T18:22:35.457+0000] {dag.py:4180} INFO - Setting next_dagrun for example_dag_decorator to None, run_after=None
[2025-04-03T18:22:35.469+0000] {processor.py:208} INFO - Processing /home/airflow/.local/lib/python3.12/site-packages/airflow/example_dags/example_dag_decorator.py took 0.096 seconds
[2025-04-03T18:23:05.805+0000] {processor.py:186} INFO - Started process (PID=4070) to work on /home/airflow/.local/lib/python3.12/site-packages/airflow/example_dags/example_dag_decorator.py
[2025-04-03T18:23:05.806+0000] {processor.py:914} INFO - Processing file /home/airflow/.local/lib/python3.12/site-packages/airflow/example_dags/example_dag_decorator.py for tasks to queue
[2025-04-03T18:23:05.808+0000] {logging_mixin.py:190} INFO - [2025-04-03T18:23:05.808+0000] {dagbag.py:588} INFO - Filling up the DagBag from /home/airflow/.local/lib/python3.12/site-packages/airflow/example_dags/example_dag_decorator.py
[2025-04-03T18:23:05.817+0000] {processor.py:925} INFO - DAG(s) 'example_dag_decorator' retrieved from /home/airflow/.local/lib/python3.12/site-packages/airflow/example_dags/example_dag_decorator.py
[2025-04-03T18:23:05.875+0000] {logging_mixin.py:190} INFO - [2025-04-03T18:23:05.875+0000] {dag.py:3239} INFO - Sync 1 DAGs
[2025-04-03T18:23:05.886+0000] {logging_mixin.py:190} INFO - [2025-04-03T18:23:05.886+0000] {dag.py:4180} INFO - Setting next_dagrun for example_dag_decorator to None, run_after=None
[2025-04-03T18:23:05.903+0000] {processor.py:208} INFO - Processing /home/airflow/.local/lib/python3.12/site-packages/airflow/example_dags/example_dag_decorator.py took 0.105 seconds
[2025-04-03T18:23:36.406+0000] {processor.py:186} INFO - Started process (PID=4135) to work on /home/airflow/.local/lib/python3.12/site-packages/airflow/example_dags/example_dag_decorator.py
[2025-04-03T18:23:36.407+0000] {processor.py:914} INFO - Processing file /home/airflow/.local/lib/python3.12/site-packages/airflow/example_dags/example_dag_decorator.py for tasks to queue
[2025-04-03T18:23:36.410+0000] {logging_mixin.py:190} INFO - [2025-04-03T18:23:36.409+0000] {dagbag.py:588} INFO - Filling up the DagBag from /home/airflow/.local/lib/python3.12/site-packages/airflow/example_dags/example_dag_decorator.py
[2025-04-03T18:23:36.419+0000] {processor.py:925} INFO - DAG(s) 'example_dag_decorator' retrieved from /home/airflow/.local/lib/python3.12/site-packages/airflow/example_dags/example_dag_decorator.py
[2025-04-03T18:23:36.472+0000] {logging_mixin.py:190} INFO - [2025-04-03T18:23:36.471+0000] {dag.py:3239} INFO - Sync 1 DAGs
[2025-04-03T18:23:36.483+0000] {logging_mixin.py:190} INFO - [2025-04-03T18:23:36.482+0000] {dag.py:4180} INFO - Setting next_dagrun for example_dag_decorator to None, run_after=None
[2025-04-03T18:23:36.495+0000] {processor.py:208} INFO - Processing /home/airflow/.local/lib/python3.12/site-packages/airflow/example_dags/example_dag_decorator.py took 0.098 seconds
[2025-04-03T18:24:06.830+0000] {processor.py:186} INFO - Started process (PID=4200) to work on /home/airflow/.local/lib/python3.12/site-packages/airflow/example_dags/example_dag_decorator.py
[2025-04-03T18:24:06.833+0000] {processor.py:914} INFO - Processing file /home/airflow/.local/lib/python3.12/site-packages/airflow/example_dags/example_dag_decorator.py for tasks to queue
[2025-04-03T18:24:06.836+0000] {logging_mixin.py:190} INFO - [2025-04-03T18:24:06.836+0000] {dagbag.py:588} INFO - Filling up the DagBag from /home/airflow/.local/lib/python3.12/site-packages/airflow/example_dags/example_dag_decorator.py
[2025-04-03T18:24:06.847+0000] {processor.py:925} INFO - DAG(s) 'example_dag_decorator' retrieved from /home/airflow/.local/lib/python3.12/site-packages/airflow/example_dags/example_dag_decorator.py
[2025-04-03T18:24:06.900+0000] {logging_mixin.py:190} INFO - [2025-04-03T18:24:06.900+0000] {dag.py:3239} INFO - Sync 1 DAGs
[2025-04-03T18:24:06.911+0000] {logging_mixin.py:190} INFO - [2025-04-03T18:24:06.911+0000] {dag.py:4180} INFO - Setting next_dagrun for example_dag_decorator to None, run_after=None
[2025-04-03T18:24:06.925+0000] {processor.py:208} INFO - Processing /home/airflow/.local/lib/python3.12/site-packages/airflow/example_dags/example_dag_decorator.py took 0.103 seconds
[2025-04-03T18:24:37.287+0000] {processor.py:186} INFO - Started process (PID=4265) to work on /home/airflow/.local/lib/python3.12/site-packages/airflow/example_dags/example_dag_decorator.py
[2025-04-03T18:24:37.290+0000] {processor.py:914} INFO - Processing file /home/airflow/.local/lib/python3.12/site-packages/airflow/example_dags/example_dag_decorator.py for tasks to queue
[2025-04-03T18:24:37.291+0000] {logging_mixin.py:190} INFO - [2025-04-03T18:24:37.291+0000] {dagbag.py:588} INFO - Filling up the DagBag from /home/airflow/.local/lib/python3.12/site-packages/airflow/example_dags/example_dag_decorator.py
[2025-04-03T18:24:37.301+0000] {processor.py:925} INFO - DAG(s) 'example_dag_decorator' retrieved from /home/airflow/.local/lib/python3.12/site-packages/airflow/example_dags/example_dag_decorator.py
[2025-04-03T18:24:37.349+0000] {logging_mixin.py:190} INFO - [2025-04-03T18:24:37.349+0000] {dag.py:3239} INFO - Sync 1 DAGs
[2025-04-03T18:24:37.359+0000] {logging_mixin.py:190} INFO - [2025-04-03T18:24:37.358+0000] {dag.py:4180} INFO - Setting next_dagrun for example_dag_decorator to None, run_after=None
[2025-04-03T18:24:37.372+0000] {processor.py:208} INFO - Processing /home/airflow/.local/lib/python3.12/site-packages/airflow/example_dags/example_dag_decorator.py took 0.089 seconds
[2025-04-03T22:05:29.068+0000] {processor.py:186} INFO - Started process (PID=101) to work on /home/airflow/.local/lib/python3.12/site-packages/airflow/example_dags/example_dag_decorator.py
[2025-04-03T22:05:29.072+0000] {processor.py:914} INFO - Processing file /home/airflow/.local/lib/python3.12/site-packages/airflow/example_dags/example_dag_decorator.py for tasks to queue
[2025-04-03T22:05:29.078+0000] {logging_mixin.py:190} INFO - [2025-04-03T22:05:29.075+0000] {dagbag.py:588} INFO - Filling up the DagBag from /home/airflow/.local/lib/python3.12/site-packages/airflow/example_dags/example_dag_decorator.py
[2025-04-03T22:05:29.096+0000] {processor.py:925} INFO - DAG(s) 'example_dag_decorator' retrieved from /home/airflow/.local/lib/python3.12/site-packages/airflow/example_dags/example_dag_decorator.py
[2025-04-03T22:05:29.235+0000] {logging_mixin.py:190} INFO - [2025-04-03T22:05:29.235+0000] {dag.py:3239} INFO - Sync 1 DAGs
[2025-04-03T22:05:29.258+0000] {logging_mixin.py:190} INFO - [2025-04-03T22:05:29.257+0000] {dag.py:4180} INFO - Setting next_dagrun for example_dag_decorator to None, run_after=None
[2025-04-03T22:05:29.299+0000] {processor.py:208} INFO - Processing /home/airflow/.local/lib/python3.12/site-packages/airflow/example_dags/example_dag_decorator.py took 0.245 seconds
[2025-04-03T22:05:59.505+0000] {processor.py:186} INFO - Started process (PID=166) to work on /home/airflow/.local/lib/python3.12/site-packages/airflow/example_dags/example_dag_decorator.py
[2025-04-03T22:05:59.506+0000] {processor.py:914} INFO - Processing file /home/airflow/.local/lib/python3.12/site-packages/airflow/example_dags/example_dag_decorator.py for tasks to queue
[2025-04-03T22:05:59.508+0000] {logging_mixin.py:190} INFO - [2025-04-03T22:05:59.508+0000] {dagbag.py:588} INFO - Filling up the DagBag from /home/airflow/.local/lib/python3.12/site-packages/airflow/example_dags/example_dag_decorator.py
[2025-04-03T22:05:59.516+0000] {processor.py:925} INFO - DAG(s) 'example_dag_decorator' retrieved from /home/airflow/.local/lib/python3.12/site-packages/airflow/example_dags/example_dag_decorator.py
[2025-04-03T22:05:59.569+0000] {logging_mixin.py:190} INFO - [2025-04-03T22:05:59.569+0000] {dag.py:3239} INFO - Sync 1 DAGs
[2025-04-03T22:05:59.579+0000] {logging_mixin.py:190} INFO - [2025-04-03T22:05:59.579+0000] {dag.py:4180} INFO - Setting next_dagrun for example_dag_decorator to None, run_after=None
[2025-04-03T22:05:59.593+0000] {processor.py:208} INFO - Processing /home/airflow/.local/lib/python3.12/site-packages/airflow/example_dags/example_dag_decorator.py took 0.095 seconds
[2025-04-03T22:06:29.843+0000] {processor.py:186} INFO - Started process (PID=231) to work on /home/airflow/.local/lib/python3.12/site-packages/airflow/example_dags/example_dag_decorator.py
[2025-04-03T22:06:29.844+0000] {processor.py:914} INFO - Processing file /home/airflow/.local/lib/python3.12/site-packages/airflow/example_dags/example_dag_decorator.py for tasks to queue
[2025-04-03T22:06:29.846+0000] {logging_mixin.py:190} INFO - [2025-04-03T22:06:29.845+0000] {dagbag.py:588} INFO - Filling up the DagBag from /home/airflow/.local/lib/python3.12/site-packages/airflow/example_dags/example_dag_decorator.py
[2025-04-03T22:06:29.855+0000] {processor.py:925} INFO - DAG(s) 'example_dag_decorator' retrieved from /home/airflow/.local/lib/python3.12/site-packages/airflow/example_dags/example_dag_decorator.py
[2025-04-03T22:06:29.907+0000] {logging_mixin.py:190} INFO - [2025-04-03T22:06:29.907+0000] {dag.py:3239} INFO - Sync 1 DAGs
[2025-04-03T22:06:29.918+0000] {logging_mixin.py:190} INFO - [2025-04-03T22:06:29.918+0000] {dag.py:4180} INFO - Setting next_dagrun for example_dag_decorator to None, run_after=None
[2025-04-03T22:06:29.931+0000] {processor.py:208} INFO - Processing /home/airflow/.local/lib/python3.12/site-packages/airflow/example_dags/example_dag_decorator.py took 0.093 seconds
[2025-04-03T22:07:00.029+0000] {processor.py:186} INFO - Started process (PID=295) to work on /home/airflow/.local/lib/python3.12/site-packages/airflow/example_dags/example_dag_decorator.py
[2025-04-03T22:07:00.030+0000] {processor.py:914} INFO - Processing file /home/airflow/.local/lib/python3.12/site-packages/airflow/example_dags/example_dag_decorator.py for tasks to queue
[2025-04-03T22:07:00.032+0000] {logging_mixin.py:190} INFO - [2025-04-03T22:07:00.031+0000] {dagbag.py:588} INFO - Filling up the DagBag from /home/airflow/.local/lib/python3.12/site-packages/airflow/example_dags/example_dag_decorator.py
[2025-04-03T22:07:00.040+0000] {processor.py:925} INFO - DAG(s) 'example_dag_decorator' retrieved from /home/airflow/.local/lib/python3.12/site-packages/airflow/example_dags/example_dag_decorator.py
[2025-04-03T22:07:00.093+0000] {logging_mixin.py:190} INFO - [2025-04-03T22:07:00.093+0000] {dag.py:3239} INFO - Sync 1 DAGs
[2025-04-03T22:07:00.104+0000] {logging_mixin.py:190} INFO - [2025-04-03T22:07:00.104+0000] {dag.py:4180} INFO - Setting next_dagrun for example_dag_decorator to None, run_after=None
[2025-04-03T22:07:00.115+0000] {processor.py:208} INFO - Processing /home/airflow/.local/lib/python3.12/site-packages/airflow/example_dags/example_dag_decorator.py took 0.091 seconds
[2025-04-03T22:07:30.503+0000] {processor.py:186} INFO - Started process (PID=366) to work on /home/airflow/.local/lib/python3.12/site-packages/airflow/example_dags/example_dag_decorator.py
[2025-04-03T22:07:30.504+0000] {processor.py:914} INFO - Processing file /home/airflow/.local/lib/python3.12/site-packages/airflow/example_dags/example_dag_decorator.py for tasks to queue
[2025-04-03T22:07:30.507+0000] {logging_mixin.py:190} INFO - [2025-04-03T22:07:30.507+0000] {dagbag.py:588} INFO - Filling up the DagBag from /home/airflow/.local/lib/python3.12/site-packages/airflow/example_dags/example_dag_decorator.py
[2025-04-03T22:07:30.516+0000] {processor.py:925} INFO - DAG(s) 'example_dag_decorator' retrieved from /home/airflow/.local/lib/python3.12/site-packages/airflow/example_dags/example_dag_decorator.py
[2025-04-03T22:07:30.569+0000] {logging_mixin.py:190} INFO - [2025-04-03T22:07:30.569+0000] {dag.py:3239} INFO - Sync 1 DAGs
[2025-04-03T22:07:30.581+0000] {logging_mixin.py:190} INFO - [2025-04-03T22:07:30.581+0000] {dag.py:4180} INFO - Setting next_dagrun for example_dag_decorator to None, run_after=None
[2025-04-03T22:07:30.595+0000] {processor.py:208} INFO - Processing /home/airflow/.local/lib/python3.12/site-packages/airflow/example_dags/example_dag_decorator.py took 0.099 seconds
[2025-04-03T22:08:00.881+0000] {processor.py:186} INFO - Started process (PID=431) to work on /home/airflow/.local/lib/python3.12/site-packages/airflow/example_dags/example_dag_decorator.py
[2025-04-03T22:08:00.882+0000] {processor.py:914} INFO - Processing file /home/airflow/.local/lib/python3.12/site-packages/airflow/example_dags/example_dag_decorator.py for tasks to queue
[2025-04-03T22:08:00.884+0000] {logging_mixin.py:190} INFO - [2025-04-03T22:08:00.884+0000] {dagbag.py:588} INFO - Filling up the DagBag from /home/airflow/.local/lib/python3.12/site-packages/airflow/example_dags/example_dag_decorator.py
[2025-04-03T22:08:00.893+0000] {processor.py:925} INFO - DAG(s) 'example_dag_decorator' retrieved from /home/airflow/.local/lib/python3.12/site-packages/airflow/example_dags/example_dag_decorator.py
[2025-04-03T22:08:00.945+0000] {logging_mixin.py:190} INFO - [2025-04-03T22:08:00.944+0000] {dag.py:3239} INFO - Sync 1 DAGs
[2025-04-03T22:08:00.955+0000] {logging_mixin.py:190} INFO - [2025-04-03T22:08:00.955+0000] {dag.py:4180} INFO - Setting next_dagrun for example_dag_decorator to None, run_after=None
[2025-04-03T22:08:00.970+0000] {processor.py:208} INFO - Processing /home/airflow/.local/lib/python3.12/site-packages/airflow/example_dags/example_dag_decorator.py took 0.096 seconds
[2025-04-03T22:08:31.213+0000] {processor.py:186} INFO - Started process (PID=496) to work on /home/airflow/.local/lib/python3.12/site-packages/airflow/example_dags/example_dag_decorator.py
[2025-04-03T22:08:31.214+0000] {processor.py:914} INFO - Processing file /home/airflow/.local/lib/python3.12/site-packages/airflow/example_dags/example_dag_decorator.py for tasks to queue
[2025-04-03T22:08:31.217+0000] {logging_mixin.py:190} INFO - [2025-04-03T22:08:31.217+0000] {dagbag.py:588} INFO - Filling up the DagBag from /home/airflow/.local/lib/python3.12/site-packages/airflow/example_dags/example_dag_decorator.py
[2025-04-03T22:08:31.227+0000] {processor.py:925} INFO - DAG(s) 'example_dag_decorator' retrieved from /home/airflow/.local/lib/python3.12/site-packages/airflow/example_dags/example_dag_decorator.py
[2025-04-03T22:08:31.279+0000] {logging_mixin.py:190} INFO - [2025-04-03T22:08:31.279+0000] {dag.py:3239} INFO - Sync 1 DAGs
[2025-04-03T22:08:31.290+0000] {logging_mixin.py:190} INFO - [2025-04-03T22:08:31.290+0000] {dag.py:4180} INFO - Setting next_dagrun for example_dag_decorator to None, run_after=None
[2025-04-03T22:08:31.305+0000] {processor.py:208} INFO - Processing /home/airflow/.local/lib/python3.12/site-packages/airflow/example_dags/example_dag_decorator.py took 0.099 seconds
                                                                                                                             