[2025-04-03T17:51:49.567+0000] {processor.py:186} INFO - Started process (PID=120) to work on /home/airflow/.local/lib/python3.12/site-packages/airflow/example_dags/example_latest_only.py
[2025-04-03T17:51:49.568+0000] {processor.py:914} INFO - Processing file /home/airflow/.local/lib/python3.12/site-packages/airflow/example_dags/example_latest_only.py for tasks to queue
[2025-04-03T17:51:49.571+0000] {logging_mixin.py:190} INFO - [2025-04-03T17:51:49.571+0000] {dagbag.py:588} INFO - Filling up the DagBag from /home/airflow/.local/lib/python3.12/site-packages/airflow/example_dags/example_latest_only.py
[2025-04-03T17:51:49.577+0000] {processor.py:925} INFO - DAG(s) 'latest_only' retrieved from /home/airflow/.local/lib/python3.12/site-packages/airflow/example_dags/example_latest_only.py
[2025-04-03T17:51:49.599+0000] {logging_mixin.py:190} INFO - [2025-04-03T17:51:49.599+0000] {dag.py:3239} INFO - Sync 1 DAGs
[2025-04-03T17:51:49.627+0000] {logging_mixin.py:190} INFO - [2025-04-03T17:51:49.627+0000] {dag.py:4180} INFO - Setting next_dagrun for latest_only to 2025-04-03 12:00:00+00:00, run_after=2025-04-03 16:00:00+00:00
[2025-04-03T17:51:49.646+0000] {processor.py:208} INFO - Processing /home/airflow/.local/lib/python3.12/site-packages/airflow/example_dags/example_latest_only.py took 0.083 seconds
[2025-04-03T17:52:20.479+0000] {processor.py:186} INFO - Started process (PID=184) to work on /home/airflow/.local/lib/python3.12/site-packages/airflow/example_dags/example_latest_only.py
[2025-04-03T17:52:20.480+0000] {processor.py:914} INFO - Processing file /home/airflow/.local/lib/python3.12/site-packages/airflow/example_dags/example_latest_only.py for tasks to queue
[2025-04-03T17:52:20.482+0000] {logging_mixin.py:190} INFO - [2025-04-03T17:52:20.482+0000] {dagbag.py:588} INFO - Filling up the DagBag from /home/airflow/.local/lib/python3.12/site-packages/airflow/example_dags/example_latest_only.py
[2025-04-03T17:52:20.488+0000] {processor.py:925} INFO - DAG(s) 'latest_only' retrieved from /home/airflow/.local/lib/python3.12/site-packages/airflow/example_dags/example_latest_only.py
[2025-04-03T17:52:20.512+0000] {logging_mixin.py:190} INFO - [2025-04-03T17:52:20.512+0000] {dag.py:3239} INFO - Sync 1 DAGs
[2025-04-03T17:52:20.546+0000] {logging_mixin.py:190} INFO - [2025-04-03T17:52:20.546+0000] {dag.py:4180} INFO - Setting next_dagrun for latest_only to 2025-04-03 12:00:00+00:00, run_after=2025-04-03 16:00:00+00:00
[2025-04-03T17:52:20.573+0000] {processor.py:208} INFO - Processing /home/airflow/.local/lib/python3.12/site-packages/airflow/example_dags/example_latest_only.py took 0.100 seconds
[2025-04-03T17:52:53.415+0000] {processor.py:186} INFO - Started process (PID=249) to work on /home/airflow/.local/lib/python3.12/site-packages/airflow/example_dags/example_latest_only.py
[2025-04-03T17:52:53.417+0000] {processor.py:914} INFO - Processing file /home/airflow/.local/lib/python3.12/site-packages/airflow/example_dags/example_latest_only.py for tasks to queue
[2025-04-03T17:52:53.421+0000] {logging_mixin.py:190} INFO - [2025-04-03T17:52:53.421+0000] {dagbag.py:588} INFO - Filling up the DagBag from /home/airflow/.local/lib/python3.12/site-packages/airflow/example_dags/example_latest_only.py
[2025-04-03T17:52:53.431+0000] {processor.py:925} INFO - DAG(s) 'latest_only' retrieved from /home/airflow/.local/lib/python3.12/site-packages/airflow/example_dags/example_latest_only.py
[2025-04-03T17:52:53.454+0000] {logging_mixin.py:190} INFO - [2025-04-03T17:52:53.454+0000] {dag.py:3239} INFO - Sync 1 DAGs
[2025-04-03T17:52:53.480+0000] {logging_mixin.py:190} INFO - [2025-04-03T17:52:53.480+0000] {dag.py:4180} INFO - Setting next_dagrun for latest_only to 2025-04-03 12:00:00+00:00, run_after=2025-04-03 16:00:00+00:00
[2025-04-03T17:52:53.506+0000] {processor.py:208} INFO - Processing /home/airflow/.local/lib/python3.12/site-packages/airflow/example_dags/example_latest_only.py took 0.099 seconds
[2025-04-03T17:53:23.985+0000] {processor.py:186} INFO - Started process (PID=314) to work on /home/airflow/.local/lib/python3.12/site-packages/airflow/example_dags/example_latest_only.py
[2025-04-03T17:53:23.986+0000] {processor.py:914} INFO - Processing file /home/airflow/.local/lib/python3.12/site-packages/airflow/example_dags/example_latest_only.py for tasks to queue
[2025-04-03T17:53:23.988+0000] {logging_mixin.py:190} INFO - [2025-04-03T17:53:23.988+0000] {dagbag.py:588} INFO - Filling up the DagBag from /home/airflow/.local/lib/python3.12/site-packages/airflow/example_dags/example_latest_only.py
[2025-04-03T17:53:23.993+0000] {processor.py:925} INFO - DAG(s) 'latest_only' retrieved from /home/airflow/.local/lib/python3.12/site-packages/airflow/example_dags/example_latest_only.py
[2025-04-03T17:53:24.014+0000] {logging_mixin.py:190} INFO - [2025-04-03T17:53:24.014+0000] {dag.py:3239} INFO - Sync 1 DAGs
[2025-04-03T17:53:24.035+0000] {logging_mixin.py:190} INFO - [2025-04-03T17:53:24.035+0000] {dag.py:4180} INFO - Setting next_dagrun for latest_only to 2025-04-03 12:00:00+00:00, run_after=2025-04-03 16:00:00+00:00
[2025-04-03T17:53:24.048+0000] {processor.py:208} INFO - Processing /home/airflow/.local/lib/python3.12/site-packages/airflow/example_dags/example_latest_only.py took 0.068 seconds
[2025-04-03T17:53:54.721+0000] {processor.py:186} INFO - Started process (PID=379) to work on /home/airflow/.local/lib/python3.12/site-packages/airflow/example_dags/example_latest_only.py
[2025-04-03T17:53:54.722+0000] {processor.py:914} INFO - Processing file /home/airflow/.local/lib/python3.12/site-packages/airflow/example_dags/example_latest_only.py for tasks to queue
[2025-04-03T17:53:54.725+0000] {logging_mixin.py:190} INFO - [2025-04-03T17:53:54.725+0000] {dagbag.py:588} INFO - Filling up the DagBag from /home/airflow/.local/lib/python3.12/site-packages/airflow/example_dags/example_latest_only.py
[2025-04-03T17:53:54.731+0000] {processor.py:925} INFO - DAG(s) 'latest_only' retrieved from /home/airflow/.local/lib/python3.12/site-packages/airflow/example_dags/example_latest_only.py
[2025-04-03T17:53:54.754+0000] {logging_mixin.py:190} INFO - [2025-04-03T17:53:54.754+0000] {dag.py:3239} INFO - Sync 1 DAGs
[2025-04-03T17:53:54.781+0000] {logging_mixin.py:190} INFO - [2025-04-03T17:53:54.780+0000] {dag.py:4180} INFO - Setting next_dagrun for latest_only to 2025-04-03 12:00:00+00:00, run_after=2025-04-03 16:00:00+00:00
[2025-04-03T17:53:54.797+0000] {processor.py:208} INFO - Processing /home/airflow/.local/lib/python3.12/site-packages/airflow/example_dags/example_latest_only.py took 0.081 seconds
[2025-04-03T17:54:25.370+0000] {processor.py:186} INFO - Started process (PID=444) to work on /home/airflow/.local/lib/python3.12/site-packages/airflow/example_dags/example_latest_only.py
[2025-04-03T17:54:25.371+0000] {processor.py:914} INFO - Processing file /home/airflow/.local/lib/python3.12/site-packages/airflow/example_dags/example_latest_only.py for tasks to queue
[2025-04-03T17:54:25.373+0000] {logging_mixin.py:190} INFO - [2025-04-03T17:54:25.373+0000] {dagbag.py:588} INFO - Filling up the DagBag from /home/airflow/.local/lib/python3.12/site-packages/airflow/example_dags/example_latest_only.py
[2025-04-03T17:54:25.378+0000] {processor.py:925} INFO - DAG(s) 'latest_only' retrieved from /home/airflow/.local/lib/python3.12/site-packages/airflow/example_dags/example_latest_only.py
[2025-04-03T17:54:25.399+0000] {logging_mixin.py:190} INFO - [2025-04-03T17:54:25.399+0000] {dag.py:3239} INFO - Sync 1 DAGs
[2025-04-03T17:54:25.420+0000] {logging_mixin.py:190} INFO - [2025-04-03T17:54:25.420+0000] {dag.py:4180} INFO - Setting next_dagrun for latest_only to 2025-04-03 12:00:00+00:00, run_after=2025-04-03 16:00:00+00:00
[2025-04-03T17:54:25.435+0000] {processor.py:208} INFO - Processing /home/airflow/.local/lib/python3.12/site-packages/airflow/example_dags/example_latest_only.py took 0.074 seconds
[2025-04-03T17:54:56.085+0000] {processor.py:186} INFO - Started process (PID=509) to work on /home/airflow/.local/lib/python3.12/site-packages/airflow/example_dags/example_latest_only.py
[2025-04-03T17:54:56.086+0000] {processor.py:914} INFO - Processing file /home/airflow/.local/lib/python3.12/site-packages/airflow/example_dags/example_latest_only.py for tasks to queue
[2025-04-03T17:54:56.088+0000] {logging_mixin.py:190} INFO - [2025-04-03T17:54:56.088+0000] {dagbag.py:588} INFO - Filling up the DagBag from /home/airflow/.local/lib/python3.12/site-packages/airflow/example_dags/example_latest_only.py
[2025-04-03T17:54:56.093+0000] {processor.py:925} INFO - DAG(s) 'latest_only' retrieved from /home/airflow/.local/lib/python3.12/site-packages/airflow/example_dags/example_latest_only.py
[2025-04-03T17:54:56.113+0000] {logging_mixin.py:190} INFO - [2025-04-03T17:54:56.113+0000] {dag.py:3239} INFO - Sync 1 DAGs
[2025-04-03T17:54:56.135+0000] {logging_mixin.py:190} INFO - [2025-04-03T17:54:56.135+0000] {dag.py:4180} INFO - Setting next_dagrun for latest_only to 2025-04-03 12:00:00+00:00, run_after=2025-04-03 16:00:00+00:00
[2025-04-03T17:54:56.149+0000] {processor.py:208} INFO - Processing /home/airflow/.local/lib/python3.12/site-packages/airflow/example_dags/example_latest_only.py took 0.070 seconds
[2025-04-03T17:55:28.023+0000] {processor.py:186} INFO - Started process (PID=575) to work on /home/airflow/.local/lib/python3.12/site-packages/airflow/example_dags/example_latest_only.py
[2025-04-03T17:55:28.023+0000] {processor.py:914} INFO - Processing file /home/airflow/.local/lib/python3.12/site-packages/airflow/example_dags/example_latest_only.py for tasks to queue
[2025-04-03T17:55:28.026+0000] {logging_mixin.py:190} INFO - [2025-04-03T17:55:28.025+0000] {dagbag.py:588} INFO - Filling up the DagBag from /home/airflow/.local/lib/python3.12/site-packages/airflow/example_dags/example_latest_only.py
[2025-04-03T17:55:28.031+0000] {processor.py:925} INFO - DAG(s) 'latest_only' retrieved from /home/airflow/.local/lib/python3.12/site-packages/airflow/example_dags/example_latest_only.py
[2025-04-03T17:55:28.051+0000] {logging_mixin.py:190} INFO - [2025-04-03T17:55:28.051+0000] {dag.py:3239} INFO - Sync 1 DAGs
[2025-04-03T17:55:28.072+0000] {logging_mixin.py:190} INFO - [2025-04-03T17:55:28.072+0000] {dag.py:4180} INFO - Setting next_dagrun for latest_only to 2025-04-03 12:00:00+00:00, run_after=2025-04-03 16:00:00+00:00
[2025-04-03T17:55:28.085+0000] {processor.py:208} INFO - Processing /home/airflow/.local/lib/python3.12/site-packages/airflow/example_dags/example_latest_only.py took 0.068 seconds
[2025-04-03T17:55:58.891+0000] {processor.py:186} INFO - Started process (PID=640) to work on /home/airflow/.local/lib/python3.12/site-packages/airflow/example_dags/example_latest_only.py
[2025-04-03T17:55:58.894+0000] {processor.py:914} INFO - Processing file /home/airflow/.local/lib/python3.12/site-packages/airflow/example_dags/example_latest_only.py for tasks to queue
[2025-04-03T17:55:58.898+0000] {logging_mixin.py:190} INFO - [2025-04-03T17:55:58.898+0000] {dagbag.py:588} INFO - Filling up the DagBag from /home/airflow/.local/lib/python3.12/site-packages/airflow/example_dags/example_latest_only.py
[2025-04-03T17:55:58.904+0000] {processor.py:925} INFO - DAG(s) 'latest_only' retrieved from /home/airflow/.local/lib/python3.12/site-packages/airflow/example_dags/example_latest_only.py
[2025-04-03T17:55:58.925+0000] {logging_mixin.py:190} INFO - [2025-04-03T17:55:58.925+0000] {dag.py:3239} INFO - Sync 1 DAGs
[2025-04-03T17:55:58.949+0000] {logging_mixin.py:190} INFO - [2025-04-03T17:55:58.948+0000] {dag.py:4180} INFO - Setting next_dagrun for latest_only to 2025-04-03 12:00:00+00:00, run_after=2025-04-03 16:00:00+00:00
[2025-04-03T17:55:58.962+0000] {processor.py:208} INFO - Processing /home/airflow/.local/lib/python3.12/site-packages/airflow/example_dags/example_latest_only.py took 0.080 seconds
[2025-04-03T17:56:30.322+0000] {processor.py:186} INFO - Started process (PID=705) to work on /home/airflow/.local/lib/python3.12/site-packages/airflow/example_dags/example_latest_only.py
[2025-04-03T17:56:30.323+0000] {processor.py:914} INFO - Processing file /home/airflow/.local/lib/python3.12/site-packages/airflow/example_dags/example_latest_only.py for tasks to queue
[2025-04-03T17:56:30.325+0000] {logging_mixin.py:190} INFO - [2025-04-03T17:56:30.325+0000] {dagbag.py:588} INFO - Filling up the DagBag from /home/airflow/.local/lib/python3.12/site-packages/airflow/example_dags/example_latest_only.py
[2025-04-03T17:56:30.330+0000] {processor.py:925} INFO - DAG(s) 'latest_only' retrieved from /home/airflow/.local/lib/python3.12/site-packages/airflow/example_dags/example_latest_only.py
[2025-04-03T17:56:30.351+0000] {logging_mixin.py:190} INFO - [2025-04-03T17:56:30.351+0000] {dag.py:3239} INFO - Sync 1 DAGs
[2025-04-03T17:56:30.373+0000] {logging_mixin.py:190} INFO - [2025-04-03T17:56:30.373+0000] {dag.py:4180} INFO - Setting next_dagrun for latest_only to 2025-04-03 12:00:00+00:00, run_after=2025-04-03 16:00:00+00:00
[2025-04-03T17:56:30.391+0000] {processor.py:208} INFO - Processing /home/airflow/.local/lib/python3.12/site-packages/airflow/example_dags/example_latest_only.py took 0.074 seconds
[2025-04-03T17:57:01.800+0000] {processor.py:186} INFO - Started process (PID=770) to work on /home/airflow/.local/lib/python3.12/site-packages/airflow/example_dags/example_latest_only.py
[2025-04-03T17:57:01.801+0000] {processor.py:914} INFO - Processing file /home/airflow/.local/lib/python3.12/site-packages/airflow/example_dags/example_latest_only.py for tasks to queue
[2025-04-03T17:57:01.803+0000] {logging_mixin.py:190} INFO - [2025-04-03T17:57:01.803+0000] {dagbag.py:588} INFO - Filling up the DagBag from /home/airflow/.local/lib/python3.12/site-packages/airflow/example_dags/example_latest_only.py
[2025-04-03T17:57:01.808+0000] {processor.py:925} INFO - DAG(s) 'latest_only' retrieved from /home/airflow/.local/lib/python3.12/site-packages/airflow/example_dags/example_latest_only.py
[2025-04-03T17:57:01.830+0000] {logging_mixin.py:190} INFO - [2025-04-03T17:57:01.829+0000] {dag.py:3239} INFO - Sync 1 DAGs
[2025-04-03T17:57:01.852+0000] {logging_mixin.py:190} INFO - [2025-04-03T17:57:01.852+0000] {dag.py:4180} INFO - Setting next_dagrun for latest_only to 2025-04-03 12:00:00+00:00, run_after=2025-04-03 16:00:00+00:00
[2025-04-03T17:57:01.868+0000] {processor.py:208} INFO - Processing /home/airflow/.local/lib/python3.12/site-packages/airflow/example_dags/example_latest_only.py took 0.073 seconds
[2025-04-03T17:57:33.020+0000] {processor.py:186} INFO - Started process (PID=834) to work on /home/airflow/.local/lib/python3.12/site-packages/airflow/example_dags/example_latest_only.py
[2025-04-03T17:57:33.021+0000] {processor.py:914} INFO - Processing file /home/airflow/.local/lib/python3.12/site-packages/airflow/example_dags/example_latest_only.py for tasks to queue
[2025-04-03T17:57:33.024+0000] {logging_mixin.py:190} INFO - [2025-04-03T17:57:33.023+0000] {dagbag.py:588} INFO - Filling up the DagBag from /home/airflow/.local/lib/python3.12/site-packages/airflow/example_dags/example_latest_only.py
[2025-04-03T17:57:33.029+0000] {processor.py:925} INFO - DAG(s) 'latest_only' retrieved from /home/airflow/.local/lib/python3.12/site-packages/airflow/example_dags/example_latest_only.py
[2025-04-03T17:57:33.048+0000] {logging_mixin.py:190} INFO - [2025-04-03T17:57:33.048+0000] {dag.py:3239} INFO - Sync 1 DAGs
[2025-04-03T17:57:33.069+0000] {logging_mixin.py:190} INFO - [2025-04-03T17:57:33.068+0000] {dag.py:4180} INFO - Setting next_dagrun for latest_only to 2025-04-03 12:00:00+00:00, run_after=2025-04-03 16:00:00+00:00
[2025-04-03T17:57:33.081+0000] {processor.py:208} INFO - Processing /home/airflow/.local/lib/python3.12/site-packages/airflow/example_dags/example_latest_only.py took 0.066 seconds
[2025-04-03T17:58:04.436+0000] {processor.py:186} INFO - Started process (PID=899) to work on /home/airflow/.local/lib/python3.12/site-packages/airflow/example_dags/example_latest_only.py
[2025-04-03T17:58:04.437+0000] {processor.py:914} INFO - Processing file /home/airflow/.local/lib/python3.12/site-packages/airflow/example_dags/example_latest_only.py for tasks to queue
[2025-04-03T17:58:04.440+0000] {logging_mixin.py:190} INFO - [2025-04-03T17:58:04.440+0000] {dagbag.py:588} INFO - Filling up the DagBag from /home/airflow/.local/lib/python3.12/site-packages/airflow/example_dags/example_latest_only.py
[2025-04-03T17:58:04.445+0000] {processor.py:925} INFO - DAG(s) 'latest_only' retrieved from /home/airflow/.local/lib/python3.12/site-packages/airflow/example_dags/example_latest_only.py
[2025-04-03T17:58:04.466+0000] {logging_mixin.py:190} INFO - [2025-04-03T17:58:04.466+0000] {dag.py:3239} INFO - Sync 1 DAGs
[2025-04-03T17:58:04.488+0000] {logging_mixin.py:190} INFO - [2025-04-03T17:58:04.487+0000] {dag.py:4180} INFO - Setting next_dagrun for latest_only to 2025-04-03 12:00:00+00:00, run_after=2025-04-03 16:00:00+00:00
[2025-04-03T17:58:04.503+0000] {processor.py:208} INFO - Processing /home/airflow/.local/lib/python3.12/site-packages/airflow/example_dags/example_latest_only.py took 0.075 seconds
[2025-04-03T17:58:35.370+0000] {processor.py:186} INFO - Started process (PID=964) to work on /home/airflow/.local/lib/python3.12/site-packages/airflow/example_dags/example_latest_only.py
[2025-04-03T17:58:35.371+0000] {processor.py:914} INFO - Processing file /home/airflow/.local/lib/python3.12/site-packages/airflow/example_dags/example_latest_only.py for tasks to queue
[2025-04-03T17:58:35.373+0000] {logging_mixin.py:190} INFO - [2025-04-03T17:58:35.373+0000] {dagbag.py:588} INFO - Filling up the DagBag from /home/airflow/.local/lib/python3.12/site-packages/airflow/example_dags/example_latest_only.py
[2025-04-03T17:58:35.378+0000] {processor.py:925} INFO - DAG(s) 'latest_only' retrieved from /home/airflow/.local/lib/python3.12/site-packages/airflow/example_dags/example_latest_only.py
[2025-04-03T17:58:35.397+0000] {logging_mixin.py:190} INFO - [2025-04-03T17:58:35.397+0000] {dag.py:3239} INFO - Sync 1 DAGs
[2025-04-03T17:58:35.416+0000] {logging_mixin.py:190} INFO - [2025-04-03T17:58:35.416+0000] {dag.py:4180} INFO - Setting next_dagrun for latest_only to 2025-04-03 12:00:00+00:00, run_after=2025-04-03 16:00:00+00:00
[2025-04-03T17:58:35.429+0000] {processor.py:208} INFO - Processing /home/airflow/.local/lib/python3.12/site-packages/airflow/example_dags/example_latest_only.py took 0.068 seconds
[2025-04-03T17:59:06.830+0000] {processor.py:186} INFO - Started process (PID=1029) to work on /home/airflow/.local/lib/python3.12/site-packages/airflow/example_dags/example_latest_only.py
[2025-04-03T17:59:06.831+0000] {processor.py:914} INFO - Processing file /home/airflow/.local/lib/python3.12/site-packages/airflow/example_dags/example_latest_only.py for tasks to queue
[2025-04-03T17:59:06.835+0000] {logging_mixin.py:190} INFO - [2025-04-03T17:59:06.834+0000] {dagbag.py:588} INFO - Filling up the DagBag from /home/airflow/.local/lib/python3.12/site-packages/airflow/example_dags/example_latest_only.py
[2025-04-03T17:59:06.839+0000] {processor.py:925} INFO - DAG(s) 'latest_only' retrieved from /home/airflow/.local/lib/python3.12/site-packages/airflow/example_dags/example_latest_only.py
[2025-04-03T17:59:06.858+0000] {logging_mixin.py:190} INFO - [2025-04-03T17:59:06.858+0000] {dag.py:3239} INFO - Sync 1 DAGs
[2025-04-03T17:59:06.879+0000] {logging_mixin.py:190} INFO - [2025-04-03T17:59:06.879+0000] {dag.py:4180} INFO - Setting next_dagrun for latest_only to 2025-04-03 12:00:00+00:00, run_after=2025-04-03 16:00:00+00:00
[2025-04-03T17:59:06.892+0000] {processor.py:208} INFO - Processing /home/airflow/.local/lib/python3.12/site-packages/airflow/example_dags/example_latest_only.py took 0.071 seconds
[2025-04-03T17:59:38.163+0000] {processor.py:186} INFO - Started process (PID=1094) to work on /home/airflow/.local/lib/python3.12/site-packages/airflow/example_dags/example_latest_only.py
[2025-04-03T17:59:38.164+0000] {processor.py:914} INFO - Processing file /home/airflow/.local/lib/python3.12/site-packages/airflow/example_dags/example_latest_only.py for tasks to queue
[2025-04-03T17:59:38.167+0000] {logging_mixin.py:190} INFO - [2025-04-03T17:59:38.166+0000] {dagbag.py:588} INFO - Filling up the DagBag from /home/airflow/.local/lib/python3.12/site-packages/airflow/example_dags/example_latest_only.py
[2025-04-03T17:59:38.172+0000] {processor.py:925} INFO - DAG(s) 'latest_only' retrieved from /home/airflow/.local/lib/python3.12/site-packages/airflow/example_dags/example_latest_only.py
[2025-04-03T17:59:38.191+0000] {logging_mixin.py:190} INFO - [2025-04-03T17:59:38.191+0000] {dag.py:3239} INFO - Sync 1 DAGs
[2025-04-03T17:59:38.211+0000] {logging_mixin.py:190} INFO - [2025-04-03T17:59:38.211+0000] {dag.py:4180} INFO - Setting next_dagrun for latest_only to 2025-04-03 12:00:00+00:00, run_after=2025-04-03 16:00:00+00:00
[2025-04-03T17:59:38.224+0000] {processor.py:208} INFO - Processing /home/airflow/.local/lib/python3.12/site-packages/airflow/example_dags/example_latest_only.py took 0.066 seconds
[2025-04-03T18:00:09.369+0000] {processor.py:186} INFO - Started process (PID=1165) to work on /home/airflow/.local/lib/python3.12/site-packages/airflow/example_dags/example_latest_only.py
[2025-04-03T18:00:09.370+0000] {processor.py:914} INFO - Processing file /home/airflow/.local/lib/python3.12/site-packages/airflow/example_dags/example_latest_only.py for tasks to queue
[2025-04-03T18:00:09.373+0000] {logging_mixin.py:190} INFO - [2025-04-03T18:00:09.372+0000] {dagbag.py:588} INFO - Filling up the DagBag from /home/airflow/.local/lib/python3.12/site-packages/airflow/example_dags/example_latest_only.py
[2025-04-03T18:00:09.378+0000] {processor.py:925} INFO - DAG(s) 'latest_only' retrieved from /home/airflow/.local/lib/python3.12/site-packages/airflow/example_dags/example_latest_only.py
[2025-04-03T18:00:09.404+0000] {logging_mixin.py:190} INFO - [2025-04-03T18:00:09.403+0000] {dag.py:3239} INFO - Sync 1 DAGs
[2025-04-03T18:00:09.427+0000] {logging_mixin.py:190} INFO - [2025-04-03T18:00:09.427+0000] {dag.py:4180} INFO - Setting next_dagrun for latest_only to 2025-04-03 12:00:00+00:00, run_after=2025-04-03 16:00:00+00:00
[2025-04-03T18:00:09.442+0000] {processor.py:208} INFO - Processing /home/airflow/.local/lib/python3.12/site-packages/airflow/example_dags/example_latest_only.py took 0.079 seconds
[2025-04-03T18:00:39.860+0000] {processor.py:186} INFO - Started process (PID=1230) to work on /home/airflow/.local/lib/python3.12/site-packages/airflow/example_dags/example_latest_only.py
[2025-04-03T18:00:39.861+0000] {processor.py:914} INFO - Processing file /home/airflow/.local/lib/python3.12/site-packages/airflow/example_dags/example_latest_only.py for tasks to queue
[2025-04-03T18:00:39.865+0000] {logging_mixin.py:190} INFO - [2025-04-03T18:00:39.865+0000] {dagbag.py:588} INFO - Filling up the DagBag from /home/airflow/.local/lib/python3.12/site-packages/airflow/example_dags/example_latest_only.py
[2025-04-03T18:00:39.872+0000] {processor.py:925} INFO - DAG(s) 'latest_only' retrieved from /home/airflow/.local/lib/python3.12/site-packages/airflow/example_dags/example_latest_only.py
[2025-04-03T18:00:39.892+0000] {logging_mixin.py:190} INFO - [2025-04-03T18:00:39.892+0000] {dag.py:3239} INFO - Sync 1 DAGs
[2025-04-03T18:00:39.916+0000] {logging_mixin.py:190} INFO - [2025-04-03T18:00:39.915+0000] {dag.py:4180} INFO - Setting next_dagrun for latest_only to 2025-04-03 12:00:00+00:00, run_after=2025-04-03 16:00:00+00:00
[2025-04-03T18:00:39.929+0000] {processor.py:208} INFO - Processing /home/airflow/.local/lib/python3.12/site-packages/airflow/example_dags/example_latest_only.py took 0.075 seconds
[2025-04-03T18:01:12.028+0000] {processor.py:186} INFO - Started process (PID=1295) to work on /home/airflow/.local/lib/python3.12/site-packages/airflow/example_dags/example_latest_only.py
[2025-04-03T18:01:12.029+0000] {processor.py:914} INFO - Processing file /home/airflow/.local/lib/python3.12/site-packages/airflow/example_dags/example_latest_only.py for tasks to queue
[2025-04-03T18:01:12.033+0000] {logging_mixin.py:190} INFO - [2025-04-03T18:01:12.032+0000] {dagbag.py:588} INFO - Filling up the DagBag from /home/airflow/.local/lib/python3.12/site-packages/airflow/example_dags/example_latest_only.py
[2025-04-03T18:01:12.039+0000] {processor.py:925} INFO - DAG(s) 'latest_only' retrieved from /home/airflow/.local/lib/python3.12/site-packages/airflow/example_dags/example_latest_only.py
[2025-04-03T18:01:12.057+0000] {logging_mixin.py:190} INFO - [2025-04-03T18:01:12.056+0000] {dag.py:3239} INFO - Sync 1 DAGs
[2025-04-03T18:01:12.079+0000] {logging_mixin.py:190} INFO - [2025-04-03T18:01:12.079+0000] {dag.py:4180} INFO - Setting next_dagrun for latest_only to 2025-04-03 12:00:00+00:00, run_after=2025-04-03 16:00:00+00:00
[2025-04-03T18:01:12.351+0000] {processor.py:208} INFO - Processing /home/airflow/.local/lib/python3.12/site-packages/airflow/example_dags/example_latest_only.py took 0.330 seconds
[2025-04-03T18:01:42.850+0000] {processor.py:186} INFO - Started process (PID=1361) to work on /home/airflow/.local/lib/python3.12/site-packages/airflow/example_dags/example_latest_only.py
[2025-04-03T18:01:42.852+0000] {processor.py:914} INFO - Processing file /home/airflow/.local/lib/python3.12/site-packages/airflow/example_dags/example_latest_only.py for tasks to queue
[2025-04-03T18:01:42.855+0000] {logging_mixin.py:190} INFO - [2025-04-03T18:01:42.855+0000] {dagbag.py:588} INFO - Filling up the DagBag from /home/airflow/.local/lib/python3.12/site-packages/airflow/example_dags/example_latest_only.py
[2025-04-03T18:01:42.860+0000] {processor.py:925} INFO - DAG(s) 'latest_only' retrieved from /home/airflow/.local/lib/python3.12/site-packages/airflow/example_dags/example_latest_only.py
[2025-04-03T18:01:42.882+0000] {logging_mixin.py:190} INFO - [2025-04-03T18:01:42.882+0000] {dag.py:3239} INFO - Sync 1 DAGs
[2025-04-03T18:01:42.904+0000] {logging_mixin.py:190} INFO - [2025-04-03T18:01:42.904+0000] {dag.py:4180} INFO - Setting next_dagrun for latest_only to 2025-04-03 12:00:00+00:00, run_after=2025-04-03 16:00:00+00:00
[2025-04-03T18:01:42.918+0000] {processor.py:208} INFO - Processing /home/airflow/.local/lib/python3.12/site-packages/airflow/example_dags/example_latest_only.py took 0.077 seconds
[2025-04-03T18:02:13.455+0000] {processor.py:186} INFO - Started process (PID=1425) to work on /home/airflow/.local/lib/python3.12/site-packages/airflow/example_dags/example_latest_only.py
[2025-04-03T18:02:13.456+0000] {processor.py:914} INFO - Processing file /home/airflow/.local/lib/python3.12/site-packages/airflow/example_dags/example_latest_only.py for tasks to queue
[2025-04-03T18:02:13.459+0000] {logging_mixin.py:190} INFO - [2025-04-03T18:02:13.458+0000] {dagbag.py:588} INFO - Filling up the DagBag from /home/airflow/.local/lib/python3.12/site-packages/airflow/example_dags/example_latest_only.py
[2025-04-03T18:02:13.463+0000] {processor.py:925} INFO - DAG(s) 'latest_only' retrieved from /home/airflow/.local/lib/python3.12/site-packages/airflow/example_dags/example_latest_only.py
[2025-04-03T18:02:13.484+0000] {logging_mixin.py:190} INFO - [2025-04-03T18:02:13.484+0000] {dag.py:3239} INFO - Sync 1 DAGs
[2025-04-03T18:02:13.508+0000] {logging_mixin.py:190} INFO - [2025-04-03T18:02:13.508+0000] {dag.py:4180} INFO - Setting next_dagrun for latest_only to 2025-04-03 12:00:00+00:00, run_after=2025-04-03 16:00:00+00:00
[2025-04-03T18:02:13.522+0000] {processor.py:208} INFO - Processing /home/airflow/.local/lib/python3.12/site-packages/airflow/example_dags/example_latest_only.py took 0.075 seconds
[2025-04-03T18:02:44.078+0000] {processor.py:186} INFO - Started process (PID=1490) to work on /home/airflow/.local/lib/python3.12/site-packages/airflow/example_dags/example_latest_only.py
[2025-04-03T18:02:44.079+0000] {processor.py:914} INFO - Processing file /home/airflow/.local/lib/python3.12/site-packages/airflow/example_dags/example_latest_only.py for tasks to queue
[2025-04-03T18:02:44.082+0000] {logging_mixin.py:190} INFO - [2025-04-03T18:02:44.082+0000] {dagbag.py:588} INFO - Filling up the DagBag from /home/airflow/.local/lib/python3.12/site-packages/airflow/example_dags/example_latest_only.py
[2025-04-03T18:02:44.087+0000] {processor.py:925} INFO - DAG(s) 'latest_only' retrieved from /home/airflow/.local/lib/python3.12/site-packages/airflow/example_dags/example_latest_only.py
[2025-04-03T18:02:44.106+0000] {logging_mixin.py:190} INFO - [2025-04-03T18:02:44.106+0000] {dag.py:3239} INFO - Sync 1 DAGs
[2025-04-03T18:02:44.126+0000] {logging_mixin.py:190} INFO - [2025-04-03T18:02:44.126+0000] {dag.py:4180} INFO - Setting next_dagrun for latest_only to 2025-04-03 12:00:00+00:00, run_after=2025-04-03 16:00:00+00:00
[2025-04-03T18:02:44.140+0000] {processor.py:208} INFO - Processing /home/airflow/.local/lib/python3.12/site-packages/airflow/example_dags/example_latest_only.py took 0.072 seconds
[2025-04-03T18:03:17.100+0000] {processor.py:186} INFO - Started process (PID=1555) to work on /home/airflow/.local/lib/python3.12/site-packages/airflow/example_dags/example_latest_only.py
[2025-04-03T18:03:17.103+0000] {processor.py:914} INFO - Processing file /home/airflow/.local/lib/python3.12/site-packages/airflow/example_dags/example_latest_only.py for tasks to queue
[2025-04-03T18:03:17.105+0000] {logging_mixin.py:190} INFO - [2025-04-03T18:03:17.105+0000] {dagbag.py:588} INFO - Filling up the DagBag from /home/airflow/.local/lib/python3.12/site-packages/airflow/example_dags/example_latest_only.py
[2025-04-03T18:03:17.111+0000] {processor.py:925} INFO - DAG(s) 'latest_only' retrieved from /home/airflow/.local/lib/python3.12/site-packages/airflow/example_dags/example_latest_only.py
[2025-04-03T18:03:17.133+0000] {logging_mixin.py:190} INFO - [2025-04-03T18:03:17.132+0000] {dag.py:3239} INFO - Sync 1 DAGs
[2025-04-03T18:03:17.414+0000] {logging_mixin.py:190} INFO - [2025-04-03T18:03:17.414+0000] {dag.py:4180} INFO - Setting next_dagrun for latest_only to 2025-04-03 12:00:00+00:00, run_after=2025-04-03 16:00:00+00:00
[2025-04-03T18:03:17.426+0000] {processor.py:208} INFO - Processing /home/airflow/.local/lib/python3.12/site-packages/airflow/example_dags/example_latest_only.py took 0.335 seconds
[2025-04-03T18:03:47.643+0000] {processor.py:186} INFO - Started process (PID=1620) to work on /home/airflow/.local/lib/python3.12/site-packages/airflow/example_dags/example_latest_only.py
[2025-04-03T18:03:47.644+0000] {processor.py:914} INFO - Processing file /home/airflow/.local/lib/python3.12/site-packages/airflow/example_dags/example_latest_only.py for tasks to queue
[2025-04-03T18:03:47.647+0000] {logging_mixin.py:190} INFO - [2025-04-03T18:03:47.646+0000] {dagbag.py:588} INFO - Filling up the DagBag from /home/airflow/.local/lib/python3.12/site-packages/airflow/example_dags/example_latest_only.py
[2025-04-03T18:03:47.652+0000] {processor.py:925} INFO - DAG(s) 'latest_only' retrieved from /home/airflow/.local/lib/python3.12/site-packages/airflow/example_dags/example_latest_only.py
[2025-04-03T18:03:47.672+0000] {logging_mixin.py:190} INFO - [2025-04-03T18:03:47.672+0000] {dag.py:3239} INFO - Sync 1 DAGs
[2025-04-03T18:03:47.694+0000] {logging_mixin.py:190} INFO - [2025-04-03T18:03:47.694+0000] {dag.py:4180} INFO - Setting next_dagrun for latest_only to 2025-04-03 12:00:00+00:00, run_after=2025-04-03 16:00:00+00:00
[2025-04-03T18:03:47.949+0000] {processor.py:208} INFO - Processing /home/airflow/.local/lib/python3.12/site-packages/airflow/example_dags/example_latest_only.py took 0.315 seconds
[2025-04-03T18:04:18.846+0000] {processor.py:186} INFO - Started process (PID=1685) to work on /home/airflow/.local/lib/python3.12/site-packages/airflow/example_dags/example_latest_only.py
[2025-04-03T18:04:18.849+0000] {processor.py:914} INFO - Processing file /home/airflow/.local/lib/python3.12/site-packages/airflow/example_dags/example_latest_only.py for tasks to queue
[2025-04-03T18:04:18.852+0000] {logging_mixin.py:190} INFO - [2025-04-03T18:04:18.852+0000] {dagbag.py:588} INFO - Filling up the DagBag from /home/airflow/.local/lib/python3.12/site-packages/airflow/example_dags/example_latest_only.py
[2025-04-03T18:04:18.858+0000] {processor.py:925} INFO - DAG(s) 'latest_only' retrieved from /home/airflow/.local/lib/python3.12/site-packages/airflow/example_dags/example_latest_only.py
[2025-04-03T18:04:18.879+0000] {logging_mixin.py:190} INFO - [2025-04-03T18:04:18.879+0000] {dag.py:3239} INFO - Sync 1 DAGs
[2025-04-03T18:04:18.901+0000] {logging_mixin.py:190} INFO - [2025-04-03T18:04:18.900+0000] {dag.py:4180} INFO - Setting next_dagrun for latest_only to 2025-04-03 12:00:00+00:00, run_after=2025-04-03 16:00:00+00:00
[2025-04-03T18:04:18.914+0000] {processor.py:208} INFO - Processing /home/airflow/.local/lib/python3.12/site-packages/airflow/example_dags/example_latest_only.py took 0.077 seconds
[2025-04-03T18:04:49.094+0000] {processor.py:186} INFO - Started process (PID=1749) to work on /home/airflow/.local/lib/python3.12/site-packages/airflow/example_dags/example_latest_only.py
[2025-04-03T18:04:49.097+0000] {processor.py:914} INFO - Processing file /home/airflow/.local/lib/python3.12/site-packages/airflow/example_dags/example_latest_only.py for tasks to queue
[2025-04-03T18:04:49.102+0000] {logging_mixin.py:190} INFO - [2025-04-03T18:04:49.102+0000] {dagbag.py:588} INFO - Filling up the DagBag from /home/airflow/.local/lib/python3.12/site-packages/airflow/example_dags/example_latest_only.py
[2025-04-03T18:04:49.108+0000] {processor.py:925} INFO - DAG(s) 'latest_only' retrieved from /home/airflow/.local/lib/python3.12/site-packages/airflow/example_dags/example_latest_only.py
[2025-04-03T18:04:49.129+0000] {logging_mixin.py:190} INFO - [2025-04-03T18:04:49.128+0000] {dag.py:3239} INFO - Sync 1 DAGs
[2025-04-03T18:04:49.149+0000] {logging_mixin.py:190} INFO - [2025-04-03T18:04:49.149+0000] {dag.py:4180} INFO - Setting next_dagrun for latest_only to 2025-04-03 12:00:00+00:00, run_after=2025-04-03 16:00:00+00:00
[2025-04-03T18:04:49.162+0000] {processor.py:208} INFO - Processing /home/airflow/.local/lib/python3.12/site-packages/airflow/example_dags/example_latest_only.py took 0.076 seconds
[2025-04-03T18:05:21.625+0000] {processor.py:186} INFO - Started process (PID=1814) to work on /home/airflow/.local/lib/python3.12/site-packages/airflow/example_dags/example_latest_only.py
[2025-04-03T18:05:21.626+0000] {processor.py:914} INFO - Processing file /home/airflow/.local/lib/python3.12/site-packages/airflow/example_dags/example_latest_only.py for tasks to queue
[2025-04-03T18:05:21.628+0000] {logging_mixin.py:190} INFO - [2025-04-03T18:05:21.628+0000] {dagbag.py:588} INFO - Filling up the DagBag from /home/airflow/.local/lib/python3.12/site-packages/airflow/example_dags/example_latest_only.py
[2025-04-03T18:05:21.633+0000] {processor.py:925} INFO - DAG(s) 'latest_only' retrieved from /home/airflow/.local/lib/python3.12/site-packages/airflow/example_dags/example_latest_only.py
[2025-04-03T18:05:21.896+0000] {logging_mixin.py:190} INFO - [2025-04-03T18:05:21.896+0000] {dag.py:3239} INFO - Sync 1 DAGs
[2025-04-03T18:05:21.914+0000] {logging_mixin.py:190} INFO - [2025-04-03T18:05:21.913+0000] {dag.py:4180} INFO - Setting next_dagrun for latest_only to 2025-04-03 12:00:00+00:00, run_after=2025-04-03 16:00:00+00:00
[2025-04-03T18:05:21.926+0000] {processor.py:208} INFO - Processing /home/airflow/.local/lib/python3.12/site-packages/airflow/example_dags/example_latest_only.py took 0.310 seconds
[2025-04-03T18:05:52.589+0000] {processor.py:186} INFO - Started process (PID=1879) to work on /home/airflow/.local/lib/python3.12/site-packages/airflow/example_dags/example_latest_only.py
[2025-04-03T18:05:52.589+0000] {processor.py:914} INFO - Processing file /home/airflow/.local/lib/python3.12/site-packages/airflow/example_dags/example_latest_only.py for tasks to queue
[2025-04-03T18:05:52.592+0000] {logging_mixin.py:190} INFO - [2025-04-03T18:05:52.591+0000] {dagbag.py:588} INFO - Filling up the DagBag from /home/airflow/.local/lib/python3.12/site-packages/airflow/example_dags/example_latest_only.py
[2025-04-03T18:05:52.596+0000] {processor.py:925} INFO - DAG(s) 'latest_only' retrieved from /home/airflow/.local/lib/python3.12/site-packages/airflow/example_dags/example_latest_only.py
[2025-04-03T18:05:52.615+0000] {logging_mixin.py:190} INFO - [2025-04-03T18:05:52.615+0000] {dag.py:3239} INFO - Sync 1 DAGs
[2025-04-03T18:05:52.879+0000] {logging_mixin.py:190} INFO - [2025-04-03T18:05:52.879+0000] {dag.py:4180} INFO - Setting next_dagrun for latest_only to 2025-04-03 12:00:00+00:00, run_after=2025-04-03 16:00:00+00:00
[2025-04-03T18:05:52.892+0000] {processor.py:208} INFO - Processing /home/airflow/.local/lib/python3.12/site-packages/airflow/example_dags/example_latest_only.py took 0.308 seconds
[2025-04-03T18:06:22.957+0000] {processor.py:186} INFO - Started process (PID=1944) to work on /home/airflow/.local/lib/python3.12/site-packages/airflow/example_dags/example_latest_only.py
[2025-04-03T18:06:22.958+0000] {processor.py:914} INFO - Processing file /home/airflow/.local/lib/python3.12/site-packages/airflow/example_dags/example_latest_only.py for tasks to queue
[2025-04-03T18:06:22.961+0000] {logging_mixin.py:190} INFO - [2025-04-03T18:06:22.961+0000] {dagbag.py:588} INFO - Filling up the DagBag from /home/airflow/.local/lib/python3.12/site-packages/airflow/example_dags/example_latest_only.py
[2025-04-03T18:06:22.965+0000] {processor.py:925} INFO - DAG(s) 'latest_only' retrieved from /home/airflow/.local/lib/python3.12/site-packages/airflow/example_dags/example_latest_only.py
[2025-04-03T18:06:22.984+0000] {logging_mixin.py:190} INFO - [2025-04-03T18:06:22.983+0000] {dag.py:3239} INFO - Sync 1 DAGs
[2025-04-03T18:06:23.005+0000] {logging_mixin.py:190} INFO - [2025-04-03T18:06:23.005+0000] {dag.py:4180} INFO - Setting next_dagrun for latest_only to 2025-04-03 12:00:00+00:00, run_after=2025-04-03 16:00:00+00:00
[2025-04-03T18:06:23.018+0000] {processor.py:208} INFO - Processing /home/airflow/.local/lib/python3.12/site-packages/airflow/example_dags/example_latest_only.py took 0.068 seconds
[2025-04-03T18:06:53.596+0000] {processor.py:186} INFO - Started process (PID=2009) to work on /home/airflow/.local/lib/python3.12/site-packages/airflow/example_dags/example_latest_only.py
[2025-04-03T18:06:53.597+0000] {processor.py:914} INFO - Processing file /home/airflow/.local/lib/python3.12/site-packages/airflow/example_dags/example_latest_only.py for tasks to queue
[2025-04-03T18:06:53.599+0000] {logging_mixin.py:190} INFO - [2025-04-03T18:06:53.599+0000] {dagbag.py:588} INFO - Filling up the DagBag from /home/airflow/.local/lib/python3.12/site-packages/airflow/example_dags/example_latest_only.py
[2025-04-03T18:06:53.604+0000] {processor.py:925} INFO - DAG(s) 'latest_only' retrieved from /home/airflow/.local/lib/python3.12/site-packages/airflow/example_dags/example_latest_only.py
[2025-04-03T18:06:53.624+0000] {logging_mixin.py:190} INFO - [2025-04-03T18:06:53.624+0000] {dag.py:3239} INFO - Sync 1 DAGs
[2025-04-03T18:06:53.643+0000] {logging_mixin.py:190} INFO - [2025-04-03T18:06:53.643+0000] {dag.py:4180} INFO - Setting next_dagrun for latest_only to 2025-04-03 12:00:00+00:00, run_after=2025-04-03 16:00:00+00:00
[2025-04-03T18:06:53.657+0000] {processor.py:208} INFO - Processing /home/airflow/.local/lib/python3.12/site-packages/airflow/example_dags/example_latest_only.py took 0.069 seconds
[2025-04-03T18:07:24.086+0000] {processor.py:186} INFO - Started process (PID=2074) to work on /home/airflow/.local/lib/python3.12/site-packages/airflow/example_dags/example_latest_only.py
[2025-04-03T18:07:24.086+0000] {processor.py:914} INFO - Processing file /home/airflow/.local/lib/python3.12/site-packages/airflow/example_dags/example_latest_only.py for tasks to queue
[2025-04-03T18:07:24.088+0000] {logging_mixin.py:190} INFO - [2025-04-03T18:07:24.088+0000] {dagbag.py:588} INFO - Filling up the DagBag from /home/airflow/.local/lib/python3.12/site-packages/airflow/example_dags/example_latest_only.py
[2025-04-03T18:07:24.092+0000] {processor.py:925} INFO - DAG(s) 'latest_only' retrieved from /home/airflow/.local/lib/python3.12/site-packages/airflow/example_dags/example_latest_only.py
[2025-04-03T18:07:24.109+0000] {logging_mixin.py:190} INFO - [2025-04-03T18:07:24.108+0000] {dag.py:3239} INFO - Sync 1 DAGs
[2025-04-03T18:07:24.127+0000] {logging_mixin.py:190} INFO - [2025-04-03T18:07:24.127+0000] {dag.py:4180} INFO - Setting next_dagrun for latest_only to 2025-04-03 12:00:00+00:00, run_after=2025-04-03 16:00:00+00:00
[2025-04-03T18:07:24.140+0000] {processor.py:208} INFO - Processing /home/airflow/.local/lib/python3.12/site-packages/airflow/example_dags/example_latest_only.py took 0.059 seconds
[2025-04-03T18:07:54.563+0000] {processor.py:186} INFO - Started process (PID=2139) to work on /home/airflow/.local/lib/python3.12/site-packages/airflow/example_dags/example_latest_only.py
[2025-04-03T18:07:54.564+0000] {processor.py:914} INFO - Processing file /home/airflow/.local/lib/python3.12/site-packages/airflow/example_dags/example_latest_only.py for tasks to queue
[2025-04-03T18:07:54.567+0000] {logging_mixin.py:190} INFO - [2025-04-03T18:07:54.567+0000] {dagbag.py:588} INFO - Filling up the DagBag from /home/airflow/.local/lib/python3.12/site-packages/airflow/example_dags/example_latest_only.py
[2025-04-03T18:07:54.572+0000] {processor.py:925} INFO - DAG(s) 'latest_only' retrieved from /home/airflow/.local/lib/python3.12/site-packages/airflow/example_dags/example_latest_only.py
[2025-04-03T18:07:54.591+0000] {logging_mixin.py:190} INFO - [2025-04-03T18:07:54.591+0000] {dag.py:3239} INFO - Sync 1 DAGs
[2025-04-03T18:07:54.612+0000] {logging_mixin.py:190} INFO - [2025-04-03T18:07:54.611+0000] {dag.py:4180} INFO - Setting next_dagrun for latest_only to 2025-04-03 12:00:00+00:00, run_after=2025-04-03 16:00:00+00:00
[2025-04-03T18:07:54.627+0000] {processor.py:208} INFO - Processing /home/airflow/.local/lib/python3.12/site-packages/airflow/example_dags/example_latest_only.py took 0.072 seconds
[2025-04-03T18:08:25.102+0000] {processor.py:186} INFO - Started process (PID=2204) to work on /home/airflow/.local/lib/python3.12/site-packages/airflow/example_dags/example_latest_only.py
[2025-04-03T18:08:25.103+0000] {processor.py:914} INFO - Processing file /home/airflow/.local/lib/python3.12/site-packages/airflow/example_dags/example_latest_only.py for tasks to queue
[2025-04-03T18:08:25.106+0000] {logging_mixin.py:190} INFO - [2025-04-03T18:08:25.105+0000] {dagbag.py:588} INFO - Filling up the DagBag from /home/airflow/.local/lib/python3.12/site-packages/airflow/example_dags/example_latest_only.py
[2025-04-03T18:08:25.110+0000] {processor.py:925} INFO - DAG(s) 'latest_only' retrieved from /home/airflow/.local/lib/python3.12/site-packages/airflow/example_dags/example_latest_only.py
[2025-04-03T18:08:25.129+0000] {logging_mixin.py:190} INFO - [2025-04-03T18:08:25.129+0000] {dag.py:3239} INFO - Sync 1 DAGs
[2025-04-03T18:08:25.149+0000] {logging_mixin.py:190} INFO - [2025-04-03T18:08:25.148+0000] {dag.py:4180} INFO - Setting next_dagrun for latest_only to 2025-04-03 12:00:00+00:00, run_after=2025-04-03 16:00:00+00:00
[2025-04-03T18:08:25.161+0000] {processor.py:208} INFO - Processing /home/airflow/.local/lib/python3.12/site-packages/airflow/example_dags/example_latest_only.py took 0.067 seconds
[2025-04-03T18:08:55.446+0000] {processor.py:186} INFO - Started process (PID=2269) to work on /home/airflow/.local/lib/python3.12/site-packages/airflow/example_dags/example_latest_only.py
[2025-04-03T18:08:55.447+0000] {processor.py:914} INFO - Processing file /home/airflow/.local/lib/python3.12/site-packages/airflow/example_dags/example_latest_only.py for tasks to queue
[2025-04-03T18:08:55.449+0000] {logging_mixin.py:190} INFO - [2025-04-03T18:08:55.449+0000] {dagbag.py:588} INFO - Filling up the DagBag from /home/airflow/.local/lib/python3.12/site-packages/airflow/example_dags/example_latest_only.py
[2025-04-03T18:08:55.454+0000] {processor.py:925} INFO - DAG(s) 'latest_only' retrieved from /home/airflow/.local/lib/python3.12/site-packages/airflow/example_dags/example_latest_only.py
[2025-04-03T18:08:55.473+0000] {logging_mixin.py:190} INFO - [2025-04-03T18:08:55.473+0000] {dag.py:3239} INFO - Sync 1 DAGs
[2025-04-03T18:08:55.493+0000] {logging_mixin.py:190} INFO - [2025-04-03T18:08:55.492+0000] {dag.py:4180} INFO - Setting next_dagrun for latest_only to 2025-04-03 12:00:00+00:00, run_after=2025-04-03 16:00:00+00:00
[2025-04-03T18:08:55.505+0000] {processor.py:208} INFO - Processing /home/airflow/.local/lib/python3.12/site-packages/airflow/example_dags/example_latest_only.py took 0.065 seconds
[2025-04-03T18:09:25.820+0000] {processor.py:186} INFO - Started process (PID=2334) to work on /home/airflow/.local/lib/python3.12/site-packages/airflow/example_dags/example_latest_only.py
[2025-04-03T18:09:25.821+0000] {processor.py:914} INFO - Processing file /home/airflow/.local/lib/python3.12/site-packages/airflow/example_dags/example_latest_only.py for tasks to queue
[2025-04-03T18:09:25.824+0000] {logging_mixin.py:190} INFO - [2025-04-03T18:09:25.824+0000] {dagbag.py:588} INFO - Filling up the DagBag from /home/airflow/.local/lib/python3.12/site-packages/airflow/example_dags/example_latest_only.py
[2025-04-03T18:09:25.829+0000] {processor.py:925} INFO - DAG(s) 'latest_only' retrieved from /home/airflow/.local/lib/python3.12/site-packages/airflow/example_dags/example_latest_only.py
[2025-04-03T18:09:25.848+0000] {logging_mixin.py:190} INFO - [2025-04-03T18:09:25.848+0000] {dag.py:3239} INFO - Sync 1 DAGs
[2025-04-03T18:09:25.868+0000] {logging_mixin.py:190} INFO - [2025-04-03T18:09:25.868+0000] {dag.py:4180} INFO - Setting next_dagrun for latest_only to 2025-04-03 12:00:00+00:00, run_after=2025-04-03 16:00:00+00:00
[2025-04-03T18:09:25.880+0000] {processor.py:208} INFO - Processing /home/airflow/.local/lib/python3.12/site-packages/airflow/example_dags/example_latest_only.py took 0.069 seconds
[2025-04-03T18:09:56.265+0000] {processor.py:186} INFO - Started process (PID=2399) to work on /home/airflow/.local/lib/python3.12/site-packages/airflow/example_dags/example_latest_only.py
[2025-04-03T18:09:56.266+0000] {processor.py:914} INFO - Processing file /home/airflow/.local/lib/python3.12/site-packages/airflow/example_dags/example_latest_only.py for tasks to queue
[2025-04-03T18:09:56.270+0000] {logging_mixin.py:190} INFO - [2025-04-03T18:09:56.270+0000] {dagbag.py:588} INFO - Filling up the DagBag from /home/airflow/.local/lib/python3.12/site-packages/airflow/example_dags/example_latest_only.py
[2025-04-03T18:09:56.276+0000] {processor.py:925} INFO - DAG(s) 'latest_only' retrieved from /home/airflow/.local/lib/python3.12/site-packages/airflow/example_dags/example_latest_only.py
[2025-04-03T18:09:56.296+0000] {logging_mixin.py:190} INFO - [2025-04-03T18:09:56.296+0000] {dag.py:3239} INFO - Sync 1 DAGs
[2025-04-03T18:09:56.316+0000] {logging_mixin.py:190} INFO - [2025-04-03T18:09:56.316+0000] {dag.py:4180} INFO - Setting next_dagrun for latest_only to 2025-04-03 12:00:00+00:00, run_after=2025-04-03 16:00:00+00:00
[2025-04-03T18:09:56.330+0000] {processor.py:208} INFO - Processing /home/airflow/.local/lib/python3.12/site-packages/airflow/example_dags/example_latest_only.py took 0.073 seconds
[2025-04-03T18:10:26.794+0000] {processor.py:186} INFO - Started process (PID=2464) to work on /home/airflow/.local/lib/python3.12/site-packages/airflow/example_dags/example_latest_only.py
[2025-04-03T18:10:26.795+0000] {processor.py:914} INFO - Processing file /home/airflow/.local/lib/python3.12/site-packages/airflow/example_dags/example_latest_only.py for tasks to queue
[2025-04-03T18:10:26.798+0000] {logging_mixin.py:190} INFO - [2025-04-03T18:10:26.798+0000] {dagbag.py:588} INFO - Filling up the DagBag from /home/airflow/.local/lib/python3.12/site-packages/airflow/example_dags/example_latest_only.py
[2025-04-03T18:10:26.803+0000] {processor.py:925} INFO - DAG(s) 'latest_only' retrieved from /home/airflow/.local/lib/python3.12/site-packages/airflow/example_dags/example_latest_only.py
[2025-04-03T18:10:26.822+0000] {logging_mixin.py:190} INFO - [2025-04-03T18:10:26.822+0000] {dag.py:3239} INFO - Sync 1 DAGs
[2025-04-03T18:10:26.842+0000] {logging_mixin.py:190} INFO - [2025-04-03T18:10:26.842+0000] {dag.py:4180} INFO - Setting next_dagrun for latest_only to 2025-04-03 12:00:00+00:00, run_after=2025-04-03 16:00:00+00:00
[2025-04-03T18:10:26.855+0000] {processor.py:208} INFO - Processing /home/airflow/.local/lib/python3.12/site-packages/airflow/example_dags/example_latest_only.py took 0.069 seconds
[2025-04-03T18:10:57.216+0000] {processor.py:186} INFO - Started process (PID=2529) to work on /home/airflow/.local/lib/python3.12/site-packages/airflow/example_dags/example_latest_only.py
[2025-04-03T18:10:57.217+0000] {processor.py:914} INFO - Processing file /home/airflow/.local/lib/python3.12/site-packages/airflow/example_dags/example_latest_only.py for tasks to queue
[2025-04-03T18:10:57.220+0000] {logging_mixin.py:190} INFO - [2025-04-03T18:10:57.220+0000] {dagbag.py:588} INFO - Filling up the DagBag from /home/airflow/.local/lib/python3.12/site-packages/airflow/example_dags/example_latest_only.py
[2025-04-03T18:10:57.225+0000] {processor.py:925} INFO - DAG(s) 'latest_only' retrieved from /home/airflow/.local/lib/python3.12/site-packages/airflow/example_dags/example_latest_only.py
[2025-04-03T18:10:57.244+0000] {logging_mixin.py:190} INFO - [2025-04-03T18:10:57.244+0000] {dag.py:3239} INFO - Sync 1 DAGs
[2025-04-03T18:10:57.264+0000] {logging_mixin.py:190} INFO - [2025-04-03T18:10:57.264+0000] {dag.py:4180} INFO - Setting next_dagrun for latest_only to 2025-04-03 12:00:00+00:00, run_after=2025-04-03 16:00:00+00:00
[2025-04-03T18:10:57.278+0000] {processor.py:208} INFO - Processing /home/airflow/.local/lib/python3.12/site-packages/airflow/example_dags/example_latest_only.py took 0.070 seconds
[2025-04-03T18:11:27.745+0000] {processor.py:186} INFO - Started process (PID=2594) to work on /home/airflow/.local/lib/python3.12/site-packages/airflow/example_dags/example_latest_only.py
[2025-04-03T18:11:27.745+0000] {processor.py:914} INFO - Processing file /home/airflow/.local/lib/python3.12/site-packages/airflow/example_dags/example_latest_only.py for tasks to queue
[2025-04-03T18:11:27.747+0000] {logging_mixin.py:190} INFO - [2025-04-03T18:11:27.747+0000] {dagbag.py:588} INFO - Filling up the DagBag from /home/airflow/.local/lib/python3.12/site-packages/airflow/example_dags/example_latest_only.py
[2025-04-03T18:11:27.751+0000] {processor.py:925} INFO - DAG(s) 'latest_only' retrieved from /home/airflow/.local/lib/python3.12/site-packages/airflow/example_dags/example_latest_only.py
[2025-04-03T18:11:27.769+0000] {logging_mixin.py:190} INFO - [2025-04-03T18:11:27.769+0000] {dag.py:3239} INFO - Sync 1 DAGs
[2025-04-03T18:11:27.788+0000] {logging_mixin.py:190} INFO - [2025-04-03T18:11:27.788+0000] {dag.py:4180} INFO - Setting next_dagrun for latest_only to 2025-04-03 12:00:00+00:00, run_after=2025-04-03 16:00:00+00:00
[2025-04-03T18:11:27.800+0000] {processor.py:208} INFO - Processing /home/airflow/.local/lib/python3.12/site-packages/airflow/example_dags/example_latest_only.py took 0.060 seconds
[2025-04-03T18:11:58.258+0000] {processor.py:186} INFO - Started process (PID=2659) to work on /home/airflow/.local/lib/python3.12/site-packages/airflow/example_dags/example_latest_only.py
[2025-04-03T18:11:58.259+0000] {processor.py:914} INFO - Processing file /home/airflow/.local/lib/python3.12/site-packages/airflow/example_dags/example_latest_only.py for tasks to queue
[2025-04-03T18:11:58.261+0000] {logging_mixin.py:190} INFO - [2025-04-03T18:11:58.261+0000] {dagbag.py:588} INFO - Filling up the DagBag from /home/airflow/.local/lib/python3.12/site-packages/airflow/example_dags/example_latest_only.py
[2025-04-03T18:11:58.266+0000] {processor.py:925} INFO - DAG(s) 'latest_only' retrieved from /home/airflow/.local/lib/python3.12/site-packages/airflow/example_dags/example_latest_only.py
[2025-04-03T18:11:58.286+0000] {logging_mixin.py:190} INFO - [2025-04-03T18:11:58.286+0000] {dag.py:3239} INFO - Sync 1 DAGs
[2025-04-03T18:11:58.308+0000] {logging_mixin.py:190} INFO - [2025-04-03T18:11:58.307+0000] {dag.py:4180} INFO - Setting next_dagrun for latest_only to 2025-04-03 12:00:00+00:00, run_after=2025-04-03 16:00:00+00:00
[2025-04-03T18:11:58.322+0000] {processor.py:208} INFO - Processing /home/airflow/.local/lib/python3.12/site-packages/airflow/example_dags/example_latest_only.py took 0.072 seconds
[2025-04-03T18:12:28.830+0000] {processor.py:186} INFO - Started process (PID=2724) to work on /home/airflow/.local/lib/python3.12/site-packages/airflow/example_dags/example_latest_only.py
[2025-04-03T18:12:28.831+0000] {processor.py:914} INFO - Processing file /home/airflow/.local/lib/python3.12/site-packages/airflow/example_dags/example_latest_only.py for tasks to queue
[2025-04-03T18:12:28.833+0000] {logging_mixin.py:190} INFO - [2025-04-03T18:12:28.833+0000] {dagbag.py:588} INFO - Filling up the DagBag from /home/airflow/.local/lib/python3.12/site-packages/airflow/example_dags/example_latest_only.py
[2025-04-03T18:12:28.837+0000] {processor.py:925} INFO - DAG(s) 'latest_only' retrieved from /home/airflow/.local/lib/python3.12/site-packages/airflow/example_dags/example_latest_only.py
[2025-04-03T18:12:28.854+0000] {logging_mixin.py:190} INFO - [2025-04-03T18:12:28.854+0000] {dag.py:3239} INFO - Sync 1 DAGs
[2025-04-03T18:12:28.872+0000] {logging_mixin.py:190} INFO - [2025-04-03T18:12:28.872+0000] {dag.py:4180} INFO - Setting next_dagrun for latest_only to 2025-04-03 12:00:00+00:00, run_after=2025-04-03 16:00:00+00:00
[2025-04-03T18:12:28.884+0000] {processor.py:208} INFO - Processing /home/airflow/.local/lib/python3.12/site-packages/airflow/example_dags/example_latest_only.py took 0.058 seconds
[2025-04-03T18:12:59.589+0000] {processor.py:186} INFO - Started process (PID=2789) to work on /home/airflow/.local/lib/python3.12/site-packages/airflow/example_dags/example_latest_only.py
[2025-04-03T18:12:59.590+0000] {processor.py:914} INFO - Processing file /home/airflow/.local/lib/python3.12/site-packages/airflow/example_dags/example_latest_only.py for tasks to queue
[2025-04-03T18:12:59.592+0000] {logging_mixin.py:190} INFO - [2025-04-03T18:12:59.592+0000] {dagbag.py:588} INFO - Filling up the DagBag from /home/airflow/.local/lib/python3.12/site-packages/airflow/example_dags/example_latest_only.py
[2025-04-03T18:12:59.596+0000] {processor.py:925} INFO - DAG(s) 'latest_only' retrieved from /home/airflow/.local/lib/python3.12/site-packages/airflow/example_dags/example_latest_only.py
[2025-04-03T18:12:59.614+0000] {logging_mixin.py:190} INFO - [2025-04-03T18:12:59.614+0000] {dag.py:3239} INFO - Sync 1 DAGs
[2025-04-03T18:12:59.634+0000] {logging_mixin.py:190} INFO - [2025-04-03T18:12:59.634+0000] {dag.py:4180} INFO - Setting next_dagrun for latest_only to 2025-04-03 12:00:00+00:00, run_after=2025-04-03 16:00:00+00:00
[2025-04-03T18:12:59.646+0000] {processor.py:208} INFO - Processing /home/airflow/.local/lib/python3.12/site-packages/airflow/example_dags/example_latest_only.py took 0.065 seconds
[2025-04-03T18:13:30.182+0000] {processor.py:186} INFO - Started process (PID=2854) to work on /home/airflow/.local/lib/python3.12/site-packages/airflow/example_dags/example_latest_only.py
[2025-04-03T18:13:30.183+0000] {processor.py:914} INFO - Processing file /home/airflow/.local/lib/python3.12/site-packages/airflow/example_dags/example_latest_only.py for tasks to queue
[2025-04-03T18:13:30.186+0000] {logging_mixin.py:190} INFO - [2025-04-03T18:13:30.186+0000] {dagbag.py:588} INFO - Filling up the DagBag from /home/airflow/.local/lib/python3.12/site-packages/airflow/example_dags/example_latest_only.py
[2025-04-03T18:13:30.190+0000] {processor.py:925} INFO - DAG(s) 'latest_only' retrieved from /home/airflow/.local/lib/python3.12/site-packages/airflow/example_dags/example_latest_only.py
[2025-04-03T18:13:30.211+0000] {logging_mixin.py:190} INFO - [2025-04-03T18:13:30.210+0000] {dag.py:3239} INFO - Sync 1 DAGs
[2025-04-03T18:13:30.235+0000] {logging_mixin.py:190} INFO - [2025-04-03T18:13:30.235+0000] {dag.py:4180} INFO - Setting next_dagrun for latest_only to 2025-04-03 12:00:00+00:00, run_after=2025-04-03 16:00:00+00:00
[2025-04-03T18:13:30.252+0000] {processor.py:208} INFO - Processing /home/airflow/.local/lib/python3.12/site-packages/airflow/example_dags/example_latest_only.py took 0.079 seconds
[2025-04-03T18:14:00.684+0000] {processor.py:186} INFO - Started process (PID=2919) to work on /home/airflow/.local/lib/python3.12/site-packages/airflow/example_dags/example_latest_only.py
[2025-04-03T18:14:00.685+0000] {processor.py:914} INFO - Processing file /home/airflow/.local/lib/python3.12/site-packages/airflow/example_dags/example_latest_only.py for tasks to queue
[2025-04-03T18:14:00.688+0000] {logging_mixin.py:190} INFO - [2025-04-03T18:14:00.688+0000] {dagbag.py:588} INFO - Filling up the DagBag from /home/airflow/.local/lib/python3.12/site-packages/airflow/example_dags/example_latest_only.py
[2025-04-03T18:14:00.693+0000] {processor.py:925} INFO - DAG(s) 'latest_only' retrieved from /home/airflow/.local/lib/python3.12/site-packages/airflow/example_dags/example_latest_only.py
[2025-04-03T18:14:00.711+0000] {logging_mixin.py:190} INFO - [2025-04-03T18:14:00.710+0000] {dag.py:3239} INFO - Sync 1 DAGs
[2025-04-03T18:14:00.729+0000] {logging_mixin.py:190} INFO - [2025-04-03T18:14:00.729+0000] {dag.py:4180} INFO - Setting next_dagrun for latest_only to 2025-04-03 12:00:00+00:00, run_after=2025-04-03 16:00:00+00:00
[2025-04-03T18:14:00.741+0000] {processor.py:208} INFO - Processing /home/airflow/.local/lib/python3.12/site-packages/airflow/example_dags/example_latest_only.py took 0.066 seconds
[2025-04-03T18:14:31.125+0000] {processor.py:186} INFO - Started process (PID=2984) to work on /home/airflow/.local/lib/python3.12/site-packages/airflow/example_dags/example_latest_only.py
[2025-04-03T18:14:31.126+0000] {processor.py:914} INFO - Processing file /home/airflow/.local/lib/python3.12/site-packages/airflow/example_dags/example_latest_only.py for tasks to queue
[2025-04-03T18:14:31.129+0000] {logging_mixin.py:190} INFO - [2025-04-03T18:14:31.129+0000] {dagbag.py:588} INFO - Filling up the DagBag from /home/airflow/.local/lib/python3.12/site-packages/airflow/example_dags/example_latest_only.py
[2025-04-03T18:14:31.134+0000] {processor.py:925} INFO - DAG(s) 'latest_only' retrieved from /home/airflow/.local/lib/python3.12/site-packages/airflow/example_dags/example_latest_only.py
[2025-04-03T18:14:31.153+0000] {logging_mixin.py:190} INFO - [2025-04-03T18:14:31.152+0000] {dag.py:3239} INFO - Sync 1 DAGs
[2025-04-03T18:14:31.170+0000] {logging_mixin.py:190} INFO - [2025-04-03T18:14:31.170+0000] {dag.py:4180} INFO - Setting next_dagrun for latest_only to 2025-04-03 12:00:00+00:00, run_after=2025-04-03 16:00:00+00:00
[2025-04-03T18:14:31.182+0000] {processor.py:208} INFO - Processing /home/airflow/.local/lib/python3.12/site-packages/airflow/example_dags/example_latest_only.py took 0.064 seconds
[2025-04-03T18:15:01.620+0000] {processor.py:186} INFO - Started process (PID=3049) to work on /home/airflow/.local/lib/python3.12/site-packages/airflow/example_dags/example_latest_only.py
[2025-04-03T18:15:01.621+0000] {processor.py:914} INFO - Processing file /home/airflow/.local/lib/python3.12/site-packages/airflow/example_dags/example_latest_only.py for tasks to queue
[2025-04-03T18:15:01.624+0000] {logging_mixin.py:190} INFO - [2025-04-03T18:15:01.624+0000] {dagbag.py:588} INFO - Filling up the DagBag from /home/airflow/.local/lib/python3.12/site-packages/airflow/example_dags/example_latest_only.py
[2025-04-03T18:15:01.629+0000] {processor.py:925} INFO - DAG(s) 'latest_only' retrieved from /home/airflow/.local/lib/python3.12/site-packages/airflow/example_dags/example_latest_only.py
[2025-04-03T18:15:01.649+0000] {logging_mixin.py:190} INFO - [2025-04-03T18:15:01.649+0000] {dag.py:3239} INFO - Sync 1 DAGs
[2025-04-03T18:15:01.670+0000] {logging_mixin.py:190} INFO - [2025-04-03T18:15:01.670+0000] {dag.py:4180} INFO - Setting next_dagrun for latest_only to 2025-04-03 12:00:00+00:00, run_after=2025-04-03 16:00:00+00:00
[2025-04-03T18:15:01.683+0000] {processor.py:208} INFO - Processing /home/airflow/.local/lib/python3.12/site-packages/airflow/example_dags/example_latest_only.py took 0.072 seconds
[2025-04-03T18:15:32.317+0000] {processor.py:186} INFO - Started process (PID=3114) to work on /home/airflow/.local/lib/python3.12/site-packages/airflow/example_dags/example_latest_only.py
[2025-04-03T18:15:32.318+0000] {processor.py:914} INFO - Processing file /home/airflow/.local/lib/python3.12/site-packages/airflow/example_dags/example_latest_only.py for tasks to queue
[2025-04-03T18:15:32.322+0000] {logging_mixin.py:190} INFO - [2025-04-03T18:15:32.321+0000] {dagbag.py:588} INFO - Filling up the DagBag from /home/airflow/.local/lib/python3.12/site-packages/airflow/example_dags/example_latest_only.py
[2025-04-03T18:15:32.326+0000] {processor.py:925} INFO - DAG(s) 'latest_only' retrieved from /home/airflow/.local/lib/python3.12/site-packages/airflow/example_dags/example_latest_only.py
[2025-04-03T18:15:32.345+0000] {logging_mixin.py:190} INFO - [2025-04-03T18:15:32.345+0000] {dag.py:3239} INFO - Sync 1 DAGs
[2025-04-03T18:15:32.365+0000] {logging_mixin.py:190} INFO - [2025-04-03T18:15:32.365+0000] {dag.py:4180} INFO - Setting next_dagrun for latest_only to 2025-04-03 12:00:00+00:00, run_after=2025-04-03 16:00:00+00:00
[2025-04-03T18:15:32.378+0000] {processor.py:208} INFO - Processing /home/airflow/.local/lib/python3.12/site-packages/airflow/example_dags/example_latest_only.py took 0.068 seconds
[2025-04-03T18:16:02.805+0000] {processor.py:186} INFO - Started process (PID=3179) to work on /home/airflow/.local/lib/python3.12/site-packages/airflow/example_dags/example_latest_only.py
[2025-04-03T18:16:02.806+0000] {processor.py:914} INFO - Processing file /home/airflow/.local/lib/python3.12/site-packages/airflow/example_dags/example_latest_only.py for tasks to queue
[2025-04-03T18:16:02.809+0000] {logging_mixin.py:190} INFO - [2025-04-03T18:16:02.809+0000] {dagbag.py:588} INFO - Filling up the DagBag from /home/airflow/.local/lib/python3.12/site-packages/airflow/example_dags/example_latest_only.py
[2025-04-03T18:16:02.814+0000] {processor.py:925} INFO - DAG(s) 'latest_only' retrieved from /home/airflow/.local/lib/python3.12/site-packages/airflow/example_dags/example_latest_only.py
[2025-04-03T18:16:02.830+0000] {logging_mixin.py:190} INFO - [2025-04-03T18:16:02.830+0000] {dag.py:3239} INFO - Sync 1 DAGs
[2025-04-03T18:16:02.850+0000] {logging_mixin.py:190} INFO - [2025-04-03T18:16:02.850+0000] {dag.py:4180} INFO - Setting next_dagrun for latest_only to 2025-04-03 12:00:00+00:00, run_after=2025-04-03 16:00:00+00:00
[2025-04-03T18:16:02.863+0000] {processor.py:208} INFO - Processing /home/airflow/.local/lib/python3.12/site-packages/airflow/example_dags/example_latest_only.py took 0.066 seconds
[2025-04-03T18:16:33.308+0000] {processor.py:186} INFO - Started process (PID=3244) to work on /home/airflow/.local/lib/python3.12/site-packages/airflow/example_dags/example_latest_only.py
[2025-04-03T18:16:33.309+0000] {processor.py:914} INFO - Processing file /home/airflow/.local/lib/python3.12/site-packages/airflow/example_dags/example_latest_only.py for tasks to queue
[2025-04-03T18:16:33.312+0000] {logging_mixin.py:190} INFO - [2025-04-03T18:16:33.312+0000] {dagbag.py:588} INFO - Filling up the DagBag from /home/airflow/.local/lib/python3.12/site-packages/airflow/example_dags/example_latest_only.py
[2025-04-03T18:16:33.317+0000] {processor.py:925} INFO - DAG(s) 'latest_only' retrieved from /home/airflow/.local/lib/python3.12/site-packages/airflow/example_dags/example_latest_only.py
[2025-04-03T18:16:33.336+0000] {logging_mixin.py:190} INFO - [2025-04-03T18:16:33.336+0000] {dag.py:3239} INFO - Sync 1 DAGs
[2025-04-03T18:16:33.357+0000] {logging_mixin.py:190} INFO - [2025-04-03T18:16:33.356+0000] {dag.py:4180} INFO - Setting next_dagrun for latest_only to 2025-04-03 12:00:00+00:00, run_after=2025-04-03 16:00:00+00:00
[2025-04-03T18:16:33.372+0000] {processor.py:208} INFO - Processing /home/airflow/.local/lib/python3.12/site-packages/airflow/example_dags/example_latest_only.py took 0.072 seconds
[2025-04-03T18:17:03.910+0000] {processor.py:186} INFO - Started process (PID=3309) to work on /home/airflow/.local/lib/python3.12/site-packages/airflow/example_dags/example_latest_only.py
[2025-04-03T18:17:03.911+0000] {processor.py:914} INFO - Processing file /home/airflow/.local/lib/python3.12/site-packages/airflow/example_dags/example_latest_only.py for tasks to queue
[2025-04-03T18:17:03.913+0000] {logging_mixin.py:190} INFO - [2025-04-03T18:17:03.913+0000] {dagbag.py:588} INFO - Filling up the DagBag from /home/airflow/.local/lib/python3.12/site-packages/airflow/example_dags/example_latest_only.py
[2025-04-03T18:17:03.917+0000] {processor.py:925} INFO - DAG(s) 'latest_only' retrieved from /home/airflow/.local/lib/python3.12/site-packages/airflow/example_dags/example_latest_only.py
[2025-04-03T18:17:03.936+0000] {logging_mixin.py:190} INFO - [2025-04-03T18:17:03.936+0000] {dag.py:3239} INFO - Sync 1 DAGs
[2025-04-03T18:17:03.956+0000] {logging_mixin.py:190} INFO - [2025-04-03T18:17:03.956+0000] {dag.py:4180} INFO - Setting next_dagrun for latest_only to 2025-04-03 12:00:00+00:00, run_after=2025-04-03 16:00:00+00:00
[2025-04-03T18:17:03.969+0000] {processor.py:208} INFO - Processing /home/airflow/.local/lib/python3.12/site-packages/airflow/example_dags/example_latest_only.py took 0.064 seconds
[2025-04-03T18:17:34.441+0000] {processor.py:186} INFO - Started process (PID=3374) to work on /home/airflow/.local/lib/python3.12/site-packages/airflow/example_dags/example_latest_only.py
[2025-04-03T18:17:34.442+0000] {processor.py:914} INFO - Processing file /home/airflow/.local/lib/python3.12/site-packages/airflow/example_dags/example_latest_only.py for tasks to queue
[2025-04-03T18:17:34.445+0000] {logging_mixin.py:190} INFO - [2025-04-03T18:17:34.444+0000] {dagbag.py:588} INFO - Filling up the DagBag from /home/airflow/.local/lib/python3.12/site-packages/airflow/example_dags/example_latest_only.py
[2025-04-03T18:17:34.450+0000] {processor.py:925} INFO - DAG(s) 'latest_only' retrieved from /home/airflow/.local/lib/python3.12/site-packages/airflow/example_dags/example_latest_only.py
[2025-04-03T18:17:34.467+0000] {logging_mixin.py:190} INFO - [2025-04-03T18:17:34.467+0000] {dag.py:3239} INFO - Sync 1 DAGs
[2025-04-03T18:17:34.486+0000] {logging_mixin.py:190} INFO - [2025-04-03T18:17:34.486+0000] {dag.py:4180} INFO - Setting next_dagrun for latest_only to 2025-04-03 12:00:00+00:00, run_after=2025-04-03 16:00:00+00:00
[2025-04-03T18:17:34.500+0000] {processor.py:208} INFO - Processing /home/airflow/.local/lib/python3.12/site-packages/airflow/example_dags/example_latest_only.py took 0.064 seconds
[2025-04-03T18:18:05.093+0000] {processor.py:186} INFO - Started process (PID=3439) to work on /home/airflow/.local/lib/python3.12/site-packages/airflow/example_dags/example_latest_only.py
[2025-04-03T18:18:05.095+0000] {processor.py:914} INFO - Processing file /home/airflow/.local/lib/python3.12/site-packages/airflow/example_dags/example_latest_only.py for tasks to queue
[2025-04-03T18:18:05.097+0000] {logging_mixin.py:190} INFO - [2025-04-03T18:18:05.096+0000] {dagbag.py:588} INFO - Filling up the DagBag from /home/airflow/.local/lib/python3.12/site-packages/airflow/example_dags/example_latest_only.py
[2025-04-03T18:18:05.101+0000] {processor.py:925} INFO - DAG(s) 'latest_only' retrieved from /home/airflow/.local/lib/python3.12/site-packages/airflow/example_dags/example_latest_only.py
[2025-04-03T18:18:05.120+0000] {logging_mixin.py:190} INFO - [2025-04-03T18:18:05.119+0000] {dag.py:3239} INFO - Sync 1 DAGs
[2025-04-03T18:18:05.139+0000] {logging_mixin.py:190} INFO - [2025-04-03T18:18:05.139+0000] {dag.py:4180} INFO - Setting next_dagrun for latest_only to 2025-04-03 12:00:00+00:00, run_after=2025-04-03 16:00:00+00:00
[2025-04-03T18:18:05.151+0000] {processor.py:208} INFO - Processing /home/airflow/.local/lib/python3.12/site-packages/airflow/example_dags/example_latest_only.py took 0.066 seconds
[2025-04-03T18:18:35.647+0000] {processor.py:186} INFO - Started process (PID=3504) to work on /home/airflow/.local/lib/python3.12/site-packages/airflow/example_dags/example_latest_only.py
[2025-04-03T18:18:35.648+0000] {processor.py:914} INFO - Processing file /home/airflow/.local/lib/python3.12/site-packages/airflow/example_dags/example_latest_only.py for tasks to queue
[2025-04-03T18:18:35.651+0000] {logging_mixin.py:190} INFO - [2025-04-03T18:18:35.651+0000] {dagbag.py:588} INFO - Filling up the DagBag from /home/airflow/.local/lib/python3.12/site-packages/airflow/example_dags/example_latest_only.py
[2025-04-03T18:18:35.657+0000] {processor.py:925} INFO - DAG(s) 'latest_only' retrieved from /home/airflow/.local/lib/python3.12/site-packages/airflow/example_dags/example_latest_only.py
[2025-04-03T18:18:35.676+0000] {logging_mixin.py:190} INFO - [2025-04-03T18:18:35.676+0000] {dag.py:3239} INFO - Sync 1 DAGs
[2025-04-03T18:18:35.695+0000] {logging_mixin.py:190} INFO - [2025-04-03T18:18:35.695+0000] {dag.py:4180} INFO - Setting next_dagrun for latest_only to 2025-04-03 12:00:00+00:00, run_after=2025-04-03 16:00:00+00:00
[2025-04-03T18:18:35.711+0000] {processor.py:208} INFO - Processing /home/airflow/.local/lib/python3.12/site-packages/airflow/example_dags/example_latest_only.py took 0.070 seconds
[2025-04-03T18:19:06.191+0000] {processor.py:186} INFO - Started process (PID=3569) to work on /home/airflow/.local/lib/python3.12/site-packages/airflow/example_dags/example_latest_only.py
[2025-04-03T18:19:06.192+0000] {processor.py:914} INFO - Processing file /home/airflow/.local/lib/python3.12/site-packages/airflow/example_dags/example_latest_only.py for tasks to queue
[2025-04-03T18:19:06.195+0000] {logging_mixin.py:190} INFO - [2025-04-03T18:19:06.195+0000] {dagbag.py:588} INFO - Filling up the DagBag from /home/airflow/.local/lib/python3.12/site-packages/airflow/example_dags/example_latest_only.py
[2025-04-03T18:19:06.201+0000] {processor.py:925} INFO - DAG(s) 'latest_only' retrieved from /home/airflow/.local/lib/python3.12/site-packages/airflow/example_dags/example_latest_only.py
[2025-04-03T18:19:06.220+0000] {logging_mixin.py:190} INFO - [2025-04-03T18:19:06.219+0000] {dag.py:3239} INFO - Sync 1 DAGs
[2025-04-03T18:19:06.240+0000] {logging_mixin.py:190} INFO - [2025-04-03T18:19:06.240+0000] {dag.py:4180} INFO - Setting next_dagrun for latest_only to 2025-04-03 12:00:00+00:00, run_after=2025-04-03 16:00:00+00:00
[2025-04-03T18:19:06.253+0000] {processor.py:208} INFO - Processing /home/airflow/.local/lib/python3.12/site-packages/airflow/example_dags/example_latest_only.py took 0.069 seconds
[2025-04-03T18:19:36.610+0000] {processor.py:186} INFO - Started process (PID=3634) to work on /home/airflow/.local/lib/python3.12/site-packages/airflow/example_dags/example_latest_only.py
[2025-04-03T18:19:36.611+0000] {processor.py:914} INFO - Processing file /home/airflow/.local/lib/python3.12/site-packages/airflow/example_dags/example_latest_only.py for tasks to queue
[2025-04-03T18:19:36.613+0000] {logging_mixin.py:190} INFO - [2025-04-03T18:19:36.613+0000] {dagbag.py:588} INFO - Filling up the DagBag from /home/airflow/.local/lib/python3.12/site-packages/airflow/example_dags/example_latest_only.py
[2025-04-03T18:19:36.618+0000] {processor.py:925} INFO - DAG(s) 'latest_only' retrieved from /home/airflow/.local/lib/python3.12/site-packages/airflow/example_dags/example_latest_only.py
[2025-04-03T18:19:36.639+0000] {logging_mixin.py:190} INFO - [2025-04-03T18:19:36.638+0000] {dag.py:3239} INFO - Sync 1 DAGs
[2025-04-03T18:19:36.659+0000] {logging_mixin.py:190} INFO - [2025-04-03T18:19:36.659+0000] {dag.py:4180} INFO - Setting next_dagrun for latest_only to 2025-04-03 12:00:00+00:00, run_after=2025-04-03 16:00:00+00:00
[2025-04-03T18:19:36.674+0000] {processor.py:208} INFO - Processing /home/airflow/.local/lib/python3.12/site-packages/airflow/example_dags/example_latest_only.py took 0.068 seconds
[2025-04-03T18:20:07.211+0000] {processor.py:186} INFO - Started process (PID=3699) to work on /home/airflow/.local/lib/python3.12/site-packages/airflow/example_dags/example_latest_only.py
[2025-04-03T18:20:07.212+0000] {processor.py:914} INFO - Processing file /home/airflow/.local/lib/python3.12/site-packages/airflow/example_dags/example_latest_only.py for tasks to queue
[2025-04-03T18:20:07.216+0000] {logging_mixin.py:190} INFO - [2025-04-03T18:20:07.215+0000] {dagbag.py:588} INFO - Filling up the DagBag from /home/airflow/.local/lib/python3.12/site-packages/airflow/example_dags/example_latest_only.py
[2025-04-03T18:20:07.220+0000] {processor.py:925} INFO - DAG(s) 'latest_only' retrieved from /home/airflow/.local/lib/python3.12/site-packages/airflow/example_dags/example_latest_only.py
[2025-04-03T18:20:07.240+0000] {logging_mixin.py:190} INFO - [2025-04-03T18:20:07.240+0000] {dag.py:3239} INFO - Sync 1 DAGs
[2025-04-03T18:20:07.261+0000] {logging_mixin.py:190} INFO - [2025-04-03T18:20:07.261+0000] {dag.py:4180} INFO - Setting next_dagrun for latest_only to 2025-04-03 12:00:00+00:00, run_after=2025-04-03 16:00:00+00:00
[2025-04-03T18:20:07.274+0000] {processor.py:208} INFO - Processing /home/airflow/.local/lib/python3.12/site-packages/airflow/example_dags/example_latest_only.py took 0.071 seconds
[2025-04-03T18:20:37.647+0000] {processor.py:186} INFO - Started process (PID=3764) to work on /home/airflow/.local/lib/python3.12/site-packages/airflow/example_dags/example_latest_only.py
[2025-04-03T18:20:37.648+0000] {processor.py:914} INFO - Processing file /home/airflow/.local/lib/python3.12/site-packages/airflow/example_dags/example_latest_only.py for tasks to queue
[2025-04-03T18:20:37.649+0000] {logging_mixin.py:190} INFO - [2025-04-03T18:20:37.649+0000] {dagbag.py:588} INFO - Filling up the DagBag from /home/airflow/.local/lib/python3.12/site-packages/airflow/example_dags/example_latest_only.py
[2025-04-03T18:20:37.653+0000] {processor.py:925} INFO - DAG(s) 'latest_only' retrieved from /home/airflow/.local/lib/python3.12/site-packages/airflow/example_dags/example_latest_only.py
[2025-04-03T18:20:37.672+0000] {logging_mixin.py:190} INFO - [2025-04-03T18:20:37.672+0000] {dag.py:3239} INFO - Sync 1 DAGs
[2025-04-03T18:20:37.694+0000] {logging_mixin.py:190} INFO - [2025-04-03T18:20:37.693+0000] {dag.py:4180} INFO - Setting next_dagrun for latest_only to 2025-04-03 12:00:00+00:00, run_after=2025-04-03 16:00:00+00:00
[2025-04-03T18:20:37.706+0000] {processor.py:208} INFO - Processing /home/airflow/.local/lib/python3.12/site-packages/airflow/example_dags/example_latest_only.py took 0.063 seconds
[2025-04-03T18:21:08.033+0000] {processor.py:186} INFO - Started process (PID=3829) to work on /home/airflow/.local/lib/python3.12/site-packages/airflow/example_dags/example_latest_only.py
[2025-04-03T18:21:08.034+0000] {processor.py:914} INFO - Processing file /home/airflow/.local/lib/python3.12/site-packages/airflow/example_dags/example_latest_only.py for tasks to queue
[2025-04-03T18:21:08.037+0000] {logging_mixin.py:190} INFO - [2025-04-03T18:21:08.037+0000] {dagbag.py:588} INFO - Filling up the DagBag from /home/airflow/.local/lib/python3.12/site-packages/airflow/example_dags/example_latest_only.py
[2025-04-03T18:21:08.042+0000] {processor.py:925} INFO - DAG(s) 'latest_only' retrieved from /home/airflow/.local/lib/python3.12/site-packages/airflow/example_dags/example_latest_only.py
[2025-04-03T18:21:08.060+0000] {logging_mixin.py:190} INFO - [2025-04-03T18:21:08.060+0000] {dag.py:3239} INFO - Sync 1 DAGs
[2025-04-03T18:21:08.079+0000] {logging_mixin.py:190} INFO - [2025-04-03T18:21:08.079+0000] {dag.py:4180} INFO - Setting next_dagrun for latest_only to 2025-04-03 12:00:00+00:00, run_after=2025-04-03 16:00:00+00:00
[2025-04-03T18:21:08.093+0000] {processor.py:208} INFO - Processing /home/airflow/.local/lib/python3.12/site-packages/airflow/example_dags/example_latest_only.py took 0.067 seconds
[2025-04-03T18:21:38.476+0000] {processor.py:186} INFO - Started process (PID=3894) to work on /home/airflow/.local/lib/python3.12/site-packages/airflow/example_dags/example_latest_only.py
[2025-04-03T18:21:38.477+0000] {processor.py:914} INFO - Processing file /home/airflow/.local/lib/python3.12/site-packages/airflow/example_dags/example_latest_only.py for tasks to queue
[2025-04-03T18:21:38.479+0000] {logging_mixin.py:190} INFO - [2025-04-03T18:21:38.479+0000] {dagbag.py:588} INFO - Filling up the DagBag from /home/airflow/.local/lib/python3.12/site-packages/airflow/example_dags/example_latest_only.py
[2025-04-03T18:21:38.484+0000] {processor.py:925} INFO - DAG(s) 'latest_only' retrieved from /home/airflow/.local/lib/python3.12/site-packages/airflow/example_dags/example_latest_only.py
[2025-04-03T18:21:38.501+0000] {logging_mixin.py:190} INFO - [2025-04-03T18:21:38.501+0000] {dag.py:3239} INFO - Sync 1 DAGs
[2025-04-03T18:21:38.519+0000] {logging_mixin.py:190} INFO - [2025-04-03T18:21:38.519+0000] {dag.py:4180} INFO - Setting next_dagrun for latest_only to 2025-04-03 12:00:00+00:00, run_after=2025-04-03 16:00:00+00:00
[2025-04-03T18:21:38.531+0000] {processor.py:208} INFO - Processing /home/airflow/.local/lib/python3.12/site-packages/airflow/example_dags/example_latest_only.py took 0.063 seconds
[2025-04-03T18:22:09.085+0000] {processor.py:186} INFO - Started process (PID=3959) to work on /home/airflow/.local/lib/python3.12/site-packages/airflow/example_dags/example_latest_only.py
[2025-04-03T18:22:09.085+0000] {processor.py:914} INFO - Processing file /home/airflow/.local/lib/python3.12/site-packages/airflow/example_dags/example_latest_only.py for tasks to queue
[2025-04-03T18:22:09.087+0000] {logging_mixin.py:190} INFO - [2025-04-03T18:22:09.087+0000] {dagbag.py:588} INFO - Filling up the DagBag from /home/airflow/.local/lib/python3.12/site-packages/airflow/example_dags/example_latest_only.py
[2025-04-03T18:22:09.091+0000] {processor.py:925} INFO - DAG(s) 'latest_only' retrieved from /home/airflow/.local/lib/python3.12/site-packages/airflow/example_dags/example_latest_only.py
[2025-04-03T18:22:09.108+0000] {logging_mixin.py:190} INFO - [2025-04-03T18:22:09.108+0000] {dag.py:3239} INFO - Sync 1 DAGs
[2025-04-03T18:22:09.127+0000] {logging_mixin.py:190} INFO - [2025-04-03T18:22:09.126+0000] {dag.py:4180} INFO - Setting next_dagrun for latest_only to 2025-04-03 12:00:00+00:00, run_after=2025-04-03 16:00:00+00:00
[2025-04-03T18:22:09.139+0000] {processor.py:208} INFO - Processing /home/airflow/.local/lib/python3.12/site-packages/airflow/example_dags/example_latest_only.py took 0.059 seconds
[2025-04-03T18:22:39.585+0000] {processor.py:186} INFO - Started process (PID=4024) to work on /home/airflow/.local/lib/python3.12/site-packages/airflow/example_dags/example_latest_only.py
[2025-04-03T18:22:39.586+0000] {processor.py:914} INFO - Processing file /home/airflow/.local/lib/python3.12/site-packages/airflow/example_dags/example_latest_only.py for tasks to queue
[2025-04-03T18:22:39.589+0000] {logging_mixin.py:190} INFO - [2025-04-03T18:22:39.589+0000] {dagbag.py:588} INFO - Filling up the DagBag from /home/airflow/.local/lib/python3.12/site-packages/airflow/example_dags/example_latest_only.py
[2025-04-03T18:22:39.593+0000] {processor.py:925} INFO - DAG(s) 'latest_only' retrieved from /home/airflow/.local/lib/python3.12/site-packages/airflow/example_dags/example_latest_only.py
[2025-04-03T18:22:39.609+0000] {logging_mixin.py:190} INFO - [2025-04-03T18:22:39.609+0000] {dag.py:3239} INFO - Sync 1 DAGs
[2025-04-03T18:22:39.630+0000] {logging_mixin.py:190} INFO - [2025-04-03T18:22:39.630+0000] {dag.py:4180} INFO - Setting next_dagrun for latest_only to 2025-04-03 12:00:00+00:00, run_after=2025-04-03 16:00:00+00:00
[2025-04-03T18:22:39.644+0000] {processor.py:208} INFO - Processing /home/airflow/.local/lib/python3.12/site-packages/airflow/example_dags/example_latest_only.py took 0.066 seconds
[2025-04-03T18:23:10.030+0000] {processor.py:186} INFO - Started process (PID=4089) to work on /home/airflow/.local/lib/python3.12/site-packages/airflow/example_dags/example_latest_only.py
[2025-04-03T18:23:10.031+0000] {processor.py:914} INFO - Processing file /home/airflow/.local/lib/python3.12/site-packages/airflow/example_dags/example_latest_only.py for tasks to queue
[2025-04-03T18:23:10.033+0000] {logging_mixin.py:190} INFO - [2025-04-03T18:23:10.032+0000] {dagbag.py:588} INFO - Filling up the DagBag from /home/airflow/.local/lib/python3.12/site-packages/airflow/example_dags/example_latest_only.py
[2025-04-03T18:23:10.037+0000] {processor.py:925} INFO - DAG(s) 'latest_only' retrieved from /home/airflow/.local/lib/python3.12/site-packages/airflow/example_dags/example_latest_only.py
[2025-04-03T18:23:10.058+0000] {logging_mixin.py:190} INFO - [2025-04-03T18:23:10.058+0000] {dag.py:3239} INFO - Sync 1 DAGs
[2025-04-03T18:23:10.079+0000] {logging_mixin.py:190} INFO - [2025-04-03T18:23:10.078+0000] {dag.py:4180} INFO - Setting next_dagrun for latest_only to 2025-04-03 12:00:00+00:00, run_after=2025-04-03 16:00:00+00:00
[2025-04-03T18:23:10.093+0000] {processor.py:208} INFO - Processing /home/airflow/.local/lib/python3.12/site-packages/airflow/example_dags/example_latest_only.py took 0.071 seconds
[2025-04-03T18:23:40.511+0000] {processor.py:186} INFO - Started process (PID=4154) to work on /home/airflow/.local/lib/python3.12/site-packages/airflow/example_dags/example_latest_only.py
[2025-04-03T18:23:40.512+0000] {processor.py:914} INFO - Processing file /home/airflow/.local/lib/python3.12/site-packages/airflow/example_dags/example_latest_only.py for tasks to queue
[2025-04-03T18:23:40.515+0000] {logging_mixin.py:190} INFO - [2025-04-03T18:23:40.515+0000] {dagbag.py:588} INFO - Filling up the DagBag from /home/airflow/.local/lib/python3.12/site-packages/airflow/example_dags/example_latest_only.py
[2025-04-03T18:23:40.520+0000] {processor.py:925} INFO - DAG(s) 'latest_only' retrieved from /home/airflow/.local/lib/python3.12/site-packages/airflow/example_dags/example_latest_only.py
[2025-04-03T18:23:40.540+0000] {logging_mixin.py:190} INFO - [2025-04-03T18:23:40.540+0000] {dag.py:3239} INFO - Sync 1 DAGs
[2025-04-03T18:23:40.561+0000] {logging_mixin.py:190} INFO - [2025-04-03T18:23:40.561+0000] {dag.py:4180} INFO - Setting next_dagrun for latest_only to 2025-04-03 12:00:00+00:00, run_after=2025-04-03 16:00:00+00:00
[2025-04-03T18:23:40.573+0000] {processor.py:208} INFO - Processing /home/airflow/.local/lib/python3.12/site-packages/airflow/example_dags/example_latest_only.py took 0.070 seconds
[2025-04-03T18:24:11.007+0000] {processor.py:186} INFO - Started process (PID=4219) to work on /home/airflow/.local/lib/python3.12/site-packages/airflow/example_dags/example_latest_only.py
[2025-04-03T18:24:11.008+0000] {processor.py:914} INFO - Processing file /home/airflow/.local/lib/python3.12/site-packages/airflow/example_dags/example_latest_only.py for tasks to queue
[2025-04-03T18:24:11.010+0000] {logging_mixin.py:190} INFO - [2025-04-03T18:24:11.010+0000] {dagbag.py:588} INFO - Filling up the DagBag from /home/airflow/.local/lib/python3.12/site-packages/airflow/example_dags/example_latest_only.py
[2025-04-03T18:24:11.014+0000] {processor.py:925} INFO - DAG(s) 'latest_only' retrieved from /home/airflow/.local/lib/python3.12/site-packages/airflow/example_dags/example_latest_only.py
[2025-04-03T18:24:11.031+0000] {logging_mixin.py:190} INFO - [2025-04-03T18:24:11.031+0000] {dag.py:3239} INFO - Sync 1 DAGs
[2025-04-03T18:24:11.048+0000] {logging_mixin.py:190} INFO - [2025-04-03T18:24:11.048+0000] {dag.py:4180} INFO - Setting next_dagrun for latest_only to 2025-04-03 12:00:00+00:00, run_after=2025-04-03 16:00:00+00:00
[2025-04-03T18:24:11.062+0000] {processor.py:208} INFO - Processing /home/airflow/.local/lib/python3.12/site-packages/airflow/example_dags/example_latest_only.py took 0.059 seconds
[2025-04-03T18:24:41.397+0000] {processor.py:186} INFO - Started process (PID=4284) to work on /home/airflow/.local/lib/python3.12/site-packages/airflow/example_dags/example_latest_only.py
[2025-04-03T18:24:41.398+0000] {processor.py:914} INFO - Processing file /home/airflow/.local/lib/python3.12/site-packages/airflow/example_dags/example_latest_only.py for tasks to queue
[2025-04-03T18:24:41.401+0000] {logging_mixin.py:190} INFO - [2025-04-03T18:24:41.401+0000] {dagbag.py:588} INFO - Filling up the DagBag from /home/airflow/.local/lib/python3.12/site-packages/airflow/example_dags/example_latest_only.py
[2025-04-03T18:24:41.405+0000] {processor.py:925} INFO - DAG(s) 'latest_only' retrieved from /home/airflow/.local/lib/python3.12/site-packages/airflow/example_dags/example_latest_only.py
[2025-04-03T18:24:41.423+0000] {logging_mixin.py:190} INFO - [2025-04-03T18:24:41.423+0000] {dag.py:3239} INFO - Sync 1 DAGs
[2025-04-03T18:24:41.442+0000] {logging_mixin.py:190} INFO - [2025-04-03T18:24:41.442+0000] {dag.py:4180} INFO - Setting next_dagrun for latest_only to 2025-04-03 12:00:00+00:00, run_after=2025-04-03 16:00:00+00:00
[2025-04-03T18:24:41.454+0000] {processor.py:208} INFO - Processing /home/airflow/.local/lib/python3.12/site-packages/airflow/example_dags/example_latest_only.py took 0.066 seconds
[2025-04-03T22:05:31.715+0000] {processor.py:186} INFO - Started process (PID=127) to work on /home/airflow/.local/lib/python3.12/site-packages/airflow/example_dags/example_latest_only.py
[2025-04-03T22:05:31.717+0000] {processor.py:914} INFO - Processing file /home/airflow/.local/lib/python3.12/site-packages/airflow/example_dags/example_latest_only.py for tasks to queue
[2025-04-03T22:05:31.723+0000] {logging_mixin.py:190} INFO - [2025-04-03T22:05:31.723+0000] {dagbag.py:588} INFO - Filling up the DagBag from /home/airflow/.local/lib/python3.12/site-packages/airflow/example_dags/example_latest_only.py
[2025-04-03T22:05:31.731+0000] {processor.py:925} INFO - DAG(s) 'latest_only' retrieved from /home/airflow/.local/lib/python3.12/site-packages/airflow/example_dags/example_latest_only.py
[2025-04-03T22:05:31.773+0000] {logging_mixin.py:190} INFO - [2025-04-03T22:05:31.773+0000] {dag.py:3239} INFO - Sync 1 DAGs
[2025-04-03T22:05:31.824+0000] {logging_mixin.py:190} INFO - [2025-04-03T22:05:31.824+0000] {dag.py:4180} INFO - Setting next_dagrun for latest_only to 2025-04-03 16:00:00+00:00, run_after=2025-04-03 20:00:00+00:00
[2025-04-03T22:05:31.853+0000] {processor.py:208} INFO - Processing /home/airflow/.local/lib/python3.12/site-packages/airflow/example_dags/example_latest_only.py took 0.148 seconds
[2025-04-03T22:06:02.137+0000] {processor.py:186} INFO - Started process (PID=191) to work on /home/airflow/.local/lib/python3.12/site-packages/airflow/example_dags/example_latest_only.py
[2025-04-03T22:06:02.138+0000] {processor.py:914} INFO - Processing file /home/airflow/.local/lib/python3.12/site-packages/airflow/example_dags/example_latest_only.py for tasks to queue
[2025-04-03T22:06:02.140+0000] {logging_mixin.py:190} INFO - [2025-04-03T22:06:02.140+0000] {dagbag.py:588} INFO - Filling up the DagBag from /home/airflow/.local/lib/python3.12/site-packages/airflow/example_dags/example_latest_only.py
[2025-04-03T22:06:02.144+0000] {processor.py:925} INFO - DAG(s) 'latest_only' retrieved from /home/airflow/.local/lib/python3.12/site-packages/airflow/example_dags/example_latest_only.py
[2025-04-03T22:06:02.160+0000] {logging_mixin.py:190} INFO - [2025-04-03T22:06:02.160+0000] {dag.py:3239} INFO - Sync 1 DAGs
[2025-04-03T22:06:02.181+0000] {logging_mixin.py:190} INFO - [2025-04-03T22:06:02.181+0000] {dag.py:4180} INFO - Setting next_dagrun for latest_only to 2025-04-03 16:00:00+00:00, run_after=2025-04-03 20:00:00+00:00
[2025-04-03T22:06:02.196+0000] {processor.py:208} INFO - Processing /home/airflow/.local/lib/python3.12/site-packages/airflow/example_dags/example_latest_only.py took 0.063 seconds
[2025-04-03T22:06:33.141+0000] {processor.py:186} INFO - Started process (PID=256) to work on /home/airflow/.local/lib/python3.12/site-packages/airflow/example_dags/example_latest_only.py
[2025-04-03T22:06:33.142+0000] {processor.py:914} INFO - Processing file /home/airflow/.local/lib/python3.12/site-packages/airflow/example_dags/example_latest_only.py for tasks to queue
[2025-04-03T22:06:33.145+0000] {logging_mixin.py:190} INFO - [2025-04-03T22:06:33.145+0000] {dagbag.py:588} INFO - Filling up the DagBag from /home/airflow/.local/lib/python3.12/site-packages/airflow/example_dags/example_latest_only.py
[2025-04-03T22:06:33.150+0000] {processor.py:925} INFO - DAG(s) 'latest_only' retrieved from /home/airflow/.local/lib/python3.12/site-packages/airflow/example_dags/example_latest_only.py
[2025-04-03T22:06:33.168+0000] {logging_mixin.py:190} INFO - [2025-04-03T22:06:33.168+0000] {dag.py:3239} INFO - Sync 1 DAGs
[2025-04-03T22:06:33.187+0000] {logging_mixin.py:190} INFO - [2025-04-03T22:06:33.187+0000] {dag.py:4180} INFO - Setting next_dagrun for latest_only to 2025-04-03 16:00:00+00:00, run_after=2025-04-03 20:00:00+00:00
[2025-04-03T22:06:33.199+0000] {processor.py:208} INFO - Processing /home/airflow/.local/lib/python3.12/site-packages/airflow/example_dags/example_latest_only.py took 0.066 seconds
[2025-04-03T22:07:03.632+0000] {processor.py:186} INFO - Started process (PID=321) to work on /home/airflow/.local/lib/python3.12/site-packages/airflow/example_dags/example_latest_only.py
[2025-04-03T22:07:03.633+0000] {processor.py:914} INFO - Processing file /home/airflow/.local/lib/python3.12/site-packages/airflow/example_dags/example_latest_only.py for tasks to queue
[2025-04-03T22:07:03.637+0000] {logging_mixin.py:190} INFO - [2025-04-03T22:07:03.636+0000] {dagbag.py:588} INFO - Filling up the DagBag from /home/airflow/.local/lib/python3.12/site-packages/airflow/example_dags/example_latest_only.py
[2025-04-03T22:07:03.642+0000] {processor.py:925} INFO - DAG(s) 'latest_only' retrieved from /home/airflow/.local/lib/python3.12/site-packages/airflow/example_dags/example_latest_only.py
[2025-04-03T22:07:03.660+0000] {logging_mixin.py:190} INFO - [2025-04-03T22:07:03.660+0000] {dag.py:3239} INFO - Sync 1 DAGs
[2025-04-03T22:07:03.679+0000] {logging_mixin.py:190} INFO - [2025-04-03T22:07:03.679+0000] {dag.py:4180} INFO - Setting next_dagrun for latest_only to 2025-04-03 16:00:00+00:00, run_after=2025-04-03 20:00:00+00:00
[2025-04-03T22:07:03.691+0000] {processor.py:208} INFO - Processing /home/airflow/.local/lib/python3.12/site-packages/airflow/example_dags/example_latest_only.py took 0.066 seconds
[2025-04-03T22:07:34.099+0000] {processor.py:186} INFO - Started process (PID=386) to work on /home/airflow/.local/lib/python3.12/site-packages/airflow/example_dags/example_latest_only.py
[2025-04-03T22:07:34.100+0000] {processor.py:914} INFO - Processing file /home/airflow/.local/lib/python3.12/site-packages/airflow/example_dags/example_latest_only.py for tasks to queue
[2025-04-03T22:07:34.103+0000] {logging_mixin.py:190} INFO - [2025-04-03T22:07:34.103+0000] {dagbag.py:588} INFO - Filling up the DagBag from /home/airflow/.local/lib/python3.12/site-packages/airflow/example_dags/example_latest_only.py
[2025-04-03T22:07:34.108+0000] {processor.py:925} INFO - DAG(s) 'latest_only' retrieved from /home/airflow/.local/lib/python3.12/site-packages/airflow/example_dags/example_latest_only.py
[2025-04-03T22:07:34.125+0000] {logging_mixin.py:190} INFO - [2025-04-03T22:07:34.125+0000] {dag.py:3239} INFO - Sync 1 DAGs
[2025-04-03T22:07:34.145+0000] {logging_mixin.py:190} INFO - [2025-04-03T22:07:34.145+0000] {dag.py:4180} INFO - Setting next_dagrun for latest_only to 2025-04-03 16:00:00+00:00, run_after=2025-04-03 20:00:00+00:00
[2025-04-03T22:07:34.157+0000] {processor.py:208} INFO - Processing /home/airflow/.local/lib/python3.12/site-packages/airflow/example_dags/example_latest_only.py took 0.066 seconds
[2025-04-03T22:08:04.616+0000] {processor.py:186} INFO - Started process (PID=451) to work on /home/airflow/.local/lib/python3.12/site-packages/airflow/example_dags/example_latest_only.py
[2025-04-03T22:08:04.617+0000] {processor.py:914} INFO - Processing file /home/airflow/.local/lib/python3.12/site-packages/airflow/example_dags/example_latest_only.py for tasks to queue
[2025-04-03T22:08:04.620+0000] {logging_mixin.py:190} INFO - [2025-04-03T22:08:04.619+0000] {dagbag.py:588} INFO - Filling up the DagBag from /home/airflow/.local/lib/python3.12/site-packages/airflow/example_dags/example_latest_only.py
[2025-04-03T22:08:04.625+0000] {processor.py:925} INFO - DAG(s) 'latest_only' retrieved from /home/airflow/.local/lib/python3.12/site-packages/airflow/example_dags/example_latest_only.py
[2025-04-03T22:08:04.644+0000] {logging_mixin.py:190} INFO - [2025-04-03T22:08:04.644+0000] {dag.py:3239} INFO - Sync 1 DAGs
[2025-04-03T22:08:04.663+0000] {logging_mixin.py:190} INFO - [2025-04-03T22:08:04.663+0000] {dag.py:4180} INFO - Setting next_dagrun for latest_only to 2025-04-03 16:00:00+00:00, run_after=2025-04-03 20:00:00+00:00
[2025-04-03T22:08:04.677+0000] {processor.py:208} INFO - Processing /home/airflow/.local/lib/python3.12/site-packages/airflow/example_dags/example_latest_only.py took 0.069 seconds
[2025-04-03T22:08:35.177+0000] {processor.py:186} INFO - Started process (PID=516) to work on /home/airflow/.local/lib/python3.12/site-packages/airflow/example_dags/example_latest_only.py
[2025-04-03T22:08:35.178+0000] {processor.py:914} INFO - Processing file /home/airflow/.local/lib/python3.12/site-packages/airflow/example_dags/example_latest_only.py for tasks to queue
[2025-04-03T22:08:35.181+0000] {logging_mixin.py:190} INFO - [2025-04-03T22:08:35.181+0000] {dagbag.py:588} INFO - Filling up the DagBag from /home/airflow/.local/lib/python3.12/site-packages/airflow/example_dags/example_latest_only.py
[2025-04-03T22:08:35.187+0000] {processor.py:925} INFO - DAG(s) 'latest_only' retrieved from /home/airflow/.local/lib/python3.12/site-packages/airflow/example_dags/example_latest_only.py
[2025-04-03T22:08:35.203+0000] {logging_mixin.py:190} INFO - [2025-04-03T22:08:35.203+0000] {dag.py:3239} INFO - Sync 1 DAGs
[2025-04-03T22:08:35.222+0000] {logging_mixin.py:190} INFO - [2025-04-03T22:08:35.222+0000] {dag.py:4180} INFO - Setting next_dagrun for latest_only to 2025-04-03 16:00:00+00:00, run_after=2025-04-03 20:00:00+00:00
[2025-04-03T22:08:35.235+0000] {processor.py:208} INFO - Processing /home/airflow/.local/lib/python3.12/site-packages/airflow/example_dags/example_latest_only.py took 0.065 seconds
