[2025-04-03T17:51:47.535+0000] {processor.py:186} INFO - Started process (PID=107) to work on /home/airflow/.local/lib/python3.12/site-packages/airflow/example_dags/example_bash_operator.py
[2025-04-03T17:51:47.537+0000] {processor.py:914} INFO - Processing file /home/airflow/.local/lib/python3.12/site-packages/airflow/example_dags/example_bash_operator.py for tasks to queue
[2025-04-03T17:51:47.543+0000] {logging_mixin.py:190} INFO - [2025-04-03T17:51:47.542+0000] {dagbag.py:588} INFO - Filling up the DagBag from /home/airflow/.local/lib/python3.12/site-packages/airflow/example_dags/example_bash_operator.py
[2025-04-03T17:51:47.572+0000] {processor.py:925} INFO - DAG(s) 'example_bash_operator' retrieved from /home/airflow/.local/lib/python3.12/site-packages/airflow/example_dags/example_bash_operator.py
[2025-04-03T17:51:47.645+0000] {logging_mixin.py:190} INFO - [2025-04-03T17:51:47.644+0000] {dag.py:3239} INFO - Sync 1 DAGs
[2025-04-03T17:51:47.702+0000] {logging_mixin.py:190} INFO - [2025-04-03T17:51:47.702+0000] {dag.py:4180} INFO - Setting next_dagrun for example_bash_operator to 2025-04-02 00:00:00+00:00, run_after=2025-04-03 00:00:00+00:00
[2025-04-03T17:51:47.748+0000] {processor.py:208} INFO - Processing /home/airflow/.local/lib/python3.12/site-packages/airflow/example_dags/example_bash_operator.py took 0.235 seconds
[2025-04-03T17:52:17.813+0000] {processor.py:186} INFO - Started process (PID=172) to work on /home/airflow/.local/lib/python3.12/site-packages/airflow/example_dags/example_bash_operator.py
[2025-04-03T17:52:17.814+0000] {processor.py:914} INFO - Processing file /home/airflow/.local/lib/python3.12/site-packages/airflow/example_dags/example_bash_operator.py for tasks to queue
[2025-04-03T17:52:17.816+0000] {logging_mixin.py:190} INFO - [2025-04-03T17:52:17.815+0000] {dagbag.py:588} INFO - Filling up the DagBag from /home/airflow/.local/lib/python3.12/site-packages/airflow/example_dags/example_bash_operator.py
[2025-04-03T17:52:17.827+0000] {processor.py:925} INFO - DAG(s) 'example_bash_operator' retrieved from /home/airflow/.local/lib/python3.12/site-packages/airflow/example_dags/example_bash_operator.py
[2025-04-03T17:52:17.851+0000] {logging_mixin.py:190} INFO - [2025-04-03T17:52:17.850+0000] {dag.py:3239} INFO - Sync 1 DAGs
[2025-04-03T17:52:17.871+0000] {logging_mixin.py:190} INFO - [2025-04-03T17:52:17.870+0000] {dag.py:4180} INFO - Setting next_dagrun for example_bash_operator to 2025-04-02 00:00:00+00:00, run_after=2025-04-03 00:00:00+00:00
[2025-04-03T17:52:17.883+0000] {processor.py:208} INFO - Processing /home/airflow/.local/lib/python3.12/site-packages/airflow/example_dags/example_bash_operator.py took 0.074 seconds
[2025-04-03T17:52:51.363+0000] {processor.py:186} INFO - Started process (PID=237) to work on /home/airflow/.local/lib/python3.12/site-packages/airflow/example_dags/example_bash_operator.py
[2025-04-03T17:52:51.364+0000] {processor.py:914} INFO - Processing file /home/airflow/.local/lib/python3.12/site-packages/airflow/example_dags/example_bash_operator.py for tasks to queue
[2025-04-03T17:52:51.368+0000] {logging_mixin.py:190} INFO - [2025-04-03T17:52:51.368+0000] {dagbag.py:588} INFO - Filling up the DagBag from /home/airflow/.local/lib/python3.12/site-packages/airflow/example_dags/example_bash_operator.py
[2025-04-03T17:52:51.389+0000] {processor.py:925} INFO - DAG(s) 'example_bash_operator' retrieved from /home/airflow/.local/lib/python3.12/site-packages/airflow/example_dags/example_bash_operator.py
[2025-04-03T17:52:51.438+0000] {logging_mixin.py:190} INFO - [2025-04-03T17:52:51.437+0000] {dag.py:3239} INFO - Sync 1 DAGs
[2025-04-03T17:52:51.480+0000] {logging_mixin.py:190} INFO - [2025-04-03T17:52:51.479+0000] {dag.py:4180} INFO - Setting next_dagrun for example_bash_operator to 2025-04-02 00:00:00+00:00, run_after=2025-04-03 00:00:00+00:00
[2025-04-03T17:52:51.510+0000] {processor.py:208} INFO - Processing /home/airflow/.local/lib/python3.12/site-packages/airflow/example_dags/example_bash_operator.py took 0.154 seconds
[2025-04-03T17:53:21.868+0000] {processor.py:186} INFO - Started process (PID=302) to work on /home/airflow/.local/lib/python3.12/site-packages/airflow/example_dags/example_bash_operator.py
[2025-04-03T17:53:21.869+0000] {processor.py:914} INFO - Processing file /home/airflow/.local/lib/python3.12/site-packages/airflow/example_dags/example_bash_operator.py for tasks to queue
[2025-04-03T17:53:21.872+0000] {logging_mixin.py:190} INFO - [2025-04-03T17:53:21.871+0000] {dagbag.py:588} INFO - Filling up the DagBag from /home/airflow/.local/lib/python3.12/site-packages/airflow/example_dags/example_bash_operator.py
[2025-04-03T17:53:21.885+0000] {processor.py:925} INFO - DAG(s) 'example_bash_operator' retrieved from /home/airflow/.local/lib/python3.12/site-packages/airflow/example_dags/example_bash_operator.py
[2025-04-03T17:53:21.914+0000] {logging_mixin.py:190} INFO - [2025-04-03T17:53:21.913+0000] {dag.py:3239} INFO - Sync 1 DAGs
[2025-04-03T17:53:21.939+0000] {logging_mixin.py:190} INFO - [2025-04-03T17:53:21.939+0000] {dag.py:4180} INFO - Setting next_dagrun for example_bash_operator to 2025-04-02 00:00:00+00:00, run_after=2025-04-03 00:00:00+00:00
[2025-04-03T17:53:21.962+0000] {processor.py:208} INFO - Processing /home/airflow/.local/lib/python3.12/site-packages/airflow/example_dags/example_bash_operator.py took 0.103 seconds
[2025-04-03T17:53:52.749+0000] {processor.py:186} INFO - Started process (PID=367) to work on /home/airflow/.local/lib/python3.12/site-packages/airflow/example_dags/example_bash_operator.py
[2025-04-03T17:53:52.750+0000] {processor.py:914} INFO - Processing file /home/airflow/.local/lib/python3.12/site-packages/airflow/example_dags/example_bash_operator.py for tasks to queue
[2025-04-03T17:53:52.752+0000] {logging_mixin.py:190} INFO - [2025-04-03T17:53:52.752+0000] {dagbag.py:588} INFO - Filling up the DagBag from /home/airflow/.local/lib/python3.12/site-packages/airflow/example_dags/example_bash_operator.py
[2025-04-03T17:53:52.767+0000] {processor.py:925} INFO - DAG(s) 'example_bash_operator' retrieved from /home/airflow/.local/lib/python3.12/site-packages/airflow/example_dags/example_bash_operator.py
[2025-04-03T17:53:52.791+0000] {logging_mixin.py:190} INFO - [2025-04-03T17:53:52.791+0000] {dag.py:3239} INFO - Sync 1 DAGs
[2025-04-03T17:53:52.814+0000] {logging_mixin.py:190} INFO - [2025-04-03T17:53:52.813+0000] {dag.py:4180} INFO - Setting next_dagrun for example_bash_operator to 2025-04-02 00:00:00+00:00, run_after=2025-04-03 00:00:00+00:00
[2025-04-03T17:53:52.829+0000] {processor.py:208} INFO - Processing /home/airflow/.local/lib/python3.12/site-packages/airflow/example_dags/example_bash_operator.py took 0.085 seconds
[2025-04-03T17:54:23.941+0000] {processor.py:186} INFO - Started process (PID=432) to work on /home/airflow/.local/lib/python3.12/site-packages/airflow/example_dags/example_bash_operator.py
[2025-04-03T17:54:23.942+0000] {processor.py:914} INFO - Processing file /home/airflow/.local/lib/python3.12/site-packages/airflow/example_dags/example_bash_operator.py for tasks to queue
[2025-04-03T17:54:23.944+0000] {logging_mixin.py:190} INFO - [2025-04-03T17:54:23.944+0000] {dagbag.py:588} INFO - Filling up the DagBag from /home/airflow/.local/lib/python3.12/site-packages/airflow/example_dags/example_bash_operator.py
[2025-04-03T17:54:23.959+0000] {processor.py:925} INFO - DAG(s) 'example_bash_operator' retrieved from /home/airflow/.local/lib/python3.12/site-packages/airflow/example_dags/example_bash_operator.py
[2025-04-03T17:54:23.985+0000] {logging_mixin.py:190} INFO - [2025-04-03T17:54:23.984+0000] {dag.py:3239} INFO - Sync 1 DAGs
[2025-04-03T17:54:24.006+0000] {logging_mixin.py:190} INFO - [2025-04-03T17:54:24.006+0000] {dag.py:4180} INFO - Setting next_dagrun for example_bash_operator to 2025-04-02 00:00:00+00:00, run_after=2025-04-03 00:00:00+00:00
[2025-04-03T17:54:24.020+0000] {processor.py:208} INFO - Processing /home/airflow/.local/lib/python3.12/site-packages/airflow/example_dags/example_bash_operator.py took 0.084 seconds
[2025-04-03T17:54:55.129+0000] {processor.py:186} INFO - Started process (PID=497) to work on /home/airflow/.local/lib/python3.12/site-packages/airflow/example_dags/example_bash_operator.py
[2025-04-03T17:54:55.130+0000] {processor.py:914} INFO - Processing file /home/airflow/.local/lib/python3.12/site-packages/airflow/example_dags/example_bash_operator.py for tasks to queue
[2025-04-03T17:54:55.133+0000] {logging_mixin.py:190} INFO - [2025-04-03T17:54:55.133+0000] {dagbag.py:588} INFO - Filling up the DagBag from /home/airflow/.local/lib/python3.12/site-packages/airflow/example_dags/example_bash_operator.py
[2025-04-03T17:54:55.145+0000] {processor.py:925} INFO - DAG(s) 'example_bash_operator' retrieved from /home/airflow/.local/lib/python3.12/site-packages/airflow/example_dags/example_bash_operator.py
[2025-04-03T17:54:55.171+0000] {logging_mixin.py:190} INFO - [2025-04-03T17:54:55.171+0000] {dag.py:3239} INFO - Sync 1 DAGs
[2025-04-03T17:54:55.193+0000] {logging_mixin.py:190} INFO - [2025-04-03T17:54:55.193+0000] {dag.py:4180} INFO - Setting next_dagrun for example_bash_operator to 2025-04-02 00:00:00+00:00, run_after=2025-04-03 00:00:00+00:00
[2025-04-03T17:54:55.206+0000] {processor.py:208} INFO - Processing /home/airflow/.local/lib/python3.12/site-packages/airflow/example_dags/example_bash_operator.py took 0.086 seconds
[2025-04-03T17:55:26.598+0000] {processor.py:186} INFO - Started process (PID=562) to work on /home/airflow/.local/lib/python3.12/site-packages/airflow/example_dags/example_bash_operator.py
[2025-04-03T17:55:26.599+0000] {processor.py:914} INFO - Processing file /home/airflow/.local/lib/python3.12/site-packages/airflow/example_dags/example_bash_operator.py for tasks to queue
[2025-04-03T17:55:26.601+0000] {logging_mixin.py:190} INFO - [2025-04-03T17:55:26.601+0000] {dagbag.py:588} INFO - Filling up the DagBag from /home/airflow/.local/lib/python3.12/site-packages/airflow/example_dags/example_bash_operator.py
[2025-04-03T17:55:26.613+0000] {processor.py:925} INFO - DAG(s) 'example_bash_operator' retrieved from /home/airflow/.local/lib/python3.12/site-packages/airflow/example_dags/example_bash_operator.py
[2025-04-03T17:55:26.639+0000] {logging_mixin.py:190} INFO - [2025-04-03T17:55:26.639+0000] {dag.py:3239} INFO - Sync 1 DAGs
[2025-04-03T17:55:26.661+0000] {logging_mixin.py:190} INFO - [2025-04-03T17:55:26.661+0000] {dag.py:4180} INFO - Setting next_dagrun for example_bash_operator to 2025-04-02 00:00:00+00:00, run_after=2025-04-03 00:00:00+00:00
[2025-04-03T17:55:26.675+0000] {processor.py:208} INFO - Processing /home/airflow/.local/lib/python3.12/site-packages/airflow/example_dags/example_bash_operator.py took 0.081 seconds
[2025-04-03T17:55:57.765+0000] {processor.py:186} INFO - Started process (PID=627) to work on /home/airflow/.local/lib/python3.12/site-packages/airflow/example_dags/example_bash_operator.py
[2025-04-03T17:55:57.765+0000] {processor.py:914} INFO - Processing file /home/airflow/.local/lib/python3.12/site-packages/airflow/example_dags/example_bash_operator.py for tasks to queue
[2025-04-03T17:55:57.768+0000] {logging_mixin.py:190} INFO - [2025-04-03T17:55:57.767+0000] {dagbag.py:588} INFO - Filling up the DagBag from /home/airflow/.local/lib/python3.12/site-packages/airflow/example_dags/example_bash_operator.py
[2025-04-03T17:55:57.780+0000] {processor.py:925} INFO - DAG(s) 'example_bash_operator' retrieved from /home/airflow/.local/lib/python3.12/site-packages/airflow/example_dags/example_bash_operator.py
[2025-04-03T17:55:57.805+0000] {logging_mixin.py:190} INFO - [2025-04-03T17:55:57.805+0000] {dag.py:3239} INFO - Sync 1 DAGs
[2025-04-03T17:55:57.827+0000] {logging_mixin.py:190} INFO - [2025-04-03T17:55:57.827+0000] {dag.py:4180} INFO - Setting next_dagrun for example_bash_operator to 2025-04-02 00:00:00+00:00, run_after=2025-04-03 00:00:00+00:00
[2025-04-03T17:55:57.842+0000] {processor.py:208} INFO - Processing /home/airflow/.local/lib/python3.12/site-packages/airflow/example_dags/example_bash_operator.py took 0.082 seconds
[2025-04-03T17:56:29.288+0000] {processor.py:186} INFO - Started process (PID=692) to work on /home/airflow/.local/lib/python3.12/site-packages/airflow/example_dags/example_bash_operator.py
[2025-04-03T17:56:29.289+0000] {processor.py:914} INFO - Processing file /home/airflow/.local/lib/python3.12/site-packages/airflow/example_dags/example_bash_operator.py for tasks to queue
[2025-04-03T17:56:29.291+0000] {logging_mixin.py:190} INFO - [2025-04-03T17:56:29.291+0000] {dagbag.py:588} INFO - Filling up the DagBag from /home/airflow/.local/lib/python3.12/site-packages/airflow/example_dags/example_bash_operator.py
[2025-04-03T17:56:29.303+0000] {processor.py:925} INFO - DAG(s) 'example_bash_operator' retrieved from /home/airflow/.local/lib/python3.12/site-packages/airflow/example_dags/example_bash_operator.py
[2025-04-03T17:56:29.329+0000] {logging_mixin.py:190} INFO - [2025-04-03T17:56:29.329+0000] {dag.py:3239} INFO - Sync 1 DAGs
[2025-04-03T17:56:29.352+0000] {logging_mixin.py:190} INFO - [2025-04-03T17:56:29.352+0000] {dag.py:4180} INFO - Setting next_dagrun for example_bash_operator to 2025-04-02 00:00:00+00:00, run_after=2025-04-03 00:00:00+00:00
[2025-04-03T17:56:29.367+0000] {processor.py:208} INFO - Processing /home/airflow/.local/lib/python3.12/site-packages/airflow/example_dags/example_bash_operator.py took 0.089 seconds
[2025-04-03T17:57:00.812+0000] {processor.py:186} INFO - Started process (PID=757) to work on /home/airflow/.local/lib/python3.12/site-packages/airflow/example_dags/example_bash_operator.py
[2025-04-03T17:57:00.813+0000] {processor.py:914} INFO - Processing file /home/airflow/.local/lib/python3.12/site-packages/airflow/example_dags/example_bash_operator.py for tasks to queue
[2025-04-03T17:57:00.816+0000] {logging_mixin.py:190} INFO - [2025-04-03T17:57:00.816+0000] {dagbag.py:588} INFO - Filling up the DagBag from /home/airflow/.local/lib/python3.12/site-packages/airflow/example_dags/example_bash_operator.py
[2025-04-03T17:57:00.827+0000] {processor.py:925} INFO - DAG(s) 'example_bash_operator' retrieved from /home/airflow/.local/lib/python3.12/site-packages/airflow/example_dags/example_bash_operator.py
[2025-04-03T17:57:00.850+0000] {logging_mixin.py:190} INFO - [2025-04-03T17:57:00.850+0000] {dag.py:3239} INFO - Sync 1 DAGs
[2025-04-03T17:57:00.872+0000] {logging_mixin.py:190} INFO - [2025-04-03T17:57:00.872+0000] {dag.py:4180} INFO - Setting next_dagrun for example_bash_operator to 2025-04-02 00:00:00+00:00, run_after=2025-04-03 00:00:00+00:00
[2025-04-03T17:57:00.886+0000] {processor.py:208} INFO - Processing /home/airflow/.local/lib/python3.12/site-packages/airflow/example_dags/example_bash_operator.py took 0.083 seconds
[2025-04-03T17:57:32.069+0000] {processor.py:186} INFO - Started process (PID=822) to work on /home/airflow/.local/lib/python3.12/site-packages/airflow/example_dags/example_bash_operator.py
[2025-04-03T17:57:32.069+0000] {processor.py:914} INFO - Processing file /home/airflow/.local/lib/python3.12/site-packages/airflow/example_dags/example_bash_operator.py for tasks to queue
[2025-04-03T17:57:32.073+0000] {logging_mixin.py:190} INFO - [2025-04-03T17:57:32.072+0000] {dagbag.py:588} INFO - Filling up the DagBag from /home/airflow/.local/lib/python3.12/site-packages/airflow/example_dags/example_bash_operator.py
[2025-04-03T17:57:32.085+0000] {processor.py:925} INFO - DAG(s) 'example_bash_operator' retrieved from /home/airflow/.local/lib/python3.12/site-packages/airflow/example_dags/example_bash_operator.py
[2025-04-03T17:57:32.110+0000] {logging_mixin.py:190} INFO - [2025-04-03T17:57:32.110+0000] {dag.py:3239} INFO - Sync 1 DAGs
[2025-04-03T17:57:32.132+0000] {logging_mixin.py:190} INFO - [2025-04-03T17:57:32.132+0000] {dag.py:4180} INFO - Setting next_dagrun for example_bash_operator to 2025-04-02 00:00:00+00:00, run_after=2025-04-03 00:00:00+00:00
[2025-04-03T17:57:32.147+0000] {processor.py:208} INFO - Processing /home/airflow/.local/lib/python3.12/site-packages/airflow/example_dags/example_bash_operator.py took 0.085 seconds
[2025-04-03T17:58:03.433+0000] {processor.py:186} INFO - Started process (PID=887) to work on /home/airflow/.local/lib/python3.12/site-packages/airflow/example_dags/example_bash_operator.py
[2025-04-03T17:58:03.434+0000] {processor.py:914} INFO - Processing file /home/airflow/.local/lib/python3.12/site-packages/airflow/example_dags/example_bash_operator.py for tasks to queue
[2025-04-03T17:58:03.438+0000] {logging_mixin.py:190} INFO - [2025-04-03T17:58:03.437+0000] {dagbag.py:588} INFO - Filling up the DagBag from /home/airflow/.local/lib/python3.12/site-packages/airflow/example_dags/example_bash_operator.py
[2025-04-03T17:58:03.449+0000] {processor.py:925} INFO - DAG(s) 'example_bash_operator' retrieved from /home/airflow/.local/lib/python3.12/site-packages/airflow/example_dags/example_bash_operator.py
[2025-04-03T17:58:03.475+0000] {logging_mixin.py:190} INFO - [2025-04-03T17:58:03.475+0000] {dag.py:3239} INFO - Sync 1 DAGs
[2025-04-03T17:58:03.496+0000] {logging_mixin.py:190} INFO - [2025-04-03T17:58:03.496+0000] {dag.py:4180} INFO - Setting next_dagrun for example_bash_operator to 2025-04-02 00:00:00+00:00, run_after=2025-04-03 00:00:00+00:00
[2025-04-03T17:58:03.511+0000] {processor.py:208} INFO - Processing /home/airflow/.local/lib/python3.12/site-packages/airflow/example_dags/example_bash_operator.py took 0.087 seconds
[2025-04-03T17:58:34.408+0000] {processor.py:186} INFO - Started process (PID=952) to work on /home/airflow/.local/lib/python3.12/site-packages/airflow/example_dags/example_bash_operator.py
[2025-04-03T17:58:34.411+0000] {processor.py:914} INFO - Processing file /home/airflow/.local/lib/python3.12/site-packages/airflow/example_dags/example_bash_operator.py for tasks to queue
[2025-04-03T17:58:34.414+0000] {logging_mixin.py:190} INFO - [2025-04-03T17:58:34.414+0000] {dagbag.py:588} INFO - Filling up the DagBag from /home/airflow/.local/lib/python3.12/site-packages/airflow/example_dags/example_bash_operator.py
[2025-04-03T17:58:34.427+0000] {processor.py:925} INFO - DAG(s) 'example_bash_operator' retrieved from /home/airflow/.local/lib/python3.12/site-packages/airflow/example_dags/example_bash_operator.py
[2025-04-03T17:58:34.452+0000] {logging_mixin.py:190} INFO - [2025-04-03T17:58:34.452+0000] {dag.py:3239} INFO - Sync 1 DAGs
[2025-04-03T17:58:34.474+0000] {logging_mixin.py:190} INFO - [2025-04-03T17:58:34.474+0000] {dag.py:4180} INFO - Setting next_dagrun for example_bash_operator to 2025-04-02 00:00:00+00:00, run_after=2025-04-03 00:00:00+00:00
[2025-04-03T17:58:34.489+0000] {processor.py:208} INFO - Processing /home/airflow/.local/lib/python3.12/site-packages/airflow/example_dags/example_bash_operator.py took 0.090 seconds
[2025-04-03T17:59:05.825+0000] {processor.py:186} INFO - Started process (PID=1017) to work on /home/airflow/.local/lib/python3.12/site-packages/airflow/example_dags/example_bash_operator.py
[2025-04-03T17:59:05.826+0000] {processor.py:914} INFO - Processing file /home/airflow/.local/lib/python3.12/site-packages/airflow/example_dags/example_bash_operator.py for tasks to queue
[2025-04-03T17:59:05.829+0000] {logging_mixin.py:190} INFO - [2025-04-03T17:59:05.829+0000] {dagbag.py:588} INFO - Filling up the DagBag from /home/airflow/.local/lib/python3.12/site-packages/airflow/example_dags/example_bash_operator.py
[2025-04-03T17:59:05.840+0000] {processor.py:925} INFO - DAG(s) 'example_bash_operator' retrieved from /home/airflow/.local/lib/python3.12/site-packages/airflow/example_dags/example_bash_operator.py
[2025-04-03T17:59:05.865+0000] {logging_mixin.py:190} INFO - [2025-04-03T17:59:05.865+0000] {dag.py:3239} INFO - Sync 1 DAGs
[2025-04-03T17:59:05.888+0000] {logging_mixin.py:190} INFO - [2025-04-03T17:59:05.888+0000] {dag.py:4180} INFO - Setting next_dagrun for example_bash_operator to 2025-04-02 00:00:00+00:00, run_after=2025-04-03 00:00:00+00:00
[2025-04-03T17:59:05.903+0000] {processor.py:208} INFO - Processing /home/airflow/.local/lib/python3.12/site-packages/airflow/example_dags/example_bash_operator.py took 0.088 seconds
[2025-04-03T17:59:37.197+0000] {processor.py:186} INFO - Started process (PID=1082) to work on /home/airflow/.local/lib/python3.12/site-packages/airflow/example_dags/example_bash_operator.py
[2025-04-03T17:59:37.198+0000] {processor.py:914} INFO - Processing file /home/airflow/.local/lib/python3.12/site-packages/airflow/example_dags/example_bash_operator.py for tasks to queue
[2025-04-03T17:59:37.201+0000] {logging_mixin.py:190} INFO - [2025-04-03T17:59:37.201+0000] {dagbag.py:588} INFO - Filling up the DagBag from /home/airflow/.local/lib/python3.12/site-packages/airflow/example_dags/example_bash_operator.py
[2025-04-03T17:59:37.215+0000] {processor.py:925} INFO - DAG(s) 'example_bash_operator' retrieved from /home/airflow/.local/lib/python3.12/site-packages/airflow/example_dags/example_bash_operator.py
[2025-04-03T17:59:37.244+0000] {logging_mixin.py:190} INFO - [2025-04-03T17:59:37.244+0000] {dag.py:3239} INFO - Sync 1 DAGs
[2025-04-03T17:59:37.268+0000] {logging_mixin.py:190} INFO - [2025-04-03T17:59:37.268+0000] {dag.py:4180} INFO - Setting next_dagrun for example_bash_operator to 2025-04-02 00:00:00+00:00, run_after=2025-04-03 00:00:00+00:00
[2025-04-03T17:59:37.286+0000] {processor.py:208} INFO - Processing /home/airflow/.local/lib/python3.12/site-packages/airflow/example_dags/example_bash_operator.py took 0.099 seconds
[2025-04-03T18:00:08.315+0000] {processor.py:186} INFO - Started process (PID=1147) to work on /home/airflow/.local/lib/python3.12/site-packages/airflow/example_dags/example_bash_operator.py
[2025-04-03T18:00:08.316+0000] {processor.py:914} INFO - Processing file /home/airflow/.local/lib/python3.12/site-packages/airflow/example_dags/example_bash_operator.py for tasks to queue
[2025-04-03T18:00:08.318+0000] {logging_mixin.py:190} INFO - [2025-04-03T18:00:08.318+0000] {dagbag.py:588} INFO - Filling up the DagBag from /home/airflow/.local/lib/python3.12/site-packages/airflow/example_dags/example_bash_operator.py
[2025-04-03T18:00:08.330+0000] {processor.py:925} INFO - DAG(s) 'example_bash_operator' retrieved from /home/airflow/.local/lib/python3.12/site-packages/airflow/example_dags/example_bash_operator.py
[2025-04-03T18:00:08.356+0000] {logging_mixin.py:190} INFO - [2025-04-03T18:00:08.356+0000] {dag.py:3239} INFO - Sync 1 DAGs
[2025-04-03T18:00:08.377+0000] {logging_mixin.py:190} INFO - [2025-04-03T18:00:08.377+0000] {dag.py:4180} INFO - Setting next_dagrun for example_bash_operator to 2025-04-02 00:00:00+00:00, run_after=2025-04-03 00:00:00+00:00
[2025-04-03T18:00:08.391+0000] {processor.py:208} INFO - Processing /home/airflow/.local/lib/python3.12/site-packages/airflow/example_dags/example_bash_operator.py took 0.082 seconds
[2025-04-03T18:00:38.842+0000] {processor.py:186} INFO - Started process (PID=1212) to work on /home/airflow/.local/lib/python3.12/site-packages/airflow/example_dags/example_bash_operator.py
[2025-04-03T18:00:38.843+0000] {processor.py:914} INFO - Processing file /home/airflow/.local/lib/python3.12/site-packages/airflow/example_dags/example_bash_operator.py for tasks to queue
[2025-04-03T18:00:38.845+0000] {logging_mixin.py:190} INFO - [2025-04-03T18:00:38.845+0000] {dagbag.py:588} INFO - Filling up the DagBag from /home/airflow/.local/lib/python3.12/site-packages/airflow/example_dags/example_bash_operator.py
[2025-04-03T18:00:38.857+0000] {processor.py:925} INFO - DAG(s) 'example_bash_operator' retrieved from /home/airflow/.local/lib/python3.12/site-packages/airflow/example_dags/example_bash_operator.py
[2025-04-03T18:00:38.883+0000] {logging_mixin.py:190} INFO - [2025-04-03T18:00:38.883+0000] {dag.py:3239} INFO - Sync 1 DAGs
[2025-04-03T18:00:38.906+0000] {logging_mixin.py:190} INFO - [2025-04-03T18:00:38.905+0000] {dag.py:4180} INFO - Setting next_dagrun for example_bash_operator to 2025-04-02 00:00:00+00:00, run_after=2025-04-03 00:00:00+00:00
[2025-04-03T18:00:38.919+0000] {processor.py:208} INFO - Processing /home/airflow/.local/lib/python3.12/site-packages/airflow/example_dags/example_bash_operator.py took 0.082 seconds
[2025-04-03T18:01:10.307+0000] {processor.py:186} INFO - Started process (PID=1283) to work on /home/airflow/.local/lib/python3.12/site-packages/airflow/example_dags/example_bash_operator.py
[2025-04-03T18:01:10.308+0000] {processor.py:914} INFO - Processing file /home/airflow/.local/lib/python3.12/site-packages/airflow/example_dags/example_bash_operator.py for tasks to queue
[2025-04-03T18:01:10.311+0000] {logging_mixin.py:190} INFO - [2025-04-03T18:01:10.310+0000] {dagbag.py:588} INFO - Filling up the DagBag from /home/airflow/.local/lib/python3.12/site-packages/airflow/example_dags/example_bash_operator.py
[2025-04-03T18:01:10.322+0000] {processor.py:925} INFO - DAG(s) 'example_bash_operator' retrieved from /home/airflow/.local/lib/python3.12/site-packages/airflow/example_dags/example_bash_operator.py
[2025-04-03T18:01:10.347+0000] {logging_mixin.py:190} INFO - [2025-04-03T18:01:10.347+0000] {dag.py:3239} INFO - Sync 1 DAGs
[2025-04-03T18:01:10.370+0000] {logging_mixin.py:190} INFO - [2025-04-03T18:01:10.369+0000] {dag.py:4180} INFO - Setting next_dagrun for example_bash_operator to 2025-04-02 00:00:00+00:00, run_after=2025-04-03 00:00:00+00:00
[2025-04-03T18:01:10.643+0000] {processor.py:208} INFO - Processing /home/airflow/.local/lib/python3.12/site-packages/airflow/example_dags/example_bash_operator.py took 0.345 seconds
[2025-04-03T18:01:41.622+0000] {processor.py:186} INFO - Started process (PID=1348) to work on /home/airflow/.local/lib/python3.12/site-packages/airflow/example_dags/example_bash_operator.py
[2025-04-03T18:01:41.623+0000] {processor.py:914} INFO - Processing file /home/airflow/.local/lib/python3.12/site-packages/airflow/example_dags/example_bash_operator.py for tasks to queue
[2025-04-03T18:01:41.626+0000] {logging_mixin.py:190} INFO - [2025-04-03T18:01:41.626+0000] {dagbag.py:588} INFO - Filling up the DagBag from /home/airflow/.local/lib/python3.12/site-packages/airflow/example_dags/example_bash_operator.py
[2025-04-03T18:01:41.638+0000] {processor.py:925} INFO - DAG(s) 'example_bash_operator' retrieved from /home/airflow/.local/lib/python3.12/site-packages/airflow/example_dags/example_bash_operator.py
[2025-04-03T18:01:41.663+0000] {logging_mixin.py:190} INFO - [2025-04-03T18:01:41.663+0000] {dag.py:3239} INFO - Sync 1 DAGs
[2025-04-03T18:01:41.685+0000] {logging_mixin.py:190} INFO - [2025-04-03T18:01:41.685+0000] {dag.py:4180} INFO - Setting next_dagrun for example_bash_operator to 2025-04-02 00:00:00+00:00, run_after=2025-04-03 00:00:00+00:00
[2025-04-03T18:01:41.698+0000] {processor.py:208} INFO - Processing /home/airflow/.local/lib/python3.12/site-packages/airflow/example_dags/example_bash_operator.py took 0.085 seconds
[2025-04-03T18:02:12.183+0000] {processor.py:186} INFO - Started process (PID=1413) to work on /home/airflow/.local/lib/python3.12/site-packages/airflow/example_dags/example_bash_operator.py
[2025-04-03T18:02:12.184+0000] {processor.py:914} INFO - Processing file /home/airflow/.local/lib/python3.12/site-packages/airflow/example_dags/example_bash_operator.py for tasks to queue
[2025-04-03T18:02:12.186+0000] {logging_mixin.py:190} INFO - [2025-04-03T18:02:12.186+0000] {dagbag.py:588} INFO - Filling up the DagBag from /home/airflow/.local/lib/python3.12/site-packages/airflow/example_dags/example_bash_operator.py
[2025-04-03T18:02:12.198+0000] {processor.py:925} INFO - DAG(s) 'example_bash_operator' retrieved from /home/airflow/.local/lib/python3.12/site-packages/airflow/example_dags/example_bash_operator.py
[2025-04-03T18:02:12.224+0000] {logging_mixin.py:190} INFO - [2025-04-03T18:02:12.224+0000] {dag.py:3239} INFO - Sync 1 DAGs
[2025-04-03T18:02:12.246+0000] {logging_mixin.py:190} INFO - [2025-04-03T18:02:12.246+0000] {dag.py:4180} INFO - Setting next_dagrun for example_bash_operator to 2025-04-02 00:00:00+00:00, run_after=2025-04-03 00:00:00+00:00
[2025-04-03T18:02:12.259+0000] {processor.py:208} INFO - Processing /home/airflow/.local/lib/python3.12/site-packages/airflow/example_dags/example_bash_operator.py took 0.081 seconds
[2025-04-03T18:02:43.067+0000] {processor.py:186} INFO - Started process (PID=1478) to work on /home/airflow/.local/lib/python3.12/site-packages/airflow/example_dags/example_bash_operator.py
[2025-04-03T18:02:43.068+0000] {processor.py:914} INFO - Processing file /home/airflow/.local/lib/python3.12/site-packages/airflow/example_dags/example_bash_operator.py for tasks to queue
[2025-04-03T18:02:43.071+0000] {logging_mixin.py:190} INFO - [2025-04-03T18:02:43.071+0000] {dagbag.py:588} INFO - Filling up the DagBag from /home/airflow/.local/lib/python3.12/site-packages/airflow/example_dags/example_bash_operator.py
[2025-04-03T18:02:43.082+0000] {processor.py:925} INFO - DAG(s) 'example_bash_operator' retrieved from /home/airflow/.local/lib/python3.12/site-packages/airflow/example_dags/example_bash_operator.py
[2025-04-03T18:02:43.106+0000] {logging_mixin.py:190} INFO - [2025-04-03T18:02:43.106+0000] {dag.py:3239} INFO - Sync 1 DAGs
[2025-04-03T18:02:43.128+0000] {logging_mixin.py:190} INFO - [2025-04-03T18:02:43.127+0000] {dag.py:4180} INFO - Setting next_dagrun for example_bash_operator to 2025-04-02 00:00:00+00:00, run_after=2025-04-03 00:00:00+00:00
[2025-04-03T18:02:43.141+0000] {processor.py:208} INFO - Processing /home/airflow/.local/lib/python3.12/site-packages/airflow/example_dags/example_bash_operator.py took 0.082 seconds
[2025-04-03T18:03:14.714+0000] {processor.py:186} INFO - Started process (PID=1543) to work on /home/airflow/.local/lib/python3.12/site-packages/airflow/example_dags/example_bash_operator.py
[2025-04-03T18:03:14.717+0000] {processor.py:914} INFO - Processing file /home/airflow/.local/lib/python3.12/site-packages/airflow/example_dags/example_bash_operator.py for tasks to queue
[2025-04-03T18:03:14.721+0000] {logging_mixin.py:190} INFO - [2025-04-03T18:03:14.721+0000] {dagbag.py:588} INFO - Filling up the DagBag from /home/airflow/.local/lib/python3.12/site-packages/airflow/example_dags/example_bash_operator.py
[2025-04-03T18:03:14.734+0000] {processor.py:925} INFO - DAG(s) 'example_bash_operator' retrieved from /home/airflow/.local/lib/python3.12/site-packages/airflow/example_dags/example_bash_operator.py
[2025-04-03T18:03:14.760+0000] {logging_mixin.py:190} INFO - [2025-04-03T18:03:14.759+0000] {dag.py:3239} INFO - Sync 1 DAGs
[2025-04-03T18:03:15.046+0000] {logging_mixin.py:190} INFO - [2025-04-03T18:03:15.046+0000] {dag.py:4180} INFO - Setting next_dagrun for example_bash_operator to 2025-04-02 00:00:00+00:00, run_after=2025-04-03 00:00:00+00:00
[2025-04-03T18:03:15.058+0000] {processor.py:208} INFO - Processing /home/airflow/.local/lib/python3.12/site-packages/airflow/example_dags/example_bash_operator.py took 0.353 seconds
[2025-04-03T18:03:45.655+0000] {processor.py:186} INFO - Started process (PID=1608) to work on /home/airflow/.local/lib/python3.12/site-packages/airflow/example_dags/example_bash_operator.py
[2025-04-03T18:03:45.658+0000] {processor.py:914} INFO - Processing file /home/airflow/.local/lib/python3.12/site-packages/airflow/example_dags/example_bash_operator.py for tasks to queue
[2025-04-03T18:03:45.662+0000] {logging_mixin.py:190} INFO - [2025-04-03T18:03:45.662+0000] {dagbag.py:588} INFO - Filling up the DagBag from /home/airflow/.local/lib/python3.12/site-packages/airflow/example_dags/example_bash_operator.py
[2025-04-03T18:03:45.675+0000] {processor.py:925} INFO - DAG(s) 'example_bash_operator' retrieved from /home/airflow/.local/lib/python3.12/site-packages/airflow/example_dags/example_bash_operator.py
[2025-04-03T18:03:45.701+0000] {logging_mixin.py:190} INFO - [2025-04-03T18:03:45.701+0000] {dag.py:3239} INFO - Sync 1 DAGs
[2025-04-03T18:03:45.724+0000] {logging_mixin.py:190} INFO - [2025-04-03T18:03:45.724+0000] {dag.py:4180} INFO - Setting next_dagrun for example_bash_operator to 2025-04-02 00:00:00+00:00, run_after=2025-04-03 00:00:00+00:00
[2025-04-03T18:03:46.002+0000] {processor.py:208} INFO - Processing /home/airflow/.local/lib/python3.12/site-packages/airflow/example_dags/example_bash_operator.py took 0.356 seconds
[2025-04-03T18:04:16.522+0000] {processor.py:186} INFO - Started process (PID=1673) to work on /home/airflow/.local/lib/python3.12/site-packages/airflow/example_dags/example_bash_operator.py
[2025-04-03T18:04:16.524+0000] {processor.py:914} INFO - Processing file /home/airflow/.local/lib/python3.12/site-packages/airflow/example_dags/example_bash_operator.py for tasks to queue
[2025-04-03T18:04:16.527+0000] {logging_mixin.py:190} INFO - [2025-04-03T18:04:16.527+0000] {dagbag.py:588} INFO - Filling up the DagBag from /home/airflow/.local/lib/python3.12/site-packages/airflow/example_dags/example_bash_operator.py
[2025-04-03T18:04:16.540+0000] {processor.py:925} INFO - DAG(s) 'example_bash_operator' retrieved from /home/airflow/.local/lib/python3.12/site-packages/airflow/example_dags/example_bash_operator.py
[2025-04-03T18:04:16.566+0000] {logging_mixin.py:190} INFO - [2025-04-03T18:04:16.565+0000] {dag.py:3239} INFO - Sync 1 DAGs
[2025-04-03T18:04:16.587+0000] {logging_mixin.py:190} INFO - [2025-04-03T18:04:16.587+0000] {dag.py:4180} INFO - Setting next_dagrun for example_bash_operator to 2025-04-02 00:00:00+00:00, run_after=2025-04-03 00:00:00+00:00
[2025-04-03T18:04:16.600+0000] {processor.py:208} INFO - Processing /home/airflow/.local/lib/python3.12/site-packages/airflow/example_dags/example_bash_operator.py took 0.087 seconds
[2025-04-03T18:04:47.154+0000] {processor.py:186} INFO - Started process (PID=1737) to work on /home/airflow/.local/lib/python3.12/site-packages/airflow/example_dags/example_bash_operator.py
[2025-04-03T18:04:47.155+0000] {processor.py:914} INFO - Processing file /home/airflow/.local/lib/python3.12/site-packages/airflow/example_dags/example_bash_operator.py for tasks to queue
[2025-04-03T18:04:47.157+0000] {logging_mixin.py:190} INFO - [2025-04-03T18:04:47.157+0000] {dagbag.py:588} INFO - Filling up the DagBag from /home/airflow/.local/lib/python3.12/site-packages/airflow/example_dags/example_bash_operator.py
[2025-04-03T18:04:47.170+0000] {processor.py:925} INFO - DAG(s) 'example_bash_operator' retrieved from /home/airflow/.local/lib/python3.12/site-packages/airflow/example_dags/example_bash_operator.py
[2025-04-03T18:04:47.460+0000] {logging_mixin.py:190} INFO - [2025-04-03T18:04:47.459+0000] {dag.py:3239} INFO - Sync 1 DAGs
[2025-04-03T18:04:47.478+0000] {logging_mixin.py:190} INFO - [2025-04-03T18:04:47.478+0000] {dag.py:4180} INFO - Setting next_dagrun for example_bash_operator to 2025-04-02 00:00:00+00:00, run_after=2025-04-03 00:00:00+00:00
[2025-04-03T18:04:47.490+0000] {processor.py:208} INFO - Processing /home/airflow/.local/lib/python3.12/site-packages/airflow/example_dags/example_bash_operator.py took 0.341 seconds
[2025-04-03T18:05:18.859+0000] {processor.py:186} INFO - Started process (PID=1802) to work on /home/airflow/.local/lib/python3.12/site-packages/airflow/example_dags/example_bash_operator.py
[2025-04-03T18:05:18.860+0000] {processor.py:914} INFO - Processing file /home/airflow/.local/lib/python3.12/site-packages/airflow/example_dags/example_bash_operator.py for tasks to queue
[2025-04-03T18:05:18.863+0000] {logging_mixin.py:190} INFO - [2025-04-03T18:05:18.863+0000] {dagbag.py:588} INFO - Filling up the DagBag from /home/airflow/.local/lib/python3.12/site-packages/airflow/example_dags/example_bash_operator.py
[2025-04-03T18:05:18.875+0000] {processor.py:925} INFO - DAG(s) 'example_bash_operator' retrieved from /home/airflow/.local/lib/python3.12/site-packages/airflow/example_dags/example_bash_operator.py
[2025-04-03T18:05:19.168+0000] {logging_mixin.py:190} INFO - [2025-04-03T18:05:19.167+0000] {dag.py:3239} INFO - Sync 1 DAGs
[2025-04-03T18:05:19.186+0000] {logging_mixin.py:190} INFO - [2025-04-03T18:05:19.185+0000] {dag.py:4180} INFO - Setting next_dagrun for example_bash_operator to 2025-04-02 00:00:00+00:00, run_after=2025-04-03 00:00:00+00:00
[2025-04-03T18:05:19.199+0000] {processor.py:208} INFO - Processing /home/airflow/.local/lib/python3.12/site-packages/airflow/example_dags/example_bash_operator.py took 0.346 seconds
[2025-04-03T18:05:49.466+0000] {processor.py:186} INFO - Started process (PID=1867) to work on /home/airflow/.local/lib/python3.12/site-packages/airflow/example_dags/example_bash_operator.py
[2025-04-03T18:05:49.469+0000] {processor.py:914} INFO - Processing file /home/airflow/.local/lib/python3.12/site-packages/airflow/example_dags/example_bash_operator.py for tasks to queue
[2025-04-03T18:05:49.471+0000] {logging_mixin.py:190} INFO - [2025-04-03T18:05:49.471+0000] {dagbag.py:588} INFO - Filling up the DagBag from /home/airflow/.local/lib/python3.12/site-packages/airflow/example_dags/example_bash_operator.py
[2025-04-03T18:05:49.483+0000] {processor.py:925} INFO - DAG(s) 'example_bash_operator' retrieved from /home/airflow/.local/lib/python3.12/site-packages/airflow/example_dags/example_bash_operator.py
[2025-04-03T18:05:49.509+0000] {logging_mixin.py:190} INFO - [2025-04-03T18:05:49.508+0000] {dag.py:3239} INFO - Sync 1 DAGs
[2025-04-03T18:05:49.793+0000] {logging_mixin.py:190} INFO - [2025-04-03T18:05:49.793+0000] {dag.py:4180} INFO - Setting next_dagrun for example_bash_operator to 2025-04-02 00:00:00+00:00, run_after=2025-04-03 00:00:00+00:00
[2025-04-03T18:05:49.807+0000] {processor.py:208} INFO - Processing /home/airflow/.local/lib/python3.12/site-packages/airflow/example_dags/example_bash_operator.py took 0.345 seconds
[2025-04-03T18:06:20.161+0000] {processor.py:186} INFO - Started process (PID=1932) to work on /home/airflow/.local/lib/python3.12/site-packages/airflow/example_dags/example_bash_operator.py
[2025-04-03T18:06:20.161+0000] {processor.py:914} INFO - Processing file /home/airflow/.local/lib/python3.12/site-packages/airflow/example_dags/example_bash_operator.py for tasks to queue
[2025-04-03T18:06:20.163+0000] {logging_mixin.py:190} INFO - [2025-04-03T18:06:20.163+0000] {dagbag.py:588} INFO - Filling up the DagBag from /home/airflow/.local/lib/python3.12/site-packages/airflow/example_dags/example_bash_operator.py
[2025-04-03T18:06:20.174+0000] {processor.py:925} INFO - DAG(s) 'example_bash_operator' retrieved from /home/airflow/.local/lib/python3.12/site-packages/airflow/example_dags/example_bash_operator.py
[2025-04-03T18:06:20.199+0000] {logging_mixin.py:190} INFO - [2025-04-03T18:06:20.199+0000] {dag.py:3239} INFO - Sync 1 DAGs
[2025-04-03T18:06:20.221+0000] {logging_mixin.py:190} INFO - [2025-04-03T18:06:20.220+0000] {dag.py:4180} INFO - Setting next_dagrun for example_bash_operator to 2025-04-02 00:00:00+00:00, run_after=2025-04-03 00:00:00+00:00
[2025-04-03T18:06:20.234+0000] {processor.py:208} INFO - Processing /home/airflow/.local/lib/python3.12/site-packages/airflow/example_dags/example_bash_operator.py took 0.077 seconds
[2025-04-03T18:06:50.765+0000] {processor.py:186} INFO - Started process (PID=1997) to work on /home/airflow/.local/lib/python3.12/site-packages/airflow/example_dags/example_bash_operator.py
[2025-04-03T18:06:50.766+0000] {processor.py:914} INFO - Processing file /home/airflow/.local/lib/python3.12/site-packages/airflow/example_dags/example_bash_operator.py for tasks to queue
[2025-04-03T18:06:50.768+0000] {logging_mixin.py:190} INFO - [2025-04-03T18:06:50.768+0000] {dagbag.py:588} INFO - Filling up the DagBag from /home/airflow/.local/lib/python3.12/site-packages/airflow/example_dags/example_bash_operator.py
[2025-04-03T18:06:50.779+0000] {processor.py:925} INFO - DAG(s) 'example_bash_operator' retrieved from /home/airflow/.local/lib/python3.12/site-packages/airflow/example_dags/example_bash_operator.py
[2025-04-03T18:06:50.801+0000] {logging_mixin.py:190} INFO - [2025-04-03T18:06:50.801+0000] {dag.py:3239} INFO - Sync 1 DAGs
[2025-04-03T18:06:50.821+0000] {logging_mixin.py:190} INFO - [2025-04-03T18:06:50.821+0000] {dag.py:4180} INFO - Setting next_dagrun for example_bash_operator to 2025-04-02 00:00:00+00:00, run_after=2025-04-03 00:00:00+00:00
[2025-04-03T18:06:50.837+0000] {processor.py:208} INFO - Processing /home/airflow/.local/lib/python3.12/site-packages/airflow/example_dags/example_bash_operator.py took 0.077 seconds
[2025-04-03T18:07:21.381+0000] {processor.py:186} INFO - Started process (PID=2062) to work on /home/airflow/.local/lib/python3.12/site-packages/airflow/example_dags/example_bash_operator.py
[2025-04-03T18:07:21.382+0000] {processor.py:914} INFO - Processing file /home/airflow/.local/lib/python3.12/site-packages/airflow/example_dags/example_bash_operator.py for tasks to queue
[2025-04-03T18:07:21.384+0000] {logging_mixin.py:190} INFO - [2025-04-03T18:07:21.384+0000] {dagbag.py:588} INFO - Filling up the DagBag from /home/airflow/.local/lib/python3.12/site-packages/airflow/example_dags/example_bash_operator.py
[2025-04-03T18:07:21.395+0000] {processor.py:925} INFO - DAG(s) 'example_bash_operator' retrieved from /home/airflow/.local/lib/python3.12/site-packages/airflow/example_dags/example_bash_operator.py
[2025-04-03T18:07:21.418+0000] {logging_mixin.py:190} INFO - [2025-04-03T18:07:21.418+0000] {dag.py:3239} INFO - Sync 1 DAGs
[2025-04-03T18:07:21.439+0000] {logging_mixin.py:190} INFO - [2025-04-03T18:07:21.439+0000] {dag.py:4180} INFO - Setting next_dagrun for example_bash_operator to 2025-04-02 00:00:00+00:00, run_after=2025-04-03 00:00:00+00:00
[2025-04-03T18:07:21.453+0000] {processor.py:208} INFO - Processing /home/airflow/.local/lib/python3.12/site-packages/airflow/example_dags/example_bash_operator.py took 0.080 seconds
[2025-04-03T18:07:51.843+0000] {processor.py:186} INFO - Started process (PID=2127) to work on /home/airflow/.local/lib/python3.12/site-packages/airflow/example_dags/example_bash_operator.py
[2025-04-03T18:07:51.844+0000] {processor.py:914} INFO - Processing file /home/airflow/.local/lib/python3.12/site-packages/airflow/example_dags/example_bash_operator.py for tasks to queue
[2025-04-03T18:07:51.848+0000] {logging_mixin.py:190} INFO - [2025-04-03T18:07:51.847+0000] {dagbag.py:588} INFO - Filling up the DagBag from /home/airflow/.local/lib/python3.12/site-packages/airflow/example_dags/example_bash_operator.py
[2025-04-03T18:07:51.858+0000] {processor.py:925} INFO - DAG(s) 'example_bash_operator' retrieved from /home/airflow/.local/lib/python3.12/site-packages/airflow/example_dags/example_bash_operator.py
[2025-04-03T18:07:51.882+0000] {logging_mixin.py:190} INFO - [2025-04-03T18:07:51.882+0000] {dag.py:3239} INFO - Sync 1 DAGs
[2025-04-03T18:07:51.905+0000] {logging_mixin.py:190} INFO - [2025-04-03T18:07:51.904+0000] {dag.py:4180} INFO - Setting next_dagrun for example_bash_operator to 2025-04-02 00:00:00+00:00, run_after=2025-04-03 00:00:00+00:00
[2025-04-03T18:07:51.919+0000] {processor.py:208} INFO - Processing /home/airflow/.local/lib/python3.12/site-packages/airflow/example_dags/example_bash_operator.py took 0.083 seconds
[2025-04-03T18:08:22.323+0000] {processor.py:186} INFO - Started process (PID=2192) to work on /home/airflow/.local/lib/python3.12/site-packages/airflow/example_dags/example_bash_operator.py
[2025-04-03T18:08:22.325+0000] {processor.py:914} INFO - Processing file /home/airflow/.local/lib/python3.12/site-packages/airflow/example_dags/example_bash_operator.py for tasks to queue
[2025-04-03T18:08:22.328+0000] {logging_mixin.py:190} INFO - [2025-04-03T18:08:22.327+0000] {dagbag.py:588} INFO - Filling up the DagBag from /home/airflow/.local/lib/python3.12/site-packages/airflow/example_dags/example_bash_operator.py
[2025-04-03T18:08:22.338+0000] {processor.py:925} INFO - DAG(s) 'example_bash_operator' retrieved from /home/airflow/.local/lib/python3.12/site-packages/airflow/example_dags/example_bash_operator.py
[2025-04-03T18:08:22.362+0000] {logging_mixin.py:190} INFO - [2025-04-03T18:08:22.362+0000] {dag.py:3239} INFO - Sync 1 DAGs
[2025-04-03T18:08:22.383+0000] {logging_mixin.py:190} INFO - [2025-04-03T18:08:22.382+0000] {dag.py:4180} INFO - Setting next_dagrun for example_bash_operator to 2025-04-02 00:00:00+00:00, run_after=2025-04-03 00:00:00+00:00
[2025-04-03T18:08:22.397+0000] {processor.py:208} INFO - Processing /home/airflow/.local/lib/python3.12/site-packages/airflow/example_dags/example_bash_operator.py took 0.081 seconds
[2025-04-03T18:08:52.758+0000] {processor.py:186} INFO - Started process (PID=2257) to work on /home/airflow/.local/lib/python3.12/site-packages/airflow/example_dags/example_bash_operator.py
[2025-04-03T18:08:52.759+0000] {processor.py:914} INFO - Processing file /home/airflow/.local/lib/python3.12/site-packages/airflow/example_dags/example_bash_operator.py for tasks to queue
[2025-04-03T18:08:52.762+0000] {logging_mixin.py:190} INFO - [2025-04-03T18:08:52.762+0000] {dagbag.py:588} INFO - Filling up the DagBag from /home/airflow/.local/lib/python3.12/site-packages/airflow/example_dags/example_bash_operator.py
[2025-04-03T18:08:52.772+0000] {processor.py:925} INFO - DAG(s) 'example_bash_operator' retrieved from /home/airflow/.local/lib/python3.12/site-packages/airflow/example_dags/example_bash_operator.py
[2025-04-03T18:08:52.797+0000] {logging_mixin.py:190} INFO - [2025-04-03T18:08:52.797+0000] {dag.py:3239} INFO - Sync 1 DAGs
[2025-04-03T18:08:52.818+0000] {logging_mixin.py:190} INFO - [2025-04-03T18:08:52.818+0000] {dag.py:4180} INFO - Setting next_dagrun for example_bash_operator to 2025-04-02 00:00:00+00:00, run_after=2025-04-03 00:00:00+00:00
[2025-04-03T18:08:52.831+0000] {processor.py:208} INFO - Processing /home/airflow/.local/lib/python3.12/site-packages/airflow/example_dags/example_bash_operator.py took 0.080 seconds
[2025-04-03T18:09:23.088+0000] {processor.py:186} INFO - Started process (PID=2322) to work on /home/airflow/.local/lib/python3.12/site-packages/airflow/example_dags/example_bash_operator.py
[2025-04-03T18:09:23.089+0000] {processor.py:914} INFO - Processing file /home/airflow/.local/lib/python3.12/site-packages/airflow/example_dags/example_bash_operator.py for tasks to queue
[2025-04-03T18:09:23.091+0000] {logging_mixin.py:190} INFO - [2025-04-03T18:09:23.091+0000] {dagbag.py:588} INFO - Filling up the DagBag from /home/airflow/.local/lib/python3.12/site-packages/airflow/example_dags/example_bash_operator.py
[2025-04-03T18:09:23.101+0000] {processor.py:925} INFO - DAG(s) 'example_bash_operator' retrieved from /home/airflow/.local/lib/python3.12/site-packages/airflow/example_dags/example_bash_operator.py
[2025-04-03T18:09:23.123+0000] {logging_mixin.py:190} INFO - [2025-04-03T18:09:23.123+0000] {dag.py:3239} INFO - Sync 1 DAGs
[2025-04-03T18:09:23.145+0000] {logging_mixin.py:190} INFO - [2025-04-03T18:09:23.145+0000] {dag.py:4180} INFO - Setting next_dagrun for example_bash_operator to 2025-04-02 00:00:00+00:00, run_after=2025-04-03 00:00:00+00:00
[2025-04-03T18:09:23.160+0000] {processor.py:208} INFO - Processing /home/airflow/.local/lib/python3.12/site-packages/airflow/example_dags/example_bash_operator.py took 0.080 seconds
[2025-04-03T18:09:53.562+0000] {processor.py:186} INFO - Started process (PID=2387) to work on /home/airflow/.local/lib/python3.12/site-packages/airflow/example_dags/example_bash_operator.py
[2025-04-03T18:09:53.563+0000] {processor.py:914} INFO - Processing file /home/airflow/.local/lib/python3.12/site-packages/airflow/example_dags/example_bash_operator.py for tasks to queue
[2025-04-03T18:09:53.565+0000] {logging_mixin.py:190} INFO - [2025-04-03T18:09:53.565+0000] {dagbag.py:588} INFO - Filling up the DagBag from /home/airflow/.local/lib/python3.12/site-packages/airflow/example_dags/example_bash_operator.py
[2025-04-03T18:09:53.575+0000] {processor.py:925} INFO - DAG(s) 'example_bash_operator' retrieved from /home/airflow/.local/lib/python3.12/site-packages/airflow/example_dags/example_bash_operator.py
[2025-04-03T18:09:53.600+0000] {logging_mixin.py:190} INFO - [2025-04-03T18:09:53.600+0000] {dag.py:3239} INFO - Sync 1 DAGs
[2025-04-03T18:09:53.621+0000] {logging_mixin.py:190} INFO - [2025-04-03T18:09:53.621+0000] {dag.py:4180} INFO - Setting next_dagrun for example_bash_operator to 2025-04-02 00:00:00+00:00, run_after=2025-04-03 00:00:00+00:00
[2025-04-03T18:09:53.635+0000] {processor.py:208} INFO - Processing /home/airflow/.local/lib/python3.12/site-packages/airflow/example_dags/example_bash_operator.py took 0.080 seconds
[2025-04-03T18:10:23.986+0000] {processor.py:186} INFO - Started process (PID=2452) to work on /home/airflow/.local/lib/python3.12/site-packages/airflow/example_dags/example_bash_operator.py
[2025-04-03T18:10:23.987+0000] {processor.py:914} INFO - Processing file /home/airflow/.local/lib/python3.12/site-packages/airflow/example_dags/example_bash_operator.py for tasks to queue
[2025-04-03T18:10:23.990+0000] {logging_mixin.py:190} INFO - [2025-04-03T18:10:23.989+0000] {dagbag.py:588} INFO - Filling up the DagBag from /home/airflow/.local/lib/python3.12/site-packages/airflow/example_dags/example_bash_operator.py
[2025-04-03T18:10:24.000+0000] {processor.py:925} INFO - DAG(s) 'example_bash_operator' retrieved from /home/airflow/.local/lib/python3.12/site-packages/airflow/example_dags/example_bash_operator.py
[2025-04-03T18:10:24.023+0000] {logging_mixin.py:190} INFO - [2025-04-03T18:10:24.023+0000] {dag.py:3239} INFO - Sync 1 DAGs
[2025-04-03T18:10:24.042+0000] {logging_mixin.py:190} INFO - [2025-04-03T18:10:24.042+0000] {dag.py:4180} INFO - Setting next_dagrun for example_bash_operator to 2025-04-02 00:00:00+00:00, run_after=2025-04-03 00:00:00+00:00
[2025-04-03T18:10:24.055+0000] {processor.py:208} INFO - Processing /home/airflow/.local/lib/python3.12/site-packages/airflow/example_dags/example_bash_operator.py took 0.077 seconds
[2025-04-03T18:10:54.531+0000] {processor.py:186} INFO - Started process (PID=2517) to work on /home/airflow/.local/lib/python3.12/site-packages/airflow/example_dags/example_bash_operator.py
[2025-04-03T18:10:54.532+0000] {processor.py:914} INFO - Processing file /home/airflow/.local/lib/python3.12/site-packages/airflow/example_dags/example_bash_operator.py for tasks to queue
[2025-04-03T18:10:54.534+0000] {logging_mixin.py:190} INFO - [2025-04-03T18:10:54.533+0000] {dagbag.py:588} INFO - Filling up the DagBag from /home/airflow/.local/lib/python3.12/site-packages/airflow/example_dags/example_bash_operator.py
[2025-04-03T18:10:54.544+0000] {processor.py:925} INFO - DAG(s) 'example_bash_operator' retrieved from /home/airflow/.local/lib/python3.12/site-packages/airflow/example_dags/example_bash_operator.py
[2025-04-03T18:10:54.568+0000] {logging_mixin.py:190} INFO - [2025-04-03T18:10:54.567+0000] {dag.py:3239} INFO - Sync 1 DAGs
[2025-04-03T18:10:54.587+0000] {logging_mixin.py:190} INFO - [2025-04-03T18:10:54.587+0000] {dag.py:4180} INFO - Setting next_dagrun for example_bash_operator to 2025-04-02 00:00:00+00:00, run_after=2025-04-03 00:00:00+00:00
[2025-04-03T18:10:54.600+0000] {processor.py:208} INFO - Processing /home/airflow/.local/lib/python3.12/site-packages/airflow/example_dags/example_bash_operator.py took 0.077 seconds
[2025-04-03T18:11:24.968+0000] {processor.py:186} INFO - Started process (PID=2582) to work on /home/airflow/.local/lib/python3.12/site-packages/airflow/example_dags/example_bash_operator.py
[2025-04-03T18:11:24.969+0000] {processor.py:914} INFO - Processing file /home/airflow/.local/lib/python3.12/site-packages/airflow/example_dags/example_bash_operator.py for tasks to queue
[2025-04-03T18:11:24.972+0000] {logging_mixin.py:190} INFO - [2025-04-03T18:11:24.972+0000] {dagbag.py:588} INFO - Filling up the DagBag from /home/airflow/.local/lib/python3.12/site-packages/airflow/example_dags/example_bash_operator.py
[2025-04-03T18:11:24.982+0000] {processor.py:925} INFO - DAG(s) 'example_bash_operator' retrieved from /home/airflow/.local/lib/python3.12/site-packages/airflow/example_dags/example_bash_operator.py
[2025-04-03T18:11:25.008+0000] {logging_mixin.py:190} INFO - [2025-04-03T18:11:25.008+0000] {dag.py:3239} INFO - Sync 1 DAGs
[2025-04-03T18:11:25.029+0000] {logging_mixin.py:190} INFO - [2025-04-03T18:11:25.029+0000] {dag.py:4180} INFO - Setting next_dagrun for example_bash_operator to 2025-04-02 00:00:00+00:00, run_after=2025-04-03 00:00:00+00:00
[2025-04-03T18:11:25.044+0000] {processor.py:208} INFO - Processing /home/airflow/.local/lib/python3.12/site-packages/airflow/example_dags/example_bash_operator.py took 0.084 seconds
[2025-04-03T18:11:55.550+0000] {processor.py:186} INFO - Started process (PID=2647) to work on /home/airflow/.local/lib/python3.12/site-packages/airflow/example_dags/example_bash_operator.py
[2025-04-03T18:11:55.551+0000] {processor.py:914} INFO - Processing file /home/airflow/.local/lib/python3.12/site-packages/airflow/example_dags/example_bash_operator.py for tasks to queue
[2025-04-03T18:11:55.554+0000] {logging_mixin.py:190} INFO - [2025-04-03T18:11:55.554+0000] {dagbag.py:588} INFO - Filling up the DagBag from /home/airflow/.local/lib/python3.12/site-packages/airflow/example_dags/example_bash_operator.py
[2025-04-03T18:11:55.565+0000] {processor.py:925} INFO - DAG(s) 'example_bash_operator' retrieved from /home/airflow/.local/lib/python3.12/site-packages/airflow/example_dags/example_bash_operator.py
[2025-04-03T18:11:55.590+0000] {logging_mixin.py:190} INFO - [2025-04-03T18:11:55.590+0000] {dag.py:3239} INFO - Sync 1 DAGs
[2025-04-03T18:11:55.611+0000] {logging_mixin.py:190} INFO - [2025-04-03T18:11:55.611+0000] {dag.py:4180} INFO - Setting next_dagrun for example_bash_operator to 2025-04-02 00:00:00+00:00, run_after=2025-04-03 00:00:00+00:00
[2025-04-03T18:11:55.626+0000] {processor.py:208} INFO - Processing /home/airflow/.local/lib/python3.12/site-packages/airflow/example_dags/example_bash_operator.py took 0.084 seconds
[2025-04-03T18:12:26.048+0000] {processor.py:186} INFO - Started process (PID=2712) to work on /home/airflow/.local/lib/python3.12/site-packages/airflow/example_dags/example_bash_operator.py
[2025-04-03T18:12:26.049+0000] {processor.py:914} INFO - Processing file /home/airflow/.local/lib/python3.12/site-packages/airflow/example_dags/example_bash_operator.py for tasks to queue
[2025-04-03T18:12:26.052+0000] {logging_mixin.py:190} INFO - [2025-04-03T18:12:26.052+0000] {dagbag.py:588} INFO - Filling up the DagBag from /home/airflow/.local/lib/python3.12/site-packages/airflow/example_dags/example_bash_operator.py
[2025-04-03T18:12:26.063+0000] {processor.py:925} INFO - DAG(s) 'example_bash_operator' retrieved from /home/airflow/.local/lib/python3.12/site-packages/airflow/example_dags/example_bash_operator.py
[2025-04-03T18:12:26.089+0000] {logging_mixin.py:190} INFO - [2025-04-03T18:12:26.088+0000] {dag.py:3239} INFO - Sync 1 DAGs
[2025-04-03T18:12:26.110+0000] {logging_mixin.py:190} INFO - [2025-04-03T18:12:26.110+0000] {dag.py:4180} INFO - Setting next_dagrun for example_bash_operator to 2025-04-02 00:00:00+00:00, run_after=2025-04-03 00:00:00+00:00
[2025-04-03T18:12:26.123+0000] {processor.py:208} INFO - Processing /home/airflow/.local/lib/python3.12/site-packages/airflow/example_dags/example_bash_operator.py took 0.083 seconds
[2025-04-03T18:12:56.756+0000] {processor.py:186} INFO - Started process (PID=2777) to work on /home/airflow/.local/lib/python3.12/site-packages/airflow/example_dags/example_bash_operator.py
[2025-04-03T18:12:56.757+0000] {processor.py:914} INFO - Processing file /home/airflow/.local/lib/python3.12/site-packages/airflow/example_dags/example_bash_operator.py for tasks to queue
[2025-04-03T18:12:56.761+0000] {logging_mixin.py:190} INFO - [2025-04-03T18:12:56.760+0000] {dagbag.py:588} INFO - Filling up the DagBag from /home/airflow/.local/lib/python3.12/site-packages/airflow/example_dags/example_bash_operator.py
[2025-04-03T18:12:56.771+0000] {processor.py:925} INFO - DAG(s) 'example_bash_operator' retrieved from /home/airflow/.local/lib/python3.12/site-packages/airflow/example_dags/example_bash_operator.py
[2025-04-03T18:12:56.796+0000] {logging_mixin.py:190} INFO - [2025-04-03T18:12:56.796+0000] {dag.py:3239} INFO - Sync 1 DAGs
[2025-04-03T18:12:56.822+0000] {logging_mixin.py:190} INFO - [2025-04-03T18:12:56.821+0000] {dag.py:4180} INFO - Setting next_dagrun for example_bash_operator to 2025-04-02 00:00:00+00:00, run_after=2025-04-03 00:00:00+00:00
[2025-04-03T18:12:56.837+0000] {processor.py:208} INFO - Processing /home/airflow/.local/lib/python3.12/site-packages/airflow/example_dags/example_bash_operator.py took 0.089 seconds
[2025-04-03T18:13:27.457+0000] {processor.py:186} INFO - Started process (PID=2842) to work on /home/airflow/.local/lib/python3.12/site-packages/airflow/example_dags/example_bash_operator.py
[2025-04-03T18:13:27.458+0000] {processor.py:914} INFO - Processing file /home/airflow/.local/lib/python3.12/site-packages/airflow/example_dags/example_bash_operator.py for tasks to queue
[2025-04-03T18:13:27.461+0000] {logging_mixin.py:190} INFO - [2025-04-03T18:13:27.461+0000] {dagbag.py:588} INFO - Filling up the DagBag from /home/airflow/.local/lib/python3.12/site-packages/airflow/example_dags/example_bash_operator.py
[2025-04-03T18:13:27.471+0000] {processor.py:925} INFO - DAG(s) 'example_bash_operator' retrieved from /home/airflow/.local/lib/python3.12/site-packages/airflow/example_dags/example_bash_operator.py
[2025-04-03T18:13:27.495+0000] {logging_mixin.py:190} INFO - [2025-04-03T18:13:27.495+0000] {dag.py:3239} INFO - Sync 1 DAGs
[2025-04-03T18:13:27.516+0000] {logging_mixin.py:190} INFO - [2025-04-03T18:13:27.515+0000] {dag.py:4180} INFO - Setting next_dagrun for example_bash_operator to 2025-04-02 00:00:00+00:00, run_after=2025-04-03 00:00:00+00:00
[2025-04-03T18:13:27.529+0000] {processor.py:208} INFO - Processing /home/airflow/.local/lib/python3.12/site-packages/airflow/example_dags/example_bash_operator.py took 0.080 seconds
[2025-04-03T18:13:57.907+0000] {processor.py:186} INFO - Started process (PID=2907) to work on /home/airflow/.local/lib/python3.12/site-packages/airflow/example_dags/example_bash_operator.py
[2025-04-03T18:13:57.908+0000] {processor.py:914} INFO - Processing file /home/airflow/.local/lib/python3.12/site-packages/airflow/example_dags/example_bash_operator.py for tasks to queue
[2025-04-03T18:13:57.910+0000] {logging_mixin.py:190} INFO - [2025-04-03T18:13:57.910+0000] {dagbag.py:588} INFO - Filling up the DagBag from /home/airflow/.local/lib/python3.12/site-packages/airflow/example_dags/example_bash_operator.py
[2025-04-03T18:13:57.921+0000] {processor.py:925} INFO - DAG(s) 'example_bash_operator' retrieved from /home/airflow/.local/lib/python3.12/site-packages/airflow/example_dags/example_bash_operator.py
[2025-04-03T18:13:57.946+0000] {logging_mixin.py:190} INFO - [2025-04-03T18:13:57.945+0000] {dag.py:3239} INFO - Sync 1 DAGs
[2025-04-03T18:13:57.966+0000] {logging_mixin.py:190} INFO - [2025-04-03T18:13:57.966+0000] {dag.py:4180} INFO - Setting next_dagrun for example_bash_operator to 2025-04-02 00:00:00+00:00, run_after=2025-04-03 00:00:00+00:00
[2025-04-03T18:13:57.980+0000] {processor.py:208} INFO - Processing /home/airflow/.local/lib/python3.12/site-packages/airflow/example_dags/example_bash_operator.py took 0.078 seconds
[2025-04-03T18:14:28.444+0000] {processor.py:186} INFO - Started process (PID=2972) to work on /home/airflow/.local/lib/python3.12/site-packages/airflow/example_dags/example_bash_operator.py
[2025-04-03T18:14:28.445+0000] {processor.py:914} INFO - Processing file /home/airflow/.local/lib/python3.12/site-packages/airflow/example_dags/example_bash_operator.py for tasks to queue
[2025-04-03T18:14:28.448+0000] {logging_mixin.py:190} INFO - [2025-04-03T18:14:28.448+0000] {dagbag.py:588} INFO - Filling up the DagBag from /home/airflow/.local/lib/python3.12/site-packages/airflow/example_dags/example_bash_operator.py
[2025-04-03T18:14:28.459+0000] {processor.py:925} INFO - DAG(s) 'example_bash_operator' retrieved from /home/airflow/.local/lib/python3.12/site-packages/airflow/example_dags/example_bash_operator.py
[2025-04-03T18:14:28.484+0000] {logging_mixin.py:190} INFO - [2025-04-03T18:14:28.484+0000] {dag.py:3239} INFO - Sync 1 DAGs
[2025-04-03T18:14:28.505+0000] {logging_mixin.py:190} INFO - [2025-04-03T18:14:28.504+0000] {dag.py:4180} INFO - Setting next_dagrun for example_bash_operator to 2025-04-02 00:00:00+00:00, run_after=2025-04-03 00:00:00+00:00
[2025-04-03T18:14:28.517+0000] {processor.py:208} INFO - Processing /home/airflow/.local/lib/python3.12/site-packages/airflow/example_dags/example_bash_operator.py took 0.082 seconds
[2025-04-03T18:14:58.887+0000] {processor.py:186} INFO - Started process (PID=3037) to work on /home/airflow/.local/lib/python3.12/site-packages/airflow/example_dags/example_bash_operator.py
[2025-04-03T18:14:58.889+0000] {processor.py:914} INFO - Processing file /home/airflow/.local/lib/python3.12/site-packages/airflow/example_dags/example_bash_operator.py for tasks to queue
[2025-04-03T18:14:58.891+0000] {logging_mixin.py:190} INFO - [2025-04-03T18:14:58.891+0000] {dagbag.py:588} INFO - Filling up the DagBag from /home/airflow/.local/lib/python3.12/site-packages/airflow/example_dags/example_bash_operator.py
[2025-04-03T18:14:58.903+0000] {processor.py:925} INFO - DAG(s) 'example_bash_operator' retrieved from /home/airflow/.local/lib/python3.12/site-packages/airflow/example_dags/example_bash_operator.py
[2025-04-03T18:14:58.929+0000] {logging_mixin.py:190} INFO - [2025-04-03T18:14:58.929+0000] {dag.py:3239} INFO - Sync 1 DAGs
[2025-04-03T18:14:58.950+0000] {logging_mixin.py:190} INFO - [2025-04-03T18:14:58.949+0000] {dag.py:4180} INFO - Setting next_dagrun for example_bash_operator to 2025-04-02 00:00:00+00:00, run_after=2025-04-03 00:00:00+00:00
[2025-04-03T18:14:58.962+0000] {processor.py:208} INFO - Processing /home/airflow/.local/lib/python3.12/site-packages/airflow/example_dags/example_bash_operator.py took 0.080 seconds
[2025-04-03T18:15:29.531+0000] {processor.py:186} INFO - Started process (PID=3102) to work on /home/airflow/.local/lib/python3.12/site-packages/airflow/example_dags/example_bash_operator.py
[2025-04-03T18:15:29.532+0000] {processor.py:914} INFO - Processing file /home/airflow/.local/lib/python3.12/site-packages/airflow/example_dags/example_bash_operator.py for tasks to queue
[2025-04-03T18:15:29.535+0000] {logging_mixin.py:190} INFO - [2025-04-03T18:15:29.535+0000] {dagbag.py:588} INFO - Filling up the DagBag from /home/airflow/.local/lib/python3.12/site-packages/airflow/example_dags/example_bash_operator.py
[2025-04-03T18:15:29.546+0000] {processor.py:925} INFO - DAG(s) 'example_bash_operator' retrieved from /home/airflow/.local/lib/python3.12/site-packages/airflow/example_dags/example_bash_operator.py
[2025-04-03T18:15:29.571+0000] {logging_mixin.py:190} INFO - [2025-04-03T18:15:29.571+0000] {dag.py:3239} INFO - Sync 1 DAGs
[2025-04-03T18:15:29.593+0000] {logging_mixin.py:190} INFO - [2025-04-03T18:15:29.593+0000] {dag.py:4180} INFO - Setting next_dagrun for example_bash_operator to 2025-04-02 00:00:00+00:00, run_after=2025-04-03 00:00:00+00:00
[2025-04-03T18:15:29.607+0000] {processor.py:208} INFO - Processing /home/airflow/.local/lib/python3.12/site-packages/airflow/example_dags/example_bash_operator.py took 0.084 seconds
[2025-04-03T18:16:00.121+0000] {processor.py:186} INFO - Started process (PID=3167) to work on /home/airflow/.local/lib/python3.12/site-packages/airflow/example_dags/example_bash_operator.py
[2025-04-03T18:16:00.122+0000] {processor.py:914} INFO - Processing file /home/airflow/.local/lib/python3.12/site-packages/airflow/example_dags/example_bash_operator.py for tasks to queue
[2025-04-03T18:16:00.125+0000] {logging_mixin.py:190} INFO - [2025-04-03T18:16:00.125+0000] {dagbag.py:588} INFO - Filling up the DagBag from /home/airflow/.local/lib/python3.12/site-packages/airflow/example_dags/example_bash_operator.py
[2025-04-03T18:16:00.136+0000] {processor.py:925} INFO - DAG(s) 'example_bash_operator' retrieved from /home/airflow/.local/lib/python3.12/site-packages/airflow/example_dags/example_bash_operator.py
[2025-04-03T18:16:00.161+0000] {logging_mixin.py:190} INFO - [2025-04-03T18:16:00.161+0000] {dag.py:3239} INFO - Sync 1 DAGs
[2025-04-03T18:16:00.183+0000] {logging_mixin.py:190} INFO - [2025-04-03T18:16:00.183+0000] {dag.py:4180} INFO - Setting next_dagrun for example_bash_operator to 2025-04-02 00:00:00+00:00, run_after=2025-04-03 00:00:00+00:00
[2025-04-03T18:16:00.198+0000] {processor.py:208} INFO - Processing /home/airflow/.local/lib/python3.12/site-packages/airflow/example_dags/example_bash_operator.py took 0.085 seconds
[2025-04-03T18:16:30.525+0000] {processor.py:186} INFO - Started process (PID=3232) to work on /home/airflow/.local/lib/python3.12/site-packages/airflow/example_dags/example_bash_operator.py
[2025-04-03T18:16:30.525+0000] {processor.py:914} INFO - Processing file /home/airflow/.local/lib/python3.12/site-packages/airflow/example_dags/example_bash_operator.py for tasks to queue
[2025-04-03T18:16:30.527+0000] {logging_mixin.py:190} INFO - [2025-04-03T18:16:30.527+0000] {dagbag.py:588} INFO - Filling up the DagBag from /home/airflow/.local/lib/python3.12/site-packages/airflow/example_dags/example_bash_operator.py
[2025-04-03T18:16:30.537+0000] {processor.py:925} INFO - DAG(s) 'example_bash_operator' retrieved from /home/airflow/.local/lib/python3.12/site-packages/airflow/example_dags/example_bash_operator.py
[2025-04-03T18:16:30.560+0000] {logging_mixin.py:190} INFO - [2025-04-03T18:16:30.560+0000] {dag.py:3239} INFO - Sync 1 DAGs
[2025-04-03T18:16:30.581+0000] {logging_mixin.py:190} INFO - [2025-04-03T18:16:30.581+0000] {dag.py:4180} INFO - Setting next_dagrun for example_bash_operator to 2025-04-02 00:00:00+00:00, run_after=2025-04-03 00:00:00+00:00
[2025-04-03T18:16:30.595+0000] {processor.py:208} INFO - Processing /home/airflow/.local/lib/python3.12/site-packages/airflow/example_dags/example_bash_operator.py took 0.074 seconds
[2025-04-03T18:17:01.119+0000] {processor.py:186} INFO - Started process (PID=3297) to work on /home/airflow/.local/lib/python3.12/site-packages/airflow/example_dags/example_bash_operator.py
[2025-04-03T18:17:01.120+0000] {processor.py:914} INFO - Processing file /home/airflow/.local/lib/python3.12/site-packages/airflow/example_dags/example_bash_operator.py for tasks to queue
[2025-04-03T18:17:01.123+0000] {logging_mixin.py:190} INFO - [2025-04-03T18:17:01.122+0000] {dagbag.py:588} INFO - Filling up the DagBag from /home/airflow/.local/lib/python3.12/site-packages/airflow/example_dags/example_bash_operator.py
[2025-04-03T18:17:01.133+0000] {processor.py:925} INFO - DAG(s) 'example_bash_operator' retrieved from /home/airflow/.local/lib/python3.12/site-packages/airflow/example_dags/example_bash_operator.py
[2025-04-03T18:17:01.160+0000] {logging_mixin.py:190} INFO - [2025-04-03T18:17:01.159+0000] {dag.py:3239} INFO - Sync 1 DAGs
[2025-04-03T18:17:01.180+0000] {logging_mixin.py:190} INFO - [2025-04-03T18:17:01.179+0000] {dag.py:4180} INFO - Setting next_dagrun for example_bash_operator to 2025-04-02 00:00:00+00:00, run_after=2025-04-03 00:00:00+00:00
[2025-04-03T18:17:01.193+0000] {processor.py:208} INFO - Processing /home/airflow/.local/lib/python3.12/site-packages/airflow/example_dags/example_bash_operator.py took 0.083 seconds
[2025-04-03T18:17:31.642+0000] {processor.py:186} INFO - Started process (PID=3362) to work on /home/airflow/.local/lib/python3.12/site-packages/airflow/example_dags/example_bash_operator.py
[2025-04-03T18:17:31.643+0000] {processor.py:914} INFO - Processing file /home/airflow/.local/lib/python3.12/site-packages/airflow/example_dags/example_bash_operator.py for tasks to queue
[2025-04-03T18:17:31.646+0000] {logging_mixin.py:190} INFO - [2025-04-03T18:17:31.646+0000] {dagbag.py:588} INFO - Filling up the DagBag from /home/airflow/.local/lib/python3.12/site-packages/airflow/example_dags/example_bash_operator.py
[2025-04-03T18:17:31.656+0000] {processor.py:925} INFO - DAG(s) 'example_bash_operator' retrieved from /home/airflow/.local/lib/python3.12/site-packages/airflow/example_dags/example_bash_operator.py
[2025-04-03T18:17:31.680+0000] {logging_mixin.py:190} INFO - [2025-04-03T18:17:31.680+0000] {dag.py:3239} INFO - Sync 1 DAGs
[2025-04-03T18:17:31.701+0000] {logging_mixin.py:190} INFO - [2025-04-03T18:17:31.700+0000] {dag.py:4180} INFO - Setting next_dagrun for example_bash_operator to 2025-04-02 00:00:00+00:00, run_after=2025-04-03 00:00:00+00:00
[2025-04-03T18:17:31.714+0000] {processor.py:208} INFO - Processing /home/airflow/.local/lib/python3.12/site-packages/airflow/example_dags/example_bash_operator.py took 0.080 seconds
[2025-04-03T18:18:02.304+0000] {processor.py:186} INFO - Started process (PID=3427) to work on /home/airflow/.local/lib/python3.12/site-packages/airflow/example_dags/example_bash_operator.py
[2025-04-03T18:18:02.306+0000] {processor.py:914} INFO - Processing file /home/airflow/.local/lib/python3.12/site-packages/airflow/example_dags/example_bash_operator.py for tasks to queue
[2025-04-03T18:18:02.309+0000] {logging_mixin.py:190} INFO - [2025-04-03T18:18:02.308+0000] {dagbag.py:588} INFO - Filling up the DagBag from /home/airflow/.local/lib/python3.12/site-packages/airflow/example_dags/example_bash_operator.py
[2025-04-03T18:18:02.319+0000] {processor.py:925} INFO - DAG(s) 'example_bash_operator' retrieved from /home/airflow/.local/lib/python3.12/site-packages/airflow/example_dags/example_bash_operator.py
[2025-04-03T18:18:02.344+0000] {logging_mixin.py:190} INFO - [2025-04-03T18:18:02.344+0000] {dag.py:3239} INFO - Sync 1 DAGs
[2025-04-03T18:18:02.365+0000] {logging_mixin.py:190} INFO - [2025-04-03T18:18:02.365+0000] {dag.py:4180} INFO - Setting next_dagrun for example_bash_operator to 2025-04-02 00:00:00+00:00, run_after=2025-04-03 00:00:00+00:00
[2025-04-03T18:18:02.379+0000] {processor.py:208} INFO - Processing /home/airflow/.local/lib/python3.12/site-packages/airflow/example_dags/example_bash_operator.py took 0.082 seconds
[2025-04-03T18:18:32.879+0000] {processor.py:186} INFO - Started process (PID=3492) to work on /home/airflow/.local/lib/python3.12/site-packages/airflow/example_dags/example_bash_operator.py
[2025-04-03T18:18:32.881+0000] {processor.py:914} INFO - Processing file /home/airflow/.local/lib/python3.12/site-packages/airflow/example_dags/example_bash_operator.py for tasks to queue
[2025-04-03T18:18:32.884+0000] {logging_mixin.py:190} INFO - [2025-04-03T18:18:32.883+0000] {dagbag.py:588} INFO - Filling up the DagBag from /home/airflow/.local/lib/python3.12/site-packages/airflow/example_dags/example_bash_operator.py
[2025-04-03T18:18:32.894+0000] {processor.py:925} INFO - DAG(s) 'example_bash_operator' retrieved from /home/airflow/.local/lib/python3.12/site-packages/airflow/example_dags/example_bash_operator.py
[2025-04-03T18:18:32.919+0000] {logging_mixin.py:190} INFO - [2025-04-03T18:18:32.918+0000] {dag.py:3239} INFO - Sync 1 DAGs
[2025-04-03T18:18:32.939+0000] {logging_mixin.py:190} INFO - [2025-04-03T18:18:32.939+0000] {dag.py:4180} INFO - Setting next_dagrun for example_bash_operator to 2025-04-02 00:00:00+00:00, run_after=2025-04-03 00:00:00+00:00
[2025-04-03T18:18:32.952+0000] {processor.py:208} INFO - Processing /home/airflow/.local/lib/python3.12/site-packages/airflow/example_dags/example_bash_operator.py took 0.081 seconds
[2025-04-03T18:19:03.391+0000] {processor.py:186} INFO - Started process (PID=3557) to work on /home/airflow/.local/lib/python3.12/site-packages/airflow/example_dags/example_bash_operator.py
[2025-04-03T18:19:03.392+0000] {processor.py:914} INFO - Processing file /home/airflow/.local/lib/python3.12/site-packages/airflow/example_dags/example_bash_operator.py for tasks to queue
[2025-04-03T18:19:03.394+0000] {logging_mixin.py:190} INFO - [2025-04-03T18:19:03.394+0000] {dagbag.py:588} INFO - Filling up the DagBag from /home/airflow/.local/lib/python3.12/site-packages/airflow/example_dags/example_bash_operator.py
[2025-04-03T18:19:03.405+0000] {processor.py:925} INFO - DAG(s) 'example_bash_operator' retrieved from /home/airflow/.local/lib/python3.12/site-packages/airflow/example_dags/example_bash_operator.py
[2025-04-03T18:19:03.428+0000] {logging_mixin.py:190} INFO - [2025-04-03T18:19:03.428+0000] {dag.py:3239} INFO - Sync 1 DAGs
[2025-04-03T18:19:03.448+0000] {logging_mixin.py:190} INFO - [2025-04-03T18:19:03.447+0000] {dag.py:4180} INFO - Setting next_dagrun for example_bash_operator to 2025-04-02 00:00:00+00:00, run_after=2025-04-03 00:00:00+00:00
[2025-04-03T18:19:03.459+0000] {processor.py:208} INFO - Processing /home/airflow/.local/lib/python3.12/site-packages/airflow/example_dags/example_bash_operator.py took 0.073 seconds
[2025-04-03T18:19:33.897+0000] {processor.py:186} INFO - Started process (PID=3622) to work on /home/airflow/.local/lib/python3.12/site-packages/airflow/example_dags/example_bash_operator.py
[2025-04-03T18:19:33.898+0000] {processor.py:914} INFO - Processing file /home/airflow/.local/lib/python3.12/site-packages/airflow/example_dags/example_bash_operator.py for tasks to queue
[2025-04-03T18:19:33.901+0000] {logging_mixin.py:190} INFO - [2025-04-03T18:19:33.901+0000] {dagbag.py:588} INFO - Filling up the DagBag from /home/airflow/.local/lib/python3.12/site-packages/airflow/example_dags/example_bash_operator.py
[2025-04-03T18:19:33.911+0000] {processor.py:925} INFO - DAG(s) 'example_bash_operator' retrieved from /home/airflow/.local/lib/python3.12/site-packages/airflow/example_dags/example_bash_operator.py
[2025-04-03T18:19:33.936+0000] {logging_mixin.py:190} INFO - [2025-04-03T18:19:33.936+0000] {dag.py:3239} INFO - Sync 1 DAGs
[2025-04-03T18:19:33.957+0000] {logging_mixin.py:190} INFO - [2025-04-03T18:19:33.957+0000] {dag.py:4180} INFO - Setting next_dagrun for example_bash_operator to 2025-04-02 00:00:00+00:00, run_after=2025-04-03 00:00:00+00:00
[2025-04-03T18:19:33.970+0000] {processor.py:208} INFO - Processing /home/airflow/.local/lib/python3.12/site-packages/airflow/example_dags/example_bash_operator.py took 0.081 seconds
[2025-04-03T18:20:04.489+0000] {processor.py:186} INFO - Started process (PID=3687) to work on /home/airflow/.local/lib/python3.12/site-packages/airflow/example_dags/example_bash_operator.py
[2025-04-03T18:20:04.491+0000] {processor.py:914} INFO - Processing file /home/airflow/.local/lib/python3.12/site-packages/airflow/example_dags/example_bash_operator.py for tasks to queue
[2025-04-03T18:20:04.493+0000] {logging_mixin.py:190} INFO - [2025-04-03T18:20:04.493+0000] {dagbag.py:588} INFO - Filling up the DagBag from /home/airflow/.local/lib/python3.12/site-packages/airflow/example_dags/example_bash_operator.py
[2025-04-03T18:20:04.503+0000] {processor.py:925} INFO - DAG(s) 'example_bash_operator' retrieved from /home/airflow/.local/lib/python3.12/site-packages/airflow/example_dags/example_bash_operator.py
[2025-04-03T18:20:04.526+0000] {logging_mixin.py:190} INFO - [2025-04-03T18:20:04.526+0000] {dag.py:3239} INFO - Sync 1 DAGs
[2025-04-03T18:20:04.546+0000] {logging_mixin.py:190} INFO - [2025-04-03T18:20:04.546+0000] {dag.py:4180} INFO - Setting next_dagrun for example_bash_operator to 2025-04-02 00:00:00+00:00, run_after=2025-04-03 00:00:00+00:00
[2025-04-03T18:20:04.560+0000] {processor.py:208} INFO - Processing /home/airflow/.local/lib/python3.12/site-packages/airflow/example_dags/example_bash_operator.py took 0.079 seconds
[2025-04-03T18:20:34.960+0000] {processor.py:186} INFO - Started process (PID=3752) to work on /home/airflow/.local/lib/python3.12/site-packages/airflow/example_dags/example_bash_operator.py
[2025-04-03T18:20:34.962+0000] {processor.py:914} INFO - Processing file /home/airflow/.local/lib/python3.12/site-packages/airflow/example_dags/example_bash_operator.py for tasks to queue
[2025-04-03T18:20:34.965+0000] {logging_mixin.py:190} INFO - [2025-04-03T18:20:34.964+0000] {dagbag.py:588} INFO - Filling up the DagBag from /home/airflow/.local/lib/python3.12/site-packages/airflow/example_dags/example_bash_operator.py
[2025-04-03T18:20:34.976+0000] {processor.py:925} INFO - DAG(s) 'example_bash_operator' retrieved from /home/airflow/.local/lib/python3.12/site-packages/airflow/example_dags/example_bash_operator.py
[2025-04-03T18:20:35.002+0000] {logging_mixin.py:190} INFO - [2025-04-03T18:20:35.002+0000] {dag.py:3239} INFO - Sync 1 DAGs
[2025-04-03T18:20:35.023+0000] {logging_mixin.py:190} INFO - [2025-04-03T18:20:35.023+0000] {dag.py:4180} INFO - Setting next_dagrun for example_bash_operator to 2025-04-02 00:00:00+00:00, run_after=2025-04-03 00:00:00+00:00
[2025-04-03T18:20:35.037+0000] {processor.py:208} INFO - Processing /home/airflow/.local/lib/python3.12/site-packages/airflow/example_dags/example_bash_operator.py took 0.085 seconds
[2025-04-03T18:21:05.321+0000] {processor.py:186} INFO - Started process (PID=3817) to work on /home/airflow/.local/lib/python3.12/site-packages/airflow/example_dags/example_bash_operator.py
[2025-04-03T18:21:05.322+0000] {processor.py:914} INFO - Processing file /home/airflow/.local/lib/python3.12/site-packages/airflow/example_dags/example_bash_operator.py for tasks to queue
[2025-04-03T18:21:05.323+0000] {logging_mixin.py:190} INFO - [2025-04-03T18:21:05.323+0000] {dagbag.py:588} INFO - Filling up the DagBag from /home/airflow/.local/lib/python3.12/site-packages/airflow/example_dags/example_bash_operator.py
[2025-04-03T18:21:05.336+0000] {processor.py:925} INFO - DAG(s) 'example_bash_operator' retrieved from /home/airflow/.local/lib/python3.12/site-packages/airflow/example_dags/example_bash_operator.py
[2025-04-03T18:21:05.363+0000] {logging_mixin.py:190} INFO - [2025-04-03T18:21:05.363+0000] {dag.py:3239} INFO - Sync 1 DAGs
[2025-04-03T18:21:05.386+0000] {logging_mixin.py:190} INFO - [2025-04-03T18:21:05.385+0000] {dag.py:4180} INFO - Setting next_dagrun for example_bash_operator to 2025-04-02 00:00:00+00:00, run_after=2025-04-03 00:00:00+00:00
[2025-04-03T18:21:05.400+0000] {processor.py:208} INFO - Processing /home/airflow/.local/lib/python3.12/site-packages/airflow/example_dags/example_bash_operator.py took 0.083 seconds
[2025-04-03T18:21:35.797+0000] {processor.py:186} INFO - Started process (PID=3882) to work on /home/airflow/.local/lib/python3.12/site-packages/airflow/example_dags/example_bash_operator.py
[2025-04-03T18:21:35.798+0000] {processor.py:914} INFO - Processing file /home/airflow/.local/lib/python3.12/site-packages/airflow/example_dags/example_bash_operator.py for tasks to queue
[2025-04-03T18:21:35.801+0000] {logging_mixin.py:190} INFO - [2025-04-03T18:21:35.800+0000] {dagbag.py:588} INFO - Filling up the DagBag from /home/airflow/.local/lib/python3.12/site-packages/airflow/example_dags/example_bash_operator.py
[2025-04-03T18:21:35.812+0000] {processor.py:925} INFO - DAG(s) 'example_bash_operator' retrieved from /home/airflow/.local/lib/python3.12/site-packages/airflow/example_dags/example_bash_operator.py
[2025-04-03T18:21:35.835+0000] {logging_mixin.py:190} INFO - [2025-04-03T18:21:35.835+0000] {dag.py:3239} INFO - Sync 1 DAGs
[2025-04-03T18:21:35.858+0000] {logging_mixin.py:190} INFO - [2025-04-03T18:21:35.858+0000] {dag.py:4180} INFO - Setting next_dagrun for example_bash_operator to 2025-04-02 00:00:00+00:00, run_after=2025-04-03 00:00:00+00:00
[2025-04-03T18:21:35.873+0000] {processor.py:208} INFO - Processing /home/airflow/.local/lib/python3.12/site-packages/airflow/example_dags/example_bash_operator.py took 0.084 seconds
[2025-04-03T18:22:06.398+0000] {processor.py:186} INFO - Started process (PID=3947) to work on /home/airflow/.local/lib/python3.12/site-packages/airflow/example_dags/example_bash_operator.py
[2025-04-03T18:22:06.399+0000] {processor.py:914} INFO - Processing file /home/airflow/.local/lib/python3.12/site-packages/airflow/example_dags/example_bash_operator.py for tasks to queue
[2025-04-03T18:22:06.402+0000] {logging_mixin.py:190} INFO - [2025-04-03T18:22:06.402+0000] {dagbag.py:588} INFO - Filling up the DagBag from /home/airflow/.local/lib/python3.12/site-packages/airflow/example_dags/example_bash_operator.py
[2025-04-03T18:22:06.413+0000] {processor.py:925} INFO - DAG(s) 'example_bash_operator' retrieved from /home/airflow/.local/lib/python3.12/site-packages/airflow/example_dags/example_bash_operator.py
[2025-04-03T18:22:06.437+0000] {logging_mixin.py:190} INFO - [2025-04-03T18:22:06.437+0000] {dag.py:3239} INFO - Sync 1 DAGs
[2025-04-03T18:22:06.458+0000] {logging_mixin.py:190} INFO - [2025-04-03T18:22:06.458+0000] {dag.py:4180} INFO - Setting next_dagrun for example_bash_operator to 2025-04-02 00:00:00+00:00, run_after=2025-04-03 00:00:00+00:00
[2025-04-03T18:22:06.470+0000] {processor.py:208} INFO - Processing /home/airflow/.local/lib/python3.12/site-packages/airflow/example_dags/example_bash_operator.py took 0.080 seconds
[2025-04-03T18:22:36.792+0000] {processor.py:186} INFO - Started process (PID=4012) to work on /home/airflow/.local/lib/python3.12/site-packages/airflow/example_dags/example_bash_operator.py
[2025-04-03T18:22:36.793+0000] {processor.py:914} INFO - Processing file /home/airflow/.local/lib/python3.12/site-packages/airflow/example_dags/example_bash_operator.py for tasks to queue
[2025-04-03T18:22:36.796+0000] {logging_mixin.py:190} INFO - [2025-04-03T18:22:36.796+0000] {dagbag.py:588} INFO - Filling up the DagBag from /home/airflow/.local/lib/python3.12/site-packages/airflow/example_dags/example_bash_operator.py
[2025-04-03T18:22:36.806+0000] {processor.py:925} INFO - DAG(s) 'example_bash_operator' retrieved from /home/airflow/.local/lib/python3.12/site-packages/airflow/example_dags/example_bash_operator.py
[2025-04-03T18:22:36.832+0000] {logging_mixin.py:190} INFO - [2025-04-03T18:22:36.831+0000] {dag.py:3239} INFO - Sync 1 DAGs
[2025-04-03T18:22:36.854+0000] {logging_mixin.py:190} INFO - [2025-04-03T18:22:36.853+0000] {dag.py:4180} INFO - Setting next_dagrun for example_bash_operator to 2025-04-02 00:00:00+00:00, run_after=2025-04-03 00:00:00+00:00
[2025-04-03T18:22:36.868+0000] {processor.py:208} INFO - Processing /home/airflow/.local/lib/python3.12/site-packages/airflow/example_dags/example_bash_operator.py took 0.086 seconds
[2025-04-03T18:23:07.203+0000] {processor.py:186} INFO - Started process (PID=4077) to work on /home/airflow/.local/lib/python3.12/site-packages/airflow/example_dags/example_bash_operator.py
[2025-04-03T18:23:07.204+0000] {processor.py:914} INFO - Processing file /home/airflow/.local/lib/python3.12/site-packages/airflow/example_dags/example_bash_operator.py for tasks to queue
[2025-04-03T18:23:07.207+0000] {logging_mixin.py:190} INFO - [2025-04-03T18:23:07.206+0000] {dagbag.py:588} INFO - Filling up the DagBag from /home/airflow/.local/lib/python3.12/site-packages/airflow/example_dags/example_bash_operator.py
[2025-04-03T18:23:07.217+0000] {processor.py:925} INFO - DAG(s) 'example_bash_operator' retrieved from /home/airflow/.local/lib/python3.12/site-packages/airflow/example_dags/example_bash_operator.py
[2025-04-03T18:23:07.242+0000] {logging_mixin.py:190} INFO - [2025-04-03T18:23:07.242+0000] {dag.py:3239} INFO - Sync 1 DAGs
[2025-04-03T18:23:07.263+0000] {logging_mixin.py:190} INFO - [2025-04-03T18:23:07.263+0000] {dag.py:4180} INFO - Setting next_dagrun for example_bash_operator to 2025-04-02 00:00:00+00:00, run_after=2025-04-03 00:00:00+00:00
[2025-04-03T18:23:07.276+0000] {processor.py:208} INFO - Processing /home/airflow/.local/lib/python3.12/site-packages/airflow/example_dags/example_bash_operator.py took 0.081 seconds
[2025-04-03T18:23:37.806+0000] {processor.py:186} INFO - Started process (PID=4142) to work on /home/airflow/.local/lib/python3.12/site-packages/airflow/example_dags/example_bash_operator.py
[2025-04-03T18:23:37.807+0000] {processor.py:914} INFO - Processing file /home/airflow/.local/lib/python3.12/site-packages/airflow/example_dags/example_bash_operator.py for tasks to queue
[2025-04-03T18:23:37.810+0000] {logging_mixin.py:190} INFO - [2025-04-03T18:23:37.809+0000] {dagbag.py:588} INFO - Filling up the DagBag from /home/airflow/.local/lib/python3.12/site-packages/airflow/example_dags/example_bash_operator.py
[2025-04-03T18:23:37.820+0000] {processor.py:925} INFO - DAG(s) 'example_bash_operator' retrieved from /home/airflow/.local/lib/python3.12/site-packages/airflow/example_dags/example_bash_operator.py
[2025-04-03T18:23:37.845+0000] {logging_mixin.py:190} INFO - [2025-04-03T18:23:37.844+0000] {dag.py:3239} INFO - Sync 1 DAGs
[2025-04-03T18:23:37.864+0000] {logging_mixin.py:190} INFO - [2025-04-03T18:23:37.864+0000] {dag.py:4180} INFO - Setting next_dagrun for example_bash_operator to 2025-04-02 00:00:00+00:00, run_after=2025-04-03 00:00:00+00:00
[2025-04-03T18:23:37.877+0000] {processor.py:208} INFO - Processing /home/airflow/.local/lib/python3.12/site-packages/airflow/example_dags/example_bash_operator.py took 0.079 seconds
[2025-04-03T18:24:08.240+0000] {processor.py:186} INFO - Started process (PID=4207) to work on /home/airflow/.local/lib/python3.12/site-packages/airflow/example_dags/example_bash_operator.py
[2025-04-03T18:24:08.241+0000] {processor.py:914} INFO - Processing file /home/airflow/.local/lib/python3.12/site-packages/airflow/example_dags/example_bash_operator.py for tasks to queue
[2025-04-03T18:24:08.244+0000] {logging_mixin.py:190} INFO - [2025-04-03T18:24:08.244+0000] {dagbag.py:588} INFO - Filling up the DagBag from /home/airflow/.local/lib/python3.12/site-packages/airflow/example_dags/example_bash_operator.py
[2025-04-03T18:24:08.255+0000] {processor.py:925} INFO - DAG(s) 'example_bash_operator' retrieved from /home/airflow/.local/lib/python3.12/site-packages/airflow/example_dags/example_bash_operator.py
[2025-04-03T18:24:08.280+0000] {logging_mixin.py:190} INFO - [2025-04-03T18:24:08.280+0000] {dag.py:3239} INFO - Sync 1 DAGs
[2025-04-03T18:24:08.301+0000] {logging_mixin.py:190} INFO - [2025-04-03T18:24:08.301+0000] {dag.py:4180} INFO - Setting next_dagrun for example_bash_operator to 2025-04-02 00:00:00+00:00, run_after=2025-04-03 00:00:00+00:00
[2025-04-03T18:24:08.314+0000] {processor.py:208} INFO - Processing /home/airflow/.local/lib/python3.12/site-packages/airflow/example_dags/example_bash_operator.py took 0.082 seconds
[2025-04-03T18:24:38.705+0000] {processor.py:186} INFO - Started process (PID=4272) to work on /home/airflow/.local/lib/python3.12/site-packages/airflow/example_dags/example_bash_operator.py
[2025-04-03T18:24:38.707+0000] {processor.py:914} INFO - Processing file /home/airflow/.local/lib/python3.12/site-packages/airflow/example_dags/example_bash_operator.py for tasks to queue
[2025-04-03T18:24:38.710+0000] {logging_mixin.py:190} INFO - [2025-04-03T18:24:38.709+0000] {dagbag.py:588} INFO - Filling up the DagBag from /home/airflow/.local/lib/python3.12/site-packages/airflow/example_dags/example_bash_operator.py
[2025-04-03T18:24:38.720+0000] {processor.py:925} INFO - DAG(s) 'example_bash_operator' retrieved from /home/airflow/.local/lib/python3.12/site-packages/airflow/example_dags/example_bash_operator.py
[2025-04-03T18:24:38.745+0000] {logging_mixin.py:190} INFO - [2025-04-03T18:24:38.745+0000] {dag.py:3239} INFO - Sync 1 DAGs
[2025-04-03T18:24:38.768+0000] {logging_mixin.py:190} INFO - [2025-04-03T18:24:38.768+0000] {dag.py:4180} INFO - Setting next_dagrun for example_bash_operator to 2025-04-02 00:00:00+00:00, run_after=2025-04-03 00:00:00+00:00
[2025-04-03T18:24:38.781+0000] {processor.py:208} INFO - Processing /home/airflow/.local/lib/python3.12/site-packages/airflow/example_dags/example_bash_operator.py took 0.084 seconds
[2025-04-03T22:05:29.957+0000] {processor.py:186} INFO - Started process (PID=108) to work on /home/airflow/.local/lib/python3.12/site-packages/airflow/example_dags/example_bash_operator.py
[2025-04-03T22:05:29.962+0000] {processor.py:914} INFO - Processing file /home/airflow/.local/lib/python3.12/site-packages/airflow/example_dags/example_bash_operator.py for tasks to queue
[2025-04-03T22:05:29.965+0000] {logging_mixin.py:190} INFO - [2025-04-03T22:05:29.965+0000] {dagbag.py:588} INFO - Filling up the DagBag from /home/airflow/.local/lib/python3.12/site-packages/airflow/example_dags/example_bash_operator.py
[2025-04-03T22:05:29.991+0000] {processor.py:925} INFO - DAG(s) 'example_bash_operator' retrieved from /home/airflow/.local/lib/python3.12/site-packages/airflow/example_dags/example_bash_operator.py
[2025-04-03T22:05:30.054+0000] {logging_mixin.py:190} INFO - [2025-04-03T22:05:30.053+0000] {dag.py:3239} INFO - Sync 1 DAGs
[2025-04-03T22:05:30.092+0000] {logging_mixin.py:190} INFO - [2025-04-03T22:05:30.091+0000] {dag.py:4180} INFO - Setting next_dagrun for example_bash_operator to 2025-04-02 00:00:00+00:00, run_after=2025-04-03 00:00:00+00:00
[2025-04-03T22:05:30.127+0000] {processor.py:208} INFO - Processing /home/airflow/.local/lib/python3.12/site-packages/airflow/example_dags/example_bash_operator.py took 0.178 seconds
[2025-04-03T22:06:01.073+0000] {processor.py:186} INFO - Started process (PID=179) to work on /home/airflow/.local/lib/python3.12/site-packages/airflow/example_dags/example_bash_operator.py
[2025-04-03T22:06:01.076+0000] {processor.py:914} INFO - Processing file /home/airflow/.local/lib/python3.12/site-packages/airflow/example_dags/example_bash_operator.py for tasks to queue
[2025-04-03T22:06:01.079+0000] {logging_mixin.py:190} INFO - [2025-04-03T22:06:01.079+0000] {dagbag.py:588} INFO - Filling up the DagBag from /home/airflow/.local/lib/python3.12/site-packages/airflow/example_dags/example_bash_operator.py
[2025-04-03T22:06:01.092+0000] {processor.py:925} INFO - DAG(s) 'example_bash_operator' retrieved from /home/airflow/.local/lib/python3.12/site-packages/airflow/example_dags/example_bash_operator.py
[2025-04-03T22:06:01.117+0000] {logging_mixin.py:190} INFO - [2025-04-03T22:06:01.117+0000] {dag.py:3239} INFO - Sync 1 DAGs
[2025-04-03T22:06:01.140+0000] {logging_mixin.py:190} INFO - [2025-04-03T22:06:01.140+0000] {dag.py:4180} INFO - Setting next_dagrun for example_bash_operator to 2025-04-02 00:00:00+00:00, run_after=2025-04-03 00:00:00+00:00
[2025-04-03T22:06:01.155+0000] {processor.py:208} INFO - Processing /home/airflow/.local/lib/python3.12/site-packages/airflow/example_dags/example_bash_operator.py took 0.089 seconds
[2025-04-03T22:06:31.340+0000] {processor.py:186} INFO - Started process (PID=244) to work on /home/airflow/.local/lib/python3.12/site-packages/airflow/example_dags/example_bash_operator.py
[2025-04-03T22:06:31.341+0000] {processor.py:914} INFO - Processing file /home/airflow/.local/lib/python3.12/site-packages/airflow/example_dags/example_bash_operator.py for tasks to queue
[2025-04-03T22:06:31.344+0000] {logging_mixin.py:190} INFO - [2025-04-03T22:06:31.343+0000] {dagbag.py:588} INFO - Filling up the DagBag from /home/airflow/.local/lib/python3.12/site-packages/airflow/example_dags/example_bash_operator.py
[2025-04-03T22:06:31.354+0000] {processor.py:925} INFO - DAG(s) 'example_bash_operator' retrieved from /home/airflow/.local/lib/python3.12/site-packages/airflow/example_dags/example_bash_operator.py
[2025-04-03T22:06:31.379+0000] {logging_mixin.py:190} INFO - [2025-04-03T22:06:31.379+0000] {dag.py:3239} INFO - Sync 1 DAGs
[2025-04-03T22:06:31.399+0000] {logging_mixin.py:190} INFO - [2025-04-03T22:06:31.398+0000] {dag.py:4180} INFO - Setting next_dagrun for example_bash_operator to 2025-04-02 00:00:00+00:00, run_after=2025-04-03 00:00:00+00:00
[2025-04-03T22:06:31.411+0000] {processor.py:208} INFO - Processing /home/airflow/.local/lib/python3.12/site-packages/airflow/example_dags/example_bash_operator.py took 0.078 seconds
[2025-04-03T22:07:01.845+0000] {processor.py:186} INFO - Started process (PID=309) to work on /home/airflow/.local/lib/python3.12/site-packages/airflow/example_dags/example_bash_operator.py
[2025-04-03T22:07:01.848+0000] {processor.py:914} INFO - Processing file /home/airflow/.local/lib/python3.12/site-packages/airflow/example_dags/example_bash_operator.py for tasks to queue
[2025-04-03T22:07:01.852+0000] {logging_mixin.py:190} INFO - [2025-04-03T22:07:01.851+0000] {dagbag.py:588} INFO - Filling up the DagBag from /home/airflow/.local/lib/python3.12/site-packages/airflow/example_dags/example_bash_operator.py
[2025-04-03T22:07:01.864+0000] {processor.py:925} INFO - DAG(s) 'example_bash_operator' retrieved from /home/airflow/.local/lib/python3.12/site-packages/airflow/example_dags/example_bash_operator.py
[2025-04-03T22:07:01.889+0000] {logging_mixin.py:190} INFO - [2025-04-03T22:07:01.889+0000] {dag.py:3239} INFO - Sync 1 DAGs
[2025-04-03T22:07:01.911+0000] {logging_mixin.py:190} INFO - [2025-04-03T22:07:01.911+0000] {dag.py:4180} INFO - Setting next_dagrun for example_bash_operator to 2025-04-02 00:00:00+00:00, run_after=2025-04-03 00:00:00+00:00
[2025-04-03T22:07:01.924+0000] {processor.py:208} INFO - Processing /home/airflow/.local/lib/python3.12/site-packages/airflow/example_dags/example_bash_operator.py took 0.086 seconds
[2025-04-03T22:07:32.319+0000] {processor.py:186} INFO - Started process (PID=374) to work on /home/airflow/.local/lib/python3.12/site-packages/airflow/example_dags/example_bash_operator.py
[2025-04-03T22:07:32.320+0000] {processor.py:914} INFO - Processing file /home/airflow/.local/lib/python3.12/site-packages/airflow/example_dags/example_bash_operator.py for tasks to queue
[2025-04-03T22:07:32.323+0000] {logging_mixin.py:190} INFO - [2025-04-03T22:07:32.322+0000] {dagbag.py:588} INFO - Filling up the DagBag from /home/airflow/.local/lib/python3.12/site-packages/airflow/example_dags/example_bash_operator.py
[2025-04-03T22:07:32.332+0000] {processor.py:925} INFO - DAG(s) 'example_bash_operator' retrieved from /home/airflow/.local/lib/python3.12/site-packages/airflow/example_dags/example_bash_operator.py
[2025-04-03T22:07:32.357+0000] {logging_mixin.py:190} INFO - [2025-04-03T22:07:32.357+0000] {dag.py:3239} INFO - Sync 1 DAGs
[2025-04-03T22:07:32.377+0000] {logging_mixin.py:190} INFO - [2025-04-03T22:07:32.376+0000] {dag.py:4180} INFO - Setting next_dagrun for example_bash_operator to 2025-04-02 00:00:00+00:00, run_after=2025-04-03 00:00:00+00:00
[2025-04-03T22:07:32.389+0000] {processor.py:208} INFO - Processing /home/airflow/.local/lib/python3.12/site-packages/airflow/example_dags/example_bash_operator.py took 0.077 seconds
[2025-04-03T22:08:02.753+0000] {processor.py:186} INFO - Started process (PID=439) to work on /home/airflow/.local/lib/python3.12/site-packages/airflow/example_dags/example_bash_operator.py
[2025-04-03T22:08:02.756+0000] {processor.py:914} INFO - Processing file /home/airflow/.local/lib/python3.12/site-packages/airflow/example_dags/example_bash_operator.py for tasks to queue
[2025-04-03T22:08:02.759+0000] {logging_mixin.py:190} INFO - [2025-04-03T22:08:02.759+0000] {dagbag.py:588} INFO - Filling up the DagBag from /home/airflow/.local/lib/python3.12/site-packages/airflow/example_dags/example_bash_operator.py
[2025-04-03T22:08:02.771+0000] {processor.py:925} INFO - DAG(s) 'example_bash_operator' retrieved from /home/airflow/.local/lib/python3.12/site-packages/airflow/example_dags/example_bash_operator.py
[2025-04-03T22:08:02.795+0000] {logging_mixin.py:190} INFO - [2025-04-03T22:08:02.795+0000] {dag.py:3239} INFO - Sync 1 DAGs
[2025-04-03T22:08:02.814+0000] {logging_mixin.py:190} INFO - [2025-04-03T22:08:02.814+0000] {dag.py:4180} INFO - Setting next_dagrun for example_bash_operator to 2025-04-02 00:00:00+00:00, run_after=2025-04-03 00:00:00+00:00
[2025-04-03T22:08:02.826+0000] {processor.py:208} INFO - Processing /home/airflow/.local/lib/python3.12/site-packages/airflow/example_dags/example_bash_operator.py took 0.081 seconds
[2025-04-03T22:08:33.306+0000] {processor.py:186} INFO - Started process (PID=504) to work on /home/airflow/.local/lib/python3.12/site-packages/airflow/example_dags/example_bash_operator.py
[2025-04-03T22:08:33.309+0000] {processor.py:914} INFO - Processing file /home/airflow/.local/lib/python3.12/site-packages/airflow/example_dags/example_bash_operator.py for tasks to queue
[2025-04-03T22:08:33.312+0000] {logging_mixin.py:190} INFO - [2025-04-03T22:08:33.312+0000] {dagbag.py:588} INFO - Filling up the DagBag from /home/airflow/.local/lib/python3.12/site-packages/airflow/example_dags/example_bash_operator.py
[2025-04-03T22:08:33.324+0000] {processor.py:925} INFO - DAG(s) 'example_bash_operator' retrieved from /home/airflow/.local/lib/python3.12/site-packages/airflow/example_dags/example_bash_operator.py
[2025-04-03T22:08:33.349+0000] {logging_mixin.py:190} INFO - [2025-04-03T22:08:33.349+0000] {dag.py:3239} INFO - Sync 1 DAGs
[2025-04-03T22:08:33.369+0000] {logging_mixin.py:190} INFO - [2025-04-03T22:08:33.368+0000] {dag.py:4180} INFO - Setting next_dagrun for example_bash_operator to 2025-04-02 00:00:00+00:00, run_after=2025-04-03 00:00:00+00:00
[2025-04-03T22:08:33.381+0000] {processor.py:208} INFO - Processing /home/airflow/.local/lib/python3.12/site-packages/airflow/example_dags/example_bash_operator.py took 0.083 seconds
