[2025-04-10T22:55:33.679+0000] {local_task_job_runner.py:123} INFO - ::group::Pre task execution logs
[2025-04-10T22:55:33.701+0000] {taskinstance.py:2614} INFO - Dependencies all met for dep_context=non-requeueable deps ti=<TaskInstance: meta_ads_elt_pipeline.dbt_processing.data_transformations.meta_ads_ads_run manual__2025-04-10T22:54:25.508480+00:00 [queued]>
[2025-04-10T22:55:33.710+0000] {taskinstance.py:2614} INFO - Dependencies all met for dep_context=requeueable deps ti=<TaskInstance: meta_ads_elt_pipeline.dbt_processing.data_transformations.meta_ads_ads_run manual__2025-04-10T22:54:25.508480+00:00 [queued]>
[2025-04-10T22:55:33.711+0000] {taskinstance.py:2867} INFO - Starting attempt 1 of 3
[2025-04-10T22:55:33.727+0000] {taskinstance.py:2890} INFO - Executing <Task(DbtRunLocalOperator): dbt_processing.data_transformations.meta_ads_ads_run> on 2025-04-10 22:54:25.508480+00:00
[2025-04-10T22:55:33.742+0000] {warnings.py:112} WARNING - /home/***/.local/lib/python3.12/site-packages/***/task/task_runner/standard_task_runner.py:70: DeprecationWarning: This process (pid=3465) is multi-threaded, use of fork() may lead to deadlocks in the child.
  pid = os.fork()

[2025-04-10T22:55:33.743+0000] {standard_task_runner.py:72} INFO - Started process 3472 to run task
[2025-04-10T22:55:33.745+0000] {standard_task_runner.py:104} INFO - Running: ['***', 'tasks', 'run', 'meta_ads_elt_pipeline', 'dbt_processing.data_transformations.meta_ads_ads_run', 'manual__2025-04-10T22:54:25.508480+00:00', '--job-id', '428', '--raw', '--subdir', 'DAGS_FOLDER/meta_ads_elt_pipeline.py', '--cfg-path', '/tmp/tmpg76j1md4']
[2025-04-10T22:55:33.746+0000] {standard_task_runner.py:105} INFO - Job 428: Subtask dbt_processing.data_transformations.meta_ads_ads_run
[2025-04-10T22:55:33.792+0000] {task_command.py:467} INFO - Running <TaskInstance: meta_ads_elt_pipeline.dbt_processing.data_transformations.meta_ads_ads_run manual__2025-04-10T22:54:25.508480+00:00 [running]> on host ffa99f2ae5fe
[2025-04-10T22:55:33.872+0000] {taskinstance.py:3134} INFO - Exporting env vars: AIRFLOW_CTX_DAG_OWNER='admin' AIRFLOW_CTX_DAG_ID='meta_ads_elt_pipeline' AIRFLOW_CTX_TASK_ID='dbt_processing.data_transformations.meta_ads_ads_run' AIRFLOW_CTX_EXECUTION_DATE='2025-04-10T22:54:25.508480+00:00' AIRFLOW_CTX_TRY_NUMBER='1' AIRFLOW_CTX_DAG_RUN_ID='manual__2025-04-10T22:54:25.508480+00:00'
[2025-04-10T22:55:33.874+0000] {logging_mixin.py:190} INFO - Task instance is in running state
[2025-04-10T22:55:33.875+0000] {logging_mixin.py:190} INFO -  Previous state of the Task instance: queued
[2025-04-10T22:55:33.875+0000] {logging_mixin.py:190} INFO - Current task name:dbt_processing.data_transformations.meta_ads_ads_run state:running start_date:2025-04-10 22:55:33.702006+00:00
[2025-04-10T22:55:33.875+0000] {logging_mixin.py:190} INFO - Dag name:meta_ads_elt_pipeline and current dag run status:running
[2025-04-10T22:55:33.875+0000] {taskinstance.py:732} INFO - ::endgroup::
[2025-04-10T22:55:34.894+0000] {local.py:213} INFO - dbtRunner is available. Using dbtRunner for invoking dbt.
[2025-04-10T22:55:34.894+0000] {local.py:416} INFO - Cloning project to writable temp directory /tmp/tmphk7ycdnf from /opt/airflow/dags/dbt/dbt_biera
[2025-04-10T22:55:34.895+0000] {local.py:427} INFO - Partial parse is enabled and the latest partial parse file is /opt/airflow/dags/dbt/dbt_biera/target/partial_parse.msgpack
[2025-04-10T22:55:34.902+0000] {config.py:360} INFO - Profile caching is enable.
[2025-04-10T22:55:34.911+0000] {base.py:84} INFO - Retrieving connection 'postgres_conn'
[2025-04-10T22:55:34.912+0000] {config.py:340} INFO - Profile found in cache using profile: /tmp/cosmos/profile/c99bf486c96f06e0233408d45300d7cde96c22a7e21e1f49350115e2a86b810b/profiles.yml.
[2025-04-10T22:55:34.913+0000] {runner.py:60} INFO - Trying to run dbtRunner with:
 ['run', '--models', 'meta_ads_ads', '--full-refresh', '--project-dir', '/tmp/tmphk7ycdnf', '--profiles-dir', '/tmp/cosmos/profile/c99bf486c96f06e0233408d45300d7cde96c22a7e21e1f49350115e2a86b810b', '--profile', 'default', '--target', 'dev']
 in /tmp/tmphk7ycdnf
[2025-04-10T22:55:34.981+0000] {logging_mixin.py:190} INFO - 22:55:34  Running with dbt=1.9.3
[2025-04-10T22:55:35.211+0000] {logging_mixin.py:190} INFO - 22:55:35  Registered adapter: postgres=1.9.0
[2025-04-10T22:55:35.862+0000] {logging_mixin.py:190} INFO - 22:55:35  Unable to do partial parsing because config vars, config profile, or config target have changed
[2025-04-10T22:55:35.863+0000] {logging_mixin.py:190} INFO - 22:55:35  Unable to do partial parsing because profile has changed
[2025-04-10T22:55:37.228+0000] {logging_mixin.py:190} INFO - 22:55:37  [WARNING]: Configuration paths exist in your dbt_project.yml file which do not apply to any resources.
There are 1 unused configuration paths:
- models.dbt_biera.analytics
[2025-04-10T22:55:37.327+0000] {logging_mixin.py:190} INFO - 22:55:37  Found 4 models, 5 sources, 434 macros
[2025-04-10T22:55:37.329+0000] {logging_mixin.py:190} INFO - 22:55:37
[2025-04-10T22:55:37.330+0000] {logging_mixin.py:190} INFO - 22:55:37  Concurrency: 1 threads (target='dev')
[2025-04-10T22:55:37.330+0000] {logging_mixin.py:190} INFO - 22:55:37
[2025-04-10T22:55:37.431+0000] {logging_mixin.py:190} INFO - 22:55:37  1 of 1 START sql view model staging.meta_ads_ads ............................... [RUN]
[2025-04-10T22:55:37.537+0000] {logging_mixin.py:190} INFO - 22:55:37  1 of 1 OK created sql view model staging.meta_ads_ads .......................... [CREATE VIEW in 0.10s]
[2025-04-10T22:55:37.551+0000] {logging_mixin.py:190} INFO - 22:55:37
[2025-04-10T22:55:37.553+0000] {logging_mixin.py:190} INFO - 22:55:37  Finished running 1 view model in 0 hours 0 minutes and 0.22 seconds (0.22s).
[2025-04-10T22:55:37.603+0000] {logging_mixin.py:190} INFO - 22:55:37
[2025-04-10T22:55:37.604+0000] {logging_mixin.py:190} INFO - 22:55:37  Completed successfully
[2025-04-10T22:55:37.605+0000] {logging_mixin.py:190} INFO - 22:55:37
[2025-04-10T22:55:37.605+0000] {logging_mixin.py:190} INFO - 22:55:37  Done. PASS=1 WARN=0 ERROR=0 SKIP=0 TOTAL=1
[2025-04-10T22:55:38.163+0000] {warnings.py:112} WARNING - /home/***/.local/lib/python3.12/site-packages/cosmos/operators/local.py:616: UserWarning: The dataset URI postgres://postgres:5432/warehouse.source.meta_ads_ad_creatives is not AIP-60 compliant: URI format postgres:// must contain database, schema, and table names. In Airflow 3, this will raise an exception.
  datasets = [Dataset(uri) for uri in uris]

[2025-04-10T22:55:38.164+0000] {warnings.py:112} WARNING - /home/***/.local/lib/python3.12/site-packages/cosmos/operators/local.py:616: UserWarning: The dataset URI postgres://postgres:5432/warehouse.source.meta_ads_ads is not AIP-60 compliant: URI format postgres:// must contain database, schema, and table names. In Airflow 3, this will raise an exception.
  datasets = [Dataset(uri) for uri in uris]

[2025-04-10T22:55:38.164+0000] {warnings.py:112} WARNING - /home/***/.local/lib/python3.12/site-packages/cosmos/operators/local.py:616: UserWarning: The dataset URI postgres://postgres:5432/warehouse.staging.meta_ads_ads is not AIP-60 compliant: URI format postgres:// must contain database, schema, and table names. In Airflow 3, this will raise an exception.
  datasets = [Dataset(uri) for uri in uris]

[2025-04-10T22:55:38.165+0000] {local.py:465} INFO - Inlets: [Dataset(uri='postgres://postgres:5432/warehouse.source.meta_ads_ad_creatives', extra=None), Dataset(uri='postgres://postgres:5432/warehouse.source.meta_ads_ads', extra=None)]
[2025-04-10T22:55:38.165+0000] {local.py:466} INFO - Outlets: [Dataset(uri='postgres://postgres:5432/warehouse.staging.meta_ads_ads', extra=None)]
[2025-04-10T22:55:38.165+0000] {local.py:656} INFO - Assigning inlets/outlets with DatasetAlias
[2025-04-10T22:55:38.208+0000] {taskinstance.py:341} INFO - ::group::Post task execution logs
[2025-04-10T22:55:38.208+0000] {taskinstance.py:353} INFO - Marking task as SUCCESS. dag_id=meta_ads_elt_pipeline, task_id=dbt_processing.data_transformations.meta_ads_ads_run, run_id=manual__2025-04-10T22:54:25.508480+00:00, execution_date=20250410T225425, start_date=20250410T225533, end_date=20250410T225538
[2025-04-10T22:55:38.217+0000] {taskinstance.py:3064} INFO - Creating event for DatasetModel(uri='postgres://postgres:5432/warehouse.staging.meta_ads_ads', extra={}) through aliases "meta_ads_elt_pipeline__data_transformations__meta_ads_ads_run"
[2025-04-10T22:55:38.265+0000] {logging_mixin.py:190} INFO - Task instance in success state
[2025-04-10T22:55:38.266+0000] {logging_mixin.py:190} INFO -  Previous state of the Task instance: running
[2025-04-10T22:55:38.266+0000] {logging_mixin.py:190} INFO - Dag name:meta_ads_elt_pipeline queued_at:2025-04-10 22:54:25.519320+00:00
[2025-04-10T22:55:38.266+0000] {logging_mixin.py:190} INFO - Task hostname:ffa99f2ae5fe operator:DbtRunLocalOperator
[2025-04-10T22:55:38.326+0000] {local_task_job_runner.py:266} INFO - Task exited with return code 0
[2025-04-10T22:55:38.336+0000] {local_task_job_runner.py:245} INFO - ::endgroup::
