[2025-04-10T17:45:08.679+0000] {local_task_job_runner.py:123} INFO - ::group::Pre task execution logs
[2025-04-10T17:45:08.692+0000] {taskinstance.py:2614} INFO - Dependencies all met for dep_context=non-requeueable deps ti=<TaskInstance: meta_ads_elt_pipeline.airbyte_sync_gs.trigger_connection_sync_gs manual__2025-04-10T17:45:06.617982+00:00 [queued]>
[2025-04-10T17:45:08.696+0000] {taskinstance.py:2614} INFO - Dependencies all met for dep_context=requeueable deps ti=<TaskInstance: meta_ads_elt_pipeline.airbyte_sync_gs.trigger_connection_sync_gs manual__2025-04-10T17:45:06.617982+00:00 [queued]>
[2025-04-10T17:45:08.697+0000] {taskinstance.py:2867} INFO - Starting attempt 1 of 3
[2025-04-10T17:45:08.706+0000] {taskinstance.py:2890} INFO - Executing <Task(HttpOperator): airbyte_sync_gs.trigger_connection_sync_gs> on 2025-04-10 17:45:06.617982+00:00
[2025-04-10T17:45:08.717+0000] {warnings.py:112} WARNING - /home/***/.local/lib/python3.12/site-packages/***/task/task_runner/standard_task_runner.py:70: DeprecationWarning: This process (pid=631) is multi-threaded, use of fork() may lead to deadlocks in the child.
  pid = os.fork()

[2025-04-10T17:45:08.719+0000] {standard_task_runner.py:72} INFO - Started process 635 to run task
[2025-04-10T17:45:08.719+0000] {standard_task_runner.py:104} INFO - Running: ['***', 'tasks', 'run', 'meta_ads_elt_pipeline', 'airbyte_sync_gs.trigger_connection_sync_gs', 'manual__2025-04-10T17:45:06.617982+00:00', '--job-id', '368', '--raw', '--subdir', 'DAGS_FOLDER/meta_ads_elt_pipeline.py', '--cfg-path', '/tmp/tmpn_pxd8bt']
[2025-04-10T17:45:08.720+0000] {standard_task_runner.py:105} INFO - Job 368: Subtask airbyte_sync_gs.trigger_connection_sync_gs
[2025-04-10T17:45:08.757+0000] {task_command.py:467} INFO - Running <TaskInstance: meta_ads_elt_pipeline.airbyte_sync_gs.trigger_connection_sync_gs manual__2025-04-10T17:45:06.617982+00:00 [running]> on host ffa99f2ae5fe
[2025-04-10T17:45:08.830+0000] {taskinstance.py:3134} INFO - Exporting env vars: AIRFLOW_CTX_DAG_OWNER='admin' AIRFLOW_CTX_DAG_ID='meta_ads_elt_pipeline' AIRFLOW_CTX_TASK_ID='airbyte_sync_gs.trigger_connection_sync_gs' AIRFLOW_CTX_EXECUTION_DATE='2025-04-10T17:45:06.617982+00:00' AIRFLOW_CTX_TRY_NUMBER='1' AIRFLOW_CTX_DAG_RUN_ID='manual__2025-04-10T17:45:06.617982+00:00'
[2025-04-10T17:45:08.832+0000] {logging_mixin.py:190} INFO - Task instance is in running state
[2025-04-10T17:45:08.832+0000] {logging_mixin.py:190} INFO -  Previous state of the Task instance: queued
[2025-04-10T17:45:08.832+0000] {logging_mixin.py:190} INFO - Current task name:airbyte_sync_gs.trigger_connection_sync_gs state:running start_date:2025-04-10 17:45:08.692290+00:00
[2025-04-10T17:45:08.832+0000] {logging_mixin.py:190} INFO - Dag name:meta_ads_elt_pipeline and current dag run status:running
[2025-04-10T17:45:08.832+0000] {taskinstance.py:732} INFO - ::endgroup::
[2025-04-10T17:45:08.833+0000] {http.py:180} INFO - Calling HTTP method
[2025-04-10T17:45:08.839+0000] {base.py:84} INFO - Retrieving connection 'airbyte'
[2025-04-10T17:45:08.846+0000] {base.py:84} INFO - Retrieving connection 'airbyte'
[2025-04-10T17:45:09.288+0000] {http.py:241} INFO - {"job":{"id":270,"configType":"sync","configId":"7a1a28b0-d25f-43c3-b716-67e024f1bc86","enabledStreams":[{"name":"desempenho"}],"createdAt":1744307109,"updatedAt":1744307109,"status":"running","streamAggregatedStats":[]},"attempts":[{"attempt":{"id":0,"status":"running","createdAt":1744307109,"updatedAt":1744307109},"logType":"formatted","logs":{"events":[],"logLines":[]}}]}
[2025-04-10T17:45:09.317+0000] {taskinstance.py:341} INFO - ::group::Post task execution logs
[2025-04-10T17:45:09.317+0000] {taskinstance.py:353} INFO - Marking task as SUCCESS. dag_id=meta_ads_elt_pipeline, task_id=airbyte_sync_gs.trigger_connection_sync_gs, run_id=manual__2025-04-10T17:45:06.617982+00:00, execution_date=20250410T174506, start_date=20250410T174508, end_date=20250410T174509
[2025-04-10T17:45:09.343+0000] {logging_mixin.py:190} INFO - Task instance in success state
[2025-04-10T17:45:09.343+0000] {logging_mixin.py:190} INFO -  Previous state of the Task instance: running
[2025-04-10T17:45:09.343+0000] {logging_mixin.py:190} INFO - Dag name:meta_ads_elt_pipeline queued_at:2025-04-10 17:45:06.651453+00:00
[2025-04-10T17:45:09.343+0000] {logging_mixin.py:190} INFO - Task hostname:ffa99f2ae5fe operator:HttpOperator
[2025-04-10T17:45:09.373+0000] {local_task_job_runner.py:266} INFO - Task exited with return code 0
[2025-04-10T17:45:09.416+0000] {taskinstance.py:3901} INFO - 1 downstream tasks scheduled from follow-on schedule check
[2025-04-10T17:45:09.417+0000] {local_task_job_runner.py:245} INFO - ::endgroup::
