[2025-04-08T10:44:06.988+0000] {local_task_job_runner.py:123} INFO - ::group::Pre task execution logs
[2025-04-08T10:44:07.026+0000] {taskinstance.py:2614} INFO - Dependencies all met for dep_context=non-requeueable deps ti=<TaskInstance: meta_ads_elt_pipeline.airbyte_sync_gs.trigger_connection_sync_gs scheduled__2025-04-07T00:00:00+00:00 [queued]>
[2025-04-08T10:44:07.047+0000] {taskinstance.py:2614} INFO - Dependencies all met for dep_context=requeueable deps ti=<TaskInstance: meta_ads_elt_pipeline.airbyte_sync_gs.trigger_connection_sync_gs scheduled__2025-04-07T00:00:00+00:00 [queued]>
[2025-04-08T10:44:07.048+0000] {taskinstance.py:2867} INFO - Starting attempt 2 of 3
[2025-04-08T10:44:07.074+0000] {taskinstance.py:2890} INFO - Executing <Task(HttpOperator): airbyte_sync_gs.trigger_connection_sync_gs> on 2025-04-07 00:00:00+00:00
[2025-04-08T10:44:07.102+0000] {warnings.py:112} WARNING - /home/***/.local/lib/python3.12/site-packages/***/task/task_runner/standard_task_runner.py:70: DeprecationWarning: This process (pid=2030) is multi-threaded, use of fork() may lead to deadlocks in the child.
  pid = os.fork()

[2025-04-08T10:44:07.105+0000] {standard_task_runner.py:72} INFO - Started process 2049 to run task
[2025-04-08T10:44:07.107+0000] {standard_task_runner.py:104} INFO - Running: ['***', 'tasks', 'run', 'meta_ads_elt_pipeline', 'airbyte_sync_gs.trigger_connection_sync_gs', 'scheduled__2025-04-07T00:00:00+00:00', '--job-id', '260', '--raw', '--subdir', 'DAGS_FOLDER/meta_ads_elt_pipeline.py', '--cfg-path', '/tmp/tmpdlokfkqq']
[2025-04-08T10:44:07.108+0000] {standard_task_runner.py:105} INFO - Job 260: Subtask airbyte_sync_gs.trigger_connection_sync_gs
[2025-04-08T10:44:07.281+0000] {task_command.py:467} INFO - Running <TaskInstance: meta_ads_elt_pipeline.airbyte_sync_gs.trigger_connection_sync_gs scheduled__2025-04-07T00:00:00+00:00 [running]> on host ffa99f2ae5fe
[2025-04-08T10:44:07.633+0000] {taskinstance.py:3134} INFO - Exporting env vars: AIRFLOW_CTX_DAG_OWNER='admin' AIRFLOW_CTX_DAG_ID='meta_ads_elt_pipeline' AIRFLOW_CTX_TASK_ID='airbyte_sync_gs.trigger_connection_sync_gs' AIRFLOW_CTX_EXECUTION_DATE='2025-04-07T00:00:00+00:00' AIRFLOW_CTX_TRY_NUMBER='2' AIRFLOW_CTX_DAG_RUN_ID='scheduled__2025-04-07T00:00:00+00:00'
[2025-04-08T10:44:07.641+0000] {logging_mixin.py:190} INFO - Task instance is in running state
[2025-04-08T10:44:07.642+0000] {logging_mixin.py:190} INFO -  Previous state of the Task instance: queued
[2025-04-08T10:44:07.642+0000] {logging_mixin.py:190} INFO - Current task name:airbyte_sync_gs.trigger_connection_sync_gs state:running start_date:2025-04-08 10:44:07.027175+00:00
[2025-04-08T10:44:07.643+0000] {logging_mixin.py:190} INFO - Dag name:meta_ads_elt_pipeline and current dag run status:running
[2025-04-08T10:44:07.643+0000] {taskinstance.py:732} INFO - ::endgroup::
[2025-04-08T10:44:07.645+0000] {http.py:180} INFO - Calling HTTP method
[2025-04-08T10:44:11.456+0000] {base.py:84} INFO - Retrieving connection 'airbyte'
[2025-04-08T10:45:54.676+0000] {base.py:84} INFO - Retrieving connection 'airbyte'
[2025-04-08T10:46:04.676+0000] {job.py:229} INFO - Heartbeat recovered after 117.73 seconds
