[2025-04-10T20:01:23.640+0000] {local_task_job_runner.py:123} INFO - ::group::Pre task execution logs
[2025-04-10T20:01:23.661+0000] {taskinstance.py:2614} INFO - Dependencies all met for dep_context=non-requeueable deps ti=<TaskInstance: meta_ads_elt_pipeline.airbyte_sync_gs.monitor_sync_status_gs manual__2025-04-10T20:01:19.585531+00:00 [queued]>
[2025-04-10T20:01:23.669+0000] {taskinstance.py:2614} INFO - Dependencies all met for dep_context=requeueable deps ti=<TaskInstance: meta_ads_elt_pipeline.airbyte_sync_gs.monitor_sync_status_gs manual__2025-04-10T20:01:19.585531+00:00 [queued]>
[2025-04-10T20:01:23.669+0000] {taskinstance.py:2867} INFO - Starting attempt 1 of 3
[2025-04-10T20:01:23.682+0000] {taskinstance.py:2890} INFO - Executing <Task(HttpSensor): airbyte_sync_gs.monitor_sync_status_gs> on 2025-04-10 20:01:19.585531+00:00
[2025-04-10T20:01:23.697+0000] {warnings.py:112} WARNING - /home/***/.local/lib/python3.12/site-packages/***/task/task_runner/standard_task_runner.py:70: DeprecationWarning: This process (pid=6556) is multi-threaded, use of fork() may lead to deadlocks in the child.
  pid = os.fork()

[2025-04-10T20:01:23.698+0000] {standard_task_runner.py:72} INFO - Started process 6561 to run task
[2025-04-10T20:01:23.699+0000] {standard_task_runner.py:104} INFO - Running: ['***', 'tasks', 'run', 'meta_ads_elt_pipeline', 'airbyte_sync_gs.monitor_sync_status_gs', 'manual__2025-04-10T20:01:19.585531+00:00', '--job-id', '379', '--raw', '--subdir', 'DAGS_FOLDER/meta_ads_elt_pipeline.py', '--cfg-path', '/tmp/tmp1a8is3ki']
[2025-04-10T20:01:23.700+0000] {standard_task_runner.py:105} INFO - Job 379: Subtask airbyte_sync_gs.monitor_sync_status_gs
[2025-04-10T20:01:23.741+0000] {task_command.py:467} INFO - Running <TaskInstance: meta_ads_elt_pipeline.airbyte_sync_gs.monitor_sync_status_gs manual__2025-04-10T20:01:19.585531+00:00 [running]> on host ffa99f2ae5fe
[2025-04-10T20:01:23.838+0000] {taskinstance.py:3134} INFO - Exporting env vars: AIRFLOW_CTX_DAG_OWNER='admin' AIRFLOW_CTX_DAG_ID='meta_ads_elt_pipeline' AIRFLOW_CTX_TASK_ID='airbyte_sync_gs.monitor_sync_status_gs' AIRFLOW_CTX_EXECUTION_DATE='2025-04-10T20:01:19.585531+00:00' AIRFLOW_CTX_TRY_NUMBER='1' AIRFLOW_CTX_DAG_RUN_ID='manual__2025-04-10T20:01:19.585531+00:00'
[2025-04-10T20:01:23.840+0000] {logging_mixin.py:190} INFO - Task instance is in running state
[2025-04-10T20:01:23.840+0000] {logging_mixin.py:190} INFO -  Previous state of the Task instance: queued
[2025-04-10T20:01:23.840+0000] {logging_mixin.py:190} INFO - Current task name:airbyte_sync_gs.monitor_sync_status_gs state:running start_date:2025-04-10 20:01:23.662299+00:00
[2025-04-10T20:01:23.840+0000] {logging_mixin.py:190} INFO - Dag name:meta_ads_elt_pipeline and current dag run status:running
[2025-04-10T20:01:23.841+0000] {taskinstance.py:732} INFO - ::endgroup::
[2025-04-10T20:01:23.841+0000] {baseoperator.py:423} WARNING - HttpSensor.execute cannot be called outside TaskInstance!
[2025-04-10T20:01:23.852+0000] {http.py:145} INFO - Poking: /api/public/v1/jobs/271
[2025-04-10T20:01:23.862+0000] {base.py:84} INFO - Retrieving connection 'airbyte'
[2025-04-10T20:01:23.898+0000] {taskinstance.py:310} INFO - Rescheduling task, marking task as UP_FOR_RESCHEDULE
[2025-04-10T20:01:23.898+0000] {taskinstance.py:341} INFO - ::group::Post task execution logs
[2025-04-10T20:01:23.952+0000] {local_task_job_runner.py:266} INFO - Task exited with return code 0
[2025-04-10T20:01:23.966+0000] {local_task_job_runner.py:245} INFO - ::endgroup::
[2025-04-10T20:02:26.055+0000] {local_task_job_runner.py:123} INFO - ::group::Pre task execution logs
[2025-04-10T20:02:26.078+0000] {taskinstance.py:2614} INFO - Dependencies all met for dep_context=non-requeueable deps ti=<TaskInstance: meta_ads_elt_pipeline.airbyte_sync_gs.monitor_sync_status_gs manual__2025-04-10T20:01:19.585531+00:00 [queued]>
[2025-04-10T20:02:26.087+0000] {taskinstance.py:2614} INFO - Dependencies all met for dep_context=requeueable deps ti=<TaskInstance: meta_ads_elt_pipeline.airbyte_sync_gs.monitor_sync_status_gs manual__2025-04-10T20:01:19.585531+00:00 [queued]>
[2025-04-10T20:02:26.087+0000] {taskinstance.py:2867} INFO - Starting attempt 1 of 3
[2025-04-10T20:02:26.099+0000] {taskinstance.py:2890} INFO - Executing <Task(HttpSensor): airbyte_sync_gs.monitor_sync_status_gs> on 2025-04-10 20:01:19.585531+00:00
[2025-04-10T20:02:26.114+0000] {warnings.py:112} WARNING - /home/***/.local/lib/python3.12/site-packages/***/task/task_runner/standard_task_runner.py:70: DeprecationWarning: This process (pid=6611) is multi-threaded, use of fork() may lead to deadlocks in the child.
  pid = os.fork()

[2025-04-10T20:02:26.115+0000] {standard_task_runner.py:72} INFO - Started process 6617 to run task
[2025-04-10T20:02:26.117+0000] {standard_task_runner.py:104} INFO - Running: ['***', 'tasks', 'run', 'meta_ads_elt_pipeline', 'airbyte_sync_gs.monitor_sync_status_gs', 'manual__2025-04-10T20:01:19.585531+00:00', '--job-id', '381', '--raw', '--subdir', 'DAGS_FOLDER/meta_ads_elt_pipeline.py', '--cfg-path', '/tmp/tmpj9ef5n2i']
[2025-04-10T20:02:26.118+0000] {standard_task_runner.py:105} INFO - Job 381: Subtask airbyte_sync_gs.monitor_sync_status_gs
[2025-04-10T20:02:26.155+0000] {task_command.py:467} INFO - Running <TaskInstance: meta_ads_elt_pipeline.airbyte_sync_gs.monitor_sync_status_gs manual__2025-04-10T20:01:19.585531+00:00 [running]> on host ffa99f2ae5fe
[2025-04-10T20:02:26.239+0000] {taskinstance.py:3134} INFO - Exporting env vars: AIRFLOW_CTX_DAG_OWNER='admin' AIRFLOW_CTX_DAG_ID='meta_ads_elt_pipeline' AIRFLOW_CTX_TASK_ID='airbyte_sync_gs.monitor_sync_status_gs' AIRFLOW_CTX_EXECUTION_DATE='2025-04-10T20:01:19.585531+00:00' AIRFLOW_CTX_TRY_NUMBER='1' AIRFLOW_CTX_DAG_RUN_ID='manual__2025-04-10T20:01:19.585531+00:00'
[2025-04-10T20:02:26.240+0000] {logging_mixin.py:190} INFO - Task instance is in running state
[2025-04-10T20:02:26.240+0000] {logging_mixin.py:190} INFO -  Previous state of the Task instance: queued
[2025-04-10T20:02:26.240+0000] {logging_mixin.py:190} INFO - Current task name:airbyte_sync_gs.monitor_sync_status_gs state:running start_date:2025-04-10 20:02:26.078378+00:00
[2025-04-10T20:02:26.241+0000] {logging_mixin.py:190} INFO - Dag name:meta_ads_elt_pipeline and current dag run status:running
[2025-04-10T20:02:26.241+0000] {taskinstance.py:732} INFO - ::endgroup::
[2025-04-10T20:02:26.241+0000] {baseoperator.py:423} WARNING - HttpSensor.execute cannot be called outside TaskInstance!
[2025-04-10T20:02:26.249+0000] {http.py:145} INFO - Poking: /api/public/v1/jobs/271
[2025-04-10T20:02:26.257+0000] {base.py:84} INFO - Retrieving connection 'airbyte'
[2025-04-10T20:02:26.284+0000] {base.py:339} INFO - Success criteria met. Exiting.
[2025-04-10T20:02:26.294+0000] {taskinstance.py:341} INFO - ::group::Post task execution logs
[2025-04-10T20:02:26.294+0000] {taskinstance.py:353} INFO - Marking task as SUCCESS. dag_id=meta_ads_elt_pipeline, task_id=airbyte_sync_gs.monitor_sync_status_gs, run_id=manual__2025-04-10T20:01:19.585531+00:00, execution_date=20250410T200119, start_date=20250410T200226, end_date=20250410T200226
[2025-04-10T20:02:26.316+0000] {logging_mixin.py:190} INFO - Task instance in success state
[2025-04-10T20:02:26.316+0000] {logging_mixin.py:190} INFO -  Previous state of the Task instance: running
[2025-04-10T20:02:26.316+0000] {logging_mixin.py:190} INFO - Dag name:meta_ads_elt_pipeline queued_at:2025-04-10 20:01:19.594924+00:00
[2025-04-10T20:02:26.316+0000] {logging_mixin.py:190} INFO - Task hostname:ffa99f2ae5fe operator:HttpSensor
[2025-04-10T20:02:26.369+0000] {local_task_job_runner.py:266} INFO - Task exited with return code 0
[2025-04-10T20:02:26.381+0000] {local_task_job_runner.py:245} INFO - ::endgroup::
