[2025-04-07T13:37:18.309+0000] {local_task_job_runner.py:123} INFO - ::group::Pre task execution logs
[2025-04-07T13:37:18.328+0000] {taskinstance.py:2614} INFO - Dependencies all met for dep_context=non-requeueable deps ti=<TaskInstance: meta_ads_elt_pipeline.airbyte_sync.monitor_sync_status manual__2025-04-07T13:37:14.373919+00:00 [queued]>
[2025-04-07T13:37:18.335+0000] {taskinstance.py:2614} INFO - Dependencies all met for dep_context=requeueable deps ti=<TaskInstance: meta_ads_elt_pipeline.airbyte_sync.monitor_sync_status manual__2025-04-07T13:37:14.373919+00:00 [queued]>
[2025-04-07T13:37:18.335+0000] {taskinstance.py:2867} INFO - Starting attempt 1 of 3
[2025-04-07T13:37:18.345+0000] {taskinstance.py:2890} INFO - Executing <Task(HttpSensor): airbyte_sync.monitor_sync_status> on 2025-04-07 13:37:14.373919+00:00
[2025-04-07T13:37:18.357+0000] {warnings.py:112} WARNING - /home/***/.local/lib/python3.12/site-packages/***/task/task_runner/standard_task_runner.py:70: DeprecationWarning: This process (pid=9266) is multi-threaded, use of fork() may lead to deadlocks in the child.
  pid = os.fork()

[2025-04-07T13:37:18.358+0000] {standard_task_runner.py:72} INFO - Started process 9268 to run task
[2025-04-07T13:37:18.360+0000] {standard_task_runner.py:104} INFO - Running: ['***', 'tasks', 'run', 'meta_ads_elt_pipeline', 'airbyte_sync.monitor_sync_status', 'manual__2025-04-07T13:37:14.373919+00:00', '--job-id', '163', '--raw', '--subdir', 'DAGS_FOLDER/meta_ads_dag.py', '--cfg-path', '/tmp/tmp95vntzap']
[2025-04-07T13:37:18.361+0000] {standard_task_runner.py:105} INFO - Job 163: Subtask airbyte_sync.monitor_sync_status
[2025-04-07T13:37:18.410+0000] {task_command.py:467} INFO - Running <TaskInstance: meta_ads_elt_pipeline.airbyte_sync.monitor_sync_status manual__2025-04-07T13:37:14.373919+00:00 [running]> on host ffa99f2ae5fe
[2025-04-07T13:37:18.485+0000] {taskinstance.py:3134} INFO - Exporting env vars: AIRFLOW_CTX_DAG_OWNER='admin' AIRFLOW_CTX_DAG_ID='meta_ads_elt_pipeline' AIRFLOW_CTX_TASK_ID='airbyte_sync.monitor_sync_status' AIRFLOW_CTX_EXECUTION_DATE='2025-04-07T13:37:14.373919+00:00' AIRFLOW_CTX_TRY_NUMBER='1' AIRFLOW_CTX_DAG_RUN_ID='manual__2025-04-07T13:37:14.373919+00:00'
[2025-04-07T13:37:18.487+0000] {logging_mixin.py:190} INFO - Task instance is in running state
[2025-04-07T13:37:18.487+0000] {logging_mixin.py:190} INFO -  Previous state of the Task instance: queued
[2025-04-07T13:37:18.488+0000] {logging_mixin.py:190} INFO - Current task name:airbyte_sync.monitor_sync_status state:running start_date:2025-04-07 13:37:18.329146+00:00
[2025-04-07T13:37:18.488+0000] {logging_mixin.py:190} INFO - Dag name:meta_ads_elt_pipeline and current dag run status:running
[2025-04-07T13:37:18.488+0000] {taskinstance.py:732} INFO - ::endgroup::
[2025-04-07T13:37:18.488+0000] {baseoperator.py:423} WARNING - HttpSensor.execute cannot be called outside TaskInstance!
[2025-04-07T13:37:18.496+0000] {http.py:145} INFO - Poking: /api/public/v1/jobs/210
[2025-04-07T13:37:18.504+0000] {base.py:84} INFO - Retrieving connection 'airbyte'
[2025-04-07T13:37:18.534+0000] {taskinstance.py:310} INFO - Rescheduling task, marking task as UP_FOR_RESCHEDULE
[2025-04-07T13:37:18.535+0000] {taskinstance.py:341} INFO - ::group::Post task execution logs
[2025-04-07T13:37:18.572+0000] {local_task_job_runner.py:266} INFO - Task exited with return code 0
[2025-04-07T13:37:18.612+0000] {taskinstance.py:3901} INFO - 0 downstream tasks scheduled from follow-on schedule check
[2025-04-07T13:37:18.614+0000] {local_task_job_runner.py:245} INFO - ::endgroup::
[2025-04-07T13:38:20.571+0000] {local_task_job_runner.py:123} INFO - ::group::Pre task execution logs
[2025-04-07T13:38:20.590+0000] {taskinstance.py:2614} INFO - Dependencies all met for dep_context=non-requeueable deps ti=<TaskInstance: meta_ads_elt_pipeline.airbyte_sync.monitor_sync_status manual__2025-04-07T13:37:14.373919+00:00 [queued]>
[2025-04-07T13:38:20.597+0000] {taskinstance.py:2614} INFO - Dependencies all met for dep_context=requeueable deps ti=<TaskInstance: meta_ads_elt_pipeline.airbyte_sync.monitor_sync_status manual__2025-04-07T13:37:14.373919+00:00 [queued]>
[2025-04-07T13:38:20.598+0000] {taskinstance.py:2867} INFO - Starting attempt 1 of 3
[2025-04-07T13:38:20.607+0000] {taskinstance.py:2890} INFO - Executing <Task(HttpSensor): airbyte_sync.monitor_sync_status> on 2025-04-07 13:37:14.373919+00:00
[2025-04-07T13:38:20.619+0000] {warnings.py:112} WARNING - /home/***/.local/lib/python3.12/site-packages/***/task/task_runner/standard_task_runner.py:70: DeprecationWarning: This process (pid=9318) is multi-threaded, use of fork() may lead to deadlocks in the child.
  pid = os.fork()

[2025-04-07T13:38:20.620+0000] {standard_task_runner.py:72} INFO - Started process 9320 to run task
[2025-04-07T13:38:20.622+0000] {standard_task_runner.py:104} INFO - Running: ['***', 'tasks', 'run', 'meta_ads_elt_pipeline', 'airbyte_sync.monitor_sync_status', 'manual__2025-04-07T13:37:14.373919+00:00', '--job-id', '164', '--raw', '--subdir', 'DAGS_FOLDER/meta_ads_dag.py', '--cfg-path', '/tmp/tmp1ocfgc8x']
[2025-04-07T13:38:20.624+0000] {standard_task_runner.py:105} INFO - Job 164: Subtask airbyte_sync.monitor_sync_status
[2025-04-07T13:38:20.668+0000] {task_command.py:467} INFO - Running <TaskInstance: meta_ads_elt_pipeline.airbyte_sync.monitor_sync_status manual__2025-04-07T13:37:14.373919+00:00 [running]> on host ffa99f2ae5fe
[2025-04-07T13:38:20.748+0000] {taskinstance.py:3134} INFO - Exporting env vars: AIRFLOW_CTX_DAG_OWNER='admin' AIRFLOW_CTX_DAG_ID='meta_ads_elt_pipeline' AIRFLOW_CTX_TASK_ID='airbyte_sync.monitor_sync_status' AIRFLOW_CTX_EXECUTION_DATE='2025-04-07T13:37:14.373919+00:00' AIRFLOW_CTX_TRY_NUMBER='1' AIRFLOW_CTX_DAG_RUN_ID='manual__2025-04-07T13:37:14.373919+00:00'
[2025-04-07T13:38:20.749+0000] {logging_mixin.py:190} INFO - Task instance is in running state
[2025-04-07T13:38:20.750+0000] {logging_mixin.py:190} INFO -  Previous state of the Task instance: queued
[2025-04-07T13:38:20.750+0000] {logging_mixin.py:190} INFO - Current task name:airbyte_sync.monitor_sync_status state:running start_date:2025-04-07 13:38:20.591135+00:00
[2025-04-07T13:38:20.750+0000] {logging_mixin.py:190} INFO - Dag name:meta_ads_elt_pipeline and current dag run status:running
[2025-04-07T13:38:20.750+0000] {taskinstance.py:732} INFO - ::endgroup::
[2025-04-07T13:38:20.750+0000] {baseoperator.py:423} WARNING - HttpSensor.execute cannot be called outside TaskInstance!
[2025-04-07T13:38:20.758+0000] {http.py:145} INFO - Poking: /api/public/v1/jobs/210
[2025-04-07T13:38:20.767+0000] {base.py:84} INFO - Retrieving connection 'airbyte'
[2025-04-07T13:38:20.786+0000] {base.py:339} INFO - Success criteria met. Exiting.
[2025-04-07T13:38:20.796+0000] {taskinstance.py:341} INFO - ::group::Post task execution logs
[2025-04-07T13:38:20.797+0000] {taskinstance.py:353} INFO - Marking task as SUCCESS. dag_id=meta_ads_elt_pipeline, task_id=airbyte_sync.monitor_sync_status, run_id=manual__2025-04-07T13:37:14.373919+00:00, execution_date=20250407T133714, start_date=20250407T133820, end_date=20250407T133820
[2025-04-07T13:38:20.825+0000] {logging_mixin.py:190} INFO - Task instance in success state
[2025-04-07T13:38:20.825+0000] {logging_mixin.py:190} INFO -  Previous state of the Task instance: running
[2025-04-07T13:38:20.826+0000] {logging_mixin.py:190} INFO - Dag name:meta_ads_elt_pipeline queued_at:2025-04-07 13:37:14.393104+00:00
[2025-04-07T13:38:20.826+0000] {logging_mixin.py:190} INFO - Task hostname:ffa99f2ae5fe operator:HttpSensor
[2025-04-07T13:38:20.874+0000] {local_task_job_runner.py:266} INFO - Task exited with return code 0
[2025-04-07T13:38:20.909+0000] {taskinstance.py:3901} INFO - 3 downstream tasks scheduled from follow-on schedule check
[2025-04-07T13:38:20.910+0000] {local_task_job_runner.py:245} INFO - ::endgroup::
