[2025-04-10T22:11:46.358+0000] {local_task_job_runner.py:123} INFO - ::group::Pre task execution logs
[2025-04-10T22:11:46.379+0000] {taskinstance.py:2614} INFO - Dependencies all met for dep_context=non-requeueable deps ti=<TaskInstance: meta_ads_elt_pipeline.airbyte_sync_gs.monitor_sync_status_gs manual__2025-04-10T22:08:37.190962+00:00 [queued]>
[2025-04-10T22:11:46.388+0000] {taskinstance.py:2614} INFO - Dependencies all met for dep_context=requeueable deps ti=<TaskInstance: meta_ads_elt_pipeline.airbyte_sync_gs.monitor_sync_status_gs manual__2025-04-10T22:08:37.190962+00:00 [queued]>
[2025-04-10T22:11:46.388+0000] {taskinstance.py:2867} INFO - Starting attempt 1 of 3
[2025-04-10T22:11:46.401+0000] {taskinstance.py:2890} INFO - Executing <Task(HttpSensor): airbyte_sync_gs.monitor_sync_status_gs> on 2025-04-10 22:08:37.190962+00:00
[2025-04-10T22:11:46.417+0000] {warnings.py:112} WARNING - /home/***/.local/lib/python3.12/site-packages/***/task/task_runner/standard_task_runner.py:70: DeprecationWarning: This process (pid=1311) is multi-threaded, use of fork() may lead to deadlocks in the child.
  pid = os.fork()

[2025-04-10T22:11:46.419+0000] {standard_task_runner.py:72} INFO - Started process 1314 to run task
[2025-04-10T22:11:46.419+0000] {standard_task_runner.py:104} INFO - Running: ['***', 'tasks', 'run', 'meta_ads_elt_pipeline', 'airbyte_sync_gs.monitor_sync_status_gs', 'manual__2025-04-10T22:08:37.190962+00:00', '--job-id', '395', '--raw', '--subdir', 'DAGS_FOLDER/meta_ads_elt_pipeline.py', '--cfg-path', '/tmp/tmpo0oaoxlq']
[2025-04-10T22:11:46.420+0000] {standard_task_runner.py:105} INFO - Job 395: Subtask airbyte_sync_gs.monitor_sync_status_gs
[2025-04-10T22:11:46.463+0000] {task_command.py:467} INFO - Running <TaskInstance: meta_ads_elt_pipeline.airbyte_sync_gs.monitor_sync_status_gs manual__2025-04-10T22:08:37.190962+00:00 [running]> on host ffa99f2ae5fe
[2025-04-10T22:11:46.542+0000] {taskinstance.py:3134} INFO - Exporting env vars: AIRFLOW_CTX_DAG_OWNER='admin' AIRFLOW_CTX_DAG_ID='meta_ads_elt_pipeline' AIRFLOW_CTX_TASK_ID='airbyte_sync_gs.monitor_sync_status_gs' AIRFLOW_CTX_EXECUTION_DATE='2025-04-10T22:08:37.190962+00:00' AIRFLOW_CTX_TRY_NUMBER='1' AIRFLOW_CTX_DAG_RUN_ID='manual__2025-04-10T22:08:37.190962+00:00'
[2025-04-10T22:11:46.544+0000] {logging_mixin.py:190} INFO - Task instance is in running state
[2025-04-10T22:11:46.544+0000] {logging_mixin.py:190} INFO -  Previous state of the Task instance: queued
[2025-04-10T22:11:46.544+0000] {logging_mixin.py:190} INFO - Current task name:airbyte_sync_gs.monitor_sync_status_gs state:running start_date:2025-04-10 22:11:46.379659+00:00
[2025-04-10T22:11:46.544+0000] {logging_mixin.py:190} INFO - Dag name:meta_ads_elt_pipeline and current dag run status:running
[2025-04-10T22:11:46.545+0000] {taskinstance.py:732} INFO - ::endgroup::
[2025-04-10T22:11:46.545+0000] {baseoperator.py:423} WARNING - HttpSensor.execute cannot be called outside TaskInstance!
[2025-04-10T22:11:46.554+0000] {http.py:145} INFO - Poking: /api/public/v1/jobs/273
[2025-04-10T22:11:46.562+0000] {base.py:84} INFO - Retrieving connection 'airbyte'
[2025-04-10T22:11:46.914+0000] {taskinstance.py:310} INFO - Rescheduling task, marking task as UP_FOR_RESCHEDULE
[2025-04-10T22:11:46.915+0000] {taskinstance.py:341} INFO - ::group::Post task execution logs
[2025-04-10T22:11:46.954+0000] {local_task_job_runner.py:266} INFO - Task exited with return code 0
[2025-04-10T22:11:47.001+0000] {taskinstance.py:3901} INFO - 0 downstream tasks scheduled from follow-on schedule check
[2025-04-10T22:11:47.003+0000] {local_task_job_runner.py:245} INFO - ::endgroup::
