[2025-04-06T22:16:48.149+0000] {processor.py:186} INFO - Started process (PID=142) to work on /home/airflow/.local/lib/python3.12/site-packages/airflow/example_dags/example_xcomargs.py
[2025-04-06T22:16:48.150+0000] {processor.py:914} INFO - Processing file /home/airflow/.local/lib/python3.12/site-packages/airflow/example_dags/example_xcomargs.py for tasks to queue
[2025-04-06T22:16:48.153+0000] {logging_mixin.py:190} INFO - [2025-04-06T22:16:48.153+0000] {dagbag.py:588} INFO - Filling up the DagBag from /home/airflow/.local/lib/python3.12/site-packages/airflow/example_dags/example_xcomargs.py
[2025-04-06T22:16:48.162+0000] {processor.py:925} INFO - DAG(s) 'example_xcom_args', 'example_xcom_args_with_operators' retrieved from /home/airflow/.local/lib/python3.12/site-packages/airflow/example_dags/example_xcomargs.py
[2025-04-06T22:16:48.182+0000] {logging_mixin.py:190} INFO - [2025-04-06T22:16:48.182+0000] {dag.py:3239} INFO - Sync 2 DAGs
[2025-04-06T22:16:48.194+0000] {logging_mixin.py:190} INFO - [2025-04-06T22:16:48.194+0000] {dag.py:4180} INFO - Setting next_dagrun for example_xcom_args to None, run_after=None
[2025-04-06T22:16:48.197+0000] {logging_mixin.py:190} INFO - [2025-04-06T22:16:48.197+0000] {dag.py:4180} INFO - Setting next_dagrun for example_xcom_args_with_operators to None, run_after=None
[2025-04-06T22:16:48.209+0000] {processor.py:208} INFO - Processing /home/airflow/.local/lib/python3.12/site-packages/airflow/example_dags/example_xcomargs.py took 0.068 seconds
[2025-04-06T22:17:18.775+0000] {processor.py:186} INFO - Started process (PID=207) to work on /home/airflow/.local/lib/python3.12/site-packages/airflow/example_dags/example_xcomargs.py
[2025-04-06T22:17:18.776+0000] {processor.py:914} INFO - Processing file /home/airflow/.local/lib/python3.12/site-packages/airflow/example_dags/example_xcomargs.py for tasks to queue
[2025-04-06T22:17:18.779+0000] {logging_mixin.py:190} INFO - [2025-04-06T22:17:18.779+0000] {dagbag.py:588} INFO - Filling up the DagBag from /home/airflow/.local/lib/python3.12/site-packages/airflow/example_dags/example_xcomargs.py
[2025-04-06T22:17:18.787+0000] {processor.py:925} INFO - DAG(s) 'example_xcom_args_with_operators', 'example_xcom_args' retrieved from /home/airflow/.local/lib/python3.12/site-packages/airflow/example_dags/example_xcomargs.py
[2025-04-06T22:17:18.814+0000] {logging_mixin.py:190} INFO - [2025-04-06T22:17:18.814+0000] {dag.py:3239} INFO - Sync 2 DAGs
[2025-04-06T22:17:18.827+0000] {logging_mixin.py:190} INFO - [2025-04-06T22:17:18.827+0000] {dag.py:4180} INFO - Setting next_dagrun for example_xcom_args to None, run_after=None
[2025-04-06T22:17:18.831+0000] {logging_mixin.py:190} INFO - [2025-04-06T22:17:18.830+0000] {dag.py:4180} INFO - Setting next_dagrun for example_xcom_args_with_operators to None, run_after=None
[2025-04-06T22:17:18.848+0000] {processor.py:208} INFO - Processing /home/airflow/.local/lib/python3.12/site-packages/airflow/example_dags/example_xcomargs.py took 0.081 seconds
[2025-04-06T22:17:49.608+0000] {processor.py:186} INFO - Started process (PID=272) to work on /home/airflow/.local/lib/python3.12/site-packages/airflow/example_dags/example_xcomargs.py
[2025-04-06T22:17:49.611+0000] {processor.py:914} INFO - Processing file /home/airflow/.local/lib/python3.12/site-packages/airflow/example_dags/example_xcomargs.py for tasks to queue
[2025-04-06T22:17:49.614+0000] {logging_mixin.py:190} INFO - [2025-04-06T22:17:49.614+0000] {dagbag.py:588} INFO - Filling up the DagBag from /home/airflow/.local/lib/python3.12/site-packages/airflow/example_dags/example_xcomargs.py
[2025-04-06T22:17:49.624+0000] {processor.py:925} INFO - DAG(s) 'example_xcom_args', 'example_xcom_args_with_operators' retrieved from /home/airflow/.local/lib/python3.12/site-packages/airflow/example_dags/example_xcomargs.py
[2025-04-06T22:17:49.649+0000] {logging_mixin.py:190} INFO - [2025-04-06T22:17:49.648+0000] {dag.py:3239} INFO - Sync 2 DAGs
[2025-04-06T22:17:49.666+0000] {logging_mixin.py:190} INFO - [2025-04-06T22:17:49.666+0000] {dag.py:4180} INFO - Setting next_dagrun for example_xcom_args to None, run_after=None
[2025-04-06T22:17:49.671+0000] {logging_mixin.py:190} INFO - [2025-04-06T22:17:49.671+0000] {dag.py:4180} INFO - Setting next_dagrun for example_xcom_args_with_operators to None, run_after=None
[2025-04-06T22:17:49.692+0000] {processor.py:208} INFO - Processing /home/airflow/.local/lib/python3.12/site-packages/airflow/example_dags/example_xcomargs.py took 0.091 seconds
[2025-04-06T22:18:20.318+0000] {processor.py:186} INFO - Started process (PID=337) to work on /home/airflow/.local/lib/python3.12/site-packages/airflow/example_dags/example_xcomargs.py
[2025-04-06T22:18:20.318+0000] {processor.py:914} INFO - Processing file /home/airflow/.local/lib/python3.12/site-packages/airflow/example_dags/example_xcomargs.py for tasks to queue
[2025-04-06T22:18:20.320+0000] {logging_mixin.py:190} INFO - [2025-04-06T22:18:20.320+0000] {dagbag.py:588} INFO - Filling up the DagBag from /home/airflow/.local/lib/python3.12/site-packages/airflow/example_dags/example_xcomargs.py
[2025-04-06T22:18:20.327+0000] {processor.py:925} INFO - DAG(s) 'example_xcom_args_with_operators', 'example_xcom_args' retrieved from /home/airflow/.local/lib/python3.12/site-packages/airflow/example_dags/example_xcomargs.py
[2025-04-06T22:18:20.348+0000] {logging_mixin.py:190} INFO - [2025-04-06T22:18:20.348+0000] {dag.py:3239} INFO - Sync 2 DAGs
[2025-04-06T22:18:20.362+0000] {logging_mixin.py:190} INFO - [2025-04-06T22:18:20.361+0000] {dag.py:4180} INFO - Setting next_dagrun for example_xcom_args to None, run_after=None
[2025-04-06T22:18:20.365+0000] {logging_mixin.py:190} INFO - [2025-04-06T22:18:20.365+0000] {dag.py:4180} INFO - Setting next_dagrun for example_xcom_args_with_operators to None, run_after=None
[2025-04-06T22:18:20.377+0000] {processor.py:208} INFO - Processing /home/airflow/.local/lib/python3.12/site-packages/airflow/example_dags/example_xcomargs.py took 0.064 seconds
[2025-04-06T22:18:50.534+0000] {processor.py:186} INFO - Started process (PID=402) to work on /home/airflow/.local/lib/python3.12/site-packages/airflow/example_dags/example_xcomargs.py
[2025-04-06T22:18:50.535+0000] {processor.py:914} INFO - Processing file /home/airflow/.local/lib/python3.12/site-packages/airflow/example_dags/example_xcomargs.py for tasks to queue
[2025-04-06T22:18:50.539+0000] {logging_mixin.py:190} INFO - [2025-04-06T22:18:50.538+0000] {dagbag.py:588} INFO - Filling up the DagBag from /home/airflow/.local/lib/python3.12/site-packages/airflow/example_dags/example_xcomargs.py
[2025-04-06T22:18:50.547+0000] {processor.py:925} INFO - DAG(s) 'example_xcom_args', 'example_xcom_args_with_operators' retrieved from /home/airflow/.local/lib/python3.12/site-packages/airflow/example_dags/example_xcomargs.py
[2025-04-06T22:18:50.570+0000] {logging_mixin.py:190} INFO - [2025-04-06T22:18:50.569+0000] {dag.py:3239} INFO - Sync 2 DAGs
[2025-04-06T22:18:50.584+0000] {logging_mixin.py:190} INFO - [2025-04-06T22:18:50.584+0000] {dag.py:4180} INFO - Setting next_dagrun for example_xcom_args to None, run_after=None
[2025-04-06T22:18:50.587+0000] {logging_mixin.py:190} INFO - [2025-04-06T22:18:50.587+0000] {dag.py:4180} INFO - Setting next_dagrun for example_xcom_args_with_operators to None, run_after=None
[2025-04-06T22:18:50.599+0000] {processor.py:208} INFO - Processing /home/airflow/.local/lib/python3.12/site-packages/airflow/example_dags/example_xcomargs.py took 0.072 seconds
[2025-04-06T22:19:21.052+0000] {processor.py:186} INFO - Started process (PID=467) to work on /home/airflow/.local/lib/python3.12/site-packages/airflow/example_dags/example_xcomargs.py
[2025-04-06T22:19:21.053+0000] {processor.py:914} INFO - Processing file /home/airflow/.local/lib/python3.12/site-packages/airflow/example_dags/example_xcomargs.py for tasks to queue
[2025-04-06T22:19:21.056+0000] {logging_mixin.py:190} INFO - [2025-04-06T22:19:21.056+0000] {dagbag.py:588} INFO - Filling up the DagBag from /home/airflow/.local/lib/python3.12/site-packages/airflow/example_dags/example_xcomargs.py
[2025-04-06T22:19:21.064+0000] {processor.py:925} INFO - DAG(s) 'example_xcom_args_with_operators', 'example_xcom_args' retrieved from /home/airflow/.local/lib/python3.12/site-packages/airflow/example_dags/example_xcomargs.py
[2025-04-06T22:19:21.084+0000] {logging_mixin.py:190} INFO - [2025-04-06T22:19:21.084+0000] {dag.py:3239} INFO - Sync 2 DAGs
[2025-04-06T22:19:21.098+0000] {logging_mixin.py:190} INFO - [2025-04-06T22:19:21.098+0000] {dag.py:4180} INFO - Setting next_dagrun for example_xcom_args to None, run_after=None
[2025-04-06T22:19:21.101+0000] {logging_mixin.py:190} INFO - [2025-04-06T22:19:21.101+0000] {dag.py:4180} INFO - Setting next_dagrun for example_xcom_args_with_operators to None, run_after=None
[2025-04-06T22:19:21.115+0000] {processor.py:208} INFO - Processing /home/airflow/.local/lib/python3.12/site-packages/airflow/example_dags/example_xcomargs.py took 0.071 seconds
[2025-04-06T22:19:52.183+0000] {processor.py:186} INFO - Started process (PID=532) to work on /home/airflow/.local/lib/python3.12/site-packages/airflow/example_dags/example_xcomargs.py
[2025-04-06T22:19:52.183+0000] {processor.py:914} INFO - Processing file /home/airflow/.local/lib/python3.12/site-packages/airflow/example_dags/example_xcomargs.py for tasks to queue
[2025-04-06T22:19:52.185+0000] {logging_mixin.py:190} INFO - [2025-04-06T22:19:52.185+0000] {dagbag.py:588} INFO - Filling up the DagBag from /home/airflow/.local/lib/python3.12/site-packages/airflow/example_dags/example_xcomargs.py
[2025-04-06T22:19:52.193+0000] {processor.py:925} INFO - DAG(s) 'example_xcom_args_with_operators', 'example_xcom_args' retrieved from /home/airflow/.local/lib/python3.12/site-packages/airflow/example_dags/example_xcomargs.py
[2025-04-06T22:19:52.214+0000] {logging_mixin.py:190} INFO - [2025-04-06T22:19:52.214+0000] {dag.py:3239} INFO - Sync 2 DAGs
[2025-04-06T22:19:52.230+0000] {logging_mixin.py:190} INFO - [2025-04-06T22:19:52.229+0000] {dag.py:4180} INFO - Setting next_dagrun for example_xcom_args to None, run_after=None
[2025-04-06T22:19:52.233+0000] {logging_mixin.py:190} INFO - [2025-04-06T22:19:52.232+0000] {dag.py:4180} INFO - Setting next_dagrun for example_xcom_args_with_operators to None, run_after=None
[2025-04-06T22:19:52.243+0000] {processor.py:208} INFO - Processing /home/airflow/.local/lib/python3.12/site-packages/airflow/example_dags/example_xcomargs.py took 0.065 seconds
[2025-04-06T22:20:22.787+0000] {processor.py:186} INFO - Started process (PID=597) to work on /home/airflow/.local/lib/python3.12/site-packages/airflow/example_dags/example_xcomargs.py
[2025-04-06T22:20:22.788+0000] {processor.py:914} INFO - Processing file /home/airflow/.local/lib/python3.12/site-packages/airflow/example_dags/example_xcomargs.py for tasks to queue
[2025-04-06T22:20:22.789+0000] {logging_mixin.py:190} INFO - [2025-04-06T22:20:22.789+0000] {dagbag.py:588} INFO - Filling up the DagBag from /home/airflow/.local/lib/python3.12/site-packages/airflow/example_dags/example_xcomargs.py
[2025-04-06T22:20:22.796+0000] {processor.py:925} INFO - DAG(s) 'example_xcom_args_with_operators', 'example_xcom_args' retrieved from /home/airflow/.local/lib/python3.12/site-packages/airflow/example_dags/example_xcomargs.py
[2025-04-06T22:20:22.814+0000] {logging_mixin.py:190} INFO - [2025-04-06T22:20:22.814+0000] {dag.py:3239} INFO - Sync 2 DAGs
[2025-04-06T22:20:22.826+0000] {logging_mixin.py:190} INFO - [2025-04-06T22:20:22.826+0000] {dag.py:4180} INFO - Setting next_dagrun for example_xcom_args to None, run_after=None
[2025-04-06T22:20:22.829+0000] {logging_mixin.py:190} INFO - [2025-04-06T22:20:22.828+0000] {dag.py:4180} INFO - Setting next_dagrun for example_xcom_args_with_operators to None, run_after=None
[2025-04-06T22:20:22.838+0000] {processor.py:208} INFO - Processing /home/airflow/.local/lib/python3.12/site-packages/airflow/example_dags/example_xcomargs.py took 0.055 seconds
[2025-04-06T22:20:54.142+0000] {processor.py:186} INFO - Started process (PID=662) to work on /home/airflow/.local/lib/python3.12/site-packages/airflow/example_dags/example_xcomargs.py
[2025-04-06T22:20:54.143+0000] {processor.py:914} INFO - Processing file /home/airflow/.local/lib/python3.12/site-packages/airflow/example_dags/example_xcomargs.py for tasks to queue
[2025-04-06T22:20:54.144+0000] {logging_mixin.py:190} INFO - [2025-04-06T22:20:54.144+0000] {dagbag.py:588} INFO - Filling up the DagBag from /home/airflow/.local/lib/python3.12/site-packages/airflow/example_dags/example_xcomargs.py
[2025-04-06T22:20:54.152+0000] {processor.py:925} INFO - DAG(s) 'example_xcom_args', 'example_xcom_args_with_operators' retrieved from /home/airflow/.local/lib/python3.12/site-packages/airflow/example_dags/example_xcomargs.py
[2025-04-06T22:20:54.173+0000] {logging_mixin.py:190} INFO - [2025-04-06T22:20:54.173+0000] {dag.py:3239} INFO - Sync 2 DAGs
[2025-04-06T22:20:54.187+0000] {logging_mixin.py:190} INFO - [2025-04-06T22:20:54.187+0000] {dag.py:4180} INFO - Setting next_dagrun for example_xcom_args to None, run_after=None
[2025-04-06T22:20:54.190+0000] {logging_mixin.py:190} INFO - [2025-04-06T22:20:54.190+0000] {dag.py:4180} INFO - Setting next_dagrun for example_xcom_args_with_operators to None, run_after=None
[2025-04-06T22:20:54.201+0000] {processor.py:208} INFO - Processing /home/airflow/.local/lib/python3.12/site-packages/airflow/example_dags/example_xcomargs.py took 0.067 seconds
[2025-04-06T22:21:25.245+0000] {processor.py:186} INFO - Started process (PID=727) to work on /home/airflow/.local/lib/python3.12/site-packages/airflow/example_dags/example_xcomargs.py
[2025-04-06T22:21:25.246+0000] {processor.py:914} INFO - Processing file /home/airflow/.local/lib/python3.12/site-packages/airflow/example_dags/example_xcomargs.py for tasks to queue
[2025-04-06T22:21:25.248+0000] {logging_mixin.py:190} INFO - [2025-04-06T22:21:25.248+0000] {dagbag.py:588} INFO - Filling up the DagBag from /home/airflow/.local/lib/python3.12/site-packages/airflow/example_dags/example_xcomargs.py
[2025-04-06T22:21:25.256+0000] {processor.py:925} INFO - DAG(s) 'example_xcom_args', 'example_xcom_args_with_operators' retrieved from /home/airflow/.local/lib/python3.12/site-packages/airflow/example_dags/example_xcomargs.py
[2025-04-06T22:21:25.278+0000] {logging_mixin.py:190} INFO - [2025-04-06T22:21:25.278+0000] {dag.py:3239} INFO - Sync 2 DAGs
[2025-04-06T22:21:25.291+0000] {logging_mixin.py:190} INFO - [2025-04-06T22:21:25.291+0000] {dag.py:4180} INFO - Setting next_dagrun for example_xcom_args to None, run_after=None
[2025-04-06T22:21:25.295+0000] {logging_mixin.py:190} INFO - [2025-04-06T22:21:25.294+0000] {dag.py:4180} INFO - Setting next_dagrun for example_xcom_args_with_operators to None, run_after=None
[2025-04-06T22:21:25.305+0000] {processor.py:208} INFO - Processing /home/airflow/.local/lib/python3.12/site-packages/airflow/example_dags/example_xcomargs.py took 0.066 seconds
[2025-04-06T22:21:56.706+0000] {processor.py:186} INFO - Started process (PID=792) to work on /home/airflow/.local/lib/python3.12/site-packages/airflow/example_dags/example_xcomargs.py
[2025-04-06T22:21:56.707+0000] {processor.py:914} INFO - Processing file /home/airflow/.local/lib/python3.12/site-packages/airflow/example_dags/example_xcomargs.py for tasks to queue
[2025-04-06T22:21:56.710+0000] {logging_mixin.py:190} INFO - [2025-04-06T22:21:56.709+0000] {dagbag.py:588} INFO - Filling up the DagBag from /home/airflow/.local/lib/python3.12/site-packages/airflow/example_dags/example_xcomargs.py
[2025-04-06T22:21:56.718+0000] {processor.py:925} INFO - DAG(s) 'example_xcom_args_with_operators', 'example_xcom_args' retrieved from /home/airflow/.local/lib/python3.12/site-packages/airflow/example_dags/example_xcomargs.py
[2025-04-06T22:21:56.737+0000] {logging_mixin.py:190} INFO - [2025-04-06T22:21:56.737+0000] {dag.py:3239} INFO - Sync 2 DAGs
[2025-04-06T22:21:56.751+0000] {logging_mixin.py:190} INFO - [2025-04-06T22:21:56.750+0000] {dag.py:4180} INFO - Setting next_dagrun for example_xcom_args to None, run_after=None
[2025-04-06T22:21:56.754+0000] {logging_mixin.py:190} INFO - [2025-04-06T22:21:56.753+0000] {dag.py:4180} INFO - Setting next_dagrun for example_xcom_args_with_operators to None, run_after=None
[2025-04-06T22:21:56.765+0000] {processor.py:208} INFO - Processing /home/airflow/.local/lib/python3.12/site-packages/airflow/example_dags/example_xcomargs.py took 0.066 seconds
[2025-04-06T22:22:28.184+0000] {processor.py:186} INFO - Started process (PID=857) to work on /home/airflow/.local/lib/python3.12/site-packages/airflow/example_dags/example_xcomargs.py
[2025-04-06T22:22:28.185+0000] {processor.py:914} INFO - Processing file /home/airflow/.local/lib/python3.12/site-packages/airflow/example_dags/example_xcomargs.py for tasks to queue
[2025-04-06T22:22:28.188+0000] {logging_mixin.py:190} INFO - [2025-04-06T22:22:28.188+0000] {dagbag.py:588} INFO - Filling up the DagBag from /home/airflow/.local/lib/python3.12/site-packages/airflow/example_dags/example_xcomargs.py
[2025-04-06T22:22:28.196+0000] {processor.py:925} INFO - DAG(s) 'example_xcom_args', 'example_xcom_args_with_operators' retrieved from /home/airflow/.local/lib/python3.12/site-packages/airflow/example_dags/example_xcomargs.py
[2025-04-06T22:22:28.217+0000] {logging_mixin.py:190} INFO - [2025-04-06T22:22:28.217+0000] {dag.py:3239} INFO - Sync 2 DAGs
[2025-04-06T22:22:28.230+0000] {logging_mixin.py:190} INFO - [2025-04-06T22:22:28.229+0000] {dag.py:4180} INFO - Setting next_dagrun for example_xcom_args to None, run_after=None
[2025-04-06T22:22:28.233+0000] {logging_mixin.py:190} INFO - [2025-04-06T22:22:28.233+0000] {dag.py:4180} INFO - Setting next_dagrun for example_xcom_args_with_operators to None, run_after=None
[2025-04-06T22:22:28.247+0000] {processor.py:208} INFO - Processing /home/airflow/.local/lib/python3.12/site-packages/airflow/example_dags/example_xcomargs.py took 0.070 seconds
[2025-04-06T22:22:58.447+0000] {processor.py:186} INFO - Started process (PID=922) to work on /home/airflow/.local/lib/python3.12/site-packages/airflow/example_dags/example_xcomargs.py
[2025-04-06T22:22:58.448+0000] {processor.py:914} INFO - Processing file /home/airflow/.local/lib/python3.12/site-packages/airflow/example_dags/example_xcomargs.py for tasks to queue
[2025-04-06T22:22:58.450+0000] {logging_mixin.py:190} INFO - [2025-04-06T22:22:58.450+0000] {dagbag.py:588} INFO - Filling up the DagBag from /home/airflow/.local/lib/python3.12/site-packages/airflow/example_dags/example_xcomargs.py
[2025-04-06T22:22:58.458+0000] {processor.py:925} INFO - DAG(s) 'example_xcom_args', 'example_xcom_args_with_operators' retrieved from /home/airflow/.local/lib/python3.12/site-packages/airflow/example_dags/example_xcomargs.py
[2025-04-06T22:22:58.476+0000] {logging_mixin.py:190} INFO - [2025-04-06T22:22:58.476+0000] {dag.py:3239} INFO - Sync 2 DAGs
[2025-04-06T22:22:58.489+0000] {logging_mixin.py:190} INFO - [2025-04-06T22:22:58.489+0000] {dag.py:4180} INFO - Setting next_dagrun for example_xcom_args to None, run_after=None
[2025-04-06T22:22:58.492+0000] {logging_mixin.py:190} INFO - [2025-04-06T22:22:58.492+0000] {dag.py:4180} INFO - Setting next_dagrun for example_xcom_args_with_operators to None, run_after=None
[2025-04-06T22:22:58.505+0000] {processor.py:208} INFO - Processing /home/airflow/.local/lib/python3.12/site-packages/airflow/example_dags/example_xcomargs.py took 0.062 seconds
[2025-04-06T22:23:29.999+0000] {processor.py:186} INFO - Started process (PID=988) to work on /home/airflow/.local/lib/python3.12/site-packages/airflow/example_dags/example_xcomargs.py
[2025-04-06T22:23:30.000+0000] {processor.py:914} INFO - Processing file /home/airflow/.local/lib/python3.12/site-packages/airflow/example_dags/example_xcomargs.py for tasks to queue
[2025-04-06T22:23:30.003+0000] {logging_mixin.py:190} INFO - [2025-04-06T22:23:30.003+0000] {dagbag.py:588} INFO - Filling up the DagBag from /home/airflow/.local/lib/python3.12/site-packages/airflow/example_dags/example_xcomargs.py
[2025-04-06T22:23:30.014+0000] {processor.py:925} INFO - DAG(s) 'example_xcom_args', 'example_xcom_args_with_operators' retrieved from /home/airflow/.local/lib/python3.12/site-packages/airflow/example_dags/example_xcomargs.py
[2025-04-06T22:23:30.037+0000] {logging_mixin.py:190} INFO - [2025-04-06T22:23:30.037+0000] {dag.py:3239} INFO - Sync 2 DAGs
[2025-04-06T22:23:30.051+0000] {logging_mixin.py:190} INFO - [2025-04-06T22:23:30.051+0000] {dag.py:4180} INFO - Setting next_dagrun for example_xcom_args to None, run_after=None
[2025-04-06T22:23:30.055+0000] {logging_mixin.py:190} INFO - [2025-04-06T22:23:30.055+0000] {dag.py:4180} INFO - Setting next_dagrun for example_xcom_args_with_operators to None, run_after=None
[2025-04-06T22:23:30.070+0000] {processor.py:208} INFO - Processing /home/airflow/.local/lib/python3.12/site-packages/airflow/example_dags/example_xcomargs.py took 0.075 seconds
[2025-04-06T22:24:01.127+0000] {processor.py:186} INFO - Started process (PID=1053) to work on /home/airflow/.local/lib/python3.12/site-packages/airflow/example_dags/example_xcomargs.py
[2025-04-06T22:24:01.128+0000] {processor.py:914} INFO - Processing file /home/airflow/.local/lib/python3.12/site-packages/airflow/example_dags/example_xcomargs.py for tasks to queue
[2025-04-06T22:24:01.129+0000] {logging_mixin.py:190} INFO - [2025-04-06T22:24:01.128+0000] {dagbag.py:588} INFO - Filling up the DagBag from /home/airflow/.local/lib/python3.12/site-packages/airflow/example_dags/example_xcomargs.py
[2025-04-06T22:24:01.136+0000] {processor.py:925} INFO - DAG(s) 'example_xcom_args', 'example_xcom_args_with_operators' retrieved from /home/airflow/.local/lib/python3.12/site-packages/airflow/example_dags/example_xcomargs.py
[2025-04-06T22:24:01.157+0000] {logging_mixin.py:190} INFO - [2025-04-06T22:24:01.156+0000] {dag.py:3239} INFO - Sync 2 DAGs
[2025-04-06T22:24:01.172+0000] {logging_mixin.py:190} INFO - [2025-04-06T22:24:01.172+0000] {dag.py:4180} INFO - Setting next_dagrun for example_xcom_args to None, run_after=None
[2025-04-06T22:24:01.175+0000] {logging_mixin.py:190} INFO - [2025-04-06T22:24:01.175+0000] {dag.py:4180} INFO - Setting next_dagrun for example_xcom_args_with_operators to None, run_after=None
[2025-04-06T22:24:01.187+0000] {processor.py:208} INFO - Processing /home/airflow/.local/lib/python3.12/site-packages/airflow/example_dags/example_xcomargs.py took 0.064 seconds
[2025-04-06T22:24:32.229+0000] {processor.py:186} INFO - Started process (PID=1118) to work on /home/airflow/.local/lib/python3.12/site-packages/airflow/example_dags/example_xcomargs.py
[2025-04-06T22:24:32.230+0000] {processor.py:914} INFO - Processing file /home/airflow/.local/lib/python3.12/site-packages/airflow/example_dags/example_xcomargs.py for tasks to queue
[2025-04-06T22:24:32.232+0000] {logging_mixin.py:190} INFO - [2025-04-06T22:24:32.231+0000] {dagbag.py:588} INFO - Filling up the DagBag from /home/airflow/.local/lib/python3.12/site-packages/airflow/example_dags/example_xcomargs.py
[2025-04-06T22:24:32.239+0000] {processor.py:925} INFO - DAG(s) 'example_xcom_args_with_operators', 'example_xcom_args' retrieved from /home/airflow/.local/lib/python3.12/site-packages/airflow/example_dags/example_xcomargs.py
[2025-04-06T22:24:32.259+0000] {logging_mixin.py:190} INFO - [2025-04-06T22:24:32.258+0000] {dag.py:3239} INFO - Sync 2 DAGs
[2025-04-06T22:24:32.272+0000] {logging_mixin.py:190} INFO - [2025-04-06T22:24:32.272+0000] {dag.py:4180} INFO - Setting next_dagrun for example_xcom_args to None, run_after=None
[2025-04-06T22:24:32.275+0000] {logging_mixin.py:190} INFO - [2025-04-06T22:24:32.275+0000] {dag.py:4180} INFO - Setting next_dagrun for example_xcom_args_with_operators to None, run_after=None
[2025-04-06T22:24:32.288+0000] {processor.py:208} INFO - Processing /home/airflow/.local/lib/python3.12/site-packages/airflow/example_dags/example_xcomargs.py took 0.066 seconds
[2025-04-06T22:25:03.777+0000] {processor.py:186} INFO - Started process (PID=1183) to work on /home/airflow/.local/lib/python3.12/site-packages/airflow/example_dags/example_xcomargs.py
[2025-04-06T22:25:03.777+0000] {processor.py:914} INFO - Processing file /home/airflow/.local/lib/python3.12/site-packages/airflow/example_dags/example_xcomargs.py for tasks to queue
[2025-04-06T22:25:03.778+0000] {logging_mixin.py:190} INFO - [2025-04-06T22:25:03.778+0000] {dagbag.py:588} INFO - Filling up the DagBag from /home/airflow/.local/lib/python3.12/site-packages/airflow/example_dags/example_xcomargs.py
[2025-04-06T22:25:03.787+0000] {processor.py:925} INFO - DAG(s) 'example_xcom_args_with_operators', 'example_xcom_args' retrieved from /home/airflow/.local/lib/python3.12/site-packages/airflow/example_dags/example_xcomargs.py
[2025-04-06T22:25:03.811+0000] {logging_mixin.py:190} INFO - [2025-04-06T22:25:03.811+0000] {dag.py:3239} INFO - Sync 2 DAGs
[2025-04-06T22:25:03.826+0000] {logging_mixin.py:190} INFO - [2025-04-06T22:25:03.826+0000] {dag.py:4180} INFO - Setting next_dagrun for example_xcom_args to None, run_after=None
[2025-04-06T22:25:03.830+0000] {logging_mixin.py:190} INFO - [2025-04-06T22:25:03.830+0000] {dag.py:4180} INFO - Setting next_dagrun for example_xcom_args_with_operators to None, run_after=None
[2025-04-06T22:25:03.845+0000] {processor.py:208} INFO - Processing /home/airflow/.local/lib/python3.12/site-packages/airflow/example_dags/example_xcomargs.py took 0.073 seconds
[2025-04-06T22:25:34.918+0000] {processor.py:186} INFO - Started process (PID=1248) to work on /home/airflow/.local/lib/python3.12/site-packages/airflow/example_dags/example_xcomargs.py
[2025-04-06T22:25:34.919+0000] {processor.py:914} INFO - Processing file /home/airflow/.local/lib/python3.12/site-packages/airflow/example_dags/example_xcomargs.py for tasks to queue
[2025-04-06T22:25:34.919+0000] {logging_mixin.py:190} INFO - [2025-04-06T22:25:34.919+0000] {dagbag.py:588} INFO - Filling up the DagBag from /home/airflow/.local/lib/python3.12/site-packages/airflow/example_dags/example_xcomargs.py
[2025-04-06T22:25:34.927+0000] {processor.py:925} INFO - DAG(s) 'example_xcom_args_with_operators', 'example_xcom_args' retrieved from /home/airflow/.local/lib/python3.12/site-packages/airflow/example_dags/example_xcomargs.py
[2025-04-06T22:25:34.945+0000] {logging_mixin.py:190} INFO - [2025-04-06T22:25:34.945+0000] {dag.py:3239} INFO - Sync 2 DAGs
[2025-04-06T22:25:34.959+0000] {logging_mixin.py:190} INFO - [2025-04-06T22:25:34.959+0000] {dag.py:4180} INFO - Setting next_dagrun for example_xcom_args to None, run_after=None
[2025-04-06T22:25:34.963+0000] {logging_mixin.py:190} INFO - [2025-04-06T22:25:34.962+0000] {dag.py:4180} INFO - Setting next_dagrun for example_xcom_args_with_operators to None, run_after=None
[2025-04-06T22:25:34.975+0000] {processor.py:208} INFO - Processing /home/airflow/.local/lib/python3.12/site-packages/airflow/example_dags/example_xcomargs.py took 0.061 seconds
[2025-04-06T22:26:05.539+0000] {processor.py:186} INFO - Started process (PID=1313) to work on /home/airflow/.local/lib/python3.12/site-packages/airflow/example_dags/example_xcomargs.py
[2025-04-06T22:26:05.540+0000] {processor.py:914} INFO - Processing file /home/airflow/.local/lib/python3.12/site-packages/airflow/example_dags/example_xcomargs.py for tasks to queue
[2025-04-06T22:26:05.541+0000] {logging_mixin.py:190} INFO - [2025-04-06T22:26:05.541+0000] {dagbag.py:588} INFO - Filling up the DagBag from /home/airflow/.local/lib/python3.12/site-packages/airflow/example_dags/example_xcomargs.py
[2025-04-06T22:26:05.550+0000] {processor.py:925} INFO - DAG(s) 'example_xcom_args', 'example_xcom_args_with_operators' retrieved from /home/airflow/.local/lib/python3.12/site-packages/airflow/example_dags/example_xcomargs.py
[2025-04-06T22:26:05.573+0000] {logging_mixin.py:190} INFO - [2025-04-06T22:26:05.573+0000] {dag.py:3239} INFO - Sync 2 DAGs
[2025-04-06T22:26:05.589+0000] {logging_mixin.py:190} INFO - [2025-04-06T22:26:05.588+0000] {dag.py:4180} INFO - Setting next_dagrun for example_xcom_args to None, run_after=None
[2025-04-06T22:26:05.592+0000] {logging_mixin.py:190} INFO - [2025-04-06T22:26:05.591+0000] {dag.py:4180} INFO - Setting next_dagrun for example_xcom_args_with_operators to None, run_after=None
[2025-04-06T22:26:05.604+0000] {processor.py:208} INFO - Processing /home/airflow/.local/lib/python3.12/site-packages/airflow/example_dags/example_xcomargs.py took 0.072 seconds
[2025-04-06T22:27:46.965+0000] {processor.py:186} INFO - Started process (PID=144) to work on /home/airflow/.local/lib/python3.12/site-packages/airflow/example_dags/example_xcomargs.py
[2025-04-06T22:27:46.966+0000] {processor.py:914} INFO - Processing file /home/airflow/.local/lib/python3.12/site-packages/airflow/example_dags/example_xcomargs.py for tasks to queue
[2025-04-06T22:27:46.969+0000] {logging_mixin.py:190} INFO - [2025-04-06T22:27:46.968+0000] {dagbag.py:588} INFO - Filling up the DagBag from /home/airflow/.local/lib/python3.12/site-packages/airflow/example_dags/example_xcomargs.py
[2025-04-06T22:27:46.977+0000] {processor.py:925} INFO - DAG(s) 'example_xcom_args', 'example_xcom_args_with_operators' retrieved from /home/airflow/.local/lib/python3.12/site-packages/airflow/example_dags/example_xcomargs.py
[2025-04-06T22:27:47.004+0000] {logging_mixin.py:190} INFO - [2025-04-06T22:27:47.004+0000] {dag.py:3239} INFO - Sync 2 DAGs
[2025-04-06T22:27:47.022+0000] {logging_mixin.py:190} INFO - [2025-04-06T22:27:47.021+0000] {dag.py:4180} INFO - Setting next_dagrun for example_xcom_args to None, run_after=None
[2025-04-06T22:27:47.025+0000] {logging_mixin.py:190} INFO - [2025-04-06T22:27:47.025+0000] {dag.py:4180} INFO - Setting next_dagrun for example_xcom_args_with_operators to None, run_after=None
[2025-04-06T22:27:47.040+0000] {processor.py:208} INFO - Processing /home/airflow/.local/lib/python3.12/site-packages/airflow/example_dags/example_xcomargs.py took 0.082 seconds
[2025-04-06T22:28:17.486+0000] {processor.py:186} INFO - Started process (PID=209) to work on /home/airflow/.local/lib/python3.12/site-packages/airflow/example_dags/example_xcomargs.py
[2025-04-06T22:28:17.487+0000] {processor.py:914} INFO - Processing file /home/airflow/.local/lib/python3.12/site-packages/airflow/example_dags/example_xcomargs.py for tasks to queue
[2025-04-06T22:28:17.489+0000] {logging_mixin.py:190} INFO - [2025-04-06T22:28:17.489+0000] {dagbag.py:588} INFO - Filling up the DagBag from /home/airflow/.local/lib/python3.12/site-packages/airflow/example_dags/example_xcomargs.py
[2025-04-06T22:28:17.499+0000] {processor.py:925} INFO - DAG(s) 'example_xcom_args', 'example_xcom_args_with_operators' retrieved from /home/airflow/.local/lib/python3.12/site-packages/airflow/example_dags/example_xcomargs.py
[2025-04-06T22:28:17.523+0000] {logging_mixin.py:190} INFO - [2025-04-06T22:28:17.523+0000] {dag.py:3239} INFO - Sync 2 DAGs
[2025-04-06T22:28:17.536+0000] {logging_mixin.py:190} INFO - [2025-04-06T22:28:17.535+0000] {dag.py:4180} INFO - Setting next_dagrun for example_xcom_args to None, run_after=None
[2025-04-06T22:28:17.539+0000] {logging_mixin.py:190} INFO - [2025-04-06T22:28:17.539+0000] {dag.py:4180} INFO - Setting next_dagrun for example_xcom_args_with_operators to None, run_after=None
[2025-04-06T22:28:17.559+0000] {processor.py:208} INFO - Processing /home/airflow/.local/lib/python3.12/site-packages/airflow/example_dags/example_xcomargs.py took 0.082 seconds
[2025-04-06T22:28:47.861+0000] {processor.py:186} INFO - Started process (PID=274) to work on /home/airflow/.local/lib/python3.12/site-packages/airflow/example_dags/example_xcomargs.py
[2025-04-06T22:28:47.861+0000] {processor.py:914} INFO - Processing file /home/airflow/.local/lib/python3.12/site-packages/airflow/example_dags/example_xcomargs.py for tasks to queue
[2025-04-06T22:28:47.863+0000] {logging_mixin.py:190} INFO - [2025-04-06T22:28:47.863+0000] {dagbag.py:588} INFO - Filling up the DagBag from /home/airflow/.local/lib/python3.12/site-packages/airflow/example_dags/example_xcomargs.py
[2025-04-06T22:28:47.870+0000] {processor.py:925} INFO - DAG(s) 'example_xcom_args_with_operators', 'example_xcom_args' retrieved from /home/airflow/.local/lib/python3.12/site-packages/airflow/example_dags/example_xcomargs.py
[2025-04-06T22:28:47.888+0000] {logging_mixin.py:190} INFO - [2025-04-06T22:28:47.888+0000] {dag.py:3239} INFO - Sync 2 DAGs
[2025-04-06T22:28:47.900+0000] {logging_mixin.py:190} INFO - [2025-04-06T22:28:47.900+0000] {dag.py:4180} INFO - Setting next_dagrun for example_xcom_args to None, run_after=None
[2025-04-06T22:28:47.903+0000] {logging_mixin.py:190} INFO - [2025-04-06T22:28:47.903+0000] {dag.py:4180} INFO - Setting next_dagrun for example_xcom_args_with_operators to None, run_after=None
[2025-04-06T22:28:47.915+0000] {processor.py:208} INFO - Processing /home/airflow/.local/lib/python3.12/site-packages/airflow/example_dags/example_xcomargs.py took 0.058 seconds
[2025-04-06T22:29:18.043+0000] {processor.py:186} INFO - Started process (PID=339) to work on /home/airflow/.local/lib/python3.12/site-packages/airflow/example_dags/example_xcomargs.py
[2025-04-06T22:29:18.044+0000] {processor.py:914} INFO - Processing file /home/airflow/.local/lib/python3.12/site-packages/airflow/example_dags/example_xcomargs.py for tasks to queue
[2025-04-06T22:29:18.047+0000] {logging_mixin.py:190} INFO - [2025-04-06T22:29:18.046+0000] {dagbag.py:588} INFO - Filling up the DagBag from /home/airflow/.local/lib/python3.12/site-packages/airflow/example_dags/example_xcomargs.py
[2025-04-06T22:29:18.055+0000] {processor.py:925} INFO - DAG(s) 'example_xcom_args_with_operators', 'example_xcom_args' retrieved from /home/airflow/.local/lib/python3.12/site-packages/airflow/example_dags/example_xcomargs.py
[2025-04-06T22:29:18.077+0000] {logging_mixin.py:190} INFO - [2025-04-06T22:29:18.077+0000] {dag.py:3239} INFO - Sync 2 DAGs
[2025-04-06T22:29:18.092+0000] {logging_mixin.py:190} INFO - [2025-04-06T22:29:18.092+0000] {dag.py:4180} INFO - Setting next_dagrun for example_xcom_args to None, run_after=None
[2025-04-06T22:29:18.096+0000] {logging_mixin.py:190} INFO - [2025-04-06T22:29:18.096+0000] {dag.py:4180} INFO - Setting next_dagrun for example_xcom_args_with_operators to None, run_after=None
[2025-04-06T22:29:18.108+0000] {processor.py:208} INFO - Processing /home/airflow/.local/lib/python3.12/site-packages/airflow/example_dags/example_xcomargs.py took 0.071 seconds
[2025-04-06T22:29:49.100+0000] {processor.py:186} INFO - Started process (PID=404) to work on /home/airflow/.local/lib/python3.12/site-packages/airflow/example_dags/example_xcomargs.py
[2025-04-06T22:29:49.103+0000] {processor.py:914} INFO - Processing file /home/airflow/.local/lib/python3.12/site-packages/airflow/example_dags/example_xcomargs.py for tasks to queue
[2025-04-06T22:29:49.106+0000] {logging_mixin.py:190} INFO - [2025-04-06T22:29:49.105+0000] {dagbag.py:588} INFO - Filling up the DagBag from /home/airflow/.local/lib/python3.12/site-packages/airflow/example_dags/example_xcomargs.py
[2025-04-06T22:29:49.116+0000] {processor.py:925} INFO - DAG(s) 'example_xcom_args', 'example_xcom_args_with_operators' retrieved from /home/airflow/.local/lib/python3.12/site-packages/airflow/example_dags/example_xcomargs.py
[2025-04-06T22:29:49.137+0000] {logging_mixin.py:190} INFO - [2025-04-06T22:29:49.136+0000] {dag.py:3239} INFO - Sync 2 DAGs
[2025-04-06T22:29:49.150+0000] {logging_mixin.py:190} INFO - [2025-04-06T22:29:49.150+0000] {dag.py:4180} INFO - Setting next_dagrun for example_xcom_args to None, run_after=None
[2025-04-06T22:29:49.153+0000] {logging_mixin.py:190} INFO - [2025-04-06T22:29:49.153+0000] {dag.py:4180} INFO - Setting next_dagrun for example_xcom_args_with_operators to None, run_after=None
[2025-04-06T22:29:49.164+0000] {processor.py:208} INFO - Processing /home/airflow/.local/lib/python3.12/site-packages/airflow/example_dags/example_xcomargs.py took 0.071 seconds
[2025-04-06T22:30:19.202+0000] {processor.py:186} INFO - Started process (PID=469) to work on /home/airflow/.local/lib/python3.12/site-packages/airflow/example_dags/example_xcomargs.py
[2025-04-06T22:30:19.202+0000] {processor.py:914} INFO - Processing file /home/airflow/.local/lib/python3.12/site-packages/airflow/example_dags/example_xcomargs.py for tasks to queue
[2025-04-06T22:30:19.204+0000] {logging_mixin.py:190} INFO - [2025-04-06T22:30:19.204+0000] {dagbag.py:588} INFO - Filling up the DagBag from /home/airflow/.local/lib/python3.12/site-packages/airflow/example_dags/example_xcomargs.py
[2025-04-06T22:30:19.211+0000] {processor.py:925} INFO - DAG(s) 'example_xcom_args_with_operators', 'example_xcom_args' retrieved from /home/airflow/.local/lib/python3.12/site-packages/airflow/example_dags/example_xcomargs.py
[2025-04-06T22:30:19.231+0000] {logging_mixin.py:190} INFO - [2025-04-06T22:30:19.231+0000] {dag.py:3239} INFO - Sync 2 DAGs
[2025-04-06T22:30:19.245+0000] {logging_mixin.py:190} INFO - [2025-04-06T22:30:19.245+0000] {dag.py:4180} INFO - Setting next_dagrun for example_xcom_args to None, run_after=None
[2025-04-06T22:30:19.248+0000] {logging_mixin.py:190} INFO - [2025-04-06T22:30:19.248+0000] {dag.py:4180} INFO - Setting next_dagrun for example_xcom_args_with_operators to None, run_after=None
[2025-04-06T22:30:19.258+0000] {processor.py:208} INFO - Processing /home/airflow/.local/lib/python3.12/site-packages/airflow/example_dags/example_xcomargs.py took 0.061 seconds
[2025-04-06T22:30:49.619+0000] {processor.py:186} INFO - Started process (PID=534) to work on /home/airflow/.local/lib/python3.12/site-packages/airflow/example_dags/example_xcomargs.py
[2025-04-06T22:30:49.620+0000] {processor.py:914} INFO - Processing file /home/airflow/.local/lib/python3.12/site-packages/airflow/example_dags/example_xcomargs.py for tasks to queue
[2025-04-06T22:30:49.623+0000] {logging_mixin.py:190} INFO - [2025-04-06T22:30:49.623+0000] {dagbag.py:588} INFO - Filling up the DagBag from /home/airflow/.local/lib/python3.12/site-packages/airflow/example_dags/example_xcomargs.py
[2025-04-06T22:30:49.631+0000] {processor.py:925} INFO - DAG(s) 'example_xcom_args_with_operators', 'example_xcom_args' retrieved from /home/airflow/.local/lib/python3.12/site-packages/airflow/example_dags/example_xcomargs.py
[2025-04-06T22:30:49.648+0000] {logging_mixin.py:190} INFO - [2025-04-06T22:30:49.648+0000] {dag.py:3239} INFO - Sync 2 DAGs
[2025-04-06T22:30:49.661+0000] {logging_mixin.py:190} INFO - [2025-04-06T22:30:49.661+0000] {dag.py:4180} INFO - Setting next_dagrun for example_xcom_args to None, run_after=None
[2025-04-06T22:30:49.665+0000] {logging_mixin.py:190} INFO - [2025-04-06T22:30:49.664+0000] {dag.py:4180} INFO - Setting next_dagrun for example_xcom_args_with_operators to None, run_after=None
[2025-04-06T22:30:49.676+0000] {processor.py:208} INFO - Processing /home/airflow/.local/lib/python3.12/site-packages/airflow/example_dags/example_xcomargs.py took 0.064 seconds
[2025-04-06T22:31:20.772+0000] {processor.py:186} INFO - Started process (PID=599) to work on /home/airflow/.local/lib/python3.12/site-packages/airflow/example_dags/example_xcomargs.py
[2025-04-06T22:31:20.773+0000] {processor.py:914} INFO - Processing file /home/airflow/.local/lib/python3.12/site-packages/airflow/example_dags/example_xcomargs.py for tasks to queue
[2025-04-06T22:31:20.776+0000] {logging_mixin.py:190} INFO - [2025-04-06T22:31:20.776+0000] {dagbag.py:588} INFO - Filling up the DagBag from /home/airflow/.local/lib/python3.12/site-packages/airflow/example_dags/example_xcomargs.py
[2025-04-06T22:31:20.784+0000] {processor.py:925} INFO - DAG(s) 'example_xcom_args', 'example_xcom_args_with_operators' retrieved from /home/airflow/.local/lib/python3.12/site-packages/airflow/example_dags/example_xcomargs.py
[2025-04-06T22:31:20.804+0000] {logging_mixin.py:190} INFO - [2025-04-06T22:31:20.804+0000] {dag.py:3239} INFO - Sync 2 DAGs
[2025-04-06T22:31:20.817+0000] {logging_mixin.py:190} INFO - [2025-04-06T22:31:20.817+0000] {dag.py:4180} INFO - Setting next_dagrun for example_xcom_args to None, run_after=None
[2025-04-06T22:31:20.820+0000] {logging_mixin.py:190} INFO - [2025-04-06T22:31:20.820+0000] {dag.py:4180} INFO - Setting next_dagrun for example_xcom_args_with_operators to None, run_after=None
[2025-04-06T22:31:20.831+0000] {processor.py:208} INFO - Processing /home/airflow/.local/lib/python3.12/site-packages/airflow/example_dags/example_xcomargs.py took 0.066 seconds
[2025-04-06T22:31:51.442+0000] {processor.py:186} INFO - Started process (PID=664) to work on /home/airflow/.local/lib/python3.12/site-packages/airflow/example_dags/example_xcomargs.py
[2025-04-06T22:31:51.443+0000] {processor.py:914} INFO - Processing file /home/airflow/.local/lib/python3.12/site-packages/airflow/example_dags/example_xcomargs.py for tasks to queue
[2025-04-06T22:31:51.446+0000] {logging_mixin.py:190} INFO - [2025-04-06T22:31:51.445+0000] {dagbag.py:588} INFO - Filling up the DagBag from /home/airflow/.local/lib/python3.12/site-packages/airflow/example_dags/example_xcomargs.py
[2025-04-06T22:31:51.453+0000] {processor.py:925} INFO - DAG(s) 'example_xcom_args', 'example_xcom_args_with_operators' retrieved from /home/airflow/.local/lib/python3.12/site-packages/airflow/example_dags/example_xcomargs.py
[2025-04-06T22:31:51.474+0000] {logging_mixin.py:190} INFO - [2025-04-06T22:31:51.474+0000] {dag.py:3239} INFO - Sync 2 DAGs
[2025-04-06T22:31:51.487+0000] {logging_mixin.py:190} INFO - [2025-04-06T22:31:51.487+0000] {dag.py:4180} INFO - Setting next_dagrun for example_xcom_args to None, run_after=None
[2025-04-06T22:31:51.490+0000] {logging_mixin.py:190} INFO - [2025-04-06T22:31:51.490+0000] {dag.py:4180} INFO - Setting next_dagrun for example_xcom_args_with_operators to None, run_after=None
[2025-04-06T22:31:51.501+0000] {processor.py:208} INFO - Processing /home/airflow/.local/lib/python3.12/site-packages/airflow/example_dags/example_xcomargs.py took 0.066 seconds
[2025-04-06T22:32:21.832+0000] {processor.py:186} INFO - Started process (PID=729) to work on /home/airflow/.local/lib/python3.12/site-packages/airflow/example_dags/example_xcomargs.py
[2025-04-06T22:32:21.833+0000] {processor.py:914} INFO - Processing file /home/airflow/.local/lib/python3.12/site-packages/airflow/example_dags/example_xcomargs.py for tasks to queue
[2025-04-06T22:32:21.835+0000] {logging_mixin.py:190} INFO - [2025-04-06T22:32:21.835+0000] {dagbag.py:588} INFO - Filling up the DagBag from /home/airflow/.local/lib/python3.12/site-packages/airflow/example_dags/example_xcomargs.py
[2025-04-06T22:32:21.844+0000] {processor.py:925} INFO - DAG(s) 'example_xcom_args_with_operators', 'example_xcom_args' retrieved from /home/airflow/.local/lib/python3.12/site-packages/airflow/example_dags/example_xcomargs.py
[2025-04-06T22:32:21.865+0000] {logging_mixin.py:190} INFO - [2025-04-06T22:32:21.865+0000] {dag.py:3239} INFO - Sync 2 DAGs
[2025-04-06T22:32:21.877+0000] {logging_mixin.py:190} INFO - [2025-04-06T22:32:21.877+0000] {dag.py:4180} INFO - Setting next_dagrun for example_xcom_args to None, run_after=None
[2025-04-06T22:32:21.880+0000] {logging_mixin.py:190} INFO - [2025-04-06T22:32:21.880+0000] {dag.py:4180} INFO - Setting next_dagrun for example_xcom_args_with_operators to None, run_after=None
[2025-04-06T22:32:21.891+0000] {processor.py:208} INFO - Processing /home/airflow/.local/lib/python3.12/site-packages/airflow/example_dags/example_xcomargs.py took 0.068 seconds
[2025-04-06T22:32:52.675+0000] {processor.py:186} INFO - Started process (PID=794) to work on /home/airflow/.local/lib/python3.12/site-packages/airflow/example_dags/example_xcomargs.py
[2025-04-06T22:32:52.676+0000] {processor.py:914} INFO - Processing file /home/airflow/.local/lib/python3.12/site-packages/airflow/example_dags/example_xcomargs.py for tasks to queue
[2025-04-06T22:32:52.679+0000] {logging_mixin.py:190} INFO - [2025-04-06T22:32:52.679+0000] {dagbag.py:588} INFO - Filling up the DagBag from /home/airflow/.local/lib/python3.12/site-packages/airflow/example_dags/example_xcomargs.py
[2025-04-06T22:32:52.687+0000] {processor.py:925} INFO - DAG(s) 'example_xcom_args', 'example_xcom_args_with_operators' retrieved from /home/airflow/.local/lib/python3.12/site-packages/airflow/example_dags/example_xcomargs.py
[2025-04-06T22:32:52.708+0000] {logging_mixin.py:190} INFO - [2025-04-06T22:32:52.708+0000] {dag.py:3239} INFO - Sync 2 DAGs
[2025-04-06T22:32:52.721+0000] {logging_mixin.py:190} INFO - [2025-04-06T22:32:52.721+0000] {dag.py:4180} INFO - Setting next_dagrun for example_xcom_args to None, run_after=None
[2025-04-06T22:32:52.724+0000] {logging_mixin.py:190} INFO - [2025-04-06T22:32:52.724+0000] {dag.py:4180} INFO - Setting next_dagrun for example_xcom_args_with_operators to None, run_after=None
[2025-04-06T22:32:52.735+0000] {processor.py:208} INFO - Processing /home/airflow/.local/lib/python3.12/site-packages/airflow/example_dags/example_xcomargs.py took 0.068 seconds
[2025-04-06T22:33:23.220+0000] {processor.py:186} INFO - Started process (PID=859) to work on /home/airflow/.local/lib/python3.12/site-packages/airflow/example_dags/example_xcomargs.py
[2025-04-06T22:33:23.220+0000] {processor.py:914} INFO - Processing file /home/airflow/.local/lib/python3.12/site-packages/airflow/example_dags/example_xcomargs.py for tasks to queue
[2025-04-06T22:33:23.223+0000] {logging_mixin.py:190} INFO - [2025-04-06T22:33:23.223+0000] {dagbag.py:588} INFO - Filling up the DagBag from /home/airflow/.local/lib/python3.12/site-packages/airflow/example_dags/example_xcomargs.py
[2025-04-06T22:33:23.235+0000] {processor.py:925} INFO - DAG(s) 'example_xcom_args_with_operators', 'example_xcom_args' retrieved from /home/airflow/.local/lib/python3.12/site-packages/airflow/example_dags/example_xcomargs.py
[2025-04-06T22:33:23.256+0000] {logging_mixin.py:190} INFO - [2025-04-06T22:33:23.256+0000] {dag.py:3239} INFO - Sync 2 DAGs
[2025-04-06T22:33:23.270+0000] {logging_mixin.py:190} INFO - [2025-04-06T22:33:23.270+0000] {dag.py:4180} INFO - Setting next_dagrun for example_xcom_args to None, run_after=None
[2025-04-06T22:33:23.273+0000] {logging_mixin.py:190} INFO - [2025-04-06T22:33:23.273+0000] {dag.py:4180} INFO - Setting next_dagrun for example_xcom_args_with_operators to None, run_after=None
[2025-04-06T22:33:23.288+0000] {processor.py:208} INFO - Processing /home/airflow/.local/lib/python3.12/site-packages/airflow/example_dags/example_xcomargs.py took 0.073 seconds
[2025-04-06T22:33:53.928+0000] {processor.py:186} INFO - Started process (PID=924) to work on /home/airflow/.local/lib/python3.12/site-packages/airflow/example_dags/example_xcomargs.py
[2025-04-06T22:33:53.928+0000] {processor.py:914} INFO - Processing file /home/airflow/.local/lib/python3.12/site-packages/airflow/example_dags/example_xcomargs.py for tasks to queue
[2025-04-06T22:33:53.930+0000] {logging_mixin.py:190} INFO - [2025-04-06T22:33:53.930+0000] {dagbag.py:588} INFO - Filling up the DagBag from /home/airflow/.local/lib/python3.12/site-packages/airflow/example_dags/example_xcomargs.py
[2025-04-06T22:33:53.937+0000] {processor.py:925} INFO - DAG(s) 'example_xcom_args_with_operators', 'example_xcom_args' retrieved from /home/airflow/.local/lib/python3.12/site-packages/airflow/example_dags/example_xcomargs.py
[2025-04-06T22:33:53.955+0000] {logging_mixin.py:190} INFO - [2025-04-06T22:33:53.955+0000] {dag.py:3239} INFO - Sync 2 DAGs
[2025-04-06T22:33:53.969+0000] {logging_mixin.py:190} INFO - [2025-04-06T22:33:53.968+0000] {dag.py:4180} INFO - Setting next_dagrun for example_xcom_args to None, run_after=None
[2025-04-06T22:33:53.972+0000] {logging_mixin.py:190} INFO - [2025-04-06T22:33:53.972+0000] {dag.py:4180} INFO - Setting next_dagrun for example_xcom_args_with_operators to None, run_after=None
[2025-04-06T22:33:53.984+0000] {processor.py:208} INFO - Processing /home/airflow/.local/lib/python3.12/site-packages/airflow/example_dags/example_xcomargs.py took 0.060 seconds
[2025-04-06T22:34:24.809+0000] {processor.py:186} INFO - Started process (PID=989) to work on /home/airflow/.local/lib/python3.12/site-packages/airflow/example_dags/example_xcomargs.py
[2025-04-06T22:34:24.810+0000] {processor.py:914} INFO - Processing file /home/airflow/.local/lib/python3.12/site-packages/airflow/example_dags/example_xcomargs.py for tasks to queue
[2025-04-06T22:34:24.812+0000] {logging_mixin.py:190} INFO - [2025-04-06T22:34:24.812+0000] {dagbag.py:588} INFO - Filling up the DagBag from /home/airflow/.local/lib/python3.12/site-packages/airflow/example_dags/example_xcomargs.py
[2025-04-06T22:34:24.819+0000] {processor.py:925} INFO - DAG(s) 'example_xcom_args', 'example_xcom_args_with_operators' retrieved from /home/airflow/.local/lib/python3.12/site-packages/airflow/example_dags/example_xcomargs.py
[2025-04-06T22:34:24.840+0000] {logging_mixin.py:190} INFO - [2025-04-06T22:34:24.840+0000] {dag.py:3239} INFO - Sync 2 DAGs
[2025-04-06T22:34:24.853+0000] {logging_mixin.py:190} INFO - [2025-04-06T22:34:24.853+0000] {dag.py:4180} INFO - Setting next_dagrun for example_xcom_args to None, run_after=None
[2025-04-06T22:34:24.856+0000] {logging_mixin.py:190} INFO - [2025-04-06T22:34:24.856+0000] {dag.py:4180} INFO - Setting next_dagrun for example_xcom_args_with_operators to None, run_after=None
[2025-04-06T22:34:24.868+0000] {processor.py:208} INFO - Processing /home/airflow/.local/lib/python3.12/site-packages/airflow/example_dags/example_xcomargs.py took 0.067 seconds
[2025-04-06T22:34:55.182+0000] {processor.py:186} INFO - Started process (PID=1054) to work on /home/airflow/.local/lib/python3.12/site-packages/airflow/example_dags/example_xcomargs.py
[2025-04-06T22:34:55.183+0000] {processor.py:914} INFO - Processing file /home/airflow/.local/lib/python3.12/site-packages/airflow/example_dags/example_xcomargs.py for tasks to queue
[2025-04-06T22:34:55.185+0000] {logging_mixin.py:190} INFO - [2025-04-06T22:34:55.185+0000] {dagbag.py:588} INFO - Filling up the DagBag from /home/airflow/.local/lib/python3.12/site-packages/airflow/example_dags/example_xcomargs.py
[2025-04-06T22:34:55.192+0000] {processor.py:925} INFO - DAG(s) 'example_xcom_args', 'example_xcom_args_with_operators' retrieved from /home/airflow/.local/lib/python3.12/site-packages/airflow/example_dags/example_xcomargs.py
[2025-04-06T22:34:55.212+0000] {logging_mixin.py:190} INFO - [2025-04-06T22:34:55.212+0000] {dag.py:3239} INFO - Sync 2 DAGs
[2025-04-06T22:34:55.226+0000] {logging_mixin.py:190} INFO - [2025-04-06T22:34:55.226+0000] {dag.py:4180} INFO - Setting next_dagrun for example_xcom_args to None, run_after=None
[2025-04-06T22:34:55.229+0000] {logging_mixin.py:190} INFO - [2025-04-06T22:34:55.229+0000] {dag.py:4180} INFO - Setting next_dagrun for example_xcom_args_with_operators to None, run_after=None
[2025-04-06T22:34:55.241+0000] {processor.py:208} INFO - Processing /home/airflow/.local/lib/python3.12/site-packages/airflow/example_dags/example_xcomargs.py took 0.063 seconds
[2025-04-06T22:35:26.258+0000] {processor.py:186} INFO - Started process (PID=1119) to work on /home/airflow/.local/lib/python3.12/site-packages/airflow/example_dags/example_xcomargs.py
[2025-04-06T22:35:26.259+0000] {processor.py:914} INFO - Processing file /home/airflow/.local/lib/python3.12/site-packages/airflow/example_dags/example_xcomargs.py for tasks to queue
[2025-04-06T22:35:26.263+0000] {logging_mixin.py:190} INFO - [2025-04-06T22:35:26.262+0000] {dagbag.py:588} INFO - Filling up the DagBag from /home/airflow/.local/lib/python3.12/site-packages/airflow/example_dags/example_xcomargs.py
[2025-04-06T22:35:26.272+0000] {processor.py:925} INFO - DAG(s) 'example_xcom_args', 'example_xcom_args_with_operators' retrieved from /home/airflow/.local/lib/python3.12/site-packages/airflow/example_dags/example_xcomargs.py
[2025-04-06T22:35:26.294+0000] {logging_mixin.py:190} INFO - [2025-04-06T22:35:26.293+0000] {dag.py:3239} INFO - Sync 2 DAGs
[2025-04-06T22:35:26.307+0000] {logging_mixin.py:190} INFO - [2025-04-06T22:35:26.306+0000] {dag.py:4180} INFO - Setting next_dagrun for example_xcom_args to None, run_after=None
[2025-04-06T22:35:26.310+0000] {logging_mixin.py:190} INFO - [2025-04-06T22:35:26.310+0000] {dag.py:4180} INFO - Setting next_dagrun for example_xcom_args_with_operators to None, run_after=None
[2025-04-06T22:35:26.322+0000] {processor.py:208} INFO - Processing /home/airflow/.local/lib/python3.12/site-packages/airflow/example_dags/example_xcomargs.py took 0.070 seconds
[2025-04-06T22:35:56.845+0000] {processor.py:186} INFO - Started process (PID=1185) to work on /home/airflow/.local/lib/python3.12/site-packages/airflow/example_dags/example_xcomargs.py
[2025-04-06T22:35:56.846+0000] {processor.py:914} INFO - Processing file /home/airflow/.local/lib/python3.12/site-packages/airflow/example_dags/example_xcomargs.py for tasks to queue
[2025-04-06T22:35:56.847+0000] {logging_mixin.py:190} INFO - [2025-04-06T22:35:56.847+0000] {dagbag.py:588} INFO - Filling up the DagBag from /home/airflow/.local/lib/python3.12/site-packages/airflow/example_dags/example_xcomargs.py
[2025-04-06T22:35:56.855+0000] {processor.py:925} INFO - DAG(s) 'example_xcom_args_with_operators', 'example_xcom_args' retrieved from /home/airflow/.local/lib/python3.12/site-packages/airflow/example_dags/example_xcomargs.py
[2025-04-06T22:35:56.876+0000] {logging_mixin.py:190} INFO - [2025-04-06T22:35:56.876+0000] {dag.py:3239} INFO - Sync 2 DAGs
[2025-04-06T22:35:56.890+0000] {logging_mixin.py:190} INFO - [2025-04-06T22:35:56.890+0000] {dag.py:4180} INFO - Setting next_dagrun for example_xcom_args to None, run_after=None
[2025-04-06T22:35:56.893+0000] {logging_mixin.py:190} INFO - [2025-04-06T22:35:56.893+0000] {dag.py:4180} INFO - Setting next_dagrun for example_xcom_args_with_operators to None, run_after=None
[2025-04-06T22:35:56.905+0000] {processor.py:208} INFO - Processing /home/airflow/.local/lib/python3.12/site-packages/airflow/example_dags/example_xcomargs.py took 0.064 seconds
[2025-04-06T22:36:27.539+0000] {processor.py:186} INFO - Started process (PID=1250) to work on /home/airflow/.local/lib/python3.12/site-packages/airflow/example_dags/example_xcomargs.py
[2025-04-06T22:36:27.540+0000] {processor.py:914} INFO - Processing file /home/airflow/.local/lib/python3.12/site-packages/airflow/example_dags/example_xcomargs.py for tasks to queue
[2025-04-06T22:36:27.543+0000] {logging_mixin.py:190} INFO - [2025-04-06T22:36:27.543+0000] {dagbag.py:588} INFO - Filling up the DagBag from /home/airflow/.local/lib/python3.12/site-packages/airflow/example_dags/example_xcomargs.py
[2025-04-06T22:36:27.550+0000] {processor.py:925} INFO - DAG(s) 'example_xcom_args', 'example_xcom_args_with_operators' retrieved from /home/airflow/.local/lib/python3.12/site-packages/airflow/example_dags/example_xcomargs.py
[2025-04-06T22:36:27.572+0000] {logging_mixin.py:190} INFO - [2025-04-06T22:36:27.572+0000] {dag.py:3239} INFO - Sync 2 DAGs
[2025-04-06T22:36:27.587+0000] {logging_mixin.py:190} INFO - [2025-04-06T22:36:27.586+0000] {dag.py:4180} INFO - Setting next_dagrun for example_xcom_args to None, run_after=None
[2025-04-06T22:36:27.590+0000] {logging_mixin.py:190} INFO - [2025-04-06T22:36:27.590+0000] {dag.py:4180} INFO - Setting next_dagrun for example_xcom_args_with_operators to None, run_after=None
[2025-04-06T22:36:27.602+0000] {processor.py:208} INFO - Processing /home/airflow/.local/lib/python3.12/site-packages/airflow/example_dags/example_xcomargs.py took 0.071 seconds
[2025-04-06T22:36:58.178+0000] {processor.py:186} INFO - Started process (PID=1315) to work on /home/airflow/.local/lib/python3.12/site-packages/airflow/example_dags/example_xcomargs.py
[2025-04-06T22:36:58.179+0000] {processor.py:914} INFO - Processing file /home/airflow/.local/lib/python3.12/site-packages/airflow/example_dags/example_xcomargs.py for tasks to queue
[2025-04-06T22:36:58.182+0000] {logging_mixin.py:190} INFO - [2025-04-06T22:36:58.182+0000] {dagbag.py:588} INFO - Filling up the DagBag from /home/airflow/.local/lib/python3.12/site-packages/airflow/example_dags/example_xcomargs.py
[2025-04-06T22:36:58.190+0000] {processor.py:925} INFO - DAG(s) 'example_xcom_args', 'example_xcom_args_with_operators' retrieved from /home/airflow/.local/lib/python3.12/site-packages/airflow/example_dags/example_xcomargs.py
[2025-04-06T22:36:58.211+0000] {logging_mixin.py:190} INFO - [2025-04-06T22:36:58.211+0000] {dag.py:3239} INFO - Sync 2 DAGs
[2025-04-06T22:36:58.224+0000] {logging_mixin.py:190} INFO - [2025-04-06T22:36:58.224+0000] {dag.py:4180} INFO - Setting next_dagrun for example_xcom_args to None, run_after=None
[2025-04-06T22:36:58.227+0000] {logging_mixin.py:190} INFO - [2025-04-06T22:36:58.227+0000] {dag.py:4180} INFO - Setting next_dagrun for example_xcom_args_with_operators to None, run_after=None
[2025-04-06T22:36:58.239+0000] {processor.py:208} INFO - Processing /home/airflow/.local/lib/python3.12/site-packages/airflow/example_dags/example_xcomargs.py took 0.068 seconds
[2025-04-06T22:37:28.764+0000] {processor.py:186} INFO - Started process (PID=1380) to work on /home/airflow/.local/lib/python3.12/site-packages/airflow/example_dags/example_xcomargs.py
[2025-04-06T22:37:28.765+0000] {processor.py:914} INFO - Processing file /home/airflow/.local/lib/python3.12/site-packages/airflow/example_dags/example_xcomargs.py for tasks to queue
[2025-04-06T22:37:28.768+0000] {logging_mixin.py:190} INFO - [2025-04-06T22:37:28.768+0000] {dagbag.py:588} INFO - Filling up the DagBag from /home/airflow/.local/lib/python3.12/site-packages/airflow/example_dags/example_xcomargs.py
[2025-04-06T22:37:28.776+0000] {processor.py:925} INFO - DAG(s) 'example_xcom_args_with_operators', 'example_xcom_args' retrieved from /home/airflow/.local/lib/python3.12/site-packages/airflow/example_dags/example_xcomargs.py
[2025-04-06T22:37:28.796+0000] {logging_mixin.py:190} INFO - [2025-04-06T22:37:28.796+0000] {dag.py:3239} INFO - Sync 2 DAGs
[2025-04-06T22:37:28.809+0000] {logging_mixin.py:190} INFO - [2025-04-06T22:37:28.809+0000] {dag.py:4180} INFO - Setting next_dagrun for example_xcom_args to None, run_after=None
[2025-04-06T22:37:28.812+0000] {logging_mixin.py:190} INFO - [2025-04-06T22:37:28.812+0000] {dag.py:4180} INFO - Setting next_dagrun for example_xcom_args_with_operators to None, run_after=None
[2025-04-06T22:37:28.824+0000] {processor.py:208} INFO - Processing /home/airflow/.local/lib/python3.12/site-packages/airflow/example_dags/example_xcomargs.py took 0.067 seconds
[2025-04-06T22:37:59.638+0000] {processor.py:186} INFO - Started process (PID=1445) to work on /home/airflow/.local/lib/python3.12/site-packages/airflow/example_dags/example_xcomargs.py
[2025-04-06T22:37:59.639+0000] {processor.py:914} INFO - Processing file /home/airflow/.local/lib/python3.12/site-packages/airflow/example_dags/example_xcomargs.py for tasks to queue
[2025-04-06T22:37:59.642+0000] {logging_mixin.py:190} INFO - [2025-04-06T22:37:59.642+0000] {dagbag.py:588} INFO - Filling up the DagBag from /home/airflow/.local/lib/python3.12/site-packages/airflow/example_dags/example_xcomargs.py
[2025-04-06T22:37:59.650+0000] {processor.py:925} INFO - DAG(s) 'example_xcom_args_with_operators', 'example_xcom_args' retrieved from /home/airflow/.local/lib/python3.12/site-packages/airflow/example_dags/example_xcomargs.py
[2025-04-06T22:37:59.670+0000] {logging_mixin.py:190} INFO - [2025-04-06T22:37:59.670+0000] {dag.py:3239} INFO - Sync 2 DAGs
[2025-04-06T22:37:59.683+0000] {logging_mixin.py:190} INFO - [2025-04-06T22:37:59.683+0000] {dag.py:4180} INFO - Setting next_dagrun for example_xcom_args to None, run_after=None
[2025-04-06T22:37:59.686+0000] {logging_mixin.py:190} INFO - [2025-04-06T22:37:59.686+0000] {dag.py:4180} INFO - Setting next_dagrun for example_xcom_args_with_operators to None, run_after=None
[2025-04-06T22:37:59.697+0000] {processor.py:208} INFO - Processing /home/airflow/.local/lib/python3.12/site-packages/airflow/example_dags/example_xcomargs.py took 0.066 seconds
[2025-04-06T22:38:30.258+0000] {processor.py:186} INFO - Started process (PID=1510) to work on /home/airflow/.local/lib/python3.12/site-packages/airflow/example_dags/example_xcomargs.py
[2025-04-06T22:38:30.259+0000] {processor.py:914} INFO - Processing file /home/airflow/.local/lib/python3.12/site-packages/airflow/example_dags/example_xcomargs.py for tasks to queue
[2025-04-06T22:38:30.261+0000] {logging_mixin.py:190} INFO - [2025-04-06T22:38:30.261+0000] {dagbag.py:588} INFO - Filling up the DagBag from /home/airflow/.local/lib/python3.12/site-packages/airflow/example_dags/example_xcomargs.py
[2025-04-06T22:38:30.269+0000] {processor.py:925} INFO - DAG(s) 'example_xcom_args', 'example_xcom_args_with_operators' retrieved from /home/airflow/.local/lib/python3.12/site-packages/airflow/example_dags/example_xcomargs.py
[2025-04-06T22:38:30.291+0000] {logging_mixin.py:190} INFO - [2025-04-06T22:38:30.291+0000] {dag.py:3239} INFO - Sync 2 DAGs
[2025-04-06T22:38:30.304+0000] {logging_mixin.py:190} INFO - [2025-04-06T22:38:30.304+0000] {dag.py:4180} INFO - Setting next_dagrun for example_xcom_args to None, run_after=None
[2025-04-06T22:38:30.307+0000] {logging_mixin.py:190} INFO - [2025-04-06T22:38:30.307+0000] {dag.py:4180} INFO - Setting next_dagrun for example_xcom_args_with_operators to None, run_after=None
[2025-04-06T22:38:30.318+0000] {processor.py:208} INFO - Processing /home/airflow/.local/lib/python3.12/site-packages/airflow/example_dags/example_xcomargs.py took 0.065 seconds
[2025-04-06T22:39:00.602+0000] {processor.py:186} INFO - Started process (PID=1575) to work on /home/airflow/.local/lib/python3.12/site-packages/airflow/example_dags/example_xcomargs.py
[2025-04-06T22:39:00.603+0000] {processor.py:914} INFO - Processing file /home/airflow/.local/lib/python3.12/site-packages/airflow/example_dags/example_xcomargs.py for tasks to queue
[2025-04-06T22:39:00.606+0000] {logging_mixin.py:190} INFO - [2025-04-06T22:39:00.605+0000] {dagbag.py:588} INFO - Filling up the DagBag from /home/airflow/.local/lib/python3.12/site-packages/airflow/example_dags/example_xcomargs.py
[2025-04-06T22:39:00.614+0000] {processor.py:925} INFO - DAG(s) 'example_xcom_args', 'example_xcom_args_with_operators' retrieved from /home/airflow/.local/lib/python3.12/site-packages/airflow/example_dags/example_xcomargs.py
[2025-04-06T22:39:00.635+0000] {logging_mixin.py:190} INFO - [2025-04-06T22:39:00.635+0000] {dag.py:3239} INFO - Sync 2 DAGs
[2025-04-06T22:39:00.648+0000] {logging_mixin.py:190} INFO - [2025-04-06T22:39:00.648+0000] {dag.py:4180} INFO - Setting next_dagrun for example_xcom_args to None, run_after=None
[2025-04-06T22:39:00.651+0000] {logging_mixin.py:190} INFO - [2025-04-06T22:39:00.651+0000] {dag.py:4180} INFO - Setting next_dagrun for example_xcom_args_with_operators to None, run_after=None
[2025-04-06T22:39:00.662+0000] {processor.py:208} INFO - Processing /home/airflow/.local/lib/python3.12/site-packages/airflow/example_dags/example_xcomargs.py took 0.068 seconds
[2025-04-06T22:39:33.200+0000] {processor.py:186} INFO - Started process (PID=1640) to work on /home/airflow/.local/lib/python3.12/site-packages/airflow/example_dags/example_xcomargs.py
[2025-04-06T22:39:33.204+0000] {processor.py:914} INFO - Processing file /home/airflow/.local/lib/python3.12/site-packages/airflow/example_dags/example_xcomargs.py for tasks to queue
[2025-04-06T22:39:33.206+0000] {logging_mixin.py:190} INFO - [2025-04-06T22:39:33.206+0000] {dagbag.py:588} INFO - Filling up the DagBag from /home/airflow/.local/lib/python3.12/site-packages/airflow/example_dags/example_xcomargs.py
[2025-04-06T22:39:33.215+0000] {processor.py:925} INFO - DAG(s) 'example_xcom_args', 'example_xcom_args_with_operators' retrieved from /home/airflow/.local/lib/python3.12/site-packages/airflow/example_dags/example_xcomargs.py
[2025-04-06T22:39:33.238+0000] {logging_mixin.py:190} INFO - [2025-04-06T22:39:33.237+0000] {dag.py:3239} INFO - Sync 2 DAGs
[2025-04-06T22:39:33.253+0000] {logging_mixin.py:190} INFO - [2025-04-06T22:39:33.252+0000] {dag.py:4180} INFO - Setting next_dagrun for example_xcom_args to None, run_after=None
[2025-04-06T22:39:33.256+0000] {logging_mixin.py:190} INFO - [2025-04-06T22:39:33.256+0000] {dag.py:4180} INFO - Setting next_dagrun for example_xcom_args_with_operators to None, run_after=None
[2025-04-06T22:39:33.272+0000] {processor.py:208} INFO - Processing /home/airflow/.local/lib/python3.12/site-packages/airflow/example_dags/example_xcomargs.py took 0.080 seconds
[2025-04-06T22:40:03.346+0000] {processor.py:186} INFO - Started process (PID=1704) to work on /home/airflow/.local/lib/python3.12/site-packages/airflow/example_dags/example_xcomargs.py
[2025-04-06T22:40:03.347+0000] {processor.py:914} INFO - Processing file /home/airflow/.local/lib/python3.12/site-packages/airflow/example_dags/example_xcomargs.py for tasks to queue
[2025-04-06T22:40:03.350+0000] {logging_mixin.py:190} INFO - [2025-04-06T22:40:03.350+0000] {dagbag.py:588} INFO - Filling up the DagBag from /home/airflow/.local/lib/python3.12/site-packages/airflow/example_dags/example_xcomargs.py
[2025-04-06T22:40:03.358+0000] {processor.py:925} INFO - DAG(s) 'example_xcom_args_with_operators', 'example_xcom_args' retrieved from /home/airflow/.local/lib/python3.12/site-packages/airflow/example_dags/example_xcomargs.py
[2025-04-06T22:40:03.379+0000] {logging_mixin.py:190} INFO - [2025-04-06T22:40:03.379+0000] {dag.py:3239} INFO - Sync 2 DAGs
[2025-04-06T22:40:03.392+0000] {logging_mixin.py:190} INFO - [2025-04-06T22:40:03.392+0000] {dag.py:4180} INFO - Setting next_dagrun for example_xcom_args to None, run_after=None
[2025-04-06T22:40:03.395+0000] {logging_mixin.py:190} INFO - [2025-04-06T22:40:03.395+0000] {dag.py:4180} INFO - Setting next_dagrun for example_xcom_args_with_operators to None, run_after=None
[2025-04-06T22:40:03.407+0000] {processor.py:208} INFO - Processing /home/airflow/.local/lib/python3.12/site-packages/airflow/example_dags/example_xcomargs.py took 0.068 seconds
[2025-04-06T22:40:33.637+0000] {processor.py:186} INFO - Started process (PID=1770) to work on /home/airflow/.local/lib/python3.12/site-packages/airflow/example_dags/example_xcomargs.py
[2025-04-06T22:40:33.638+0000] {processor.py:914} INFO - Processing file /home/airflow/.local/lib/python3.12/site-packages/airflow/example_dags/example_xcomargs.py for tasks to queue
[2025-04-06T22:40:33.640+0000] {logging_mixin.py:190} INFO - [2025-04-06T22:40:33.639+0000] {dagbag.py:588} INFO - Filling up the DagBag from /home/airflow/.local/lib/python3.12/site-packages/airflow/example_dags/example_xcomargs.py
[2025-04-06T22:40:33.647+0000] {processor.py:925} INFO - DAG(s) 'example_xcom_args_with_operators', 'example_xcom_args' retrieved from /home/airflow/.local/lib/python3.12/site-packages/airflow/example_dags/example_xcomargs.py
[2025-04-06T22:40:33.667+0000] {logging_mixin.py:190} INFO - [2025-04-06T22:40:33.667+0000] {dag.py:3239} INFO - Sync 2 DAGs
[2025-04-06T22:40:33.680+0000] {logging_mixin.py:190} INFO - [2025-04-06T22:40:33.680+0000] {dag.py:4180} INFO - Setting next_dagrun for example_xcom_args to None, run_after=None
[2025-04-06T22:40:33.683+0000] {logging_mixin.py:190} INFO - [2025-04-06T22:40:33.683+0000] {dag.py:4180} INFO - Setting next_dagrun for example_xcom_args_with_operators to None, run_after=None
[2025-04-06T22:40:33.694+0000] {processor.py:208} INFO - Processing /home/airflow/.local/lib/python3.12/site-packages/airflow/example_dags/example_xcomargs.py took 0.061 seconds
[2025-04-06T22:41:04.084+0000] {processor.py:186} INFO - Started process (PID=1835) to work on /home/airflow/.local/lib/python3.12/site-packages/airflow/example_dags/example_xcomargs.py
[2025-04-06T22:41:04.085+0000] {processor.py:914} INFO - Processing file /home/airflow/.local/lib/python3.12/site-packages/airflow/example_dags/example_xcomargs.py for tasks to queue
[2025-04-06T22:41:04.088+0000] {logging_mixin.py:190} INFO - [2025-04-06T22:41:04.088+0000] {dagbag.py:588} INFO - Filling up the DagBag from /home/airflow/.local/lib/python3.12/site-packages/airflow/example_dags/example_xcomargs.py
[2025-04-06T22:41:04.097+0000] {processor.py:925} INFO - DAG(s) 'example_xcom_args_with_operators', 'example_xcom_args' retrieved from /home/airflow/.local/lib/python3.12/site-packages/airflow/example_dags/example_xcomargs.py
[2025-04-06T22:41:04.118+0000] {logging_mixin.py:190} INFO - [2025-04-06T22:41:04.118+0000] {dag.py:3239} INFO - Sync 2 DAGs
[2025-04-06T22:41:04.132+0000] {logging_mixin.py:190} INFO - [2025-04-06T22:41:04.132+0000] {dag.py:4180} INFO - Setting next_dagrun for example_xcom_args to None, run_after=None
[2025-04-06T22:41:04.135+0000] {logging_mixin.py:190} INFO - [2025-04-06T22:41:04.135+0000] {dag.py:4180} INFO - Setting next_dagrun for example_xcom_args_with_operators to None, run_after=None
[2025-04-06T22:41:04.147+0000] {processor.py:208} INFO - Processing /home/airflow/.local/lib/python3.12/site-packages/airflow/example_dags/example_xcomargs.py took 0.070 seconds
[2025-04-06T22:41:37.199+0000] {processor.py:186} INFO - Started process (PID=1900) to work on /home/airflow/.local/lib/python3.12/site-packages/airflow/example_dags/example_xcomargs.py
[2025-04-06T22:41:37.200+0000] {processor.py:914} INFO - Processing file /home/airflow/.local/lib/python3.12/site-packages/airflow/example_dags/example_xcomargs.py for tasks to queue
[2025-04-06T22:41:37.202+0000] {logging_mixin.py:190} INFO - [2025-04-06T22:41:37.202+0000] {dagbag.py:588} INFO - Filling up the DagBag from /home/airflow/.local/lib/python3.12/site-packages/airflow/example_dags/example_xcomargs.py
[2025-04-06T22:41:37.210+0000] {processor.py:925} INFO - DAG(s) 'example_xcom_args_with_operators', 'example_xcom_args' retrieved from /home/airflow/.local/lib/python3.12/site-packages/airflow/example_dags/example_xcomargs.py
[2025-04-06T22:41:37.451+0000] {logging_mixin.py:190} INFO - [2025-04-06T22:41:37.450+0000] {dag.py:3239} INFO - Sync 2 DAGs
[2025-04-06T22:41:37.465+0000] {logging_mixin.py:190} INFO - [2025-04-06T22:41:37.464+0000] {dag.py:4180} INFO - Setting next_dagrun for example_xcom_args to None, run_after=None
[2025-04-06T22:41:37.468+0000] {logging_mixin.py:190} INFO - [2025-04-06T22:41:37.468+0000] {dag.py:4180} INFO - Setting next_dagrun for example_xcom_args_with_operators to None, run_after=None
[2025-04-06T22:41:37.483+0000] {processor.py:208} INFO - Processing /home/airflow/.local/lib/python3.12/site-packages/airflow/example_dags/example_xcomargs.py took 0.289 seconds
[2025-04-06T22:42:07.602+0000] {processor.py:186} INFO - Started process (PID=1965) to work on /home/airflow/.local/lib/python3.12/site-packages/airflow/example_dags/example_xcomargs.py
[2025-04-06T22:42:07.603+0000] {processor.py:914} INFO - Processing file /home/airflow/.local/lib/python3.12/site-packages/airflow/example_dags/example_xcomargs.py for tasks to queue
[2025-04-06T22:42:07.606+0000] {logging_mixin.py:190} INFO - [2025-04-06T22:42:07.606+0000] {dagbag.py:588} INFO - Filling up the DagBag from /home/airflow/.local/lib/python3.12/site-packages/airflow/example_dags/example_xcomargs.py
[2025-04-06T22:42:07.614+0000] {processor.py:925} INFO - DAG(s) 'example_xcom_args', 'example_xcom_args_with_operators' retrieved from /home/airflow/.local/lib/python3.12/site-packages/airflow/example_dags/example_xcomargs.py
[2025-04-06T22:42:07.639+0000] {logging_mixin.py:190} INFO - [2025-04-06T22:42:07.638+0000] {dag.py:3239} INFO - Sync 2 DAGs
[2025-04-06T22:42:07.853+0000] {logging_mixin.py:190} INFO - [2025-04-06T22:42:07.853+0000] {dag.py:4180} INFO - Setting next_dagrun for example_xcom_args to None, run_after=None
[2025-04-06T22:42:07.856+0000] {logging_mixin.py:190} INFO - [2025-04-06T22:42:07.856+0000] {dag.py:4180} INFO - Setting next_dagrun for example_xcom_args_with_operators to None, run_after=None
[2025-04-06T22:42:07.868+0000] {processor.py:208} INFO - Processing /home/airflow/.local/lib/python3.12/site-packages/airflow/example_dags/example_xcomargs.py took 0.274 seconds
[2025-04-06T22:42:37.954+0000] {processor.py:186} INFO - Started process (PID=2030) to work on /home/airflow/.local/lib/python3.12/site-packages/airflow/example_dags/example_xcomargs.py
[2025-04-06T22:42:37.955+0000] {processor.py:914} INFO - Processing file /home/airflow/.local/lib/python3.12/site-packages/airflow/example_dags/example_xcomargs.py for tasks to queue
[2025-04-06T22:42:37.957+0000] {logging_mixin.py:190} INFO - [2025-04-06T22:42:37.957+0000] {dagbag.py:588} INFO - Filling up the DagBag from /home/airflow/.local/lib/python3.12/site-packages/airflow/example_dags/example_xcomargs.py
[2025-04-06T22:42:37.965+0000] {processor.py:925} INFO - DAG(s) 'example_xcom_args', 'example_xcom_args_with_operators' retrieved from /home/airflow/.local/lib/python3.12/site-packages/airflow/example_dags/example_xcomargs.py
[2025-04-06T22:42:37.988+0000] {logging_mixin.py:190} INFO - [2025-04-06T22:42:37.987+0000] {dag.py:3239} INFO - Sync 2 DAGs
[2025-04-06T22:42:38.002+0000] {logging_mixin.py:190} INFO - [2025-04-06T22:42:38.002+0000] {dag.py:4180} INFO - Setting next_dagrun for example_xcom_args to None, run_after=None
[2025-04-06T22:42:38.006+0000] {logging_mixin.py:190} INFO - [2025-04-06T22:42:38.006+0000] {dag.py:4180} INFO - Setting next_dagrun for example_xcom_args_with_operators to None, run_after=None
[2025-04-06T22:42:38.019+0000] {processor.py:208} INFO - Processing /home/airflow/.local/lib/python3.12/site-packages/airflow/example_dags/example_xcomargs.py took 0.069 seconds
[2025-04-06T22:43:08.817+0000] {processor.py:186} INFO - Started process (PID=2095) to work on /home/airflow/.local/lib/python3.12/site-packages/airflow/example_dags/example_xcomargs.py
[2025-04-06T22:43:08.818+0000] {processor.py:914} INFO - Processing file /home/airflow/.local/lib/python3.12/site-packages/airflow/example_dags/example_xcomargs.py for tasks to queue
[2025-04-06T22:43:08.821+0000] {logging_mixin.py:190} INFO - [2025-04-06T22:43:08.820+0000] {dagbag.py:588} INFO - Filling up the DagBag from /home/airflow/.local/lib/python3.12/site-packages/airflow/example_dags/example_xcomargs.py
[2025-04-06T22:43:08.829+0000] {processor.py:925} INFO - DAG(s) 'example_xcom_args_with_operators', 'example_xcom_args' retrieved from /home/airflow/.local/lib/python3.12/site-packages/airflow/example_dags/example_xcomargs.py
[2025-04-06T22:43:08.850+0000] {logging_mixin.py:190} INFO - [2025-04-06T22:43:08.850+0000] {dag.py:3239} INFO - Sync 2 DAGs
[2025-04-06T22:43:08.864+0000] {logging_mixin.py:190} INFO - [2025-04-06T22:43:08.863+0000] {dag.py:4180} INFO - Setting next_dagrun for example_xcom_args to None, run_after=None
[2025-04-06T22:43:08.867+0000] {logging_mixin.py:190} INFO - [2025-04-06T22:43:08.866+0000] {dag.py:4180} INFO - Setting next_dagrun for example_xcom_args_with_operators to None, run_after=None
[2025-04-06T22:43:08.878+0000] {processor.py:208} INFO - Processing /home/airflow/.local/lib/python3.12/site-packages/airflow/example_dags/example_xcomargs.py took 0.069 seconds
[2025-04-06T22:43:39.300+0000] {processor.py:186} INFO - Started process (PID=2161) to work on /home/airflow/.local/lib/python3.12/site-packages/airflow/example_dags/example_xcomargs.py
[2025-04-06T22:43:39.301+0000] {processor.py:914} INFO - Processing file /home/airflow/.local/lib/python3.12/site-packages/airflow/example_dags/example_xcomargs.py for tasks to queue
[2025-04-06T22:43:39.304+0000] {logging_mixin.py:190} INFO - [2025-04-06T22:43:39.303+0000] {dagbag.py:588} INFO - Filling up the DagBag from /home/airflow/.local/lib/python3.12/site-packages/airflow/example_dags/example_xcomargs.py
[2025-04-06T22:43:39.311+0000] {processor.py:925} INFO - DAG(s) 'example_xcom_args', 'example_xcom_args_with_operators' retrieved from /home/airflow/.local/lib/python3.12/site-packages/airflow/example_dags/example_xcomargs.py
[2025-04-06T22:43:39.331+0000] {logging_mixin.py:190} INFO - [2025-04-06T22:43:39.331+0000] {dag.py:3239} INFO - Sync 2 DAGs
[2025-04-06T22:43:39.345+0000] {logging_mixin.py:190} INFO - [2025-04-06T22:43:39.344+0000] {dag.py:4180} INFO - Setting next_dagrun for example_xcom_args to None, run_after=None
[2025-04-06T22:43:39.348+0000] {logging_mixin.py:190} INFO - [2025-04-06T22:43:39.347+0000] {dag.py:4180} INFO - Setting next_dagrun for example_xcom_args_with_operators to None, run_after=None
[2025-04-06T22:43:39.359+0000] {processor.py:208} INFO - Processing /home/airflow/.local/lib/python3.12/site-packages/airflow/example_dags/example_xcomargs.py took 0.066 seconds
[2025-04-06T22:44:09.859+0000] {processor.py:186} INFO - Started process (PID=2226) to work on /home/airflow/.local/lib/python3.12/site-packages/airflow/example_dags/example_xcomargs.py
[2025-04-06T22:44:09.859+0000] {processor.py:914} INFO - Processing file /home/airflow/.local/lib/python3.12/site-packages/airflow/example_dags/example_xcomargs.py for tasks to queue
[2025-04-06T22:44:09.861+0000] {logging_mixin.py:190} INFO - [2025-04-06T22:44:09.861+0000] {dagbag.py:588} INFO - Filling up the DagBag from /home/airflow/.local/lib/python3.12/site-packages/airflow/example_dags/example_xcomargs.py
[2025-04-06T22:44:09.869+0000] {processor.py:925} INFO - DAG(s) 'example_xcom_args_with_operators', 'example_xcom_args' retrieved from /home/airflow/.local/lib/python3.12/site-packages/airflow/example_dags/example_xcomargs.py
[2025-04-06T22:44:09.889+0000] {logging_mixin.py:190} INFO - [2025-04-06T22:44:09.889+0000] {dag.py:3239} INFO - Sync 2 DAGs
[2025-04-06T22:44:09.903+0000] {logging_mixin.py:190} INFO - [2025-04-06T22:44:09.902+0000] {dag.py:4180} INFO - Setting next_dagrun for example_xcom_args to None, run_after=None
[2025-04-06T22:44:09.906+0000] {logging_mixin.py:190} INFO - [2025-04-06T22:44:09.906+0000] {dag.py:4180} INFO - Setting next_dagrun for example_xcom_args_with_operators to None, run_after=None
[2025-04-06T22:44:09.919+0000] {processor.py:208} INFO - Processing /home/airflow/.local/lib/python3.12/site-packages/airflow/example_dags/example_xcomargs.py took 0.065 seconds
