[2025-04-06T22:16:44.994+0000] {processor.py:186} INFO - Started process (PID=111) to work on /home/airflow/.local/lib/python3.12/site-packages/airflow/example_dags/example_latest_only_with_trigger.py
[2025-04-06T22:16:44.995+0000] {processor.py:914} INFO - Processing file /home/airflow/.local/lib/python3.12/site-packages/airflow/example_dags/example_latest_only_with_trigger.py for tasks to queue
[2025-04-06T22:16:44.998+0000] {logging_mixin.py:190} INFO - [2025-04-06T22:16:44.998+0000] {dagbag.py:588} INFO - Filling up the DagBag from /home/airflow/.local/lib/python3.12/site-packages/airflow/example_dags/example_latest_only_with_trigger.py
[2025-04-06T22:16:45.007+0000] {processor.py:925} INFO - DAG(s) 'latest_only_with_trigger' retrieved from /home/airflow/.local/lib/python3.12/site-packages/airflow/example_dags/example_latest_only_with_trigger.py
[2025-04-06T22:16:45.058+0000] {logging_mixin.py:190} INFO - [2025-04-06T22:16:45.058+0000] {dag.py:3239} INFO - Sync 1 DAGs
[2025-04-06T22:16:45.102+0000] {logging_mixin.py:190} INFO - [2025-04-06T22:16:45.101+0000] {dag.py:4180} INFO - Setting next_dagrun for latest_only_with_trigger to 2025-04-06 16:00:00+00:00, run_after=2025-04-06 20:00:00+00:00
[2025-04-06T22:16:45.132+0000] {processor.py:208} INFO - Processing /home/airflow/.local/lib/python3.12/site-packages/airflow/example_dags/example_latest_only_with_trigger.py took 0.147 seconds
[2025-04-06T22:17:15.380+0000] {processor.py:186} INFO - Started process (PID=176) to work on /home/airflow/.local/lib/python3.12/site-packages/airflow/example_dags/example_latest_only_with_trigger.py
[2025-04-06T22:17:15.382+0000] {processor.py:914} INFO - Processing file /home/airflow/.local/lib/python3.12/site-packages/airflow/example_dags/example_latest_only_with_trigger.py for tasks to queue
[2025-04-06T22:17:15.384+0000] {logging_mixin.py:190} INFO - [2025-04-06T22:17:15.384+0000] {dagbag.py:588} INFO - Filling up the DagBag from /home/airflow/.local/lib/python3.12/site-packages/airflow/example_dags/example_latest_only_with_trigger.py
[2025-04-06T22:17:15.388+0000] {processor.py:925} INFO - DAG(s) 'latest_only_with_trigger' retrieved from /home/airflow/.local/lib/python3.12/site-packages/airflow/example_dags/example_latest_only_with_trigger.py
[2025-04-06T22:17:15.408+0000] {logging_mixin.py:190} INFO - [2025-04-06T22:17:15.408+0000] {dag.py:3239} INFO - Sync 1 DAGs
[2025-04-06T22:17:15.430+0000] {logging_mixin.py:190} INFO - [2025-04-06T22:17:15.429+0000] {dag.py:4180} INFO - Setting next_dagrun for latest_only_with_trigger to 2025-04-06 16:00:00+00:00, run_after=2025-04-06 20:00:00+00:00
[2025-04-06T22:17:15.445+0000] {processor.py:208} INFO - Processing /home/airflow/.local/lib/python3.12/site-packages/airflow/example_dags/example_latest_only_with_trigger.py took 0.073 seconds
[2025-04-06T22:17:45.886+0000] {processor.py:186} INFO - Started process (PID=241) to work on /home/airflow/.local/lib/python3.12/site-packages/airflow/example_dags/example_latest_only_with_trigger.py
[2025-04-06T22:17:45.887+0000] {processor.py:914} INFO - Processing file /home/airflow/.local/lib/python3.12/site-packages/airflow/example_dags/example_latest_only_with_trigger.py for tasks to queue
[2025-04-06T22:17:45.889+0000] {logging_mixin.py:190} INFO - [2025-04-06T22:17:45.889+0000] {dagbag.py:588} INFO - Filling up the DagBag from /home/airflow/.local/lib/python3.12/site-packages/airflow/example_dags/example_latest_only_with_trigger.py
[2025-04-06T22:17:45.895+0000] {processor.py:925} INFO - DAG(s) 'latest_only_with_trigger' retrieved from /home/airflow/.local/lib/python3.12/site-packages/airflow/example_dags/example_latest_only_with_trigger.py
[2025-04-06T22:17:45.923+0000] {logging_mixin.py:190} INFO - [2025-04-06T22:17:45.922+0000] {dag.py:3239} INFO - Sync 1 DAGs
[2025-04-06T22:17:45.955+0000] {logging_mixin.py:190} INFO - [2025-04-06T22:17:45.955+0000] {dag.py:4180} INFO - Setting next_dagrun for latest_only_with_trigger to 2025-04-06 16:00:00+00:00, run_after=2025-04-06 20:00:00+00:00
[2025-04-06T22:17:45.972+0000] {processor.py:208} INFO - Processing /home/airflow/.local/lib/python3.12/site-packages/airflow/example_dags/example_latest_only_with_trigger.py took 0.090 seconds
[2025-04-06T22:18:16.960+0000] {processor.py:186} INFO - Started process (PID=306) to work on /home/airflow/.local/lib/python3.12/site-packages/airflow/example_dags/example_latest_only_with_trigger.py
[2025-04-06T22:18:16.961+0000] {processor.py:914} INFO - Processing file /home/airflow/.local/lib/python3.12/site-packages/airflow/example_dags/example_latest_only_with_trigger.py for tasks to queue
[2025-04-06T22:18:16.964+0000] {logging_mixin.py:190} INFO - [2025-04-06T22:18:16.964+0000] {dagbag.py:588} INFO - Filling up the DagBag from /home/airflow/.local/lib/python3.12/site-packages/airflow/example_dags/example_latest_only_with_trigger.py
[2025-04-06T22:18:16.969+0000] {processor.py:925} INFO - DAG(s) 'latest_only_with_trigger' retrieved from /home/airflow/.local/lib/python3.12/site-packages/airflow/example_dags/example_latest_only_with_trigger.py
[2025-04-06T22:18:16.986+0000] {logging_mixin.py:190} INFO - [2025-04-06T22:18:16.986+0000] {dag.py:3239} INFO - Sync 1 DAGs
[2025-04-06T22:18:17.004+0000] {logging_mixin.py:190} INFO - [2025-04-06T22:18:17.004+0000] {dag.py:4180} INFO - Setting next_dagrun for latest_only_with_trigger to 2025-04-06 16:00:00+00:00, run_after=2025-04-06 20:00:00+00:00
[2025-04-06T22:18:17.015+0000] {processor.py:208} INFO - Processing /home/airflow/.local/lib/python3.12/site-packages/airflow/example_dags/example_latest_only_with_trigger.py took 0.063 seconds
[2025-04-06T22:18:47.556+0000] {processor.py:186} INFO - Started process (PID=371) to work on /home/airflow/.local/lib/python3.12/site-packages/airflow/example_dags/example_latest_only_with_trigger.py
[2025-04-06T22:18:47.557+0000] {processor.py:914} INFO - Processing file /home/airflow/.local/lib/python3.12/site-packages/airflow/example_dags/example_latest_only_with_trigger.py for tasks to queue
[2025-04-06T22:18:47.558+0000] {logging_mixin.py:190} INFO - [2025-04-06T22:18:47.558+0000] {dagbag.py:588} INFO - Filling up the DagBag from /home/airflow/.local/lib/python3.12/site-packages/airflow/example_dags/example_latest_only_with_trigger.py
[2025-04-06T22:18:47.563+0000] {processor.py:925} INFO - DAG(s) 'latest_only_with_trigger' retrieved from /home/airflow/.local/lib/python3.12/site-packages/airflow/example_dags/example_latest_only_with_trigger.py
[2025-04-06T22:18:47.582+0000] {logging_mixin.py:190} INFO - [2025-04-06T22:18:47.582+0000] {dag.py:3239} INFO - Sync 1 DAGs
[2025-04-06T22:18:47.602+0000] {logging_mixin.py:190} INFO - [2025-04-06T22:18:47.602+0000] {dag.py:4180} INFO - Setting next_dagrun for latest_only_with_trigger to 2025-04-06 16:00:00+00:00, run_after=2025-04-06 20:00:00+00:00
[2025-04-06T22:18:47.615+0000] {processor.py:208} INFO - Processing /home/airflow/.local/lib/python3.12/site-packages/airflow/example_dags/example_latest_only_with_trigger.py took 0.063 seconds
[2025-04-06T22:19:18.733+0000] {processor.py:186} INFO - Started process (PID=436) to work on /home/airflow/.local/lib/python3.12/site-packages/airflow/example_dags/example_latest_only_with_trigger.py
[2025-04-06T22:19:18.733+0000] {processor.py:914} INFO - Processing file /home/airflow/.local/lib/python3.12/site-packages/airflow/example_dags/example_latest_only_with_trigger.py for tasks to queue
[2025-04-06T22:19:18.735+0000] {logging_mixin.py:190} INFO - [2025-04-06T22:19:18.735+0000] {dagbag.py:588} INFO - Filling up the DagBag from /home/airflow/.local/lib/python3.12/site-packages/airflow/example_dags/example_latest_only_with_trigger.py
[2025-04-06T22:19:18.740+0000] {processor.py:925} INFO - DAG(s) 'latest_only_with_trigger' retrieved from /home/airflow/.local/lib/python3.12/site-packages/airflow/example_dags/example_latest_only_with_trigger.py
[2025-04-06T22:19:18.759+0000] {logging_mixin.py:190} INFO - [2025-04-06T22:19:18.759+0000] {dag.py:3239} INFO - Sync 1 DAGs
[2025-04-06T22:19:18.780+0000] {logging_mixin.py:190} INFO - [2025-04-06T22:19:18.780+0000] {dag.py:4180} INFO - Setting next_dagrun for latest_only_with_trigger to 2025-04-06 16:00:00+00:00, run_after=2025-04-06 20:00:00+00:00
[2025-04-06T22:19:18.793+0000] {processor.py:208} INFO - Processing /home/airflow/.local/lib/python3.12/site-packages/airflow/example_dags/example_latest_only_with_trigger.py took 0.064 seconds
[2025-04-06T22:19:49.987+0000] {processor.py:186} INFO - Started process (PID=501) to work on /home/airflow/.local/lib/python3.12/site-packages/airflow/example_dags/example_latest_only_with_trigger.py
[2025-04-06T22:19:49.988+0000] {processor.py:914} INFO - Processing file /home/airflow/.local/lib/python3.12/site-packages/airflow/example_dags/example_latest_only_with_trigger.py for tasks to queue
[2025-04-06T22:19:49.991+0000] {logging_mixin.py:190} INFO - [2025-04-06T22:19:49.991+0000] {dagbag.py:588} INFO - Filling up the DagBag from /home/airflow/.local/lib/python3.12/site-packages/airflow/example_dags/example_latest_only_with_trigger.py
[2025-04-06T22:19:49.996+0000] {processor.py:925} INFO - DAG(s) 'latest_only_with_trigger' retrieved from /home/airflow/.local/lib/python3.12/site-packages/airflow/example_dags/example_latest_only_with_trigger.py
[2025-04-06T22:19:50.016+0000] {logging_mixin.py:190} INFO - [2025-04-06T22:19:50.016+0000] {dag.py:3239} INFO - Sync 1 DAGs
[2025-04-06T22:19:50.037+0000] {logging_mixin.py:190} INFO - [2025-04-06T22:19:50.037+0000] {dag.py:4180} INFO - Setting next_dagrun for latest_only_with_trigger to 2025-04-06 16:00:00+00:00, run_after=2025-04-06 20:00:00+00:00
[2025-04-06T22:19:50.051+0000] {processor.py:208} INFO - Processing /home/airflow/.local/lib/python3.12/site-packages/airflow/example_dags/example_latest_only_with_trigger.py took 0.072 seconds
[2025-04-06T22:20:20.736+0000] {processor.py:186} INFO - Started process (PID=566) to work on /home/airflow/.local/lib/python3.12/site-packages/airflow/example_dags/example_latest_only_with_trigger.py
[2025-04-06T22:20:20.737+0000] {processor.py:914} INFO - Processing file /home/airflow/.local/lib/python3.12/site-packages/airflow/example_dags/example_latest_only_with_trigger.py for tasks to queue
[2025-04-06T22:20:20.740+0000] {logging_mixin.py:190} INFO - [2025-04-06T22:20:20.740+0000] {dagbag.py:588} INFO - Filling up the DagBag from /home/airflow/.local/lib/python3.12/site-packages/airflow/example_dags/example_latest_only_with_trigger.py
[2025-04-06T22:20:20.745+0000] {processor.py:925} INFO - DAG(s) 'latest_only_with_trigger' retrieved from /home/airflow/.local/lib/python3.12/site-packages/airflow/example_dags/example_latest_only_with_trigger.py
[2025-04-06T22:20:20.765+0000] {logging_mixin.py:190} INFO - [2025-04-06T22:20:20.765+0000] {dag.py:3239} INFO - Sync 1 DAGs
[2025-04-06T22:20:20.784+0000] {logging_mixin.py:190} INFO - [2025-04-06T22:20:20.784+0000] {dag.py:4180} INFO - Setting next_dagrun for latest_only_with_trigger to 2025-04-06 16:00:00+00:00, run_after=2025-04-06 20:00:00+00:00
[2025-04-06T22:20:20.797+0000] {processor.py:208} INFO - Processing /home/airflow/.local/lib/python3.12/site-packages/airflow/example_dags/example_latest_only_with_trigger.py took 0.068 seconds
[2025-04-06T22:20:51.677+0000] {processor.py:186} INFO - Started process (PID=631) to work on /home/airflow/.local/lib/python3.12/site-packages/airflow/example_dags/example_latest_only_with_trigger.py
[2025-04-06T22:20:51.680+0000] {processor.py:914} INFO - Processing file /home/airflow/.local/lib/python3.12/site-packages/airflow/example_dags/example_latest_only_with_trigger.py for tasks to queue
[2025-04-06T22:20:51.683+0000] {logging_mixin.py:190} INFO - [2025-04-06T22:20:51.683+0000] {dagbag.py:588} INFO - Filling up the DagBag from /home/airflow/.local/lib/python3.12/site-packages/airflow/example_dags/example_latest_only_with_trigger.py
[2025-04-06T22:20:51.690+0000] {processor.py:925} INFO - DAG(s) 'latest_only_with_trigger' retrieved from /home/airflow/.local/lib/python3.12/site-packages/airflow/example_dags/example_latest_only_with_trigger.py
[2025-04-06T22:20:51.713+0000] {logging_mixin.py:190} INFO - [2025-04-06T22:20:51.713+0000] {dag.py:3239} INFO - Sync 1 DAGs
[2025-04-06T22:20:51.735+0000] {logging_mixin.py:190} INFO - [2025-04-06T22:20:51.735+0000] {dag.py:4180} INFO - Setting next_dagrun for latest_only_with_trigger to 2025-04-06 16:00:00+00:00, run_after=2025-04-06 20:00:00+00:00
[2025-04-06T22:20:51.749+0000] {processor.py:208} INFO - Processing /home/airflow/.local/lib/python3.12/site-packages/airflow/example_dags/example_latest_only_with_trigger.py took 0.081 seconds
[2025-04-06T22:21:23.042+0000] {processor.py:186} INFO - Started process (PID=696) to work on /home/airflow/.local/lib/python3.12/site-packages/airflow/example_dags/example_latest_only_with_trigger.py
[2025-04-06T22:21:23.043+0000] {processor.py:914} INFO - Processing file /home/airflow/.local/lib/python3.12/site-packages/airflow/example_dags/example_latest_only_with_trigger.py for tasks to queue
[2025-04-06T22:21:23.045+0000] {logging_mixin.py:190} INFO - [2025-04-06T22:21:23.045+0000] {dagbag.py:588} INFO - Filling up the DagBag from /home/airflow/.local/lib/python3.12/site-packages/airflow/example_dags/example_latest_only_with_trigger.py
[2025-04-06T22:21:23.049+0000] {processor.py:925} INFO - DAG(s) 'latest_only_with_trigger' retrieved from /home/airflow/.local/lib/python3.12/site-packages/airflow/example_dags/example_latest_only_with_trigger.py
[2025-04-06T22:21:23.070+0000] {logging_mixin.py:190} INFO - [2025-04-06T22:21:23.070+0000] {dag.py:3239} INFO - Sync 1 DAGs
[2025-04-06T22:21:23.091+0000] {logging_mixin.py:190} INFO - [2025-04-06T22:21:23.091+0000] {dag.py:4180} INFO - Setting next_dagrun for latest_only_with_trigger to 2025-04-06 16:00:00+00:00, run_after=2025-04-06 20:00:00+00:00
[2025-04-06T22:21:23.106+0000] {processor.py:208} INFO - Processing /home/airflow/.local/lib/python3.12/site-packages/airflow/example_dags/example_latest_only_with_trigger.py took 0.071 seconds
[2025-04-06T22:21:54.206+0000] {processor.py:186} INFO - Started process (PID=761) to work on /home/airflow/.local/lib/python3.12/site-packages/airflow/example_dags/example_latest_only_with_trigger.py
[2025-04-06T22:21:54.207+0000] {processor.py:914} INFO - Processing file /home/airflow/.local/lib/python3.12/site-packages/airflow/example_dags/example_latest_only_with_trigger.py for tasks to queue
[2025-04-06T22:21:54.210+0000] {logging_mixin.py:190} INFO - [2025-04-06T22:21:54.209+0000] {dagbag.py:588} INFO - Filling up the DagBag from /home/airflow/.local/lib/python3.12/site-packages/airflow/example_dags/example_latest_only_with_trigger.py
[2025-04-06T22:21:54.214+0000] {processor.py:925} INFO - DAG(s) 'latest_only_with_trigger' retrieved from /home/airflow/.local/lib/python3.12/site-packages/airflow/example_dags/example_latest_only_with_trigger.py
[2025-04-06T22:21:54.235+0000] {logging_mixin.py:190} INFO - [2025-04-06T22:21:54.235+0000] {dag.py:3239} INFO - Sync 1 DAGs
[2025-04-06T22:21:54.255+0000] {logging_mixin.py:190} INFO - [2025-04-06T22:21:54.255+0000] {dag.py:4180} INFO - Setting next_dagrun for latest_only_with_trigger to 2025-04-06 16:00:00+00:00, run_after=2025-04-06 20:00:00+00:00
[2025-04-06T22:21:54.269+0000] {processor.py:208} INFO - Processing /home/airflow/.local/lib/python3.12/site-packages/airflow/example_dags/example_latest_only_with_trigger.py took 0.070 seconds
[2025-04-06T22:22:25.703+0000] {processor.py:186} INFO - Started process (PID=826) to work on /home/airflow/.local/lib/python3.12/site-packages/airflow/example_dags/example_latest_only_with_trigger.py
[2025-04-06T22:22:25.704+0000] {processor.py:914} INFO - Processing file /home/airflow/.local/lib/python3.12/site-packages/airflow/example_dags/example_latest_only_with_trigger.py for tasks to queue
[2025-04-06T22:22:25.707+0000] {logging_mixin.py:190} INFO - [2025-04-06T22:22:25.707+0000] {dagbag.py:588} INFO - Filling up the DagBag from /home/airflow/.local/lib/python3.12/site-packages/airflow/example_dags/example_latest_only_with_trigger.py
[2025-04-06T22:22:25.713+0000] {processor.py:925} INFO - DAG(s) 'latest_only_with_trigger' retrieved from /home/airflow/.local/lib/python3.12/site-packages/airflow/example_dags/example_latest_only_with_trigger.py
[2025-04-06T22:22:25.731+0000] {logging_mixin.py:190} INFO - [2025-04-06T22:22:25.731+0000] {dag.py:3239} INFO - Sync 1 DAGs
[2025-04-06T22:22:25.750+0000] {logging_mixin.py:190} INFO - [2025-04-06T22:22:25.750+0000] {dag.py:4180} INFO - Setting next_dagrun for latest_only_with_trigger to 2025-04-06 16:00:00+00:00, run_after=2025-04-06 20:00:00+00:00
[2025-04-06T22:22:25.764+0000] {processor.py:208} INFO - Processing /home/airflow/.local/lib/python3.12/site-packages/airflow/example_dags/example_latest_only_with_trigger.py took 0.068 seconds
[2025-04-06T22:22:56.406+0000] {processor.py:186} INFO - Started process (PID=891) to work on /home/airflow/.local/lib/python3.12/site-packages/airflow/example_dags/example_latest_only_with_trigger.py
[2025-04-06T22:22:56.407+0000] {processor.py:914} INFO - Processing file /home/airflow/.local/lib/python3.12/site-packages/airflow/example_dags/example_latest_only_with_trigger.py for tasks to queue
[2025-04-06T22:22:56.409+0000] {logging_mixin.py:190} INFO - [2025-04-06T22:22:56.409+0000] {dagbag.py:588} INFO - Filling up the DagBag from /home/airflow/.local/lib/python3.12/site-packages/airflow/example_dags/example_latest_only_with_trigger.py
[2025-04-06T22:22:56.414+0000] {processor.py:925} INFO - DAG(s) 'latest_only_with_trigger' retrieved from /home/airflow/.local/lib/python3.12/site-packages/airflow/example_dags/example_latest_only_with_trigger.py
[2025-04-06T22:22:56.434+0000] {logging_mixin.py:190} INFO - [2025-04-06T22:22:56.434+0000] {dag.py:3239} INFO - Sync 1 DAGs
[2025-04-06T22:22:56.454+0000] {logging_mixin.py:190} INFO - [2025-04-06T22:22:56.454+0000] {dag.py:4180} INFO - Setting next_dagrun for latest_only_with_trigger to 2025-04-06 16:00:00+00:00, run_after=2025-04-06 20:00:00+00:00
[2025-04-06T22:22:56.468+0000] {processor.py:208} INFO - Processing /home/airflow/.local/lib/python3.12/site-packages/airflow/example_dags/example_latest_only_with_trigger.py took 0.066 seconds
[2025-04-06T22:23:27.721+0000] {processor.py:186} INFO - Started process (PID=957) to work on /home/airflow/.local/lib/python3.12/site-packages/airflow/example_dags/example_latest_only_with_trigger.py
[2025-04-06T22:23:27.723+0000] {processor.py:914} INFO - Processing file /home/airflow/.local/lib/python3.12/site-packages/airflow/example_dags/example_latest_only_with_trigger.py for tasks to queue
[2025-04-06T22:23:27.726+0000] {logging_mixin.py:190} INFO - [2025-04-06T22:23:27.725+0000] {dagbag.py:588} INFO - Filling up the DagBag from /home/airflow/.local/lib/python3.12/site-packages/airflow/example_dags/example_latest_only_with_trigger.py
[2025-04-06T22:23:27.731+0000] {processor.py:925} INFO - DAG(s) 'latest_only_with_trigger' retrieved from /home/airflow/.local/lib/python3.12/site-packages/airflow/example_dags/example_latest_only_with_trigger.py
[2025-04-06T22:23:27.752+0000] {logging_mixin.py:190} INFO - [2025-04-06T22:23:27.752+0000] {dag.py:3239} INFO - Sync 1 DAGs
[2025-04-06T22:23:27.773+0000] {logging_mixin.py:190} INFO - [2025-04-06T22:23:27.773+0000] {dag.py:4180} INFO - Setting next_dagrun for latest_only_with_trigger to 2025-04-06 16:00:00+00:00, run_after=2025-04-06 20:00:00+00:00
[2025-04-06T22:23:27.787+0000] {processor.py:208} INFO - Processing /home/airflow/.local/lib/python3.12/site-packages/airflow/example_dags/example_latest_only_with_trigger.py took 0.073 seconds
[2025-04-06T22:23:58.865+0000] {processor.py:186} INFO - Started process (PID=1022) to work on /home/airflow/.local/lib/python3.12/site-packages/airflow/example_dags/example_latest_only_with_trigger.py
[2025-04-06T22:23:58.866+0000] {processor.py:914} INFO - Processing file /home/airflow/.local/lib/python3.12/site-packages/airflow/example_dags/example_latest_only_with_trigger.py for tasks to queue
[2025-04-06T22:23:58.867+0000] {logging_mixin.py:190} INFO - [2025-04-06T22:23:58.866+0000] {dagbag.py:588} INFO - Filling up the DagBag from /home/airflow/.local/lib/python3.12/site-packages/airflow/example_dags/example_latest_only_with_trigger.py
[2025-04-06T22:23:58.875+0000] {processor.py:925} INFO - DAG(s) 'latest_only_with_trigger' retrieved from /home/airflow/.local/lib/python3.12/site-packages/airflow/example_dags/example_latest_only_with_trigger.py
[2025-04-06T22:23:58.895+0000] {logging_mixin.py:190} INFO - [2025-04-06T22:23:58.895+0000] {dag.py:3239} INFO - Sync 1 DAGs
[2025-04-06T22:23:58.914+0000] {logging_mixin.py:190} INFO - [2025-04-06T22:23:58.914+0000] {dag.py:4180} INFO - Setting next_dagrun for latest_only_with_trigger to 2025-04-06 16:00:00+00:00, run_after=2025-04-06 20:00:00+00:00
[2025-04-06T22:23:58.929+0000] {processor.py:208} INFO - Processing /home/airflow/.local/lib/python3.12/site-packages/airflow/example_dags/example_latest_only_with_trigger.py took 0.068 seconds
[2025-04-06T22:24:30.156+0000] {processor.py:186} INFO - Started process (PID=1087) to work on /home/airflow/.local/lib/python3.12/site-packages/airflow/example_dags/example_latest_only_with_trigger.py
[2025-04-06T22:24:30.157+0000] {processor.py:914} INFO - Processing file /home/airflow/.local/lib/python3.12/site-packages/airflow/example_dags/example_latest_only_with_trigger.py for tasks to queue
[2025-04-06T22:24:30.157+0000] {logging_mixin.py:190} INFO - [2025-04-06T22:24:30.157+0000] {dagbag.py:588} INFO - Filling up the DagBag from /home/airflow/.local/lib/python3.12/site-packages/airflow/example_dags/example_latest_only_with_trigger.py
[2025-04-06T22:24:30.162+0000] {processor.py:925} INFO - DAG(s) 'latest_only_with_trigger' retrieved from /home/airflow/.local/lib/python3.12/site-packages/airflow/example_dags/example_latest_only_with_trigger.py
[2025-04-06T22:24:30.184+0000] {logging_mixin.py:190} INFO - [2025-04-06T22:24:30.183+0000] {dag.py:3239} INFO - Sync 1 DAGs
[2025-04-06T22:24:30.203+0000] {logging_mixin.py:190} INFO - [2025-04-06T22:24:30.203+0000] {dag.py:4180} INFO - Setting next_dagrun for latest_only_with_trigger to 2025-04-06 16:00:00+00:00, run_after=2025-04-06 20:00:00+00:00
[2025-04-06T22:24:30.216+0000] {processor.py:208} INFO - Processing /home/airflow/.local/lib/python3.12/site-packages/airflow/example_dags/example_latest_only_with_trigger.py took 0.065 seconds
[2025-04-06T22:25:01.372+0000] {processor.py:186} INFO - Started process (PID=1152) to work on /home/airflow/.local/lib/python3.12/site-packages/airflow/example_dags/example_latest_only_with_trigger.py
[2025-04-06T22:25:01.373+0000] {processor.py:914} INFO - Processing file /home/airflow/.local/lib/python3.12/site-packages/airflow/example_dags/example_latest_only_with_trigger.py for tasks to queue
[2025-04-06T22:25:01.378+0000] {logging_mixin.py:190} INFO - [2025-04-06T22:25:01.375+0000] {dagbag.py:588} INFO - Filling up the DagBag from /home/airflow/.local/lib/python3.12/site-packages/airflow/example_dags/example_latest_only_with_trigger.py
[2025-04-06T22:25:01.388+0000] {processor.py:925} INFO - DAG(s) 'latest_only_with_trigger' retrieved from /home/airflow/.local/lib/python3.12/site-packages/airflow/example_dags/example_latest_only_with_trigger.py
[2025-04-06T22:25:01.408+0000] {logging_mixin.py:190} INFO - [2025-04-06T22:25:01.408+0000] {dag.py:3239} INFO - Sync 1 DAGs
[2025-04-06T22:25:01.427+0000] {logging_mixin.py:190} INFO - [2025-04-06T22:25:01.427+0000] {dag.py:4180} INFO - Setting next_dagrun for latest_only_with_trigger to 2025-04-06 16:00:00+00:00, run_after=2025-04-06 20:00:00+00:00
[2025-04-06T22:25:01.440+0000] {processor.py:208} INFO - Processing /home/airflow/.local/lib/python3.12/site-packages/airflow/example_dags/example_latest_only_with_trigger.py took 0.077 seconds
[2025-04-06T22:25:32.741+0000] {processor.py:186} INFO - Started process (PID=1217) to work on /home/airflow/.local/lib/python3.12/site-packages/airflow/example_dags/example_latest_only_with_trigger.py
[2025-04-06T22:25:32.742+0000] {processor.py:914} INFO - Processing file /home/airflow/.local/lib/python3.12/site-packages/airflow/example_dags/example_latest_only_with_trigger.py for tasks to queue
[2025-04-06T22:25:32.743+0000] {logging_mixin.py:190} INFO - [2025-04-06T22:25:32.743+0000] {dagbag.py:588} INFO - Filling up the DagBag from /home/airflow/.local/lib/python3.12/site-packages/airflow/example_dags/example_latest_only_with_trigger.py
[2025-04-06T22:25:32.750+0000] {processor.py:925} INFO - DAG(s) 'latest_only_with_trigger' retrieved from /home/airflow/.local/lib/python3.12/site-packages/airflow/example_dags/example_latest_only_with_trigger.py
[2025-04-06T22:25:32.769+0000] {logging_mixin.py:190} INFO - [2025-04-06T22:25:32.769+0000] {dag.py:3239} INFO - Sync 1 DAGs
[2025-04-06T22:25:32.789+0000] {logging_mixin.py:190} INFO - [2025-04-06T22:25:32.789+0000] {dag.py:4180} INFO - Setting next_dagrun for latest_only_with_trigger to 2025-04-06 16:00:00+00:00, run_after=2025-04-06 20:00:00+00:00
[2025-04-06T22:25:32.803+0000] {processor.py:208} INFO - Processing /home/airflow/.local/lib/python3.12/site-packages/airflow/example_dags/example_latest_only_with_trigger.py took 0.069 seconds
[2025-04-06T22:26:03.455+0000] {processor.py:186} INFO - Started process (PID=1282) to work on /home/airflow/.local/lib/python3.12/site-packages/airflow/example_dags/example_latest_only_with_trigger.py
[2025-04-06T22:26:03.455+0000] {processor.py:914} INFO - Processing file /home/airflow/.local/lib/python3.12/site-packages/airflow/example_dags/example_latest_only_with_trigger.py for tasks to queue
[2025-04-06T22:26:03.456+0000] {logging_mixin.py:190} INFO - [2025-04-06T22:26:03.456+0000] {dagbag.py:588} INFO - Filling up the DagBag from /home/airflow/.local/lib/python3.12/site-packages/airflow/example_dags/example_latest_only_with_trigger.py
[2025-04-06T22:26:03.461+0000] {processor.py:925} INFO - DAG(s) 'latest_only_with_trigger' retrieved from /home/airflow/.local/lib/python3.12/site-packages/airflow/example_dags/example_latest_only_with_trigger.py
[2025-04-06T22:26:03.481+0000] {logging_mixin.py:190} INFO - [2025-04-06T22:26:03.481+0000] {dag.py:3239} INFO - Sync 1 DAGs
[2025-04-06T22:26:03.500+0000] {logging_mixin.py:190} INFO - [2025-04-06T22:26:03.500+0000] {dag.py:4180} INFO - Setting next_dagrun for latest_only_with_trigger to 2025-04-06 16:00:00+00:00, run_after=2025-04-06 20:00:00+00:00
[2025-04-06T22:26:03.514+0000] {processor.py:208} INFO - Processing /home/airflow/.local/lib/python3.12/site-packages/airflow/example_dags/example_latest_only_with_trigger.py took 0.063 seconds
[2025-04-06T22:27:43.471+0000] {processor.py:186} INFO - Started process (PID=113) to work on /home/airflow/.local/lib/python3.12/site-packages/airflow/example_dags/example_latest_only_with_trigger.py
[2025-04-06T22:27:43.473+0000] {processor.py:914} INFO - Processing file /home/airflow/.local/lib/python3.12/site-packages/airflow/example_dags/example_latest_only_with_trigger.py for tasks to queue
[2025-04-06T22:27:43.476+0000] {logging_mixin.py:190} INFO - [2025-04-06T22:27:43.476+0000] {dagbag.py:588} INFO - Filling up the DagBag from /home/airflow/.local/lib/python3.12/site-packages/airflow/example_dags/example_latest_only_with_trigger.py
[2025-04-06T22:27:43.486+0000] {processor.py:925} INFO - DAG(s) 'latest_only_with_trigger' retrieved from /home/airflow/.local/lib/python3.12/site-packages/airflow/example_dags/example_latest_only_with_trigger.py
[2025-04-06T22:27:43.530+0000] {logging_mixin.py:190} INFO - [2025-04-06T22:27:43.530+0000] {dag.py:3239} INFO - Sync 1 DAGs
[2025-04-06T22:27:43.571+0000] {logging_mixin.py:190} INFO - [2025-04-06T22:27:43.571+0000] {dag.py:4180} INFO - Setting next_dagrun for latest_only_with_trigger to 2025-04-06 16:00:00+00:00, run_after=2025-04-06 20:00:00+00:00
[2025-04-06T22:27:43.605+0000] {processor.py:208} INFO - Processing /home/airflow/.local/lib/python3.12/site-packages/airflow/example_dags/example_latest_only_with_trigger.py took 0.142 seconds
[2025-04-06T22:28:14.119+0000] {processor.py:186} INFO - Started process (PID=178) to work on /home/airflow/.local/lib/python3.12/site-packages/airflow/example_dags/example_latest_only_with_trigger.py
[2025-04-06T22:28:14.120+0000] {processor.py:914} INFO - Processing file /home/airflow/.local/lib/python3.12/site-packages/airflow/example_dags/example_latest_only_with_trigger.py for tasks to queue
[2025-04-06T22:28:14.122+0000] {logging_mixin.py:190} INFO - [2025-04-06T22:28:14.121+0000] {dagbag.py:588} INFO - Filling up the DagBag from /home/airflow/.local/lib/python3.12/site-packages/airflow/example_dags/example_latest_only_with_trigger.py
[2025-04-06T22:28:14.126+0000] {processor.py:925} INFO - DAG(s) 'latest_only_with_trigger' retrieved from /home/airflow/.local/lib/python3.12/site-packages/airflow/example_dags/example_latest_only_with_trigger.py
[2025-04-06T22:28:14.146+0000] {logging_mixin.py:190} INFO - [2025-04-06T22:28:14.145+0000] {dag.py:3239} INFO - Sync 1 DAGs
[2025-04-06T22:28:14.166+0000] {logging_mixin.py:190} INFO - [2025-04-06T22:28:14.166+0000] {dag.py:4180} INFO - Setting next_dagrun for latest_only_with_trigger to 2025-04-06 16:00:00+00:00, run_after=2025-04-06 20:00:00+00:00
[2025-04-06T22:28:14.179+0000] {processor.py:208} INFO - Processing /home/airflow/.local/lib/python3.12/site-packages/airflow/example_dags/example_latest_only_with_trigger.py took 0.064 seconds
[2025-04-06T22:28:44.502+0000] {processor.py:186} INFO - Started process (PID=243) to work on /home/airflow/.local/lib/python3.12/site-packages/airflow/example_dags/example_latest_only_with_trigger.py
[2025-04-06T22:28:44.503+0000] {processor.py:914} INFO - Processing file /home/airflow/.local/lib/python3.12/site-packages/airflow/example_dags/example_latest_only_with_trigger.py for tasks to queue
[2025-04-06T22:28:44.506+0000] {logging_mixin.py:190} INFO - [2025-04-06T22:28:44.506+0000] {dagbag.py:588} INFO - Filling up the DagBag from /home/airflow/.local/lib/python3.12/site-packages/airflow/example_dags/example_latest_only_with_trigger.py
[2025-04-06T22:28:44.511+0000] {processor.py:925} INFO - DAG(s) 'latest_only_with_trigger' retrieved from /home/airflow/.local/lib/python3.12/site-packages/airflow/example_dags/example_latest_only_with_trigger.py
[2025-04-06T22:28:44.529+0000] {logging_mixin.py:190} INFO - [2025-04-06T22:28:44.529+0000] {dag.py:3239} INFO - Sync 1 DAGs
[2025-04-06T22:28:44.547+0000] {logging_mixin.py:190} INFO - [2025-04-06T22:28:44.546+0000] {dag.py:4180} INFO - Setting next_dagrun for latest_only_with_trigger to 2025-04-06 16:00:00+00:00, run_after=2025-04-06 20:00:00+00:00
[2025-04-06T22:28:44.558+0000] {processor.py:208} INFO - Processing /home/airflow/.local/lib/python3.12/site-packages/airflow/example_dags/example_latest_only_with_trigger.py took 0.063 seconds
[2025-04-06T22:29:14.639+0000] {processor.py:186} INFO - Started process (PID=308) to work on /home/airflow/.local/lib/python3.12/site-packages/airflow/example_dags/example_latest_only_with_trigger.py
[2025-04-06T22:29:14.640+0000] {processor.py:914} INFO - Processing file /home/airflow/.local/lib/python3.12/site-packages/airflow/example_dags/example_latest_only_with_trigger.py for tasks to queue
[2025-04-06T22:29:14.643+0000] {logging_mixin.py:190} INFO - [2025-04-06T22:29:14.642+0000] {dagbag.py:588} INFO - Filling up the DagBag from /home/airflow/.local/lib/python3.12/site-packages/airflow/example_dags/example_latest_only_with_trigger.py
[2025-04-06T22:29:14.648+0000] {processor.py:925} INFO - DAG(s) 'latest_only_with_trigger' retrieved from /home/airflow/.local/lib/python3.12/site-packages/airflow/example_dags/example_latest_only_with_trigger.py
[2025-04-06T22:29:14.667+0000] {logging_mixin.py:190} INFO - [2025-04-06T22:29:14.667+0000] {dag.py:3239} INFO - Sync 1 DAGs
[2025-04-06T22:29:14.687+0000] {logging_mixin.py:190} INFO - [2025-04-06T22:29:14.686+0000] {dag.py:4180} INFO - Setting next_dagrun for latest_only_with_trigger to 2025-04-06 16:00:00+00:00, run_after=2025-04-06 20:00:00+00:00
[2025-04-06T22:29:14.699+0000] {processor.py:208} INFO - Processing /home/airflow/.local/lib/python3.12/site-packages/airflow/example_dags/example_latest_only_with_trigger.py took 0.068 seconds
[2025-04-06T22:29:45.585+0000] {processor.py:186} INFO - Started process (PID=372) to work on /home/airflow/.local/lib/python3.12/site-packages/airflow/example_dags/example_latest_only_with_trigger.py
[2025-04-06T22:29:45.586+0000] {processor.py:914} INFO - Processing file /home/airflow/.local/lib/python3.12/site-packages/airflow/example_dags/example_latest_only_with_trigger.py for tasks to queue
[2025-04-06T22:29:45.589+0000] {logging_mixin.py:190} INFO - [2025-04-06T22:29:45.588+0000] {dagbag.py:588} INFO - Filling up the DagBag from /home/airflow/.local/lib/python3.12/site-packages/airflow/example_dags/example_latest_only_with_trigger.py
[2025-04-06T22:29:45.594+0000] {processor.py:925} INFO - DAG(s) 'latest_only_with_trigger' retrieved from /home/airflow/.local/lib/python3.12/site-packages/airflow/example_dags/example_latest_only_with_trigger.py
[2025-04-06T22:29:45.614+0000] {logging_mixin.py:190} INFO - [2025-04-06T22:29:45.613+0000] {dag.py:3239} INFO - Sync 1 DAGs
[2025-04-06T22:29:45.634+0000] {logging_mixin.py:190} INFO - [2025-04-06T22:29:45.633+0000] {dag.py:4180} INFO - Setting next_dagrun for latest_only_with_trigger to 2025-04-06 16:00:00+00:00, run_after=2025-04-06 20:00:00+00:00
[2025-04-06T22:29:45.647+0000] {processor.py:208} INFO - Processing /home/airflow/.local/lib/python3.12/site-packages/airflow/example_dags/example_latest_only_with_trigger.py took 0.069 seconds
[2025-04-06T22:30:15.896+0000] {processor.py:186} INFO - Started process (PID=437) to work on /home/airflow/.local/lib/python3.12/site-packages/airflow/example_dags/example_latest_only_with_trigger.py
[2025-04-06T22:30:15.897+0000] {processor.py:914} INFO - Processing file /home/airflow/.local/lib/python3.12/site-packages/airflow/example_dags/example_latest_only_with_trigger.py for tasks to queue
[2025-04-06T22:30:15.899+0000] {logging_mixin.py:190} INFO - [2025-04-06T22:30:15.899+0000] {dagbag.py:588} INFO - Filling up the DagBag from /home/airflow/.local/lib/python3.12/site-packages/airflow/example_dags/example_latest_only_with_trigger.py
[2025-04-06T22:30:15.904+0000] {processor.py:925} INFO - DAG(s) 'latest_only_with_trigger' retrieved from /home/airflow/.local/lib/python3.12/site-packages/airflow/example_dags/example_latest_only_with_trigger.py
[2025-04-06T22:30:15.923+0000] {logging_mixin.py:190} INFO - [2025-04-06T22:30:15.922+0000] {dag.py:3239} INFO - Sync 1 DAGs
[2025-04-06T22:30:15.940+0000] {logging_mixin.py:190} INFO - [2025-04-06T22:30:15.940+0000] {dag.py:4180} INFO - Setting next_dagrun for latest_only_with_trigger to 2025-04-06 16:00:00+00:00, run_after=2025-04-06 20:00:00+00:00
[2025-04-06T22:30:15.952+0000] {processor.py:208} INFO - Processing /home/airflow/.local/lib/python3.12/site-packages/airflow/example_dags/example_latest_only_with_trigger.py took 0.065 seconds
[2025-04-06T22:30:46.088+0000] {processor.py:186} INFO - Started process (PID=502) to work on /home/airflow/.local/lib/python3.12/site-packages/airflow/example_dags/example_latest_only_with_trigger.py
[2025-04-06T22:30:46.089+0000] {processor.py:914} INFO - Processing file /home/airflow/.local/lib/python3.12/site-packages/airflow/example_dags/example_latest_only_with_trigger.py for tasks to queue
[2025-04-06T22:30:46.092+0000] {logging_mixin.py:190} INFO - [2025-04-06T22:30:46.092+0000] {dagbag.py:588} INFO - Filling up the DagBag from /home/airflow/.local/lib/python3.12/site-packages/airflow/example_dags/example_latest_only_with_trigger.py
[2025-04-06T22:30:46.097+0000] {processor.py:925} INFO - DAG(s) 'latest_only_with_trigger' retrieved from /home/airflow/.local/lib/python3.12/site-packages/airflow/example_dags/example_latest_only_with_trigger.py
[2025-04-06T22:30:46.117+0000] {logging_mixin.py:190} INFO - [2025-04-06T22:30:46.117+0000] {dag.py:3239} INFO - Sync 1 DAGs
[2025-04-06T22:30:46.138+0000] {logging_mixin.py:190} INFO - [2025-04-06T22:30:46.138+0000] {dag.py:4180} INFO - Setting next_dagrun for latest_only_with_trigger to 2025-04-06 16:00:00+00:00, run_after=2025-04-06 20:00:00+00:00
[2025-04-06T22:30:46.154+0000] {processor.py:208} INFO - Processing /home/airflow/.local/lib/python3.12/site-packages/airflow/example_dags/example_latest_only_with_trigger.py took 0.073 seconds
[2025-04-06T22:31:17.113+0000] {processor.py:186} INFO - Started process (PID=567) to work on /home/airflow/.local/lib/python3.12/site-packages/airflow/example_dags/example_latest_only_with_trigger.py
[2025-04-06T22:31:17.114+0000] {processor.py:914} INFO - Processing file /home/airflow/.local/lib/python3.12/site-packages/airflow/example_dags/example_latest_only_with_trigger.py for tasks to queue
[2025-04-06T22:31:17.117+0000] {logging_mixin.py:190} INFO - [2025-04-06T22:31:17.117+0000] {dagbag.py:588} INFO - Filling up the DagBag from /home/airflow/.local/lib/python3.12/site-packages/airflow/example_dags/example_latest_only_with_trigger.py
[2025-04-06T22:31:17.122+0000] {processor.py:925} INFO - DAG(s) 'latest_only_with_trigger' retrieved from /home/airflow/.local/lib/python3.12/site-packages/airflow/example_dags/example_latest_only_with_trigger.py
[2025-04-06T22:31:17.142+0000] {logging_mixin.py:190} INFO - [2025-04-06T22:31:17.142+0000] {dag.py:3239} INFO - Sync 1 DAGs
[2025-04-06T22:31:17.162+0000] {logging_mixin.py:190} INFO - [2025-04-06T22:31:17.162+0000] {dag.py:4180} INFO - Setting next_dagrun for latest_only_with_trigger to 2025-04-06 16:00:00+00:00, run_after=2025-04-06 20:00:00+00:00
[2025-04-06T22:31:17.177+0000] {processor.py:208} INFO - Processing /home/airflow/.local/lib/python3.12/site-packages/airflow/example_dags/example_latest_only_with_trigger.py took 0.072 seconds
[2025-04-06T22:31:47.326+0000] {processor.py:186} INFO - Started process (PID=631) to work on /home/airflow/.local/lib/python3.12/site-packages/airflow/example_dags/example_latest_only_with_trigger.py
[2025-04-06T22:31:47.327+0000] {processor.py:914} INFO - Processing file /home/airflow/.local/lib/python3.12/site-packages/airflow/example_dags/example_latest_only_with_trigger.py for tasks to queue
[2025-04-06T22:31:47.330+0000] {logging_mixin.py:190} INFO - [2025-04-06T22:31:47.329+0000] {dagbag.py:588} INFO - Filling up the DagBag from /home/airflow/.local/lib/python3.12/site-packages/airflow/example_dags/example_latest_only_with_trigger.py
[2025-04-06T22:31:47.335+0000] {processor.py:925} INFO - DAG(s) 'latest_only_with_trigger' retrieved from /home/airflow/.local/lib/python3.12/site-packages/airflow/example_dags/example_latest_only_with_trigger.py
[2025-04-06T22:31:47.354+0000] {logging_mixin.py:190} INFO - [2025-04-06T22:31:47.354+0000] {dag.py:3239} INFO - Sync 1 DAGs
[2025-04-06T22:31:47.372+0000] {logging_mixin.py:190} INFO - [2025-04-06T22:31:47.372+0000] {dag.py:4180} INFO - Setting next_dagrun for latest_only_with_trigger to 2025-04-06 16:00:00+00:00, run_after=2025-04-06 20:00:00+00:00
[2025-04-06T22:31:47.384+0000] {processor.py:208} INFO - Processing /home/airflow/.local/lib/python3.12/site-packages/airflow/example_dags/example_latest_only_with_trigger.py took 0.065 seconds
[2025-04-06T22:32:17.731+0000] {processor.py:186} INFO - Started process (PID=696) to work on /home/airflow/.local/lib/python3.12/site-packages/airflow/example_dags/example_latest_only_with_trigger.py
[2025-04-06T22:32:17.732+0000] {processor.py:914} INFO - Processing file /home/airflow/.local/lib/python3.12/site-packages/airflow/example_dags/example_latest_only_with_trigger.py for tasks to queue
[2025-04-06T22:32:17.735+0000] {logging_mixin.py:190} INFO - [2025-04-06T22:32:17.735+0000] {dagbag.py:588} INFO - Filling up the DagBag from /home/airflow/.local/lib/python3.12/site-packages/airflow/example_dags/example_latest_only_with_trigger.py
[2025-04-06T22:32:17.740+0000] {processor.py:925} INFO - DAG(s) 'latest_only_with_trigger' retrieved from /home/airflow/.local/lib/python3.12/site-packages/airflow/example_dags/example_latest_only_with_trigger.py
[2025-04-06T22:32:17.760+0000] {logging_mixin.py:190} INFO - [2025-04-06T22:32:17.759+0000] {dag.py:3239} INFO - Sync 1 DAGs
[2025-04-06T22:32:17.779+0000] {logging_mixin.py:190} INFO - [2025-04-06T22:32:17.779+0000] {dag.py:4180} INFO - Setting next_dagrun for latest_only_with_trigger to 2025-04-06 16:00:00+00:00, run_after=2025-04-06 20:00:00+00:00
[2025-04-06T22:32:17.791+0000] {processor.py:208} INFO - Processing /home/airflow/.local/lib/python3.12/site-packages/airflow/example_dags/example_latest_only_with_trigger.py took 0.068 seconds
[2025-04-06T22:32:48.227+0000] {processor.py:186} INFO - Started process (PID=761) to work on /home/airflow/.local/lib/python3.12/site-packages/airflow/example_dags/example_latest_only_with_trigger.py
[2025-04-06T22:32:48.228+0000] {processor.py:914} INFO - Processing file /home/airflow/.local/lib/python3.12/site-packages/airflow/example_dags/example_latest_only_with_trigger.py for tasks to queue
[2025-04-06T22:32:48.231+0000] {logging_mixin.py:190} INFO - [2025-04-06T22:32:48.230+0000] {dagbag.py:588} INFO - Filling up the DagBag from /home/airflow/.local/lib/python3.12/site-packages/airflow/example_dags/example_latest_only_with_trigger.py
[2025-04-06T22:32:48.239+0000] {processor.py:925} INFO - DAG(s) 'latest_only_with_trigger' retrieved from /home/airflow/.local/lib/python3.12/site-packages/airflow/example_dags/example_latest_only_with_trigger.py
[2025-04-06T22:32:48.267+0000] {logging_mixin.py:190} INFO - [2025-04-06T22:32:48.266+0000] {dag.py:3239} INFO - Sync 1 DAGs
[2025-04-06T22:32:48.287+0000] {logging_mixin.py:190} INFO - [2025-04-06T22:32:48.286+0000] {dag.py:4180} INFO - Setting next_dagrun for latest_only_with_trigger to 2025-04-06 16:00:00+00:00, run_after=2025-04-06 20:00:00+00:00
[2025-04-06T22:32:48.299+0000] {processor.py:208} INFO - Processing /home/airflow/.local/lib/python3.12/site-packages/airflow/example_dags/example_latest_only_with_trigger.py took 0.079 seconds
[2025-04-06T22:33:18.382+0000] {processor.py:186} INFO - Started process (PID=826) to work on /home/airflow/.local/lib/python3.12/site-packages/airflow/example_dags/example_latest_only_with_trigger.py
[2025-04-06T22:33:18.383+0000] {processor.py:914} INFO - Processing file /home/airflow/.local/lib/python3.12/site-packages/airflow/example_dags/example_latest_only_with_trigger.py for tasks to queue
[2025-04-06T22:33:18.386+0000] {logging_mixin.py:190} INFO - [2025-04-06T22:33:18.385+0000] {dagbag.py:588} INFO - Filling up the DagBag from /home/airflow/.local/lib/python3.12/site-packages/airflow/example_dags/example_latest_only_with_trigger.py
[2025-04-06T22:33:18.391+0000] {processor.py:925} INFO - DAG(s) 'latest_only_with_trigger' retrieved from /home/airflow/.local/lib/python3.12/site-packages/airflow/example_dags/example_latest_only_with_trigger.py
[2025-04-06T22:33:18.409+0000] {logging_mixin.py:190} INFO - [2025-04-06T22:33:18.408+0000] {dag.py:3239} INFO - Sync 1 DAGs
[2025-04-06T22:33:18.427+0000] {logging_mixin.py:190} INFO - [2025-04-06T22:33:18.427+0000] {dag.py:4180} INFO - Setting next_dagrun for latest_only_with_trigger to 2025-04-06 16:00:00+00:00, run_after=2025-04-06 20:00:00+00:00
[2025-04-06T22:33:18.442+0000] {processor.py:208} INFO - Processing /home/airflow/.local/lib/python3.12/site-packages/airflow/example_dags/example_latest_only_with_trigger.py took 0.067 seconds
[2025-04-06T22:33:48.512+0000] {processor.py:186} INFO - Started process (PID=891) to work on /home/airflow/.local/lib/python3.12/site-packages/airflow/example_dags/example_latest_only_with_trigger.py
[2025-04-06T22:33:48.513+0000] {processor.py:914} INFO - Processing file /home/airflow/.local/lib/python3.12/site-packages/airflow/example_dags/example_latest_only_with_trigger.py for tasks to queue
[2025-04-06T22:33:48.516+0000] {logging_mixin.py:190} INFO - [2025-04-06T22:33:48.516+0000] {dagbag.py:588} INFO - Filling up the DagBag from /home/airflow/.local/lib/python3.12/site-packages/airflow/example_dags/example_latest_only_with_trigger.py
[2025-04-06T22:33:48.521+0000] {processor.py:925} INFO - DAG(s) 'latest_only_with_trigger' retrieved from /home/airflow/.local/lib/python3.12/site-packages/airflow/example_dags/example_latest_only_with_trigger.py
[2025-04-06T22:33:48.539+0000] {logging_mixin.py:190} INFO - [2025-04-06T22:33:48.539+0000] {dag.py:3239} INFO - Sync 1 DAGs
[2025-04-06T22:33:48.559+0000] {logging_mixin.py:190} INFO - [2025-04-06T22:33:48.558+0000] {dag.py:4180} INFO - Setting next_dagrun for latest_only_with_trigger to 2025-04-06 16:00:00+00:00, run_after=2025-04-06 20:00:00+00:00
[2025-04-06T22:33:48.574+0000] {processor.py:208} INFO - Processing /home/airflow/.local/lib/python3.12/site-packages/airflow/example_dags/example_latest_only_with_trigger.py took 0.070 seconds
[2025-04-06T22:34:19.137+0000] {processor.py:186} INFO - Started process (PID=956) to work on /home/airflow/.local/lib/python3.12/site-packages/airflow/example_dags/example_latest_only_with_trigger.py
[2025-04-06T22:34:19.138+0000] {processor.py:914} INFO - Processing file /home/airflow/.local/lib/python3.12/site-packages/airflow/example_dags/example_latest_only_with_trigger.py for tasks to queue
[2025-04-06T22:34:19.141+0000] {logging_mixin.py:190} INFO - [2025-04-06T22:34:19.141+0000] {dagbag.py:588} INFO - Filling up the DagBag from /home/airflow/.local/lib/python3.12/site-packages/airflow/example_dags/example_latest_only_with_trigger.py
[2025-04-06T22:34:19.146+0000] {processor.py:925} INFO - DAG(s) 'latest_only_with_trigger' retrieved from /home/airflow/.local/lib/python3.12/site-packages/airflow/example_dags/example_latest_only_with_trigger.py
[2025-04-06T22:34:19.163+0000] {logging_mixin.py:190} INFO - [2025-04-06T22:34:19.163+0000] {dag.py:3239} INFO - Sync 1 DAGs
[2025-04-06T22:34:19.183+0000] {logging_mixin.py:190} INFO - [2025-04-06T22:34:19.183+0000] {dag.py:4180} INFO - Setting next_dagrun for latest_only_with_trigger to 2025-04-06 16:00:00+00:00, run_after=2025-04-06 20:00:00+00:00
[2025-04-06T22:34:19.196+0000] {processor.py:208} INFO - Processing /home/airflow/.local/lib/python3.12/site-packages/airflow/example_dags/example_latest_only_with_trigger.py took 0.067 seconds
[2025-04-06T22:34:49.506+0000] {processor.py:186} INFO - Started process (PID=1021) to work on /home/airflow/.local/lib/python3.12/site-packages/airflow/example_dags/example_latest_only_with_trigger.py
[2025-04-06T22:34:49.507+0000] {processor.py:914} INFO - Processing file /home/airflow/.local/lib/python3.12/site-packages/airflow/example_dags/example_latest_only_with_trigger.py for tasks to queue
[2025-04-06T22:34:49.510+0000] {logging_mixin.py:190} INFO - [2025-04-06T22:34:49.509+0000] {dagbag.py:588} INFO - Filling up the DagBag from /home/airflow/.local/lib/python3.12/site-packages/airflow/example_dags/example_latest_only_with_trigger.py
[2025-04-06T22:34:49.514+0000] {processor.py:925} INFO - DAG(s) 'latest_only_with_trigger' retrieved from /home/airflow/.local/lib/python3.12/site-packages/airflow/example_dags/example_latest_only_with_trigger.py
[2025-04-06T22:34:49.533+0000] {logging_mixin.py:190} INFO - [2025-04-06T22:34:49.533+0000] {dag.py:3239} INFO - Sync 1 DAGs
[2025-04-06T22:34:49.552+0000] {logging_mixin.py:190} INFO - [2025-04-06T22:34:49.552+0000] {dag.py:4180} INFO - Setting next_dagrun for latest_only_with_trigger to 2025-04-06 16:00:00+00:00, run_after=2025-04-06 20:00:00+00:00
[2025-04-06T22:34:49.566+0000] {processor.py:208} INFO - Processing /home/airflow/.local/lib/python3.12/site-packages/airflow/example_dags/example_latest_only_with_trigger.py took 0.067 seconds
[2025-04-06T22:35:19.896+0000] {processor.py:186} INFO - Started process (PID=1086) to work on /home/airflow/.local/lib/python3.12/site-packages/airflow/example_dags/example_latest_only_with_trigger.py
[2025-04-06T22:35:19.896+0000] {processor.py:914} INFO - Processing file /home/airflow/.local/lib/python3.12/site-packages/airflow/example_dags/example_latest_only_with_trigger.py for tasks to queue
[2025-04-06T22:35:19.899+0000] {logging_mixin.py:190} INFO - [2025-04-06T22:35:19.898+0000] {dagbag.py:588} INFO - Filling up the DagBag from /home/airflow/.local/lib/python3.12/site-packages/airflow/example_dags/example_latest_only_with_trigger.py
[2025-04-06T22:35:19.903+0000] {processor.py:925} INFO - DAG(s) 'latest_only_with_trigger' retrieved from /home/airflow/.local/lib/python3.12/site-packages/airflow/example_dags/example_latest_only_with_trigger.py
[2025-04-06T22:35:19.921+0000] {logging_mixin.py:190} INFO - [2025-04-06T22:35:19.921+0000] {dag.py:3239} INFO - Sync 1 DAGs
[2025-04-06T22:35:19.941+0000] {logging_mixin.py:190} INFO - [2025-04-06T22:35:19.940+0000] {dag.py:4180} INFO - Setting next_dagrun for latest_only_with_trigger to 2025-04-06 16:00:00+00:00, run_after=2025-04-06 20:00:00+00:00
[2025-04-06T22:35:19.953+0000] {processor.py:208} INFO - Processing /home/airflow/.local/lib/python3.12/site-packages/airflow/example_dags/example_latest_only_with_trigger.py took 0.064 seconds
[2025-04-06T22:35:50.480+0000] {processor.py:186} INFO - Started process (PID=1152) to work on /home/airflow/.local/lib/python3.12/site-packages/airflow/example_dags/example_latest_only_with_trigger.py
[2025-04-06T22:35:50.481+0000] {processor.py:914} INFO - Processing file /home/airflow/.local/lib/python3.12/site-packages/airflow/example_dags/example_latest_only_with_trigger.py for tasks to queue
[2025-04-06T22:35:50.484+0000] {logging_mixin.py:190} INFO - [2025-04-06T22:35:50.484+0000] {dagbag.py:588} INFO - Filling up the DagBag from /home/airflow/.local/lib/python3.12/site-packages/airflow/example_dags/example_latest_only_with_trigger.py
[2025-04-06T22:35:50.489+0000] {processor.py:925} INFO - DAG(s) 'latest_only_with_trigger' retrieved from /home/airflow/.local/lib/python3.12/site-packages/airflow/example_dags/example_latest_only_with_trigger.py
[2025-04-06T22:35:50.508+0000] {logging_mixin.py:190} INFO - [2025-04-06T22:35:50.508+0000] {dag.py:3239} INFO - Sync 1 DAGs
[2025-04-06T22:35:50.527+0000] {logging_mixin.py:190} INFO - [2025-04-06T22:35:50.527+0000] {dag.py:4180} INFO - Setting next_dagrun for latest_only_with_trigger to 2025-04-06 16:00:00+00:00, run_after=2025-04-06 20:00:00+00:00
[2025-04-06T22:35:50.540+0000] {processor.py:208} INFO - Processing /home/airflow/.local/lib/python3.12/site-packages/airflow/example_dags/example_latest_only_with_trigger.py took 0.068 seconds
[2025-04-06T22:36:21.145+0000] {processor.py:186} INFO - Started process (PID=1217) to work on /home/airflow/.local/lib/python3.12/site-packages/airflow/example_dags/example_latest_only_with_trigger.py
[2025-04-06T22:36:21.146+0000] {processor.py:914} INFO - Processing file /home/airflow/.local/lib/python3.12/site-packages/airflow/example_dags/example_latest_only_with_trigger.py for tasks to queue
[2025-04-06T22:36:21.150+0000] {logging_mixin.py:190} INFO - [2025-04-06T22:36:21.149+0000] {dagbag.py:588} INFO - Filling up the DagBag from /home/airflow/.local/lib/python3.12/site-packages/airflow/example_dags/example_latest_only_with_trigger.py
[2025-04-06T22:36:21.155+0000] {processor.py:925} INFO - DAG(s) 'latest_only_with_trigger' retrieved from /home/airflow/.local/lib/python3.12/site-packages/airflow/example_dags/example_latest_only_with_trigger.py
[2025-04-06T22:36:21.172+0000] {logging_mixin.py:190} INFO - [2025-04-06T22:36:21.171+0000] {dag.py:3239} INFO - Sync 1 DAGs
[2025-04-06T22:36:21.189+0000] {logging_mixin.py:190} INFO - [2025-04-06T22:36:21.189+0000] {dag.py:4180} INFO - Setting next_dagrun for latest_only_with_trigger to 2025-04-06 16:00:00+00:00, run_after=2025-04-06 20:00:00+00:00
[2025-04-06T22:36:21.200+0000] {processor.py:208} INFO - Processing /home/airflow/.local/lib/python3.12/site-packages/airflow/example_dags/example_latest_only_with_trigger.py took 0.062 seconds
[2025-04-06T22:36:51.828+0000] {processor.py:186} INFO - Started process (PID=1282) to work on /home/airflow/.local/lib/python3.12/site-packages/airflow/example_dags/example_latest_only_with_trigger.py
[2025-04-06T22:36:51.829+0000] {processor.py:914} INFO - Processing file /home/airflow/.local/lib/python3.12/site-packages/airflow/example_dags/example_latest_only_with_trigger.py for tasks to queue
[2025-04-06T22:36:51.831+0000] {logging_mixin.py:190} INFO - [2025-04-06T22:36:51.830+0000] {dagbag.py:588} INFO - Filling up the DagBag from /home/airflow/.local/lib/python3.12/site-packages/airflow/example_dags/example_latest_only_with_trigger.py
[2025-04-06T22:36:51.835+0000] {processor.py:925} INFO - DAG(s) 'latest_only_with_trigger' retrieved from /home/airflow/.local/lib/python3.12/site-packages/airflow/example_dags/example_latest_only_with_trigger.py
[2025-04-06T22:36:51.854+0000] {logging_mixin.py:190} INFO - [2025-04-06T22:36:51.854+0000] {dag.py:3239} INFO - Sync 1 DAGs
[2025-04-06T22:36:51.873+0000] {logging_mixin.py:190} INFO - [2025-04-06T22:36:51.873+0000] {dag.py:4180} INFO - Setting next_dagrun for latest_only_with_trigger to 2025-04-06 16:00:00+00:00, run_after=2025-04-06 20:00:00+00:00
[2025-04-06T22:36:51.885+0000] {processor.py:208} INFO - Processing /home/airflow/.local/lib/python3.12/site-packages/airflow/example_dags/example_latest_only_with_trigger.py took 0.063 seconds
[2025-04-06T22:37:22.390+0000] {processor.py:186} INFO - Started process (PID=1347) to work on /home/airflow/.local/lib/python3.12/site-packages/airflow/example_dags/example_latest_only_with_trigger.py
[2025-04-06T22:37:22.391+0000] {processor.py:914} INFO - Processing file /home/airflow/.local/lib/python3.12/site-packages/airflow/example_dags/example_latest_only_with_trigger.py for tasks to queue
[2025-04-06T22:37:22.394+0000] {logging_mixin.py:190} INFO - [2025-04-06T22:37:22.394+0000] {dagbag.py:588} INFO - Filling up the DagBag from /home/airflow/.local/lib/python3.12/site-packages/airflow/example_dags/example_latest_only_with_trigger.py
[2025-04-06T22:37:22.401+0000] {processor.py:925} INFO - DAG(s) 'latest_only_with_trigger' retrieved from /home/airflow/.local/lib/python3.12/site-packages/airflow/example_dags/example_latest_only_with_trigger.py
[2025-04-06T22:37:22.421+0000] {logging_mixin.py:190} INFO - [2025-04-06T22:37:22.420+0000] {dag.py:3239} INFO - Sync 1 DAGs
[2025-04-06T22:37:22.441+0000] {logging_mixin.py:190} INFO - [2025-04-06T22:37:22.441+0000] {dag.py:4180} INFO - Setting next_dagrun for latest_only_with_trigger to 2025-04-06 16:00:00+00:00, run_after=2025-04-06 20:00:00+00:00
[2025-04-06T22:37:22.454+0000] {processor.py:208} INFO - Processing /home/airflow/.local/lib/python3.12/site-packages/airflow/example_dags/example_latest_only_with_trigger.py took 0.071 seconds
[2025-04-06T22:37:53.035+0000] {processor.py:186} INFO - Started process (PID=1412) to work on /home/airflow/.local/lib/python3.12/site-packages/airflow/example_dags/example_latest_only_with_trigger.py
[2025-04-06T22:37:53.036+0000] {processor.py:914} INFO - Processing file /home/airflow/.local/lib/python3.12/site-packages/airflow/example_dags/example_latest_only_with_trigger.py for tasks to queue
[2025-04-06T22:37:53.039+0000] {logging_mixin.py:190} INFO - [2025-04-06T22:37:53.038+0000] {dagbag.py:588} INFO - Filling up the DagBag from /home/airflow/.local/lib/python3.12/site-packages/airflow/example_dags/example_latest_only_with_trigger.py
[2025-04-06T22:37:53.043+0000] {processor.py:925} INFO - DAG(s) 'latest_only_with_trigger' retrieved from /home/airflow/.local/lib/python3.12/site-packages/airflow/example_dags/example_latest_only_with_trigger.py
[2025-04-06T22:37:53.063+0000] {logging_mixin.py:190} INFO - [2025-04-06T22:37:53.063+0000] {dag.py:3239} INFO - Sync 1 DAGs
[2025-04-06T22:37:53.082+0000] {logging_mixin.py:190} INFO - [2025-04-06T22:37:53.082+0000] {dag.py:4180} INFO - Setting next_dagrun for latest_only_with_trigger to 2025-04-06 16:00:00+00:00, run_after=2025-04-06 20:00:00+00:00
[2025-04-06T22:37:53.097+0000] {processor.py:208} INFO - Processing /home/airflow/.local/lib/python3.12/site-packages/airflow/example_dags/example_latest_only_with_trigger.py took 0.069 seconds
[2025-04-06T22:38:23.671+0000] {processor.py:186} INFO - Started process (PID=1477) to work on /home/airflow/.local/lib/python3.12/site-packages/airflow/example_dags/example_latest_only_with_trigger.py
[2025-04-06T22:38:23.672+0000] {processor.py:914} INFO - Processing file /home/airflow/.local/lib/python3.12/site-packages/airflow/example_dags/example_latest_only_with_trigger.py for tasks to queue
[2025-04-06T22:38:23.675+0000] {logging_mixin.py:190} INFO - [2025-04-06T22:38:23.675+0000] {dagbag.py:588} INFO - Filling up the DagBag from /home/airflow/.local/lib/python3.12/site-packages/airflow/example_dags/example_latest_only_with_trigger.py
[2025-04-06T22:38:23.680+0000] {processor.py:925} INFO - DAG(s) 'latest_only_with_trigger' retrieved from /home/airflow/.local/lib/python3.12/site-packages/airflow/example_dags/example_latest_only_with_trigger.py
[2025-04-06T22:38:23.698+0000] {logging_mixin.py:190} INFO - [2025-04-06T22:38:23.698+0000] {dag.py:3239} INFO - Sync 1 DAGs
[2025-04-06T22:38:23.718+0000] {logging_mixin.py:190} INFO - [2025-04-06T22:38:23.718+0000] {dag.py:4180} INFO - Setting next_dagrun for latest_only_with_trigger to 2025-04-06 16:00:00+00:00, run_after=2025-04-06 20:00:00+00:00
[2025-04-06T22:38:23.732+0000] {processor.py:208} INFO - Processing /home/airflow/.local/lib/python3.12/site-packages/airflow/example_dags/example_latest_only_with_trigger.py took 0.069 seconds
[2025-04-06T22:38:54.328+0000] {processor.py:186} INFO - Started process (PID=1542) to work on /home/airflow/.local/lib/python3.12/site-packages/airflow/example_dags/example_latest_only_with_trigger.py
[2025-04-06T22:38:54.330+0000] {processor.py:914} INFO - Processing file /home/airflow/.local/lib/python3.12/site-packages/airflow/example_dags/example_latest_only_with_trigger.py for tasks to queue
[2025-04-06T22:38:54.333+0000] {logging_mixin.py:190} INFO - [2025-04-06T22:38:54.332+0000] {dagbag.py:588} INFO - Filling up the DagBag from /home/airflow/.local/lib/python3.12/site-packages/airflow/example_dags/example_latest_only_with_trigger.py
[2025-04-06T22:38:54.338+0000] {processor.py:925} INFO - DAG(s) 'latest_only_with_trigger' retrieved from /home/airflow/.local/lib/python3.12/site-packages/airflow/example_dags/example_latest_only_with_trigger.py
[2025-04-06T22:38:54.357+0000] {logging_mixin.py:190} INFO - [2025-04-06T22:38:54.356+0000] {dag.py:3239} INFO - Sync 1 DAGs
[2025-04-06T22:38:54.577+0000] {logging_mixin.py:190} INFO - [2025-04-06T22:38:54.577+0000] {dag.py:4180} INFO - Setting next_dagrun for latest_only_with_trigger to 2025-04-06 16:00:00+00:00, run_after=2025-04-06 20:00:00+00:00
[2025-04-06T22:38:54.589+0000] {processor.py:208} INFO - Processing /home/airflow/.local/lib/python3.12/site-packages/airflow/example_dags/example_latest_only_with_trigger.py took 0.268 seconds
[2025-04-06T22:39:25.573+0000] {processor.py:186} INFO - Started process (PID=1607) to work on /home/airflow/.local/lib/python3.12/site-packages/airflow/example_dags/example_latest_only_with_trigger.py
[2025-04-06T22:39:25.574+0000] {processor.py:914} INFO - Processing file /home/airflow/.local/lib/python3.12/site-packages/airflow/example_dags/example_latest_only_with_trigger.py for tasks to queue
[2025-04-06T22:39:25.577+0000] {logging_mixin.py:190} INFO - [2025-04-06T22:39:25.577+0000] {dagbag.py:588} INFO - Filling up the DagBag from /home/airflow/.local/lib/python3.12/site-packages/airflow/example_dags/example_latest_only_with_trigger.py
[2025-04-06T22:39:25.583+0000] {processor.py:925} INFO - DAG(s) 'latest_only_with_trigger' retrieved from /home/airflow/.local/lib/python3.12/site-packages/airflow/example_dags/example_latest_only_with_trigger.py
[2025-04-06T22:39:25.603+0000] {logging_mixin.py:190} INFO - [2025-04-06T22:39:25.603+0000] {dag.py:3239} INFO - Sync 1 DAGs
[2025-04-06T22:39:25.624+0000] {logging_mixin.py:190} INFO - [2025-04-06T22:39:25.623+0000] {dag.py:4180} INFO - Setting next_dagrun for latest_only_with_trigger to 2025-04-06 16:00:00+00:00, run_after=2025-04-06 20:00:00+00:00
[2025-04-06T22:39:25.637+0000] {processor.py:208} INFO - Processing /home/airflow/.local/lib/python3.12/site-packages/airflow/example_dags/example_latest_only_with_trigger.py took 0.071 seconds
[2025-04-06T22:39:55.918+0000] {processor.py:186} INFO - Started process (PID=1672) to work on /home/airflow/.local/lib/python3.12/site-packages/airflow/example_dags/example_latest_only_with_trigger.py
[2025-04-06T22:39:55.919+0000] {processor.py:914} INFO - Processing file /home/airflow/.local/lib/python3.12/site-packages/airflow/example_dags/example_latest_only_with_trigger.py for tasks to queue
[2025-04-06T22:39:55.922+0000] {logging_mixin.py:190} INFO - [2025-04-06T22:39:55.922+0000] {dagbag.py:588} INFO - Filling up the DagBag from /home/airflow/.local/lib/python3.12/site-packages/airflow/example_dags/example_latest_only_with_trigger.py
[2025-04-06T22:39:55.927+0000] {processor.py:925} INFO - DAG(s) 'latest_only_with_trigger' retrieved from /home/airflow/.local/lib/python3.12/site-packages/airflow/example_dags/example_latest_only_with_trigger.py
[2025-04-06T22:39:55.945+0000] {logging_mixin.py:190} INFO - [2025-04-06T22:39:55.945+0000] {dag.py:3239} INFO - Sync 1 DAGs
[2025-04-06T22:39:55.965+0000] {logging_mixin.py:190} INFO - [2025-04-06T22:39:55.965+0000] {dag.py:4180} INFO - Setting next_dagrun for latest_only_with_trigger to 2025-04-06 16:00:00+00:00, run_after=2025-04-06 20:00:00+00:00
[2025-04-06T22:39:55.978+0000] {processor.py:208} INFO - Processing /home/airflow/.local/lib/python3.12/site-packages/airflow/example_dags/example_latest_only_with_trigger.py took 0.067 seconds
[2025-04-06T22:40:26.055+0000] {processor.py:186} INFO - Started process (PID=1737) to work on /home/airflow/.local/lib/python3.12/site-packages/airflow/example_dags/example_latest_only_with_trigger.py
[2025-04-06T22:40:26.056+0000] {processor.py:914} INFO - Processing file /home/airflow/.local/lib/python3.12/site-packages/airflow/example_dags/example_latest_only_with_trigger.py for tasks to queue
[2025-04-06T22:40:26.059+0000] {logging_mixin.py:190} INFO - [2025-04-06T22:40:26.059+0000] {dagbag.py:588} INFO - Filling up the DagBag from /home/airflow/.local/lib/python3.12/site-packages/airflow/example_dags/example_latest_only_with_trigger.py
[2025-04-06T22:40:26.065+0000] {processor.py:925} INFO - DAG(s) 'latest_only_with_trigger' retrieved from /home/airflow/.local/lib/python3.12/site-packages/airflow/example_dags/example_latest_only_with_trigger.py
[2025-04-06T22:40:26.085+0000] {logging_mixin.py:190} INFO - [2025-04-06T22:40:26.085+0000] {dag.py:3239} INFO - Sync 1 DAGs
[2025-04-06T22:40:26.107+0000] {logging_mixin.py:190} INFO - [2025-04-06T22:40:26.107+0000] {dag.py:4180} INFO - Setting next_dagrun for latest_only_with_trigger to 2025-04-06 16:00:00+00:00, run_after=2025-04-06 20:00:00+00:00
[2025-04-06T22:40:26.121+0000] {processor.py:208} INFO - Processing /home/airflow/.local/lib/python3.12/site-packages/airflow/example_dags/example_latest_only_with_trigger.py took 0.074 seconds
[2025-04-06T22:40:57.030+0000] {processor.py:186} INFO - Started process (PID=1802) to work on /home/airflow/.local/lib/python3.12/site-packages/airflow/example_dags/example_latest_only_with_trigger.py
[2025-04-06T22:40:57.031+0000] {processor.py:914} INFO - Processing file /home/airflow/.local/lib/python3.12/site-packages/airflow/example_dags/example_latest_only_with_trigger.py for tasks to queue
[2025-04-06T22:40:57.034+0000] {logging_mixin.py:190} INFO - [2025-04-06T22:40:57.033+0000] {dagbag.py:588} INFO - Filling up the DagBag from /home/airflow/.local/lib/python3.12/site-packages/airflow/example_dags/example_latest_only_with_trigger.py
[2025-04-06T22:40:57.039+0000] {processor.py:925} INFO - DAG(s) 'latest_only_with_trigger' retrieved from /home/airflow/.local/lib/python3.12/site-packages/airflow/example_dags/example_latest_only_with_trigger.py
[2025-04-06T22:40:57.057+0000] {logging_mixin.py:190} INFO - [2025-04-06T22:40:57.057+0000] {dag.py:3239} INFO - Sync 1 DAGs
[2025-04-06T22:40:57.277+0000] {logging_mixin.py:190} INFO - [2025-04-06T22:40:57.276+0000] {dag.py:4180} INFO - Setting next_dagrun for latest_only_with_trigger to 2025-04-06 16:00:00+00:00, run_after=2025-04-06 20:00:00+00:00
[2025-04-06T22:40:57.289+0000] {processor.py:208} INFO - Processing /home/airflow/.local/lib/python3.12/site-packages/airflow/example_dags/example_latest_only_with_trigger.py took 0.267 seconds
[2025-04-06T22:41:27.877+0000] {processor.py:186} INFO - Started process (PID=1867) to work on /home/airflow/.local/lib/python3.12/site-packages/airflow/example_dags/example_latest_only_with_trigger.py
[2025-04-06T22:41:27.878+0000] {processor.py:914} INFO - Processing file /home/airflow/.local/lib/python3.12/site-packages/airflow/example_dags/example_latest_only_with_trigger.py for tasks to queue
[2025-04-06T22:41:27.881+0000] {logging_mixin.py:190} INFO - [2025-04-06T22:41:27.881+0000] {dagbag.py:588} INFO - Filling up the DagBag from /home/airflow/.local/lib/python3.12/site-packages/airflow/example_dags/example_latest_only_with_trigger.py
[2025-04-06T22:41:27.889+0000] {processor.py:925} INFO - DAG(s) 'latest_only_with_trigger' retrieved from /home/airflow/.local/lib/python3.12/site-packages/airflow/example_dags/example_latest_only_with_trigger.py
[2025-04-06T22:41:27.913+0000] {logging_mixin.py:190} INFO - [2025-04-06T22:41:27.913+0000] {dag.py:3239} INFO - Sync 1 DAGs
[2025-04-06T22:41:28.206+0000] {logging_mixin.py:190} INFO - [2025-04-06T22:41:28.206+0000] {dag.py:4180} INFO - Setting next_dagrun for latest_only_with_trigger to 2025-04-06 16:00:00+00:00, run_after=2025-04-06 20:00:00+00:00
[2025-04-06T22:41:28.223+0000] {processor.py:208} INFO - Processing /home/airflow/.local/lib/python3.12/site-packages/airflow/example_dags/example_latest_only_with_trigger.py took 0.353 seconds
[2025-04-06T22:41:58.301+0000] {processor.py:186} INFO - Started process (PID=1932) to work on /home/airflow/.local/lib/python3.12/site-packages/airflow/example_dags/example_latest_only_with_trigger.py
[2025-04-06T22:41:58.302+0000] {processor.py:914} INFO - Processing file /home/airflow/.local/lib/python3.12/site-packages/airflow/example_dags/example_latest_only_with_trigger.py for tasks to queue
[2025-04-06T22:41:58.305+0000] {logging_mixin.py:190} INFO - [2025-04-06T22:41:58.304+0000] {dagbag.py:588} INFO - Filling up the DagBag from /home/airflow/.local/lib/python3.12/site-packages/airflow/example_dags/example_latest_only_with_trigger.py
[2025-04-06T22:41:58.309+0000] {processor.py:925} INFO - DAG(s) 'latest_only_with_trigger' retrieved from /home/airflow/.local/lib/python3.12/site-packages/airflow/example_dags/example_latest_only_with_trigger.py
[2025-04-06T22:41:58.329+0000] {logging_mixin.py:190} INFO - [2025-04-06T22:41:58.329+0000] {dag.py:3239} INFO - Sync 1 DAGs
[2025-04-06T22:41:58.350+0000] {logging_mixin.py:190} INFO - [2025-04-06T22:41:58.350+0000] {dag.py:4180} INFO - Setting next_dagrun for latest_only_with_trigger to 2025-04-06 16:00:00+00:00, run_after=2025-04-06 20:00:00+00:00
[2025-04-06T22:41:58.538+0000] {processor.py:208} INFO - Processing /home/airflow/.local/lib/python3.12/site-packages/airflow/example_dags/example_latest_only_with_trigger.py took 0.245 seconds
[2025-04-06T22:42:28.821+0000] {processor.py:186} INFO - Started process (PID=1997) to work on /home/airflow/.local/lib/python3.12/site-packages/airflow/example_dags/example_latest_only_with_trigger.py
[2025-04-06T22:42:28.822+0000] {processor.py:914} INFO - Processing file /home/airflow/.local/lib/python3.12/site-packages/airflow/example_dags/example_latest_only_with_trigger.py for tasks to queue
[2025-04-06T22:42:28.825+0000] {logging_mixin.py:190} INFO - [2025-04-06T22:42:28.825+0000] {dagbag.py:588} INFO - Filling up the DagBag from /home/airflow/.local/lib/python3.12/site-packages/airflow/example_dags/example_latest_only_with_trigger.py
[2025-04-06T22:42:28.830+0000] {processor.py:925} INFO - DAG(s) 'latest_only_with_trigger' retrieved from /home/airflow/.local/lib/python3.12/site-packages/airflow/example_dags/example_latest_only_with_trigger.py
[2025-04-06T22:42:28.850+0000] {logging_mixin.py:190} INFO - [2025-04-06T22:42:28.850+0000] {dag.py:3239} INFO - Sync 1 DAGs
[2025-04-06T22:42:28.870+0000] {logging_mixin.py:190} INFO - [2025-04-06T22:42:28.870+0000] {dag.py:4180} INFO - Setting next_dagrun for latest_only_with_trigger to 2025-04-06 16:00:00+00:00, run_after=2025-04-06 20:00:00+00:00
[2025-04-06T22:42:28.883+0000] {processor.py:208} INFO - Processing /home/airflow/.local/lib/python3.12/site-packages/airflow/example_dags/example_latest_only_with_trigger.py took 0.070 seconds
[2025-04-06T22:42:59.600+0000] {processor.py:186} INFO - Started process (PID=2062) to work on /home/airflow/.local/lib/python3.12/site-packages/airflow/example_dags/example_latest_only_with_trigger.py
[2025-04-06T22:42:59.601+0000] {processor.py:914} INFO - Processing file /home/airflow/.local/lib/python3.12/site-packages/airflow/example_dags/example_latest_only_with_trigger.py for tasks to queue
[2025-04-06T22:42:59.604+0000] {logging_mixin.py:190} INFO - [2025-04-06T22:42:59.604+0000] {dagbag.py:588} INFO - Filling up the DagBag from /home/airflow/.local/lib/python3.12/site-packages/airflow/example_dags/example_latest_only_with_trigger.py
[2025-04-06T22:42:59.609+0000] {processor.py:925} INFO - DAG(s) 'latest_only_with_trigger' retrieved from /home/airflow/.local/lib/python3.12/site-packages/airflow/example_dags/example_latest_only_with_trigger.py
[2025-04-06T22:42:59.628+0000] {logging_mixin.py:190} INFO - [2025-04-06T22:42:59.628+0000] {dag.py:3239} INFO - Sync 1 DAGs
[2025-04-06T22:42:59.647+0000] {logging_mixin.py:190} INFO - [2025-04-06T22:42:59.647+0000] {dag.py:4180} INFO - Setting next_dagrun for latest_only_with_trigger to 2025-04-06 16:00:00+00:00, run_after=2025-04-06 20:00:00+00:00
[2025-04-06T22:42:59.660+0000] {processor.py:208} INFO - Processing /home/airflow/.local/lib/python3.12/site-packages/airflow/example_dags/example_latest_only_with_trigger.py took 0.068 seconds
[2025-04-06T22:43:30.200+0000] {processor.py:186} INFO - Started process (PID=2128) to work on /home/airflow/.local/lib/python3.12/site-packages/airflow/example_dags/example_latest_only_with_trigger.py
[2025-04-06T22:43:30.201+0000] {processor.py:914} INFO - Processing file /home/airflow/.local/lib/python3.12/site-packages/airflow/example_dags/example_latest_only_with_trigger.py for tasks to queue
[2025-04-06T22:43:30.204+0000] {logging_mixin.py:190} INFO - [2025-04-06T22:43:30.204+0000] {dagbag.py:588} INFO - Filling up the DagBag from /home/airflow/.local/lib/python3.12/site-packages/airflow/example_dags/example_latest_only_with_trigger.py
[2025-04-06T22:43:30.210+0000] {processor.py:925} INFO - DAG(s) 'latest_only_with_trigger' retrieved from /home/airflow/.local/lib/python3.12/site-packages/airflow/example_dags/example_latest_only_with_trigger.py
[2025-04-06T22:43:30.229+0000] {logging_mixin.py:190} INFO - [2025-04-06T22:43:30.229+0000] {dag.py:3239} INFO - Sync 1 DAGs
[2025-04-06T22:43:30.249+0000] {logging_mixin.py:190} INFO - [2025-04-06T22:43:30.248+0000] {dag.py:4180} INFO - Setting next_dagrun for latest_only_with_trigger to 2025-04-06 16:00:00+00:00, run_after=2025-04-06 20:00:00+00:00
[2025-04-06T22:43:30.264+0000] {processor.py:208} INFO - Processing /home/airflow/.local/lib/python3.12/site-packages/airflow/example_dags/example_latest_only_with_trigger.py took 0.071 seconds
[2025-04-06T22:44:00.713+0000] {processor.py:186} INFO - Started process (PID=2193) to work on /home/airflow/.local/lib/python3.12/site-packages/airflow/example_dags/example_latest_only_with_trigger.py
[2025-04-06T22:44:00.714+0000] {processor.py:914} INFO - Processing file /home/airflow/.local/lib/python3.12/site-packages/airflow/example_dags/example_latest_only_with_trigger.py for tasks to queue
[2025-04-06T22:44:00.718+0000] {logging_mixin.py:190} INFO - [2025-04-06T22:44:00.717+0000] {dagbag.py:588} INFO - Filling up the DagBag from /home/airflow/.local/lib/python3.12/site-packages/airflow/example_dags/example_latest_only_with_trigger.py
[2025-04-06T22:44:00.723+0000] {processor.py:925} INFO - DAG(s) 'latest_only_with_trigger' retrieved from /home/airflow/.local/lib/python3.12/site-packages/airflow/example_dags/example_latest_only_with_trigger.py
[2025-04-06T22:44:00.742+0000] {logging_mixin.py:190} INFO - [2025-04-06T22:44:00.742+0000] {dag.py:3239} INFO - Sync 1 DAGs
[2025-04-06T22:44:00.762+0000] {logging_mixin.py:190} INFO - [2025-04-06T22:44:00.762+0000] {dag.py:4180} INFO - Setting next_dagrun for latest_only_with_trigger to 2025-04-06 16:00:00+00:00, run_after=2025-04-06 20:00:00+00:00
[2025-04-06T22:44:00.776+0000] {processor.py:208} INFO - Processing /home/airflow/.local/lib/python3.12/site-packages/airflow/example_dags/example_latest_only_with_trigger.py took 0.070 seconds
