[2025-04-06T22:16:45.332+0000] {processor.py:186} INFO - Started process (PID=114) to work on /home/airflow/.local/lib/python3.12/site-packages/airflow/example_dags/example_task_group.py
[2025-04-06T22:16:45.333+0000] {processor.py:914} INFO - Processing file /home/airflow/.local/lib/python3.12/site-packages/airflow/example_dags/example_task_group.py for tasks to queue
[2025-04-06T22:16:45.337+0000] {logging_mixin.py:190} INFO - [2025-04-06T22:16:45.336+0000] {dagbag.py:588} INFO - Filling up the DagBag from /home/airflow/.local/lib/python3.12/site-packages/airflow/example_dags/example_task_group.py
[2025-04-06T22:16:45.351+0000] {processor.py:925} INFO - DAG(s) 'example_task_group' retrieved from /home/airflow/.local/lib/python3.12/site-packages/airflow/example_dags/example_task_group.py
[2025-04-06T22:16:45.391+0000] {logging_mixin.py:190} INFO - [2025-04-06T22:16:45.390+0000] {dag.py:3239} INFO - Sync 1 DAGs
[2025-04-06T22:16:45.413+0000] {logging_mixin.py:190} INFO - [2025-04-06T22:16:45.412+0000] {dag.py:4180} INFO - Setting next_dagrun for example_task_group to None, run_after=None
[2025-04-06T22:16:45.446+0000] {processor.py:208} INFO - Processing /home/airflow/.local/lib/python3.12/site-packages/airflow/example_dags/example_task_group.py took 0.125 seconds
[2025-04-06T22:17:15.548+0000] {processor.py:186} INFO - Started process (PID=179) to work on /home/airflow/.local/lib/python3.12/site-packages/airflow/example_dags/example_task_group.py
[2025-04-06T22:17:15.551+0000] {processor.py:914} INFO - Processing file /home/airflow/.local/lib/python3.12/site-packages/airflow/example_dags/example_task_group.py for tasks to queue
[2025-04-06T22:17:15.553+0000] {logging_mixin.py:190} INFO - [2025-04-06T22:17:15.553+0000] {dagbag.py:588} INFO - Filling up the DagBag from /home/airflow/.local/lib/python3.12/site-packages/airflow/example_dags/example_task_group.py
[2025-04-06T22:17:15.561+0000] {processor.py:925} INFO - DAG(s) 'example_task_group' retrieved from /home/airflow/.local/lib/python3.12/site-packages/airflow/example_dags/example_task_group.py
[2025-04-06T22:17:15.581+0000] {logging_mixin.py:190} INFO - [2025-04-06T22:17:15.580+0000] {dag.py:3239} INFO - Sync 1 DAGs
[2025-04-06T22:17:15.592+0000] {logging_mixin.py:190} INFO - [2025-04-06T22:17:15.592+0000] {dag.py:4180} INFO - Setting next_dagrun for example_task_group to None, run_after=None
[2025-04-06T22:17:15.604+0000] {processor.py:208} INFO - Processing /home/airflow/.local/lib/python3.12/site-packages/airflow/example_dags/example_task_group.py took 0.065 seconds
[2025-04-06T22:17:46.074+0000] {processor.py:186} INFO - Started process (PID=244) to work on /home/airflow/.local/lib/python3.12/site-packages/airflow/example_dags/example_task_group.py
[2025-04-06T22:17:46.074+0000] {processor.py:914} INFO - Processing file /home/airflow/.local/lib/python3.12/site-packages/airflow/example_dags/example_task_group.py for tasks to queue
[2025-04-06T22:17:46.076+0000] {logging_mixin.py:190} INFO - [2025-04-06T22:17:46.076+0000] {dagbag.py:588} INFO - Filling up the DagBag from /home/airflow/.local/lib/python3.12/site-packages/airflow/example_dags/example_task_group.py
[2025-04-06T22:17:46.083+0000] {processor.py:925} INFO - DAG(s) 'example_task_group' retrieved from /home/airflow/.local/lib/python3.12/site-packages/airflow/example_dags/example_task_group.py
[2025-04-06T22:17:46.105+0000] {logging_mixin.py:190} INFO - [2025-04-06T22:17:46.104+0000] {dag.py:3239} INFO - Sync 1 DAGs
[2025-04-06T22:17:46.119+0000] {logging_mixin.py:190} INFO - [2025-04-06T22:17:46.119+0000] {dag.py:4180} INFO - Setting next_dagrun for example_task_group to None, run_after=None
[2025-04-06T22:17:46.135+0000] {processor.py:208} INFO - Processing /home/airflow/.local/lib/python3.12/site-packages/airflow/example_dags/example_task_group.py took 0.067 seconds
[2025-04-06T22:18:17.151+0000] {processor.py:186} INFO - Started process (PID=309) to work on /home/airflow/.local/lib/python3.12/site-packages/airflow/example_dags/example_task_group.py
[2025-04-06T22:18:17.152+0000] {processor.py:914} INFO - Processing file /home/airflow/.local/lib/python3.12/site-packages/airflow/example_dags/example_task_group.py for tasks to queue
[2025-04-06T22:18:17.155+0000] {logging_mixin.py:190} INFO - [2025-04-06T22:18:17.154+0000] {dagbag.py:588} INFO - Filling up the DagBag from /home/airflow/.local/lib/python3.12/site-packages/airflow/example_dags/example_task_group.py
[2025-04-06T22:18:17.161+0000] {processor.py:925} INFO - DAG(s) 'example_task_group' retrieved from /home/airflow/.local/lib/python3.12/site-packages/airflow/example_dags/example_task_group.py
[2025-04-06T22:18:17.178+0000] {logging_mixin.py:190} INFO - [2025-04-06T22:18:17.177+0000] {dag.py:3239} INFO - Sync 1 DAGs
[2025-04-06T22:18:17.189+0000] {logging_mixin.py:190} INFO - [2025-04-06T22:18:17.189+0000] {dag.py:4180} INFO - Setting next_dagrun for example_task_group to None, run_after=None
[2025-04-06T22:18:17.202+0000] {processor.py:208} INFO - Processing /home/airflow/.local/lib/python3.12/site-packages/airflow/example_dags/example_task_group.py took 0.059 seconds
[2025-04-06T22:18:47.754+0000] {processor.py:186} INFO - Started process (PID=374) to work on /home/airflow/.local/lib/python3.12/site-packages/airflow/example_dags/example_task_group.py
[2025-04-06T22:18:47.755+0000] {processor.py:914} INFO - Processing file /home/airflow/.local/lib/python3.12/site-packages/airflow/example_dags/example_task_group.py for tasks to queue
[2025-04-06T22:18:47.758+0000] {logging_mixin.py:190} INFO - [2025-04-06T22:18:47.758+0000] {dagbag.py:588} INFO - Filling up the DagBag from /home/airflow/.local/lib/python3.12/site-packages/airflow/example_dags/example_task_group.py
[2025-04-06T22:18:47.765+0000] {processor.py:925} INFO - DAG(s) 'example_task_group' retrieved from /home/airflow/.local/lib/python3.12/site-packages/airflow/example_dags/example_task_group.py
[2025-04-06T22:18:47.782+0000] {logging_mixin.py:190} INFO - [2025-04-06T22:18:47.782+0000] {dag.py:3239} INFO - Sync 1 DAGs
[2025-04-06T22:18:47.794+0000] {logging_mixin.py:190} INFO - [2025-04-06T22:18:47.794+0000] {dag.py:4180} INFO - Setting next_dagrun for example_task_group to None, run_after=None
[2025-04-06T22:18:47.807+0000] {processor.py:208} INFO - Processing /home/airflow/.local/lib/python3.12/site-packages/airflow/example_dags/example_task_group.py took 0.060 seconds
[2025-04-06T22:19:18.867+0000] {processor.py:186} INFO - Started process (PID=439) to work on /home/airflow/.local/lib/python3.12/site-packages/airflow/example_dags/example_task_group.py
[2025-04-06T22:19:18.868+0000] {processor.py:914} INFO - Processing file /home/airflow/.local/lib/python3.12/site-packages/airflow/example_dags/example_task_group.py for tasks to queue
[2025-04-06T22:19:18.870+0000] {logging_mixin.py:190} INFO - [2025-04-06T22:19:18.870+0000] {dagbag.py:588} INFO - Filling up the DagBag from /home/airflow/.local/lib/python3.12/site-packages/airflow/example_dags/example_task_group.py
[2025-04-06T22:19:18.877+0000] {processor.py:925} INFO - DAG(s) 'example_task_group' retrieved from /home/airflow/.local/lib/python3.12/site-packages/airflow/example_dags/example_task_group.py
[2025-04-06T22:19:18.895+0000] {logging_mixin.py:190} INFO - [2025-04-06T22:19:18.894+0000] {dag.py:3239} INFO - Sync 1 DAGs
[2025-04-06T22:19:18.906+0000] {logging_mixin.py:190} INFO - [2025-04-06T22:19:18.906+0000] {dag.py:4180} INFO - Setting next_dagrun for example_task_group to None, run_after=None
[2025-04-06T22:19:18.919+0000] {processor.py:208} INFO - Processing /home/airflow/.local/lib/python3.12/site-packages/airflow/example_dags/example_task_group.py took 0.058 seconds
[2025-04-06T22:19:50.146+0000] {processor.py:186} INFO - Started process (PID=504) to work on /home/airflow/.local/lib/python3.12/site-packages/airflow/example_dags/example_task_group.py
[2025-04-06T22:19:50.147+0000] {processor.py:914} INFO - Processing file /home/airflow/.local/lib/python3.12/site-packages/airflow/example_dags/example_task_group.py for tasks to queue
[2025-04-06T22:19:50.149+0000] {logging_mixin.py:190} INFO - [2025-04-06T22:19:50.149+0000] {dagbag.py:588} INFO - Filling up the DagBag from /home/airflow/.local/lib/python3.12/site-packages/airflow/example_dags/example_task_group.py
[2025-04-06T22:19:50.155+0000] {processor.py:925} INFO - DAG(s) 'example_task_group' retrieved from /home/airflow/.local/lib/python3.12/site-packages/airflow/example_dags/example_task_group.py
[2025-04-06T22:19:50.176+0000] {logging_mixin.py:190} INFO - [2025-04-06T22:19:50.176+0000] {dag.py:3239} INFO - Sync 1 DAGs
[2025-04-06T22:19:50.190+0000] {logging_mixin.py:190} INFO - [2025-04-06T22:19:50.189+0000] {dag.py:4180} INFO - Setting next_dagrun for example_task_group to None, run_after=None
[2025-04-06T22:19:50.204+0000] {processor.py:208} INFO - Processing /home/airflow/.local/lib/python3.12/site-packages/airflow/example_dags/example_task_group.py took 0.061 seconds
[2025-04-06T22:20:20.914+0000] {processor.py:186} INFO - Started process (PID=569) to work on /home/airflow/.local/lib/python3.12/site-packages/airflow/example_dags/example_task_group.py
[2025-04-06T22:20:20.915+0000] {processor.py:914} INFO - Processing file /home/airflow/.local/lib/python3.12/site-packages/airflow/example_dags/example_task_group.py for tasks to queue
[2025-04-06T22:20:20.918+0000] {logging_mixin.py:190} INFO - [2025-04-06T22:20:20.917+0000] {dagbag.py:588} INFO - Filling up the DagBag from /home/airflow/.local/lib/python3.12/site-packages/airflow/example_dags/example_task_group.py
[2025-04-06T22:20:20.924+0000] {processor.py:925} INFO - DAG(s) 'example_task_group' retrieved from /home/airflow/.local/lib/python3.12/site-packages/airflow/example_dags/example_task_group.py
[2025-04-06T22:20:20.943+0000] {logging_mixin.py:190} INFO - [2025-04-06T22:20:20.943+0000] {dag.py:3239} INFO - Sync 1 DAGs
[2025-04-06T22:20:20.956+0000] {logging_mixin.py:190} INFO - [2025-04-06T22:20:20.956+0000] {dag.py:4180} INFO - Setting next_dagrun for example_task_group to None, run_after=None
[2025-04-06T22:20:20.971+0000] {processor.py:208} INFO - Processing /home/airflow/.local/lib/python3.12/site-packages/airflow/example_dags/example_task_group.py took 0.065 seconds
[2025-04-06T22:20:51.833+0000] {processor.py:186} INFO - Started process (PID=634) to work on /home/airflow/.local/lib/python3.12/site-packages/airflow/example_dags/example_task_group.py
[2025-04-06T22:20:51.835+0000] {processor.py:914} INFO - Processing file /home/airflow/.local/lib/python3.12/site-packages/airflow/example_dags/example_task_group.py for tasks to queue
[2025-04-06T22:20:51.838+0000] {logging_mixin.py:190} INFO - [2025-04-06T22:20:51.838+0000] {dagbag.py:588} INFO - Filling up the DagBag from /home/airflow/.local/lib/python3.12/site-packages/airflow/example_dags/example_task_group.py
[2025-04-06T22:20:51.846+0000] {processor.py:925} INFO - DAG(s) 'example_task_group' retrieved from /home/airflow/.local/lib/python3.12/site-packages/airflow/example_dags/example_task_group.py
[2025-04-06T22:20:51.866+0000] {logging_mixin.py:190} INFO - [2025-04-06T22:20:51.866+0000] {dag.py:3239} INFO - Sync 1 DAGs
[2025-04-06T22:20:51.881+0000] {logging_mixin.py:190} INFO - [2025-04-06T22:20:51.881+0000] {dag.py:4180} INFO - Setting next_dagrun for example_task_group to None, run_after=None
[2025-04-06T22:20:51.896+0000] {processor.py:208} INFO - Processing /home/airflow/.local/lib/python3.12/site-packages/airflow/example_dags/example_task_group.py took 0.071 seconds
[2025-04-06T22:21:23.155+0000] {processor.py:186} INFO - Started process (PID=699) to work on /home/airflow/.local/lib/python3.12/site-packages/airflow/example_dags/example_task_group.py
[2025-04-06T22:21:23.156+0000] {processor.py:914} INFO - Processing file /home/airflow/.local/lib/python3.12/site-packages/airflow/example_dags/example_task_group.py for tasks to queue
[2025-04-06T22:21:23.158+0000] {logging_mixin.py:190} INFO - [2025-04-06T22:21:23.157+0000] {dagbag.py:588} INFO - Filling up the DagBag from /home/airflow/.local/lib/python3.12/site-packages/airflow/example_dags/example_task_group.py
[2025-04-06T22:21:23.164+0000] {processor.py:925} INFO - DAG(s) 'example_task_group' retrieved from /home/airflow/.local/lib/python3.12/site-packages/airflow/example_dags/example_task_group.py
[2025-04-06T22:21:23.181+0000] {logging_mixin.py:190} INFO - [2025-04-06T22:21:23.181+0000] {dag.py:3239} INFO - Sync 1 DAGs
[2025-04-06T22:21:23.192+0000] {logging_mixin.py:190} INFO - [2025-04-06T22:21:23.192+0000] {dag.py:4180} INFO - Setting next_dagrun for example_task_group to None, run_after=None
[2025-04-06T22:21:23.205+0000] {processor.py:208} INFO - Processing /home/airflow/.local/lib/python3.12/site-packages/airflow/example_dags/example_task_group.py took 0.054 seconds
[2025-04-06T22:21:54.425+0000] {processor.py:186} INFO - Started process (PID=764) to work on /home/airflow/.local/lib/python3.12/site-packages/airflow/example_dags/example_task_group.py
[2025-04-06T22:21:54.427+0000] {processor.py:914} INFO - Processing file /home/airflow/.local/lib/python3.12/site-packages/airflow/example_dags/example_task_group.py for tasks to queue
[2025-04-06T22:21:54.430+0000] {logging_mixin.py:190} INFO - [2025-04-06T22:21:54.429+0000] {dagbag.py:588} INFO - Filling up the DagBag from /home/airflow/.local/lib/python3.12/site-packages/airflow/example_dags/example_task_group.py
[2025-04-06T22:21:54.437+0000] {processor.py:925} INFO - DAG(s) 'example_task_group' retrieved from /home/airflow/.local/lib/python3.12/site-packages/airflow/example_dags/example_task_group.py
[2025-04-06T22:21:54.458+0000] {logging_mixin.py:190} INFO - [2025-04-06T22:21:54.457+0000] {dag.py:3239} INFO - Sync 1 DAGs
[2025-04-06T22:21:54.470+0000] {logging_mixin.py:190} INFO - [2025-04-06T22:21:54.470+0000] {dag.py:4180} INFO - Setting next_dagrun for example_task_group to None, run_after=None
[2025-04-06T22:21:54.483+0000] {processor.py:208} INFO - Processing /home/airflow/.local/lib/python3.12/site-packages/airflow/example_dags/example_task_group.py took 0.065 seconds
[2025-04-06T22:22:25.836+0000] {processor.py:186} INFO - Started process (PID=829) to work on /home/airflow/.local/lib/python3.12/site-packages/airflow/example_dags/example_task_group.py
[2025-04-06T22:22:25.837+0000] {processor.py:914} INFO - Processing file /home/airflow/.local/lib/python3.12/site-packages/airflow/example_dags/example_task_group.py for tasks to queue
[2025-04-06T22:22:25.840+0000] {logging_mixin.py:190} INFO - [2025-04-06T22:22:25.839+0000] {dagbag.py:588} INFO - Filling up the DagBag from /home/airflow/.local/lib/python3.12/site-packages/airflow/example_dags/example_task_group.py
[2025-04-06T22:22:25.846+0000] {processor.py:925} INFO - DAG(s) 'example_task_group' retrieved from /home/airflow/.local/lib/python3.12/site-packages/airflow/example_dags/example_task_group.py
[2025-04-06T22:22:25.866+0000] {logging_mixin.py:190} INFO - [2025-04-06T22:22:25.866+0000] {dag.py:3239} INFO - Sync 1 DAGs
[2025-04-06T22:22:25.878+0000] {logging_mixin.py:190} INFO - [2025-04-06T22:22:25.878+0000] {dag.py:4180} INFO - Setting next_dagrun for example_task_group to None, run_after=None
[2025-04-06T22:22:25.892+0000] {processor.py:208} INFO - Processing /home/airflow/.local/lib/python3.12/site-packages/airflow/example_dags/example_task_group.py took 0.063 seconds
[2025-04-06T22:22:56.606+0000] {processor.py:186} INFO - Started process (PID=894) to work on /home/airflow/.local/lib/python3.12/site-packages/airflow/example_dags/example_task_group.py
[2025-04-06T22:22:56.607+0000] {processor.py:914} INFO - Processing file /home/airflow/.local/lib/python3.12/site-packages/airflow/example_dags/example_task_group.py for tasks to queue
[2025-04-06T22:22:56.609+0000] {logging_mixin.py:190} INFO - [2025-04-06T22:22:56.609+0000] {dagbag.py:588} INFO - Filling up the DagBag from /home/airflow/.local/lib/python3.12/site-packages/airflow/example_dags/example_task_group.py
[2025-04-06T22:22:56.616+0000] {processor.py:925} INFO - DAG(s) 'example_task_group' retrieved from /home/airflow/.local/lib/python3.12/site-packages/airflow/example_dags/example_task_group.py
[2025-04-06T22:22:56.634+0000] {logging_mixin.py:190} INFO - [2025-04-06T22:22:56.633+0000] {dag.py:3239} INFO - Sync 1 DAGs
[2025-04-06T22:22:56.646+0000] {logging_mixin.py:190} INFO - [2025-04-06T22:22:56.646+0000] {dag.py:4180} INFO - Setting next_dagrun for example_task_group to None, run_after=None
[2025-04-06T22:22:56.659+0000] {processor.py:208} INFO - Processing /home/airflow/.local/lib/python3.12/site-packages/airflow/example_dags/example_task_group.py took 0.060 seconds
[2025-04-06T22:23:27.924+0000] {processor.py:186} INFO - Started process (PID=960) to work on /home/airflow/.local/lib/python3.12/site-packages/airflow/example_dags/example_task_group.py
[2025-04-06T22:23:27.924+0000] {processor.py:914} INFO - Processing file /home/airflow/.local/lib/python3.12/site-packages/airflow/example_dags/example_task_group.py for tasks to queue
[2025-04-06T22:23:27.926+0000] {logging_mixin.py:190} INFO - [2025-04-06T22:23:27.926+0000] {dagbag.py:588} INFO - Filling up the DagBag from /home/airflow/.local/lib/python3.12/site-packages/airflow/example_dags/example_task_group.py
[2025-04-06T22:23:27.932+0000] {processor.py:925} INFO - DAG(s) 'example_task_group' retrieved from /home/airflow/.local/lib/python3.12/site-packages/airflow/example_dags/example_task_group.py
[2025-04-06T22:23:27.951+0000] {logging_mixin.py:190} INFO - [2025-04-06T22:23:27.951+0000] {dag.py:3239} INFO - Sync 1 DAGs
[2025-04-06T22:23:27.964+0000] {logging_mixin.py:190} INFO - [2025-04-06T22:23:27.963+0000] {dag.py:4180} INFO - Setting next_dagrun for example_task_group to None, run_after=None
[2025-04-06T22:23:27.976+0000] {processor.py:208} INFO - Processing /home/airflow/.local/lib/python3.12/site-packages/airflow/example_dags/example_task_group.py took 0.057 seconds
[2025-04-06T22:23:59.079+0000] {processor.py:186} INFO - Started process (PID=1025) to work on /home/airflow/.local/lib/python3.12/site-packages/airflow/example_dags/example_task_group.py
[2025-04-06T22:23:59.079+0000] {processor.py:914} INFO - Processing file /home/airflow/.local/lib/python3.12/site-packages/airflow/example_dags/example_task_group.py for tasks to queue
[2025-04-06T22:23:59.080+0000] {logging_mixin.py:190} INFO - [2025-04-06T22:23:59.080+0000] {dagbag.py:588} INFO - Filling up the DagBag from /home/airflow/.local/lib/python3.12/site-packages/airflow/example_dags/example_task_group.py
[2025-04-06T22:23:59.087+0000] {processor.py:925} INFO - DAG(s) 'example_task_group' retrieved from /home/airflow/.local/lib/python3.12/site-packages/airflow/example_dags/example_task_group.py
[2025-04-06T22:23:59.106+0000] {logging_mixin.py:190} INFO - [2025-04-06T22:23:59.106+0000] {dag.py:3239} INFO - Sync 1 DAGs
[2025-04-06T22:23:59.118+0000] {logging_mixin.py:190} INFO - [2025-04-06T22:23:59.118+0000] {dag.py:4180} INFO - Setting next_dagrun for example_task_group to None, run_after=None
[2025-04-06T22:23:59.131+0000] {processor.py:208} INFO - Processing /home/airflow/.local/lib/python3.12/site-packages/airflow/example_dags/example_task_group.py took 0.060 seconds
[2025-04-06T22:24:30.366+0000] {processor.py:186} INFO - Started process (PID=1090) to work on /home/airflow/.local/lib/python3.12/site-packages/airflow/example_dags/example_task_group.py
[2025-04-06T22:24:30.367+0000] {processor.py:914} INFO - Processing file /home/airflow/.local/lib/python3.12/site-packages/airflow/example_dags/example_task_group.py for tasks to queue
[2025-04-06T22:24:30.368+0000] {logging_mixin.py:190} INFO - [2025-04-06T22:24:30.368+0000] {dagbag.py:588} INFO - Filling up the DagBag from /home/airflow/.local/lib/python3.12/site-packages/airflow/example_dags/example_task_group.py
[2025-04-06T22:24:30.375+0000] {processor.py:925} INFO - DAG(s) 'example_task_group' retrieved from /home/airflow/.local/lib/python3.12/site-packages/airflow/example_dags/example_task_group.py
[2025-04-06T22:24:30.395+0000] {logging_mixin.py:190} INFO - [2025-04-06T22:24:30.395+0000] {dag.py:3239} INFO - Sync 1 DAGs
[2025-04-06T22:24:30.409+0000] {logging_mixin.py:190} INFO - [2025-04-06T22:24:30.409+0000] {dag.py:4180} INFO - Setting next_dagrun for example_task_group to None, run_after=None
[2025-04-06T22:24:30.423+0000] {processor.py:208} INFO - Processing /home/airflow/.local/lib/python3.12/site-packages/airflow/example_dags/example_task_group.py took 0.065 seconds
[2025-04-06T22:25:01.583+0000] {processor.py:186} INFO - Started process (PID=1155) to work on /home/airflow/.local/lib/python3.12/site-packages/airflow/example_dags/example_task_group.py
[2025-04-06T22:25:01.584+0000] {processor.py:914} INFO - Processing file /home/airflow/.local/lib/python3.12/site-packages/airflow/example_dags/example_task_group.py for tasks to queue
[2025-04-06T22:25:01.585+0000] {logging_mixin.py:190} INFO - [2025-04-06T22:25:01.584+0000] {dagbag.py:588} INFO - Filling up the DagBag from /home/airflow/.local/lib/python3.12/site-packages/airflow/example_dags/example_task_group.py
[2025-04-06T22:25:01.592+0000] {processor.py:925} INFO - DAG(s) 'example_task_group' retrieved from /home/airflow/.local/lib/python3.12/site-packages/airflow/example_dags/example_task_group.py
[2025-04-06T22:25:01.611+0000] {logging_mixin.py:190} INFO - [2025-04-06T22:25:01.611+0000] {dag.py:3239} INFO - Sync 1 DAGs
[2025-04-06T22:25:01.625+0000] {logging_mixin.py:190} INFO - [2025-04-06T22:25:01.625+0000] {dag.py:4180} INFO - Setting next_dagrun for example_task_group to None, run_after=None
[2025-04-06T22:25:01.640+0000] {processor.py:208} INFO - Processing /home/airflow/.local/lib/python3.12/site-packages/airflow/example_dags/example_task_group.py took 0.062 seconds
[2025-04-06T22:25:32.906+0000] {processor.py:186} INFO - Started process (PID=1220) to work on /home/airflow/.local/lib/python3.12/site-packages/airflow/example_dags/example_task_group.py
[2025-04-06T22:25:32.907+0000] {processor.py:914} INFO - Processing file /home/airflow/.local/lib/python3.12/site-packages/airflow/example_dags/example_task_group.py for tasks to queue
[2025-04-06T22:25:32.907+0000] {logging_mixin.py:190} INFO - [2025-04-06T22:25:32.907+0000] {dagbag.py:588} INFO - Filling up the DagBag from /home/airflow/.local/lib/python3.12/site-packages/airflow/example_dags/example_task_group.py
[2025-04-06T22:25:32.914+0000] {processor.py:925} INFO - DAG(s) 'example_task_group' retrieved from /home/airflow/.local/lib/python3.12/site-packages/airflow/example_dags/example_task_group.py
[2025-04-06T22:25:32.935+0000] {logging_mixin.py:190} INFO - [2025-04-06T22:25:32.934+0000] {dag.py:3239} INFO - Sync 1 DAGs
[2025-04-06T22:25:32.948+0000] {logging_mixin.py:190} INFO - [2025-04-06T22:25:32.948+0000] {dag.py:4180} INFO - Setting next_dagrun for example_task_group to None, run_after=None
[2025-04-06T22:25:32.961+0000] {processor.py:208} INFO - Processing /home/airflow/.local/lib/python3.12/site-packages/airflow/example_dags/example_task_group.py took 0.060 seconds
[2025-04-06T22:26:03.654+0000] {processor.py:186} INFO - Started process (PID=1285) to work on /home/airflow/.local/lib/python3.12/site-packages/airflow/example_dags/example_task_group.py
[2025-04-06T22:26:03.655+0000] {processor.py:914} INFO - Processing file /home/airflow/.local/lib/python3.12/site-packages/airflow/example_dags/example_task_group.py for tasks to queue
[2025-04-06T22:26:03.656+0000] {logging_mixin.py:190} INFO - [2025-04-06T22:26:03.656+0000] {dagbag.py:588} INFO - Filling up the DagBag from /home/airflow/.local/lib/python3.12/site-packages/airflow/example_dags/example_task_group.py
[2025-04-06T22:26:03.666+0000] {processor.py:925} INFO - DAG(s) 'example_task_group' retrieved from /home/airflow/.local/lib/python3.12/site-packages/airflow/example_dags/example_task_group.py
[2025-04-06T22:26:03.685+0000] {logging_mixin.py:190} INFO - [2025-04-06T22:26:03.685+0000] {dag.py:3239} INFO - Sync 1 DAGs
[2025-04-06T22:26:03.699+0000] {logging_mixin.py:190} INFO - [2025-04-06T22:26:03.698+0000] {dag.py:4180} INFO - Setting next_dagrun for example_task_group to None, run_after=None
[2025-04-06T22:26:03.712+0000] {processor.py:208} INFO - Processing /home/airflow/.local/lib/python3.12/site-packages/airflow/example_dags/example_task_group.py took 0.063 seconds
[2025-04-06T22:27:43.795+0000] {processor.py:186} INFO - Started process (PID=116) to work on /home/airflow/.local/lib/python3.12/site-packages/airflow/example_dags/example_task_group.py
[2025-04-06T22:27:43.796+0000] {processor.py:914} INFO - Processing file /home/airflow/.local/lib/python3.12/site-packages/airflow/example_dags/example_task_group.py for tasks to queue
[2025-04-06T22:27:43.800+0000] {logging_mixin.py:190} INFO - [2025-04-06T22:27:43.799+0000] {dagbag.py:588} INFO - Filling up the DagBag from /home/airflow/.local/lib/python3.12/site-packages/airflow/example_dags/example_task_group.py
[2025-04-06T22:27:43.813+0000] {processor.py:925} INFO - DAG(s) 'example_task_group' retrieved from /home/airflow/.local/lib/python3.12/site-packages/airflow/example_dags/example_task_group.py
[2025-04-06T22:27:43.863+0000] {logging_mixin.py:190} INFO - [2025-04-06T22:27:43.863+0000] {dag.py:3239} INFO - Sync 1 DAGs
[2025-04-06T22:27:43.887+0000] {logging_mixin.py:190} INFO - [2025-04-06T22:27:43.886+0000] {dag.py:4180} INFO - Setting next_dagrun for example_task_group to None, run_after=None
[2025-04-06T22:27:43.917+0000] {processor.py:208} INFO - Processing /home/airflow/.local/lib/python3.12/site-packages/airflow/example_dags/example_task_group.py took 0.132 seconds
[2025-04-06T22:28:14.284+0000] {processor.py:186} INFO - Started process (PID=181) to work on /home/airflow/.local/lib/python3.12/site-packages/airflow/example_dags/example_task_group.py
[2025-04-06T22:28:14.287+0000] {processor.py:914} INFO - Processing file /home/airflow/.local/lib/python3.12/site-packages/airflow/example_dags/example_task_group.py for tasks to queue
[2025-04-06T22:28:14.290+0000] {logging_mixin.py:190} INFO - [2025-04-06T22:28:14.290+0000] {dagbag.py:588} INFO - Filling up the DagBag from /home/airflow/.local/lib/python3.12/site-packages/airflow/example_dags/example_task_group.py
[2025-04-06T22:28:14.298+0000] {processor.py:925} INFO - DAG(s) 'example_task_group' retrieved from /home/airflow/.local/lib/python3.12/site-packages/airflow/example_dags/example_task_group.py
[2025-04-06T22:28:14.320+0000] {logging_mixin.py:190} INFO - [2025-04-06T22:28:14.319+0000] {dag.py:3239} INFO - Sync 1 DAGs
[2025-04-06T22:28:14.333+0000] {logging_mixin.py:190} INFO - [2025-04-06T22:28:14.333+0000] {dag.py:4180} INFO - Setting next_dagrun for example_task_group to None, run_after=None
[2025-04-06T22:28:14.347+0000] {processor.py:208} INFO - Processing /home/airflow/.local/lib/python3.12/site-packages/airflow/example_dags/example_task_group.py took 0.072 seconds
[2025-04-06T22:28:44.623+0000] {processor.py:186} INFO - Started process (PID=246) to work on /home/airflow/.local/lib/python3.12/site-packages/airflow/example_dags/example_task_group.py
[2025-04-06T22:28:44.624+0000] {processor.py:914} INFO - Processing file /home/airflow/.local/lib/python3.12/site-packages/airflow/example_dags/example_task_group.py for tasks to queue
[2025-04-06T22:28:44.627+0000] {logging_mixin.py:190} INFO - [2025-04-06T22:28:44.627+0000] {dagbag.py:588} INFO - Filling up the DagBag from /home/airflow/.local/lib/python3.12/site-packages/airflow/example_dags/example_task_group.py
[2025-04-06T22:28:44.634+0000] {processor.py:925} INFO - DAG(s) 'example_task_group' retrieved from /home/airflow/.local/lib/python3.12/site-packages/airflow/example_dags/example_task_group.py
[2025-04-06T22:28:44.655+0000] {logging_mixin.py:190} INFO - [2025-04-06T22:28:44.654+0000] {dag.py:3239} INFO - Sync 1 DAGs
[2025-04-06T22:28:44.667+0000] {logging_mixin.py:190} INFO - [2025-04-06T22:28:44.667+0000] {dag.py:4180} INFO - Setting next_dagrun for example_task_group to None, run_after=None
[2025-04-06T22:28:44.680+0000] {processor.py:208} INFO - Processing /home/airflow/.local/lib/python3.12/site-packages/airflow/example_dags/example_task_group.py took 0.063 seconds
[2025-04-06T22:29:14.969+0000] {processor.py:186} INFO - Started process (PID=311) to work on /home/airflow/.local/lib/python3.12/site-packages/airflow/example_dags/example_task_group.py
[2025-04-06T22:29:14.972+0000] {processor.py:914} INFO - Processing file /home/airflow/.local/lib/python3.12/site-packages/airflow/example_dags/example_task_group.py for tasks to queue
[2025-04-06T22:29:14.975+0000] {logging_mixin.py:190} INFO - [2025-04-06T22:29:14.975+0000] {dagbag.py:588} INFO - Filling up the DagBag from /home/airflow/.local/lib/python3.12/site-packages/airflow/example_dags/example_task_group.py
[2025-04-06T22:29:14.984+0000] {processor.py:925} INFO - DAG(s) 'example_task_group' retrieved from /home/airflow/.local/lib/python3.12/site-packages/airflow/example_dags/example_task_group.py
[2025-04-06T22:29:15.003+0000] {logging_mixin.py:190} INFO - [2025-04-06T22:29:15.003+0000] {dag.py:3239} INFO - Sync 1 DAGs
[2025-04-06T22:29:15.016+0000] {logging_mixin.py:190} INFO - [2025-04-06T22:29:15.016+0000] {dag.py:4180} INFO - Setting next_dagrun for example_task_group to None, run_after=None
[2025-04-06T22:29:15.030+0000] {processor.py:208} INFO - Processing /home/airflow/.local/lib/python3.12/site-packages/airflow/example_dags/example_task_group.py took 0.068 seconds
[2025-04-06T22:29:45.804+0000] {processor.py:186} INFO - Started process (PID=376) to work on /home/airflow/.local/lib/python3.12/site-packages/airflow/example_dags/example_task_group.py
[2025-04-06T22:29:45.805+0000] {processor.py:914} INFO - Processing file /home/airflow/.local/lib/python3.12/site-packages/airflow/example_dags/example_task_group.py for tasks to queue
[2025-04-06T22:29:45.808+0000] {logging_mixin.py:190} INFO - [2025-04-06T22:29:45.807+0000] {dagbag.py:588} INFO - Filling up the DagBag from /home/airflow/.local/lib/python3.12/site-packages/airflow/example_dags/example_task_group.py
[2025-04-06T22:29:45.814+0000] {processor.py:925} INFO - DAG(s) 'example_task_group' retrieved from /home/airflow/.local/lib/python3.12/site-packages/airflow/example_dags/example_task_group.py
[2025-04-06T22:29:45.834+0000] {logging_mixin.py:190} INFO - [2025-04-06T22:29:45.833+0000] {dag.py:3239} INFO - Sync 1 DAGs
[2025-04-06T22:29:45.846+0000] {logging_mixin.py:190} INFO - [2025-04-06T22:29:45.846+0000] {dag.py:4180} INFO - Setting next_dagrun for example_task_group to None, run_after=None
[2025-04-06T22:29:45.859+0000] {processor.py:208} INFO - Processing /home/airflow/.local/lib/python3.12/site-packages/airflow/example_dags/example_task_group.py took 0.062 seconds
[2025-04-06T22:30:16.095+0000] {processor.py:186} INFO - Started process (PID=440) to work on /home/airflow/.local/lib/python3.12/site-packages/airflow/example_dags/example_task_group.py
[2025-04-06T22:30:16.096+0000] {processor.py:914} INFO - Processing file /home/airflow/.local/lib/python3.12/site-packages/airflow/example_dags/example_task_group.py for tasks to queue
[2025-04-06T22:30:16.098+0000] {logging_mixin.py:190} INFO - [2025-04-06T22:30:16.098+0000] {dagbag.py:588} INFO - Filling up the DagBag from /home/airflow/.local/lib/python3.12/site-packages/airflow/example_dags/example_task_group.py
[2025-04-06T22:30:16.104+0000] {processor.py:925} INFO - DAG(s) 'example_task_group' retrieved from /home/airflow/.local/lib/python3.12/site-packages/airflow/example_dags/example_task_group.py
[2025-04-06T22:30:16.124+0000] {logging_mixin.py:190} INFO - [2025-04-06T22:30:16.124+0000] {dag.py:3239} INFO - Sync 1 DAGs
[2025-04-06T22:30:16.137+0000] {logging_mixin.py:190} INFO - [2025-04-06T22:30:16.137+0000] {dag.py:4180} INFO - Setting next_dagrun for example_task_group to None, run_after=None
[2025-04-06T22:30:16.149+0000] {processor.py:208} INFO - Processing /home/airflow/.local/lib/python3.12/site-packages/airflow/example_dags/example_task_group.py took 0.059 seconds
[2025-04-06T22:30:46.379+0000] {processor.py:186} INFO - Started process (PID=505) to work on /home/airflow/.local/lib/python3.12/site-packages/airflow/example_dags/example_task_group.py
[2025-04-06T22:30:46.380+0000] {processor.py:914} INFO - Processing file /home/airflow/.local/lib/python3.12/site-packages/airflow/example_dags/example_task_group.py for tasks to queue
[2025-04-06T22:30:46.382+0000] {logging_mixin.py:190} INFO - [2025-04-06T22:30:46.382+0000] {dagbag.py:588} INFO - Filling up the DagBag from /home/airflow/.local/lib/python3.12/site-packages/airflow/example_dags/example_task_group.py
[2025-04-06T22:30:46.389+0000] {processor.py:925} INFO - DAG(s) 'example_task_group' retrieved from /home/airflow/.local/lib/python3.12/site-packages/airflow/example_dags/example_task_group.py
[2025-04-06T22:30:46.408+0000] {logging_mixin.py:190} INFO - [2025-04-06T22:30:46.408+0000] {dag.py:3239} INFO - Sync 1 DAGs
[2025-04-06T22:30:46.420+0000] {logging_mixin.py:190} INFO - [2025-04-06T22:30:46.420+0000] {dag.py:4180} INFO - Setting next_dagrun for example_task_group to None, run_after=None
[2025-04-06T22:30:46.433+0000] {processor.py:208} INFO - Processing /home/airflow/.local/lib/python3.12/site-packages/airflow/example_dags/example_task_group.py took 0.060 seconds
[2025-04-06T22:31:17.420+0000] {processor.py:186} INFO - Started process (PID=570) to work on /home/airflow/.local/lib/python3.12/site-packages/airflow/example_dags/example_task_group.py
[2025-04-06T22:31:17.421+0000] {processor.py:914} INFO - Processing file /home/airflow/.local/lib/python3.12/site-packages/airflow/example_dags/example_task_group.py for tasks to queue
[2025-04-06T22:31:17.424+0000] {logging_mixin.py:190} INFO - [2025-04-06T22:31:17.424+0000] {dagbag.py:588} INFO - Filling up the DagBag from /home/airflow/.local/lib/python3.12/site-packages/airflow/example_dags/example_task_group.py
[2025-04-06T22:31:17.430+0000] {processor.py:925} INFO - DAG(s) 'example_task_group' retrieved from /home/airflow/.local/lib/python3.12/site-packages/airflow/example_dags/example_task_group.py
[2025-04-06T22:31:17.450+0000] {logging_mixin.py:190} INFO - [2025-04-06T22:31:17.450+0000] {dag.py:3239} INFO - Sync 1 DAGs
[2025-04-06T22:31:17.463+0000] {logging_mixin.py:190} INFO - [2025-04-06T22:31:17.462+0000] {dag.py:4180} INFO - Setting next_dagrun for example_task_group to None, run_after=None
[2025-04-06T22:31:17.476+0000] {processor.py:208} INFO - Processing /home/airflow/.local/lib/python3.12/site-packages/airflow/example_dags/example_task_group.py took 0.064 seconds
[2025-04-06T22:31:47.843+0000] {processor.py:186} INFO - Started process (PID=635) to work on /home/airflow/.local/lib/python3.12/site-packages/airflow/example_dags/example_task_group.py
[2025-04-06T22:31:47.844+0000] {processor.py:914} INFO - Processing file /home/airflow/.local/lib/python3.12/site-packages/airflow/example_dags/example_task_group.py for tasks to queue
[2025-04-06T22:31:47.845+0000] {logging_mixin.py:190} INFO - [2025-04-06T22:31:47.845+0000] {dagbag.py:588} INFO - Filling up the DagBag from /home/airflow/.local/lib/python3.12/site-packages/airflow/example_dags/example_task_group.py
[2025-04-06T22:31:47.853+0000] {processor.py:925} INFO - DAG(s) 'example_task_group' retrieved from /home/airflow/.local/lib/python3.12/site-packages/airflow/example_dags/example_task_group.py
[2025-04-06T22:31:47.874+0000] {logging_mixin.py:190} INFO - [2025-04-06T22:31:47.874+0000] {dag.py:3239} INFO - Sync 1 DAGs
[2025-04-06T22:31:47.886+0000] {logging_mixin.py:190} INFO - [2025-04-06T22:31:47.886+0000] {dag.py:4180} INFO - Setting next_dagrun for example_task_group to None, run_after=None
[2025-04-06T22:31:47.899+0000] {processor.py:208} INFO - Processing /home/airflow/.local/lib/python3.12/site-packages/airflow/example_dags/example_task_group.py took 0.061 seconds
[2025-04-06T22:32:18.374+0000] {processor.py:186} INFO - Started process (PID=700) to work on /home/airflow/.local/lib/python3.12/site-packages/airflow/example_dags/example_task_group.py
[2025-04-06T22:32:18.375+0000] {processor.py:914} INFO - Processing file /home/airflow/.local/lib/python3.12/site-packages/airflow/example_dags/example_task_group.py for tasks to queue
[2025-04-06T22:32:18.378+0000] {logging_mixin.py:190} INFO - [2025-04-06T22:32:18.378+0000] {dagbag.py:588} INFO - Filling up the DagBag from /home/airflow/.local/lib/python3.12/site-packages/airflow/example_dags/example_task_group.py
[2025-04-06T22:32:18.385+0000] {processor.py:925} INFO - DAG(s) 'example_task_group' retrieved from /home/airflow/.local/lib/python3.12/site-packages/airflow/example_dags/example_task_group.py
[2025-04-06T22:32:18.408+0000] {logging_mixin.py:190} INFO - [2025-04-06T22:32:18.408+0000] {dag.py:3239} INFO - Sync 1 DAGs
[2025-04-06T22:32:18.421+0000] {logging_mixin.py:190} INFO - [2025-04-06T22:32:18.421+0000] {dag.py:4180} INFO - Setting next_dagrun for example_task_group to None, run_after=None
[2025-04-06T22:32:18.435+0000] {processor.py:208} INFO - Processing /home/airflow/.local/lib/python3.12/site-packages/airflow/example_dags/example_task_group.py took 0.068 seconds
[2025-04-06T22:32:48.904+0000] {processor.py:186} INFO - Started process (PID=765) to work on /home/airflow/.local/lib/python3.12/site-packages/airflow/example_dags/example_task_group.py
[2025-04-06T22:32:48.905+0000] {processor.py:914} INFO - Processing file /home/airflow/.local/lib/python3.12/site-packages/airflow/example_dags/example_task_group.py for tasks to queue
[2025-04-06T22:32:48.907+0000] {logging_mixin.py:190} INFO - [2025-04-06T22:32:48.907+0000] {dagbag.py:588} INFO - Filling up the DagBag from /home/airflow/.local/lib/python3.12/site-packages/airflow/example_dags/example_task_group.py
[2025-04-06T22:32:48.913+0000] {processor.py:925} INFO - DAG(s) 'example_task_group' retrieved from /home/airflow/.local/lib/python3.12/site-packages/airflow/example_dags/example_task_group.py
[2025-04-06T22:32:48.933+0000] {logging_mixin.py:190} INFO - [2025-04-06T22:32:48.933+0000] {dag.py:3239} INFO - Sync 1 DAGs
[2025-04-06T22:32:48.946+0000] {logging_mixin.py:190} INFO - [2025-04-06T22:32:48.946+0000] {dag.py:4180} INFO - Setting next_dagrun for example_task_group to None, run_after=None
[2025-04-06T22:32:48.961+0000] {processor.py:208} INFO - Processing /home/airflow/.local/lib/python3.12/site-packages/airflow/example_dags/example_task_group.py took 0.064 seconds
[2025-04-06T22:33:19.612+0000] {processor.py:186} INFO - Started process (PID=830) to work on /home/airflow/.local/lib/python3.12/site-packages/airflow/example_dags/example_task_group.py
[2025-04-06T22:33:19.612+0000] {processor.py:914} INFO - Processing file /home/airflow/.local/lib/python3.12/site-packages/airflow/example_dags/example_task_group.py for tasks to queue
[2025-04-06T22:33:19.614+0000] {logging_mixin.py:190} INFO - [2025-04-06T22:33:19.614+0000] {dagbag.py:588} INFO - Filling up the DagBag from /home/airflow/.local/lib/python3.12/site-packages/airflow/example_dags/example_task_group.py
[2025-04-06T22:33:19.620+0000] {processor.py:925} INFO - DAG(s) 'example_task_group' retrieved from /home/airflow/.local/lib/python3.12/site-packages/airflow/example_dags/example_task_group.py
[2025-04-06T22:33:19.639+0000] {logging_mixin.py:190} INFO - [2025-04-06T22:33:19.638+0000] {dag.py:3239} INFO - Sync 1 DAGs
[2025-04-06T22:33:19.652+0000] {logging_mixin.py:190} INFO - [2025-04-06T22:33:19.651+0000] {dag.py:4180} INFO - Setting next_dagrun for example_task_group to None, run_after=None
[2025-04-06T22:33:19.665+0000] {processor.py:208} INFO - Processing /home/airflow/.local/lib/python3.12/site-packages/airflow/example_dags/example_task_group.py took 0.058 seconds
[2025-04-06T22:33:49.712+0000] {processor.py:186} INFO - Started process (PID=894) to work on /home/airflow/.local/lib/python3.12/site-packages/airflow/example_dags/example_task_group.py
[2025-04-06T22:33:49.713+0000] {processor.py:914} INFO - Processing file /home/airflow/.local/lib/python3.12/site-packages/airflow/example_dags/example_task_group.py for tasks to queue
[2025-04-06T22:33:49.715+0000] {logging_mixin.py:190} INFO - [2025-04-06T22:33:49.715+0000] {dagbag.py:588} INFO - Filling up the DagBag from /home/airflow/.local/lib/python3.12/site-packages/airflow/example_dags/example_task_group.py
[2025-04-06T22:33:49.723+0000] {processor.py:925} INFO - DAG(s) 'example_task_group' retrieved from /home/airflow/.local/lib/python3.12/site-packages/airflow/example_dags/example_task_group.py
[2025-04-06T22:33:49.741+0000] {logging_mixin.py:190} INFO - [2025-04-06T22:33:49.740+0000] {dag.py:3239} INFO - Sync 1 DAGs
[2025-04-06T22:33:49.753+0000] {logging_mixin.py:190} INFO - [2025-04-06T22:33:49.753+0000] {dag.py:4180} INFO - Setting next_dagrun for example_task_group to None, run_after=None
[2025-04-06T22:33:49.765+0000] {processor.py:208} INFO - Processing /home/airflow/.local/lib/python3.12/site-packages/airflow/example_dags/example_task_group.py took 0.063 seconds
[2025-04-06T22:34:20.264+0000] {processor.py:186} INFO - Started process (PID=959) to work on /home/airflow/.local/lib/python3.12/site-packages/airflow/example_dags/example_task_group.py
[2025-04-06T22:34:20.265+0000] {processor.py:914} INFO - Processing file /home/airflow/.local/lib/python3.12/site-packages/airflow/example_dags/example_task_group.py for tasks to queue
[2025-04-06T22:34:20.267+0000] {logging_mixin.py:190} INFO - [2025-04-06T22:34:20.267+0000] {dagbag.py:588} INFO - Filling up the DagBag from /home/airflow/.local/lib/python3.12/site-packages/airflow/example_dags/example_task_group.py
[2025-04-06T22:34:20.275+0000] {processor.py:925} INFO - DAG(s) 'example_task_group' retrieved from /home/airflow/.local/lib/python3.12/site-packages/airflow/example_dags/example_task_group.py
[2025-04-06T22:34:20.295+0000] {logging_mixin.py:190} INFO - [2025-04-06T22:34:20.294+0000] {dag.py:3239} INFO - Sync 1 DAGs
[2025-04-06T22:34:20.307+0000] {logging_mixin.py:190} INFO - [2025-04-06T22:34:20.307+0000] {dag.py:4180} INFO - Setting next_dagrun for example_task_group to None, run_after=None
[2025-04-06T22:34:20.322+0000] {processor.py:208} INFO - Processing /home/airflow/.local/lib/python3.12/site-packages/airflow/example_dags/example_task_group.py took 0.066 seconds
[2025-04-06T22:34:50.635+0000] {processor.py:186} INFO - Started process (PID=1024) to work on /home/airflow/.local/lib/python3.12/site-packages/airflow/example_dags/example_task_group.py
[2025-04-06T22:34:50.636+0000] {processor.py:914} INFO - Processing file /home/airflow/.local/lib/python3.12/site-packages/airflow/example_dags/example_task_group.py for tasks to queue
[2025-04-06T22:34:50.639+0000] {logging_mixin.py:190} INFO - [2025-04-06T22:34:50.639+0000] {dagbag.py:588} INFO - Filling up the DagBag from /home/airflow/.local/lib/python3.12/site-packages/airflow/example_dags/example_task_group.py
[2025-04-06T22:34:50.646+0000] {processor.py:925} INFO - DAG(s) 'example_task_group' retrieved from /home/airflow/.local/lib/python3.12/site-packages/airflow/example_dags/example_task_group.py
[2025-04-06T22:34:50.666+0000] {logging_mixin.py:190} INFO - [2025-04-06T22:34:50.665+0000] {dag.py:3239} INFO - Sync 1 DAGs
[2025-04-06T22:34:50.678+0000] {logging_mixin.py:190} INFO - [2025-04-06T22:34:50.677+0000] {dag.py:4180} INFO - Setting next_dagrun for example_task_group to None, run_after=None
[2025-04-06T22:34:50.691+0000] {processor.py:208} INFO - Processing /home/airflow/.local/lib/python3.12/site-packages/airflow/example_dags/example_task_group.py took 0.063 seconds
[2025-04-06T22:35:21.016+0000] {processor.py:186} INFO - Started process (PID=1089) to work on /home/airflow/.local/lib/python3.12/site-packages/airflow/example_dags/example_task_group.py
[2025-04-06T22:35:21.017+0000] {processor.py:914} INFO - Processing file /home/airflow/.local/lib/python3.12/site-packages/airflow/example_dags/example_task_group.py for tasks to queue
[2025-04-06T22:35:21.020+0000] {logging_mixin.py:190} INFO - [2025-04-06T22:35:21.020+0000] {dagbag.py:588} INFO - Filling up the DagBag from /home/airflow/.local/lib/python3.12/site-packages/airflow/example_dags/example_task_group.py
[2025-04-06T22:35:21.028+0000] {processor.py:925} INFO - DAG(s) 'example_task_group' retrieved from /home/airflow/.local/lib/python3.12/site-packages/airflow/example_dags/example_task_group.py
[2025-04-06T22:35:21.047+0000] {logging_mixin.py:190} INFO - [2025-04-06T22:35:21.047+0000] {dag.py:3239} INFO - Sync 1 DAGs
[2025-04-06T22:35:21.059+0000] {logging_mixin.py:190} INFO - [2025-04-06T22:35:21.059+0000] {dag.py:4180} INFO - Setting next_dagrun for example_task_group to None, run_after=None
[2025-04-06T22:35:21.072+0000] {processor.py:208} INFO - Processing /home/airflow/.local/lib/python3.12/site-packages/airflow/example_dags/example_task_group.py took 0.063 seconds
[2025-04-06T22:35:51.612+0000] {processor.py:186} INFO - Started process (PID=1155) to work on /home/airflow/.local/lib/python3.12/site-packages/airflow/example_dags/example_task_group.py
[2025-04-06T22:35:51.613+0000] {processor.py:914} INFO - Processing file /home/airflow/.local/lib/python3.12/site-packages/airflow/example_dags/example_task_group.py for tasks to queue
[2025-04-06T22:35:51.616+0000] {logging_mixin.py:190} INFO - [2025-04-06T22:35:51.616+0000] {dagbag.py:588} INFO - Filling up the DagBag from /home/airflow/.local/lib/python3.12/site-packages/airflow/example_dags/example_task_group.py
[2025-04-06T22:35:51.623+0000] {processor.py:925} INFO - DAG(s) 'example_task_group' retrieved from /home/airflow/.local/lib/python3.12/site-packages/airflow/example_dags/example_task_group.py
[2025-04-06T22:35:51.642+0000] {logging_mixin.py:190} INFO - [2025-04-06T22:35:51.642+0000] {dag.py:3239} INFO - Sync 1 DAGs
[2025-04-06T22:35:51.654+0000] {logging_mixin.py:190} INFO - [2025-04-06T22:35:51.654+0000] {dag.py:4180} INFO - Setting next_dagrun for example_task_group to None, run_after=None
[2025-04-06T22:35:51.667+0000] {processor.py:208} INFO - Processing /home/airflow/.local/lib/python3.12/site-packages/airflow/example_dags/example_task_group.py took 0.062 seconds
[2025-04-06T22:36:22.283+0000] {processor.py:186} INFO - Started process (PID=1220) to work on /home/airflow/.local/lib/python3.12/site-packages/airflow/example_dags/example_task_group.py
[2025-04-06T22:36:22.284+0000] {processor.py:914} INFO - Processing file /home/airflow/.local/lib/python3.12/site-packages/airflow/example_dags/example_task_group.py for tasks to queue
[2025-04-06T22:36:22.287+0000] {logging_mixin.py:190} INFO - [2025-04-06T22:36:22.287+0000] {dagbag.py:588} INFO - Filling up the DagBag from /home/airflow/.local/lib/python3.12/site-packages/airflow/example_dags/example_task_group.py
[2025-04-06T22:36:22.294+0000] {processor.py:925} INFO - DAG(s) 'example_task_group' retrieved from /home/airflow/.local/lib/python3.12/site-packages/airflow/example_dags/example_task_group.py
[2025-04-06T22:36:22.313+0000] {logging_mixin.py:190} INFO - [2025-04-06T22:36:22.313+0000] {dag.py:3239} INFO - Sync 1 DAGs
[2025-04-06T22:36:22.325+0000] {logging_mixin.py:190} INFO - [2025-04-06T22:36:22.325+0000] {dag.py:4180} INFO - Setting next_dagrun for example_task_group to None, run_after=None
[2025-04-06T22:36:22.338+0000] {processor.py:208} INFO - Processing /home/airflow/.local/lib/python3.12/site-packages/airflow/example_dags/example_task_group.py took 0.061 seconds
[2025-04-06T22:36:52.961+0000] {processor.py:186} INFO - Started process (PID=1285) to work on /home/airflow/.local/lib/python3.12/site-packages/airflow/example_dags/example_task_group.py
[2025-04-06T22:36:52.962+0000] {processor.py:914} INFO - Processing file /home/airflow/.local/lib/python3.12/site-packages/airflow/example_dags/example_task_group.py for tasks to queue
[2025-04-06T22:36:52.965+0000] {logging_mixin.py:190} INFO - [2025-04-06T22:36:52.965+0000] {dagbag.py:588} INFO - Filling up the DagBag from /home/airflow/.local/lib/python3.12/site-packages/airflow/example_dags/example_task_group.py
[2025-04-06T22:36:52.973+0000] {processor.py:925} INFO - DAG(s) 'example_task_group' retrieved from /home/airflow/.local/lib/python3.12/site-packages/airflow/example_dags/example_task_group.py
[2025-04-06T22:36:52.993+0000] {logging_mixin.py:190} INFO - [2025-04-06T22:36:52.993+0000] {dag.py:3239} INFO - Sync 1 DAGs
[2025-04-06T22:36:53.005+0000] {logging_mixin.py:190} INFO - [2025-04-06T22:36:53.005+0000] {dag.py:4180} INFO - Setting next_dagrun for example_task_group to None, run_after=None
[2025-04-06T22:36:53.018+0000] {processor.py:208} INFO - Processing /home/airflow/.local/lib/python3.12/site-packages/airflow/example_dags/example_task_group.py took 0.064 seconds
[2025-04-06T22:37:23.525+0000] {processor.py:186} INFO - Started process (PID=1350) to work on /home/airflow/.local/lib/python3.12/site-packages/airflow/example_dags/example_task_group.py
[2025-04-06T22:37:23.526+0000] {processor.py:914} INFO - Processing file /home/airflow/.local/lib/python3.12/site-packages/airflow/example_dags/example_task_group.py for tasks to queue
[2025-04-06T22:37:23.529+0000] {logging_mixin.py:190} INFO - [2025-04-06T22:37:23.529+0000] {dagbag.py:588} INFO - Filling up the DagBag from /home/airflow/.local/lib/python3.12/site-packages/airflow/example_dags/example_task_group.py
[2025-04-06T22:37:23.536+0000] {processor.py:925} INFO - DAG(s) 'example_task_group' retrieved from /home/airflow/.local/lib/python3.12/site-packages/airflow/example_dags/example_task_group.py
[2025-04-06T22:37:23.553+0000] {logging_mixin.py:190} INFO - [2025-04-06T22:37:23.553+0000] {dag.py:3239} INFO - Sync 1 DAGs
[2025-04-06T22:37:23.565+0000] {logging_mixin.py:190} INFO - [2025-04-06T22:37:23.565+0000] {dag.py:4180} INFO - Setting next_dagrun for example_task_group to None, run_after=None
[2025-04-06T22:37:23.577+0000] {processor.py:208} INFO - Processing /home/airflow/.local/lib/python3.12/site-packages/airflow/example_dags/example_task_group.py took 0.059 seconds
[2025-04-06T22:37:54.161+0000] {processor.py:186} INFO - Started process (PID=1415) to work on /home/airflow/.local/lib/python3.12/site-packages/airflow/example_dags/example_task_group.py
[2025-04-06T22:37:54.162+0000] {processor.py:914} INFO - Processing file /home/airflow/.local/lib/python3.12/site-packages/airflow/example_dags/example_task_group.py for tasks to queue
[2025-04-06T22:37:54.165+0000] {logging_mixin.py:190} INFO - [2025-04-06T22:37:54.165+0000] {dagbag.py:588} INFO - Filling up the DagBag from /home/airflow/.local/lib/python3.12/site-packages/airflow/example_dags/example_task_group.py
[2025-04-06T22:37:54.172+0000] {processor.py:925} INFO - DAG(s) 'example_task_group' retrieved from /home/airflow/.local/lib/python3.12/site-packages/airflow/example_dags/example_task_group.py
[2025-04-06T22:37:54.192+0000] {logging_mixin.py:190} INFO - [2025-04-06T22:37:54.191+0000] {dag.py:3239} INFO - Sync 1 DAGs
[2025-04-06T22:37:54.204+0000] {logging_mixin.py:190} INFO - [2025-04-06T22:37:54.204+0000] {dag.py:4180} INFO - Setting next_dagrun for example_task_group to None, run_after=None
[2025-04-06T22:37:54.217+0000] {processor.py:208} INFO - Processing /home/airflow/.local/lib/python3.12/site-packages/airflow/example_dags/example_task_group.py took 0.063 seconds
[2025-04-06T22:38:24.803+0000] {processor.py:186} INFO - Started process (PID=1480) to work on /home/airflow/.local/lib/python3.12/site-packages/airflow/example_dags/example_task_group.py
[2025-04-06T22:38:24.803+0000] {processor.py:914} INFO - Processing file /home/airflow/.local/lib/python3.12/site-packages/airflow/example_dags/example_task_group.py for tasks to queue
[2025-04-06T22:38:24.806+0000] {logging_mixin.py:190} INFO - [2025-04-06T22:38:24.805+0000] {dagbag.py:588} INFO - Filling up the DagBag from /home/airflow/.local/lib/python3.12/site-packages/airflow/example_dags/example_task_group.py
[2025-04-06T22:38:24.812+0000] {processor.py:925} INFO - DAG(s) 'example_task_group' retrieved from /home/airflow/.local/lib/python3.12/site-packages/airflow/example_dags/example_task_group.py
[2025-04-06T22:38:24.832+0000] {logging_mixin.py:190} INFO - [2025-04-06T22:38:24.831+0000] {dag.py:3239} INFO - Sync 1 DAGs
[2025-04-06T22:38:24.844+0000] {logging_mixin.py:190} INFO - [2025-04-06T22:38:24.843+0000] {dag.py:4180} INFO - Setting next_dagrun for example_task_group to None, run_after=None
[2025-04-06T22:38:24.856+0000] {processor.py:208} INFO - Processing /home/airflow/.local/lib/python3.12/site-packages/airflow/example_dags/example_task_group.py took 0.061 seconds
[2025-04-06T22:38:54.926+0000] {processor.py:186} INFO - Started process (PID=1545) to work on /home/airflow/.local/lib/python3.12/site-packages/airflow/example_dags/example_task_group.py
[2025-04-06T22:38:54.927+0000] {processor.py:914} INFO - Processing file /home/airflow/.local/lib/python3.12/site-packages/airflow/example_dags/example_task_group.py for tasks to queue
[2025-04-06T22:38:54.929+0000] {logging_mixin.py:190} INFO - [2025-04-06T22:38:54.928+0000] {dagbag.py:588} INFO - Filling up the DagBag from /home/airflow/.local/lib/python3.12/site-packages/airflow/example_dags/example_task_group.py
[2025-04-06T22:38:54.935+0000] {processor.py:925} INFO - DAG(s) 'example_task_group' retrieved from /home/airflow/.local/lib/python3.12/site-packages/airflow/example_dags/example_task_group.py
[2025-04-06T22:38:54.957+0000] {logging_mixin.py:190} INFO - [2025-04-06T22:38:54.956+0000] {dag.py:3239} INFO - Sync 1 DAGs
[2025-04-06T22:38:54.970+0000] {logging_mixin.py:190} INFO - [2025-04-06T22:38:54.970+0000] {dag.py:4180} INFO - Setting next_dagrun for example_task_group to None, run_after=None
[2025-04-06T22:38:55.178+0000] {processor.py:208} INFO - Processing /home/airflow/.local/lib/python3.12/site-packages/airflow/example_dags/example_task_group.py took 0.259 seconds
[2025-04-06T22:39:25.768+0000] {processor.py:186} INFO - Started process (PID=1610) to work on /home/airflow/.local/lib/python3.12/site-packages/airflow/example_dags/example_task_group.py
[2025-04-06T22:39:25.769+0000] {processor.py:914} INFO - Processing file /home/airflow/.local/lib/python3.12/site-packages/airflow/example_dags/example_task_group.py for tasks to queue
[2025-04-06T22:39:25.770+0000] {logging_mixin.py:190} INFO - [2025-04-06T22:39:25.770+0000] {dagbag.py:588} INFO - Filling up the DagBag from /home/airflow/.local/lib/python3.12/site-packages/airflow/example_dags/example_task_group.py
[2025-04-06T22:39:25.777+0000] {processor.py:925} INFO - DAG(s) 'example_task_group' retrieved from /home/airflow/.local/lib/python3.12/site-packages/airflow/example_dags/example_task_group.py
[2025-04-06T22:39:25.794+0000] {logging_mixin.py:190} INFO - [2025-04-06T22:39:25.794+0000] {dag.py:3239} INFO - Sync 1 DAGs
[2025-04-06T22:39:25.805+0000] {logging_mixin.py:190} INFO - [2025-04-06T22:39:25.805+0000] {dag.py:4180} INFO - Setting next_dagrun for example_task_group to None, run_after=None
[2025-04-06T22:39:25.817+0000] {processor.py:208} INFO - Processing /home/airflow/.local/lib/python3.12/site-packages/airflow/example_dags/example_task_group.py took 0.053 seconds
[2025-04-06T22:39:56.100+0000] {processor.py:186} INFO - Started process (PID=1674) to work on /home/airflow/.local/lib/python3.12/site-packages/airflow/example_dags/example_task_group.py
[2025-04-06T22:39:56.100+0000] {processor.py:914} INFO - Processing file /home/airflow/.local/lib/python3.12/site-packages/airflow/example_dags/example_task_group.py for tasks to queue
[2025-04-06T22:39:56.102+0000] {logging_mixin.py:190} INFO - [2025-04-06T22:39:56.102+0000] {dagbag.py:588} INFO - Filling up the DagBag from /home/airflow/.local/lib/python3.12/site-packages/airflow/example_dags/example_task_group.py
[2025-04-06T22:39:56.108+0000] {processor.py:925} INFO - DAG(s) 'example_task_group' retrieved from /home/airflow/.local/lib/python3.12/site-packages/airflow/example_dags/example_task_group.py
[2025-04-06T22:39:56.127+0000] {logging_mixin.py:190} INFO - [2025-04-06T22:39:56.127+0000] {dag.py:3239} INFO - Sync 1 DAGs
[2025-04-06T22:39:56.139+0000] {logging_mixin.py:190} INFO - [2025-04-06T22:39:56.139+0000] {dag.py:4180} INFO - Setting next_dagrun for example_task_group to None, run_after=None
[2025-04-06T22:39:56.152+0000] {processor.py:208} INFO - Processing /home/airflow/.local/lib/python3.12/site-packages/airflow/example_dags/example_task_group.py took 0.056 seconds
[2025-04-06T22:40:26.255+0000] {processor.py:186} INFO - Started process (PID=1739) to work on /home/airflow/.local/lib/python3.12/site-packages/airflow/example_dags/example_task_group.py
[2025-04-06T22:40:26.256+0000] {processor.py:914} INFO - Processing file /home/airflow/.local/lib/python3.12/site-packages/airflow/example_dags/example_task_group.py for tasks to queue
[2025-04-06T22:40:26.259+0000] {logging_mixin.py:190} INFO - [2025-04-06T22:40:26.258+0000] {dagbag.py:588} INFO - Filling up the DagBag from /home/airflow/.local/lib/python3.12/site-packages/airflow/example_dags/example_task_group.py
[2025-04-06T22:40:26.265+0000] {processor.py:925} INFO - DAG(s) 'example_task_group' retrieved from /home/airflow/.local/lib/python3.12/site-packages/airflow/example_dags/example_task_group.py
[2025-04-06T22:40:26.283+0000] {logging_mixin.py:190} INFO - [2025-04-06T22:40:26.283+0000] {dag.py:3239} INFO - Sync 1 DAGs
[2025-04-06T22:40:26.296+0000] {logging_mixin.py:190} INFO - [2025-04-06T22:40:26.295+0000] {dag.py:4180} INFO - Setting next_dagrun for example_task_group to None, run_after=None
[2025-04-06T22:40:26.308+0000] {processor.py:208} INFO - Processing /home/airflow/.local/lib/python3.12/site-packages/airflow/example_dags/example_task_group.py took 0.061 seconds
[2025-04-06T22:40:57.627+0000] {processor.py:186} INFO - Started process (PID=1805) to work on /home/airflow/.local/lib/python3.12/site-packages/airflow/example_dags/example_task_group.py
[2025-04-06T22:40:57.628+0000] {processor.py:914} INFO - Processing file /home/airflow/.local/lib/python3.12/site-packages/airflow/example_dags/example_task_group.py for tasks to queue
[2025-04-06T22:40:57.630+0000] {logging_mixin.py:190} INFO - [2025-04-06T22:40:57.630+0000] {dagbag.py:588} INFO - Filling up the DagBag from /home/airflow/.local/lib/python3.12/site-packages/airflow/example_dags/example_task_group.py
[2025-04-06T22:40:57.637+0000] {processor.py:925} INFO - DAG(s) 'example_task_group' retrieved from /home/airflow/.local/lib/python3.12/site-packages/airflow/example_dags/example_task_group.py
[2025-04-06T22:40:57.658+0000] {logging_mixin.py:190} INFO - [2025-04-06T22:40:57.657+0000] {dag.py:3239} INFO - Sync 1 DAGs
[2025-04-06T22:40:57.865+0000] {logging_mixin.py:190} INFO - [2025-04-06T22:40:57.865+0000] {dag.py:4180} INFO - Setting next_dagrun for example_task_group to None, run_after=None
[2025-04-06T22:40:57.880+0000] {processor.py:208} INFO - Processing /home/airflow/.local/lib/python3.12/site-packages/airflow/example_dags/example_task_group.py took 0.262 seconds
[2025-04-06T22:41:28.606+0000] {processor.py:186} INFO - Started process (PID=1870) to work on /home/airflow/.local/lib/python3.12/site-packages/airflow/example_dags/example_task_group.py
[2025-04-06T22:41:28.607+0000] {processor.py:914} INFO - Processing file /home/airflow/.local/lib/python3.12/site-packages/airflow/example_dags/example_task_group.py for tasks to queue
[2025-04-06T22:41:28.610+0000] {logging_mixin.py:190} INFO - [2025-04-06T22:41:28.609+0000] {dagbag.py:588} INFO - Filling up the DagBag from /home/airflow/.local/lib/python3.12/site-packages/airflow/example_dags/example_task_group.py
[2025-04-06T22:41:28.618+0000] {processor.py:925} INFO - DAG(s) 'example_task_group' retrieved from /home/airflow/.local/lib/python3.12/site-packages/airflow/example_dags/example_task_group.py
[2025-04-06T22:41:28.637+0000] {logging_mixin.py:190} INFO - [2025-04-06T22:41:28.636+0000] {dag.py:3239} INFO - Sync 1 DAGs
[2025-04-06T22:41:28.898+0000] {logging_mixin.py:190} INFO - [2025-04-06T22:41:28.898+0000] {dag.py:4180} INFO - Setting next_dagrun for example_task_group to None, run_after=None
[2025-04-06T22:41:28.915+0000] {processor.py:208} INFO - Processing /home/airflow/.local/lib/python3.12/site-packages/airflow/example_dags/example_task_group.py took 0.315 seconds
[2025-04-06T22:41:59.502+0000] {processor.py:186} INFO - Started process (PID=1935) to work on /home/airflow/.local/lib/python3.12/site-packages/airflow/example_dags/example_task_group.py
[2025-04-06T22:41:59.503+0000] {processor.py:914} INFO - Processing file /home/airflow/.local/lib/python3.12/site-packages/airflow/example_dags/example_task_group.py for tasks to queue
[2025-04-06T22:41:59.504+0000] {logging_mixin.py:190} INFO - [2025-04-06T22:41:59.504+0000] {dagbag.py:588} INFO - Filling up the DagBag from /home/airflow/.local/lib/python3.12/site-packages/airflow/example_dags/example_task_group.py
[2025-04-06T22:41:59.511+0000] {processor.py:925} INFO - DAG(s) 'example_task_group' retrieved from /home/airflow/.local/lib/python3.12/site-packages/airflow/example_dags/example_task_group.py
[2025-04-06T22:41:59.532+0000] {logging_mixin.py:190} INFO - [2025-04-06T22:41:59.532+0000] {dag.py:3239} INFO - Sync 1 DAGs
[2025-04-06T22:41:59.545+0000] {logging_mixin.py:190} INFO - [2025-04-06T22:41:59.545+0000] {dag.py:4180} INFO - Setting next_dagrun for example_task_group to None, run_after=None
[2025-04-06T22:41:59.562+0000] {processor.py:208} INFO - Processing /home/airflow/.local/lib/python3.12/site-packages/airflow/example_dags/example_task_group.py took 0.067 seconds
[2025-04-06T22:42:30.033+0000] {processor.py:186} INFO - Started process (PID=2000) to work on /home/airflow/.local/lib/python3.12/site-packages/airflow/example_dags/example_task_group.py
[2025-04-06T22:42:30.034+0000] {processor.py:914} INFO - Processing file /home/airflow/.local/lib/python3.12/site-packages/airflow/example_dags/example_task_group.py for tasks to queue
[2025-04-06T22:42:30.038+0000] {logging_mixin.py:190} INFO - [2025-04-06T22:42:30.037+0000] {dagbag.py:588} INFO - Filling up the DagBag from /home/airflow/.local/lib/python3.12/site-packages/airflow/example_dags/example_task_group.py
[2025-04-06T22:42:30.044+0000] {processor.py:925} INFO - DAG(s) 'example_task_group' retrieved from /home/airflow/.local/lib/python3.12/site-packages/airflow/example_dags/example_task_group.py
[2025-04-06T22:42:30.063+0000] {logging_mixin.py:190} INFO - [2025-04-06T22:42:30.063+0000] {dag.py:3239} INFO - Sync 1 DAGs
[2025-04-06T22:42:30.075+0000] {logging_mixin.py:190} INFO - [2025-04-06T22:42:30.075+0000] {dag.py:4180} INFO - Setting next_dagrun for example_task_group to None, run_after=None
[2025-04-06T22:42:30.088+0000] {processor.py:208} INFO - Processing /home/airflow/.local/lib/python3.12/site-packages/airflow/example_dags/example_task_group.py took 0.062 seconds
[2025-04-06T22:43:00.809+0000] {processor.py:186} INFO - Started process (PID=2065) to work on /home/airflow/.local/lib/python3.12/site-packages/airflow/example_dags/example_task_group.py
[2025-04-06T22:43:00.810+0000] {processor.py:914} INFO - Processing file /home/airflow/.local/lib/python3.12/site-packages/airflow/example_dags/example_task_group.py for tasks to queue
[2025-04-06T22:43:00.812+0000] {logging_mixin.py:190} INFO - [2025-04-06T22:43:00.812+0000] {dagbag.py:588} INFO - Filling up the DagBag from /home/airflow/.local/lib/python3.12/site-packages/airflow/example_dags/example_task_group.py
[2025-04-06T22:43:00.819+0000] {processor.py:925} INFO - DAG(s) 'example_task_group' retrieved from /home/airflow/.local/lib/python3.12/site-packages/airflow/example_dags/example_task_group.py
[2025-04-06T22:43:00.840+0000] {logging_mixin.py:190} INFO - [2025-04-06T22:43:00.839+0000] {dag.py:3239} INFO - Sync 1 DAGs
[2025-04-06T22:43:00.853+0000] {logging_mixin.py:190} INFO - [2025-04-06T22:43:00.853+0000] {dag.py:4180} INFO - Setting next_dagrun for example_task_group to None, run_after=None
[2025-04-06T22:43:00.866+0000] {processor.py:208} INFO - Processing /home/airflow/.local/lib/python3.12/site-packages/airflow/example_dags/example_task_group.py took 0.066 seconds
[2025-04-06T22:43:31.405+0000] {processor.py:186} INFO - Started process (PID=2131) to work on /home/airflow/.local/lib/python3.12/site-packages/airflow/example_dags/example_task_group.py
[2025-04-06T22:43:31.405+0000] {processor.py:914} INFO - Processing file /home/airflow/.local/lib/python3.12/site-packages/airflow/example_dags/example_task_group.py for tasks to queue
[2025-04-06T22:43:31.407+0000] {logging_mixin.py:190} INFO - [2025-04-06T22:43:31.407+0000] {dagbag.py:588} INFO - Filling up the DagBag from /home/airflow/.local/lib/python3.12/site-packages/airflow/example_dags/example_task_group.py
[2025-04-06T22:43:31.413+0000] {processor.py:925} INFO - DAG(s) 'example_task_group' retrieved from /home/airflow/.local/lib/python3.12/site-packages/airflow/example_dags/example_task_group.py
[2025-04-06T22:43:31.434+0000] {logging_mixin.py:190} INFO - [2025-04-06T22:43:31.434+0000] {dag.py:3239} INFO - Sync 1 DAGs
[2025-04-06T22:43:31.447+0000] {logging_mixin.py:190} INFO - [2025-04-06T22:43:31.447+0000] {dag.py:4180} INFO - Setting next_dagrun for example_task_group to None, run_after=None
[2025-04-06T22:43:31.461+0000] {processor.py:208} INFO - Processing /home/airflow/.local/lib/python3.12/site-packages/airflow/example_dags/example_task_group.py took 0.061 seconds
[2025-04-06T22:44:01.917+0000] {processor.py:186} INFO - Started process (PID=2196) to work on /home/airflow/.local/lib/python3.12/site-packages/airflow/example_dags/example_task_group.py
[2025-04-06T22:44:01.918+0000] {processor.py:914} INFO - Processing file /home/airflow/.local/lib/python3.12/site-packages/airflow/example_dags/example_task_group.py for tasks to queue
[2025-04-06T22:44:01.921+0000] {logging_mixin.py:190} INFO - [2025-04-06T22:44:01.921+0000] {dagbag.py:588} INFO - Filling up the DagBag from /home/airflow/.local/lib/python3.12/site-packages/airflow/example_dags/example_task_group.py
[2025-04-06T22:44:01.929+0000] {processor.py:925} INFO - DAG(s) 'example_task_group' retrieved from /home/airflow/.local/lib/python3.12/site-packages/airflow/example_dags/example_task_group.py
[2025-04-06T22:44:01.953+0000] {logging_mixin.py:190} INFO - [2025-04-06T22:44:01.953+0000] {dag.py:3239} INFO - Sync 1 DAGs
[2025-04-06T22:44:01.965+0000] {logging_mixin.py:190} INFO - [2025-04-06T22:44:01.965+0000] {dag.py:4180} INFO - Setting next_dagrun for example_task_group to None, run_after=None
[2025-04-06T22:44:01.982+0000] {processor.py:208} INFO - Processing /home/airflow/.local/lib/python3.12/site-packages/airflow/example_dags/example_task_group.py took 0.072 seconds
