[2025-04-06T22:16:46.425+0000] {processor.py:186} INFO - Started process (PID=122) to work on /home/airflow/.local/lib/python3.12/site-packages/airflow/example_dags/example_sensors.py
[2025-04-06T22:16:46.426+0000] {processor.py:914} INFO - Processing file /home/airflow/.local/lib/python3.12/site-packages/airflow/example_dags/example_sensors.py for tasks to queue
[2025-04-06T22:16:46.428+0000] {logging_mixin.py:190} INFO - [2025-04-06T22:16:46.428+0000] {dagbag.py:588} INFO - Filling up the DagBag from /home/airflow/.local/lib/python3.12/site-packages/airflow/example_dags/example_sensors.py
[2025-04-06T22:16:46.438+0000] {processor.py:925} INFO - DAG(s) 'example_sensors' retrieved from /home/airflow/.local/lib/python3.12/site-packages/airflow/example_dags/example_sensors.py
[2025-04-06T22:16:46.476+0000] {logging_mixin.py:190} INFO - [2025-04-06T22:16:46.476+0000] {dag.py:3239} INFO - Sync 1 DAGs
[2025-04-06T22:16:46.489+0000] {logging_mixin.py:190} INFO - [2025-04-06T22:16:46.489+0000] {dag.py:4180} INFO - Setting next_dagrun for example_sensors to None, run_after=None
[2025-04-06T22:16:46.508+0000] {processor.py:208} INFO - Processing /home/airflow/.local/lib/python3.12/site-packages/airflow/example_dags/example_sensors.py took 0.089 seconds
[2025-04-06T22:17:17.222+0000] {processor.py:186} INFO - Started process (PID=187) to work on /home/airflow/.local/lib/python3.12/site-packages/airflow/example_dags/example_sensors.py
[2025-04-06T22:17:17.223+0000] {processor.py:914} INFO - Processing file /home/airflow/.local/lib/python3.12/site-packages/airflow/example_dags/example_sensors.py for tasks to queue
[2025-04-06T22:17:17.226+0000] {logging_mixin.py:190} INFO - [2025-04-06T22:17:17.226+0000] {dagbag.py:588} INFO - Filling up the DagBag from /home/airflow/.local/lib/python3.12/site-packages/airflow/example_dags/example_sensors.py
[2025-04-06T22:17:17.238+0000] {processor.py:925} INFO - DAG(s) 'example_sensors' retrieved from /home/airflow/.local/lib/python3.12/site-packages/airflow/example_dags/example_sensors.py
[2025-04-06T22:17:17.272+0000] {logging_mixin.py:190} INFO - [2025-04-06T22:17:17.272+0000] {dag.py:3239} INFO - Sync 1 DAGs
[2025-04-06T22:17:17.288+0000] {logging_mixin.py:190} INFO - [2025-04-06T22:17:17.288+0000] {dag.py:4180} INFO - Setting next_dagrun for example_sensors to None, run_after=None
[2025-04-06T22:17:17.308+0000] {processor.py:208} INFO - Processing /home/airflow/.local/lib/python3.12/site-packages/airflow/example_dags/example_sensors.py took 0.091 seconds
[2025-04-06T22:17:47.750+0000] {processor.py:186} INFO - Started process (PID=252) to work on /home/airflow/.local/lib/python3.12/site-packages/airflow/example_dags/example_sensors.py
[2025-04-06T22:17:47.753+0000] {processor.py:914} INFO - Processing file /home/airflow/.local/lib/python3.12/site-packages/airflow/example_dags/example_sensors.py for tasks to queue
[2025-04-06T22:17:47.756+0000] {logging_mixin.py:190} INFO - [2025-04-06T22:17:47.756+0000] {dagbag.py:588} INFO - Filling up the DagBag from /home/airflow/.local/lib/python3.12/site-packages/airflow/example_dags/example_sensors.py
[2025-04-06T22:17:47.767+0000] {processor.py:925} INFO - DAG(s) 'example_sensors' retrieved from /home/airflow/.local/lib/python3.12/site-packages/airflow/example_dags/example_sensors.py
[2025-04-06T22:17:47.790+0000] {logging_mixin.py:190} INFO - [2025-04-06T22:17:47.790+0000] {dag.py:3239} INFO - Sync 1 DAGs
[2025-04-06T22:17:47.804+0000] {logging_mixin.py:190} INFO - [2025-04-06T22:17:47.803+0000] {dag.py:4180} INFO - Setting next_dagrun for example_sensors to None, run_after=None
[2025-04-06T22:17:47.816+0000] {processor.py:208} INFO - Processing /home/airflow/.local/lib/python3.12/site-packages/airflow/example_dags/example_sensors.py took 0.074 seconds
[2025-04-06T22:18:18.806+0000] {processor.py:186} INFO - Started process (PID=317) to work on /home/airflow/.local/lib/python3.12/site-packages/airflow/example_dags/example_sensors.py
[2025-04-06T22:18:18.806+0000] {processor.py:914} INFO - Processing file /home/airflow/.local/lib/python3.12/site-packages/airflow/example_dags/example_sensors.py for tasks to queue
[2025-04-06T22:18:18.808+0000] {logging_mixin.py:190} INFO - [2025-04-06T22:18:18.808+0000] {dagbag.py:588} INFO - Filling up the DagBag from /home/airflow/.local/lib/python3.12/site-packages/airflow/example_dags/example_sensors.py
[2025-04-06T22:18:18.817+0000] {processor.py:925} INFO - DAG(s) 'example_sensors' retrieved from /home/airflow/.local/lib/python3.12/site-packages/airflow/example_dags/example_sensors.py
[2025-04-06T22:18:18.843+0000] {logging_mixin.py:190} INFO - [2025-04-06T22:18:18.843+0000] {dag.py:3239} INFO - Sync 1 DAGs
[2025-04-06T22:18:18.858+0000] {logging_mixin.py:190} INFO - [2025-04-06T22:18:18.858+0000] {dag.py:4180} INFO - Setting next_dagrun for example_sensors to None, run_after=None
[2025-04-06T22:18:18.873+0000] {processor.py:208} INFO - Processing /home/airflow/.local/lib/python3.12/site-packages/airflow/example_dags/example_sensors.py took 0.073 seconds
[2025-04-06T22:18:49.353+0000] {processor.py:186} INFO - Started process (PID=382) to work on /home/airflow/.local/lib/python3.12/site-packages/airflow/example_dags/example_sensors.py
[2025-04-06T22:18:49.354+0000] {processor.py:914} INFO - Processing file /home/airflow/.local/lib/python3.12/site-packages/airflow/example_dags/example_sensors.py for tasks to queue
[2025-04-06T22:18:49.357+0000] {logging_mixin.py:190} INFO - [2025-04-06T22:18:49.357+0000] {dagbag.py:588} INFO - Filling up the DagBag from /home/airflow/.local/lib/python3.12/site-packages/airflow/example_dags/example_sensors.py
[2025-04-06T22:18:49.367+0000] {processor.py:925} INFO - DAG(s) 'example_sensors' retrieved from /home/airflow/.local/lib/python3.12/site-packages/airflow/example_dags/example_sensors.py
[2025-04-06T22:18:49.389+0000] {logging_mixin.py:190} INFO - [2025-04-06T22:18:49.389+0000] {dag.py:3239} INFO - Sync 1 DAGs
[2025-04-06T22:18:49.400+0000] {logging_mixin.py:190} INFO - [2025-04-06T22:18:49.400+0000] {dag.py:4180} INFO - Setting next_dagrun for example_sensors to None, run_after=None
[2025-04-06T22:18:49.415+0000] {processor.py:208} INFO - Processing /home/airflow/.local/lib/python3.12/site-packages/airflow/example_dags/example_sensors.py took 0.069 seconds
[2025-04-06T22:19:19.612+0000] {processor.py:186} INFO - Started process (PID=447) to work on /home/airflow/.local/lib/python3.12/site-packages/airflow/example_dags/example_sensors.py
[2025-04-06T22:19:19.613+0000] {processor.py:914} INFO - Processing file /home/airflow/.local/lib/python3.12/site-packages/airflow/example_dags/example_sensors.py for tasks to queue
[2025-04-06T22:19:19.616+0000] {logging_mixin.py:190} INFO - [2025-04-06T22:19:19.616+0000] {dagbag.py:588} INFO - Filling up the DagBag from /home/airflow/.local/lib/python3.12/site-packages/airflow/example_dags/example_sensors.py
[2025-04-06T22:19:19.624+0000] {processor.py:925} INFO - DAG(s) 'example_sensors' retrieved from /home/airflow/.local/lib/python3.12/site-packages/airflow/example_dags/example_sensors.py
[2025-04-06T22:19:19.645+0000] {logging_mixin.py:190} INFO - [2025-04-06T22:19:19.645+0000] {dag.py:3239} INFO - Sync 1 DAGs
[2025-04-06T22:19:19.658+0000] {logging_mixin.py:190} INFO - [2025-04-06T22:19:19.658+0000] {dag.py:4180} INFO - Setting next_dagrun for example_sensors to None, run_after=None
[2025-04-06T22:19:19.674+0000] {processor.py:208} INFO - Processing /home/airflow/.local/lib/python3.12/site-packages/airflow/example_dags/example_sensors.py took 0.070 seconds
[2025-04-06T22:19:50.758+0000] {processor.py:186} INFO - Started process (PID=512) to work on /home/airflow/.local/lib/python3.12/site-packages/airflow/example_dags/example_sensors.py
[2025-04-06T22:19:50.759+0000] {processor.py:914} INFO - Processing file /home/airflow/.local/lib/python3.12/site-packages/airflow/example_dags/example_sensors.py for tasks to queue
[2025-04-06T22:19:50.762+0000] {logging_mixin.py:190} INFO - [2025-04-06T22:19:50.761+0000] {dagbag.py:588} INFO - Filling up the DagBag from /home/airflow/.local/lib/python3.12/site-packages/airflow/example_dags/example_sensors.py
[2025-04-06T22:19:50.771+0000] {processor.py:925} INFO - DAG(s) 'example_sensors' retrieved from /home/airflow/.local/lib/python3.12/site-packages/airflow/example_dags/example_sensors.py
[2025-04-06T22:19:50.794+0000] {logging_mixin.py:190} INFO - [2025-04-06T22:19:50.794+0000] {dag.py:3239} INFO - Sync 1 DAGs
[2025-04-06T22:19:50.806+0000] {logging_mixin.py:190} INFO - [2025-04-06T22:19:50.806+0000] {dag.py:4180} INFO - Setting next_dagrun for example_sensors to None, run_after=None
[2025-04-06T22:19:50.818+0000] {processor.py:208} INFO - Processing /home/airflow/.local/lib/python3.12/site-packages/airflow/example_dags/example_sensors.py took 0.065 seconds
[2025-04-06T22:20:21.452+0000] {processor.py:186} INFO - Started process (PID=577) to work on /home/airflow/.local/lib/python3.12/site-packages/airflow/example_dags/example_sensors.py
[2025-04-06T22:20:21.453+0000] {processor.py:914} INFO - Processing file /home/airflow/.local/lib/python3.12/site-packages/airflow/example_dags/example_sensors.py for tasks to queue
[2025-04-06T22:20:21.456+0000] {logging_mixin.py:190} INFO - [2025-04-06T22:20:21.456+0000] {dagbag.py:588} INFO - Filling up the DagBag from /home/airflow/.local/lib/python3.12/site-packages/airflow/example_dags/example_sensors.py
[2025-04-06T22:20:21.465+0000] {processor.py:925} INFO - DAG(s) 'example_sensors' retrieved from /home/airflow/.local/lib/python3.12/site-packages/airflow/example_dags/example_sensors.py
[2025-04-06T22:20:21.488+0000] {logging_mixin.py:190} INFO - [2025-04-06T22:20:21.488+0000] {dag.py:3239} INFO - Sync 1 DAGs
[2025-04-06T22:20:21.501+0000] {logging_mixin.py:190} INFO - [2025-04-06T22:20:21.500+0000] {dag.py:4180} INFO - Setting next_dagrun for example_sensors to None, run_after=None
[2025-04-06T22:20:21.515+0000] {processor.py:208} INFO - Processing /home/airflow/.local/lib/python3.12/site-packages/airflow/example_dags/example_sensors.py took 0.070 seconds
[2025-04-06T22:20:52.701+0000] {processor.py:186} INFO - Started process (PID=642) to work on /home/airflow/.local/lib/python3.12/site-packages/airflow/example_dags/example_sensors.py
[2025-04-06T22:20:52.704+0000] {processor.py:914} INFO - Processing file /home/airflow/.local/lib/python3.12/site-packages/airflow/example_dags/example_sensors.py for tasks to queue
[2025-04-06T22:20:52.707+0000] {logging_mixin.py:190} INFO - [2025-04-06T22:20:52.706+0000] {dagbag.py:588} INFO - Filling up the DagBag from /home/airflow/.local/lib/python3.12/site-packages/airflow/example_dags/example_sensors.py
[2025-04-06T22:20:52.716+0000] {processor.py:925} INFO - DAG(s) 'example_sensors' retrieved from /home/airflow/.local/lib/python3.12/site-packages/airflow/example_dags/example_sensors.py
[2025-04-06T22:20:52.742+0000] {logging_mixin.py:190} INFO - [2025-04-06T22:20:52.741+0000] {dag.py:3239} INFO - Sync 1 DAGs
[2025-04-06T22:20:52.756+0000] {logging_mixin.py:190} INFO - [2025-04-06T22:20:52.755+0000] {dag.py:4180} INFO - Setting next_dagrun for example_sensors to None, run_after=None
[2025-04-06T22:20:52.770+0000] {processor.py:208} INFO - Processing /home/airflow/.local/lib/python3.12/site-packages/airflow/example_dags/example_sensors.py took 0.074 seconds
[2025-04-06T22:21:23.873+0000] {processor.py:186} INFO - Started process (PID=707) to work on /home/airflow/.local/lib/python3.12/site-packages/airflow/example_dags/example_sensors.py
[2025-04-06T22:21:23.874+0000] {processor.py:914} INFO - Processing file /home/airflow/.local/lib/python3.12/site-packages/airflow/example_dags/example_sensors.py for tasks to queue
[2025-04-06T22:21:23.877+0000] {logging_mixin.py:190} INFO - [2025-04-06T22:21:23.877+0000] {dagbag.py:588} INFO - Filling up the DagBag from /home/airflow/.local/lib/python3.12/site-packages/airflow/example_dags/example_sensors.py
[2025-04-06T22:21:23.886+0000] {processor.py:925} INFO - DAG(s) 'example_sensors' retrieved from /home/airflow/.local/lib/python3.12/site-packages/airflow/example_dags/example_sensors.py
[2025-04-06T22:21:23.907+0000] {logging_mixin.py:190} INFO - [2025-04-06T22:21:23.907+0000] {dag.py:3239} INFO - Sync 1 DAGs
[2025-04-06T22:21:23.920+0000] {logging_mixin.py:190} INFO - [2025-04-06T22:21:23.920+0000] {dag.py:4180} INFO - Setting next_dagrun for example_sensors to None, run_after=None
[2025-04-06T22:21:23.933+0000] {processor.py:208} INFO - Processing /home/airflow/.local/lib/python3.12/site-packages/airflow/example_dags/example_sensors.py took 0.067 seconds
[2025-04-06T22:21:55.275+0000] {processor.py:186} INFO - Started process (PID=772) to work on /home/airflow/.local/lib/python3.12/site-packages/airflow/example_dags/example_sensors.py
[2025-04-06T22:21:55.276+0000] {processor.py:914} INFO - Processing file /home/airflow/.local/lib/python3.12/site-packages/airflow/example_dags/example_sensors.py for tasks to queue
[2025-04-06T22:21:55.278+0000] {logging_mixin.py:190} INFO - [2025-04-06T22:21:55.277+0000] {dagbag.py:588} INFO - Filling up the DagBag from /home/airflow/.local/lib/python3.12/site-packages/airflow/example_dags/example_sensors.py
[2025-04-06T22:21:55.286+0000] {processor.py:925} INFO - DAG(s) 'example_sensors' retrieved from /home/airflow/.local/lib/python3.12/site-packages/airflow/example_dags/example_sensors.py
[2025-04-06T22:21:55.311+0000] {logging_mixin.py:190} INFO - [2025-04-06T22:21:55.310+0000] {dag.py:3239} INFO - Sync 1 DAGs
[2025-04-06T22:21:55.324+0000] {logging_mixin.py:190} INFO - [2025-04-06T22:21:55.323+0000] {dag.py:4180} INFO - Setting next_dagrun for example_sensors to None, run_after=None
[2025-04-06T22:21:55.337+0000] {processor.py:208} INFO - Processing /home/airflow/.local/lib/python3.12/site-packages/airflow/example_dags/example_sensors.py took 0.066 seconds
[2025-04-06T22:22:26.679+0000] {processor.py:186} INFO - Started process (PID=837) to work on /home/airflow/.local/lib/python3.12/site-packages/airflow/example_dags/example_sensors.py
[2025-04-06T22:22:26.680+0000] {processor.py:914} INFO - Processing file /home/airflow/.local/lib/python3.12/site-packages/airflow/example_dags/example_sensors.py for tasks to queue
[2025-04-06T22:22:26.683+0000] {logging_mixin.py:190} INFO - [2025-04-06T22:22:26.683+0000] {dagbag.py:588} INFO - Filling up the DagBag from /home/airflow/.local/lib/python3.12/site-packages/airflow/example_dags/example_sensors.py
[2025-04-06T22:22:26.692+0000] {processor.py:925} INFO - DAG(s) 'example_sensors' retrieved from /home/airflow/.local/lib/python3.12/site-packages/airflow/example_dags/example_sensors.py
[2025-04-06T22:22:26.715+0000] {logging_mixin.py:190} INFO - [2025-04-06T22:22:26.715+0000] {dag.py:3239} INFO - Sync 1 DAGs
[2025-04-06T22:22:26.727+0000] {logging_mixin.py:190} INFO - [2025-04-06T22:22:26.727+0000] {dag.py:4180} INFO - Setting next_dagrun for example_sensors to None, run_after=None
[2025-04-06T22:22:26.740+0000] {processor.py:208} INFO - Processing /home/airflow/.local/lib/python3.12/site-packages/airflow/example_dags/example_sensors.py took 0.068 seconds
[2025-04-06T22:22:57.196+0000] {processor.py:186} INFO - Started process (PID=902) to work on /home/airflow/.local/lib/python3.12/site-packages/airflow/example_dags/example_sensors.py
[2025-04-06T22:22:57.197+0000] {processor.py:914} INFO - Processing file /home/airflow/.local/lib/python3.12/site-packages/airflow/example_dags/example_sensors.py for tasks to queue
[2025-04-06T22:22:57.200+0000] {logging_mixin.py:190} INFO - [2025-04-06T22:22:57.200+0000] {dagbag.py:588} INFO - Filling up the DagBag from /home/airflow/.local/lib/python3.12/site-packages/airflow/example_dags/example_sensors.py
[2025-04-06T22:22:57.208+0000] {processor.py:925} INFO - DAG(s) 'example_sensors' retrieved from /home/airflow/.local/lib/python3.12/site-packages/airflow/example_dags/example_sensors.py
[2025-04-06T22:22:57.233+0000] {logging_mixin.py:190} INFO - [2025-04-06T22:22:57.232+0000] {dag.py:3239} INFO - Sync 1 DAGs
[2025-04-06T22:22:57.244+0000] {logging_mixin.py:190} INFO - [2025-04-06T22:22:57.244+0000] {dag.py:4180} INFO - Setting next_dagrun for example_sensors to None, run_after=None
[2025-04-06T22:22:57.257+0000] {processor.py:208} INFO - Processing /home/airflow/.local/lib/python3.12/site-packages/airflow/example_dags/example_sensors.py took 0.067 seconds
[2025-04-06T22:23:28.523+0000] {processor.py:186} INFO - Started process (PID=968) to work on /home/airflow/.local/lib/python3.12/site-packages/airflow/example_dags/example_sensors.py
[2025-04-06T22:23:28.524+0000] {processor.py:914} INFO - Processing file /home/airflow/.local/lib/python3.12/site-packages/airflow/example_dags/example_sensors.py for tasks to queue
[2025-04-06T22:23:28.527+0000] {logging_mixin.py:190} INFO - [2025-04-06T22:23:28.527+0000] {dagbag.py:588} INFO - Filling up the DagBag from /home/airflow/.local/lib/python3.12/site-packages/airflow/example_dags/example_sensors.py
[2025-04-06T22:23:28.535+0000] {processor.py:925} INFO - DAG(s) 'example_sensors' retrieved from /home/airflow/.local/lib/python3.12/site-packages/airflow/example_dags/example_sensors.py
[2025-04-06T22:23:28.559+0000] {logging_mixin.py:190} INFO - [2025-04-06T22:23:28.558+0000] {dag.py:3239} INFO - Sync 1 DAGs
[2025-04-06T22:23:28.571+0000] {logging_mixin.py:190} INFO - [2025-04-06T22:23:28.571+0000] {dag.py:4180} INFO - Setting next_dagrun for example_sensors to None, run_after=None
[2025-04-06T22:23:28.584+0000] {processor.py:208} INFO - Processing /home/airflow/.local/lib/python3.12/site-packages/airflow/example_dags/example_sensors.py took 0.068 seconds
[2025-04-06T22:23:59.652+0000] {processor.py:186} INFO - Started process (PID=1033) to work on /home/airflow/.local/lib/python3.12/site-packages/airflow/example_dags/example_sensors.py
[2025-04-06T22:23:59.653+0000] {processor.py:914} INFO - Processing file /home/airflow/.local/lib/python3.12/site-packages/airflow/example_dags/example_sensors.py for tasks to queue
[2025-04-06T22:23:59.654+0000] {logging_mixin.py:190} INFO - [2025-04-06T22:23:59.654+0000] {dagbag.py:588} INFO - Filling up the DagBag from /home/airflow/.local/lib/python3.12/site-packages/airflow/example_dags/example_sensors.py
[2025-04-06T22:23:59.664+0000] {processor.py:925} INFO - DAG(s) 'example_sensors' retrieved from /home/airflow/.local/lib/python3.12/site-packages/airflow/example_dags/example_sensors.py
[2025-04-06T22:23:59.687+0000] {logging_mixin.py:190} INFO - [2025-04-06T22:23:59.687+0000] {dag.py:3239} INFO - Sync 1 DAGs
[2025-04-06T22:23:59.699+0000] {logging_mixin.py:190} INFO - [2025-04-06T22:23:59.699+0000] {dag.py:4180} INFO - Setting next_dagrun for example_sensors to None, run_after=None
[2025-04-06T22:23:59.713+0000] {processor.py:208} INFO - Processing /home/airflow/.local/lib/python3.12/site-packages/airflow/example_dags/example_sensors.py took 0.068 seconds
[2025-04-06T22:24:30.927+0000] {processor.py:186} INFO - Started process (PID=1098) to work on /home/airflow/.local/lib/python3.12/site-packages/airflow/example_dags/example_sensors.py
[2025-04-06T22:24:30.927+0000] {processor.py:914} INFO - Processing file /home/airflow/.local/lib/python3.12/site-packages/airflow/example_dags/example_sensors.py for tasks to queue
[2025-04-06T22:24:30.928+0000] {logging_mixin.py:190} INFO - [2025-04-06T22:24:30.928+0000] {dagbag.py:588} INFO - Filling up the DagBag from /home/airflow/.local/lib/python3.12/site-packages/airflow/example_dags/example_sensors.py
[2025-04-06T22:24:30.937+0000] {processor.py:925} INFO - DAG(s) 'example_sensors' retrieved from /home/airflow/.local/lib/python3.12/site-packages/airflow/example_dags/example_sensors.py
[2025-04-06T22:24:30.961+0000] {logging_mixin.py:190} INFO - [2025-04-06T22:24:30.961+0000] {dag.py:3239} INFO - Sync 1 DAGs
[2025-04-06T22:24:30.974+0000] {logging_mixin.py:190} INFO - [2025-04-06T22:24:30.974+0000] {dag.py:4180} INFO - Setting next_dagrun for example_sensors to None, run_after=None
[2025-04-06T22:24:30.989+0000] {processor.py:208} INFO - Processing /home/airflow/.local/lib/python3.12/site-packages/airflow/example_dags/example_sensors.py took 0.066 seconds
[2025-04-06T22:25:02.214+0000] {processor.py:186} INFO - Started process (PID=1163) to work on /home/airflow/.local/lib/python3.12/site-packages/airflow/example_dags/example_sensors.py
[2025-04-06T22:25:02.215+0000] {processor.py:914} INFO - Processing file /home/airflow/.local/lib/python3.12/site-packages/airflow/example_dags/example_sensors.py for tasks to queue
[2025-04-06T22:25:02.215+0000] {logging_mixin.py:190} INFO - [2025-04-06T22:25:02.215+0000] {dagbag.py:588} INFO - Filling up the DagBag from /home/airflow/.local/lib/python3.12/site-packages/airflow/example_dags/example_sensors.py
[2025-04-06T22:25:02.224+0000] {processor.py:925} INFO - DAG(s) 'example_sensors' retrieved from /home/airflow/.local/lib/python3.12/site-packages/airflow/example_dags/example_sensors.py
[2025-04-06T22:25:02.248+0000] {logging_mixin.py:190} INFO - [2025-04-06T22:25:02.248+0000] {dag.py:3239} INFO - Sync 1 DAGs
[2025-04-06T22:25:02.261+0000] {logging_mixin.py:190} INFO - [2025-04-06T22:25:02.261+0000] {dag.py:4180} INFO - Setting next_dagrun for example_sensors to None, run_after=None
[2025-04-06T22:25:02.275+0000] {processor.py:208} INFO - Processing /home/airflow/.local/lib/python3.12/site-packages/airflow/example_dags/example_sensors.py took 0.066 seconds
[2025-04-06T22:25:33.518+0000] {processor.py:186} INFO - Started process (PID=1228) to work on /home/airflow/.local/lib/python3.12/site-packages/airflow/example_dags/example_sensors.py
[2025-04-06T22:25:33.519+0000] {processor.py:914} INFO - Processing file /home/airflow/.local/lib/python3.12/site-packages/airflow/example_dags/example_sensors.py for tasks to queue
[2025-04-06T22:25:33.520+0000] {logging_mixin.py:190} INFO - [2025-04-06T22:25:33.520+0000] {dagbag.py:588} INFO - Filling up the DagBag from /home/airflow/.local/lib/python3.12/site-packages/airflow/example_dags/example_sensors.py
[2025-04-06T22:25:33.531+0000] {processor.py:925} INFO - DAG(s) 'example_sensors' retrieved from /home/airflow/.local/lib/python3.12/site-packages/airflow/example_dags/example_sensors.py
[2025-04-06T22:25:33.554+0000] {logging_mixin.py:190} INFO - [2025-04-06T22:25:33.554+0000] {dag.py:3239} INFO - Sync 1 DAGs
[2025-04-06T22:25:33.567+0000] {logging_mixin.py:190} INFO - [2025-04-06T22:25:33.567+0000] {dag.py:4180} INFO - Setting next_dagrun for example_sensors to None, run_after=None
[2025-04-06T22:25:33.580+0000] {processor.py:208} INFO - Processing /home/airflow/.local/lib/python3.12/site-packages/airflow/example_dags/example_sensors.py took 0.067 seconds
[2025-04-06T22:26:04.243+0000] {processor.py:186} INFO - Started process (PID=1293) to work on /home/airflow/.local/lib/python3.12/site-packages/airflow/example_dags/example_sensors.py
[2025-04-06T22:26:04.244+0000] {processor.py:914} INFO - Processing file /home/airflow/.local/lib/python3.12/site-packages/airflow/example_dags/example_sensors.py for tasks to queue
[2025-04-06T22:26:04.245+0000] {logging_mixin.py:190} INFO - [2025-04-06T22:26:04.245+0000] {dagbag.py:588} INFO - Filling up the DagBag from /home/airflow/.local/lib/python3.12/site-packages/airflow/example_dags/example_sensors.py
[2025-04-06T22:26:04.254+0000] {processor.py:925} INFO - DAG(s) 'example_sensors' retrieved from /home/airflow/.local/lib/python3.12/site-packages/airflow/example_dags/example_sensors.py
[2025-04-06T22:26:04.277+0000] {logging_mixin.py:190} INFO - [2025-04-06T22:26:04.277+0000] {dag.py:3239} INFO - Sync 1 DAGs
[2025-04-06T22:26:04.290+0000] {logging_mixin.py:190} INFO - [2025-04-06T22:26:04.290+0000] {dag.py:4180} INFO - Setting next_dagrun for example_sensors to None, run_after=None
[2025-04-06T22:26:04.303+0000] {processor.py:208} INFO - Processing /home/airflow/.local/lib/python3.12/site-packages/airflow/example_dags/example_sensors.py took 0.068 seconds
[2025-04-06T22:27:45.101+0000] {processor.py:186} INFO - Started process (PID=124) to work on /home/airflow/.local/lib/python3.12/site-packages/airflow/example_dags/example_sensors.py
[2025-04-06T22:27:45.102+0000] {processor.py:914} INFO - Processing file /home/airflow/.local/lib/python3.12/site-packages/airflow/example_dags/example_sensors.py for tasks to queue
[2025-04-06T22:27:45.106+0000] {logging_mixin.py:190} INFO - [2025-04-06T22:27:45.106+0000] {dagbag.py:588} INFO - Filling up the DagBag from /home/airflow/.local/lib/python3.12/site-packages/airflow/example_dags/example_sensors.py
[2025-04-06T22:27:45.125+0000] {processor.py:925} INFO - DAG(s) 'example_sensors' retrieved from /home/airflow/.local/lib/python3.12/site-packages/airflow/example_dags/example_sensors.py
[2025-04-06T22:27:45.171+0000] {logging_mixin.py:190} INFO - [2025-04-06T22:27:45.170+0000] {dag.py:3239} INFO - Sync 1 DAGs
[2025-04-06T22:27:45.195+0000] {logging_mixin.py:190} INFO - [2025-04-06T22:27:45.194+0000] {dag.py:4180} INFO - Setting next_dagrun for example_sensors to None, run_after=None
[2025-04-06T22:27:45.225+0000] {processor.py:208} INFO - Processing /home/airflow/.local/lib/python3.12/site-packages/airflow/example_dags/example_sensors.py took 0.132 seconds
[2025-04-06T22:28:15.903+0000] {processor.py:186} INFO - Started process (PID=189) to work on /home/airflow/.local/lib/python3.12/site-packages/airflow/example_dags/example_sensors.py
[2025-04-06T22:28:15.903+0000] {processor.py:914} INFO - Processing file /home/airflow/.local/lib/python3.12/site-packages/airflow/example_dags/example_sensors.py for tasks to queue
[2025-04-06T22:28:15.905+0000] {logging_mixin.py:190} INFO - [2025-04-06T22:28:15.905+0000] {dagbag.py:588} INFO - Filling up the DagBag from /home/airflow/.local/lib/python3.12/site-packages/airflow/example_dags/example_sensors.py
[2025-04-06T22:28:15.915+0000] {processor.py:925} INFO - DAG(s) 'example_sensors' retrieved from /home/airflow/.local/lib/python3.12/site-packages/airflow/example_dags/example_sensors.py
[2025-04-06T22:28:15.938+0000] {logging_mixin.py:190} INFO - [2025-04-06T22:28:15.938+0000] {dag.py:3239} INFO - Sync 1 DAGs
[2025-04-06T22:28:15.952+0000] {logging_mixin.py:190} INFO - [2025-04-06T22:28:15.952+0000] {dag.py:4180} INFO - Setting next_dagrun for example_sensors to None, run_after=None
[2025-04-06T22:28:15.966+0000] {processor.py:208} INFO - Processing /home/airflow/.local/lib/python3.12/site-packages/airflow/example_dags/example_sensors.py took 0.069 seconds
[2025-04-06T22:28:46.184+0000] {processor.py:186} INFO - Started process (PID=254) to work on /home/airflow/.local/lib/python3.12/site-packages/airflow/example_dags/example_sensors.py
[2025-04-06T22:28:46.185+0000] {processor.py:914} INFO - Processing file /home/airflow/.local/lib/python3.12/site-packages/airflow/example_dags/example_sensors.py for tasks to queue
[2025-04-06T22:28:46.188+0000] {logging_mixin.py:190} INFO - [2025-04-06T22:28:46.188+0000] {dagbag.py:588} INFO - Filling up the DagBag from /home/airflow/.local/lib/python3.12/site-packages/airflow/example_dags/example_sensors.py
[2025-04-06T22:28:46.197+0000] {processor.py:925} INFO - DAG(s) 'example_sensors' retrieved from /home/airflow/.local/lib/python3.12/site-packages/airflow/example_dags/example_sensors.py
[2025-04-06T22:28:46.221+0000] {logging_mixin.py:190} INFO - [2025-04-06T22:28:46.221+0000] {dag.py:3239} INFO - Sync 1 DAGs
[2025-04-06T22:28:46.233+0000] {logging_mixin.py:190} INFO - [2025-04-06T22:28:46.233+0000] {dag.py:4180} INFO - Setting next_dagrun for example_sensors to None, run_after=None
[2025-04-06T22:28:46.248+0000] {processor.py:208} INFO - Processing /home/airflow/.local/lib/python3.12/site-packages/airflow/example_dags/example_sensors.py took 0.071 seconds
[2025-04-06T22:29:16.548+0000] {processor.py:186} INFO - Started process (PID=319) to work on /home/airflow/.local/lib/python3.12/site-packages/airflow/example_dags/example_sensors.py
[2025-04-06T22:29:16.549+0000] {processor.py:914} INFO - Processing file /home/airflow/.local/lib/python3.12/site-packages/airflow/example_dags/example_sensors.py for tasks to queue
[2025-04-06T22:29:16.552+0000] {logging_mixin.py:190} INFO - [2025-04-06T22:29:16.551+0000] {dagbag.py:588} INFO - Filling up the DagBag from /home/airflow/.local/lib/python3.12/site-packages/airflow/example_dags/example_sensors.py
[2025-04-06T22:29:16.560+0000] {processor.py:925} INFO - DAG(s) 'example_sensors' retrieved from /home/airflow/.local/lib/python3.12/site-packages/airflow/example_dags/example_sensors.py
[2025-04-06T22:29:16.585+0000] {logging_mixin.py:190} INFO - [2025-04-06T22:29:16.585+0000] {dag.py:3239} INFO - Sync 1 DAGs
[2025-04-06T22:29:16.598+0000] {logging_mixin.py:190} INFO - [2025-04-06T22:29:16.598+0000] {dag.py:4180} INFO - Setting next_dagrun for example_sensors to None, run_after=None
[2025-04-06T22:29:16.613+0000] {processor.py:208} INFO - Processing /home/airflow/.local/lib/python3.12/site-packages/airflow/example_dags/example_sensors.py took 0.073 seconds
[2025-04-06T22:29:47.559+0000] {processor.py:186} INFO - Started process (PID=384) to work on /home/airflow/.local/lib/python3.12/site-packages/airflow/example_dags/example_sensors.py
[2025-04-06T22:29:47.560+0000] {processor.py:914} INFO - Processing file /home/airflow/.local/lib/python3.12/site-packages/airflow/example_dags/example_sensors.py for tasks to queue
[2025-04-06T22:29:47.563+0000] {logging_mixin.py:190} INFO - [2025-04-06T22:29:47.563+0000] {dagbag.py:588} INFO - Filling up the DagBag from /home/airflow/.local/lib/python3.12/site-packages/airflow/example_dags/example_sensors.py
[2025-04-06T22:29:47.571+0000] {processor.py:925} INFO - DAG(s) 'example_sensors' retrieved from /home/airflow/.local/lib/python3.12/site-packages/airflow/example_dags/example_sensors.py
[2025-04-06T22:29:47.593+0000] {logging_mixin.py:190} INFO - [2025-04-06T22:29:47.592+0000] {dag.py:3239} INFO - Sync 1 DAGs
[2025-04-06T22:29:47.604+0000] {logging_mixin.py:190} INFO - [2025-04-06T22:29:47.604+0000] {dag.py:4180} INFO - Setting next_dagrun for example_sensors to None, run_after=None
[2025-04-06T22:29:47.617+0000] {processor.py:208} INFO - Processing /home/airflow/.local/lib/python3.12/site-packages/airflow/example_dags/example_sensors.py took 0.066 seconds
[2025-04-06T22:30:17.760+0000] {processor.py:186} INFO - Started process (PID=449) to work on /home/airflow/.local/lib/python3.12/site-packages/airflow/example_dags/example_sensors.py
[2025-04-06T22:30:17.763+0000] {processor.py:914} INFO - Processing file /home/airflow/.local/lib/python3.12/site-packages/airflow/example_dags/example_sensors.py for tasks to queue
[2025-04-06T22:30:17.767+0000] {logging_mixin.py:190} INFO - [2025-04-06T22:30:17.766+0000] {dagbag.py:588} INFO - Filling up the DagBag from /home/airflow/.local/lib/python3.12/site-packages/airflow/example_dags/example_sensors.py
[2025-04-06T22:30:17.775+0000] {processor.py:925} INFO - DAG(s) 'example_sensors' retrieved from /home/airflow/.local/lib/python3.12/site-packages/airflow/example_dags/example_sensors.py
[2025-04-06T22:30:17.800+0000] {logging_mixin.py:190} INFO - [2025-04-06T22:30:17.799+0000] {dag.py:3239} INFO - Sync 1 DAGs
[2025-04-06T22:30:17.813+0000] {logging_mixin.py:190} INFO - [2025-04-06T22:30:17.812+0000] {dag.py:4180} INFO - Setting next_dagrun for example_sensors to None, run_after=None
[2025-04-06T22:30:17.828+0000] {processor.py:208} INFO - Processing /home/airflow/.local/lib/python3.12/site-packages/airflow/example_dags/example_sensors.py took 0.076 seconds
[2025-04-06T22:30:47.980+0000] {processor.py:186} INFO - Started process (PID=513) to work on /home/airflow/.local/lib/python3.12/site-packages/airflow/example_dags/example_sensors.py
[2025-04-06T22:30:47.981+0000] {processor.py:914} INFO - Processing file /home/airflow/.local/lib/python3.12/site-packages/airflow/example_dags/example_sensors.py for tasks to queue
[2025-04-06T22:30:47.984+0000] {logging_mixin.py:190} INFO - [2025-04-06T22:30:47.983+0000] {dagbag.py:588} INFO - Filling up the DagBag from /home/airflow/.local/lib/python3.12/site-packages/airflow/example_dags/example_sensors.py
[2025-04-06T22:30:47.993+0000] {processor.py:925} INFO - DAG(s) 'example_sensors' retrieved from /home/airflow/.local/lib/python3.12/site-packages/airflow/example_dags/example_sensors.py
[2025-04-06T22:30:48.017+0000] {logging_mixin.py:190} INFO - [2025-04-06T22:30:48.016+0000] {dag.py:3239} INFO - Sync 1 DAGs
[2025-04-06T22:30:48.028+0000] {logging_mixin.py:190} INFO - [2025-04-06T22:30:48.028+0000] {dag.py:4180} INFO - Setting next_dagrun for example_sensors to None, run_after=None
[2025-04-06T22:30:48.042+0000] {processor.py:208} INFO - Processing /home/airflow/.local/lib/python3.12/site-packages/airflow/example_dags/example_sensors.py took 0.066 seconds
[2025-04-06T22:31:19.201+0000] {processor.py:186} INFO - Started process (PID=579) to work on /home/airflow/.local/lib/python3.12/site-packages/airflow/example_dags/example_sensors.py
[2025-04-06T22:31:19.202+0000] {processor.py:914} INFO - Processing file /home/airflow/.local/lib/python3.12/site-packages/airflow/example_dags/example_sensors.py for tasks to queue
[2025-04-06T22:31:19.204+0000] {logging_mixin.py:190} INFO - [2025-04-06T22:31:19.203+0000] {dagbag.py:588} INFO - Filling up the DagBag from /home/airflow/.local/lib/python3.12/site-packages/airflow/example_dags/example_sensors.py
[2025-04-06T22:31:19.211+0000] {processor.py:925} INFO - DAG(s) 'example_sensors' retrieved from /home/airflow/.local/lib/python3.12/site-packages/airflow/example_dags/example_sensors.py
[2025-04-06T22:31:19.235+0000] {logging_mixin.py:190} INFO - [2025-04-06T22:31:19.235+0000] {dag.py:3239} INFO - Sync 1 DAGs
[2025-04-06T22:31:19.248+0000] {logging_mixin.py:190} INFO - [2025-04-06T22:31:19.248+0000] {dag.py:4180} INFO - Setting next_dagrun for example_sensors to None, run_after=None
[2025-04-06T22:31:19.261+0000] {processor.py:208} INFO - Processing /home/airflow/.local/lib/python3.12/site-packages/airflow/example_dags/example_sensors.py took 0.064 seconds
[2025-04-06T22:31:49.827+0000] {processor.py:186} INFO - Started process (PID=644) to work on /home/airflow/.local/lib/python3.12/site-packages/airflow/example_dags/example_sensors.py
[2025-04-06T22:31:49.828+0000] {processor.py:914} INFO - Processing file /home/airflow/.local/lib/python3.12/site-packages/airflow/example_dags/example_sensors.py for tasks to queue
[2025-04-06T22:31:49.830+0000] {logging_mixin.py:190} INFO - [2025-04-06T22:31:49.830+0000] {dagbag.py:588} INFO - Filling up the DagBag from /home/airflow/.local/lib/python3.12/site-packages/airflow/example_dags/example_sensors.py
[2025-04-06T22:31:49.837+0000] {processor.py:925} INFO - DAG(s) 'example_sensors' retrieved from /home/airflow/.local/lib/python3.12/site-packages/airflow/example_dags/example_sensors.py
[2025-04-06T22:31:49.861+0000] {logging_mixin.py:190} INFO - [2025-04-06T22:31:49.860+0000] {dag.py:3239} INFO - Sync 1 DAGs
[2025-04-06T22:31:49.873+0000] {logging_mixin.py:190} INFO - [2025-04-06T22:31:49.872+0000] {dag.py:4180} INFO - Setting next_dagrun for example_sensors to None, run_after=None
[2025-04-06T22:31:49.885+0000] {processor.py:208} INFO - Processing /home/airflow/.local/lib/python3.12/site-packages/airflow/example_dags/example_sensors.py took 0.064 seconds
[2025-04-06T22:32:20.253+0000] {processor.py:186} INFO - Started process (PID=709) to work on /home/airflow/.local/lib/python3.12/site-packages/airflow/example_dags/example_sensors.py
[2025-04-06T22:32:20.253+0000] {processor.py:914} INFO - Processing file /home/airflow/.local/lib/python3.12/site-packages/airflow/example_dags/example_sensors.py for tasks to queue
[2025-04-06T22:32:20.255+0000] {logging_mixin.py:190} INFO - [2025-04-06T22:32:20.255+0000] {dagbag.py:588} INFO - Filling up the DagBag from /home/airflow/.local/lib/python3.12/site-packages/airflow/example_dags/example_sensors.py
[2025-04-06T22:32:20.264+0000] {processor.py:925} INFO - DAG(s) 'example_sensors' retrieved from /home/airflow/.local/lib/python3.12/site-packages/airflow/example_dags/example_sensors.py
[2025-04-06T22:32:20.287+0000] {logging_mixin.py:190} INFO - [2025-04-06T22:32:20.287+0000] {dag.py:3239} INFO - Sync 1 DAGs
[2025-04-06T22:32:20.301+0000] {logging_mixin.py:190} INFO - [2025-04-06T22:32:20.301+0000] {dag.py:4180} INFO - Setting next_dagrun for example_sensors to None, run_after=None
[2025-04-06T22:32:20.318+0000] {processor.py:208} INFO - Processing /home/airflow/.local/lib/python3.12/site-packages/airflow/example_dags/example_sensors.py took 0.069 seconds
[2025-04-06T22:32:50.926+0000] {processor.py:186} INFO - Started process (PID=774) to work on /home/airflow/.local/lib/python3.12/site-packages/airflow/example_dags/example_sensors.py
[2025-04-06T22:32:50.928+0000] {processor.py:914} INFO - Processing file /home/airflow/.local/lib/python3.12/site-packages/airflow/example_dags/example_sensors.py for tasks to queue
[2025-04-06T22:32:50.931+0000] {logging_mixin.py:190} INFO - [2025-04-06T22:32:50.930+0000] {dagbag.py:588} INFO - Filling up the DagBag from /home/airflow/.local/lib/python3.12/site-packages/airflow/example_dags/example_sensors.py
[2025-04-06T22:32:50.940+0000] {processor.py:925} INFO - DAG(s) 'example_sensors' retrieved from /home/airflow/.local/lib/python3.12/site-packages/airflow/example_dags/example_sensors.py
[2025-04-06T22:32:50.964+0000] {logging_mixin.py:190} INFO - [2025-04-06T22:32:50.964+0000] {dag.py:3239} INFO - Sync 1 DAGs
[2025-04-06T22:32:50.977+0000] {logging_mixin.py:190} INFO - [2025-04-06T22:32:50.977+0000] {dag.py:4180} INFO - Setting next_dagrun for example_sensors to None, run_after=None
[2025-04-06T22:32:50.992+0000] {processor.py:208} INFO - Processing /home/airflow/.local/lib/python3.12/site-packages/airflow/example_dags/example_sensors.py took 0.074 seconds
[2025-04-06T22:33:21.681+0000] {processor.py:186} INFO - Started process (PID=839) to work on /home/airflow/.local/lib/python3.12/site-packages/airflow/example_dags/example_sensors.py
[2025-04-06T22:33:21.682+0000] {processor.py:914} INFO - Processing file /home/airflow/.local/lib/python3.12/site-packages/airflow/example_dags/example_sensors.py for tasks to queue
[2025-04-06T22:33:21.685+0000] {logging_mixin.py:190} INFO - [2025-04-06T22:33:21.685+0000] {dagbag.py:588} INFO - Filling up the DagBag from /home/airflow/.local/lib/python3.12/site-packages/airflow/example_dags/example_sensors.py
[2025-04-06T22:33:21.693+0000] {processor.py:925} INFO - DAG(s) 'example_sensors' retrieved from /home/airflow/.local/lib/python3.12/site-packages/airflow/example_dags/example_sensors.py
[2025-04-06T22:33:21.716+0000] {logging_mixin.py:190} INFO - [2025-04-06T22:33:21.716+0000] {dag.py:3239} INFO - Sync 1 DAGs
[2025-04-06T22:33:21.728+0000] {logging_mixin.py:190} INFO - [2025-04-06T22:33:21.728+0000] {dag.py:4180} INFO - Setting next_dagrun for example_sensors to None, run_after=None
[2025-04-06T22:33:21.741+0000] {processor.py:208} INFO - Processing /home/airflow/.local/lib/python3.12/site-packages/airflow/example_dags/example_sensors.py took 0.067 seconds
[2025-04-06T22:33:52.668+0000] {processor.py:186} INFO - Started process (PID=904) to work on /home/airflow/.local/lib/python3.12/site-packages/airflow/example_dags/example_sensors.py
[2025-04-06T22:33:52.669+0000] {processor.py:914} INFO - Processing file /home/airflow/.local/lib/python3.12/site-packages/airflow/example_dags/example_sensors.py for tasks to queue
[2025-04-06T22:33:52.671+0000] {logging_mixin.py:190} INFO - [2025-04-06T22:33:52.671+0000] {dagbag.py:588} INFO - Filling up the DagBag from /home/airflow/.local/lib/python3.12/site-packages/airflow/example_dags/example_sensors.py
[2025-04-06T22:33:52.679+0000] {processor.py:925} INFO - DAG(s) 'example_sensors' retrieved from /home/airflow/.local/lib/python3.12/site-packages/airflow/example_dags/example_sensors.py
[2025-04-06T22:33:52.702+0000] {logging_mixin.py:190} INFO - [2025-04-06T22:33:52.702+0000] {dag.py:3239} INFO - Sync 1 DAGs
[2025-04-06T22:33:52.715+0000] {logging_mixin.py:190} INFO - [2025-04-06T22:33:52.715+0000] {dag.py:4180} INFO - Setting next_dagrun for example_sensors to None, run_after=None
[2025-04-06T22:33:52.728+0000] {processor.py:208} INFO - Processing /home/airflow/.local/lib/python3.12/site-packages/airflow/example_dags/example_sensors.py took 0.067 seconds
[2025-04-06T22:34:23.237+0000] {processor.py:186} INFO - Started process (PID=969) to work on /home/airflow/.local/lib/python3.12/site-packages/airflow/example_dags/example_sensors.py
[2025-04-06T22:34:23.238+0000] {processor.py:914} INFO - Processing file /home/airflow/.local/lib/python3.12/site-packages/airflow/example_dags/example_sensors.py for tasks to queue
[2025-04-06T22:34:23.240+0000] {logging_mixin.py:190} INFO - [2025-04-06T22:34:23.239+0000] {dagbag.py:588} INFO - Filling up the DagBag from /home/airflow/.local/lib/python3.12/site-packages/airflow/example_dags/example_sensors.py
[2025-04-06T22:34:23.247+0000] {processor.py:925} INFO - DAG(s) 'example_sensors' retrieved from /home/airflow/.local/lib/python3.12/site-packages/airflow/example_dags/example_sensors.py
[2025-04-06T22:34:23.272+0000] {logging_mixin.py:190} INFO - [2025-04-06T22:34:23.272+0000] {dag.py:3239} INFO - Sync 1 DAGs
[2025-04-06T22:34:23.284+0000] {logging_mixin.py:190} INFO - [2025-04-06T22:34:23.284+0000] {dag.py:4180} INFO - Setting next_dagrun for example_sensors to None, run_after=None
[2025-04-06T22:34:23.298+0000] {processor.py:208} INFO - Processing /home/airflow/.local/lib/python3.12/site-packages/airflow/example_dags/example_sensors.py took 0.066 seconds
[2025-04-06T22:34:53.908+0000] {processor.py:186} INFO - Started process (PID=1034) to work on /home/airflow/.local/lib/python3.12/site-packages/airflow/example_dags/example_sensors.py
[2025-04-06T22:34:53.909+0000] {processor.py:914} INFO - Processing file /home/airflow/.local/lib/python3.12/site-packages/airflow/example_dags/example_sensors.py for tasks to queue
[2025-04-06T22:34:53.911+0000] {logging_mixin.py:190} INFO - [2025-04-06T22:34:53.911+0000] {dagbag.py:588} INFO - Filling up the DagBag from /home/airflow/.local/lib/python3.12/site-packages/airflow/example_dags/example_sensors.py
[2025-04-06T22:34:53.920+0000] {processor.py:925} INFO - DAG(s) 'example_sensors' retrieved from /home/airflow/.local/lib/python3.12/site-packages/airflow/example_dags/example_sensors.py
[2025-04-06T22:34:53.944+0000] {logging_mixin.py:190} INFO - [2025-04-06T22:34:53.943+0000] {dag.py:3239} INFO - Sync 1 DAGs
[2025-04-06T22:34:53.956+0000] {logging_mixin.py:190} INFO - [2025-04-06T22:34:53.956+0000] {dag.py:4180} INFO - Setting next_dagrun for example_sensors to None, run_after=None
[2025-04-06T22:34:53.970+0000] {processor.py:208} INFO - Processing /home/airflow/.local/lib/python3.12/site-packages/airflow/example_dags/example_sensors.py took 0.066 seconds
[2025-04-06T22:35:24.928+0000] {processor.py:186} INFO - Started process (PID=1099) to work on /home/airflow/.local/lib/python3.12/site-packages/airflow/example_dags/example_sensors.py
[2025-04-06T22:35:24.929+0000] {processor.py:914} INFO - Processing file /home/airflow/.local/lib/python3.12/site-packages/airflow/example_dags/example_sensors.py for tasks to queue
[2025-04-06T22:35:24.932+0000] {logging_mixin.py:190} INFO - [2025-04-06T22:35:24.932+0000] {dagbag.py:588} INFO - Filling up the DagBag from /home/airflow/.local/lib/python3.12/site-packages/airflow/example_dags/example_sensors.py
[2025-04-06T22:35:24.941+0000] {processor.py:925} INFO - DAG(s) 'example_sensors' retrieved from /home/airflow/.local/lib/python3.12/site-packages/airflow/example_dags/example_sensors.py
[2025-04-06T22:35:24.965+0000] {logging_mixin.py:190} INFO - [2025-04-06T22:35:24.964+0000] {dag.py:3239} INFO - Sync 1 DAGs
[2025-04-06T22:35:24.978+0000] {logging_mixin.py:190} INFO - [2025-04-06T22:35:24.977+0000] {dag.py:4180} INFO - Setting next_dagrun for example_sensors to None, run_after=None
[2025-04-06T22:35:24.991+0000] {processor.py:208} INFO - Processing /home/airflow/.local/lib/python3.12/site-packages/airflow/example_dags/example_sensors.py took 0.071 seconds
[2025-04-06T22:35:55.510+0000] {processor.py:186} INFO - Started process (PID=1165) to work on /home/airflow/.local/lib/python3.12/site-packages/airflow/example_dags/example_sensors.py
[2025-04-06T22:35:55.511+0000] {processor.py:914} INFO - Processing file /home/airflow/.local/lib/python3.12/site-packages/airflow/example_dags/example_sensors.py for tasks to queue
[2025-04-06T22:35:55.513+0000] {logging_mixin.py:190} INFO - [2025-04-06T22:35:55.513+0000] {dagbag.py:588} INFO - Filling up the DagBag from /home/airflow/.local/lib/python3.12/site-packages/airflow/example_dags/example_sensors.py
[2025-04-06T22:35:55.521+0000] {processor.py:925} INFO - DAG(s) 'example_sensors' retrieved from /home/airflow/.local/lib/python3.12/site-packages/airflow/example_dags/example_sensors.py
[2025-04-06T22:35:55.545+0000] {logging_mixin.py:190} INFO - [2025-04-06T22:35:55.544+0000] {dag.py:3239} INFO - Sync 1 DAGs
[2025-04-06T22:35:55.557+0000] {logging_mixin.py:190} INFO - [2025-04-06T22:35:55.557+0000] {dag.py:4180} INFO - Setting next_dagrun for example_sensors to None, run_after=None
[2025-04-06T22:35:55.569+0000] {processor.py:208} INFO - Processing /home/airflow/.local/lib/python3.12/site-packages/airflow/example_dags/example_sensors.py took 0.065 seconds
[2025-04-06T22:36:26.184+0000] {processor.py:186} INFO - Started process (PID=1230) to work on /home/airflow/.local/lib/python3.12/site-packages/airflow/example_dags/example_sensors.py
[2025-04-06T22:36:26.185+0000] {processor.py:914} INFO - Processing file /home/airflow/.local/lib/python3.12/site-packages/airflow/example_dags/example_sensors.py for tasks to queue
[2025-04-06T22:36:26.187+0000] {logging_mixin.py:190} INFO - [2025-04-06T22:36:26.187+0000] {dagbag.py:588} INFO - Filling up the DagBag from /home/airflow/.local/lib/python3.12/site-packages/airflow/example_dags/example_sensors.py
[2025-04-06T22:36:26.195+0000] {processor.py:925} INFO - DAG(s) 'example_sensors' retrieved from /home/airflow/.local/lib/python3.12/site-packages/airflow/example_dags/example_sensors.py
[2025-04-06T22:36:26.221+0000] {logging_mixin.py:190} INFO - [2025-04-06T22:36:26.220+0000] {dag.py:3239} INFO - Sync 1 DAGs
[2025-04-06T22:36:26.234+0000] {logging_mixin.py:190} INFO - [2025-04-06T22:36:26.233+0000] {dag.py:4180} INFO - Setting next_dagrun for example_sensors to None, run_after=None
[2025-04-06T22:36:26.249+0000] {processor.py:208} INFO - Processing /home/airflow/.local/lib/python3.12/site-packages/airflow/example_dags/example_sensors.py took 0.072 seconds
[2025-04-06T22:36:56.839+0000] {processor.py:186} INFO - Started process (PID=1295) to work on /home/airflow/.local/lib/python3.12/site-packages/airflow/example_dags/example_sensors.py
[2025-04-06T22:36:56.840+0000] {processor.py:914} INFO - Processing file /home/airflow/.local/lib/python3.12/site-packages/airflow/example_dags/example_sensors.py for tasks to queue
[2025-04-06T22:36:56.842+0000] {logging_mixin.py:190} INFO - [2025-04-06T22:36:56.841+0000] {dagbag.py:588} INFO - Filling up the DagBag from /home/airflow/.local/lib/python3.12/site-packages/airflow/example_dags/example_sensors.py
[2025-04-06T22:36:56.852+0000] {processor.py:925} INFO - DAG(s) 'example_sensors' retrieved from /home/airflow/.local/lib/python3.12/site-packages/airflow/example_dags/example_sensors.py
[2025-04-06T22:36:56.876+0000] {logging_mixin.py:190} INFO - [2025-04-06T22:36:56.875+0000] {dag.py:3239} INFO - Sync 1 DAGs
[2025-04-06T22:36:56.888+0000] {logging_mixin.py:190} INFO - [2025-04-06T22:36:56.888+0000] {dag.py:4180} INFO - Setting next_dagrun for example_sensors to None, run_after=None
[2025-04-06T22:36:56.903+0000] {processor.py:208} INFO - Processing /home/airflow/.local/lib/python3.12/site-packages/airflow/example_dags/example_sensors.py took 0.068 seconds
[2025-04-06T22:37:27.409+0000] {processor.py:186} INFO - Started process (PID=1360) to work on /home/airflow/.local/lib/python3.12/site-packages/airflow/example_dags/example_sensors.py
[2025-04-06T22:37:27.410+0000] {processor.py:914} INFO - Processing file /home/airflow/.local/lib/python3.12/site-packages/airflow/example_dags/example_sensors.py for tasks to queue
[2025-04-06T22:37:27.414+0000] {logging_mixin.py:190} INFO - [2025-04-06T22:37:27.414+0000] {dagbag.py:588} INFO - Filling up the DagBag from /home/airflow/.local/lib/python3.12/site-packages/airflow/example_dags/example_sensors.py
[2025-04-06T22:37:27.423+0000] {processor.py:925} INFO - DAG(s) 'example_sensors' retrieved from /home/airflow/.local/lib/python3.12/site-packages/airflow/example_dags/example_sensors.py
[2025-04-06T22:37:27.445+0000] {logging_mixin.py:190} INFO - [2025-04-06T22:37:27.445+0000] {dag.py:3239} INFO - Sync 1 DAGs
[2025-04-06T22:37:27.456+0000] {logging_mixin.py:190} INFO - [2025-04-06T22:37:27.456+0000] {dag.py:4180} INFO - Setting next_dagrun for example_sensors to None, run_after=None
[2025-04-06T22:37:27.469+0000] {processor.py:208} INFO - Processing /home/airflow/.local/lib/python3.12/site-packages/airflow/example_dags/example_sensors.py took 0.068 seconds
[2025-04-06T22:37:58.149+0000] {processor.py:186} INFO - Started process (PID=1425) to work on /home/airflow/.local/lib/python3.12/site-packages/airflow/example_dags/example_sensors.py
[2025-04-06T22:37:58.150+0000] {processor.py:914} INFO - Processing file /home/airflow/.local/lib/python3.12/site-packages/airflow/example_dags/example_sensors.py for tasks to queue
[2025-04-06T22:37:58.153+0000] {logging_mixin.py:190} INFO - [2025-04-06T22:37:58.152+0000] {dagbag.py:588} INFO - Filling up the DagBag from /home/airflow/.local/lib/python3.12/site-packages/airflow/example_dags/example_sensors.py
[2025-04-06T22:37:58.161+0000] {processor.py:925} INFO - DAG(s) 'example_sensors' retrieved from /home/airflow/.local/lib/python3.12/site-packages/airflow/example_dags/example_sensors.py
[2025-04-06T22:37:58.183+0000] {logging_mixin.py:190} INFO - [2025-04-06T22:37:58.182+0000] {dag.py:3239} INFO - Sync 1 DAGs
[2025-04-06T22:37:58.195+0000] {logging_mixin.py:190} INFO - [2025-04-06T22:37:58.194+0000] {dag.py:4180} INFO - Setting next_dagrun for example_sensors to None, run_after=None
[2025-04-06T22:37:58.207+0000] {processor.py:208} INFO - Processing /home/airflow/.local/lib/python3.12/site-packages/airflow/example_dags/example_sensors.py took 0.065 seconds
[2025-04-06T22:38:28.798+0000] {processor.py:186} INFO - Started process (PID=1490) to work on /home/airflow/.local/lib/python3.12/site-packages/airflow/example_dags/example_sensors.py
[2025-04-06T22:38:28.799+0000] {processor.py:914} INFO - Processing file /home/airflow/.local/lib/python3.12/site-packages/airflow/example_dags/example_sensors.py for tasks to queue
[2025-04-06T22:38:28.802+0000] {logging_mixin.py:190} INFO - [2025-04-06T22:38:28.801+0000] {dagbag.py:588} INFO - Filling up the DagBag from /home/airflow/.local/lib/python3.12/site-packages/airflow/example_dags/example_sensors.py
[2025-04-06T22:38:28.811+0000] {processor.py:925} INFO - DAG(s) 'example_sensors' retrieved from /home/airflow/.local/lib/python3.12/site-packages/airflow/example_dags/example_sensors.py
[2025-04-06T22:38:28.836+0000] {logging_mixin.py:190} INFO - [2025-04-06T22:38:28.836+0000] {dag.py:3239} INFO - Sync 1 DAGs
[2025-04-06T22:38:28.848+0000] {logging_mixin.py:190} INFO - [2025-04-06T22:38:28.848+0000] {dag.py:4180} INFO - Setting next_dagrun for example_sensors to None, run_after=None
[2025-04-06T22:38:28.861+0000] {processor.py:208} INFO - Processing /home/airflow/.local/lib/python3.12/site-packages/airflow/example_dags/example_sensors.py took 0.071 seconds
[2025-04-06T22:38:59.261+0000] {processor.py:186} INFO - Started process (PID=1555) to work on /home/airflow/.local/lib/python3.12/site-packages/airflow/example_dags/example_sensors.py
[2025-04-06T22:38:59.261+0000] {processor.py:914} INFO - Processing file /home/airflow/.local/lib/python3.12/site-packages/airflow/example_dags/example_sensors.py for tasks to queue
[2025-04-06T22:38:59.263+0000] {logging_mixin.py:190} INFO - [2025-04-06T22:38:59.263+0000] {dagbag.py:588} INFO - Filling up the DagBag from /home/airflow/.local/lib/python3.12/site-packages/airflow/example_dags/example_sensors.py
[2025-04-06T22:38:59.272+0000] {processor.py:925} INFO - DAG(s) 'example_sensors' retrieved from /home/airflow/.local/lib/python3.12/site-packages/airflow/example_dags/example_sensors.py
[2025-04-06T22:38:59.297+0000] {logging_mixin.py:190} INFO - [2025-04-06T22:38:59.297+0000] {dag.py:3239} INFO - Sync 1 DAGs
[2025-04-06T22:38:59.309+0000] {logging_mixin.py:190} INFO - [2025-04-06T22:38:59.309+0000] {dag.py:4180} INFO - Setting next_dagrun for example_sensors to None, run_after=None
[2025-04-06T22:38:59.324+0000] {processor.py:208} INFO - Processing /home/airflow/.local/lib/python3.12/site-packages/airflow/example_dags/example_sensors.py took 0.068 seconds
[2025-04-06T22:39:30.040+0000] {processor.py:186} INFO - Started process (PID=1620) to work on /home/airflow/.local/lib/python3.12/site-packages/airflow/example_dags/example_sensors.py
[2025-04-06T22:39:30.043+0000] {processor.py:914} INFO - Processing file /home/airflow/.local/lib/python3.12/site-packages/airflow/example_dags/example_sensors.py for tasks to queue
[2025-04-06T22:39:30.046+0000] {logging_mixin.py:190} INFO - [2025-04-06T22:39:30.046+0000] {dagbag.py:588} INFO - Filling up the DagBag from /home/airflow/.local/lib/python3.12/site-packages/airflow/example_dags/example_sensors.py
[2025-04-06T22:39:30.056+0000] {processor.py:925} INFO - DAG(s) 'example_sensors' retrieved from /home/airflow/.local/lib/python3.12/site-packages/airflow/example_dags/example_sensors.py
[2025-04-06T22:39:30.082+0000] {logging_mixin.py:190} INFO - [2025-04-06T22:39:30.081+0000] {dag.py:3239} INFO - Sync 1 DAGs
[2025-04-06T22:39:30.293+0000] {logging_mixin.py:190} INFO - [2025-04-06T22:39:30.292+0000] {dag.py:4180} INFO - Setting next_dagrun for example_sensors to None, run_after=None
[2025-04-06T22:39:30.309+0000] {processor.py:208} INFO - Processing /home/airflow/.local/lib/python3.12/site-packages/airflow/example_dags/example_sensors.py took 0.277 seconds
[2025-04-06T22:40:00.533+0000] {processor.py:186} INFO - Started process (PID=1685) to work on /home/airflow/.local/lib/python3.12/site-packages/airflow/example_dags/example_sensors.py
[2025-04-06T22:40:00.534+0000] {processor.py:914} INFO - Processing file /home/airflow/.local/lib/python3.12/site-packages/airflow/example_dags/example_sensors.py for tasks to queue
[2025-04-06T22:40:00.537+0000] {logging_mixin.py:190} INFO - [2025-04-06T22:40:00.536+0000] {dagbag.py:588} INFO - Filling up the DagBag from /home/airflow/.local/lib/python3.12/site-packages/airflow/example_dags/example_sensors.py
[2025-04-06T22:40:00.545+0000] {processor.py:925} INFO - DAG(s) 'example_sensors' retrieved from /home/airflow/.local/lib/python3.12/site-packages/airflow/example_dags/example_sensors.py
[2025-04-06T22:40:00.568+0000] {logging_mixin.py:190} INFO - [2025-04-06T22:40:00.568+0000] {dag.py:3239} INFO - Sync 1 DAGs
[2025-04-06T22:40:00.580+0000] {logging_mixin.py:190} INFO - [2025-04-06T22:40:00.580+0000] {dag.py:4180} INFO - Setting next_dagrun for example_sensors to None, run_after=None
[2025-04-06T22:40:00.592+0000] {processor.py:208} INFO - Processing /home/airflow/.local/lib/python3.12/site-packages/airflow/example_dags/example_sensors.py took 0.067 seconds
[2025-04-06T22:40:31.424+0000] {processor.py:186} INFO - Started process (PID=1750) to work on /home/airflow/.local/lib/python3.12/site-packages/airflow/example_dags/example_sensors.py
[2025-04-06T22:40:31.425+0000] {processor.py:914} INFO - Processing file /home/airflow/.local/lib/python3.12/site-packages/airflow/example_dags/example_sensors.py for tasks to queue
[2025-04-06T22:40:31.427+0000] {logging_mixin.py:190} INFO - [2025-04-06T22:40:31.427+0000] {dagbag.py:588} INFO - Filling up the DagBag from /home/airflow/.local/lib/python3.12/site-packages/airflow/example_dags/example_sensors.py
[2025-04-06T22:40:31.436+0000] {processor.py:925} INFO - DAG(s) 'example_sensors' retrieved from /home/airflow/.local/lib/python3.12/site-packages/airflow/example_dags/example_sensors.py
[2025-04-06T22:40:31.459+0000] {logging_mixin.py:190} INFO - [2025-04-06T22:40:31.459+0000] {dag.py:3239} INFO - Sync 1 DAGs
[2025-04-06T22:40:31.473+0000] {logging_mixin.py:190} INFO - [2025-04-06T22:40:31.473+0000] {dag.py:4180} INFO - Setting next_dagrun for example_sensors to None, run_after=None
[2025-04-06T22:40:31.487+0000] {processor.py:208} INFO - Processing /home/airflow/.local/lib/python3.12/site-packages/airflow/example_dags/example_sensors.py took 0.071 seconds
[2025-04-06T22:41:02.407+0000] {processor.py:186} INFO - Started process (PID=1815) to work on /home/airflow/.local/lib/python3.12/site-packages/airflow/example_dags/example_sensors.py
[2025-04-06T22:41:02.410+0000] {processor.py:914} INFO - Processing file /home/airflow/.local/lib/python3.12/site-packages/airflow/example_dags/example_sensors.py for tasks to queue
[2025-04-06T22:41:02.413+0000] {logging_mixin.py:190} INFO - [2025-04-06T22:41:02.413+0000] {dagbag.py:588} INFO - Filling up the DagBag from /home/airflow/.local/lib/python3.12/site-packages/airflow/example_dags/example_sensors.py
[2025-04-06T22:41:02.421+0000] {processor.py:925} INFO - DAG(s) 'example_sensors' retrieved from /home/airflow/.local/lib/python3.12/site-packages/airflow/example_dags/example_sensors.py
[2025-04-06T22:41:02.623+0000] {logging_mixin.py:190} INFO - [2025-04-06T22:41:02.623+0000] {dag.py:3239} INFO - Sync 1 DAGs
[2025-04-06T22:41:02.634+0000] {logging_mixin.py:190} INFO - [2025-04-06T22:41:02.634+0000] {dag.py:4180} INFO - Setting next_dagrun for example_sensors to None, run_after=None
[2025-04-06T22:41:02.645+0000] {processor.py:208} INFO - Processing /home/airflow/.local/lib/python3.12/site-packages/airflow/example_dags/example_sensors.py took 0.246 seconds
[2025-04-06T22:41:33.594+0000] {processor.py:186} INFO - Started process (PID=1880) to work on /home/airflow/.local/lib/python3.12/site-packages/airflow/example_dags/example_sensors.py
[2025-04-06T22:41:33.595+0000] {processor.py:914} INFO - Processing file /home/airflow/.local/lib/python3.12/site-packages/airflow/example_dags/example_sensors.py for tasks to queue
[2025-04-06T22:41:33.599+0000] {logging_mixin.py:190} INFO - [2025-04-06T22:41:33.598+0000] {dagbag.py:588} INFO - Filling up the DagBag from /home/airflow/.local/lib/python3.12/site-packages/airflow/example_dags/example_sensors.py
[2025-04-06T22:41:33.613+0000] {processor.py:925} INFO - DAG(s) 'example_sensors' retrieved from /home/airflow/.local/lib/python3.12/site-packages/airflow/example_dags/example_sensors.py
[2025-04-06T22:41:33.913+0000] {logging_mixin.py:190} INFO - [2025-04-06T22:41:33.912+0000] {dag.py:3239} INFO - Sync 1 DAGs
[2025-04-06T22:41:33.924+0000] {logging_mixin.py:190} INFO - [2025-04-06T22:41:33.923+0000] {dag.py:4180} INFO - Setting next_dagrun for example_sensors to None, run_after=None
[2025-04-06T22:41:33.937+0000] {processor.py:208} INFO - Processing /home/airflow/.local/lib/python3.12/site-packages/airflow/example_dags/example_sensors.py took 0.350 seconds
[2025-04-06T22:42:04.065+0000] {processor.py:186} INFO - Started process (PID=1945) to work on /home/airflow/.local/lib/python3.12/site-packages/airflow/example_dags/example_sensors.py
[2025-04-06T22:42:04.068+0000] {processor.py:914} INFO - Processing file /home/airflow/.local/lib/python3.12/site-packages/airflow/example_dags/example_sensors.py for tasks to queue
[2025-04-06T22:42:04.070+0000] {logging_mixin.py:190} INFO - [2025-04-06T22:42:04.070+0000] {dagbag.py:588} INFO - Filling up the DagBag from /home/airflow/.local/lib/python3.12/site-packages/airflow/example_dags/example_sensors.py
[2025-04-06T22:42:04.079+0000] {processor.py:925} INFO - DAG(s) 'example_sensors' retrieved from /home/airflow/.local/lib/python3.12/site-packages/airflow/example_dags/example_sensors.py
[2025-04-06T22:42:04.105+0000] {logging_mixin.py:190} INFO - [2025-04-06T22:42:04.105+0000] {dag.py:3239} INFO - Sync 1 DAGs
[2025-04-06T22:42:04.319+0000] {logging_mixin.py:190} INFO - [2025-04-06T22:42:04.319+0000] {dag.py:4180} INFO - Setting next_dagrun for example_sensors to None, run_after=None
[2025-04-06T22:42:04.332+0000] {processor.py:208} INFO - Processing /home/airflow/.local/lib/python3.12/site-packages/airflow/example_dags/example_sensors.py took 0.272 seconds
[2025-04-06T22:42:34.832+0000] {processor.py:186} INFO - Started process (PID=2010) to work on /home/airflow/.local/lib/python3.12/site-packages/airflow/example_dags/example_sensors.py
[2025-04-06T22:42:34.833+0000] {processor.py:914} INFO - Processing file /home/airflow/.local/lib/python3.12/site-packages/airflow/example_dags/example_sensors.py for tasks to queue
[2025-04-06T22:42:34.836+0000] {logging_mixin.py:190} INFO - [2025-04-06T22:42:34.836+0000] {dagbag.py:588} INFO - Filling up the DagBag from /home/airflow/.local/lib/python3.12/site-packages/airflow/example_dags/example_sensors.py
[2025-04-06T22:42:34.844+0000] {processor.py:925} INFO - DAG(s) 'example_sensors' retrieved from /home/airflow/.local/lib/python3.12/site-packages/airflow/example_dags/example_sensors.py
[2025-04-06T22:42:34.869+0000] {logging_mixin.py:190} INFO - [2025-04-06T22:42:34.868+0000] {dag.py:3239} INFO - Sync 1 DAGs
[2025-04-06T22:42:34.883+0000] {logging_mixin.py:190} INFO - [2025-04-06T22:42:34.882+0000] {dag.py:4180} INFO - Setting next_dagrun for example_sensors to None, run_after=None
[2025-04-06T22:42:34.898+0000] {processor.py:208} INFO - Processing /home/airflow/.local/lib/python3.12/site-packages/airflow/example_dags/example_sensors.py took 0.073 seconds
[2025-04-06T22:43:05.593+0000] {processor.py:186} INFO - Started process (PID=2075) to work on /home/airflow/.local/lib/python3.12/site-packages/airflow/example_dags/example_sensors.py
[2025-04-06T22:43:05.594+0000] {processor.py:914} INFO - Processing file /home/airflow/.local/lib/python3.12/site-packages/airflow/example_dags/example_sensors.py for tasks to queue
[2025-04-06T22:43:05.597+0000] {logging_mixin.py:190} INFO - [2025-04-06T22:43:05.597+0000] {dagbag.py:588} INFO - Filling up the DagBag from /home/airflow/.local/lib/python3.12/site-packages/airflow/example_dags/example_sensors.py
[2025-04-06T22:43:05.606+0000] {processor.py:925} INFO - DAG(s) 'example_sensors' retrieved from /home/airflow/.local/lib/python3.12/site-packages/airflow/example_dags/example_sensors.py
[2025-04-06T22:43:05.630+0000] {logging_mixin.py:190} INFO - [2025-04-06T22:43:05.630+0000] {dag.py:3239} INFO - Sync 1 DAGs
[2025-04-06T22:43:05.643+0000] {logging_mixin.py:190} INFO - [2025-04-06T22:43:05.643+0000] {dag.py:4180} INFO - Setting next_dagrun for example_sensors to None, run_after=None
[2025-04-06T22:43:05.656+0000] {processor.py:208} INFO - Processing /home/airflow/.local/lib/python3.12/site-packages/airflow/example_dags/example_sensors.py took 0.070 seconds
[2025-04-06T22:43:36.192+0000] {processor.py:186} INFO - Started process (PID=2141) to work on /home/airflow/.local/lib/python3.12/site-packages/airflow/example_dags/example_sensors.py
[2025-04-06T22:43:36.193+0000] {processor.py:914} INFO - Processing file /home/airflow/.local/lib/python3.12/site-packages/airflow/example_dags/example_sensors.py for tasks to queue
[2025-04-06T22:43:36.195+0000] {logging_mixin.py:190} INFO - [2025-04-06T22:43:36.195+0000] {dagbag.py:588} INFO - Filling up the DagBag from /home/airflow/.local/lib/python3.12/site-packages/airflow/example_dags/example_sensors.py
[2025-04-06T22:43:36.203+0000] {processor.py:925} INFO - DAG(s) 'example_sensors' retrieved from /home/airflow/.local/lib/python3.12/site-packages/airflow/example_dags/example_sensors.py
[2025-04-06T22:43:36.228+0000] {logging_mixin.py:190} INFO - [2025-04-06T22:43:36.227+0000] {dag.py:3239} INFO - Sync 1 DAGs
[2025-04-06T22:43:36.240+0000] {logging_mixin.py:190} INFO - [2025-04-06T22:43:36.240+0000] {dag.py:4180} INFO - Setting next_dagrun for example_sensors to None, run_after=None
[2025-04-06T22:43:36.255+0000] {processor.py:208} INFO - Processing /home/airflow/.local/lib/python3.12/site-packages/airflow/example_dags/example_sensors.py took 0.072 seconds
[2025-04-06T22:44:06.752+0000] {processor.py:186} INFO - Started process (PID=2206) to work on /home/airflow/.local/lib/python3.12/site-packages/airflow/example_dags/example_sensors.py
[2025-04-06T22:44:06.753+0000] {processor.py:914} INFO - Processing file /home/airflow/.local/lib/python3.12/site-packages/airflow/example_dags/example_sensors.py for tasks to queue
[2025-04-06T22:44:06.756+0000] {logging_mixin.py:190} INFO - [2025-04-06T22:44:06.756+0000] {dagbag.py:588} INFO - Filling up the DagBag from /home/airflow/.local/lib/python3.12/site-packages/airflow/example_dags/example_sensors.py
[2025-04-06T22:44:06.766+0000] {processor.py:925} INFO - DAG(s) 'example_sensors' retrieved from /home/airflow/.local/lib/python3.12/site-packages/airflow/example_dags/example_sensors.py
[2025-04-06T22:44:06.791+0000] {logging_mixin.py:190} INFO - [2025-04-06T22:44:06.791+0000] {dag.py:3239} INFO - Sync 1 DAGs
[2025-04-06T22:44:06.804+0000] {logging_mixin.py:190} INFO - [2025-04-06T22:44:06.804+0000] {dag.py:4180} INFO - Setting next_dagrun for example_sensors to None, run_after=None
[2025-04-06T22:44:06.818+0000] {processor.py:208} INFO - Processing /home/airflow/.local/lib/python3.12/site-packages/airflow/example_dags/example_sensors.py took 0.074 seconds
