[2025-04-06T22:16:46.551+0000] {processor.py:186} INFO - Started process (PID=124) to work on /home/airflow/.local/lib/python3.12/site-packages/airflow/example_dags/example_inlet_event_extra.py
[2025-04-06T22:16:46.552+0000] {processor.py:914} INFO - Processing file /home/airflow/.local/lib/python3.12/site-packages/airflow/example_dags/example_inlet_event_extra.py for tasks to queue
[2025-04-06T22:16:46.555+0000] {logging_mixin.py:190} INFO - [2025-04-06T22:16:46.554+0000] {dagbag.py:588} INFO - Filling up the DagBag from /home/airflow/.local/lib/python3.12/site-packages/airflow/example_dags/example_inlet_event_extra.py
[2025-04-06T22:16:46.709+0000] {processor.py:925} INFO - DAG(s) 'read_dataset_event', 'read_dataset_event_from_classic' retrieved from /home/airflow/.local/lib/python3.12/site-packages/airflow/example_dags/example_inlet_event_extra.py
[2025-04-06T22:16:46.733+0000] {logging_mixin.py:190} INFO - [2025-04-06T22:16:46.732+0000] {dag.py:3239} INFO - Sync 2 DAGs
[2025-04-06T22:16:46.995+0000] {logging_mixin.py:190} INFO - [2025-04-06T22:16:46.995+0000] {dag.py:4180} INFO - Setting next_dagrun for read_dataset_event to 2025-04-05 00:00:00+00:00, run_after=2025-04-06 00:00:00+00:00
[2025-04-06T22:16:47.000+0000] {logging_mixin.py:190} INFO - [2025-04-06T22:16:47.000+0000] {dag.py:4180} INFO - Setting next_dagrun for read_dataset_event_from_classic to 2025-04-05 00:00:00+00:00, run_after=2025-04-06 00:00:00+00:00
[2025-04-06T22:16:47.015+0000] {processor.py:208} INFO - Processing /home/airflow/.local/lib/python3.12/site-packages/airflow/example_dags/example_inlet_event_extra.py took 0.472 seconds
[2025-04-06T22:17:17.347+0000] {processor.py:186} INFO - Started process (PID=189) to work on /home/airflow/.local/lib/python3.12/site-packages/airflow/example_dags/example_inlet_event_extra.py
[2025-04-06T22:17:17.348+0000] {processor.py:914} INFO - Processing file /home/airflow/.local/lib/python3.12/site-packages/airflow/example_dags/example_inlet_event_extra.py for tasks to queue
[2025-04-06T22:17:17.351+0000] {logging_mixin.py:190} INFO - [2025-04-06T22:17:17.351+0000] {dagbag.py:588} INFO - Filling up the DagBag from /home/airflow/.local/lib/python3.12/site-packages/airflow/example_dags/example_inlet_event_extra.py
[2025-04-06T22:17:17.697+0000] {processor.py:925} INFO - DAG(s) 'read_dataset_event', 'read_dataset_event_from_classic' retrieved from /home/airflow/.local/lib/python3.12/site-packages/airflow/example_dags/example_inlet_event_extra.py
[2025-04-06T22:17:17.714+0000] {logging_mixin.py:190} INFO - [2025-04-06T22:17:17.714+0000] {dag.py:3239} INFO - Sync 2 DAGs
[2025-04-06T22:17:17.735+0000] {logging_mixin.py:190} INFO - [2025-04-06T22:17:17.735+0000] {dag.py:4180} INFO - Setting next_dagrun for read_dataset_event to 2025-04-05 00:00:00+00:00, run_after=2025-04-06 00:00:00+00:00
[2025-04-06T22:17:17.740+0000] {logging_mixin.py:190} INFO - [2025-04-06T22:17:17.740+0000] {dag.py:4180} INFO - Setting next_dagrun for read_dataset_event_from_classic to 2025-04-05 00:00:00+00:00, run_after=2025-04-06 00:00:00+00:00
[2025-04-06T22:17:17.755+0000] {processor.py:208} INFO - Processing /home/airflow/.local/lib/python3.12/site-packages/airflow/example_dags/example_inlet_event_extra.py took 0.414 seconds
[2025-04-06T22:17:48.069+0000] {processor.py:186} INFO - Started process (PID=256) to work on /home/airflow/.local/lib/python3.12/site-packages/airflow/example_dags/example_inlet_event_extra.py
[2025-04-06T22:17:48.073+0000] {processor.py:914} INFO - Processing file /home/airflow/.local/lib/python3.12/site-packages/airflow/example_dags/example_inlet_event_extra.py for tasks to queue
[2025-04-06T22:17:48.075+0000] {logging_mixin.py:190} INFO - [2025-04-06T22:17:48.075+0000] {dagbag.py:588} INFO - Filling up the DagBag from /home/airflow/.local/lib/python3.12/site-packages/airflow/example_dags/example_inlet_event_extra.py
[2025-04-06T22:17:48.442+0000] {processor.py:925} INFO - DAG(s) 'read_dataset_event', 'read_dataset_event_from_classic' retrieved from /home/airflow/.local/lib/python3.12/site-packages/airflow/example_dags/example_inlet_event_extra.py
[2025-04-06T22:17:48.462+0000] {logging_mixin.py:190} INFO - [2025-04-06T22:17:48.462+0000] {dag.py:3239} INFO - Sync 2 DAGs
[2025-04-06T22:17:48.483+0000] {logging_mixin.py:190} INFO - [2025-04-06T22:17:48.483+0000] {dag.py:4180} INFO - Setting next_dagrun for read_dataset_event to 2025-04-05 00:00:00+00:00, run_after=2025-04-06 00:00:00+00:00
[2025-04-06T22:17:48.488+0000] {logging_mixin.py:190} INFO - [2025-04-06T22:17:48.488+0000] {dag.py:4180} INFO - Setting next_dagrun for read_dataset_event_from_classic to 2025-04-05 00:00:00+00:00, run_after=2025-04-06 00:00:00+00:00
[2025-04-06T22:17:48.505+0000] {processor.py:208} INFO - Processing /home/airflow/.local/lib/python3.12/site-packages/airflow/example_dags/example_inlet_event_extra.py took 0.440 seconds
[2025-04-06T22:18:19.012+0000] {processor.py:186} INFO - Started process (PID=321) to work on /home/airflow/.local/lib/python3.12/site-packages/airflow/example_dags/example_inlet_event_extra.py
[2025-04-06T22:18:19.013+0000] {processor.py:914} INFO - Processing file /home/airflow/.local/lib/python3.12/site-packages/airflow/example_dags/example_inlet_event_extra.py for tasks to queue
[2025-04-06T22:18:19.015+0000] {logging_mixin.py:190} INFO - [2025-04-06T22:18:19.015+0000] {dagbag.py:588} INFO - Filling up the DagBag from /home/airflow/.local/lib/python3.12/site-packages/airflow/example_dags/example_inlet_event_extra.py
[2025-04-06T22:18:19.159+0000] {processor.py:925} INFO - DAG(s) 'read_dataset_event', 'read_dataset_event_from_classic' retrieved from /home/airflow/.local/lib/python3.12/site-packages/airflow/example_dags/example_inlet_event_extra.py
[2025-04-06T22:18:19.407+0000] {logging_mixin.py:190} INFO - [2025-04-06T22:18:19.407+0000] {dag.py:3239} INFO - Sync 2 DAGs
[2025-04-06T22:18:19.427+0000] {logging_mixin.py:190} INFO - [2025-04-06T22:18:19.427+0000] {dag.py:4180} INFO - Setting next_dagrun for read_dataset_event to 2025-04-05 00:00:00+00:00, run_after=2025-04-06 00:00:00+00:00
[2025-04-06T22:18:19.432+0000] {logging_mixin.py:190} INFO - [2025-04-06T22:18:19.431+0000] {dag.py:4180} INFO - Setting next_dagrun for read_dataset_event_from_classic to 2025-04-05 00:00:00+00:00, run_after=2025-04-06 00:00:00+00:00
[2025-04-06T22:18:19.445+0000] {processor.py:208} INFO - Processing /home/airflow/.local/lib/python3.12/site-packages/airflow/example_dags/example_inlet_event_extra.py took 0.438 seconds
[2025-04-06T22:18:49.610+0000] {processor.py:186} INFO - Started process (PID=387) to work on /home/airflow/.local/lib/python3.12/site-packages/airflow/example_dags/example_inlet_event_extra.py
[2025-04-06T22:18:49.610+0000] {processor.py:914} INFO - Processing file /home/airflow/.local/lib/python3.12/site-packages/airflow/example_dags/example_inlet_event_extra.py for tasks to queue
[2025-04-06T22:18:49.612+0000] {logging_mixin.py:190} INFO - [2025-04-06T22:18:49.612+0000] {dagbag.py:588} INFO - Filling up the DagBag from /home/airflow/.local/lib/python3.12/site-packages/airflow/example_dags/example_inlet_event_extra.py
[2025-04-06T22:18:49.923+0000] {processor.py:925} INFO - DAG(s) 'read_dataset_event_from_classic', 'read_dataset_event' retrieved from /home/airflow/.local/lib/python3.12/site-packages/airflow/example_dags/example_inlet_event_extra.py
[2025-04-06T22:18:49.939+0000] {logging_mixin.py:190} INFO - [2025-04-06T22:18:49.939+0000] {dag.py:3239} INFO - Sync 2 DAGs
[2025-04-06T22:18:49.958+0000] {logging_mixin.py:190} INFO - [2025-04-06T22:18:49.958+0000] {dag.py:4180} INFO - Setting next_dagrun for read_dataset_event to 2025-04-05 00:00:00+00:00, run_after=2025-04-06 00:00:00+00:00
[2025-04-06T22:18:49.962+0000] {logging_mixin.py:190} INFO - [2025-04-06T22:18:49.962+0000] {dag.py:4180} INFO - Setting next_dagrun for read_dataset_event_from_classic to 2025-04-05 00:00:00+00:00, run_after=2025-04-06 00:00:00+00:00
[2025-04-06T22:18:49.972+0000] {processor.py:208} INFO - Processing /home/airflow/.local/lib/python3.12/site-packages/airflow/example_dags/example_inlet_event_extra.py took 0.366 seconds
[2025-04-06T22:19:20.120+0000] {processor.py:186} INFO - Started process (PID=454) to work on /home/airflow/.local/lib/python3.12/site-packages/airflow/example_dags/example_inlet_event_extra.py
[2025-04-06T22:19:20.121+0000] {processor.py:914} INFO - Processing file /home/airflow/.local/lib/python3.12/site-packages/airflow/example_dags/example_inlet_event_extra.py for tasks to queue
[2025-04-06T22:19:20.124+0000] {logging_mixin.py:190} INFO - [2025-04-06T22:19:20.124+0000] {dagbag.py:588} INFO - Filling up the DagBag from /home/airflow/.local/lib/python3.12/site-packages/airflow/example_dags/example_inlet_event_extra.py
[2025-04-06T22:19:20.459+0000] {processor.py:925} INFO - DAG(s) 'read_dataset_event', 'read_dataset_event_from_classic' retrieved from /home/airflow/.local/lib/python3.12/site-packages/airflow/example_dags/example_inlet_event_extra.py
[2025-04-06T22:19:20.477+0000] {logging_mixin.py:190} INFO - [2025-04-06T22:19:20.477+0000] {dag.py:3239} INFO - Sync 2 DAGs
[2025-04-06T22:19:20.497+0000] {logging_mixin.py:190} INFO - [2025-04-06T22:19:20.497+0000] {dag.py:4180} INFO - Setting next_dagrun for read_dataset_event to 2025-04-05 00:00:00+00:00, run_after=2025-04-06 00:00:00+00:00
[2025-04-06T22:19:20.501+0000] {logging_mixin.py:190} INFO - [2025-04-06T22:19:20.501+0000] {dag.py:4180} INFO - Setting next_dagrun for read_dataset_event_from_classic to 2025-04-05 00:00:00+00:00, run_after=2025-04-06 00:00:00+00:00
[2025-04-06T22:19:20.512+0000] {processor.py:208} INFO - Processing /home/airflow/.local/lib/python3.12/site-packages/airflow/example_dags/example_inlet_event_extra.py took 0.400 seconds
[2025-04-06T22:19:51.380+0000] {processor.py:186} INFO - Started process (PID=520) to work on /home/airflow/.local/lib/python3.12/site-packages/airflow/example_dags/example_inlet_event_extra.py
[2025-04-06T22:19:51.381+0000] {processor.py:914} INFO - Processing file /home/airflow/.local/lib/python3.12/site-packages/airflow/example_dags/example_inlet_event_extra.py for tasks to queue
[2025-04-06T22:19:51.384+0000] {logging_mixin.py:190} INFO - [2025-04-06T22:19:51.384+0000] {dagbag.py:588} INFO - Filling up the DagBag from /home/airflow/.local/lib/python3.12/site-packages/airflow/example_dags/example_inlet_event_extra.py
[2025-04-06T22:19:51.691+0000] {processor.py:925} INFO - DAG(s) 'read_dataset_event', 'read_dataset_event_from_classic' retrieved from /home/airflow/.local/lib/python3.12/site-packages/airflow/example_dags/example_inlet_event_extra.py
[2025-04-06T22:19:51.708+0000] {logging_mixin.py:190} INFO - [2025-04-06T22:19:51.708+0000] {dag.py:3239} INFO - Sync 2 DAGs
[2025-04-06T22:19:51.726+0000] {logging_mixin.py:190} INFO - [2025-04-06T22:19:51.726+0000] {dag.py:4180} INFO - Setting next_dagrun for read_dataset_event to 2025-04-05 00:00:00+00:00, run_after=2025-04-06 00:00:00+00:00
[2025-04-06T22:19:51.730+0000] {logging_mixin.py:190} INFO - [2025-04-06T22:19:51.730+0000] {dag.py:4180} INFO - Setting next_dagrun for read_dataset_event_from_classic to 2025-04-05 00:00:00+00:00, run_after=2025-04-06 00:00:00+00:00
[2025-04-06T22:19:51.741+0000] {processor.py:208} INFO - Processing /home/airflow/.local/lib/python3.12/site-packages/airflow/example_dags/example_inlet_event_extra.py took 0.368 seconds
[2025-04-06T22:20:21.971+0000] {processor.py:186} INFO - Started process (PID=587) to work on /home/airflow/.local/lib/python3.12/site-packages/airflow/example_dags/example_inlet_event_extra.py
[2025-04-06T22:20:21.972+0000] {processor.py:914} INFO - Processing file /home/airflow/.local/lib/python3.12/site-packages/airflow/example_dags/example_inlet_event_extra.py for tasks to queue
[2025-04-06T22:20:21.975+0000] {logging_mixin.py:190} INFO - [2025-04-06T22:20:21.975+0000] {dagbag.py:588} INFO - Filling up the DagBag from /home/airflow/.local/lib/python3.12/site-packages/airflow/example_dags/example_inlet_event_extra.py
[2025-04-06T22:20:22.289+0000] {processor.py:925} INFO - DAG(s) 'read_dataset_event', 'read_dataset_event_from_classic' retrieved from /home/airflow/.local/lib/python3.12/site-packages/airflow/example_dags/example_inlet_event_extra.py
[2025-04-06T22:20:22.305+0000] {logging_mixin.py:190} INFO - [2025-04-06T22:20:22.305+0000] {dag.py:3239} INFO - Sync 2 DAGs
[2025-04-06T22:20:22.324+0000] {logging_mixin.py:190} INFO - [2025-04-06T22:20:22.324+0000] {dag.py:4180} INFO - Setting next_dagrun for read_dataset_event to 2025-04-05 00:00:00+00:00, run_after=2025-04-06 00:00:00+00:00
[2025-04-06T22:20:22.328+0000] {logging_mixin.py:190} INFO - [2025-04-06T22:20:22.328+0000] {dag.py:4180} INFO - Setting next_dagrun for read_dataset_event_from_classic to 2025-04-05 00:00:00+00:00, run_after=2025-04-06 00:00:00+00:00
[2025-04-06T22:20:22.342+0000] {processor.py:208} INFO - Processing /home/airflow/.local/lib/python3.12/site-packages/airflow/example_dags/example_inlet_event_extra.py took 0.378 seconds
[2025-04-06T22:20:53.458+0000] {processor.py:186} INFO - Started process (PID=653) to work on /home/airflow/.local/lib/python3.12/site-packages/airflow/example_dags/example_inlet_event_extra.py
[2025-04-06T22:20:53.458+0000] {processor.py:914} INFO - Processing file /home/airflow/.local/lib/python3.12/site-packages/airflow/example_dags/example_inlet_event_extra.py for tasks to queue
[2025-04-06T22:20:53.460+0000] {logging_mixin.py:190} INFO - [2025-04-06T22:20:53.460+0000] {dagbag.py:588} INFO - Filling up the DagBag from /home/airflow/.local/lib/python3.12/site-packages/airflow/example_dags/example_inlet_event_extra.py
[2025-04-06T22:20:53.789+0000] {processor.py:925} INFO - DAG(s) 'read_dataset_event', 'read_dataset_event_from_classic' retrieved from /home/airflow/.local/lib/python3.12/site-packages/airflow/example_dags/example_inlet_event_extra.py
[2025-04-06T22:20:53.809+0000] {logging_mixin.py:190} INFO - [2025-04-06T22:20:53.809+0000] {dag.py:3239} INFO - Sync 2 DAGs
[2025-04-06T22:20:53.831+0000] {logging_mixin.py:190} INFO - [2025-04-06T22:20:53.831+0000] {dag.py:4180} INFO - Setting next_dagrun for read_dataset_event to 2025-04-05 00:00:00+00:00, run_after=2025-04-06 00:00:00+00:00
[2025-04-06T22:20:53.836+0000] {logging_mixin.py:190} INFO - [2025-04-06T22:20:53.836+0000] {dag.py:4180} INFO - Setting next_dagrun for read_dataset_event_from_classic to 2025-04-05 00:00:00+00:00, run_after=2025-04-06 00:00:00+00:00
[2025-04-06T22:20:53.849+0000] {processor.py:208} INFO - Processing /home/airflow/.local/lib/python3.12/site-packages/airflow/example_dags/example_inlet_event_extra.py took 0.396 seconds
[2025-04-06T22:21:24.603+0000] {processor.py:186} INFO - Started process (PID=717) to work on /home/airflow/.local/lib/python3.12/site-packages/airflow/example_dags/example_inlet_event_extra.py
[2025-04-06T22:21:24.604+0000] {processor.py:914} INFO - Processing file /home/airflow/.local/lib/python3.12/site-packages/airflow/example_dags/example_inlet_event_extra.py for tasks to queue
[2025-04-06T22:21:24.607+0000] {logging_mixin.py:190} INFO - [2025-04-06T22:21:24.606+0000] {dagbag.py:588} INFO - Filling up the DagBag from /home/airflow/.local/lib/python3.12/site-packages/airflow/example_dags/example_inlet_event_extra.py
[2025-04-06T22:21:24.917+0000] {processor.py:925} INFO - DAG(s) 'read_dataset_event_from_classic', 'read_dataset_event' retrieved from /home/airflow/.local/lib/python3.12/site-packages/airflow/example_dags/example_inlet_event_extra.py
[2025-04-06T22:21:24.933+0000] {logging_mixin.py:190} INFO - [2025-04-06T22:21:24.932+0000] {dag.py:3239} INFO - Sync 2 DAGs
[2025-04-06T22:21:24.950+0000] {logging_mixin.py:190} INFO - [2025-04-06T22:21:24.950+0000] {dag.py:4180} INFO - Setting next_dagrun for read_dataset_event to 2025-04-05 00:00:00+00:00, run_after=2025-04-06 00:00:00+00:00
[2025-04-06T22:21:24.954+0000] {logging_mixin.py:190} INFO - [2025-04-06T22:21:24.953+0000] {dag.py:4180} INFO - Setting next_dagrun for read_dataset_event_from_classic to 2025-04-05 00:00:00+00:00, run_after=2025-04-06 00:00:00+00:00
[2025-04-06T22:21:24.963+0000] {processor.py:208} INFO - Processing /home/airflow/.local/lib/python3.12/site-packages/airflow/example_dags/example_inlet_event_extra.py took 0.367 seconds
[2025-04-06T22:21:55.650+0000] {processor.py:186} INFO - Started process (PID=779) to work on /home/airflow/.local/lib/python3.12/site-packages/airflow/example_dags/example_inlet_event_extra.py
[2025-04-06T22:21:55.652+0000] {processor.py:914} INFO - Processing file /home/airflow/.local/lib/python3.12/site-packages/airflow/example_dags/example_inlet_event_extra.py for tasks to queue
[2025-04-06T22:21:55.654+0000] {logging_mixin.py:190} INFO - [2025-04-06T22:21:55.653+0000] {dagbag.py:588} INFO - Filling up the DagBag from /home/airflow/.local/lib/python3.12/site-packages/airflow/example_dags/example_inlet_event_extra.py
[2025-04-06T22:21:55.973+0000] {processor.py:925} INFO - DAG(s) 'read_dataset_event_from_classic', 'read_dataset_event' retrieved from /home/airflow/.local/lib/python3.12/site-packages/airflow/example_dags/example_inlet_event_extra.py
[2025-04-06T22:21:55.991+0000] {logging_mixin.py:190} INFO - [2025-04-06T22:21:55.991+0000] {dag.py:3239} INFO - Sync 2 DAGs
[2025-04-06T22:21:56.010+0000] {logging_mixin.py:190} INFO - [2025-04-06T22:21:56.010+0000] {dag.py:4180} INFO - Setting next_dagrun for read_dataset_event to 2025-04-05 00:00:00+00:00, run_after=2025-04-06 00:00:00+00:00
[2025-04-06T22:21:56.014+0000] {logging_mixin.py:190} INFO - [2025-04-06T22:21:56.014+0000] {dag.py:4180} INFO - Setting next_dagrun for read_dataset_event_from_classic to 2025-04-05 00:00:00+00:00, run_after=2025-04-06 00:00:00+00:00
[2025-04-06T22:21:56.024+0000] {processor.py:208} INFO - Processing /home/airflow/.local/lib/python3.12/site-packages/airflow/example_dags/example_inlet_event_extra.py took 0.381 seconds
[2025-04-06T22:22:27.293+0000] {processor.py:186} INFO - Started process (PID=845) to work on /home/airflow/.local/lib/python3.12/site-packages/airflow/example_dags/example_inlet_event_extra.py
[2025-04-06T22:22:27.296+0000] {processor.py:914} INFO - Processing file /home/airflow/.local/lib/python3.12/site-packages/airflow/example_dags/example_inlet_event_extra.py for tasks to queue
[2025-04-06T22:22:27.299+0000] {logging_mixin.py:190} INFO - [2025-04-06T22:22:27.299+0000] {dagbag.py:588} INFO - Filling up the DagBag from /home/airflow/.local/lib/python3.12/site-packages/airflow/example_dags/example_inlet_event_extra.py
[2025-04-06T22:22:27.606+0000] {processor.py:925} INFO - DAG(s) 'read_dataset_event', 'read_dataset_event_from_classic' retrieved from /home/airflow/.local/lib/python3.12/site-packages/airflow/example_dags/example_inlet_event_extra.py
[2025-04-06T22:22:27.623+0000] {logging_mixin.py:190} INFO - [2025-04-06T22:22:27.623+0000] {dag.py:3239} INFO - Sync 2 DAGs
[2025-04-06T22:22:27.644+0000] {logging_mixin.py:190} INFO - [2025-04-06T22:22:27.644+0000] {dag.py:4180} INFO - Setting next_dagrun for read_dataset_event to 2025-04-05 00:00:00+00:00, run_after=2025-04-06 00:00:00+00:00
[2025-04-06T22:22:27.648+0000] {logging_mixin.py:190} INFO - [2025-04-06T22:22:27.648+0000] {dag.py:4180} INFO - Setting next_dagrun for read_dataset_event_from_classic to 2025-04-05 00:00:00+00:00, run_after=2025-04-06 00:00:00+00:00
[2025-04-06T22:22:27.658+0000] {processor.py:208} INFO - Processing /home/airflow/.local/lib/python3.12/site-packages/airflow/example_dags/example_inlet_event_extra.py took 0.372 seconds
[2025-04-06T22:22:57.719+0000] {processor.py:186} INFO - Started process (PID=912) to work on /home/airflow/.local/lib/python3.12/site-packages/airflow/example_dags/example_inlet_event_extra.py
[2025-04-06T22:22:57.720+0000] {processor.py:914} INFO - Processing file /home/airflow/.local/lib/python3.12/site-packages/airflow/example_dags/example_inlet_event_extra.py for tasks to queue
[2025-04-06T22:22:57.721+0000] {logging_mixin.py:190} INFO - [2025-04-06T22:22:57.721+0000] {dagbag.py:588} INFO - Filling up the DagBag from /home/airflow/.local/lib/python3.12/site-packages/airflow/example_dags/example_inlet_event_extra.py
[2025-04-06T22:22:58.074+0000] {processor.py:925} INFO - DAG(s) 'read_dataset_event', 'read_dataset_event_from_classic' retrieved from /home/airflow/.local/lib/python3.12/site-packages/airflow/example_dags/example_inlet_event_extra.py
[2025-04-06T22:22:58.092+0000] {logging_mixin.py:190} INFO - [2025-04-06T22:22:58.092+0000] {dag.py:3239} INFO - Sync 2 DAGs
[2025-04-06T22:22:58.111+0000] {logging_mixin.py:190} INFO - [2025-04-06T22:22:58.111+0000] {dag.py:4180} INFO - Setting next_dagrun for read_dataset_event to 2025-04-05 00:00:00+00:00, run_after=2025-04-06 00:00:00+00:00
[2025-04-06T22:22:58.115+0000] {logging_mixin.py:190} INFO - [2025-04-06T22:22:58.114+0000] {dag.py:4180} INFO - Setting next_dagrun for read_dataset_event_from_classic to 2025-04-05 00:00:00+00:00, run_after=2025-04-06 00:00:00+00:00
[2025-04-06T22:22:58.125+0000] {processor.py:208} INFO - Processing /home/airflow/.local/lib/python3.12/site-packages/airflow/example_dags/example_inlet_event_extra.py took 0.412 seconds
[2025-04-06T22:23:29.397+0000] {processor.py:186} INFO - Started process (PID=979) to work on /home/airflow/.local/lib/python3.12/site-packages/airflow/example_dags/example_inlet_event_extra.py
[2025-04-06T22:23:29.398+0000] {processor.py:914} INFO - Processing file /home/airflow/.local/lib/python3.12/site-packages/airflow/example_dags/example_inlet_event_extra.py for tasks to queue
[2025-04-06T22:23:29.401+0000] {logging_mixin.py:190} INFO - [2025-04-06T22:23:29.400+0000] {dagbag.py:588} INFO - Filling up the DagBag from /home/airflow/.local/lib/python3.12/site-packages/airflow/example_dags/example_inlet_event_extra.py
[2025-04-06T22:23:29.712+0000] {processor.py:925} INFO - DAG(s) 'read_dataset_event_from_classic', 'read_dataset_event' retrieved from /home/airflow/.local/lib/python3.12/site-packages/airflow/example_dags/example_inlet_event_extra.py
[2025-04-06T22:23:29.727+0000] {logging_mixin.py:190} INFO - [2025-04-06T22:23:29.727+0000] {dag.py:3239} INFO - Sync 2 DAGs
[2025-04-06T22:23:29.746+0000] {logging_mixin.py:190} INFO - [2025-04-06T22:23:29.746+0000] {dag.py:4180} INFO - Setting next_dagrun for read_dataset_event to 2025-04-05 00:00:00+00:00, run_after=2025-04-06 00:00:00+00:00
[2025-04-06T22:23:29.750+0000] {logging_mixin.py:190} INFO - [2025-04-06T22:23:29.750+0000] {dag.py:4180} INFO - Setting next_dagrun for read_dataset_event_from_classic to 2025-04-05 00:00:00+00:00, run_after=2025-04-06 00:00:00+00:00
[2025-04-06T22:23:29.761+0000] {processor.py:208} INFO - Processing /home/airflow/.local/lib/python3.12/site-packages/airflow/example_dags/example_inlet_event_extra.py took 0.372 seconds
[2025-04-06T22:23:59.940+0000] {processor.py:186} INFO - Started process (PID=1039) to work on /home/airflow/.local/lib/python3.12/site-packages/airflow/example_dags/example_inlet_event_extra.py
[2025-04-06T22:23:59.941+0000] {processor.py:914} INFO - Processing file /home/airflow/.local/lib/python3.12/site-packages/airflow/example_dags/example_inlet_event_extra.py for tasks to queue
[2025-04-06T22:23:59.942+0000] {logging_mixin.py:190} INFO - [2025-04-06T22:23:59.942+0000] {dagbag.py:588} INFO - Filling up the DagBag from /home/airflow/.local/lib/python3.12/site-packages/airflow/example_dags/example_inlet_event_extra.py
[2025-04-06T22:24:00.268+0000] {processor.py:925} INFO - DAG(s) 'read_dataset_event_from_classic', 'read_dataset_event' retrieved from /home/airflow/.local/lib/python3.12/site-packages/airflow/example_dags/example_inlet_event_extra.py
[2025-04-06T22:24:00.286+0000] {logging_mixin.py:190} INFO - [2025-04-06T22:24:00.286+0000] {dag.py:3239} INFO - Sync 2 DAGs
[2025-04-06T22:24:00.307+0000] {logging_mixin.py:190} INFO - [2025-04-06T22:24:00.306+0000] {dag.py:4180} INFO - Setting next_dagrun for read_dataset_event to 2025-04-05 00:00:00+00:00, run_after=2025-04-06 00:00:00+00:00
[2025-04-06T22:24:00.310+0000] {logging_mixin.py:190} INFO - [2025-04-06T22:24:00.310+0000] {dag.py:4180} INFO - Setting next_dagrun for read_dataset_event_from_classic to 2025-04-05 00:00:00+00:00, run_after=2025-04-06 00:00:00+00:00
[2025-04-06T22:24:00.322+0000] {processor.py:208} INFO - Processing /home/airflow/.local/lib/python3.12/site-packages/airflow/example_dags/example_inlet_event_extra.py took 0.390 seconds
[2025-04-06T22:24:31.217+0000] {processor.py:186} INFO - Started process (PID=1104) to work on /home/airflow/.local/lib/python3.12/site-packages/airflow/example_dags/example_inlet_event_extra.py
[2025-04-06T22:24:31.218+0000] {processor.py:914} INFO - Processing file /home/airflow/.local/lib/python3.12/site-packages/airflow/example_dags/example_inlet_event_extra.py for tasks to queue
[2025-04-06T22:24:31.220+0000] {logging_mixin.py:190} INFO - [2025-04-06T22:24:31.219+0000] {dagbag.py:588} INFO - Filling up the DagBag from /home/airflow/.local/lib/python3.12/site-packages/airflow/example_dags/example_inlet_event_extra.py
[2025-04-06T22:24:31.535+0000] {processor.py:925} INFO - DAG(s) 'read_dataset_event_from_classic', 'read_dataset_event' retrieved from /home/airflow/.local/lib/python3.12/site-packages/airflow/example_dags/example_inlet_event_extra.py
[2025-04-06T22:24:31.551+0000] {logging_mixin.py:190} INFO - [2025-04-06T22:24:31.551+0000] {dag.py:3239} INFO - Sync 2 DAGs
[2025-04-06T22:24:31.568+0000] {logging_mixin.py:190} INFO - [2025-04-06T22:24:31.568+0000] {dag.py:4180} INFO - Setting next_dagrun for read_dataset_event to 2025-04-05 00:00:00+00:00, run_after=2025-04-06 00:00:00+00:00
[2025-04-06T22:24:31.572+0000] {logging_mixin.py:190} INFO - [2025-04-06T22:24:31.572+0000] {dag.py:4180} INFO - Setting next_dagrun for read_dataset_event_from_classic to 2025-04-05 00:00:00+00:00, run_after=2025-04-06 00:00:00+00:00
[2025-04-06T22:24:31.582+0000] {processor.py:208} INFO - Processing /home/airflow/.local/lib/python3.12/site-packages/airflow/example_dags/example_inlet_event_extra.py took 0.372 seconds
[2025-04-06T22:25:02.736+0000] {processor.py:186} INFO - Started process (PID=1170) to work on /home/airflow/.local/lib/python3.12/site-packages/airflow/example_dags/example_inlet_event_extra.py
[2025-04-06T22:25:02.737+0000] {processor.py:914} INFO - Processing file /home/airflow/.local/lib/python3.12/site-packages/airflow/example_dags/example_inlet_event_extra.py for tasks to queue
[2025-04-06T22:25:02.738+0000] {logging_mixin.py:190} INFO - [2025-04-06T22:25:02.738+0000] {dagbag.py:588} INFO - Filling up the DagBag from /home/airflow/.local/lib/python3.12/site-packages/airflow/example_dags/example_inlet_event_extra.py
[2025-04-06T22:25:03.080+0000] {processor.py:925} INFO - DAG(s) 'read_dataset_event', 'read_dataset_event_from_classic' retrieved from /home/airflow/.local/lib/python3.12/site-packages/airflow/example_dags/example_inlet_event_extra.py
[2025-04-06T22:25:03.099+0000] {logging_mixin.py:190} INFO - [2025-04-06T22:25:03.099+0000] {dag.py:3239} INFO - Sync 2 DAGs
[2025-04-06T22:25:03.124+0000] {logging_mixin.py:190} INFO - [2025-04-06T22:25:03.123+0000] {dag.py:4180} INFO - Setting next_dagrun for read_dataset_event to 2025-04-05 00:00:00+00:00, run_after=2025-04-06 00:00:00+00:00
[2025-04-06T22:25:03.129+0000] {logging_mixin.py:190} INFO - [2025-04-06T22:25:03.129+0000] {dag.py:4180} INFO - Setting next_dagrun for read_dataset_event_from_classic to 2025-04-05 00:00:00+00:00, run_after=2025-04-06 00:00:00+00:00
[2025-04-06T22:25:03.140+0000] {processor.py:208} INFO - Processing /home/airflow/.local/lib/python3.12/site-packages/airflow/example_dags/example_inlet_event_extra.py took 0.412 seconds
[2025-04-06T22:25:34.114+0000] {processor.py:186} INFO - Started process (PID=1236) to work on /home/airflow/.local/lib/python3.12/site-packages/airflow/example_dags/example_inlet_event_extra.py
[2025-04-06T22:25:34.115+0000] {processor.py:914} INFO - Processing file /home/airflow/.local/lib/python3.12/site-packages/airflow/example_dags/example_inlet_event_extra.py for tasks to queue
[2025-04-06T22:25:34.116+0000] {logging_mixin.py:190} INFO - [2025-04-06T22:25:34.116+0000] {dagbag.py:588} INFO - Filling up the DagBag from /home/airflow/.local/lib/python3.12/site-packages/airflow/example_dags/example_inlet_event_extra.py
[2025-04-06T22:25:34.441+0000] {processor.py:925} INFO - DAG(s) 'read_dataset_event', 'read_dataset_event_from_classic' retrieved from /home/airflow/.local/lib/python3.12/site-packages/airflow/example_dags/example_inlet_event_extra.py
[2025-04-06T22:25:34.459+0000] {logging_mixin.py:190} INFO - [2025-04-06T22:25:34.459+0000] {dag.py:3239} INFO - Sync 2 DAGs
[2025-04-06T22:25:34.478+0000] {logging_mixin.py:190} INFO - [2025-04-06T22:25:34.478+0000] {dag.py:4180} INFO - Setting next_dagrun for read_dataset_event to 2025-04-05 00:00:00+00:00, run_after=2025-04-06 00:00:00+00:00
[2025-04-06T22:25:34.482+0000] {logging_mixin.py:190} INFO - [2025-04-06T22:25:34.482+0000] {dag.py:4180} INFO - Setting next_dagrun for read_dataset_event_from_classic to 2025-04-05 00:00:00+00:00, run_after=2025-04-06 00:00:00+00:00
[2025-04-06T22:25:34.493+0000] {processor.py:208} INFO - Processing /home/airflow/.local/lib/python3.12/site-packages/airflow/example_dags/example_inlet_event_extra.py took 0.387 seconds
[2025-04-06T22:26:04.745+0000] {processor.py:186} INFO - Started process (PID=1303) to work on /home/airflow/.local/lib/python3.12/site-packages/airflow/example_dags/example_inlet_event_extra.py
[2025-04-06T22:26:04.746+0000] {processor.py:914} INFO - Processing file /home/airflow/.local/lib/python3.12/site-packages/airflow/example_dags/example_inlet_event_extra.py for tasks to queue
[2025-04-06T22:26:04.747+0000] {logging_mixin.py:190} INFO - [2025-04-06T22:26:04.747+0000] {dagbag.py:588} INFO - Filling up the DagBag from /home/airflow/.local/lib/python3.12/site-packages/airflow/example_dags/example_inlet_event_extra.py
[2025-04-06T22:26:05.054+0000] {processor.py:925} INFO - DAG(s) 'read_dataset_event', 'read_dataset_event_from_classic' retrieved from /home/airflow/.local/lib/python3.12/site-packages/airflow/example_dags/example_inlet_event_extra.py
[2025-04-06T22:26:05.069+0000] {logging_mixin.py:190} INFO - [2025-04-06T22:26:05.068+0000] {dag.py:3239} INFO - Sync 2 DAGs
[2025-04-06T22:26:05.087+0000] {logging_mixin.py:190} INFO - [2025-04-06T22:26:05.087+0000] {dag.py:4180} INFO - Setting next_dagrun for read_dataset_event to 2025-04-05 00:00:00+00:00, run_after=2025-04-06 00:00:00+00:00
[2025-04-06T22:26:05.091+0000] {logging_mixin.py:190} INFO - [2025-04-06T22:26:05.091+0000] {dag.py:4180} INFO - Setting next_dagrun for read_dataset_event_from_classic to 2025-04-05 00:00:00+00:00, run_after=2025-04-06 00:00:00+00:00
[2025-04-06T22:26:05.101+0000] {processor.py:208} INFO - Processing /home/airflow/.local/lib/python3.12/site-packages/airflow/example_dags/example_inlet_event_extra.py took 0.359 seconds
[2025-04-06T22:27:45.307+0000] {processor.py:186} INFO - Started process (PID=126) to work on /home/airflow/.local/lib/python3.12/site-packages/airflow/example_dags/example_inlet_event_extra.py
[2025-04-06T22:27:45.309+0000] {processor.py:914} INFO - Processing file /home/airflow/.local/lib/python3.12/site-packages/airflow/example_dags/example_inlet_event_extra.py for tasks to queue
[2025-04-06T22:27:45.313+0000] {logging_mixin.py:190} INFO - [2025-04-06T22:27:45.312+0000] {dagbag.py:588} INFO - Filling up the DagBag from /home/airflow/.local/lib/python3.12/site-packages/airflow/example_dags/example_inlet_event_extra.py
[2025-04-06T22:27:45.556+0000] {processor.py:925} INFO - DAG(s) 'read_dataset_event', 'read_dataset_event_from_classic' retrieved from /home/airflow/.local/lib/python3.12/site-packages/airflow/example_dags/example_inlet_event_extra.py
[2025-04-06T22:27:45.598+0000] {logging_mixin.py:190} INFO - [2025-04-06T22:27:45.597+0000] {dag.py:3239} INFO - Sync 2 DAGs
[2025-04-06T22:27:45.925+0000] {logging_mixin.py:190} INFO - [2025-04-06T22:27:45.924+0000] {dag.py:4180} INFO - Setting next_dagrun for read_dataset_event to 2025-04-05 00:00:00+00:00, run_after=2025-04-06 00:00:00+00:00
[2025-04-06T22:27:45.931+0000] {logging_mixin.py:190} INFO - [2025-04-06T22:27:45.931+0000] {dag.py:4180} INFO - Setting next_dagrun for read_dataset_event_from_classic to 2025-04-05 00:00:00+00:00, run_after=2025-04-06 00:00:00+00:00
[2025-04-06T22:27:45.951+0000] {processor.py:208} INFO - Processing /home/airflow/.local/lib/python3.12/site-packages/airflow/example_dags/example_inlet_event_extra.py took 0.652 seconds
[2025-04-06T22:28:16.202+0000] {processor.py:186} INFO - Started process (PID=194) to work on /home/airflow/.local/lib/python3.12/site-packages/airflow/example_dags/example_inlet_event_extra.py
[2025-04-06T22:28:16.203+0000] {processor.py:914} INFO - Processing file /home/airflow/.local/lib/python3.12/site-packages/airflow/example_dags/example_inlet_event_extra.py for tasks to queue
[2025-04-06T22:28:16.207+0000] {logging_mixin.py:190} INFO - [2025-04-06T22:28:16.207+0000] {dagbag.py:588} INFO - Filling up the DagBag from /home/airflow/.local/lib/python3.12/site-packages/airflow/example_dags/example_inlet_event_extra.py
[2025-04-06T22:28:16.662+0000] {processor.py:925} INFO - DAG(s) 'read_dataset_event_from_classic', 'read_dataset_event' retrieved from /home/airflow/.local/lib/python3.12/site-packages/airflow/example_dags/example_inlet_event_extra.py
[2025-04-06T22:28:16.690+0000] {logging_mixin.py:190} INFO - [2025-04-06T22:28:16.690+0000] {dag.py:3239} INFO - Sync 2 DAGs
[2025-04-06T22:28:16.719+0000] {logging_mixin.py:190} INFO - [2025-04-06T22:28:16.719+0000] {dag.py:4180} INFO - Setting next_dagrun for read_dataset_event to 2025-04-05 00:00:00+00:00, run_after=2025-04-06 00:00:00+00:00
[2025-04-06T22:28:16.726+0000] {logging_mixin.py:190} INFO - [2025-04-06T22:28:16.725+0000] {dag.py:4180} INFO - Setting next_dagrun for read_dataset_event_from_classic to 2025-04-05 00:00:00+00:00, run_after=2025-04-06 00:00:00+00:00
[2025-04-06T22:28:16.744+0000] {processor.py:208} INFO - Processing /home/airflow/.local/lib/python3.12/site-packages/airflow/example_dags/example_inlet_event_extra.py took 0.548 seconds
[2025-04-06T22:28:46.921+0000] {processor.py:186} INFO - Started process (PID=262) to work on /home/airflow/.local/lib/python3.12/site-packages/airflow/example_dags/example_inlet_event_extra.py
[2025-04-06T22:28:46.922+0000] {processor.py:914} INFO - Processing file /home/airflow/.local/lib/python3.12/site-packages/airflow/example_dags/example_inlet_event_extra.py for tasks to queue
[2025-04-06T22:28:46.925+0000] {logging_mixin.py:190} INFO - [2025-04-06T22:28:46.924+0000] {dagbag.py:588} INFO - Filling up the DagBag from /home/airflow/.local/lib/python3.12/site-packages/airflow/example_dags/example_inlet_event_extra.py
[2025-04-06T22:28:47.241+0000] {processor.py:925} INFO - DAG(s) 'read_dataset_event', 'read_dataset_event_from_classic' retrieved from /home/airflow/.local/lib/python3.12/site-packages/airflow/example_dags/example_inlet_event_extra.py
[2025-04-06T22:28:47.258+0000] {logging_mixin.py:190} INFO - [2025-04-06T22:28:47.257+0000] {dag.py:3239} INFO - Sync 2 DAGs
[2025-04-06T22:28:47.279+0000] {logging_mixin.py:190} INFO - [2025-04-06T22:28:47.279+0000] {dag.py:4180} INFO - Setting next_dagrun for read_dataset_event to 2025-04-05 00:00:00+00:00, run_after=2025-04-06 00:00:00+00:00
[2025-04-06T22:28:47.283+0000] {logging_mixin.py:190} INFO - [2025-04-06T22:28:47.283+0000] {dag.py:4180} INFO - Setting next_dagrun for read_dataset_event_from_classic to 2025-04-05 00:00:00+00:00, run_after=2025-04-06 00:00:00+00:00
[2025-04-06T22:28:47.295+0000] {processor.py:208} INFO - Processing /home/airflow/.local/lib/python3.12/site-packages/airflow/example_dags/example_inlet_event_extra.py took 0.382 seconds
[2025-04-06T22:29:17.387+0000] {processor.py:186} INFO - Started process (PID=329) to work on /home/airflow/.local/lib/python3.12/site-packages/airflow/example_dags/example_inlet_event_extra.py
[2025-04-06T22:29:17.388+0000] {processor.py:914} INFO - Processing file /home/airflow/.local/lib/python3.12/site-packages/airflow/example_dags/example_inlet_event_extra.py for tasks to queue
[2025-04-06T22:29:17.391+0000] {logging_mixin.py:190} INFO - [2025-04-06T22:29:17.391+0000] {dagbag.py:588} INFO - Filling up the DagBag from /home/airflow/.local/lib/python3.12/site-packages/airflow/example_dags/example_inlet_event_extra.py
[2025-04-06T22:29:17.701+0000] {processor.py:925} INFO - DAG(s) 'read_dataset_event', 'read_dataset_event_from_classic' retrieved from /home/airflow/.local/lib/python3.12/site-packages/airflow/example_dags/example_inlet_event_extra.py
[2025-04-06T22:29:17.718+0000] {logging_mixin.py:190} INFO - [2025-04-06T22:29:17.718+0000] {dag.py:3239} INFO - Sync 2 DAGs
[2025-04-06T22:29:17.737+0000] {logging_mixin.py:190} INFO - [2025-04-06T22:29:17.737+0000] {dag.py:4180} INFO - Setting next_dagrun for read_dataset_event to 2025-04-05 00:00:00+00:00, run_after=2025-04-06 00:00:00+00:00
[2025-04-06T22:29:17.741+0000] {logging_mixin.py:190} INFO - [2025-04-06T22:29:17.741+0000] {dag.py:4180} INFO - Setting next_dagrun for read_dataset_event_from_classic to 2025-04-05 00:00:00+00:00, run_after=2025-04-06 00:00:00+00:00
[2025-04-06T22:29:17.751+0000] {processor.py:208} INFO - Processing /home/airflow/.local/lib/python3.12/site-packages/airflow/example_dags/example_inlet_event_extra.py took 0.371 seconds
[2025-04-06T22:29:47.968+0000] {processor.py:186} INFO - Started process (PID=389) to work on /home/airflow/.local/lib/python3.12/site-packages/airflow/example_dags/example_inlet_event_extra.py
[2025-04-06T22:29:47.970+0000] {processor.py:914} INFO - Processing file /home/airflow/.local/lib/python3.12/site-packages/airflow/example_dags/example_inlet_event_extra.py for tasks to queue
[2025-04-06T22:29:47.973+0000] {logging_mixin.py:190} INFO - [2025-04-06T22:29:47.972+0000] {dagbag.py:588} INFO - Filling up the DagBag from /home/airflow/.local/lib/python3.12/site-packages/airflow/example_dags/example_inlet_event_extra.py
[2025-04-06T22:29:48.101+0000] {processor.py:925} INFO - DAG(s) 'read_dataset_event_from_classic', 'read_dataset_event' retrieved from /home/airflow/.local/lib/python3.12/site-packages/airflow/example_dags/example_inlet_event_extra.py
[2025-04-06T22:29:48.307+0000] {logging_mixin.py:190} INFO - [2025-04-06T22:29:48.306+0000] {dag.py:3239} INFO - Sync 2 DAGs
[2025-04-06T22:29:48.326+0000] {logging_mixin.py:190} INFO - [2025-04-06T22:29:48.326+0000] {dag.py:4180} INFO - Setting next_dagrun for read_dataset_event to 2025-04-05 00:00:00+00:00, run_after=2025-04-06 00:00:00+00:00
[2025-04-06T22:29:48.330+0000] {logging_mixin.py:190} INFO - [2025-04-06T22:29:48.330+0000] {dag.py:4180} INFO - Setting next_dagrun for read_dataset_event_from_classic to 2025-04-05 00:00:00+00:00, run_after=2025-04-06 00:00:00+00:00
[2025-04-06T22:29:48.340+0000] {processor.py:208} INFO - Processing /home/airflow/.local/lib/python3.12/site-packages/airflow/example_dags/example_inlet_event_extra.py took 0.379 seconds
[2025-04-06T22:30:18.439+0000] {processor.py:186} INFO - Started process (PID=457) to work on /home/airflow/.local/lib/python3.12/site-packages/airflow/example_dags/example_inlet_event_extra.py
[2025-04-06T22:30:18.440+0000] {processor.py:914} INFO - Processing file /home/airflow/.local/lib/python3.12/site-packages/airflow/example_dags/example_inlet_event_extra.py for tasks to queue
[2025-04-06T22:30:18.442+0000] {logging_mixin.py:190} INFO - [2025-04-06T22:30:18.442+0000] {dagbag.py:588} INFO - Filling up the DagBag from /home/airflow/.local/lib/python3.12/site-packages/airflow/example_dags/example_inlet_event_extra.py
[2025-04-06T22:30:18.749+0000] {processor.py:925} INFO - DAG(s) 'read_dataset_event_from_classic', 'read_dataset_event' retrieved from /home/airflow/.local/lib/python3.12/site-packages/airflow/example_dags/example_inlet_event_extra.py
[2025-04-06T22:30:18.766+0000] {logging_mixin.py:190} INFO - [2025-04-06T22:30:18.766+0000] {dag.py:3239} INFO - Sync 2 DAGs
[2025-04-06T22:30:18.789+0000] {logging_mixin.py:190} INFO - [2025-04-06T22:30:18.788+0000] {dag.py:4180} INFO - Setting next_dagrun for read_dataset_event to 2025-04-05 00:00:00+00:00, run_after=2025-04-06 00:00:00+00:00
[2025-04-06T22:30:18.794+0000] {logging_mixin.py:190} INFO - [2025-04-06T22:30:18.794+0000] {dag.py:4180} INFO - Setting next_dagrun for read_dataset_event_from_classic to 2025-04-05 00:00:00+00:00, run_after=2025-04-06 00:00:00+00:00
[2025-04-06T22:30:18.807+0000] {processor.py:208} INFO - Processing /home/airflow/.local/lib/python3.12/site-packages/airflow/example_dags/example_inlet_event_extra.py took 0.375 seconds
[2025-04-06T22:30:48.933+0000] {processor.py:186} INFO - Started process (PID=524) to work on /home/airflow/.local/lib/python3.12/site-packages/airflow/example_dags/example_inlet_event_extra.py
[2025-04-06T22:30:48.934+0000] {processor.py:914} INFO - Processing file /home/airflow/.local/lib/python3.12/site-packages/airflow/example_dags/example_inlet_event_extra.py for tasks to queue
[2025-04-06T22:30:48.937+0000] {logging_mixin.py:190} INFO - [2025-04-06T22:30:48.937+0000] {dagbag.py:588} INFO - Filling up the DagBag from /home/airflow/.local/lib/python3.12/site-packages/airflow/example_dags/example_inlet_event_extra.py
[2025-04-06T22:30:49.251+0000] {processor.py:925} INFO - DAG(s) 'read_dataset_event', 'read_dataset_event_from_classic' retrieved from /home/airflow/.local/lib/python3.12/site-packages/airflow/example_dags/example_inlet_event_extra.py
[2025-04-06T22:30:49.270+0000] {logging_mixin.py:190} INFO - [2025-04-06T22:30:49.270+0000] {dag.py:3239} INFO - Sync 2 DAGs
[2025-04-06T22:30:49.290+0000] {logging_mixin.py:190} INFO - [2025-04-06T22:30:49.290+0000] {dag.py:4180} INFO - Setting next_dagrun for read_dataset_event to 2025-04-05 00:00:00+00:00, run_after=2025-04-06 00:00:00+00:00
[2025-04-06T22:30:49.294+0000] {logging_mixin.py:190} INFO - [2025-04-06T22:30:49.294+0000] {dag.py:4180} INFO - Setting next_dagrun for read_dataset_event_from_classic to 2025-04-05 00:00:00+00:00, run_after=2025-04-06 00:00:00+00:00
[2025-04-06T22:30:49.305+0000] {processor.py:208} INFO - Processing /home/airflow/.local/lib/python3.12/site-packages/airflow/example_dags/example_inlet_event_extra.py took 0.379 seconds
[2025-04-06T22:31:19.607+0000] {processor.py:186} INFO - Started process (PID=584) to work on /home/airflow/.local/lib/python3.12/site-packages/airflow/example_dags/example_inlet_event_extra.py
[2025-04-06T22:31:19.610+0000] {processor.py:914} INFO - Processing file /home/airflow/.local/lib/python3.12/site-packages/airflow/example_dags/example_inlet_event_extra.py for tasks to queue
[2025-04-06T22:31:19.613+0000] {logging_mixin.py:190} INFO - [2025-04-06T22:31:19.613+0000] {dagbag.py:588} INFO - Filling up the DagBag from /home/airflow/.local/lib/python3.12/site-packages/airflow/example_dags/example_inlet_event_extra.py
[2025-04-06T22:31:19.940+0000] {processor.py:925} INFO - DAG(s) 'read_dataset_event_from_classic', 'read_dataset_event' retrieved from /home/airflow/.local/lib/python3.12/site-packages/airflow/example_dags/example_inlet_event_extra.py
[2025-04-06T22:31:19.957+0000] {logging_mixin.py:190} INFO - [2025-04-06T22:31:19.957+0000] {dag.py:3239} INFO - Sync 2 DAGs
[2025-04-06T22:31:19.979+0000] {logging_mixin.py:190} INFO - [2025-04-06T22:31:19.978+0000] {dag.py:4180} INFO - Setting next_dagrun for read_dataset_event to 2025-04-05 00:00:00+00:00, run_after=2025-04-06 00:00:00+00:00
[2025-04-06T22:31:19.983+0000] {logging_mixin.py:190} INFO - [2025-04-06T22:31:19.982+0000] {dag.py:4180} INFO - Setting next_dagrun for read_dataset_event_from_classic to 2025-04-05 00:00:00+00:00, run_after=2025-04-06 00:00:00+00:00
[2025-04-06T22:31:19.994+0000] {processor.py:208} INFO - Processing /home/airflow/.local/lib/python3.12/site-packages/airflow/example_dags/example_inlet_event_extra.py took 0.395 seconds
[2025-04-06T22:31:50.251+0000] {processor.py:186} INFO - Started process (PID=650) to work on /home/airflow/.local/lib/python3.12/site-packages/airflow/example_dags/example_inlet_event_extra.py
[2025-04-06T22:31:50.252+0000] {processor.py:914} INFO - Processing file /home/airflow/.local/lib/python3.12/site-packages/airflow/example_dags/example_inlet_event_extra.py for tasks to queue
[2025-04-06T22:31:50.255+0000] {logging_mixin.py:190} INFO - [2025-04-06T22:31:50.255+0000] {dagbag.py:588} INFO - Filling up the DagBag from /home/airflow/.local/lib/python3.12/site-packages/airflow/example_dags/example_inlet_event_extra.py
[2025-04-06T22:31:50.553+0000] {processor.py:925} INFO - DAG(s) 'read_dataset_event', 'read_dataset_event_from_classic' retrieved from /home/airflow/.local/lib/python3.12/site-packages/airflow/example_dags/example_inlet_event_extra.py
[2025-04-06T22:31:50.571+0000] {logging_mixin.py:190} INFO - [2025-04-06T22:31:50.571+0000] {dag.py:3239} INFO - Sync 2 DAGs
[2025-04-06T22:31:50.591+0000] {logging_mixin.py:190} INFO - [2025-04-06T22:31:50.590+0000] {dag.py:4180} INFO - Setting next_dagrun for read_dataset_event to 2025-04-05 00:00:00+00:00, run_after=2025-04-06 00:00:00+00:00
[2025-04-06T22:31:50.594+0000] {logging_mixin.py:190} INFO - [2025-04-06T22:31:50.594+0000] {dag.py:4180} INFO - Setting next_dagrun for read_dataset_event_from_classic to 2025-04-05 00:00:00+00:00, run_after=2025-04-06 00:00:00+00:00
[2025-04-06T22:31:50.607+0000] {processor.py:208} INFO - Processing /home/airflow/.local/lib/python3.12/site-packages/airflow/example_dags/example_inlet_event_extra.py took 0.363 seconds
[2025-04-06T22:32:20.664+0000] {processor.py:186} INFO - Started process (PID=715) to work on /home/airflow/.local/lib/python3.12/site-packages/airflow/example_dags/example_inlet_event_extra.py
[2025-04-06T22:32:20.665+0000] {processor.py:914} INFO - Processing file /home/airflow/.local/lib/python3.12/site-packages/airflow/example_dags/example_inlet_event_extra.py for tasks to queue
[2025-04-06T22:32:20.667+0000] {logging_mixin.py:190} INFO - [2025-04-06T22:32:20.667+0000] {dagbag.py:588} INFO - Filling up the DagBag from /home/airflow/.local/lib/python3.12/site-packages/airflow/example_dags/example_inlet_event_extra.py
[2025-04-06T22:32:20.974+0000] {processor.py:925} INFO - DAG(s) 'read_dataset_event', 'read_dataset_event_from_classic' retrieved from /home/airflow/.local/lib/python3.12/site-packages/airflow/example_dags/example_inlet_event_extra.py
[2025-04-06T22:32:20.991+0000] {logging_mixin.py:190} INFO - [2025-04-06T22:32:20.991+0000] {dag.py:3239} INFO - Sync 2 DAGs
[2025-04-06T22:32:21.010+0000] {logging_mixin.py:190} INFO - [2025-04-06T22:32:21.010+0000] {dag.py:4180} INFO - Setting next_dagrun for read_dataset_event to 2025-04-05 00:00:00+00:00, run_after=2025-04-06 00:00:00+00:00
[2025-04-06T22:32:21.014+0000] {logging_mixin.py:190} INFO - [2025-04-06T22:32:21.014+0000] {dag.py:4180} INFO - Setting next_dagrun for read_dataset_event_from_classic to 2025-04-05 00:00:00+00:00, run_after=2025-04-06 00:00:00+00:00
[2025-04-06T22:32:21.024+0000] {processor.py:208} INFO - Processing /home/airflow/.local/lib/python3.12/site-packages/airflow/example_dags/example_inlet_event_extra.py took 0.368 seconds
[2025-04-06T22:32:51.344+0000] {processor.py:186} INFO - Started process (PID=780) to work on /home/airflow/.local/lib/python3.12/site-packages/airflow/example_dags/example_inlet_event_extra.py
[2025-04-06T22:32:51.345+0000] {processor.py:914} INFO - Processing file /home/airflow/.local/lib/python3.12/site-packages/airflow/example_dags/example_inlet_event_extra.py for tasks to queue
[2025-04-06T22:32:51.348+0000] {logging_mixin.py:190} INFO - [2025-04-06T22:32:51.348+0000] {dagbag.py:588} INFO - Filling up the DagBag from /home/airflow/.local/lib/python3.12/site-packages/airflow/example_dags/example_inlet_event_extra.py
[2025-04-06T22:32:51.642+0000] {processor.py:925} INFO - DAG(s) 'read_dataset_event', 'read_dataset_event_from_classic' retrieved from /home/airflow/.local/lib/python3.12/site-packages/airflow/example_dags/example_inlet_event_extra.py
[2025-04-06T22:32:51.658+0000] {logging_mixin.py:190} INFO - [2025-04-06T22:32:51.657+0000] {dag.py:3239} INFO - Sync 2 DAGs
[2025-04-06T22:32:51.675+0000] {logging_mixin.py:190} INFO - [2025-04-06T22:32:51.675+0000] {dag.py:4180} INFO - Setting next_dagrun for read_dataset_event to 2025-04-05 00:00:00+00:00, run_after=2025-04-06 00:00:00+00:00
[2025-04-06T22:32:51.679+0000] {logging_mixin.py:190} INFO - [2025-04-06T22:32:51.679+0000] {dag.py:4180} INFO - Setting next_dagrun for read_dataset_event_from_classic to 2025-04-05 00:00:00+00:00, run_after=2025-04-06 00:00:00+00:00
[2025-04-06T22:32:51.691+0000] {processor.py:208} INFO - Processing /home/airflow/.local/lib/python3.12/site-packages/airflow/example_dags/example_inlet_event_extra.py took 0.354 seconds
[2025-04-06T22:33:22.071+0000] {processor.py:186} INFO - Started process (PID=845) to work on /home/airflow/.local/lib/python3.12/site-packages/airflow/example_dags/example_inlet_event_extra.py
[2025-04-06T22:33:22.071+0000] {processor.py:914} INFO - Processing file /home/airflow/.local/lib/python3.12/site-packages/airflow/example_dags/example_inlet_event_extra.py for tasks to queue
[2025-04-06T22:33:22.073+0000] {logging_mixin.py:190} INFO - [2025-04-06T22:33:22.073+0000] {dagbag.py:588} INFO - Filling up the DagBag from /home/airflow/.local/lib/python3.12/site-packages/airflow/example_dags/example_inlet_event_extra.py
[2025-04-06T22:33:22.377+0000] {processor.py:925} INFO - DAG(s) 'read_dataset_event', 'read_dataset_event_from_classic' retrieved from /home/airflow/.local/lib/python3.12/site-packages/airflow/example_dags/example_inlet_event_extra.py
[2025-04-06T22:33:22.394+0000] {logging_mixin.py:190} INFO - [2025-04-06T22:33:22.394+0000] {dag.py:3239} INFO - Sync 2 DAGs
[2025-04-06T22:33:22.415+0000] {logging_mixin.py:190} INFO - [2025-04-06T22:33:22.415+0000] {dag.py:4180} INFO - Setting next_dagrun for read_dataset_event to 2025-04-05 00:00:00+00:00, run_after=2025-04-06 00:00:00+00:00
[2025-04-06T22:33:22.420+0000] {logging_mixin.py:190} INFO - [2025-04-06T22:33:22.420+0000] {dag.py:4180} INFO - Setting next_dagrun for read_dataset_event_from_classic to 2025-04-05 00:00:00+00:00, run_after=2025-04-06 00:00:00+00:00
[2025-04-06T22:33:22.433+0000] {processor.py:208} INFO - Processing /home/airflow/.local/lib/python3.12/site-packages/airflow/example_dags/example_inlet_event_extra.py took 0.366 seconds
[2025-04-06T22:33:52.854+0000] {processor.py:186} INFO - Started process (PID=908) to work on /home/airflow/.local/lib/python3.12/site-packages/airflow/example_dags/example_inlet_event_extra.py
[2025-04-06T22:33:52.855+0000] {processor.py:914} INFO - Processing file /home/airflow/.local/lib/python3.12/site-packages/airflow/example_dags/example_inlet_event_extra.py for tasks to queue
[2025-04-06T22:33:52.857+0000] {logging_mixin.py:190} INFO - [2025-04-06T22:33:52.857+0000] {dagbag.py:588} INFO - Filling up the DagBag from /home/airflow/.local/lib/python3.12/site-packages/airflow/example_dags/example_inlet_event_extra.py
[2025-04-06T22:33:53.169+0000] {processor.py:925} INFO - DAG(s) 'read_dataset_event', 'read_dataset_event_from_classic' retrieved from /home/airflow/.local/lib/python3.12/site-packages/airflow/example_dags/example_inlet_event_extra.py
[2025-04-06T22:33:53.184+0000] {logging_mixin.py:190} INFO - [2025-04-06T22:33:53.184+0000] {dag.py:3239} INFO - Sync 2 DAGs
[2025-04-06T22:33:53.205+0000] {logging_mixin.py:190} INFO - [2025-04-06T22:33:53.205+0000] {dag.py:4180} INFO - Setting next_dagrun for read_dataset_event to 2025-04-05 00:00:00+00:00, run_after=2025-04-06 00:00:00+00:00
[2025-04-06T22:33:53.210+0000] {logging_mixin.py:190} INFO - [2025-04-06T22:33:53.209+0000] {dag.py:4180} INFO - Setting next_dagrun for read_dataset_event_from_classic to 2025-04-05 00:00:00+00:00, run_after=2025-04-06 00:00:00+00:00
[2025-04-06T22:33:53.222+0000] {processor.py:208} INFO - Processing /home/airflow/.local/lib/python3.12/site-packages/airflow/example_dags/example_inlet_event_extra.py took 0.372 seconds
[2025-04-06T22:34:23.646+0000] {processor.py:186} INFO - Started process (PID=974) to work on /home/airflow/.local/lib/python3.12/site-packages/airflow/example_dags/example_inlet_event_extra.py
[2025-04-06T22:34:23.647+0000] {processor.py:914} INFO - Processing file /home/airflow/.local/lib/python3.12/site-packages/airflow/example_dags/example_inlet_event_extra.py for tasks to queue
[2025-04-06T22:34:23.650+0000] {logging_mixin.py:190} INFO - [2025-04-06T22:34:23.650+0000] {dagbag.py:588} INFO - Filling up the DagBag from /home/airflow/.local/lib/python3.12/site-packages/airflow/example_dags/example_inlet_event_extra.py
[2025-04-06T22:34:23.975+0000] {processor.py:925} INFO - DAG(s) 'read_dataset_event_from_classic', 'read_dataset_event' retrieved from /home/airflow/.local/lib/python3.12/site-packages/airflow/example_dags/example_inlet_event_extra.py
[2025-04-06T22:34:23.993+0000] {logging_mixin.py:190} INFO - [2025-04-06T22:34:23.993+0000] {dag.py:3239} INFO - Sync 2 DAGs
[2025-04-06T22:34:24.015+0000] {logging_mixin.py:190} INFO - [2025-04-06T22:34:24.015+0000] {dag.py:4180} INFO - Setting next_dagrun for read_dataset_event to 2025-04-05 00:00:00+00:00, run_after=2025-04-06 00:00:00+00:00
[2025-04-06T22:34:24.019+0000] {logging_mixin.py:190} INFO - [2025-04-06T22:34:24.019+0000] {dag.py:4180} INFO - Setting next_dagrun for read_dataset_event_from_classic to 2025-04-05 00:00:00+00:00, run_after=2025-04-06 00:00:00+00:00
[2025-04-06T22:34:24.030+0000] {processor.py:208} INFO - Processing /home/airflow/.local/lib/python3.12/site-packages/airflow/example_dags/example_inlet_event_extra.py took 0.391 seconds
[2025-04-06T22:34:54.213+0000] {processor.py:186} INFO - Started process (PID=1040) to work on /home/airflow/.local/lib/python3.12/site-packages/airflow/example_dags/example_inlet_event_extra.py
[2025-04-06T22:34:54.214+0000] {processor.py:914} INFO - Processing file /home/airflow/.local/lib/python3.12/site-packages/airflow/example_dags/example_inlet_event_extra.py for tasks to queue
[2025-04-06T22:34:54.217+0000] {logging_mixin.py:190} INFO - [2025-04-06T22:34:54.217+0000] {dagbag.py:588} INFO - Filling up the DagBag from /home/airflow/.local/lib/python3.12/site-packages/airflow/example_dags/example_inlet_event_extra.py
[2025-04-06T22:34:54.539+0000] {processor.py:925} INFO - DAG(s) 'read_dataset_event', 'read_dataset_event_from_classic' retrieved from /home/airflow/.local/lib/python3.12/site-packages/airflow/example_dags/example_inlet_event_extra.py
[2025-04-06T22:34:54.558+0000] {logging_mixin.py:190} INFO - [2025-04-06T22:34:54.558+0000] {dag.py:3239} INFO - Sync 2 DAGs
[2025-04-06T22:34:54.578+0000] {logging_mixin.py:190} INFO - [2025-04-06T22:34:54.578+0000] {dag.py:4180} INFO - Setting next_dagrun for read_dataset_event to 2025-04-05 00:00:00+00:00, run_after=2025-04-06 00:00:00+00:00
[2025-04-06T22:34:54.582+0000] {logging_mixin.py:190} INFO - [2025-04-06T22:34:54.582+0000] {dag.py:4180} INFO - Setting next_dagrun for read_dataset_event_from_classic to 2025-04-05 00:00:00+00:00, run_after=2025-04-06 00:00:00+00:00
[2025-04-06T22:34:54.593+0000] {processor.py:208} INFO - Processing /home/airflow/.local/lib/python3.12/site-packages/airflow/example_dags/example_inlet_event_extra.py took 0.387 seconds
[2025-04-06T22:35:25.185+0000] {processor.py:186} INFO - Started process (PID=1104) to work on /home/airflow/.local/lib/python3.12/site-packages/airflow/example_dags/example_inlet_event_extra.py
[2025-04-06T22:35:25.186+0000] {processor.py:914} INFO - Processing file /home/airflow/.local/lib/python3.12/site-packages/airflow/example_dags/example_inlet_event_extra.py for tasks to queue
[2025-04-06T22:35:25.187+0000] {logging_mixin.py:190} INFO - [2025-04-06T22:35:25.187+0000] {dagbag.py:588} INFO - Filling up the DagBag from /home/airflow/.local/lib/python3.12/site-packages/airflow/example_dags/example_inlet_event_extra.py
[2025-04-06T22:35:25.508+0000] {processor.py:925} INFO - DAG(s) 'read_dataset_event_from_classic', 'read_dataset_event' retrieved from /home/airflow/.local/lib/python3.12/site-packages/airflow/example_dags/example_inlet_event_extra.py
[2025-04-06T22:35:25.526+0000] {logging_mixin.py:190} INFO - [2025-04-06T22:35:25.525+0000] {dag.py:3239} INFO - Sync 2 DAGs
[2025-04-06T22:35:25.546+0000] {logging_mixin.py:190} INFO - [2025-04-06T22:35:25.545+0000] {dag.py:4180} INFO - Setting next_dagrun for read_dataset_event to 2025-04-05 00:00:00+00:00, run_after=2025-04-06 00:00:00+00:00
[2025-04-06T22:35:25.550+0000] {logging_mixin.py:190} INFO - [2025-04-06T22:35:25.549+0000] {dag.py:4180} INFO - Setting next_dagrun for read_dataset_event_from_classic to 2025-04-05 00:00:00+00:00, run_after=2025-04-06 00:00:00+00:00
[2025-04-06T22:35:25.560+0000] {processor.py:208} INFO - Processing /home/airflow/.local/lib/python3.12/site-packages/airflow/example_dags/example_inlet_event_extra.py took 0.379 seconds
[2025-04-06T22:35:55.806+0000] {processor.py:186} INFO - Started process (PID=1171) to work on /home/airflow/.local/lib/python3.12/site-packages/airflow/example_dags/example_inlet_event_extra.py
[2025-04-06T22:35:55.807+0000] {processor.py:914} INFO - Processing file /home/airflow/.local/lib/python3.12/site-packages/airflow/example_dags/example_inlet_event_extra.py for tasks to queue
[2025-04-06T22:35:55.809+0000] {logging_mixin.py:190} INFO - [2025-04-06T22:35:55.809+0000] {dagbag.py:588} INFO - Filling up the DagBag from /home/airflow/.local/lib/python3.12/site-packages/airflow/example_dags/example_inlet_event_extra.py
[2025-04-06T22:35:56.126+0000] {processor.py:925} INFO - DAG(s) 'read_dataset_event', 'read_dataset_event_from_classic' retrieved from /home/airflow/.local/lib/python3.12/site-packages/airflow/example_dags/example_inlet_event_extra.py
[2025-04-06T22:35:56.144+0000] {logging_mixin.py:190} INFO - [2025-04-06T22:35:56.144+0000] {dag.py:3239} INFO - Sync 2 DAGs
[2025-04-06T22:35:56.164+0000] {logging_mixin.py:190} INFO - [2025-04-06T22:35:56.164+0000] {dag.py:4180} INFO - Setting next_dagrun for read_dataset_event to 2025-04-05 00:00:00+00:00, run_after=2025-04-06 00:00:00+00:00
[2025-04-06T22:35:56.168+0000] {logging_mixin.py:190} INFO - [2025-04-06T22:35:56.168+0000] {dag.py:4180} INFO - Setting next_dagrun for read_dataset_event_from_classic to 2025-04-05 00:00:00+00:00, run_after=2025-04-06 00:00:00+00:00
[2025-04-06T22:35:56.179+0000] {processor.py:208} INFO - Processing /home/airflow/.local/lib/python3.12/site-packages/airflow/example_dags/example_inlet_event_extra.py took 0.377 seconds
[2025-04-06T22:36:26.718+0000] {processor.py:186} INFO - Started process (PID=1237) to work on /home/airflow/.local/lib/python3.12/site-packages/airflow/example_dags/example_inlet_event_extra.py
[2025-04-06T22:36:26.721+0000] {processor.py:914} INFO - Processing file /home/airflow/.local/lib/python3.12/site-packages/airflow/example_dags/example_inlet_event_extra.py for tasks to queue
[2025-04-06T22:36:26.724+0000] {logging_mixin.py:190} INFO - [2025-04-06T22:36:26.724+0000] {dagbag.py:588} INFO - Filling up the DagBag from /home/airflow/.local/lib/python3.12/site-packages/airflow/example_dags/example_inlet_event_extra.py
[2025-04-06T22:36:27.026+0000] {processor.py:925} INFO - DAG(s) 'read_dataset_event_from_classic', 'read_dataset_event' retrieved from /home/airflow/.local/lib/python3.12/site-packages/airflow/example_dags/example_inlet_event_extra.py
[2025-04-06T22:36:27.041+0000] {logging_mixin.py:190} INFO - [2025-04-06T22:36:27.041+0000] {dag.py:3239} INFO - Sync 2 DAGs
[2025-04-06T22:36:27.060+0000] {logging_mixin.py:190} INFO - [2025-04-06T22:36:27.060+0000] {dag.py:4180} INFO - Setting next_dagrun for read_dataset_event to 2025-04-05 00:00:00+00:00, run_after=2025-04-06 00:00:00+00:00
[2025-04-06T22:36:27.064+0000] {logging_mixin.py:190} INFO - [2025-04-06T22:36:27.063+0000] {dag.py:4180} INFO - Setting next_dagrun for read_dataset_event_from_classic to 2025-04-05 00:00:00+00:00, run_after=2025-04-06 00:00:00+00:00
[2025-04-06T22:36:27.073+0000] {processor.py:208} INFO - Processing /home/airflow/.local/lib/python3.12/site-packages/airflow/example_dags/example_inlet_event_extra.py took 0.364 seconds
[2025-04-06T22:36:57.311+0000] {processor.py:186} INFO - Started process (PID=1302) to work on /home/airflow/.local/lib/python3.12/site-packages/airflow/example_dags/example_inlet_event_extra.py
[2025-04-06T22:36:57.312+0000] {processor.py:914} INFO - Processing file /home/airflow/.local/lib/python3.12/site-packages/airflow/example_dags/example_inlet_event_extra.py for tasks to queue
[2025-04-06T22:36:57.314+0000] {logging_mixin.py:190} INFO - [2025-04-06T22:36:57.313+0000] {dagbag.py:588} INFO - Filling up the DagBag from /home/airflow/.local/lib/python3.12/site-packages/airflow/example_dags/example_inlet_event_extra.py
[2025-04-06T22:36:57.621+0000] {processor.py:925} INFO - DAG(s) 'read_dataset_event_from_classic', 'read_dataset_event' retrieved from /home/airflow/.local/lib/python3.12/site-packages/airflow/example_dags/example_inlet_event_extra.py
[2025-04-06T22:36:57.639+0000] {logging_mixin.py:190} INFO - [2025-04-06T22:36:57.639+0000] {dag.py:3239} INFO - Sync 2 DAGs
[2025-04-06T22:36:57.663+0000] {logging_mixin.py:190} INFO - [2025-04-06T22:36:57.662+0000] {dag.py:4180} INFO - Setting next_dagrun for read_dataset_event to 2025-04-05 00:00:00+00:00, run_after=2025-04-06 00:00:00+00:00
[2025-04-06T22:36:57.667+0000] {logging_mixin.py:190} INFO - [2025-04-06T22:36:57.667+0000] {dag.py:4180} INFO - Setting next_dagrun for read_dataset_event_from_classic to 2025-04-05 00:00:00+00:00, run_after=2025-04-06 00:00:00+00:00
[2025-04-06T22:36:57.677+0000] {processor.py:208} INFO - Processing /home/airflow/.local/lib/python3.12/site-packages/airflow/example_dags/example_inlet_event_extra.py took 0.370 seconds
[2025-04-06T22:37:28.038+0000] {processor.py:186} INFO - Started process (PID=1369) to work on /home/airflow/.local/lib/python3.12/site-packages/airflow/example_dags/example_inlet_event_extra.py
[2025-04-06T22:37:28.039+0000] {processor.py:914} INFO - Processing file /home/airflow/.local/lib/python3.12/site-packages/airflow/example_dags/example_inlet_event_extra.py for tasks to queue
[2025-04-06T22:37:28.042+0000] {logging_mixin.py:190} INFO - [2025-04-06T22:37:28.042+0000] {dagbag.py:588} INFO - Filling up the DagBag from /home/airflow/.local/lib/python3.12/site-packages/airflow/example_dags/example_inlet_event_extra.py
[2025-04-06T22:37:28.346+0000] {processor.py:925} INFO - DAG(s) 'read_dataset_event', 'read_dataset_event_from_classic' retrieved from /home/airflow/.local/lib/python3.12/site-packages/airflow/example_dags/example_inlet_event_extra.py
[2025-04-06T22:37:28.362+0000] {logging_mixin.py:190} INFO - [2025-04-06T22:37:28.362+0000] {dag.py:3239} INFO - Sync 2 DAGs
[2025-04-06T22:37:28.383+0000] {logging_mixin.py:190} INFO - [2025-04-06T22:37:28.383+0000] {dag.py:4180} INFO - Setting next_dagrun for read_dataset_event to 2025-04-05 00:00:00+00:00, run_after=2025-04-06 00:00:00+00:00
[2025-04-06T22:37:28.388+0000] {logging_mixin.py:190} INFO - [2025-04-06T22:37:28.388+0000] {dag.py:4180} INFO - Setting next_dagrun for read_dataset_event_from_classic to 2025-04-05 00:00:00+00:00, run_after=2025-04-06 00:00:00+00:00
[2025-04-06T22:37:28.401+0000] {processor.py:208} INFO - Processing /home/airflow/.local/lib/python3.12/site-packages/airflow/example_dags/example_inlet_event_extra.py took 0.370 seconds
[2025-04-06T22:37:58.678+0000] {processor.py:186} INFO - Started process (PID=1432) to work on /home/airflow/.local/lib/python3.12/site-packages/airflow/example_dags/example_inlet_event_extra.py
[2025-04-06T22:37:58.679+0000] {processor.py:914} INFO - Processing file /home/airflow/.local/lib/python3.12/site-packages/airflow/example_dags/example_inlet_event_extra.py for tasks to queue
[2025-04-06T22:37:58.682+0000] {logging_mixin.py:190} INFO - [2025-04-06T22:37:58.682+0000] {dagbag.py:588} INFO - Filling up the DagBag from /home/airflow/.local/lib/python3.12/site-packages/airflow/example_dags/example_inlet_event_extra.py
[2025-04-06T22:37:59.004+0000] {processor.py:925} INFO - DAG(s) 'read_dataset_event_from_classic', 'read_dataset_event' retrieved from /home/airflow/.local/lib/python3.12/site-packages/airflow/example_dags/example_inlet_event_extra.py
[2025-04-06T22:37:59.019+0000] {logging_mixin.py:190} INFO - [2025-04-06T22:37:59.019+0000] {dag.py:3239} INFO - Sync 2 DAGs
[2025-04-06T22:37:59.038+0000] {logging_mixin.py:190} INFO - [2025-04-06T22:37:59.037+0000] {dag.py:4180} INFO - Setting next_dagrun for read_dataset_event to 2025-04-05 00:00:00+00:00, run_after=2025-04-06 00:00:00+00:00
[2025-04-06T22:37:59.041+0000] {logging_mixin.py:190} INFO - [2025-04-06T22:37:59.041+0000] {dag.py:4180} INFO - Setting next_dagrun for read_dataset_event_from_classic to 2025-04-05 00:00:00+00:00, run_after=2025-04-06 00:00:00+00:00
[2025-04-06T22:37:59.052+0000] {processor.py:208} INFO - Processing /home/airflow/.local/lib/python3.12/site-packages/airflow/example_dags/example_inlet_event_extra.py took 0.381 seconds
[2025-04-06T22:38:29.325+0000] {processor.py:186} INFO - Started process (PID=1497) to work on /home/airflow/.local/lib/python3.12/site-packages/airflow/example_dags/example_inlet_event_extra.py
[2025-04-06T22:38:29.326+0000] {processor.py:914} INFO - Processing file /home/airflow/.local/lib/python3.12/site-packages/airflow/example_dags/example_inlet_event_extra.py for tasks to queue
[2025-04-06T22:38:29.329+0000] {logging_mixin.py:190} INFO - [2025-04-06T22:38:29.329+0000] {dagbag.py:588} INFO - Filling up the DagBag from /home/airflow/.local/lib/python3.12/site-packages/airflow/example_dags/example_inlet_event_extra.py
[2025-04-06T22:38:29.632+0000] {processor.py:925} INFO - DAG(s) 'read_dataset_event', 'read_dataset_event_from_classic' retrieved from /home/airflow/.local/lib/python3.12/site-packages/airflow/example_dags/example_inlet_event_extra.py
[2025-04-06T22:38:29.650+0000] {logging_mixin.py:190} INFO - [2025-04-06T22:38:29.650+0000] {dag.py:3239} INFO - Sync 2 DAGs
[2025-04-06T22:38:29.673+0000] {logging_mixin.py:190} INFO - [2025-04-06T22:38:29.673+0000] {dag.py:4180} INFO - Setting next_dagrun for read_dataset_event to 2025-04-05 00:00:00+00:00, run_after=2025-04-06 00:00:00+00:00
[2025-04-06T22:38:29.677+0000] {logging_mixin.py:190} INFO - [2025-04-06T22:38:29.677+0000] {dag.py:4180} INFO - Setting next_dagrun for read_dataset_event_from_classic to 2025-04-05 00:00:00+00:00, run_after=2025-04-06 00:00:00+00:00
[2025-04-06T22:38:29.686+0000] {processor.py:208} INFO - Processing /home/airflow/.local/lib/python3.12/site-packages/airflow/example_dags/example_inlet_event_extra.py took 0.369 seconds
[2025-04-06T22:38:59.763+0000] {processor.py:186} INFO - Started process (PID=1564) to work on /home/airflow/.local/lib/python3.12/site-packages/airflow/example_dags/example_inlet_event_extra.py
[2025-04-06T22:38:59.764+0000] {processor.py:914} INFO - Processing file /home/airflow/.local/lib/python3.12/site-packages/airflow/example_dags/example_inlet_event_extra.py for tasks to queue
[2025-04-06T22:38:59.767+0000] {logging_mixin.py:190} INFO - [2025-04-06T22:38:59.767+0000] {dagbag.py:588} INFO - Filling up the DagBag from /home/airflow/.local/lib/python3.12/site-packages/airflow/example_dags/example_inlet_event_extra.py
[2025-04-06T22:39:00.075+0000] {processor.py:925} INFO - DAG(s) 'read_dataset_event', 'read_dataset_event_from_classic' retrieved from /home/airflow/.local/lib/python3.12/site-packages/airflow/example_dags/example_inlet_event_extra.py
[2025-04-06T22:39:00.094+0000] {logging_mixin.py:190} INFO - [2025-04-06T22:39:00.094+0000] {dag.py:3239} INFO - Sync 2 DAGs
[2025-04-06T22:39:00.113+0000] {logging_mixin.py:190} INFO - [2025-04-06T22:39:00.113+0000] {dag.py:4180} INFO - Setting next_dagrun for read_dataset_event to 2025-04-05 00:00:00+00:00, run_after=2025-04-06 00:00:00+00:00
[2025-04-06T22:39:00.117+0000] {logging_mixin.py:190} INFO - [2025-04-06T22:39:00.117+0000] {dag.py:4180} INFO - Setting next_dagrun for read_dataset_event_from_classic to 2025-04-05 00:00:00+00:00, run_after=2025-04-06 00:00:00+00:00
[2025-04-06T22:39:00.127+0000] {processor.py:208} INFO - Processing /home/airflow/.local/lib/python3.12/site-packages/airflow/example_dags/example_inlet_event_extra.py took 0.371 seconds
[2025-04-06T22:39:30.790+0000] {processor.py:186} INFO - Started process (PID=1625) to work on /home/airflow/.local/lib/python3.12/site-packages/airflow/example_dags/example_inlet_event_extra.py
[2025-04-06T22:39:30.793+0000] {processor.py:914} INFO - Processing file /home/airflow/.local/lib/python3.12/site-packages/airflow/example_dags/example_inlet_event_extra.py for tasks to queue
[2025-04-06T22:39:30.797+0000] {logging_mixin.py:190} INFO - [2025-04-06T22:39:30.796+0000] {dagbag.py:588} INFO - Filling up the DagBag from /home/airflow/.local/lib/python3.12/site-packages/airflow/example_dags/example_inlet_event_extra.py
[2025-04-06T22:39:31.144+0000] {processor.py:925} INFO - DAG(s) 'read_dataset_event_from_classic', 'read_dataset_event' retrieved from /home/airflow/.local/lib/python3.12/site-packages/airflow/example_dags/example_inlet_event_extra.py
[2025-04-06T22:39:31.160+0000] {logging_mixin.py:190} INFO - [2025-04-06T22:39:31.160+0000] {dag.py:3239} INFO - Sync 2 DAGs
[2025-04-06T22:39:31.180+0000] {logging_mixin.py:190} INFO - [2025-04-06T22:39:31.180+0000] {dag.py:4180} INFO - Setting next_dagrun for read_dataset_event to 2025-04-05 00:00:00+00:00, run_after=2025-04-06 00:00:00+00:00
[2025-04-06T22:39:31.184+0000] {logging_mixin.py:190} INFO - [2025-04-06T22:39:31.184+0000] {dag.py:4180} INFO - Setting next_dagrun for read_dataset_event_from_classic to 2025-04-05 00:00:00+00:00, run_after=2025-04-06 00:00:00+00:00
[2025-04-06T22:39:31.195+0000] {processor.py:208} INFO - Processing /home/airflow/.local/lib/python3.12/site-packages/airflow/example_dags/example_inlet_event_extra.py took 0.414 seconds
[2025-04-06T22:40:01.966+0000] {processor.py:186} INFO - Started process (PID=1690) to work on /home/airflow/.local/lib/python3.12/site-packages/airflow/example_dags/example_inlet_event_extra.py
[2025-04-06T22:40:01.967+0000] {processor.py:914} INFO - Processing file /home/airflow/.local/lib/python3.12/site-packages/airflow/example_dags/example_inlet_event_extra.py for tasks to queue
[2025-04-06T22:40:01.970+0000] {logging_mixin.py:190} INFO - [2025-04-06T22:40:01.969+0000] {dagbag.py:588} INFO - Filling up the DagBag from /home/airflow/.local/lib/python3.12/site-packages/airflow/example_dags/example_inlet_event_extra.py
[2025-04-06T22:40:02.281+0000] {processor.py:925} INFO - DAG(s) 'read_dataset_event', 'read_dataset_event_from_classic' retrieved from /home/airflow/.local/lib/python3.12/site-packages/airflow/example_dags/example_inlet_event_extra.py
[2025-04-06T22:40:02.298+0000] {logging_mixin.py:190} INFO - [2025-04-06T22:40:02.298+0000] {dag.py:3239} INFO - Sync 2 DAGs
[2025-04-06T22:40:02.318+0000] {logging_mixin.py:190} INFO - [2025-04-06T22:40:02.318+0000] {dag.py:4180} INFO - Setting next_dagrun for read_dataset_event to 2025-04-05 00:00:00+00:00, run_after=2025-04-06 00:00:00+00:00
[2025-04-06T22:40:02.321+0000] {logging_mixin.py:190} INFO - [2025-04-06T22:40:02.321+0000] {dag.py:4180} INFO - Setting next_dagrun for read_dataset_event_from_classic to 2025-04-05 00:00:00+00:00, run_after=2025-04-06 00:00:00+00:00
[2025-04-06T22:40:02.334+0000] {processor.py:208} INFO - Processing /home/airflow/.local/lib/python3.12/site-packages/airflow/example_dags/example_inlet_event_extra.py took 0.375 seconds
[2025-04-06T22:40:32.675+0000] {processor.py:186} INFO - Started process (PID=1755) to work on /home/airflow/.local/lib/python3.12/site-packages/airflow/example_dags/example_inlet_event_extra.py
[2025-04-06T22:40:32.676+0000] {processor.py:914} INFO - Processing file /home/airflow/.local/lib/python3.12/site-packages/airflow/example_dags/example_inlet_event_extra.py for tasks to queue
[2025-04-06T22:40:32.678+0000] {logging_mixin.py:190} INFO - [2025-04-06T22:40:32.678+0000] {dagbag.py:588} INFO - Filling up the DagBag from /home/airflow/.local/lib/python3.12/site-packages/airflow/example_dags/example_inlet_event_extra.py
[2025-04-06T22:40:32.982+0000] {processor.py:925} INFO - DAG(s) 'read_dataset_event', 'read_dataset_event_from_classic' retrieved from /home/airflow/.local/lib/python3.12/site-packages/airflow/example_dags/example_inlet_event_extra.py
[2025-04-06T22:40:32.999+0000] {logging_mixin.py:190} INFO - [2025-04-06T22:40:32.999+0000] {dag.py:3239} INFO - Sync 2 DAGs
[2025-04-06T22:40:33.019+0000] {logging_mixin.py:190} INFO - [2025-04-06T22:40:33.018+0000] {dag.py:4180} INFO - Setting next_dagrun for read_dataset_event to 2025-04-05 00:00:00+00:00, run_after=2025-04-06 00:00:00+00:00
[2025-04-06T22:40:33.023+0000] {logging_mixin.py:190} INFO - [2025-04-06T22:40:33.023+0000] {dag.py:4180} INFO - Setting next_dagrun for read_dataset_event_from_classic to 2025-04-05 00:00:00+00:00, run_after=2025-04-06 00:00:00+00:00
[2025-04-06T22:40:33.035+0000] {processor.py:208} INFO - Processing /home/airflow/.local/lib/python3.12/site-packages/airflow/example_dags/example_inlet_event_extra.py took 0.367 seconds
[2025-04-06T22:41:03.086+0000] {processor.py:186} INFO - Started process (PID=1820) to work on /home/airflow/.local/lib/python3.12/site-packages/airflow/example_dags/example_inlet_event_extra.py
[2025-04-06T22:41:03.089+0000] {processor.py:914} INFO - Processing file /home/airflow/.local/lib/python3.12/site-packages/airflow/example_dags/example_inlet_event_extra.py for tasks to queue
[2025-04-06T22:41:03.092+0000] {logging_mixin.py:190} INFO - [2025-04-06T22:41:03.091+0000] {dagbag.py:588} INFO - Filling up the DagBag from /home/airflow/.local/lib/python3.12/site-packages/airflow/example_dags/example_inlet_event_extra.py
[2025-04-06T22:41:03.396+0000] {processor.py:925} INFO - DAG(s) 'read_dataset_event', 'read_dataset_event_from_classic' retrieved from /home/airflow/.local/lib/python3.12/site-packages/airflow/example_dags/example_inlet_event_extra.py
[2025-04-06T22:41:03.412+0000] {logging_mixin.py:190} INFO - [2025-04-06T22:41:03.411+0000] {dag.py:3239} INFO - Sync 2 DAGs
[2025-04-06T22:41:03.429+0000] {logging_mixin.py:190} INFO - [2025-04-06T22:41:03.428+0000] {dag.py:4180} INFO - Setting next_dagrun for read_dataset_event to 2025-04-05 00:00:00+00:00, run_after=2025-04-06 00:00:00+00:00
[2025-04-06T22:41:03.432+0000] {logging_mixin.py:190} INFO - [2025-04-06T22:41:03.432+0000] {dag.py:4180} INFO - Setting next_dagrun for read_dataset_event_from_classic to 2025-04-05 00:00:00+00:00, run_after=2025-04-06 00:00:00+00:00
[2025-04-06T22:41:03.442+0000] {processor.py:208} INFO - Processing /home/airflow/.local/lib/python3.12/site-packages/airflow/example_dags/example_inlet_event_extra.py took 0.363 seconds
[2025-04-06T22:41:34.313+0000] {processor.py:186} INFO - Started process (PID=1884) to work on /home/airflow/.local/lib/python3.12/site-packages/airflow/example_dags/example_inlet_event_extra.py
[2025-04-06T22:41:34.314+0000] {processor.py:914} INFO - Processing file /home/airflow/.local/lib/python3.12/site-packages/airflow/example_dags/example_inlet_event_extra.py for tasks to queue
[2025-04-06T22:41:34.317+0000] {logging_mixin.py:190} INFO - [2025-04-06T22:41:34.317+0000] {dagbag.py:588} INFO - Filling up the DagBag from /home/airflow/.local/lib/python3.12/site-packages/airflow/example_dags/example_inlet_event_extra.py
[2025-04-06T22:41:34.688+0000] {processor.py:925} INFO - DAG(s) 'read_dataset_event', 'read_dataset_event_from_classic' retrieved from /home/airflow/.local/lib/python3.12/site-packages/airflow/example_dags/example_inlet_event_extra.py
[2025-04-06T22:41:34.707+0000] {logging_mixin.py:190} INFO - [2025-04-06T22:41:34.707+0000] {dag.py:3239} INFO - Sync 2 DAGs
[2025-04-06T22:41:34.729+0000] {logging_mixin.py:190} INFO - [2025-04-06T22:41:34.729+0000] {dag.py:4180} INFO - Setting next_dagrun for read_dataset_event to 2025-04-05 00:00:00+00:00, run_after=2025-04-06 00:00:00+00:00
[2025-04-06T22:41:34.734+0000] {logging_mixin.py:190} INFO - [2025-04-06T22:41:34.733+0000] {dag.py:4180} INFO - Setting next_dagrun for read_dataset_event_from_classic to 2025-04-05 00:00:00+00:00, run_after=2025-04-06 00:00:00+00:00
[2025-04-06T22:41:34.747+0000] {processor.py:208} INFO - Processing /home/airflow/.local/lib/python3.12/site-packages/airflow/example_dags/example_inlet_event_extra.py took 0.440 seconds
[2025-04-06T22:42:04.948+0000] {processor.py:186} INFO - Started process (PID=1949) to work on /home/airflow/.local/lib/python3.12/site-packages/airflow/example_dags/example_inlet_event_extra.py
[2025-04-06T22:42:04.949+0000] {processor.py:914} INFO - Processing file /home/airflow/.local/lib/python3.12/site-packages/airflow/example_dags/example_inlet_event_extra.py for tasks to queue
[2025-04-06T22:42:04.952+0000] {logging_mixin.py:190} INFO - [2025-04-06T22:42:04.952+0000] {dagbag.py:588} INFO - Filling up the DagBag from /home/airflow/.local/lib/python3.12/site-packages/airflow/example_dags/example_inlet_event_extra.py
[2025-04-06T22:42:05.298+0000] {processor.py:925} INFO - DAG(s) 'read_dataset_event_from_classic', 'read_dataset_event' retrieved from /home/airflow/.local/lib/python3.12/site-packages/airflow/example_dags/example_inlet_event_extra.py
[2025-04-06T22:42:05.322+0000] {logging_mixin.py:190} INFO - [2025-04-06T22:42:05.322+0000] {dag.py:3239} INFO - Sync 2 DAGs
[2025-04-06T22:42:05.346+0000] {logging_mixin.py:190} INFO - [2025-04-06T22:42:05.346+0000] {dag.py:4180} INFO - Setting next_dagrun for read_dataset_event to 2025-04-05 00:00:00+00:00, run_after=2025-04-06 00:00:00+00:00
[2025-04-06T22:42:05.351+0000] {logging_mixin.py:190} INFO - [2025-04-06T22:42:05.351+0000] {dag.py:4180} INFO - Setting next_dagrun for read_dataset_event_from_classic to 2025-04-05 00:00:00+00:00, run_after=2025-04-06 00:00:00+00:00
[2025-04-06T22:42:05.366+0000] {processor.py:208} INFO - Processing /home/airflow/.local/lib/python3.12/site-packages/airflow/example_dags/example_inlet_event_extra.py took 0.425 seconds
[2025-04-06T22:42:36.052+0000] {processor.py:186} INFO - Started process (PID=2014) to work on /home/airflow/.local/lib/python3.12/site-packages/airflow/example_dags/example_inlet_event_extra.py
[2025-04-06T22:42:36.054+0000] {processor.py:914} INFO - Processing file /home/airflow/.local/lib/python3.12/site-packages/airflow/example_dags/example_inlet_event_extra.py for tasks to queue
[2025-04-06T22:42:36.056+0000] {logging_mixin.py:190} INFO - [2025-04-06T22:42:36.056+0000] {dagbag.py:588} INFO - Filling up the DagBag from /home/airflow/.local/lib/python3.12/site-packages/airflow/example_dags/example_inlet_event_extra.py
[2025-04-06T22:42:36.184+0000] {processor.py:925} INFO - DAG(s) 'read_dataset_event_from_classic', 'read_dataset_event' retrieved from /home/airflow/.local/lib/python3.12/site-packages/airflow/example_dags/example_inlet_event_extra.py
[2025-04-06T22:42:36.203+0000] {logging_mixin.py:190} INFO - [2025-04-06T22:42:36.203+0000] {dag.py:3239} INFO - Sync 2 DAGs
[2025-04-06T22:42:36.225+0000] {logging_mixin.py:190} INFO - [2025-04-06T22:42:36.225+0000] {dag.py:4180} INFO - Setting next_dagrun for read_dataset_event to 2025-04-05 00:00:00+00:00, run_after=2025-04-06 00:00:00+00:00
[2025-04-06T22:42:36.229+0000] {logging_mixin.py:190} INFO - [2025-04-06T22:42:36.229+0000] {dag.py:4180} INFO - Setting next_dagrun for read_dataset_event_from_classic to 2025-04-05 00:00:00+00:00, run_after=2025-04-06 00:00:00+00:00
[2025-04-06T22:42:36.242+0000] {processor.py:208} INFO - Processing /home/airflow/.local/lib/python3.12/site-packages/airflow/example_dags/example_inlet_event_extra.py took 0.198 seconds
[2025-04-06T22:43:06.899+0000] {processor.py:186} INFO - Started process (PID=2079) to work on /home/airflow/.local/lib/python3.12/site-packages/airflow/example_dags/example_inlet_event_extra.py
[2025-04-06T22:43:06.902+0000] {processor.py:914} INFO - Processing file /home/airflow/.local/lib/python3.12/site-packages/airflow/example_dags/example_inlet_event_extra.py for tasks to queue
[2025-04-06T22:43:06.905+0000] {logging_mixin.py:190} INFO - [2025-04-06T22:43:06.904+0000] {dagbag.py:588} INFO - Filling up the DagBag from /home/airflow/.local/lib/python3.12/site-packages/airflow/example_dags/example_inlet_event_extra.py
[2025-04-06T22:43:07.041+0000] {processor.py:925} INFO - DAG(s) 'read_dataset_event_from_classic', 'read_dataset_event' retrieved from /home/airflow/.local/lib/python3.12/site-packages/airflow/example_dags/example_inlet_event_extra.py
[2025-04-06T22:43:07.060+0000] {logging_mixin.py:190} INFO - [2025-04-06T22:43:07.060+0000] {dag.py:3239} INFO - Sync 2 DAGs
[2025-04-06T22:43:07.082+0000] {logging_mixin.py:190} INFO - [2025-04-06T22:43:07.082+0000] {dag.py:4180} INFO - Setting next_dagrun for read_dataset_event to 2025-04-05 00:00:00+00:00, run_after=2025-04-06 00:00:00+00:00
[2025-04-06T22:43:07.087+0000] {logging_mixin.py:190} INFO - [2025-04-06T22:43:07.086+0000] {dag.py:4180} INFO - Setting next_dagrun for read_dataset_event_from_classic to 2025-04-05 00:00:00+00:00, run_after=2025-04-06 00:00:00+00:00
[2025-04-06T22:43:07.100+0000] {processor.py:208} INFO - Processing /home/airflow/.local/lib/python3.12/site-packages/airflow/example_dags/example_inlet_event_extra.py took 0.209 seconds
[2025-04-06T22:43:37.407+0000] {processor.py:186} INFO - Started process (PID=2145) to work on /home/airflow/.local/lib/python3.12/site-packages/airflow/example_dags/example_inlet_event_extra.py
[2025-04-06T22:43:37.410+0000] {processor.py:914} INFO - Processing file /home/airflow/.local/lib/python3.12/site-packages/airflow/example_dags/example_inlet_event_extra.py for tasks to queue
[2025-04-06T22:43:37.414+0000] {logging_mixin.py:190} INFO - [2025-04-06T22:43:37.413+0000] {dagbag.py:588} INFO - Filling up the DagBag from /home/airflow/.local/lib/python3.12/site-packages/airflow/example_dags/example_inlet_event_extra.py
[2025-04-06T22:43:37.538+0000] {processor.py:925} INFO - DAG(s) 'read_dataset_event_from_classic', 'read_dataset_event' retrieved from /home/airflow/.local/lib/python3.12/site-packages/airflow/example_dags/example_inlet_event_extra.py
[2025-04-06T22:43:37.557+0000] {logging_mixin.py:190} INFO - [2025-04-06T22:43:37.557+0000] {dag.py:3239} INFO - Sync 2 DAGs
[2025-04-06T22:43:37.578+0000] {logging_mixin.py:190} INFO - [2025-04-06T22:43:37.578+0000] {dag.py:4180} INFO - Setting next_dagrun for read_dataset_event to 2025-04-05 00:00:00+00:00, run_after=2025-04-06 00:00:00+00:00
[2025-04-06T22:43:37.582+0000] {logging_mixin.py:190} INFO - [2025-04-06T22:43:37.582+0000] {dag.py:4180} INFO - Setting next_dagrun for read_dataset_event_from_classic to 2025-04-05 00:00:00+00:00, run_after=2025-04-06 00:00:00+00:00
[2025-04-06T22:43:37.593+0000] {processor.py:208} INFO - Processing /home/airflow/.local/lib/python3.12/site-packages/airflow/example_dags/example_inlet_event_extra.py took 0.194 seconds
[2025-04-06T22:44:07.956+0000] {processor.py:186} INFO - Started process (PID=2210) to work on /home/airflow/.local/lib/python3.12/site-packages/airflow/example_dags/example_inlet_event_extra.py
[2025-04-06T22:44:07.959+0000] {processor.py:914} INFO - Processing file /home/airflow/.local/lib/python3.12/site-packages/airflow/example_dags/example_inlet_event_extra.py for tasks to queue
[2025-04-06T22:44:07.962+0000] {logging_mixin.py:190} INFO - [2025-04-06T22:44:07.962+0000] {dagbag.py:588} INFO - Filling up the DagBag from /home/airflow/.local/lib/python3.12/site-packages/airflow/example_dags/example_inlet_event_extra.py
[2025-04-06T22:44:08.085+0000] {processor.py:925} INFO - DAG(s) 'read_dataset_event_from_classic', 'read_dataset_event' retrieved from /home/airflow/.local/lib/python3.12/site-packages/airflow/example_dags/example_inlet_event_extra.py
[2025-04-06T22:44:08.106+0000] {logging_mixin.py:190} INFO - [2025-04-06T22:44:08.105+0000] {dag.py:3239} INFO - Sync 2 DAGs
[2025-04-06T22:44:08.129+0000] {logging_mixin.py:190} INFO - [2025-04-06T22:44:08.128+0000] {dag.py:4180} INFO - Setting next_dagrun for read_dataset_event to 2025-04-05 00:00:00+00:00, run_after=2025-04-06 00:00:00+00:00
[2025-04-06T22:44:08.133+0000] {logging_mixin.py:190} INFO - [2025-04-06T22:44:08.133+0000] {dag.py:4180} INFO - Setting next_dagrun for read_dataset_event_from_classic to 2025-04-05 00:00:00+00:00, run_after=2025-04-06 00:00:00+00:00
[2025-04-06T22:44:08.145+0000] {processor.py:208} INFO - Processing /home/airflow/.local/lib/python3.12/site-packages/airflow/example_dags/example_inlet_event_extra.py took 0.197 seconds
