[2025-04-06T22:16:45.139+0000] {processor.py:186} INFO - Started process (PID=112) to work on /home/airflow/.local/lib/python3.12/site-packages/airflow/example_dags/example_short_circuit_decorator.py
[2025-04-06T22:16:45.140+0000] {processor.py:914} INFO - Processing file /home/airflow/.local/lib/python3.12/site-packages/airflow/example_dags/example_short_circuit_decorator.py for tasks to queue
[2025-04-06T22:16:45.144+0000] {logging_mixin.py:190} INFO - [2025-04-06T22:16:45.143+0000] {dagbag.py:588} INFO - Filling up the DagBag from /home/airflow/.local/lib/python3.12/site-packages/airflow/example_dags/example_short_circuit_decorator.py
[2025-04-06T22:16:45.160+0000] {processor.py:925} INFO - DAG(s) 'example_short_circuit_decorator' retrieved from /home/airflow/.local/lib/python3.12/site-packages/airflow/example_dags/example_short_circuit_decorator.py
[2025-04-06T22:16:45.211+0000] {logging_mixin.py:190} INFO - [2025-04-06T22:16:45.211+0000] {dag.py:3239} INFO - Sync 1 DAGs
[2025-04-06T22:16:45.236+0000] {logging_mixin.py:190} INFO - [2025-04-06T22:16:45.235+0000] {dag.py:4180} INFO - Setting next_dagrun for example_short_circuit_decorator to None, run_after=None
[2025-04-06T22:16:45.266+0000] {processor.py:208} INFO - Processing /home/airflow/.local/lib/python3.12/site-packages/airflow/example_dags/example_short_circuit_decorator.py took 0.135 seconds
[2025-04-06T22:17:15.440+0000] {processor.py:186} INFO - Started process (PID=177) to work on /home/airflow/.local/lib/python3.12/site-packages/airflow/example_dags/example_short_circuit_decorator.py
[2025-04-06T22:17:15.441+0000] {processor.py:914} INFO - Processing file /home/airflow/.local/lib/python3.12/site-packages/airflow/example_dags/example_short_circuit_decorator.py for tasks to queue
[2025-04-06T22:17:15.444+0000] {logging_mixin.py:190} INFO - [2025-04-06T22:17:15.443+0000] {dagbag.py:588} INFO - Filling up the DagBag from /home/airflow/.local/lib/python3.12/site-packages/airflow/example_dags/example_short_circuit_decorator.py
[2025-04-06T22:17:15.452+0000] {processor.py:925} INFO - DAG(s) 'example_short_circuit_decorator' retrieved from /home/airflow/.local/lib/python3.12/site-packages/airflow/example_dags/example_short_circuit_decorator.py
[2025-04-06T22:17:15.474+0000] {logging_mixin.py:190} INFO - [2025-04-06T22:17:15.474+0000] {dag.py:3239} INFO - Sync 1 DAGs
[2025-04-06T22:17:15.486+0000] {logging_mixin.py:190} INFO - [2025-04-06T22:17:15.485+0000] {dag.py:4180} INFO - Setting next_dagrun for example_short_circuit_decorator to None, run_after=None
[2025-04-06T22:17:15.499+0000] {processor.py:208} INFO - Processing /home/airflow/.local/lib/python3.12/site-packages/airflow/example_dags/example_short_circuit_decorator.py took 0.067 seconds
[2025-04-06T22:17:45.972+0000] {processor.py:186} INFO - Started process (PID=242) to work on /home/airflow/.local/lib/python3.12/site-packages/airflow/example_dags/example_short_circuit_decorator.py
[2025-04-06T22:17:45.973+0000] {processor.py:914} INFO - Processing file /home/airflow/.local/lib/python3.12/site-packages/airflow/example_dags/example_short_circuit_decorator.py for tasks to queue
[2025-04-06T22:17:45.975+0000] {logging_mixin.py:190} INFO - [2025-04-06T22:17:45.975+0000] {dagbag.py:588} INFO - Filling up the DagBag from /home/airflow/.local/lib/python3.12/site-packages/airflow/example_dags/example_short_circuit_decorator.py
[2025-04-06T22:17:45.983+0000] {processor.py:925} INFO - DAG(s) 'example_short_circuit_decorator' retrieved from /home/airflow/.local/lib/python3.12/site-packages/airflow/example_dags/example_short_circuit_decorator.py
[2025-04-06T22:17:46.004+0000] {logging_mixin.py:190} INFO - [2025-04-06T22:17:46.004+0000] {dag.py:3239} INFO - Sync 1 DAGs
[2025-04-06T22:17:46.018+0000] {logging_mixin.py:190} INFO - [2025-04-06T22:17:46.018+0000] {dag.py:4180} INFO - Setting next_dagrun for example_short_circuit_decorator to None, run_after=None
[2025-04-06T22:17:46.033+0000] {processor.py:208} INFO - Processing /home/airflow/.local/lib/python3.12/site-packages/airflow/example_dags/example_short_circuit_decorator.py took 0.065 seconds
[2025-04-06T22:18:17.056+0000] {processor.py:186} INFO - Started process (PID=307) to work on /home/airflow/.local/lib/python3.12/site-packages/airflow/example_dags/example_short_circuit_decorator.py
[2025-04-06T22:18:17.057+0000] {processor.py:914} INFO - Processing file /home/airflow/.local/lib/python3.12/site-packages/airflow/example_dags/example_short_circuit_decorator.py for tasks to queue
[2025-04-06T22:18:17.060+0000] {logging_mixin.py:190} INFO - [2025-04-06T22:18:17.059+0000] {dagbag.py:588} INFO - Filling up the DagBag from /home/airflow/.local/lib/python3.12/site-packages/airflow/example_dags/example_short_circuit_decorator.py
[2025-04-06T22:18:17.068+0000] {processor.py:925} INFO - DAG(s) 'example_short_circuit_decorator' retrieved from /home/airflow/.local/lib/python3.12/site-packages/airflow/example_dags/example_short_circuit_decorator.py
[2025-04-06T22:18:17.089+0000] {logging_mixin.py:190} INFO - [2025-04-06T22:18:17.088+0000] {dag.py:3239} INFO - Sync 1 DAGs
[2025-04-06T22:18:17.101+0000] {logging_mixin.py:190} INFO - [2025-04-06T22:18:17.101+0000] {dag.py:4180} INFO - Setting next_dagrun for example_short_circuit_decorator to None, run_after=None
[2025-04-06T22:18:17.116+0000] {processor.py:208} INFO - Processing /home/airflow/.local/lib/python3.12/site-packages/airflow/example_dags/example_short_circuit_decorator.py took 0.067 seconds
[2025-04-06T22:18:47.651+0000] {processor.py:186} INFO - Started process (PID=372) to work on /home/airflow/.local/lib/python3.12/site-packages/airflow/example_dags/example_short_circuit_decorator.py
[2025-04-06T22:18:47.652+0000] {processor.py:914} INFO - Processing file /home/airflow/.local/lib/python3.12/site-packages/airflow/example_dags/example_short_circuit_decorator.py for tasks to queue
[2025-04-06T22:18:47.655+0000] {logging_mixin.py:190} INFO - [2025-04-06T22:18:47.655+0000] {dagbag.py:588} INFO - Filling up the DagBag from /home/airflow/.local/lib/python3.12/site-packages/airflow/example_dags/example_short_circuit_decorator.py
[2025-04-06T22:18:47.664+0000] {processor.py:925} INFO - DAG(s) 'example_short_circuit_decorator' retrieved from /home/airflow/.local/lib/python3.12/site-packages/airflow/example_dags/example_short_circuit_decorator.py
[2025-04-06T22:18:47.685+0000] {logging_mixin.py:190} INFO - [2025-04-06T22:18:47.685+0000] {dag.py:3239} INFO - Sync 1 DAGs
[2025-04-06T22:18:47.697+0000] {logging_mixin.py:190} INFO - [2025-04-06T22:18:47.697+0000] {dag.py:4180} INFO - Setting next_dagrun for example_short_circuit_decorator to None, run_after=None
[2025-04-06T22:18:47.710+0000] {processor.py:208} INFO - Processing /home/airflow/.local/lib/python3.12/site-packages/airflow/example_dags/example_short_circuit_decorator.py took 0.066 seconds
[2025-04-06T22:19:18.775+0000] {processor.py:186} INFO - Started process (PID=437) to work on /home/airflow/.local/lib/python3.12/site-packages/airflow/example_dags/example_short_circuit_decorator.py
[2025-04-06T22:19:18.775+0000] {processor.py:914} INFO - Processing file /home/airflow/.local/lib/python3.12/site-packages/airflow/example_dags/example_short_circuit_decorator.py for tasks to queue
[2025-04-06T22:19:18.777+0000] {logging_mixin.py:190} INFO - [2025-04-06T22:19:18.777+0000] {dagbag.py:588} INFO - Filling up the DagBag from /home/airflow/.local/lib/python3.12/site-packages/airflow/example_dags/example_short_circuit_decorator.py
[2025-04-06T22:19:18.785+0000] {processor.py:925} INFO - DAG(s) 'example_short_circuit_decorator' retrieved from /home/airflow/.local/lib/python3.12/site-packages/airflow/example_dags/example_short_circuit_decorator.py
[2025-04-06T22:19:18.804+0000] {logging_mixin.py:190} INFO - [2025-04-06T22:19:18.804+0000] {dag.py:3239} INFO - Sync 1 DAGs
[2025-04-06T22:19:18.817+0000] {logging_mixin.py:190} INFO - [2025-04-06T22:19:18.817+0000] {dag.py:4180} INFO - Setting next_dagrun for example_short_circuit_decorator to None, run_after=None
[2025-04-06T22:19:18.830+0000] {processor.py:208} INFO - Processing /home/airflow/.local/lib/python3.12/site-packages/airflow/example_dags/example_short_circuit_decorator.py took 0.061 seconds
[2025-04-06T22:19:50.051+0000] {processor.py:186} INFO - Started process (PID=502) to work on /home/airflow/.local/lib/python3.12/site-packages/airflow/example_dags/example_short_circuit_decorator.py
[2025-04-06T22:19:50.052+0000] {processor.py:914} INFO - Processing file /home/airflow/.local/lib/python3.12/site-packages/airflow/example_dags/example_short_circuit_decorator.py for tasks to queue
[2025-04-06T22:19:50.055+0000] {logging_mixin.py:190} INFO - [2025-04-06T22:19:50.054+0000] {dagbag.py:588} INFO - Filling up the DagBag from /home/airflow/.local/lib/python3.12/site-packages/airflow/example_dags/example_short_circuit_decorator.py
[2025-04-06T22:19:50.063+0000] {processor.py:925} INFO - DAG(s) 'example_short_circuit_decorator' retrieved from /home/airflow/.local/lib/python3.12/site-packages/airflow/example_dags/example_short_circuit_decorator.py
[2025-04-06T22:19:50.081+0000] {logging_mixin.py:190} INFO - [2025-04-06T22:19:50.081+0000] {dag.py:3239} INFO - Sync 1 DAGs
[2025-04-06T22:19:50.094+0000] {logging_mixin.py:190} INFO - [2025-04-06T22:19:50.094+0000] {dag.py:4180} INFO - Setting next_dagrun for example_short_circuit_decorator to None, run_after=None
[2025-04-06T22:19:50.107+0000] {processor.py:208} INFO - Processing /home/airflow/.local/lib/python3.12/site-packages/airflow/example_dags/example_short_circuit_decorator.py took 0.063 seconds
[2025-04-06T22:20:20.817+0000] {processor.py:186} INFO - Started process (PID=567) to work on /home/airflow/.local/lib/python3.12/site-packages/airflow/example_dags/example_short_circuit_decorator.py
[2025-04-06T22:20:20.818+0000] {processor.py:914} INFO - Processing file /home/airflow/.local/lib/python3.12/site-packages/airflow/example_dags/example_short_circuit_decorator.py for tasks to queue
[2025-04-06T22:20:20.820+0000] {logging_mixin.py:190} INFO - [2025-04-06T22:20:20.819+0000] {dagbag.py:588} INFO - Filling up the DagBag from /home/airflow/.local/lib/python3.12/site-packages/airflow/example_dags/example_short_circuit_decorator.py
[2025-04-06T22:20:20.827+0000] {processor.py:925} INFO - DAG(s) 'example_short_circuit_decorator' retrieved from /home/airflow/.local/lib/python3.12/site-packages/airflow/example_dags/example_short_circuit_decorator.py
[2025-04-06T22:20:20.847+0000] {logging_mixin.py:190} INFO - [2025-04-06T22:20:20.847+0000] {dag.py:3239} INFO - Sync 1 DAGs
[2025-04-06T22:20:20.859+0000] {logging_mixin.py:190} INFO - [2025-04-06T22:20:20.859+0000] {dag.py:4180} INFO - Setting next_dagrun for example_short_circuit_decorator to None, run_after=None
[2025-04-06T22:20:20.871+0000] {processor.py:208} INFO - Processing /home/airflow/.local/lib/python3.12/site-packages/airflow/example_dags/example_short_circuit_decorator.py took 0.061 seconds
[2025-04-06T22:20:51.725+0000] {processor.py:186} INFO - Started process (PID=632) to work on /home/airflow/.local/lib/python3.12/site-packages/airflow/example_dags/example_short_circuit_decorator.py
[2025-04-06T22:20:51.726+0000] {processor.py:914} INFO - Processing file /home/airflow/.local/lib/python3.12/site-packages/airflow/example_dags/example_short_circuit_decorator.py for tasks to queue
[2025-04-06T22:20:51.728+0000] {logging_mixin.py:190} INFO - [2025-04-06T22:20:51.728+0000] {dagbag.py:588} INFO - Filling up the DagBag from /home/airflow/.local/lib/python3.12/site-packages/airflow/example_dags/example_short_circuit_decorator.py
[2025-04-06T22:20:51.737+0000] {processor.py:925} INFO - DAG(s) 'example_short_circuit_decorator' retrieved from /home/airflow/.local/lib/python3.12/site-packages/airflow/example_dags/example_short_circuit_decorator.py
[2025-04-06T22:20:51.757+0000] {logging_mixin.py:190} INFO - [2025-04-06T22:20:51.757+0000] {dag.py:3239} INFO - Sync 1 DAGs
[2025-04-06T22:20:51.771+0000] {logging_mixin.py:190} INFO - [2025-04-06T22:20:51.771+0000] {dag.py:4180} INFO - Setting next_dagrun for example_short_circuit_decorator to None, run_after=None
[2025-04-06T22:20:51.786+0000] {processor.py:208} INFO - Processing /home/airflow/.local/lib/python3.12/site-packages/airflow/example_dags/example_short_circuit_decorator.py took 0.066 seconds
[2025-04-06T22:21:23.068+0000] {processor.py:186} INFO - Started process (PID=697) to work on /home/airflow/.local/lib/python3.12/site-packages/airflow/example_dags/example_short_circuit_decorator.py
[2025-04-06T22:21:23.069+0000] {processor.py:914} INFO - Processing file /home/airflow/.local/lib/python3.12/site-packages/airflow/example_dags/example_short_circuit_decorator.py for tasks to queue
[2025-04-06T22:21:23.072+0000] {logging_mixin.py:190} INFO - [2025-04-06T22:21:23.071+0000] {dagbag.py:588} INFO - Filling up the DagBag from /home/airflow/.local/lib/python3.12/site-packages/airflow/example_dags/example_short_circuit_decorator.py
[2025-04-06T22:21:23.079+0000] {processor.py:925} INFO - DAG(s) 'example_short_circuit_decorator' retrieved from /home/airflow/.local/lib/python3.12/site-packages/airflow/example_dags/example_short_circuit_decorator.py
[2025-04-06T22:21:23.100+0000] {logging_mixin.py:190} INFO - [2025-04-06T22:21:23.100+0000] {dag.py:3239} INFO - Sync 1 DAGs
[2025-04-06T22:21:23.112+0000] {logging_mixin.py:190} INFO - [2025-04-06T22:21:23.112+0000] {dag.py:4180} INFO - Setting next_dagrun for example_short_circuit_decorator to None, run_after=None
[2025-04-06T22:21:23.125+0000] {processor.py:208} INFO - Processing /home/airflow/.local/lib/python3.12/site-packages/airflow/example_dags/example_short_circuit_decorator.py took 0.065 seconds
[2025-04-06T22:21:54.312+0000] {processor.py:186} INFO - Started process (PID=762) to work on /home/airflow/.local/lib/python3.12/site-packages/airflow/example_dags/example_short_circuit_decorator.py
[2025-04-06T22:21:54.315+0000] {processor.py:914} INFO - Processing file /home/airflow/.local/lib/python3.12/site-packages/airflow/example_dags/example_short_circuit_decorator.py for tasks to queue
[2025-04-06T22:21:54.318+0000] {logging_mixin.py:190} INFO - [2025-04-06T22:21:54.318+0000] {dagbag.py:588} INFO - Filling up the DagBag from /home/airflow/.local/lib/python3.12/site-packages/airflow/example_dags/example_short_circuit_decorator.py
[2025-04-06T22:21:54.328+0000] {processor.py:925} INFO - DAG(s) 'example_short_circuit_decorator' retrieved from /home/airflow/.local/lib/python3.12/site-packages/airflow/example_dags/example_short_circuit_decorator.py
[2025-04-06T22:21:54.349+0000] {logging_mixin.py:190} INFO - [2025-04-06T22:21:54.349+0000] {dag.py:3239} INFO - Sync 1 DAGs
[2025-04-06T22:21:54.361+0000] {logging_mixin.py:190} INFO - [2025-04-06T22:21:54.361+0000] {dag.py:4180} INFO - Setting next_dagrun for example_short_circuit_decorator to None, run_after=None
[2025-04-06T22:21:54.374+0000] {processor.py:208} INFO - Processing /home/airflow/.local/lib/python3.12/site-packages/airflow/example_dags/example_short_circuit_decorator.py took 0.069 seconds
[2025-04-06T22:22:25.724+0000] {processor.py:186} INFO - Started process (PID=827) to work on /home/airflow/.local/lib/python3.12/site-packages/airflow/example_dags/example_short_circuit_decorator.py
[2025-04-06T22:22:25.725+0000] {processor.py:914} INFO - Processing file /home/airflow/.local/lib/python3.12/site-packages/airflow/example_dags/example_short_circuit_decorator.py for tasks to queue
[2025-04-06T22:22:25.729+0000] {logging_mixin.py:190} INFO - [2025-04-06T22:22:25.728+0000] {dagbag.py:588} INFO - Filling up the DagBag from /home/airflow/.local/lib/python3.12/site-packages/airflow/example_dags/example_short_circuit_decorator.py
[2025-04-06T22:22:25.737+0000] {processor.py:925} INFO - DAG(s) 'example_short_circuit_decorator' retrieved from /home/airflow/.local/lib/python3.12/site-packages/airflow/example_dags/example_short_circuit_decorator.py
[2025-04-06T22:22:25.762+0000] {logging_mixin.py:190} INFO - [2025-04-06T22:22:25.761+0000] {dag.py:3239} INFO - Sync 1 DAGs
[2025-04-06T22:22:25.775+0000] {logging_mixin.py:190} INFO - [2025-04-06T22:22:25.775+0000] {dag.py:4180} INFO - Setting next_dagrun for example_short_circuit_decorator to None, run_after=None
[2025-04-06T22:22:25.791+0000] {processor.py:208} INFO - Processing /home/airflow/.local/lib/python3.12/site-packages/airflow/example_dags/example_short_circuit_decorator.py took 0.075 seconds
[2025-04-06T22:22:56.506+0000] {processor.py:186} INFO - Started process (PID=892) to work on /home/airflow/.local/lib/python3.12/site-packages/airflow/example_dags/example_short_circuit_decorator.py
[2025-04-06T22:22:56.506+0000] {processor.py:914} INFO - Processing file /home/airflow/.local/lib/python3.12/site-packages/airflow/example_dags/example_short_circuit_decorator.py for tasks to queue
[2025-04-06T22:22:56.508+0000] {logging_mixin.py:190} INFO - [2025-04-06T22:22:56.508+0000] {dagbag.py:588} INFO - Filling up the DagBag from /home/airflow/.local/lib/python3.12/site-packages/airflow/example_dags/example_short_circuit_decorator.py
[2025-04-06T22:22:56.515+0000] {processor.py:925} INFO - DAG(s) 'example_short_circuit_decorator' retrieved from /home/airflow/.local/lib/python3.12/site-packages/airflow/example_dags/example_short_circuit_decorator.py
[2025-04-06T22:22:56.537+0000] {logging_mixin.py:190} INFO - [2025-04-06T22:22:56.537+0000] {dag.py:3239} INFO - Sync 1 DAGs
[2025-04-06T22:22:56.550+0000] {logging_mixin.py:190} INFO - [2025-04-06T22:22:56.549+0000] {dag.py:4180} INFO - Setting next_dagrun for example_short_circuit_decorator to None, run_after=None
[2025-04-06T22:22:56.563+0000] {processor.py:208} INFO - Processing /home/airflow/.local/lib/python3.12/site-packages/airflow/example_dags/example_short_circuit_decorator.py took 0.062 seconds
[2025-04-06T22:23:27.824+0000] {processor.py:186} INFO - Started process (PID=958) to work on /home/airflow/.local/lib/python3.12/site-packages/airflow/example_dags/example_short_circuit_decorator.py
[2025-04-06T22:23:27.825+0000] {processor.py:914} INFO - Processing file /home/airflow/.local/lib/python3.12/site-packages/airflow/example_dags/example_short_circuit_decorator.py for tasks to queue
[2025-04-06T22:23:27.829+0000] {logging_mixin.py:190} INFO - [2025-04-06T22:23:27.828+0000] {dagbag.py:588} INFO - Filling up the DagBag from /home/airflow/.local/lib/python3.12/site-packages/airflow/example_dags/example_short_circuit_decorator.py
[2025-04-06T22:23:27.837+0000] {processor.py:925} INFO - DAG(s) 'example_short_circuit_decorator' retrieved from /home/airflow/.local/lib/python3.12/site-packages/airflow/example_dags/example_short_circuit_decorator.py
[2025-04-06T22:23:27.857+0000] {logging_mixin.py:190} INFO - [2025-04-06T22:23:27.857+0000] {dag.py:3239} INFO - Sync 1 DAGs
[2025-04-06T22:23:27.870+0000] {logging_mixin.py:190} INFO - [2025-04-06T22:23:27.869+0000] {dag.py:4180} INFO - Setting next_dagrun for example_short_circuit_decorator to None, run_after=None
[2025-04-06T22:23:27.883+0000] {processor.py:208} INFO - Processing /home/airflow/.local/lib/python3.12/site-packages/airflow/example_dags/example_short_circuit_decorator.py took 0.065 seconds
[2025-04-06T22:23:58.971+0000] {processor.py:186} INFO - Started process (PID=1023) to work on /home/airflow/.local/lib/python3.12/site-packages/airflow/example_dags/example_short_circuit_decorator.py
[2025-04-06T22:23:58.972+0000] {processor.py:914} INFO - Processing file /home/airflow/.local/lib/python3.12/site-packages/airflow/example_dags/example_short_circuit_decorator.py for tasks to queue
[2025-04-06T22:23:58.973+0000] {logging_mixin.py:190} INFO - [2025-04-06T22:23:58.973+0000] {dagbag.py:588} INFO - Filling up the DagBag from /home/airflow/.local/lib/python3.12/site-packages/airflow/example_dags/example_short_circuit_decorator.py
[2025-04-06T22:23:58.982+0000] {processor.py:925} INFO - DAG(s) 'example_short_circuit_decorator' retrieved from /home/airflow/.local/lib/python3.12/site-packages/airflow/example_dags/example_short_circuit_decorator.py
[2025-04-06T22:23:59.004+0000] {logging_mixin.py:190} INFO - [2025-04-06T22:23:59.004+0000] {dag.py:3239} INFO - Sync 1 DAGs
[2025-04-06T22:23:59.019+0000] {logging_mixin.py:190} INFO - [2025-04-06T22:23:59.019+0000] {dag.py:4180} INFO - Setting next_dagrun for example_short_circuit_decorator to None, run_after=None
[2025-04-06T22:23:59.033+0000] {processor.py:208} INFO - Processing /home/airflow/.local/lib/python3.12/site-packages/airflow/example_dags/example_short_circuit_decorator.py took 0.070 seconds
[2025-04-06T22:24:30.257+0000] {processor.py:186} INFO - Started process (PID=1088) to work on /home/airflow/.local/lib/python3.12/site-packages/airflow/example_dags/example_short_circuit_decorator.py
[2025-04-06T22:24:30.258+0000] {processor.py:914} INFO - Processing file /home/airflow/.local/lib/python3.12/site-packages/airflow/example_dags/example_short_circuit_decorator.py for tasks to queue
[2025-04-06T22:24:30.260+0000] {logging_mixin.py:190} INFO - [2025-04-06T22:24:30.259+0000] {dagbag.py:588} INFO - Filling up the DagBag from /home/airflow/.local/lib/python3.12/site-packages/airflow/example_dags/example_short_circuit_decorator.py
[2025-04-06T22:24:30.269+0000] {processor.py:925} INFO - DAG(s) 'example_short_circuit_decorator' retrieved from /home/airflow/.local/lib/python3.12/site-packages/airflow/example_dags/example_short_circuit_decorator.py
[2025-04-06T22:24:30.288+0000] {logging_mixin.py:190} INFO - [2025-04-06T22:24:30.288+0000] {dag.py:3239} INFO - Sync 1 DAGs
[2025-04-06T22:24:30.302+0000] {logging_mixin.py:190} INFO - [2025-04-06T22:24:30.301+0000] {dag.py:4180} INFO - Setting next_dagrun for example_short_circuit_decorator to None, run_after=None
[2025-04-06T22:24:30.316+0000] {processor.py:208} INFO - Processing /home/airflow/.local/lib/python3.12/site-packages/airflow/example_dags/example_short_circuit_decorator.py took 0.066 seconds
[2025-04-06T22:25:01.478+0000] {processor.py:186} INFO - Started process (PID=1153) to work on /home/airflow/.local/lib/python3.12/site-packages/airflow/example_dags/example_short_circuit_decorator.py
[2025-04-06T22:25:01.479+0000] {processor.py:914} INFO - Processing file /home/airflow/.local/lib/python3.12/site-packages/airflow/example_dags/example_short_circuit_decorator.py for tasks to queue
[2025-04-06T22:25:01.480+0000] {logging_mixin.py:190} INFO - [2025-04-06T22:25:01.480+0000] {dagbag.py:588} INFO - Filling up the DagBag from /home/airflow/.local/lib/python3.12/site-packages/airflow/example_dags/example_short_circuit_decorator.py
[2025-04-06T22:25:01.488+0000] {processor.py:925} INFO - DAG(s) 'example_short_circuit_decorator' retrieved from /home/airflow/.local/lib/python3.12/site-packages/airflow/example_dags/example_short_circuit_decorator.py
[2025-04-06T22:25:01.512+0000] {logging_mixin.py:190} INFO - [2025-04-06T22:25:01.512+0000] {dag.py:3239} INFO - Sync 1 DAGs
[2025-04-06T22:25:01.527+0000] {logging_mixin.py:190} INFO - [2025-04-06T22:25:01.527+0000] {dag.py:4180} INFO - Setting next_dagrun for example_short_circuit_decorator to None, run_after=None
[2025-04-06T22:25:01.541+0000] {processor.py:208} INFO - Processing /home/airflow/.local/lib/python3.12/site-packages/airflow/example_dags/example_short_circuit_decorator.py took 0.067 seconds
[2025-04-06T22:25:32.809+0000] {processor.py:186} INFO - Started process (PID=1218) to work on /home/airflow/.local/lib/python3.12/site-packages/airflow/example_dags/example_short_circuit_decorator.py
[2025-04-06T22:25:32.810+0000] {processor.py:914} INFO - Processing file /home/airflow/.local/lib/python3.12/site-packages/airflow/example_dags/example_short_circuit_decorator.py for tasks to queue
[2025-04-06T22:25:32.811+0000] {logging_mixin.py:190} INFO - [2025-04-06T22:25:32.811+0000] {dagbag.py:588} INFO - Filling up the DagBag from /home/airflow/.local/lib/python3.12/site-packages/airflow/example_dags/example_short_circuit_decorator.py
[2025-04-06T22:25:32.818+0000] {processor.py:925} INFO - DAG(s) 'example_short_circuit_decorator' retrieved from /home/airflow/.local/lib/python3.12/site-packages/airflow/example_dags/example_short_circuit_decorator.py
[2025-04-06T22:25:32.839+0000] {logging_mixin.py:190} INFO - [2025-04-06T22:25:32.839+0000] {dag.py:3239} INFO - Sync 1 DAGs
[2025-04-06T22:25:32.853+0000] {logging_mixin.py:190} INFO - [2025-04-06T22:25:32.853+0000] {dag.py:4180} INFO - Setting next_dagrun for example_short_circuit_decorator to None, run_after=None
[2025-04-06T22:25:32.866+0000] {processor.py:208} INFO - Processing /home/airflow/.local/lib/python3.12/site-packages/airflow/example_dags/example_short_circuit_decorator.py took 0.063 seconds
[2025-04-06T22:26:03.557+0000] {processor.py:186} INFO - Started process (PID=1283) to work on /home/airflow/.local/lib/python3.12/site-packages/airflow/example_dags/example_short_circuit_decorator.py
[2025-04-06T22:26:03.558+0000] {processor.py:914} INFO - Processing file /home/airflow/.local/lib/python3.12/site-packages/airflow/example_dags/example_short_circuit_decorator.py for tasks to queue
[2025-04-06T22:26:03.559+0000] {logging_mixin.py:190} INFO - [2025-04-06T22:26:03.559+0000] {dagbag.py:588} INFO - Filling up the DagBag from /home/airflow/.local/lib/python3.12/site-packages/airflow/example_dags/example_short_circuit_decorator.py
[2025-04-06T22:26:03.568+0000] {processor.py:925} INFO - DAG(s) 'example_short_circuit_decorator' retrieved from /home/airflow/.local/lib/python3.12/site-packages/airflow/example_dags/example_short_circuit_decorator.py
[2025-04-06T22:26:03.589+0000] {logging_mixin.py:190} INFO - [2025-04-06T22:26:03.589+0000] {dag.py:3239} INFO - Sync 1 DAGs
[2025-04-06T22:26:03.602+0000] {logging_mixin.py:190} INFO - [2025-04-06T22:26:03.602+0000] {dag.py:4180} INFO - Setting next_dagrun for example_short_circuit_decorator to None, run_after=None
[2025-04-06T22:26:03.616+0000] {processor.py:208} INFO - Processing /home/airflow/.local/lib/python3.12/site-packages/airflow/example_dags/example_short_circuit_decorator.py took 0.067 seconds
[2025-04-06T22:27:43.596+0000] {processor.py:186} INFO - Started process (PID=114) to work on /home/airflow/.local/lib/python3.12/site-packages/airflow/example_dags/example_short_circuit_decorator.py
[2025-04-06T22:27:43.597+0000] {processor.py:914} INFO - Processing file /home/airflow/.local/lib/python3.12/site-packages/airflow/example_dags/example_short_circuit_decorator.py for tasks to queue
[2025-04-06T22:27:43.601+0000] {logging_mixin.py:190} INFO - [2025-04-06T22:27:43.600+0000] {dagbag.py:588} INFO - Filling up the DagBag from /home/airflow/.local/lib/python3.12/site-packages/airflow/example_dags/example_short_circuit_decorator.py
[2025-04-06T22:27:43.619+0000] {processor.py:925} INFO - DAG(s) 'example_short_circuit_decorator' retrieved from /home/airflow/.local/lib/python3.12/site-packages/airflow/example_dags/example_short_circuit_decorator.py
[2025-04-06T22:27:43.665+0000] {logging_mixin.py:190} INFO - [2025-04-06T22:27:43.665+0000] {dag.py:3239} INFO - Sync 1 DAGs
[2025-04-06T22:27:43.689+0000] {logging_mixin.py:190} INFO - [2025-04-06T22:27:43.689+0000] {dag.py:4180} INFO - Setting next_dagrun for example_short_circuit_decorator to None, run_after=None
[2025-04-06T22:27:43.724+0000] {processor.py:208} INFO - Processing /home/airflow/.local/lib/python3.12/site-packages/airflow/example_dags/example_short_circuit_decorator.py took 0.138 seconds
[2025-04-06T22:28:14.184+0000] {processor.py:186} INFO - Started process (PID=179) to work on /home/airflow/.local/lib/python3.12/site-packages/airflow/example_dags/example_short_circuit_decorator.py
[2025-04-06T22:28:14.185+0000] {processor.py:914} INFO - Processing file /home/airflow/.local/lib/python3.12/site-packages/airflow/example_dags/example_short_circuit_decorator.py for tasks to queue
[2025-04-06T22:28:14.186+0000] {logging_mixin.py:190} INFO - [2025-04-06T22:28:14.186+0000] {dagbag.py:588} INFO - Filling up the DagBag from /home/airflow/.local/lib/python3.12/site-packages/airflow/example_dags/example_short_circuit_decorator.py
[2025-04-06T22:28:14.194+0000] {processor.py:925} INFO - DAG(s) 'example_short_circuit_decorator' retrieved from /home/airflow/.local/lib/python3.12/site-packages/airflow/example_dags/example_short_circuit_decorator.py
[2025-04-06T22:28:14.214+0000] {logging_mixin.py:190} INFO - [2025-04-06T22:28:14.214+0000] {dag.py:3239} INFO - Sync 1 DAGs
[2025-04-06T22:28:14.226+0000] {logging_mixin.py:190} INFO - [2025-04-06T22:28:14.226+0000] {dag.py:4180} INFO - Setting next_dagrun for example_short_circuit_decorator to None, run_after=None
[2025-04-06T22:28:14.239+0000] {processor.py:208} INFO - Processing /home/airflow/.local/lib/python3.12/site-packages/airflow/example_dags/example_short_circuit_decorator.py took 0.059 seconds
[2025-04-06T22:28:44.522+0000] {processor.py:186} INFO - Started process (PID=244) to work on /home/airflow/.local/lib/python3.12/site-packages/airflow/example_dags/example_short_circuit_decorator.py
[2025-04-06T22:28:44.523+0000] {processor.py:914} INFO - Processing file /home/airflow/.local/lib/python3.12/site-packages/airflow/example_dags/example_short_circuit_decorator.py for tasks to queue
[2025-04-06T22:28:44.525+0000] {logging_mixin.py:190} INFO - [2025-04-06T22:28:44.525+0000] {dagbag.py:588} INFO - Filling up the DagBag from /home/airflow/.local/lib/python3.12/site-packages/airflow/example_dags/example_short_circuit_decorator.py
[2025-04-06T22:28:44.532+0000] {processor.py:925} INFO - DAG(s) 'example_short_circuit_decorator' retrieved from /home/airflow/.local/lib/python3.12/site-packages/airflow/example_dags/example_short_circuit_decorator.py
[2025-04-06T22:28:44.554+0000] {logging_mixin.py:190} INFO - [2025-04-06T22:28:44.554+0000] {dag.py:3239} INFO - Sync 1 DAGs
[2025-04-06T22:28:44.567+0000] {logging_mixin.py:190} INFO - [2025-04-06T22:28:44.567+0000] {dag.py:4180} INFO - Setting next_dagrun for example_short_circuit_decorator to None, run_after=None
[2025-04-06T22:28:44.581+0000] {processor.py:208} INFO - Processing /home/airflow/.local/lib/python3.12/site-packages/airflow/example_dags/example_short_circuit_decorator.py took 0.067 seconds
[2025-04-06T22:29:14.741+0000] {processor.py:186} INFO - Started process (PID=309) to work on /home/airflow/.local/lib/python3.12/site-packages/airflow/example_dags/example_short_circuit_decorator.py
[2025-04-06T22:29:14.742+0000] {processor.py:914} INFO - Processing file /home/airflow/.local/lib/python3.12/site-packages/airflow/example_dags/example_short_circuit_decorator.py for tasks to queue
[2025-04-06T22:29:14.744+0000] {logging_mixin.py:190} INFO - [2025-04-06T22:29:14.744+0000] {dagbag.py:588} INFO - Filling up the DagBag from /home/airflow/.local/lib/python3.12/site-packages/airflow/example_dags/example_short_circuit_decorator.py
[2025-04-06T22:29:14.753+0000] {processor.py:925} INFO - DAG(s) 'example_short_circuit_decorator' retrieved from /home/airflow/.local/lib/python3.12/site-packages/airflow/example_dags/example_short_circuit_decorator.py
[2025-04-06T22:29:14.774+0000] {logging_mixin.py:190} INFO - [2025-04-06T22:29:14.774+0000] {dag.py:3239} INFO - Sync 1 DAGs
[2025-04-06T22:29:14.787+0000] {logging_mixin.py:190} INFO - [2025-04-06T22:29:14.787+0000] {dag.py:4180} INFO - Setting next_dagrun for example_short_circuit_decorator to None, run_after=None
[2025-04-06T22:29:14.800+0000] {processor.py:208} INFO - Processing /home/airflow/.local/lib/python3.12/site-packages/airflow/example_dags/example_short_circuit_decorator.py took 0.064 seconds
[2025-04-06T22:29:45.609+0000] {processor.py:186} INFO - Started process (PID=373) to work on /home/airflow/.local/lib/python3.12/site-packages/airflow/example_dags/example_short_circuit_decorator.py
[2025-04-06T22:29:45.610+0000] {processor.py:914} INFO - Processing file /home/airflow/.local/lib/python3.12/site-packages/airflow/example_dags/example_short_circuit_decorator.py for tasks to queue
[2025-04-06T22:29:45.612+0000] {logging_mixin.py:190} INFO - [2025-04-06T22:29:45.612+0000] {dagbag.py:588} INFO - Filling up the DagBag from /home/airflow/.local/lib/python3.12/site-packages/airflow/example_dags/example_short_circuit_decorator.py
[2025-04-06T22:29:45.619+0000] {processor.py:925} INFO - DAG(s) 'example_short_circuit_decorator' retrieved from /home/airflow/.local/lib/python3.12/site-packages/airflow/example_dags/example_short_circuit_decorator.py
[2025-04-06T22:29:45.640+0000] {logging_mixin.py:190} INFO - [2025-04-06T22:29:45.639+0000] {dag.py:3239} INFO - Sync 1 DAGs
[2025-04-06T22:29:45.652+0000] {logging_mixin.py:190} INFO - [2025-04-06T22:29:45.652+0000] {dag.py:4180} INFO - Setting next_dagrun for example_short_circuit_decorator to None, run_after=None
[2025-04-06T22:29:45.665+0000] {processor.py:208} INFO - Processing /home/airflow/.local/lib/python3.12/site-packages/airflow/example_dags/example_short_circuit_decorator.py took 0.064 seconds
[2025-04-06T22:30:15.991+0000] {processor.py:186} INFO - Started process (PID=438) to work on /home/airflow/.local/lib/python3.12/site-packages/airflow/example_dags/example_short_circuit_decorator.py
[2025-04-06T22:30:15.992+0000] {processor.py:914} INFO - Processing file /home/airflow/.local/lib/python3.12/site-packages/airflow/example_dags/example_short_circuit_decorator.py for tasks to queue
[2025-04-06T22:30:15.995+0000] {logging_mixin.py:190} INFO - [2025-04-06T22:30:15.995+0000] {dagbag.py:588} INFO - Filling up the DagBag from /home/airflow/.local/lib/python3.12/site-packages/airflow/example_dags/example_short_circuit_decorator.py
[2025-04-06T22:30:16.003+0000] {processor.py:925} INFO - DAG(s) 'example_short_circuit_decorator' retrieved from /home/airflow/.local/lib/python3.12/site-packages/airflow/example_dags/example_short_circuit_decorator.py
[2025-04-06T22:30:16.024+0000] {logging_mixin.py:190} INFO - [2025-04-06T22:30:16.024+0000] {dag.py:3239} INFO - Sync 1 DAGs
[2025-04-06T22:30:16.037+0000] {logging_mixin.py:190} INFO - [2025-04-06T22:30:16.037+0000] {dag.py:4180} INFO - Setting next_dagrun for example_short_circuit_decorator to None, run_after=None
[2025-04-06T22:30:16.052+0000] {processor.py:208} INFO - Processing /home/airflow/.local/lib/python3.12/site-packages/airflow/example_dags/example_short_circuit_decorator.py took 0.069 seconds
[2025-04-06T22:30:46.196+0000] {processor.py:186} INFO - Started process (PID=503) to work on /home/airflow/.local/lib/python3.12/site-packages/airflow/example_dags/example_short_circuit_decorator.py
[2025-04-06T22:30:46.197+0000] {processor.py:914} INFO - Processing file /home/airflow/.local/lib/python3.12/site-packages/airflow/example_dags/example_short_circuit_decorator.py for tasks to queue
[2025-04-06T22:30:46.201+0000] {logging_mixin.py:190} INFO - [2025-04-06T22:30:46.200+0000] {dagbag.py:588} INFO - Filling up the DagBag from /home/airflow/.local/lib/python3.12/site-packages/airflow/example_dags/example_short_circuit_decorator.py
[2025-04-06T22:30:46.210+0000] {processor.py:925} INFO - DAG(s) 'example_short_circuit_decorator' retrieved from /home/airflow/.local/lib/python3.12/site-packages/airflow/example_dags/example_short_circuit_decorator.py
[2025-04-06T22:30:46.231+0000] {logging_mixin.py:190} INFO - [2025-04-06T22:30:46.231+0000] {dag.py:3239} INFO - Sync 1 DAGs
[2025-04-06T22:30:46.244+0000] {logging_mixin.py:190} INFO - [2025-04-06T22:30:46.244+0000] {dag.py:4180} INFO - Setting next_dagrun for example_short_circuit_decorator to None, run_after=None
[2025-04-06T22:30:46.257+0000] {processor.py:208} INFO - Processing /home/airflow/.local/lib/python3.12/site-packages/airflow/example_dags/example_short_circuit_decorator.py took 0.068 seconds
[2025-04-06T22:31:17.219+0000] {processor.py:186} INFO - Started process (PID=568) to work on /home/airflow/.local/lib/python3.12/site-packages/airflow/example_dags/example_short_circuit_decorator.py
[2025-04-06T22:31:17.220+0000] {processor.py:914} INFO - Processing file /home/airflow/.local/lib/python3.12/site-packages/airflow/example_dags/example_short_circuit_decorator.py for tasks to queue
[2025-04-06T22:31:17.223+0000] {logging_mixin.py:190} INFO - [2025-04-06T22:31:17.223+0000] {dagbag.py:588} INFO - Filling up the DagBag from /home/airflow/.local/lib/python3.12/site-packages/airflow/example_dags/example_short_circuit_decorator.py
[2025-04-06T22:31:17.231+0000] {processor.py:925} INFO - DAG(s) 'example_short_circuit_decorator' retrieved from /home/airflow/.local/lib/python3.12/site-packages/airflow/example_dags/example_short_circuit_decorator.py
[2025-04-06T22:31:17.254+0000] {logging_mixin.py:190} INFO - [2025-04-06T22:31:17.253+0000] {dag.py:3239} INFO - Sync 1 DAGs
[2025-04-06T22:31:17.267+0000] {logging_mixin.py:190} INFO - [2025-04-06T22:31:17.267+0000] {dag.py:4180} INFO - Setting next_dagrun for example_short_circuit_decorator to None, run_after=None
[2025-04-06T22:31:17.281+0000] {processor.py:208} INFO - Processing /home/airflow/.local/lib/python3.12/site-packages/airflow/example_dags/example_short_circuit_decorator.py took 0.069 seconds
[2025-04-06T22:31:47.342+0000] {processor.py:186} INFO - Started process (PID=632) to work on /home/airflow/.local/lib/python3.12/site-packages/airflow/example_dags/example_short_circuit_decorator.py
[2025-04-06T22:31:47.343+0000] {processor.py:914} INFO - Processing file /home/airflow/.local/lib/python3.12/site-packages/airflow/example_dags/example_short_circuit_decorator.py for tasks to queue
[2025-04-06T22:31:47.346+0000] {logging_mixin.py:190} INFO - [2025-04-06T22:31:47.346+0000] {dagbag.py:588} INFO - Filling up the DagBag from /home/airflow/.local/lib/python3.12/site-packages/airflow/example_dags/example_short_circuit_decorator.py
[2025-04-06T22:31:47.355+0000] {processor.py:925} INFO - DAG(s) 'example_short_circuit_decorator' retrieved from /home/airflow/.local/lib/python3.12/site-packages/airflow/example_dags/example_short_circuit_decorator.py
[2025-04-06T22:31:47.377+0000] {logging_mixin.py:190} INFO - [2025-04-06T22:31:47.377+0000] {dag.py:3239} INFO - Sync 1 DAGs
[2025-04-06T22:31:47.389+0000] {logging_mixin.py:190} INFO - [2025-04-06T22:31:47.389+0000] {dag.py:4180} INFO - Setting next_dagrun for example_short_circuit_decorator to None, run_after=None
[2025-04-06T22:31:47.402+0000] {processor.py:208} INFO - Processing /home/airflow/.local/lib/python3.12/site-packages/airflow/example_dags/example_short_circuit_decorator.py took 0.067 seconds
[2025-04-06T22:32:17.829+0000] {processor.py:186} INFO - Started process (PID=697) to work on /home/airflow/.local/lib/python3.12/site-packages/airflow/example_dags/example_short_circuit_decorator.py
[2025-04-06T22:32:17.830+0000] {processor.py:914} INFO - Processing file /home/airflow/.local/lib/python3.12/site-packages/airflow/example_dags/example_short_circuit_decorator.py for tasks to queue
[2025-04-06T22:32:17.833+0000] {logging_mixin.py:190} INFO - [2025-04-06T22:32:17.833+0000] {dagbag.py:588} INFO - Filling up the DagBag from /home/airflow/.local/lib/python3.12/site-packages/airflow/example_dags/example_short_circuit_decorator.py
[2025-04-06T22:32:17.841+0000] {processor.py:925} INFO - DAG(s) 'example_short_circuit_decorator' retrieved from /home/airflow/.local/lib/python3.12/site-packages/airflow/example_dags/example_short_circuit_decorator.py
[2025-04-06T22:32:17.865+0000] {logging_mixin.py:190} INFO - [2025-04-06T22:32:17.865+0000] {dag.py:3239} INFO - Sync 1 DAGs
[2025-04-06T22:32:17.877+0000] {logging_mixin.py:190} INFO - [2025-04-06T22:32:17.877+0000] {dag.py:4180} INFO - Setting next_dagrun for example_short_circuit_decorator to None, run_after=None
[2025-04-06T22:32:17.889+0000] {processor.py:208} INFO - Processing /home/airflow/.local/lib/python3.12/site-packages/airflow/example_dags/example_short_circuit_decorator.py took 0.068 seconds
[2025-04-06T22:32:48.343+0000] {processor.py:186} INFO - Started process (PID=762) to work on /home/airflow/.local/lib/python3.12/site-packages/airflow/example_dags/example_short_circuit_decorator.py
[2025-04-06T22:32:48.344+0000] {processor.py:914} INFO - Processing file /home/airflow/.local/lib/python3.12/site-packages/airflow/example_dags/example_short_circuit_decorator.py for tasks to queue
[2025-04-06T22:32:48.347+0000] {logging_mixin.py:190} INFO - [2025-04-06T22:32:48.347+0000] {dagbag.py:588} INFO - Filling up the DagBag from /home/airflow/.local/lib/python3.12/site-packages/airflow/example_dags/example_short_circuit_decorator.py
[2025-04-06T22:32:48.355+0000] {processor.py:925} INFO - DAG(s) 'example_short_circuit_decorator' retrieved from /home/airflow/.local/lib/python3.12/site-packages/airflow/example_dags/example_short_circuit_decorator.py
[2025-04-06T22:32:48.376+0000] {logging_mixin.py:190} INFO - [2025-04-06T22:32:48.376+0000] {dag.py:3239} INFO - Sync 1 DAGs
[2025-04-06T22:32:48.388+0000] {logging_mixin.py:190} INFO - [2025-04-06T22:32:48.388+0000] {dag.py:4180} INFO - Setting next_dagrun for example_short_circuit_decorator to None, run_after=None
[2025-04-06T22:32:48.401+0000] {processor.py:208} INFO - Processing /home/airflow/.local/lib/python3.12/site-packages/airflow/example_dags/example_short_circuit_decorator.py took 0.066 seconds
[2025-04-06T22:33:18.467+0000] {processor.py:186} INFO - Started process (PID=827) to work on /home/airflow/.local/lib/python3.12/site-packages/airflow/example_dags/example_short_circuit_decorator.py
[2025-04-06T22:33:18.468+0000] {processor.py:914} INFO - Processing file /home/airflow/.local/lib/python3.12/site-packages/airflow/example_dags/example_short_circuit_decorator.py for tasks to queue
[2025-04-06T22:33:18.471+0000] {logging_mixin.py:190} INFO - [2025-04-06T22:33:18.471+0000] {dagbag.py:588} INFO - Filling up the DagBag from /home/airflow/.local/lib/python3.12/site-packages/airflow/example_dags/example_short_circuit_decorator.py
[2025-04-06T22:33:18.481+0000] {processor.py:925} INFO - DAG(s) 'example_short_circuit_decorator' retrieved from /home/airflow/.local/lib/python3.12/site-packages/airflow/example_dags/example_short_circuit_decorator.py
[2025-04-06T22:33:18.501+0000] {logging_mixin.py:190} INFO - [2025-04-06T22:33:18.501+0000] {dag.py:3239} INFO - Sync 1 DAGs
[2025-04-06T22:33:18.514+0000] {logging_mixin.py:190} INFO - [2025-04-06T22:33:18.514+0000] {dag.py:4180} INFO - Setting next_dagrun for example_short_circuit_decorator to None, run_after=None
[2025-04-06T22:33:18.527+0000] {processor.py:208} INFO - Processing /home/airflow/.local/lib/python3.12/site-packages/airflow/example_dags/example_short_circuit_decorator.py took 0.065 seconds
[2025-04-06T22:33:48.608+0000] {processor.py:186} INFO - Started process (PID=892) to work on /home/airflow/.local/lib/python3.12/site-packages/airflow/example_dags/example_short_circuit_decorator.py
[2025-04-06T22:33:48.609+0000] {processor.py:914} INFO - Processing file /home/airflow/.local/lib/python3.12/site-packages/airflow/example_dags/example_short_circuit_decorator.py for tasks to queue
[2025-04-06T22:33:48.610+0000] {logging_mixin.py:190} INFO - [2025-04-06T22:33:48.610+0000] {dagbag.py:588} INFO - Filling up the DagBag from /home/airflow/.local/lib/python3.12/site-packages/airflow/example_dags/example_short_circuit_decorator.py
[2025-04-06T22:33:48.617+0000] {processor.py:925} INFO - DAG(s) 'example_short_circuit_decorator' retrieved from /home/airflow/.local/lib/python3.12/site-packages/airflow/example_dags/example_short_circuit_decorator.py
[2025-04-06T22:33:48.639+0000] {logging_mixin.py:190} INFO - [2025-04-06T22:33:48.638+0000] {dag.py:3239} INFO - Sync 1 DAGs
[2025-04-06T22:33:48.651+0000] {logging_mixin.py:190} INFO - [2025-04-06T22:33:48.651+0000] {dag.py:4180} INFO - Setting next_dagrun for example_short_circuit_decorator to None, run_after=None
[2025-04-06T22:33:48.664+0000] {processor.py:208} INFO - Processing /home/airflow/.local/lib/python3.12/site-packages/airflow/example_dags/example_short_circuit_decorator.py took 0.060 seconds
[2025-04-06T22:34:19.225+0000] {processor.py:186} INFO - Started process (PID=957) to work on /home/airflow/.local/lib/python3.12/site-packages/airflow/example_dags/example_short_circuit_decorator.py
[2025-04-06T22:34:19.226+0000] {processor.py:914} INFO - Processing file /home/airflow/.local/lib/python3.12/site-packages/airflow/example_dags/example_short_circuit_decorator.py for tasks to queue
[2025-04-06T22:34:19.228+0000] {logging_mixin.py:190} INFO - [2025-04-06T22:34:19.228+0000] {dagbag.py:588} INFO - Filling up the DagBag from /home/airflow/.local/lib/python3.12/site-packages/airflow/example_dags/example_short_circuit_decorator.py
[2025-04-06T22:34:19.235+0000] {processor.py:925} INFO - DAG(s) 'example_short_circuit_decorator' retrieved from /home/airflow/.local/lib/python3.12/site-packages/airflow/example_dags/example_short_circuit_decorator.py
[2025-04-06T22:34:19.258+0000] {logging_mixin.py:190} INFO - [2025-04-06T22:34:19.257+0000] {dag.py:3239} INFO - Sync 1 DAGs
[2025-04-06T22:34:19.270+0000] {logging_mixin.py:190} INFO - [2025-04-06T22:34:19.270+0000] {dag.py:4180} INFO - Setting next_dagrun for example_short_circuit_decorator to None, run_after=None
[2025-04-06T22:34:19.284+0000] {processor.py:208} INFO - Processing /home/airflow/.local/lib/python3.12/site-packages/airflow/example_dags/example_short_circuit_decorator.py took 0.067 seconds
[2025-04-06T22:34:49.593+0000] {processor.py:186} INFO - Started process (PID=1022) to work on /home/airflow/.local/lib/python3.12/site-packages/airflow/example_dags/example_short_circuit_decorator.py
[2025-04-06T22:34:49.593+0000] {processor.py:914} INFO - Processing file /home/airflow/.local/lib/python3.12/site-packages/airflow/example_dags/example_short_circuit_decorator.py for tasks to queue
[2025-04-06T22:34:49.595+0000] {logging_mixin.py:190} INFO - [2025-04-06T22:34:49.595+0000] {dagbag.py:588} INFO - Filling up the DagBag from /home/airflow/.local/lib/python3.12/site-packages/airflow/example_dags/example_short_circuit_decorator.py
[2025-04-06T22:34:49.602+0000] {processor.py:925} INFO - DAG(s) 'example_short_circuit_decorator' retrieved from /home/airflow/.local/lib/python3.12/site-packages/airflow/example_dags/example_short_circuit_decorator.py
[2025-04-06T22:34:49.623+0000] {logging_mixin.py:190} INFO - [2025-04-06T22:34:49.623+0000] {dag.py:3239} INFO - Sync 1 DAGs
[2025-04-06T22:34:49.635+0000] {logging_mixin.py:190} INFO - [2025-04-06T22:34:49.635+0000] {dag.py:4180} INFO - Setting next_dagrun for example_short_circuit_decorator to None, run_after=None
[2025-04-06T22:34:49.648+0000] {processor.py:208} INFO - Processing /home/airflow/.local/lib/python3.12/site-packages/airflow/example_dags/example_short_circuit_decorator.py took 0.059 seconds
[2025-04-06T22:35:19.980+0000] {processor.py:186} INFO - Started process (PID=1087) to work on /home/airflow/.local/lib/python3.12/site-packages/airflow/example_dags/example_short_circuit_decorator.py
[2025-04-06T22:35:19.981+0000] {processor.py:914} INFO - Processing file /home/airflow/.local/lib/python3.12/site-packages/airflow/example_dags/example_short_circuit_decorator.py for tasks to queue
[2025-04-06T22:35:19.984+0000] {logging_mixin.py:190} INFO - [2025-04-06T22:35:19.983+0000] {dagbag.py:588} INFO - Filling up the DagBag from /home/airflow/.local/lib/python3.12/site-packages/airflow/example_dags/example_short_circuit_decorator.py
[2025-04-06T22:35:19.992+0000] {processor.py:925} INFO - DAG(s) 'example_short_circuit_decorator' retrieved from /home/airflow/.local/lib/python3.12/site-packages/airflow/example_dags/example_short_circuit_decorator.py
[2025-04-06T22:35:20.013+0000] {logging_mixin.py:190} INFO - [2025-04-06T22:35:20.013+0000] {dag.py:3239} INFO - Sync 1 DAGs
[2025-04-06T22:35:20.026+0000] {logging_mixin.py:190} INFO - [2025-04-06T22:35:20.026+0000] {dag.py:4180} INFO - Setting next_dagrun for example_short_circuit_decorator to None, run_after=None
[2025-04-06T22:35:20.039+0000] {processor.py:208} INFO - Processing /home/airflow/.local/lib/python3.12/site-packages/airflow/example_dags/example_short_circuit_decorator.py took 0.066 seconds
[2025-04-06T22:35:50.573+0000] {processor.py:186} INFO - Started process (PID=1153) to work on /home/airflow/.local/lib/python3.12/site-packages/airflow/example_dags/example_short_circuit_decorator.py
[2025-04-06T22:35:50.574+0000] {processor.py:914} INFO - Processing file /home/airflow/.local/lib/python3.12/site-packages/airflow/example_dags/example_short_circuit_decorator.py for tasks to queue
[2025-04-06T22:35:50.577+0000] {logging_mixin.py:190} INFO - [2025-04-06T22:35:50.576+0000] {dagbag.py:588} INFO - Filling up the DagBag from /home/airflow/.local/lib/python3.12/site-packages/airflow/example_dags/example_short_circuit_decorator.py
[2025-04-06T22:35:50.585+0000] {processor.py:925} INFO - DAG(s) 'example_short_circuit_decorator' retrieved from /home/airflow/.local/lib/python3.12/site-packages/airflow/example_dags/example_short_circuit_decorator.py
[2025-04-06T22:35:50.606+0000] {logging_mixin.py:190} INFO - [2025-04-06T22:35:50.606+0000] {dag.py:3239} INFO - Sync 1 DAGs
[2025-04-06T22:35:50.619+0000] {logging_mixin.py:190} INFO - [2025-04-06T22:35:50.618+0000] {dag.py:4180} INFO - Setting next_dagrun for example_short_circuit_decorator to None, run_after=None
[2025-04-06T22:35:50.632+0000] {processor.py:208} INFO - Processing /home/airflow/.local/lib/python3.12/site-packages/airflow/example_dags/example_short_circuit_decorator.py took 0.065 seconds
[2025-04-06T22:36:21.241+0000] {processor.py:186} INFO - Started process (PID=1218) to work on /home/airflow/.local/lib/python3.12/site-packages/airflow/example_dags/example_short_circuit_decorator.py
[2025-04-06T22:36:21.242+0000] {processor.py:914} INFO - Processing file /home/airflow/.local/lib/python3.12/site-packages/airflow/example_dags/example_short_circuit_decorator.py for tasks to queue
[2025-04-06T22:36:21.244+0000] {logging_mixin.py:190} INFO - [2025-04-06T22:36:21.243+0000] {dagbag.py:588} INFO - Filling up the DagBag from /home/airflow/.local/lib/python3.12/site-packages/airflow/example_dags/example_short_circuit_decorator.py
[2025-04-06T22:36:21.251+0000] {processor.py:925} INFO - DAG(s) 'example_short_circuit_decorator' retrieved from /home/airflow/.local/lib/python3.12/site-packages/airflow/example_dags/example_short_circuit_decorator.py
[2025-04-06T22:36:21.271+0000] {logging_mixin.py:190} INFO - [2025-04-06T22:36:21.271+0000] {dag.py:3239} INFO - Sync 1 DAGs
[2025-04-06T22:36:21.283+0000] {logging_mixin.py:190} INFO - [2025-04-06T22:36:21.283+0000] {dag.py:4180} INFO - Setting next_dagrun for example_short_circuit_decorator to None, run_after=None
[2025-04-06T22:36:21.295+0000] {processor.py:208} INFO - Processing /home/airflow/.local/lib/python3.12/site-packages/airflow/example_dags/example_short_circuit_decorator.py took 0.061 seconds
[2025-04-06T22:36:51.919+0000] {processor.py:186} INFO - Started process (PID=1283) to work on /home/airflow/.local/lib/python3.12/site-packages/airflow/example_dags/example_short_circuit_decorator.py
[2025-04-06T22:36:51.919+0000] {processor.py:914} INFO - Processing file /home/airflow/.local/lib/python3.12/site-packages/airflow/example_dags/example_short_circuit_decorator.py for tasks to queue
[2025-04-06T22:36:51.921+0000] {logging_mixin.py:190} INFO - [2025-04-06T22:36:51.921+0000] {dagbag.py:588} INFO - Filling up the DagBag from /home/airflow/.local/lib/python3.12/site-packages/airflow/example_dags/example_short_circuit_decorator.py
[2025-04-06T22:36:51.928+0000] {processor.py:925} INFO - DAG(s) 'example_short_circuit_decorator' retrieved from /home/airflow/.local/lib/python3.12/site-packages/airflow/example_dags/example_short_circuit_decorator.py
[2025-04-06T22:36:51.949+0000] {logging_mixin.py:190} INFO - [2025-04-06T22:36:51.949+0000] {dag.py:3239} INFO - Sync 1 DAGs
[2025-04-06T22:36:51.962+0000] {logging_mixin.py:190} INFO - [2025-04-06T22:36:51.962+0000] {dag.py:4180} INFO - Setting next_dagrun for example_short_circuit_decorator to None, run_after=None
[2025-04-06T22:36:51.976+0000] {processor.py:208} INFO - Processing /home/airflow/.local/lib/python3.12/site-packages/airflow/example_dags/example_short_circuit_decorator.py took 0.061 seconds
[2025-04-06T22:37:22.480+0000] {processor.py:186} INFO - Started process (PID=1348) to work on /home/airflow/.local/lib/python3.12/site-packages/airflow/example_dags/example_short_circuit_decorator.py
[2025-04-06T22:37:22.481+0000] {processor.py:914} INFO - Processing file /home/airflow/.local/lib/python3.12/site-packages/airflow/example_dags/example_short_circuit_decorator.py for tasks to queue
[2025-04-06T22:37:22.483+0000] {logging_mixin.py:190} INFO - [2025-04-06T22:37:22.483+0000] {dagbag.py:588} INFO - Filling up the DagBag from /home/airflow/.local/lib/python3.12/site-packages/airflow/example_dags/example_short_circuit_decorator.py
[2025-04-06T22:37:22.490+0000] {processor.py:925} INFO - DAG(s) 'example_short_circuit_decorator' retrieved from /home/airflow/.local/lib/python3.12/site-packages/airflow/example_dags/example_short_circuit_decorator.py
[2025-04-06T22:37:22.510+0000] {logging_mixin.py:190} INFO - [2025-04-06T22:37:22.509+0000] {dag.py:3239} INFO - Sync 1 DAGs
[2025-04-06T22:37:22.521+0000] {logging_mixin.py:190} INFO - [2025-04-06T22:37:22.521+0000] {dag.py:4180} INFO - Setting next_dagrun for example_short_circuit_decorator to None, run_after=None
[2025-04-06T22:37:22.533+0000] {processor.py:208} INFO - Processing /home/airflow/.local/lib/python3.12/site-packages/airflow/example_dags/example_short_circuit_decorator.py took 0.056 seconds
[2025-04-06T22:37:53.130+0000] {processor.py:186} INFO - Started process (PID=1413) to work on /home/airflow/.local/lib/python3.12/site-packages/airflow/example_dags/example_short_circuit_decorator.py
[2025-04-06T22:37:53.132+0000] {processor.py:914} INFO - Processing file /home/airflow/.local/lib/python3.12/site-packages/airflow/example_dags/example_short_circuit_decorator.py for tasks to queue
[2025-04-06T22:37:53.134+0000] {logging_mixin.py:190} INFO - [2025-04-06T22:37:53.134+0000] {dagbag.py:588} INFO - Filling up the DagBag from /home/airflow/.local/lib/python3.12/site-packages/airflow/example_dags/example_short_circuit_decorator.py
[2025-04-06T22:37:53.142+0000] {processor.py:925} INFO - DAG(s) 'example_short_circuit_decorator' retrieved from /home/airflow/.local/lib/python3.12/site-packages/airflow/example_dags/example_short_circuit_decorator.py
[2025-04-06T22:37:53.163+0000] {logging_mixin.py:190} INFO - [2025-04-06T22:37:53.163+0000] {dag.py:3239} INFO - Sync 1 DAGs
[2025-04-06T22:37:53.176+0000] {logging_mixin.py:190} INFO - [2025-04-06T22:37:53.176+0000] {dag.py:4180} INFO - Setting next_dagrun for example_short_circuit_decorator to None, run_after=None
[2025-04-06T22:37:53.188+0000] {processor.py:208} INFO - Processing /home/airflow/.local/lib/python3.12/site-packages/airflow/example_dags/example_short_circuit_decorator.py took 0.065 seconds
[2025-04-06T22:38:23.760+0000] {processor.py:186} INFO - Started process (PID=1478) to work on /home/airflow/.local/lib/python3.12/site-packages/airflow/example_dags/example_short_circuit_decorator.py
[2025-04-06T22:38:23.761+0000] {processor.py:914} INFO - Processing file /home/airflow/.local/lib/python3.12/site-packages/airflow/example_dags/example_short_circuit_decorator.py for tasks to queue
[2025-04-06T22:38:23.763+0000] {logging_mixin.py:190} INFO - [2025-04-06T22:38:23.763+0000] {dagbag.py:588} INFO - Filling up the DagBag from /home/airflow/.local/lib/python3.12/site-packages/airflow/example_dags/example_short_circuit_decorator.py
[2025-04-06T22:38:23.770+0000] {processor.py:925} INFO - DAG(s) 'example_short_circuit_decorator' retrieved from /home/airflow/.local/lib/python3.12/site-packages/airflow/example_dags/example_short_circuit_decorator.py
[2025-04-06T22:38:23.791+0000] {logging_mixin.py:190} INFO - [2025-04-06T22:38:23.791+0000] {dag.py:3239} INFO - Sync 1 DAGs
[2025-04-06T22:38:23.804+0000] {logging_mixin.py:190} INFO - [2025-04-06T22:38:23.803+0000] {dag.py:4180} INFO - Setting next_dagrun for example_short_circuit_decorator to None, run_after=None
[2025-04-06T22:38:23.816+0000] {processor.py:208} INFO - Processing /home/airflow/.local/lib/python3.12/site-packages/airflow/example_dags/example_short_circuit_decorator.py took 0.060 seconds
[2025-04-06T22:38:54.631+0000] {processor.py:186} INFO - Started process (PID=1543) to work on /home/airflow/.local/lib/python3.12/site-packages/airflow/example_dags/example_short_circuit_decorator.py
[2025-04-06T22:38:54.632+0000] {processor.py:914} INFO - Processing file /home/airflow/.local/lib/python3.12/site-packages/airflow/example_dags/example_short_circuit_decorator.py for tasks to queue
[2025-04-06T22:38:54.634+0000] {logging_mixin.py:190} INFO - [2025-04-06T22:38:54.633+0000] {dagbag.py:588} INFO - Filling up the DagBag from /home/airflow/.local/lib/python3.12/site-packages/airflow/example_dags/example_short_circuit_decorator.py
[2025-04-06T22:38:54.641+0000] {processor.py:925} INFO - DAG(s) 'example_short_circuit_decorator' retrieved from /home/airflow/.local/lib/python3.12/site-packages/airflow/example_dags/example_short_circuit_decorator.py
[2025-04-06T22:38:54.661+0000] {logging_mixin.py:190} INFO - [2025-04-06T22:38:54.661+0000] {dag.py:3239} INFO - Sync 1 DAGs
[2025-04-06T22:38:54.673+0000] {logging_mixin.py:190} INFO - [2025-04-06T22:38:54.673+0000] {dag.py:4180} INFO - Setting next_dagrun for example_short_circuit_decorator to None, run_after=None
[2025-04-06T22:38:54.858+0000] {processor.py:208} INFO - Processing /home/airflow/.local/lib/python3.12/site-packages/airflow/example_dags/example_short_circuit_decorator.py took 0.231 seconds
[2025-04-06T22:39:25.661+0000] {processor.py:186} INFO - Started process (PID=1608) to work on /home/airflow/.local/lib/python3.12/site-packages/airflow/example_dags/example_short_circuit_decorator.py
[2025-04-06T22:39:25.662+0000] {processor.py:914} INFO - Processing file /home/airflow/.local/lib/python3.12/site-packages/airflow/example_dags/example_short_circuit_decorator.py for tasks to queue
[2025-04-06T22:39:25.664+0000] {logging_mixin.py:190} INFO - [2025-04-06T22:39:25.664+0000] {dagbag.py:588} INFO - Filling up the DagBag from /home/airflow/.local/lib/python3.12/site-packages/airflow/example_dags/example_short_circuit_decorator.py
[2025-04-06T22:39:25.672+0000] {processor.py:925} INFO - DAG(s) 'example_short_circuit_decorator' retrieved from /home/airflow/.local/lib/python3.12/site-packages/airflow/example_dags/example_short_circuit_decorator.py
[2025-04-06T22:39:25.693+0000] {logging_mixin.py:190} INFO - [2025-04-06T22:39:25.692+0000] {dag.py:3239} INFO - Sync 1 DAGs
[2025-04-06T22:39:25.705+0000] {logging_mixin.py:190} INFO - [2025-04-06T22:39:25.705+0000] {dag.py:4180} INFO - Setting next_dagrun for example_short_circuit_decorator to None, run_after=None
[2025-04-06T22:39:25.717+0000] {processor.py:208} INFO - Processing /home/airflow/.local/lib/python3.12/site-packages/airflow/example_dags/example_short_circuit_decorator.py took 0.060 seconds
[2025-04-06T22:39:56.008+0000] {processor.py:186} INFO - Started process (PID=1673) to work on /home/airflow/.local/lib/python3.12/site-packages/airflow/example_dags/example_short_circuit_decorator.py
[2025-04-06T22:39:56.009+0000] {processor.py:914} INFO - Processing file /home/airflow/.local/lib/python3.12/site-packages/airflow/example_dags/example_short_circuit_decorator.py for tasks to queue
[2025-04-06T22:39:56.012+0000] {logging_mixin.py:190} INFO - [2025-04-06T22:39:56.011+0000] {dagbag.py:588} INFO - Filling up the DagBag from /home/airflow/.local/lib/python3.12/site-packages/airflow/example_dags/example_short_circuit_decorator.py
[2025-04-06T22:39:56.019+0000] {processor.py:925} INFO - DAG(s) 'example_short_circuit_decorator' retrieved from /home/airflow/.local/lib/python3.12/site-packages/airflow/example_dags/example_short_circuit_decorator.py
[2025-04-06T22:39:56.040+0000] {logging_mixin.py:190} INFO - [2025-04-06T22:39:56.039+0000] {dag.py:3239} INFO - Sync 1 DAGs
[2025-04-06T22:39:56.052+0000] {logging_mixin.py:190} INFO - [2025-04-06T22:39:56.052+0000] {dag.py:4180} INFO - Setting next_dagrun for example_short_circuit_decorator to None, run_after=None
[2025-04-06T22:39:56.064+0000] {processor.py:208} INFO - Processing /home/airflow/.local/lib/python3.12/site-packages/airflow/example_dags/example_short_circuit_decorator.py took 0.063 seconds
[2025-04-06T22:40:26.152+0000] {processor.py:186} INFO - Started process (PID=1738) to work on /home/airflow/.local/lib/python3.12/site-packages/airflow/example_dags/example_short_circuit_decorator.py
[2025-04-06T22:40:26.153+0000] {processor.py:914} INFO - Processing file /home/airflow/.local/lib/python3.12/site-packages/airflow/example_dags/example_short_circuit_decorator.py for tasks to queue
[2025-04-06T22:40:26.154+0000] {logging_mixin.py:190} INFO - [2025-04-06T22:40:26.154+0000] {dagbag.py:588} INFO - Filling up the DagBag from /home/airflow/.local/lib/python3.12/site-packages/airflow/example_dags/example_short_circuit_decorator.py
[2025-04-06T22:40:26.161+0000] {processor.py:925} INFO - DAG(s) 'example_short_circuit_decorator' retrieved from /home/airflow/.local/lib/python3.12/site-packages/airflow/example_dags/example_short_circuit_decorator.py
[2025-04-06T22:40:26.185+0000] {logging_mixin.py:190} INFO - [2025-04-06T22:40:26.185+0000] {dag.py:3239} INFO - Sync 1 DAGs
[2025-04-06T22:40:26.198+0000] {logging_mixin.py:190} INFO - [2025-04-06T22:40:26.198+0000] {dag.py:4180} INFO - Setting next_dagrun for example_short_circuit_decorator to None, run_after=None
[2025-04-06T22:40:26.212+0000] {processor.py:208} INFO - Processing /home/airflow/.local/lib/python3.12/site-packages/airflow/example_dags/example_short_circuit_decorator.py took 0.064 seconds
[2025-04-06T22:40:57.322+0000] {processor.py:186} INFO - Started process (PID=1803) to work on /home/airflow/.local/lib/python3.12/site-packages/airflow/example_dags/example_short_circuit_decorator.py
[2025-04-06T22:40:57.322+0000] {processor.py:914} INFO - Processing file /home/airflow/.local/lib/python3.12/site-packages/airflow/example_dags/example_short_circuit_decorator.py for tasks to queue
[2025-04-06T22:40:57.324+0000] {logging_mixin.py:190} INFO - [2025-04-06T22:40:57.324+0000] {dagbag.py:588} INFO - Filling up the DagBag from /home/airflow/.local/lib/python3.12/site-packages/airflow/example_dags/example_short_circuit_decorator.py
[2025-04-06T22:40:57.331+0000] {processor.py:925} INFO - DAG(s) 'example_short_circuit_decorator' retrieved from /home/airflow/.local/lib/python3.12/site-packages/airflow/example_dags/example_short_circuit_decorator.py
[2025-04-06T22:40:57.352+0000] {logging_mixin.py:190} INFO - [2025-04-06T22:40:57.352+0000] {dag.py:3239} INFO - Sync 1 DAGs
[2025-04-06T22:40:57.543+0000] {logging_mixin.py:190} INFO - [2025-04-06T22:40:57.542+0000] {dag.py:4180} INFO - Setting next_dagrun for example_short_circuit_decorator to None, run_after=None
[2025-04-06T22:40:57.556+0000] {processor.py:208} INFO - Processing /home/airflow/.local/lib/python3.12/site-packages/airflow/example_dags/example_short_circuit_decorator.py took 0.239 seconds
[2025-04-06T22:41:28.255+0000] {processor.py:186} INFO - Started process (PID=1868) to work on /home/airflow/.local/lib/python3.12/site-packages/airflow/example_dags/example_short_circuit_decorator.py
[2025-04-06T22:41:28.256+0000] {processor.py:914} INFO - Processing file /home/airflow/.local/lib/python3.12/site-packages/airflow/example_dags/example_short_circuit_decorator.py for tasks to queue
[2025-04-06T22:41:28.258+0000] {logging_mixin.py:190} INFO - [2025-04-06T22:41:28.258+0000] {dagbag.py:588} INFO - Filling up the DagBag from /home/airflow/.local/lib/python3.12/site-packages/airflow/example_dags/example_short_circuit_decorator.py
[2025-04-06T22:41:28.267+0000] {processor.py:925} INFO - DAG(s) 'example_short_circuit_decorator' retrieved from /home/airflow/.local/lib/python3.12/site-packages/airflow/example_dags/example_short_circuit_decorator.py
[2025-04-06T22:41:28.290+0000] {logging_mixin.py:190} INFO - [2025-04-06T22:41:28.289+0000] {dag.py:3239} INFO - Sync 1 DAGs
[2025-04-06T22:41:28.550+0000] {logging_mixin.py:190} INFO - [2025-04-06T22:41:28.550+0000] {dag.py:4180} INFO - Setting next_dagrun for example_short_circuit_decorator to None, run_after=None
[2025-04-06T22:41:28.564+0000] {processor.py:208} INFO - Processing /home/airflow/.local/lib/python3.12/site-packages/airflow/example_dags/example_short_circuit_decorator.py took 0.316 seconds
[2025-04-06T22:41:59.399+0000] {processor.py:186} INFO - Started process (PID=1933) to work on /home/airflow/.local/lib/python3.12/site-packages/airflow/example_dags/example_short_circuit_decorator.py
[2025-04-06T22:41:59.402+0000] {processor.py:914} INFO - Processing file /home/airflow/.local/lib/python3.12/site-packages/airflow/example_dags/example_short_circuit_decorator.py for tasks to queue
[2025-04-06T22:41:59.405+0000] {logging_mixin.py:190} INFO - [2025-04-06T22:41:59.404+0000] {dagbag.py:588} INFO - Filling up the DagBag from /home/airflow/.local/lib/python3.12/site-packages/airflow/example_dags/example_short_circuit_decorator.py
[2025-04-06T22:41:59.414+0000] {processor.py:925} INFO - DAG(s) 'example_short_circuit_decorator' retrieved from /home/airflow/.local/lib/python3.12/site-packages/airflow/example_dags/example_short_circuit_decorator.py
[2025-04-06T22:41:59.435+0000] {logging_mixin.py:190} INFO - [2025-04-06T22:41:59.435+0000] {dag.py:3239} INFO - Sync 1 DAGs
[2025-04-06T22:41:59.447+0000] {logging_mixin.py:190} INFO - [2025-04-06T22:41:59.447+0000] {dag.py:4180} INFO - Setting next_dagrun for example_short_circuit_decorator to None, run_after=None
[2025-04-06T22:41:59.460+0000] {processor.py:208} INFO - Processing /home/airflow/.local/lib/python3.12/site-packages/airflow/example_dags/example_short_circuit_decorator.py took 0.068 seconds
[2025-04-06T22:42:29.929+0000] {processor.py:186} INFO - Started process (PID=1998) to work on /home/airflow/.local/lib/python3.12/site-packages/airflow/example_dags/example_short_circuit_decorator.py
[2025-04-06T22:42:29.932+0000] {processor.py:914} INFO - Processing file /home/airflow/.local/lib/python3.12/site-packages/airflow/example_dags/example_short_circuit_decorator.py for tasks to queue
[2025-04-06T22:42:29.936+0000] {logging_mixin.py:190} INFO - [2025-04-06T22:42:29.936+0000] {dagbag.py:588} INFO - Filling up the DagBag from /home/airflow/.local/lib/python3.12/site-packages/airflow/example_dags/example_short_circuit_decorator.py
[2025-04-06T22:42:29.945+0000] {processor.py:925} INFO - DAG(s) 'example_short_circuit_decorator' retrieved from /home/airflow/.local/lib/python3.12/site-packages/airflow/example_dags/example_short_circuit_decorator.py
[2025-04-06T22:42:29.966+0000] {logging_mixin.py:190} INFO - [2025-04-06T22:42:29.966+0000] {dag.py:3239} INFO - Sync 1 DAGs
[2025-04-06T22:42:29.978+0000] {logging_mixin.py:190} INFO - [2025-04-06T22:42:29.978+0000] {dag.py:4180} INFO - Setting next_dagrun for example_short_circuit_decorator to None, run_after=None
[2025-04-06T22:42:29.991+0000] {processor.py:208} INFO - Processing /home/airflow/.local/lib/python3.12/site-packages/airflow/example_dags/example_short_circuit_decorator.py took 0.069 seconds
[2025-04-06T22:43:00.702+0000] {processor.py:186} INFO - Started process (PID=2063) to work on /home/airflow/.local/lib/python3.12/site-packages/airflow/example_dags/example_short_circuit_decorator.py
[2025-04-06T22:43:00.703+0000] {processor.py:914} INFO - Processing file /home/airflow/.local/lib/python3.12/site-packages/airflow/example_dags/example_short_circuit_decorator.py for tasks to queue
[2025-04-06T22:43:00.707+0000] {logging_mixin.py:190} INFO - [2025-04-06T22:43:00.706+0000] {dagbag.py:588} INFO - Filling up the DagBag from /home/airflow/.local/lib/python3.12/site-packages/airflow/example_dags/example_short_circuit_decorator.py
[2025-04-06T22:43:00.715+0000] {processor.py:925} INFO - DAG(s) 'example_short_circuit_decorator' retrieved from /home/airflow/.local/lib/python3.12/site-packages/airflow/example_dags/example_short_circuit_decorator.py
[2025-04-06T22:43:00.738+0000] {logging_mixin.py:190} INFO - [2025-04-06T22:43:00.737+0000] {dag.py:3239} INFO - Sync 1 DAGs
[2025-04-06T22:43:00.752+0000] {logging_mixin.py:190} INFO - [2025-04-06T22:43:00.752+0000] {dag.py:4180} INFO - Setting next_dagrun for example_short_circuit_decorator to None, run_after=None
[2025-04-06T22:43:00.769+0000] {processor.py:208} INFO - Processing /home/airflow/.local/lib/python3.12/site-packages/airflow/example_dags/example_short_circuit_decorator.py took 0.075 seconds
[2025-04-06T22:43:31.303+0000] {processor.py:186} INFO - Started process (PID=2129) to work on /home/airflow/.local/lib/python3.12/site-packages/airflow/example_dags/example_short_circuit_decorator.py
[2025-04-06T22:43:31.306+0000] {processor.py:914} INFO - Processing file /home/airflow/.local/lib/python3.12/site-packages/airflow/example_dags/example_short_circuit_decorator.py for tasks to queue
[2025-04-06T22:43:31.309+0000] {logging_mixin.py:190} INFO - [2025-04-06T22:43:31.309+0000] {dagbag.py:588} INFO - Filling up the DagBag from /home/airflow/.local/lib/python3.12/site-packages/airflow/example_dags/example_short_circuit_decorator.py
[2025-04-06T22:43:31.319+0000] {processor.py:925} INFO - DAG(s) 'example_short_circuit_decorator' retrieved from /home/airflow/.local/lib/python3.12/site-packages/airflow/example_dags/example_short_circuit_decorator.py
[2025-04-06T22:43:31.341+0000] {logging_mixin.py:190} INFO - [2025-04-06T22:43:31.341+0000] {dag.py:3239} INFO - Sync 1 DAGs
[2025-04-06T22:43:31.354+0000] {logging_mixin.py:190} INFO - [2025-04-06T22:43:31.353+0000] {dag.py:4180} INFO - Setting next_dagrun for example_short_circuit_decorator to None, run_after=None
[2025-04-06T22:43:31.368+0000] {processor.py:208} INFO - Processing /home/airflow/.local/lib/python3.12/site-packages/airflow/example_dags/example_short_circuit_decorator.py took 0.072 seconds
[2025-04-06T22:44:01.816+0000] {processor.py:186} INFO - Started process (PID=2194) to work on /home/airflow/.local/lib/python3.12/site-packages/airflow/example_dags/example_short_circuit_decorator.py
[2025-04-06T22:44:01.819+0000] {processor.py:914} INFO - Processing file /home/airflow/.local/lib/python3.12/site-packages/airflow/example_dags/example_short_circuit_decorator.py for tasks to queue
[2025-04-06T22:44:01.821+0000] {logging_mixin.py:190} INFO - [2025-04-06T22:44:01.820+0000] {dagbag.py:588} INFO - Filling up the DagBag from /home/airflow/.local/lib/python3.12/site-packages/airflow/example_dags/example_short_circuit_decorator.py
[2025-04-06T22:44:01.828+0000] {processor.py:925} INFO - DAG(s) 'example_short_circuit_decorator' retrieved from /home/airflow/.local/lib/python3.12/site-packages/airflow/example_dags/example_short_circuit_decorator.py
[2025-04-06T22:44:01.850+0000] {logging_mixin.py:190} INFO - [2025-04-06T22:44:01.850+0000] {dag.py:3239} INFO - Sync 1 DAGs
[2025-04-06T22:44:01.863+0000] {logging_mixin.py:190} INFO - [2025-04-06T22:44:01.862+0000] {dag.py:4180} INFO - Setting next_dagrun for example_short_circuit_decorator to None, run_after=None
[2025-04-06T22:44:01.875+0000] {processor.py:208} INFO - Processing /home/airflow/.local/lib/python3.12/site-packages/airflow/example_dags/example_short_circuit_decorator.py took 0.067 seconds
