[2025-04-06T22:16:46.620+0000] {processor.py:186} INFO - Started process (PID=125) to work on /home/airflow/.local/lib/python3.12/site-packages/airflow/example_dags/example_sensor_decorator.py
[2025-04-06T22:16:46.621+0000] {processor.py:914} INFO - Processing file /home/airflow/.local/lib/python3.12/site-packages/airflow/example_dags/example_sensor_decorator.py for tasks to queue
[2025-04-06T22:16:46.624+0000] {logging_mixin.py:190} INFO - [2025-04-06T22:16:46.623+0000] {dagbag.py:588} INFO - Filling up the DagBag from /home/airflow/.local/lib/python3.12/site-packages/airflow/example_dags/example_sensor_decorator.py
[2025-04-06T22:16:46.630+0000] {processor.py:925} INFO - DAG(s) 'example_sensor_decorator' retrieved from /home/airflow/.local/lib/python3.12/site-packages/airflow/example_dags/example_sensor_decorator.py
[2025-04-06T22:16:46.649+0000] {logging_mixin.py:190} INFO - [2025-04-06T22:16:46.649+0000] {dag.py:3239} INFO - Sync 1 DAGs
[2025-04-06T22:16:46.663+0000] {logging_mixin.py:190} INFO - [2025-04-06T22:16:46.663+0000] {dag.py:4180} INFO - Setting next_dagrun for example_sensor_decorator to None, run_after=None
[2025-04-06T22:16:46.681+0000] {processor.py:208} INFO - Processing /home/airflow/.local/lib/python3.12/site-packages/airflow/example_dags/example_sensor_decorator.py took 0.069 seconds
[2025-04-06T22:17:17.369+0000] {processor.py:186} INFO - Started process (PID=190) to work on /home/airflow/.local/lib/python3.12/site-packages/airflow/example_dags/example_sensor_decorator.py
[2025-04-06T22:17:17.370+0000] {processor.py:914} INFO - Processing file /home/airflow/.local/lib/python3.12/site-packages/airflow/example_dags/example_sensor_decorator.py for tasks to queue
[2025-04-06T22:17:17.372+0000] {logging_mixin.py:190} INFO - [2025-04-06T22:17:17.372+0000] {dagbag.py:588} INFO - Filling up the DagBag from /home/airflow/.local/lib/python3.12/site-packages/airflow/example_dags/example_sensor_decorator.py
[2025-04-06T22:17:17.379+0000] {processor.py:925} INFO - DAG(s) 'example_sensor_decorator' retrieved from /home/airflow/.local/lib/python3.12/site-packages/airflow/example_dags/example_sensor_decorator.py
[2025-04-06T22:17:17.397+0000] {logging_mixin.py:190} INFO - [2025-04-06T22:17:17.397+0000] {dag.py:3239} INFO - Sync 1 DAGs
[2025-04-06T22:17:17.411+0000] {logging_mixin.py:190} INFO - [2025-04-06T22:17:17.411+0000] {dag.py:4180} INFO - Setting next_dagrun for example_sensor_decorator to None, run_after=None
[2025-04-06T22:17:17.428+0000] {processor.py:208} INFO - Processing /home/airflow/.local/lib/python3.12/site-packages/airflow/example_dags/example_sensor_decorator.py took 0.068 seconds
[2025-04-06T22:17:47.874+0000] {processor.py:186} INFO - Started process (PID=254) to work on /home/airflow/.local/lib/python3.12/site-packages/airflow/example_dags/example_sensor_decorator.py
[2025-04-06T22:17:47.875+0000] {processor.py:914} INFO - Processing file /home/airflow/.local/lib/python3.12/site-packages/airflow/example_dags/example_sensor_decorator.py for tasks to queue
[2025-04-06T22:17:47.879+0000] {logging_mixin.py:190} INFO - [2025-04-06T22:17:47.878+0000] {dagbag.py:588} INFO - Filling up the DagBag from /home/airflow/.local/lib/python3.12/site-packages/airflow/example_dags/example_sensor_decorator.py
[2025-04-06T22:17:47.885+0000] {processor.py:925} INFO - DAG(s) 'example_sensor_decorator' retrieved from /home/airflow/.local/lib/python3.12/site-packages/airflow/example_dags/example_sensor_decorator.py
[2025-04-06T22:17:47.902+0000] {logging_mixin.py:190} INFO - [2025-04-06T22:17:47.902+0000] {dag.py:3239} INFO - Sync 1 DAGs
[2025-04-06T22:17:47.917+0000] {logging_mixin.py:190} INFO - [2025-04-06T22:17:47.917+0000] {dag.py:4180} INFO - Setting next_dagrun for example_sensor_decorator to None, run_after=None
[2025-04-06T22:17:47.933+0000] {processor.py:208} INFO - Processing /home/airflow/.local/lib/python3.12/site-packages/airflow/example_dags/example_sensor_decorator.py took 0.066 seconds
[2025-04-06T22:18:18.916+0000] {processor.py:186} INFO - Started process (PID=319) to work on /home/airflow/.local/lib/python3.12/site-packages/airflow/example_dags/example_sensor_decorator.py
[2025-04-06T22:18:18.916+0000] {processor.py:914} INFO - Processing file /home/airflow/.local/lib/python3.12/site-packages/airflow/example_dags/example_sensor_decorator.py for tasks to queue
[2025-04-06T22:18:18.919+0000] {logging_mixin.py:190} INFO - [2025-04-06T22:18:18.919+0000] {dagbag.py:588} INFO - Filling up the DagBag from /home/airflow/.local/lib/python3.12/site-packages/airflow/example_dags/example_sensor_decorator.py
[2025-04-06T22:18:18.927+0000] {processor.py:925} INFO - DAG(s) 'example_sensor_decorator' retrieved from /home/airflow/.local/lib/python3.12/site-packages/airflow/example_dags/example_sensor_decorator.py
[2025-04-06T22:18:18.946+0000] {logging_mixin.py:190} INFO - [2025-04-06T22:18:18.946+0000] {dag.py:3239} INFO - Sync 1 DAGs
[2025-04-06T22:18:18.959+0000] {logging_mixin.py:190} INFO - [2025-04-06T22:18:18.959+0000] {dag.py:4180} INFO - Setting next_dagrun for example_sensor_decorator to None, run_after=None
[2025-04-06T22:18:18.973+0000] {processor.py:208} INFO - Processing /home/airflow/.local/lib/python3.12/site-packages/airflow/example_dags/example_sensor_decorator.py took 0.064 seconds
[2025-04-06T22:18:49.453+0000] {processor.py:186} INFO - Started process (PID=384) to work on /home/airflow/.local/lib/python3.12/site-packages/airflow/example_dags/example_sensor_decorator.py
[2025-04-06T22:18:49.454+0000] {processor.py:914} INFO - Processing file /home/airflow/.local/lib/python3.12/site-packages/airflow/example_dags/example_sensor_decorator.py for tasks to queue
[2025-04-06T22:18:49.457+0000] {logging_mixin.py:190} INFO - [2025-04-06T22:18:49.456+0000] {dagbag.py:588} INFO - Filling up the DagBag from /home/airflow/.local/lib/python3.12/site-packages/airflow/example_dags/example_sensor_decorator.py
[2025-04-06T22:18:49.463+0000] {processor.py:925} INFO - DAG(s) 'example_sensor_decorator' retrieved from /home/airflow/.local/lib/python3.12/site-packages/airflow/example_dags/example_sensor_decorator.py
[2025-04-06T22:18:49.482+0000] {logging_mixin.py:190} INFO - [2025-04-06T22:18:49.481+0000] {dag.py:3239} INFO - Sync 1 DAGs
[2025-04-06T22:18:49.495+0000] {logging_mixin.py:190} INFO - [2025-04-06T22:18:49.494+0000] {dag.py:4180} INFO - Setting next_dagrun for example_sensor_decorator to None, run_after=None
[2025-04-06T22:18:49.507+0000] {processor.py:208} INFO - Processing /home/airflow/.local/lib/python3.12/site-packages/airflow/example_dags/example_sensor_decorator.py took 0.060 seconds
[2025-04-06T22:19:19.731+0000] {processor.py:186} INFO - Started process (PID=449) to work on /home/airflow/.local/lib/python3.12/site-packages/airflow/example_dags/example_sensor_decorator.py
[2025-04-06T22:19:19.732+0000] {processor.py:914} INFO - Processing file /home/airflow/.local/lib/python3.12/site-packages/airflow/example_dags/example_sensor_decorator.py for tasks to queue
[2025-04-06T22:19:19.734+0000] {logging_mixin.py:190} INFO - [2025-04-06T22:19:19.734+0000] {dagbag.py:588} INFO - Filling up the DagBag from /home/airflow/.local/lib/python3.12/site-packages/airflow/example_dags/example_sensor_decorator.py
[2025-04-06T22:19:19.741+0000] {processor.py:925} INFO - DAG(s) 'example_sensor_decorator' retrieved from /home/airflow/.local/lib/python3.12/site-packages/airflow/example_dags/example_sensor_decorator.py
[2025-04-06T22:19:19.756+0000] {logging_mixin.py:190} INFO - [2025-04-06T22:19:19.756+0000] {dag.py:3239} INFO - Sync 1 DAGs
[2025-04-06T22:19:19.770+0000] {logging_mixin.py:190} INFO - [2025-04-06T22:19:19.770+0000] {dag.py:4180} INFO - Setting next_dagrun for example_sensor_decorator to None, run_after=None
[2025-04-06T22:19:19.785+0000] {processor.py:208} INFO - Processing /home/airflow/.local/lib/python3.12/site-packages/airflow/example_dags/example_sensor_decorator.py took 0.059 seconds
[2025-04-06T22:19:50.864+0000] {processor.py:186} INFO - Started process (PID=514) to work on /home/airflow/.local/lib/python3.12/site-packages/airflow/example_dags/example_sensor_decorator.py
[2025-04-06T22:19:50.865+0000] {processor.py:914} INFO - Processing file /home/airflow/.local/lib/python3.12/site-packages/airflow/example_dags/example_sensor_decorator.py for tasks to queue
[2025-04-06T22:19:50.868+0000] {logging_mixin.py:190} INFO - [2025-04-06T22:19:50.868+0000] {dagbag.py:588} INFO - Filling up the DagBag from /home/airflow/.local/lib/python3.12/site-packages/airflow/example_dags/example_sensor_decorator.py
[2025-04-06T22:19:50.875+0000] {processor.py:925} INFO - DAG(s) 'example_sensor_decorator' retrieved from /home/airflow/.local/lib/python3.12/site-packages/airflow/example_dags/example_sensor_decorator.py
[2025-04-06T22:19:50.893+0000] {logging_mixin.py:190} INFO - [2025-04-06T22:19:50.893+0000] {dag.py:3239} INFO - Sync 1 DAGs
[2025-04-06T22:19:50.905+0000] {logging_mixin.py:190} INFO - [2025-04-06T22:19:50.905+0000] {dag.py:4180} INFO - Setting next_dagrun for example_sensor_decorator to None, run_after=None
[2025-04-06T22:19:50.919+0000] {processor.py:208} INFO - Processing /home/airflow/.local/lib/python3.12/site-packages/airflow/example_dags/example_sensor_decorator.py took 0.062 seconds
[2025-04-06T22:20:21.560+0000] {processor.py:186} INFO - Started process (PID=579) to work on /home/airflow/.local/lib/python3.12/site-packages/airflow/example_dags/example_sensor_decorator.py
[2025-04-06T22:20:21.562+0000] {processor.py:914} INFO - Processing file /home/airflow/.local/lib/python3.12/site-packages/airflow/example_dags/example_sensor_decorator.py for tasks to queue
[2025-04-06T22:20:21.565+0000] {logging_mixin.py:190} INFO - [2025-04-06T22:20:21.564+0000] {dagbag.py:588} INFO - Filling up the DagBag from /home/airflow/.local/lib/python3.12/site-packages/airflow/example_dags/example_sensor_decorator.py
[2025-04-06T22:20:21.572+0000] {processor.py:925} INFO - DAG(s) 'example_sensor_decorator' retrieved from /home/airflow/.local/lib/python3.12/site-packages/airflow/example_dags/example_sensor_decorator.py
[2025-04-06T22:20:21.588+0000] {logging_mixin.py:190} INFO - [2025-04-06T22:20:21.588+0000] {dag.py:3239} INFO - Sync 1 DAGs
[2025-04-06T22:20:21.600+0000] {logging_mixin.py:190} INFO - [2025-04-06T22:20:21.600+0000] {dag.py:4180} INFO - Setting next_dagrun for example_sensor_decorator to None, run_after=None
[2025-04-06T22:20:21.613+0000] {processor.py:208} INFO - Processing /home/airflow/.local/lib/python3.12/site-packages/airflow/example_dags/example_sensor_decorator.py took 0.061 seconds
[2025-04-06T22:20:52.811+0000] {processor.py:186} INFO - Started process (PID=644) to work on /home/airflow/.local/lib/python3.12/site-packages/airflow/example_dags/example_sensor_decorator.py
[2025-04-06T22:20:52.812+0000] {processor.py:914} INFO - Processing file /home/airflow/.local/lib/python3.12/site-packages/airflow/example_dags/example_sensor_decorator.py for tasks to queue
[2025-04-06T22:20:52.814+0000] {logging_mixin.py:190} INFO - [2025-04-06T22:20:52.814+0000] {dagbag.py:588} INFO - Filling up the DagBag from /home/airflow/.local/lib/python3.12/site-packages/airflow/example_dags/example_sensor_decorator.py
[2025-04-06T22:20:52.819+0000] {processor.py:925} INFO - DAG(s) 'example_sensor_decorator' retrieved from /home/airflow/.local/lib/python3.12/site-packages/airflow/example_dags/example_sensor_decorator.py
[2025-04-06T22:20:52.835+0000] {logging_mixin.py:190} INFO - [2025-04-06T22:20:52.835+0000] {dag.py:3239} INFO - Sync 1 DAGs
[2025-04-06T22:20:52.848+0000] {logging_mixin.py:190} INFO - [2025-04-06T22:20:52.848+0000] {dag.py:4180} INFO - Setting next_dagrun for example_sensor_decorator to None, run_after=None
[2025-04-06T22:20:52.863+0000] {processor.py:208} INFO - Processing /home/airflow/.local/lib/python3.12/site-packages/airflow/example_dags/example_sensor_decorator.py took 0.056 seconds
[2025-04-06T22:21:23.988+0000] {processor.py:186} INFO - Started process (PID=709) to work on /home/airflow/.local/lib/python3.12/site-packages/airflow/example_dags/example_sensor_decorator.py
[2025-04-06T22:21:23.989+0000] {processor.py:914} INFO - Processing file /home/airflow/.local/lib/python3.12/site-packages/airflow/example_dags/example_sensor_decorator.py for tasks to queue
[2025-04-06T22:21:23.993+0000] {logging_mixin.py:190} INFO - [2025-04-06T22:21:23.992+0000] {dagbag.py:588} INFO - Filling up the DagBag from /home/airflow/.local/lib/python3.12/site-packages/airflow/example_dags/example_sensor_decorator.py
[2025-04-06T22:21:23.998+0000] {processor.py:925} INFO - DAG(s) 'example_sensor_decorator' retrieved from /home/airflow/.local/lib/python3.12/site-packages/airflow/example_dags/example_sensor_decorator.py
[2025-04-06T22:21:24.017+0000] {logging_mixin.py:190} INFO - [2025-04-06T22:21:24.017+0000] {dag.py:3239} INFO - Sync 1 DAGs
[2025-04-06T22:21:24.031+0000] {logging_mixin.py:190} INFO - [2025-04-06T22:21:24.030+0000] {dag.py:4180} INFO - Setting next_dagrun for example_sensor_decorator to None, run_after=None
[2025-04-06T22:21:24.044+0000] {processor.py:208} INFO - Processing /home/airflow/.local/lib/python3.12/site-packages/airflow/example_dags/example_sensor_decorator.py took 0.063 seconds
[2025-04-06T22:21:55.375+0000] {processor.py:186} INFO - Started process (PID=774) to work on /home/airflow/.local/lib/python3.12/site-packages/airflow/example_dags/example_sensor_decorator.py
[2025-04-06T22:21:55.376+0000] {processor.py:914} INFO - Processing file /home/airflow/.local/lib/python3.12/site-packages/airflow/example_dags/example_sensor_decorator.py for tasks to queue
[2025-04-06T22:21:55.378+0000] {logging_mixin.py:190} INFO - [2025-04-06T22:21:55.378+0000] {dagbag.py:588} INFO - Filling up the DagBag from /home/airflow/.local/lib/python3.12/site-packages/airflow/example_dags/example_sensor_decorator.py
[2025-04-06T22:21:55.384+0000] {processor.py:925} INFO - DAG(s) 'example_sensor_decorator' retrieved from /home/airflow/.local/lib/python3.12/site-packages/airflow/example_dags/example_sensor_decorator.py
[2025-04-06T22:21:55.402+0000] {logging_mixin.py:190} INFO - [2025-04-06T22:21:55.402+0000] {dag.py:3239} INFO - Sync 1 DAGs
[2025-04-06T22:21:55.415+0000] {logging_mixin.py:190} INFO - [2025-04-06T22:21:55.414+0000] {dag.py:4180} INFO - Setting next_dagrun for example_sensor_decorator to None, run_after=None
[2025-04-06T22:21:55.428+0000] {processor.py:208} INFO - Processing /home/airflow/.local/lib/python3.12/site-packages/airflow/example_dags/example_sensor_decorator.py took 0.058 seconds
[2025-04-06T22:22:26.783+0000] {processor.py:186} INFO - Started process (PID=839) to work on /home/airflow/.local/lib/python3.12/site-packages/airflow/example_dags/example_sensor_decorator.py
[2025-04-06T22:22:26.784+0000] {processor.py:914} INFO - Processing file /home/airflow/.local/lib/python3.12/site-packages/airflow/example_dags/example_sensor_decorator.py for tasks to queue
[2025-04-06T22:22:26.787+0000] {logging_mixin.py:190} INFO - [2025-04-06T22:22:26.787+0000] {dagbag.py:588} INFO - Filling up the DagBag from /home/airflow/.local/lib/python3.12/site-packages/airflow/example_dags/example_sensor_decorator.py
[2025-04-06T22:22:26.794+0000] {processor.py:925} INFO - DAG(s) 'example_sensor_decorator' retrieved from /home/airflow/.local/lib/python3.12/site-packages/airflow/example_dags/example_sensor_decorator.py
[2025-04-06T22:22:26.811+0000] {logging_mixin.py:190} INFO - [2025-04-06T22:22:26.810+0000] {dag.py:3239} INFO - Sync 1 DAGs
[2025-04-06T22:22:26.822+0000] {logging_mixin.py:190} INFO - [2025-04-06T22:22:26.822+0000] {dag.py:4180} INFO - Setting next_dagrun for example_sensor_decorator to None, run_after=None
[2025-04-06T22:22:26.835+0000] {processor.py:208} INFO - Processing /home/airflow/.local/lib/python3.12/site-packages/airflow/example_dags/example_sensor_decorator.py took 0.059 seconds
[2025-04-06T22:22:57.304+0000] {processor.py:186} INFO - Started process (PID=904) to work on /home/airflow/.local/lib/python3.12/site-packages/airflow/example_dags/example_sensor_decorator.py
[2025-04-06T22:22:57.305+0000] {processor.py:914} INFO - Processing file /home/airflow/.local/lib/python3.12/site-packages/airflow/example_dags/example_sensor_decorator.py for tasks to queue
[2025-04-06T22:22:57.307+0000] {logging_mixin.py:190} INFO - [2025-04-06T22:22:57.307+0000] {dagbag.py:588} INFO - Filling up the DagBag from /home/airflow/.local/lib/python3.12/site-packages/airflow/example_dags/example_sensor_decorator.py
[2025-04-06T22:22:57.314+0000] {processor.py:925} INFO - DAG(s) 'example_sensor_decorator' retrieved from /home/airflow/.local/lib/python3.12/site-packages/airflow/example_dags/example_sensor_decorator.py
[2025-04-06T22:22:57.332+0000] {logging_mixin.py:190} INFO - [2025-04-06T22:22:57.332+0000] {dag.py:3239} INFO - Sync 1 DAGs
[2025-04-06T22:22:57.345+0000] {logging_mixin.py:190} INFO - [2025-04-06T22:22:57.345+0000] {dag.py:4180} INFO - Setting next_dagrun for example_sensor_decorator to None, run_after=None
[2025-04-06T22:22:57.359+0000] {processor.py:208} INFO - Processing /home/airflow/.local/lib/python3.12/site-packages/airflow/example_dags/example_sensor_decorator.py took 0.064 seconds
[2025-04-06T22:23:28.640+0000] {processor.py:186} INFO - Started process (PID=970) to work on /home/airflow/.local/lib/python3.12/site-packages/airflow/example_dags/example_sensor_decorator.py
[2025-04-06T22:23:28.641+0000] {processor.py:914} INFO - Processing file /home/airflow/.local/lib/python3.12/site-packages/airflow/example_dags/example_sensor_decorator.py for tasks to queue
[2025-04-06T22:23:28.645+0000] {logging_mixin.py:190} INFO - [2025-04-06T22:23:28.644+0000] {dagbag.py:588} INFO - Filling up the DagBag from /home/airflow/.local/lib/python3.12/site-packages/airflow/example_dags/example_sensor_decorator.py
[2025-04-06T22:23:28.651+0000] {processor.py:925} INFO - DAG(s) 'example_sensor_decorator' retrieved from /home/airflow/.local/lib/python3.12/site-packages/airflow/example_dags/example_sensor_decorator.py
[2025-04-06T22:23:28.669+0000] {logging_mixin.py:190} INFO - [2025-04-06T22:23:28.669+0000] {dag.py:3239} INFO - Sync 1 DAGs
[2025-04-06T22:23:28.680+0000] {logging_mixin.py:190} INFO - [2025-04-06T22:23:28.680+0000] {dag.py:4180} INFO - Setting next_dagrun for example_sensor_decorator to None, run_after=None
[2025-04-06T22:23:28.692+0000] {processor.py:208} INFO - Processing /home/airflow/.local/lib/python3.12/site-packages/airflow/example_dags/example_sensor_decorator.py took 0.059 seconds
[2025-04-06T22:23:59.743+0000] {processor.py:186} INFO - Started process (PID=1035) to work on /home/airflow/.local/lib/python3.12/site-packages/airflow/example_dags/example_sensor_decorator.py
[2025-04-06T22:23:59.744+0000] {processor.py:914} INFO - Processing file /home/airflow/.local/lib/python3.12/site-packages/airflow/example_dags/example_sensor_decorator.py for tasks to queue
[2025-04-06T22:23:59.744+0000] {logging_mixin.py:190} INFO - [2025-04-06T22:23:59.744+0000] {dagbag.py:588} INFO - Filling up the DagBag from /home/airflow/.local/lib/python3.12/site-packages/airflow/example_dags/example_sensor_decorator.py
[2025-04-06T22:23:59.750+0000] {processor.py:925} INFO - DAG(s) 'example_sensor_decorator' retrieved from /home/airflow/.local/lib/python3.12/site-packages/airflow/example_dags/example_sensor_decorator.py
[2025-04-06T22:23:59.769+0000] {logging_mixin.py:190} INFO - [2025-04-06T22:23:59.769+0000] {dag.py:3239} INFO - Sync 1 DAGs
[2025-04-06T22:23:59.784+0000] {logging_mixin.py:190} INFO - [2025-04-06T22:23:59.784+0000] {dag.py:4180} INFO - Setting next_dagrun for example_sensor_decorator to None, run_after=None
[2025-04-06T22:23:59.797+0000] {processor.py:208} INFO - Processing /home/airflow/.local/lib/python3.12/site-packages/airflow/example_dags/example_sensor_decorator.py took 0.058 seconds
[2025-04-06T22:24:31.026+0000] {processor.py:186} INFO - Started process (PID=1100) to work on /home/airflow/.local/lib/python3.12/site-packages/airflow/example_dags/example_sensor_decorator.py
[2025-04-06T22:24:31.027+0000] {processor.py:914} INFO - Processing file /home/airflow/.local/lib/python3.12/site-packages/airflow/example_dags/example_sensor_decorator.py for tasks to queue
[2025-04-06T22:24:31.028+0000] {logging_mixin.py:190} INFO - [2025-04-06T22:24:31.027+0000] {dagbag.py:588} INFO - Filling up the DagBag from /home/airflow/.local/lib/python3.12/site-packages/airflow/example_dags/example_sensor_decorator.py
[2025-04-06T22:24:31.033+0000] {processor.py:925} INFO - DAG(s) 'example_sensor_decorator' retrieved from /home/airflow/.local/lib/python3.12/site-packages/airflow/example_dags/example_sensor_decorator.py
[2025-04-06T22:24:31.050+0000] {logging_mixin.py:190} INFO - [2025-04-06T22:24:31.050+0000] {dag.py:3239} INFO - Sync 1 DAGs
[2025-04-06T22:24:31.064+0000] {logging_mixin.py:190} INFO - [2025-04-06T22:24:31.063+0000] {dag.py:4180} INFO - Setting next_dagrun for example_sensor_decorator to None, run_after=None
[2025-04-06T22:24:31.076+0000] {processor.py:208} INFO - Processing /home/airflow/.local/lib/python3.12/site-packages/airflow/example_dags/example_sensor_decorator.py took 0.054 seconds
[2025-04-06T22:25:02.339+0000] {processor.py:186} INFO - Started process (PID=1165) to work on /home/airflow/.local/lib/python3.12/site-packages/airflow/example_dags/example_sensor_decorator.py
[2025-04-06T22:25:02.340+0000] {processor.py:914} INFO - Processing file /home/airflow/.local/lib/python3.12/site-packages/airflow/example_dags/example_sensor_decorator.py for tasks to queue
[2025-04-06T22:25:02.341+0000] {logging_mixin.py:190} INFO - [2025-04-06T22:25:02.341+0000] {dagbag.py:588} INFO - Filling up the DagBag from /home/airflow/.local/lib/python3.12/site-packages/airflow/example_dags/example_sensor_decorator.py
[2025-04-06T22:25:02.348+0000] {processor.py:925} INFO - DAG(s) 'example_sensor_decorator' retrieved from /home/airflow/.local/lib/python3.12/site-packages/airflow/example_dags/example_sensor_decorator.py
[2025-04-06T22:25:02.366+0000] {logging_mixin.py:190} INFO - [2025-04-06T22:25:02.365+0000] {dag.py:3239} INFO - Sync 1 DAGs
[2025-04-06T22:25:02.379+0000] {logging_mixin.py:190} INFO - [2025-04-06T22:25:02.379+0000] {dag.py:4180} INFO - Setting next_dagrun for example_sensor_decorator to None, run_after=None
[2025-04-06T22:25:02.393+0000] {processor.py:208} INFO - Processing /home/airflow/.local/lib/python3.12/site-packages/airflow/example_dags/example_sensor_decorator.py took 0.064 seconds
[2025-04-06T22:25:33.621+0000] {processor.py:186} INFO - Started process (PID=1230) to work on /home/airflow/.local/lib/python3.12/site-packages/airflow/example_dags/example_sensor_decorator.py
[2025-04-06T22:25:33.622+0000] {processor.py:914} INFO - Processing file /home/airflow/.local/lib/python3.12/site-packages/airflow/example_dags/example_sensor_decorator.py for tasks to queue
[2025-04-06T22:25:33.623+0000] {logging_mixin.py:190} INFO - [2025-04-06T22:25:33.623+0000] {dagbag.py:588} INFO - Filling up the DagBag from /home/airflow/.local/lib/python3.12/site-packages/airflow/example_dags/example_sensor_decorator.py
[2025-04-06T22:25:33.630+0000] {processor.py:925} INFO - DAG(s) 'example_sensor_decorator' retrieved from /home/airflow/.local/lib/python3.12/site-packages/airflow/example_dags/example_sensor_decorator.py
[2025-04-06T22:25:33.649+0000] {logging_mixin.py:190} INFO - [2025-04-06T22:25:33.649+0000] {dag.py:3239} INFO - Sync 1 DAGs
[2025-04-06T22:25:33.663+0000] {logging_mixin.py:190} INFO - [2025-04-06T22:25:33.663+0000] {dag.py:4180} INFO - Setting next_dagrun for example_sensor_decorator to None, run_after=None
[2025-04-06T22:25:33.676+0000] {processor.py:208} INFO - Processing /home/airflow/.local/lib/python3.12/site-packages/airflow/example_dags/example_sensor_decorator.py took 0.063 seconds
[2025-04-06T22:26:04.343+0000] {processor.py:186} INFO - Started process (PID=1295) to work on /home/airflow/.local/lib/python3.12/site-packages/airflow/example_dags/example_sensor_decorator.py
[2025-04-06T22:26:04.344+0000] {processor.py:914} INFO - Processing file /home/airflow/.local/lib/python3.12/site-packages/airflow/example_dags/example_sensor_decorator.py for tasks to queue
[2025-04-06T22:26:04.345+0000] {logging_mixin.py:190} INFO - [2025-04-06T22:26:04.345+0000] {dagbag.py:588} INFO - Filling up the DagBag from /home/airflow/.local/lib/python3.12/site-packages/airflow/example_dags/example_sensor_decorator.py
[2025-04-06T22:26:04.353+0000] {processor.py:925} INFO - DAG(s) 'example_sensor_decorator' retrieved from /home/airflow/.local/lib/python3.12/site-packages/airflow/example_dags/example_sensor_decorator.py
[2025-04-06T22:26:04.370+0000] {logging_mixin.py:190} INFO - [2025-04-06T22:26:04.370+0000] {dag.py:3239} INFO - Sync 1 DAGs
[2025-04-06T22:26:04.383+0000] {logging_mixin.py:190} INFO - [2025-04-06T22:26:04.383+0000] {dag.py:4180} INFO - Setting next_dagrun for example_sensor_decorator to None, run_after=None
[2025-04-06T22:26:04.397+0000] {processor.py:208} INFO - Processing /home/airflow/.local/lib/python3.12/site-packages/airflow/example_dags/example_sensor_decorator.py took 0.062 seconds
[2025-04-06T22:27:45.470+0000] {processor.py:186} INFO - Started process (PID=127) to work on /home/airflow/.local/lib/python3.12/site-packages/airflow/example_dags/example_sensor_decorator.py
[2025-04-06T22:27:45.471+0000] {processor.py:914} INFO - Processing file /home/airflow/.local/lib/python3.12/site-packages/airflow/example_dags/example_sensor_decorator.py for tasks to queue
[2025-04-06T22:27:45.475+0000] {logging_mixin.py:190} INFO - [2025-04-06T22:27:45.475+0000] {dagbag.py:588} INFO - Filling up the DagBag from /home/airflow/.local/lib/python3.12/site-packages/airflow/example_dags/example_sensor_decorator.py
[2025-04-06T22:27:45.490+0000] {processor.py:925} INFO - DAG(s) 'example_sensor_decorator' retrieved from /home/airflow/.local/lib/python3.12/site-packages/airflow/example_dags/example_sensor_decorator.py
[2025-04-06T22:27:45.521+0000] {logging_mixin.py:190} INFO - [2025-04-06T22:27:45.521+0000] {dag.py:3239} INFO - Sync 1 DAGs
[2025-04-06T22:27:45.547+0000] {logging_mixin.py:190} INFO - [2025-04-06T22:27:45.546+0000] {dag.py:4180} INFO - Setting next_dagrun for example_sensor_decorator to None, run_after=None
[2025-04-06T22:27:45.576+0000] {processor.py:208} INFO - Processing /home/airflow/.local/lib/python3.12/site-packages/airflow/example_dags/example_sensor_decorator.py took 0.115 seconds
[2025-04-06T22:28:16.006+0000] {processor.py:186} INFO - Started process (PID=191) to work on /home/airflow/.local/lib/python3.12/site-packages/airflow/example_dags/example_sensor_decorator.py
[2025-04-06T22:28:16.007+0000] {processor.py:914} INFO - Processing file /home/airflow/.local/lib/python3.12/site-packages/airflow/example_dags/example_sensor_decorator.py for tasks to queue
[2025-04-06T22:28:16.010+0000] {logging_mixin.py:190} INFO - [2025-04-06T22:28:16.009+0000] {dagbag.py:588} INFO - Filling up the DagBag from /home/airflow/.local/lib/python3.12/site-packages/airflow/example_dags/example_sensor_decorator.py
[2025-04-06T22:28:16.015+0000] {processor.py:925} INFO - DAG(s) 'example_sensor_decorator' retrieved from /home/airflow/.local/lib/python3.12/site-packages/airflow/example_dags/example_sensor_decorator.py
[2025-04-06T22:28:16.031+0000] {logging_mixin.py:190} INFO - [2025-04-06T22:28:16.031+0000] {dag.py:3239} INFO - Sync 1 DAGs
[2025-04-06T22:28:16.043+0000] {logging_mixin.py:190} INFO - [2025-04-06T22:28:16.042+0000] {dag.py:4180} INFO - Setting next_dagrun for example_sensor_decorator to None, run_after=None
[2025-04-06T22:28:16.059+0000] {processor.py:208} INFO - Processing /home/airflow/.local/lib/python3.12/site-packages/airflow/example_dags/example_sensor_decorator.py took 0.060 seconds
[2025-04-06T22:28:46.393+0000] {processor.py:186} INFO - Started process (PID=256) to work on /home/airflow/.local/lib/python3.12/site-packages/airflow/example_dags/example_sensor_decorator.py
[2025-04-06T22:28:46.396+0000] {processor.py:914} INFO - Processing file /home/airflow/.local/lib/python3.12/site-packages/airflow/example_dags/example_sensor_decorator.py for tasks to queue
[2025-04-06T22:28:46.399+0000] {logging_mixin.py:190} INFO - [2025-04-06T22:28:46.399+0000] {dagbag.py:588} INFO - Filling up the DagBag from /home/airflow/.local/lib/python3.12/site-packages/airflow/example_dags/example_sensor_decorator.py
[2025-04-06T22:28:46.407+0000] {processor.py:925} INFO - DAG(s) 'example_sensor_decorator' retrieved from /home/airflow/.local/lib/python3.12/site-packages/airflow/example_dags/example_sensor_decorator.py
[2025-04-06T22:28:46.425+0000] {logging_mixin.py:190} INFO - [2025-04-06T22:28:46.425+0000] {dag.py:3239} INFO - Sync 1 DAGs
[2025-04-06T22:28:46.437+0000] {logging_mixin.py:190} INFO - [2025-04-06T22:28:46.437+0000] {dag.py:4180} INFO - Setting next_dagrun for example_sensor_decorator to None, run_after=None
[2025-04-06T22:28:46.450+0000] {processor.py:208} INFO - Processing /home/airflow/.local/lib/python3.12/site-packages/airflow/example_dags/example_sensor_decorator.py took 0.064 seconds
[2025-04-06T22:29:16.765+0000] {processor.py:186} INFO - Started process (PID=321) to work on /home/airflow/.local/lib/python3.12/site-packages/airflow/example_dags/example_sensor_decorator.py
[2025-04-06T22:29:16.766+0000] {processor.py:914} INFO - Processing file /home/airflow/.local/lib/python3.12/site-packages/airflow/example_dags/example_sensor_decorator.py for tasks to queue
[2025-04-06T22:29:16.768+0000] {logging_mixin.py:190} INFO - [2025-04-06T22:29:16.768+0000] {dagbag.py:588} INFO - Filling up the DagBag from /home/airflow/.local/lib/python3.12/site-packages/airflow/example_dags/example_sensor_decorator.py
[2025-04-06T22:29:16.775+0000] {processor.py:925} INFO - DAG(s) 'example_sensor_decorator' retrieved from /home/airflow/.local/lib/python3.12/site-packages/airflow/example_dags/example_sensor_decorator.py
[2025-04-06T22:29:16.793+0000] {logging_mixin.py:190} INFO - [2025-04-06T22:29:16.792+0000] {dag.py:3239} INFO - Sync 1 DAGs
[2025-04-06T22:29:16.809+0000] {logging_mixin.py:190} INFO - [2025-04-06T22:29:16.809+0000] {dag.py:4180} INFO - Setting next_dagrun for example_sensor_decorator to None, run_after=None
[2025-04-06T22:29:16.822+0000] {processor.py:208} INFO - Processing /home/airflow/.local/lib/python3.12/site-packages/airflow/example_dags/example_sensor_decorator.py took 0.062 seconds
[2025-04-06T22:29:47.674+0000] {processor.py:186} INFO - Started process (PID=386) to work on /home/airflow/.local/lib/python3.12/site-packages/airflow/example_dags/example_sensor_decorator.py
[2025-04-06T22:29:47.675+0000] {processor.py:914} INFO - Processing file /home/airflow/.local/lib/python3.12/site-packages/airflow/example_dags/example_sensor_decorator.py for tasks to queue
[2025-04-06T22:29:47.678+0000] {logging_mixin.py:190} INFO - [2025-04-06T22:29:47.677+0000] {dagbag.py:588} INFO - Filling up the DagBag from /home/airflow/.local/lib/python3.12/site-packages/airflow/example_dags/example_sensor_decorator.py
[2025-04-06T22:29:47.683+0000] {processor.py:925} INFO - DAG(s) 'example_sensor_decorator' retrieved from /home/airflow/.local/lib/python3.12/site-packages/airflow/example_dags/example_sensor_decorator.py
[2025-04-06T22:29:47.698+0000] {logging_mixin.py:190} INFO - [2025-04-06T22:29:47.698+0000] {dag.py:3239} INFO - Sync 1 DAGs
[2025-04-06T22:29:47.710+0000] {logging_mixin.py:190} INFO - [2025-04-06T22:29:47.710+0000] {dag.py:4180} INFO - Setting next_dagrun for example_sensor_decorator to None, run_after=None
[2025-04-06T22:29:47.722+0000] {processor.py:208} INFO - Processing /home/airflow/.local/lib/python3.12/site-packages/airflow/example_dags/example_sensor_decorator.py took 0.056 seconds
[2025-04-06T22:30:17.984+0000] {processor.py:186} INFO - Started process (PID=451) to work on /home/airflow/.local/lib/python3.12/site-packages/airflow/example_dags/example_sensor_decorator.py
[2025-04-06T22:30:17.986+0000] {processor.py:914} INFO - Processing file /home/airflow/.local/lib/python3.12/site-packages/airflow/example_dags/example_sensor_decorator.py for tasks to queue
[2025-04-06T22:30:17.989+0000] {logging_mixin.py:190} INFO - [2025-04-06T22:30:17.988+0000] {dagbag.py:588} INFO - Filling up the DagBag from /home/airflow/.local/lib/python3.12/site-packages/airflow/example_dags/example_sensor_decorator.py
[2025-04-06T22:30:17.995+0000] {processor.py:925} INFO - DAG(s) 'example_sensor_decorator' retrieved from /home/airflow/.local/lib/python3.12/site-packages/airflow/example_dags/example_sensor_decorator.py
[2025-04-06T22:30:18.013+0000] {logging_mixin.py:190} INFO - [2025-04-06T22:30:18.013+0000] {dag.py:3239} INFO - Sync 1 DAGs
[2025-04-06T22:30:18.025+0000] {logging_mixin.py:190} INFO - [2025-04-06T22:30:18.025+0000] {dag.py:4180} INFO - Setting next_dagrun for example_sensor_decorator to None, run_after=None
[2025-04-06T22:30:18.042+0000] {processor.py:208} INFO - Processing /home/airflow/.local/lib/python3.12/site-packages/airflow/example_dags/example_sensor_decorator.py took 0.065 seconds
[2025-04-06T22:30:48.214+0000] {processor.py:186} INFO - Started process (PID=516) to work on /home/airflow/.local/lib/python3.12/site-packages/airflow/example_dags/example_sensor_decorator.py
[2025-04-06T22:30:48.216+0000] {processor.py:914} INFO - Processing file /home/airflow/.local/lib/python3.12/site-packages/airflow/example_dags/example_sensor_decorator.py for tasks to queue
[2025-04-06T22:30:48.219+0000] {logging_mixin.py:190} INFO - [2025-04-06T22:30:48.218+0000] {dagbag.py:588} INFO - Filling up the DagBag from /home/airflow/.local/lib/python3.12/site-packages/airflow/example_dags/example_sensor_decorator.py
[2025-04-06T22:30:48.225+0000] {processor.py:925} INFO - DAG(s) 'example_sensor_decorator' retrieved from /home/airflow/.local/lib/python3.12/site-packages/airflow/example_dags/example_sensor_decorator.py
[2025-04-06T22:30:48.244+0000] {logging_mixin.py:190} INFO - [2025-04-06T22:30:48.243+0000] {dag.py:3239} INFO - Sync 1 DAGs
[2025-04-06T22:30:48.257+0000] {logging_mixin.py:190} INFO - [2025-04-06T22:30:48.257+0000] {dag.py:4180} INFO - Setting next_dagrun for example_sensor_decorator to None, run_after=None
[2025-04-06T22:30:48.271+0000] {processor.py:208} INFO - Processing /home/airflow/.local/lib/python3.12/site-packages/airflow/example_dags/example_sensor_decorator.py took 0.064 seconds
[2025-04-06T22:31:19.312+0000] {processor.py:186} INFO - Started process (PID=581) to work on /home/airflow/.local/lib/python3.12/site-packages/airflow/example_dags/example_sensor_decorator.py
[2025-04-06T22:31:19.313+0000] {processor.py:914} INFO - Processing file /home/airflow/.local/lib/python3.12/site-packages/airflow/example_dags/example_sensor_decorator.py for tasks to queue
[2025-04-06T22:31:19.315+0000] {logging_mixin.py:190} INFO - [2025-04-06T22:31:19.315+0000] {dagbag.py:588} INFO - Filling up the DagBag from /home/airflow/.local/lib/python3.12/site-packages/airflow/example_dags/example_sensor_decorator.py
[2025-04-06T22:31:19.320+0000] {processor.py:925} INFO - DAG(s) 'example_sensor_decorator' retrieved from /home/airflow/.local/lib/python3.12/site-packages/airflow/example_dags/example_sensor_decorator.py
[2025-04-06T22:31:19.336+0000] {logging_mixin.py:190} INFO - [2025-04-06T22:31:19.336+0000] {dag.py:3239} INFO - Sync 1 DAGs
[2025-04-06T22:31:19.348+0000] {logging_mixin.py:190} INFO - [2025-04-06T22:31:19.348+0000] {dag.py:4180} INFO - Setting next_dagrun for example_sensor_decorator to None, run_after=None
[2025-04-06T22:31:19.362+0000] {processor.py:208} INFO - Processing /home/airflow/.local/lib/python3.12/site-packages/airflow/example_dags/example_sensor_decorator.py took 0.054 seconds
[2025-04-06T22:31:49.938+0000] {processor.py:186} INFO - Started process (PID=646) to work on /home/airflow/.local/lib/python3.12/site-packages/airflow/example_dags/example_sensor_decorator.py
[2025-04-06T22:31:49.939+0000] {processor.py:914} INFO - Processing file /home/airflow/.local/lib/python3.12/site-packages/airflow/example_dags/example_sensor_decorator.py for tasks to queue
[2025-04-06T22:31:49.940+0000] {logging_mixin.py:190} INFO - [2025-04-06T22:31:49.940+0000] {dagbag.py:588} INFO - Filling up the DagBag from /home/airflow/.local/lib/python3.12/site-packages/airflow/example_dags/example_sensor_decorator.py
[2025-04-06T22:31:49.946+0000] {processor.py:925} INFO - DAG(s) 'example_sensor_decorator' retrieved from /home/airflow/.local/lib/python3.12/site-packages/airflow/example_dags/example_sensor_decorator.py
[2025-04-06T22:31:49.964+0000] {logging_mixin.py:190} INFO - [2025-04-06T22:31:49.963+0000] {dag.py:3239} INFO - Sync 1 DAGs
[2025-04-06T22:31:49.976+0000] {logging_mixin.py:190} INFO - [2025-04-06T22:31:49.975+0000] {dag.py:4180} INFO - Setting next_dagrun for example_sensor_decorator to None, run_after=None
[2025-04-06T22:31:49.989+0000] {processor.py:208} INFO - Processing /home/airflow/.local/lib/python3.12/site-packages/airflow/example_dags/example_sensor_decorator.py took 0.056 seconds
[2025-04-06T22:32:20.371+0000] {processor.py:186} INFO - Started process (PID=711) to work on /home/airflow/.local/lib/python3.12/site-packages/airflow/example_dags/example_sensor_decorator.py
[2025-04-06T22:32:20.371+0000] {processor.py:914} INFO - Processing file /home/airflow/.local/lib/python3.12/site-packages/airflow/example_dags/example_sensor_decorator.py for tasks to queue
[2025-04-06T22:32:20.374+0000] {logging_mixin.py:190} INFO - [2025-04-06T22:32:20.374+0000] {dagbag.py:588} INFO - Filling up the DagBag from /home/airflow/.local/lib/python3.12/site-packages/airflow/example_dags/example_sensor_decorator.py
[2025-04-06T22:32:20.381+0000] {processor.py:925} INFO - DAG(s) 'example_sensor_decorator' retrieved from /home/airflow/.local/lib/python3.12/site-packages/airflow/example_dags/example_sensor_decorator.py
[2025-04-06T22:32:20.398+0000] {logging_mixin.py:190} INFO - [2025-04-06T22:32:20.397+0000] {dag.py:3239} INFO - Sync 1 DAGs
[2025-04-06T22:32:20.409+0000] {logging_mixin.py:190} INFO - [2025-04-06T22:32:20.409+0000] {dag.py:4180} INFO - Setting next_dagrun for example_sensor_decorator to None, run_after=None
[2025-04-06T22:32:20.421+0000] {processor.py:208} INFO - Processing /home/airflow/.local/lib/python3.12/site-packages/airflow/example_dags/example_sensor_decorator.py took 0.056 seconds
[2025-04-06T22:32:51.050+0000] {processor.py:186} INFO - Started process (PID=776) to work on /home/airflow/.local/lib/python3.12/site-packages/airflow/example_dags/example_sensor_decorator.py
[2025-04-06T22:32:51.051+0000] {processor.py:914} INFO - Processing file /home/airflow/.local/lib/python3.12/site-packages/airflow/example_dags/example_sensor_decorator.py for tasks to queue
[2025-04-06T22:32:51.054+0000] {logging_mixin.py:190} INFO - [2025-04-06T22:32:51.054+0000] {dagbag.py:588} INFO - Filling up the DagBag from /home/airflow/.local/lib/python3.12/site-packages/airflow/example_dags/example_sensor_decorator.py
[2025-04-06T22:32:51.060+0000] {processor.py:925} INFO - DAG(s) 'example_sensor_decorator' retrieved from /home/airflow/.local/lib/python3.12/site-packages/airflow/example_dags/example_sensor_decorator.py
[2025-04-06T22:32:51.076+0000] {logging_mixin.py:190} INFO - [2025-04-06T22:32:51.075+0000] {dag.py:3239} INFO - Sync 1 DAGs
[2025-04-06T22:32:51.088+0000] {logging_mixin.py:190} INFO - [2025-04-06T22:32:51.088+0000] {dag.py:4180} INFO - Setting next_dagrun for example_sensor_decorator to None, run_after=None
[2025-04-06T22:32:51.102+0000] {processor.py:208} INFO - Processing /home/airflow/.local/lib/python3.12/site-packages/airflow/example_dags/example_sensor_decorator.py took 0.060 seconds
[2025-04-06T22:33:21.799+0000] {processor.py:186} INFO - Started process (PID=841) to work on /home/airflow/.local/lib/python3.12/site-packages/airflow/example_dags/example_sensor_decorator.py
[2025-04-06T22:33:21.800+0000] {processor.py:914} INFO - Processing file /home/airflow/.local/lib/python3.12/site-packages/airflow/example_dags/example_sensor_decorator.py for tasks to queue
[2025-04-06T22:33:21.802+0000] {logging_mixin.py:190} INFO - [2025-04-06T22:33:21.802+0000] {dagbag.py:588} INFO - Filling up the DagBag from /home/airflow/.local/lib/python3.12/site-packages/airflow/example_dags/example_sensor_decorator.py
[2025-04-06T22:33:21.809+0000] {processor.py:925} INFO - DAG(s) 'example_sensor_decorator' retrieved from /home/airflow/.local/lib/python3.12/site-packages/airflow/example_dags/example_sensor_decorator.py
[2025-04-06T22:33:21.828+0000] {logging_mixin.py:190} INFO - [2025-04-06T22:33:21.828+0000] {dag.py:3239} INFO - Sync 1 DAGs
[2025-04-06T22:33:21.845+0000] {logging_mixin.py:190} INFO - [2025-04-06T22:33:21.844+0000] {dag.py:4180} INFO - Setting next_dagrun for example_sensor_decorator to None, run_after=None
[2025-04-06T22:33:21.861+0000] {processor.py:208} INFO - Processing /home/airflow/.local/lib/python3.12/site-packages/airflow/example_dags/example_sensor_decorator.py took 0.070 seconds
[2025-04-06T22:33:52.770+0000] {processor.py:186} INFO - Started process (PID=906) to work on /home/airflow/.local/lib/python3.12/site-packages/airflow/example_dags/example_sensor_decorator.py
[2025-04-06T22:33:52.771+0000] {processor.py:914} INFO - Processing file /home/airflow/.local/lib/python3.12/site-packages/airflow/example_dags/example_sensor_decorator.py for tasks to queue
[2025-04-06T22:33:52.772+0000] {logging_mixin.py:190} INFO - [2025-04-06T22:33:52.772+0000] {dagbag.py:588} INFO - Filling up the DagBag from /home/airflow/.local/lib/python3.12/site-packages/airflow/example_dags/example_sensor_decorator.py
[2025-04-06T22:33:52.778+0000] {processor.py:925} INFO - DAG(s) 'example_sensor_decorator' retrieved from /home/airflow/.local/lib/python3.12/site-packages/airflow/example_dags/example_sensor_decorator.py
[2025-04-06T22:33:52.796+0000] {logging_mixin.py:190} INFO - [2025-04-06T22:33:52.796+0000] {dag.py:3239} INFO - Sync 1 DAGs
[2025-04-06T22:33:52.808+0000] {logging_mixin.py:190} INFO - [2025-04-06T22:33:52.808+0000] {dag.py:4180} INFO - Setting next_dagrun for example_sensor_decorator to None, run_after=None
[2025-04-06T22:33:52.823+0000] {processor.py:208} INFO - Processing /home/airflow/.local/lib/python3.12/site-packages/airflow/example_dags/example_sensor_decorator.py took 0.059 seconds
[2025-04-06T22:34:23.355+0000] {processor.py:186} INFO - Started process (PID=971) to work on /home/airflow/.local/lib/python3.12/site-packages/airflow/example_dags/example_sensor_decorator.py
[2025-04-06T22:34:23.356+0000] {processor.py:914} INFO - Processing file /home/airflow/.local/lib/python3.12/site-packages/airflow/example_dags/example_sensor_decorator.py for tasks to queue
[2025-04-06T22:34:23.359+0000] {logging_mixin.py:190} INFO - [2025-04-06T22:34:23.358+0000] {dagbag.py:588} INFO - Filling up the DagBag from /home/airflow/.local/lib/python3.12/site-packages/airflow/example_dags/example_sensor_decorator.py
[2025-04-06T22:34:23.365+0000] {processor.py:925} INFO - DAG(s) 'example_sensor_decorator' retrieved from /home/airflow/.local/lib/python3.12/site-packages/airflow/example_dags/example_sensor_decorator.py
[2025-04-06T22:34:23.383+0000] {logging_mixin.py:190} INFO - [2025-04-06T22:34:23.383+0000] {dag.py:3239} INFO - Sync 1 DAGs
[2025-04-06T22:34:23.395+0000] {logging_mixin.py:190} INFO - [2025-04-06T22:34:23.395+0000] {dag.py:4180} INFO - Setting next_dagrun for example_sensor_decorator to None, run_after=None
[2025-04-06T22:34:23.408+0000] {processor.py:208} INFO - Processing /home/airflow/.local/lib/python3.12/site-packages/airflow/example_dags/example_sensor_decorator.py took 0.060 seconds
[2025-04-06T22:34:54.013+0000] {processor.py:186} INFO - Started process (PID=1036) to work on /home/airflow/.local/lib/python3.12/site-packages/airflow/example_dags/example_sensor_decorator.py
[2025-04-06T22:34:54.014+0000] {processor.py:914} INFO - Processing file /home/airflow/.local/lib/python3.12/site-packages/airflow/example_dags/example_sensor_decorator.py for tasks to queue
[2025-04-06T22:34:54.016+0000] {logging_mixin.py:190} INFO - [2025-04-06T22:34:54.016+0000] {dagbag.py:588} INFO - Filling up the DagBag from /home/airflow/.local/lib/python3.12/site-packages/airflow/example_dags/example_sensor_decorator.py
[2025-04-06T22:34:54.023+0000] {processor.py:925} INFO - DAG(s) 'example_sensor_decorator' retrieved from /home/airflow/.local/lib/python3.12/site-packages/airflow/example_dags/example_sensor_decorator.py
[2025-04-06T22:34:54.038+0000] {logging_mixin.py:190} INFO - [2025-04-06T22:34:54.038+0000] {dag.py:3239} INFO - Sync 1 DAGs
[2025-04-06T22:34:54.051+0000] {logging_mixin.py:190} INFO - [2025-04-06T22:34:54.050+0000] {dag.py:4180} INFO - Setting next_dagrun for example_sensor_decorator to None, run_after=None
[2025-04-06T22:34:54.064+0000] {processor.py:208} INFO - Processing /home/airflow/.local/lib/python3.12/site-packages/airflow/example_dags/example_sensor_decorator.py took 0.057 seconds
[2025-04-06T22:35:25.031+0000] {processor.py:186} INFO - Started process (PID=1101) to work on /home/airflow/.local/lib/python3.12/site-packages/airflow/example_dags/example_sensor_decorator.py
[2025-04-06T22:35:25.032+0000] {processor.py:914} INFO - Processing file /home/airflow/.local/lib/python3.12/site-packages/airflow/example_dags/example_sensor_decorator.py for tasks to queue
[2025-04-06T22:35:25.035+0000] {logging_mixin.py:190} INFO - [2025-04-06T22:35:25.035+0000] {dagbag.py:588} INFO - Filling up the DagBag from /home/airflow/.local/lib/python3.12/site-packages/airflow/example_dags/example_sensor_decorator.py
[2025-04-06T22:35:25.042+0000] {processor.py:925} INFO - DAG(s) 'example_sensor_decorator' retrieved from /home/airflow/.local/lib/python3.12/site-packages/airflow/example_dags/example_sensor_decorator.py
[2025-04-06T22:35:25.060+0000] {logging_mixin.py:190} INFO - [2025-04-06T22:35:25.060+0000] {dag.py:3239} INFO - Sync 1 DAGs
[2025-04-06T22:35:25.072+0000] {logging_mixin.py:190} INFO - [2025-04-06T22:35:25.072+0000] {dag.py:4180} INFO - Setting next_dagrun for example_sensor_decorator to None, run_after=None
[2025-04-06T22:35:25.085+0000] {processor.py:208} INFO - Processing /home/airflow/.local/lib/python3.12/site-packages/airflow/example_dags/example_sensor_decorator.py took 0.062 seconds
[2025-04-06T22:35:55.607+0000] {processor.py:186} INFO - Started process (PID=1167) to work on /home/airflow/.local/lib/python3.12/site-packages/airflow/example_dags/example_sensor_decorator.py
[2025-04-06T22:35:55.608+0000] {processor.py:914} INFO - Processing file /home/airflow/.local/lib/python3.12/site-packages/airflow/example_dags/example_sensor_decorator.py for tasks to queue
[2025-04-06T22:35:55.610+0000] {logging_mixin.py:190} INFO - [2025-04-06T22:35:55.610+0000] {dagbag.py:588} INFO - Filling up the DagBag from /home/airflow/.local/lib/python3.12/site-packages/airflow/example_dags/example_sensor_decorator.py
[2025-04-06T22:35:55.615+0000] {processor.py:925} INFO - DAG(s) 'example_sensor_decorator' retrieved from /home/airflow/.local/lib/python3.12/site-packages/airflow/example_dags/example_sensor_decorator.py
[2025-04-06T22:35:55.633+0000] {logging_mixin.py:190} INFO - [2025-04-06T22:35:55.632+0000] {dag.py:3239} INFO - Sync 1 DAGs
[2025-04-06T22:35:55.645+0000] {logging_mixin.py:190} INFO - [2025-04-06T22:35:55.644+0000] {dag.py:4180} INFO - Setting next_dagrun for example_sensor_decorator to None, run_after=None
[2025-04-06T22:35:55.657+0000] {processor.py:208} INFO - Processing /home/airflow/.local/lib/python3.12/site-packages/airflow/example_dags/example_sensor_decorator.py took 0.054 seconds
[2025-04-06T22:36:26.309+0000] {processor.py:186} INFO - Started process (PID=1232) to work on /home/airflow/.local/lib/python3.12/site-packages/airflow/example_dags/example_sensor_decorator.py
[2025-04-06T22:36:26.310+0000] {processor.py:914} INFO - Processing file /home/airflow/.local/lib/python3.12/site-packages/airflow/example_dags/example_sensor_decorator.py for tasks to queue
[2025-04-06T22:36:26.313+0000] {logging_mixin.py:190} INFO - [2025-04-06T22:36:26.313+0000] {dagbag.py:588} INFO - Filling up the DagBag from /home/airflow/.local/lib/python3.12/site-packages/airflow/example_dags/example_sensor_decorator.py
[2025-04-06T22:36:26.319+0000] {processor.py:925} INFO - DAG(s) 'example_sensor_decorator' retrieved from /home/airflow/.local/lib/python3.12/site-packages/airflow/example_dags/example_sensor_decorator.py
[2025-04-06T22:36:26.337+0000] {logging_mixin.py:190} INFO - [2025-04-06T22:36:26.337+0000] {dag.py:3239} INFO - Sync 1 DAGs
[2025-04-06T22:36:26.349+0000] {logging_mixin.py:190} INFO - [2025-04-06T22:36:26.349+0000] {dag.py:4180} INFO - Setting next_dagrun for example_sensor_decorator to None, run_after=None
[2025-04-06T22:36:26.362+0000] {processor.py:208} INFO - Processing /home/airflow/.local/lib/python3.12/site-packages/airflow/example_dags/example_sensor_decorator.py took 0.060 seconds
[2025-04-06T22:36:57.041+0000] {processor.py:186} INFO - Started process (PID=1297) to work on /home/airflow/.local/lib/python3.12/site-packages/airflow/example_dags/example_sensor_decorator.py
[2025-04-06T22:36:57.042+0000] {processor.py:914} INFO - Processing file /home/airflow/.local/lib/python3.12/site-packages/airflow/example_dags/example_sensor_decorator.py for tasks to queue
[2025-04-06T22:36:57.045+0000] {logging_mixin.py:190} INFO - [2025-04-06T22:36:57.045+0000] {dagbag.py:588} INFO - Filling up the DagBag from /home/airflow/.local/lib/python3.12/site-packages/airflow/example_dags/example_sensor_decorator.py
[2025-04-06T22:36:57.052+0000] {processor.py:925} INFO - DAG(s) 'example_sensor_decorator' retrieved from /home/airflow/.local/lib/python3.12/site-packages/airflow/example_dags/example_sensor_decorator.py
[2025-04-06T22:36:57.070+0000] {logging_mixin.py:190} INFO - [2025-04-06T22:36:57.069+0000] {dag.py:3239} INFO - Sync 1 DAGs
[2025-04-06T22:36:57.082+0000] {logging_mixin.py:190} INFO - [2025-04-06T22:36:57.082+0000] {dag.py:4180} INFO - Setting next_dagrun for example_sensor_decorator to None, run_after=None
[2025-04-06T22:36:57.096+0000] {processor.py:208} INFO - Processing /home/airflow/.local/lib/python3.12/site-packages/airflow/example_dags/example_sensor_decorator.py took 0.062 seconds
[2025-04-06T22:37:27.516+0000] {processor.py:186} INFO - Started process (PID=1362) to work on /home/airflow/.local/lib/python3.12/site-packages/airflow/example_dags/example_sensor_decorator.py
[2025-04-06T22:37:27.517+0000] {processor.py:914} INFO - Processing file /home/airflow/.local/lib/python3.12/site-packages/airflow/example_dags/example_sensor_decorator.py for tasks to queue
[2025-04-06T22:37:27.518+0000] {logging_mixin.py:190} INFO - [2025-04-06T22:37:27.518+0000] {dagbag.py:588} INFO - Filling up the DagBag from /home/airflow/.local/lib/python3.12/site-packages/airflow/example_dags/example_sensor_decorator.py
[2025-04-06T22:37:27.524+0000] {processor.py:925} INFO - DAG(s) 'example_sensor_decorator' retrieved from /home/airflow/.local/lib/python3.12/site-packages/airflow/example_dags/example_sensor_decorator.py
[2025-04-06T22:37:27.541+0000] {logging_mixin.py:190} INFO - [2025-04-06T22:37:27.541+0000] {dag.py:3239} INFO - Sync 1 DAGs
[2025-04-06T22:37:27.553+0000] {logging_mixin.py:190} INFO - [2025-04-06T22:37:27.553+0000] {dag.py:4180} INFO - Setting next_dagrun for example_sensor_decorator to None, run_after=None
[2025-04-06T22:37:27.566+0000] {processor.py:208} INFO - Processing /home/airflow/.local/lib/python3.12/site-packages/airflow/example_dags/example_sensor_decorator.py took 0.054 seconds
[2025-04-06T22:37:58.265+0000] {processor.py:186} INFO - Started process (PID=1427) to work on /home/airflow/.local/lib/python3.12/site-packages/airflow/example_dags/example_sensor_decorator.py
[2025-04-06T22:37:58.266+0000] {processor.py:914} INFO - Processing file /home/airflow/.local/lib/python3.12/site-packages/airflow/example_dags/example_sensor_decorator.py for tasks to queue
[2025-04-06T22:37:58.269+0000] {logging_mixin.py:190} INFO - [2025-04-06T22:37:58.269+0000] {dagbag.py:588} INFO - Filling up the DagBag from /home/airflow/.local/lib/python3.12/site-packages/airflow/example_dags/example_sensor_decorator.py
[2025-04-06T22:37:58.276+0000] {processor.py:925} INFO - DAG(s) 'example_sensor_decorator' retrieved from /home/airflow/.local/lib/python3.12/site-packages/airflow/example_dags/example_sensor_decorator.py
[2025-04-06T22:37:58.294+0000] {logging_mixin.py:190} INFO - [2025-04-06T22:37:58.294+0000] {dag.py:3239} INFO - Sync 1 DAGs
[2025-04-06T22:37:58.306+0000] {logging_mixin.py:190} INFO - [2025-04-06T22:37:58.306+0000] {dag.py:4180} INFO - Setting next_dagrun for example_sensor_decorator to None, run_after=None
[2025-04-06T22:37:58.321+0000] {processor.py:208} INFO - Processing /home/airflow/.local/lib/python3.12/site-packages/airflow/example_dags/example_sensor_decorator.py took 0.063 seconds
[2025-04-06T22:38:28.908+0000] {processor.py:186} INFO - Started process (PID=1492) to work on /home/airflow/.local/lib/python3.12/site-packages/airflow/example_dags/example_sensor_decorator.py
[2025-04-06T22:38:28.909+0000] {processor.py:914} INFO - Processing file /home/airflow/.local/lib/python3.12/site-packages/airflow/example_dags/example_sensor_decorator.py for tasks to queue
[2025-04-06T22:38:28.913+0000] {logging_mixin.py:190} INFO - [2025-04-06T22:38:28.912+0000] {dagbag.py:588} INFO - Filling up the DagBag from /home/airflow/.local/lib/python3.12/site-packages/airflow/example_dags/example_sensor_decorator.py
[2025-04-06T22:38:28.919+0000] {processor.py:925} INFO - DAG(s) 'example_sensor_decorator' retrieved from /home/airflow/.local/lib/python3.12/site-packages/airflow/example_dags/example_sensor_decorator.py
[2025-04-06T22:38:28.936+0000] {logging_mixin.py:190} INFO - [2025-04-06T22:38:28.936+0000] {dag.py:3239} INFO - Sync 1 DAGs
[2025-04-06T22:38:28.949+0000] {logging_mixin.py:190} INFO - [2025-04-06T22:38:28.949+0000] {dag.py:4180} INFO - Setting next_dagrun for example_sensor_decorator to None, run_after=None
[2025-04-06T22:38:28.962+0000] {processor.py:208} INFO - Processing /home/airflow/.local/lib/python3.12/site-packages/airflow/example_dags/example_sensor_decorator.py took 0.061 seconds
[2025-04-06T22:38:59.367+0000] {processor.py:186} INFO - Started process (PID=1557) to work on /home/airflow/.local/lib/python3.12/site-packages/airflow/example_dags/example_sensor_decorator.py
[2025-04-06T22:38:59.368+0000] {processor.py:914} INFO - Processing file /home/airflow/.local/lib/python3.12/site-packages/airflow/example_dags/example_sensor_decorator.py for tasks to queue
[2025-04-06T22:38:59.370+0000] {logging_mixin.py:190} INFO - [2025-04-06T22:38:59.370+0000] {dagbag.py:588} INFO - Filling up the DagBag from /home/airflow/.local/lib/python3.12/site-packages/airflow/example_dags/example_sensor_decorator.py
[2025-04-06T22:38:59.377+0000] {processor.py:925} INFO - DAG(s) 'example_sensor_decorator' retrieved from /home/airflow/.local/lib/python3.12/site-packages/airflow/example_dags/example_sensor_decorator.py
[2025-04-06T22:38:59.397+0000] {logging_mixin.py:190} INFO - [2025-04-06T22:38:59.397+0000] {dag.py:3239} INFO - Sync 1 DAGs
[2025-04-06T22:38:59.412+0000] {logging_mixin.py:190} INFO - [2025-04-06T22:38:59.411+0000] {dag.py:4180} INFO - Setting next_dagrun for example_sensor_decorator to None, run_after=None
[2025-04-06T22:38:59.428+0000] {processor.py:208} INFO - Processing /home/airflow/.local/lib/python3.12/site-packages/airflow/example_dags/example_sensor_decorator.py took 0.066 seconds
[2025-04-06T22:39:30.363+0000] {processor.py:186} INFO - Started process (PID=1622) to work on /home/airflow/.local/lib/python3.12/site-packages/airflow/example_dags/example_sensor_decorator.py
[2025-04-06T22:39:30.366+0000] {processor.py:914} INFO - Processing file /home/airflow/.local/lib/python3.12/site-packages/airflow/example_dags/example_sensor_decorator.py for tasks to queue
[2025-04-06T22:39:30.368+0000] {logging_mixin.py:190} INFO - [2025-04-06T22:39:30.368+0000] {dagbag.py:588} INFO - Filling up the DagBag from /home/airflow/.local/lib/python3.12/site-packages/airflow/example_dags/example_sensor_decorator.py
[2025-04-06T22:39:30.375+0000] {processor.py:925} INFO - DAG(s) 'example_sensor_decorator' retrieved from /home/airflow/.local/lib/python3.12/site-packages/airflow/example_dags/example_sensor_decorator.py
[2025-04-06T22:39:30.395+0000] {logging_mixin.py:190} INFO - [2025-04-06T22:39:30.394+0000] {dag.py:3239} INFO - Sync 1 DAGs
[2025-04-06T22:39:30.407+0000] {logging_mixin.py:190} INFO - [2025-04-06T22:39:30.407+0000] {dag.py:4180} INFO - Setting next_dagrun for example_sensor_decorator to None, run_after=None
[2025-04-06T22:39:30.425+0000] {processor.py:208} INFO - Processing /home/airflow/.local/lib/python3.12/site-packages/airflow/example_dags/example_sensor_decorator.py took 0.070 seconds
[2025-04-06T22:40:00.631+0000] {processor.py:186} INFO - Started process (PID=1686) to work on /home/airflow/.local/lib/python3.12/site-packages/airflow/example_dags/example_sensor_decorator.py
[2025-04-06T22:40:00.632+0000] {processor.py:914} INFO - Processing file /home/airflow/.local/lib/python3.12/site-packages/airflow/example_dags/example_sensor_decorator.py for tasks to queue
[2025-04-06T22:40:00.635+0000] {logging_mixin.py:190} INFO - [2025-04-06T22:40:00.634+0000] {dagbag.py:588} INFO - Filling up the DagBag from /home/airflow/.local/lib/python3.12/site-packages/airflow/example_dags/example_sensor_decorator.py
[2025-04-06T22:40:00.641+0000] {processor.py:925} INFO - DAG(s) 'example_sensor_decorator' retrieved from /home/airflow/.local/lib/python3.12/site-packages/airflow/example_dags/example_sensor_decorator.py
[2025-04-06T22:40:00.659+0000] {logging_mixin.py:190} INFO - [2025-04-06T22:40:00.658+0000] {dag.py:3239} INFO - Sync 1 DAGs
[2025-04-06T22:40:00.671+0000] {logging_mixin.py:190} INFO - [2025-04-06T22:40:00.671+0000] {dag.py:4180} INFO - Setting next_dagrun for example_sensor_decorator to None, run_after=None
[2025-04-06T22:40:00.684+0000] {processor.py:208} INFO - Processing /home/airflow/.local/lib/python3.12/site-packages/airflow/example_dags/example_sensor_decorator.py took 0.061 seconds
[2025-04-06T22:40:31.526+0000] {processor.py:186} INFO - Started process (PID=1752) to work on /home/airflow/.local/lib/python3.12/site-packages/airflow/example_dags/example_sensor_decorator.py
[2025-04-06T22:40:31.526+0000] {processor.py:914} INFO - Processing file /home/airflow/.local/lib/python3.12/site-packages/airflow/example_dags/example_sensor_decorator.py for tasks to queue
[2025-04-06T22:40:31.528+0000] {logging_mixin.py:190} INFO - [2025-04-06T22:40:31.528+0000] {dagbag.py:588} INFO - Filling up the DagBag from /home/airflow/.local/lib/python3.12/site-packages/airflow/example_dags/example_sensor_decorator.py
[2025-04-06T22:40:31.534+0000] {processor.py:925} INFO - DAG(s) 'example_sensor_decorator' retrieved from /home/airflow/.local/lib/python3.12/site-packages/airflow/example_dags/example_sensor_decorator.py
[2025-04-06T22:40:31.550+0000] {logging_mixin.py:190} INFO - [2025-04-06T22:40:31.549+0000] {dag.py:3239} INFO - Sync 1 DAGs
[2025-04-06T22:40:31.562+0000] {logging_mixin.py:190} INFO - [2025-04-06T22:40:31.562+0000] {dag.py:4180} INFO - Setting next_dagrun for example_sensor_decorator to None, run_after=None
[2025-04-06T22:40:31.575+0000] {processor.py:208} INFO - Processing /home/airflow/.local/lib/python3.12/site-packages/airflow/example_dags/example_sensor_decorator.py took 0.055 seconds
[2025-04-06T22:41:02.694+0000] {processor.py:186} INFO - Started process (PID=1817) to work on /home/airflow/.local/lib/python3.12/site-packages/airflow/example_dags/example_sensor_decorator.py
[2025-04-06T22:41:02.697+0000] {processor.py:914} INFO - Processing file /home/airflow/.local/lib/python3.12/site-packages/airflow/example_dags/example_sensor_decorator.py for tasks to queue
[2025-04-06T22:41:02.700+0000] {logging_mixin.py:190} INFO - [2025-04-06T22:41:02.699+0000] {dagbag.py:588} INFO - Filling up the DagBag from /home/airflow/.local/lib/python3.12/site-packages/airflow/example_dags/example_sensor_decorator.py
[2025-04-06T22:41:02.707+0000] {processor.py:925} INFO - DAG(s) 'example_sensor_decorator' retrieved from /home/airflow/.local/lib/python3.12/site-packages/airflow/example_dags/example_sensor_decorator.py
[2025-04-06T22:41:02.904+0000] {logging_mixin.py:190} INFO - [2025-04-06T22:41:02.904+0000] {dag.py:3239} INFO - Sync 1 DAGs
[2025-04-06T22:41:02.915+0000] {logging_mixin.py:190} INFO - [2025-04-06T22:41:02.915+0000] {dag.py:4180} INFO - Setting next_dagrun for example_sensor_decorator to None, run_after=None
[2025-04-06T22:41:02.927+0000] {processor.py:208} INFO - Processing /home/airflow/.local/lib/python3.12/site-packages/airflow/example_dags/example_sensor_decorator.py took 0.241 seconds
[2025-04-06T22:41:33.985+0000] {processor.py:186} INFO - Started process (PID=1882) to work on /home/airflow/.local/lib/python3.12/site-packages/airflow/example_dags/example_sensor_decorator.py
[2025-04-06T22:41:33.986+0000] {processor.py:914} INFO - Processing file /home/airflow/.local/lib/python3.12/site-packages/airflow/example_dags/example_sensor_decorator.py for tasks to queue
[2025-04-06T22:41:33.988+0000] {logging_mixin.py:190} INFO - [2025-04-06T22:41:33.987+0000] {dagbag.py:588} INFO - Filling up the DagBag from /home/airflow/.local/lib/python3.12/site-packages/airflow/example_dags/example_sensor_decorator.py
[2025-04-06T22:41:33.994+0000] {processor.py:925} INFO - DAG(s) 'example_sensor_decorator' retrieved from /home/airflow/.local/lib/python3.12/site-packages/airflow/example_dags/example_sensor_decorator.py
[2025-04-06T22:41:34.012+0000] {logging_mixin.py:190} INFO - [2025-04-06T22:41:34.011+0000] {dag.py:3239} INFO - Sync 1 DAGs
[2025-04-06T22:41:34.239+0000] {logging_mixin.py:190} INFO - [2025-04-06T22:41:34.238+0000] {dag.py:4180} INFO - Setting next_dagrun for example_sensor_decorator to None, run_after=None
[2025-04-06T22:41:34.255+0000] {processor.py:208} INFO - Processing /home/airflow/.local/lib/python3.12/site-packages/airflow/example_dags/example_sensor_decorator.py took 0.275 seconds
[2025-04-06T22:42:04.380+0000] {processor.py:186} INFO - Started process (PID=1947) to work on /home/airflow/.local/lib/python3.12/site-packages/airflow/example_dags/example_sensor_decorator.py
[2025-04-06T22:42:04.381+0000] {processor.py:914} INFO - Processing file /home/airflow/.local/lib/python3.12/site-packages/airflow/example_dags/example_sensor_decorator.py for tasks to queue
[2025-04-06T22:42:04.384+0000] {logging_mixin.py:190} INFO - [2025-04-06T22:42:04.384+0000] {dagbag.py:588} INFO - Filling up the DagBag from /home/airflow/.local/lib/python3.12/site-packages/airflow/example_dags/example_sensor_decorator.py
[2025-04-06T22:42:04.391+0000] {processor.py:925} INFO - DAG(s) 'example_sensor_decorator' retrieved from /home/airflow/.local/lib/python3.12/site-packages/airflow/example_dags/example_sensor_decorator.py
[2025-04-06T22:42:04.410+0000] {logging_mixin.py:190} INFO - [2025-04-06T22:42:04.410+0000] {dag.py:3239} INFO - Sync 1 DAGs
[2025-04-06T22:42:04.424+0000] {logging_mixin.py:190} INFO - [2025-04-06T22:42:04.424+0000] {dag.py:4180} INFO - Setting next_dagrun for example_sensor_decorator to None, run_after=None
[2025-04-06T22:42:04.632+0000] {processor.py:208} INFO - Processing /home/airflow/.local/lib/python3.12/site-packages/airflow/example_dags/example_sensor_decorator.py took 0.257 seconds
[2025-04-06T22:42:34.948+0000] {processor.py:186} INFO - Started process (PID=2012) to work on /home/airflow/.local/lib/python3.12/site-packages/airflow/example_dags/example_sensor_decorator.py
[2025-04-06T22:42:34.948+0000] {processor.py:914} INFO - Processing file /home/airflow/.local/lib/python3.12/site-packages/airflow/example_dags/example_sensor_decorator.py for tasks to queue
[2025-04-06T22:42:34.950+0000] {logging_mixin.py:190} INFO - [2025-04-06T22:42:34.950+0000] {dagbag.py:588} INFO - Filling up the DagBag from /home/airflow/.local/lib/python3.12/site-packages/airflow/example_dags/example_sensor_decorator.py
[2025-04-06T22:42:34.956+0000] {processor.py:925} INFO - DAG(s) 'example_sensor_decorator' retrieved from /home/airflow/.local/lib/python3.12/site-packages/airflow/example_dags/example_sensor_decorator.py
[2025-04-06T22:42:34.974+0000] {logging_mixin.py:190} INFO - [2025-04-06T22:42:34.973+0000] {dag.py:3239} INFO - Sync 1 DAGs
[2025-04-06T22:42:34.987+0000] {logging_mixin.py:190} INFO - [2025-04-06T22:42:34.987+0000] {dag.py:4180} INFO - Setting next_dagrun for example_sensor_decorator to None, run_after=None
[2025-04-06T22:42:35.002+0000] {processor.py:208} INFO - Processing /home/airflow/.local/lib/python3.12/site-packages/airflow/example_dags/example_sensor_decorator.py took 0.062 seconds
[2025-04-06T22:43:05.793+0000] {processor.py:186} INFO - Started process (PID=2077) to work on /home/airflow/.local/lib/python3.12/site-packages/airflow/example_dags/example_sensor_decorator.py
[2025-04-06T22:43:05.794+0000] {processor.py:914} INFO - Processing file /home/airflow/.local/lib/python3.12/site-packages/airflow/example_dags/example_sensor_decorator.py for tasks to queue
[2025-04-06T22:43:05.796+0000] {logging_mixin.py:190} INFO - [2025-04-06T22:43:05.795+0000] {dagbag.py:588} INFO - Filling up the DagBag from /home/airflow/.local/lib/python3.12/site-packages/airflow/example_dags/example_sensor_decorator.py
[2025-04-06T22:43:05.801+0000] {processor.py:925} INFO - DAG(s) 'example_sensor_decorator' retrieved from /home/airflow/.local/lib/python3.12/site-packages/airflow/example_dags/example_sensor_decorator.py
[2025-04-06T22:43:05.821+0000] {logging_mixin.py:190} INFO - [2025-04-06T22:43:05.820+0000] {dag.py:3239} INFO - Sync 1 DAGs
[2025-04-06T22:43:05.833+0000] {logging_mixin.py:190} INFO - [2025-04-06T22:43:05.833+0000] {dag.py:4180} INFO - Setting next_dagrun for example_sensor_decorator to None, run_after=None
[2025-04-06T22:43:05.847+0000] {processor.py:208} INFO - Processing /home/airflow/.local/lib/python3.12/site-packages/airflow/example_dags/example_sensor_decorator.py took 0.058 seconds
[2025-04-06T22:43:36.302+0000] {processor.py:186} INFO - Started process (PID=2143) to work on /home/airflow/.local/lib/python3.12/site-packages/airflow/example_dags/example_sensor_decorator.py
[2025-04-06T22:43:36.304+0000] {processor.py:914} INFO - Processing file /home/airflow/.local/lib/python3.12/site-packages/airflow/example_dags/example_sensor_decorator.py for tasks to queue
[2025-04-06T22:43:36.306+0000] {logging_mixin.py:190} INFO - [2025-04-06T22:43:36.306+0000] {dagbag.py:588} INFO - Filling up the DagBag from /home/airflow/.local/lib/python3.12/site-packages/airflow/example_dags/example_sensor_decorator.py
[2025-04-06T22:43:36.312+0000] {processor.py:925} INFO - DAG(s) 'example_sensor_decorator' retrieved from /home/airflow/.local/lib/python3.12/site-packages/airflow/example_dags/example_sensor_decorator.py
[2025-04-06T22:43:36.328+0000] {logging_mixin.py:190} INFO - [2025-04-06T22:43:36.328+0000] {dag.py:3239} INFO - Sync 1 DAGs
[2025-04-06T22:43:36.340+0000] {logging_mixin.py:190} INFO - [2025-04-06T22:43:36.340+0000] {dag.py:4180} INFO - Setting next_dagrun for example_sensor_decorator to None, run_after=None
[2025-04-06T22:43:36.354+0000] {processor.py:208} INFO - Processing /home/airflow/.local/lib/python3.12/site-packages/airflow/example_dags/example_sensor_decorator.py took 0.059 seconds
[2025-04-06T22:44:06.858+0000] {processor.py:186} INFO - Started process (PID=2208) to work on /home/airflow/.local/lib/python3.12/site-packages/airflow/example_dags/example_sensor_decorator.py
[2025-04-06T22:44:06.859+0000] {processor.py:914} INFO - Processing file /home/airflow/.local/lib/python3.12/site-packages/airflow/example_dags/example_sensor_decorator.py for tasks to queue
[2025-04-06T22:44:06.861+0000] {logging_mixin.py:190} INFO - [2025-04-06T22:44:06.861+0000] {dagbag.py:588} INFO - Filling up the DagBag from /home/airflow/.local/lib/python3.12/site-packages/airflow/example_dags/example_sensor_decorator.py
[2025-04-06T22:44:06.867+0000] {processor.py:925} INFO - DAG(s) 'example_sensor_decorator' retrieved from /home/airflow/.local/lib/python3.12/site-packages/airflow/example_dags/example_sensor_decorator.py
[2025-04-06T22:44:06.883+0000] {logging_mixin.py:190} INFO - [2025-04-06T22:44:06.883+0000] {dag.py:3239} INFO - Sync 1 DAGs
[2025-04-06T22:44:06.895+0000] {logging_mixin.py:190} INFO - [2025-04-06T22:44:06.894+0000] {dag.py:4180} INFO - Setting next_dagrun for example_sensor_decorator to None, run_after=None
[2025-04-06T22:44:06.907+0000] {processor.py:208} INFO - Processing /home/airflow/.local/lib/python3.12/site-packages/airflow/example_dags/example_sensor_decorator.py took 0.057 seconds
