[2025-04-06T22:16:44.566+0000] {processor.py:186} INFO - Started process (PID=107) to work on /home/airflow/.local/lib/python3.12/site-packages/airflow/example_dags/tutorial_taskflow_api.py
[2025-04-06T22:16:44.567+0000] {processor.py:914} INFO - Processing file /home/airflow/.local/lib/python3.12/site-packages/airflow/example_dags/tutorial_taskflow_api.py for tasks to queue
[2025-04-06T22:16:44.572+0000] {logging_mixin.py:190} INFO - [2025-04-06T22:16:44.571+0000] {dagbag.py:588} INFO - Filling up the DagBag from /home/airflow/.local/lib/python3.12/site-packages/airflow/example_dags/tutorial_taskflow_api.py
[2025-04-06T22:16:44.583+0000] {processor.py:925} INFO - DAG(s) 'tutorial_taskflow_api' retrieved from /home/airflow/.local/lib/python3.12/site-packages/airflow/example_dags/tutorial_taskflow_api.py
[2025-04-06T22:16:44.621+0000] {logging_mixin.py:190} INFO - [2025-04-06T22:16:44.621+0000] {dag.py:3239} INFO - Sync 1 DAGs
[2025-04-06T22:16:44.642+0000] {logging_mixin.py:190} INFO - [2025-04-06T22:16:44.642+0000] {dag.py:4180} INFO - Setting next_dagrun for tutorial_taskflow_api to None, run_after=None
[2025-04-06T22:16:44.668+0000] {processor.py:208} INFO - Processing /home/airflow/.local/lib/python3.12/site-packages/airflow/example_dags/tutorial_taskflow_api.py took 0.110 seconds
[2025-04-06T22:17:15.159+0000] {processor.py:186} INFO - Started process (PID=172) to work on /home/airflow/.local/lib/python3.12/site-packages/airflow/example_dags/tutorial_taskflow_api.py
[2025-04-06T22:17:15.160+0000] {processor.py:914} INFO - Processing file /home/airflow/.local/lib/python3.12/site-packages/airflow/example_dags/tutorial_taskflow_api.py for tasks to queue
[2025-04-06T22:17:15.162+0000] {logging_mixin.py:190} INFO - [2025-04-06T22:17:15.161+0000] {dagbag.py:588} INFO - Filling up the DagBag from /home/airflow/.local/lib/python3.12/site-packages/airflow/example_dags/tutorial_taskflow_api.py
[2025-04-06T22:17:15.168+0000] {processor.py:925} INFO - DAG(s) 'tutorial_taskflow_api' retrieved from /home/airflow/.local/lib/python3.12/site-packages/airflow/example_dags/tutorial_taskflow_api.py
[2025-04-06T22:17:15.188+0000] {logging_mixin.py:190} INFO - [2025-04-06T22:17:15.187+0000] {dag.py:3239} INFO - Sync 1 DAGs
[2025-04-06T22:17:15.201+0000] {logging_mixin.py:190} INFO - [2025-04-06T22:17:15.201+0000] {dag.py:4180} INFO - Setting next_dagrun for tutorial_taskflow_api to None, run_after=None
[2025-04-06T22:17:15.216+0000] {processor.py:208} INFO - Processing /home/airflow/.local/lib/python3.12/site-packages/airflow/example_dags/tutorial_taskflow_api.py took 0.064 seconds
[2025-04-06T22:17:45.625+0000] {processor.py:186} INFO - Started process (PID=237) to work on /home/airflow/.local/lib/python3.12/site-packages/airflow/example_dags/tutorial_taskflow_api.py
[2025-04-06T22:17:45.635+0000] {processor.py:914} INFO - Processing file /home/airflow/.local/lib/python3.12/site-packages/airflow/example_dags/tutorial_taskflow_api.py for tasks to queue
[2025-04-06T22:17:45.638+0000] {logging_mixin.py:190} INFO - [2025-04-06T22:17:45.638+0000] {dagbag.py:588} INFO - Filling up the DagBag from /home/airflow/.local/lib/python3.12/site-packages/airflow/example_dags/tutorial_taskflow_api.py
[2025-04-06T22:17:45.646+0000] {processor.py:925} INFO - DAG(s) 'tutorial_taskflow_api' retrieved from /home/airflow/.local/lib/python3.12/site-packages/airflow/example_dags/tutorial_taskflow_api.py
[2025-04-06T22:17:45.667+0000] {logging_mixin.py:190} INFO - [2025-04-06T22:17:45.667+0000] {dag.py:3239} INFO - Sync 1 DAGs
[2025-04-06T22:17:45.681+0000] {logging_mixin.py:190} INFO - [2025-04-06T22:17:45.681+0000] {dag.py:4180} INFO - Setting next_dagrun for tutorial_taskflow_api to None, run_after=None
[2025-04-06T22:17:45.702+0000] {processor.py:208} INFO - Processing /home/airflow/.local/lib/python3.12/site-packages/airflow/example_dags/tutorial_taskflow_api.py took 0.081 seconds
[2025-04-06T22:18:16.658+0000] {processor.py:186} INFO - Started process (PID=302) to work on /home/airflow/.local/lib/python3.12/site-packages/airflow/example_dags/tutorial_taskflow_api.py
[2025-04-06T22:18:16.659+0000] {processor.py:914} INFO - Processing file /home/airflow/.local/lib/python3.12/site-packages/airflow/example_dags/tutorial_taskflow_api.py for tasks to queue
[2025-04-06T22:18:16.662+0000] {logging_mixin.py:190} INFO - [2025-04-06T22:18:16.662+0000] {dagbag.py:588} INFO - Filling up the DagBag from /home/airflow/.local/lib/python3.12/site-packages/airflow/example_dags/tutorial_taskflow_api.py
[2025-04-06T22:18:16.668+0000] {processor.py:925} INFO - DAG(s) 'tutorial_taskflow_api' retrieved from /home/airflow/.local/lib/python3.12/site-packages/airflow/example_dags/tutorial_taskflow_api.py
[2025-04-06T22:18:16.687+0000] {logging_mixin.py:190} INFO - [2025-04-06T22:18:16.687+0000] {dag.py:3239} INFO - Sync 1 DAGs
[2025-04-06T22:18:16.699+0000] {logging_mixin.py:190} INFO - [2025-04-06T22:18:16.699+0000] {dag.py:4180} INFO - Setting next_dagrun for tutorial_taskflow_api to None, run_after=None
[2025-04-06T22:18:16.713+0000] {processor.py:208} INFO - Processing /home/airflow/.local/lib/python3.12/site-packages/airflow/example_dags/tutorial_taskflow_api.py took 0.063 seconds
[2025-04-06T22:18:47.265+0000] {processor.py:186} INFO - Started process (PID=367) to work on /home/airflow/.local/lib/python3.12/site-packages/airflow/example_dags/tutorial_taskflow_api.py
[2025-04-06T22:18:47.265+0000] {processor.py:914} INFO - Processing file /home/airflow/.local/lib/python3.12/site-packages/airflow/example_dags/tutorial_taskflow_api.py for tasks to queue
[2025-04-06T22:18:47.267+0000] {logging_mixin.py:190} INFO - [2025-04-06T22:18:47.267+0000] {dagbag.py:588} INFO - Filling up the DagBag from /home/airflow/.local/lib/python3.12/site-packages/airflow/example_dags/tutorial_taskflow_api.py
[2025-04-06T22:18:47.273+0000] {processor.py:925} INFO - DAG(s) 'tutorial_taskflow_api' retrieved from /home/airflow/.local/lib/python3.12/site-packages/airflow/example_dags/tutorial_taskflow_api.py
[2025-04-06T22:18:47.292+0000] {logging_mixin.py:190} INFO - [2025-04-06T22:18:47.292+0000] {dag.py:3239} INFO - Sync 1 DAGs
[2025-04-06T22:18:47.305+0000] {logging_mixin.py:190} INFO - [2025-04-06T22:18:47.305+0000] {dag.py:4180} INFO - Setting next_dagrun for tutorial_taskflow_api to None, run_after=None
[2025-04-06T22:18:47.319+0000] {processor.py:208} INFO - Processing /home/airflow/.local/lib/python3.12/site-packages/airflow/example_dags/tutorial_taskflow_api.py took 0.059 seconds
[2025-04-06T22:19:18.528+0000] {processor.py:186} INFO - Started process (PID=432) to work on /home/airflow/.local/lib/python3.12/site-packages/airflow/example_dags/tutorial_taskflow_api.py
[2025-04-06T22:19:18.529+0000] {processor.py:914} INFO - Processing file /home/airflow/.local/lib/python3.12/site-packages/airflow/example_dags/tutorial_taskflow_api.py for tasks to queue
[2025-04-06T22:19:18.532+0000] {logging_mixin.py:190} INFO - [2025-04-06T22:19:18.532+0000] {dagbag.py:588} INFO - Filling up the DagBag from /home/airflow/.local/lib/python3.12/site-packages/airflow/example_dags/tutorial_taskflow_api.py
[2025-04-06T22:19:18.538+0000] {processor.py:925} INFO - DAG(s) 'tutorial_taskflow_api' retrieved from /home/airflow/.local/lib/python3.12/site-packages/airflow/example_dags/tutorial_taskflow_api.py
[2025-04-06T22:19:18.558+0000] {logging_mixin.py:190} INFO - [2025-04-06T22:19:18.557+0000] {dag.py:3239} INFO - Sync 1 DAGs
[2025-04-06T22:19:18.570+0000] {logging_mixin.py:190} INFO - [2025-04-06T22:19:18.570+0000] {dag.py:4180} INFO - Setting next_dagrun for tutorial_taskflow_api to None, run_after=None
[2025-04-06T22:19:18.585+0000] {processor.py:208} INFO - Processing /home/airflow/.local/lib/python3.12/site-packages/airflow/example_dags/tutorial_taskflow_api.py took 0.065 seconds
[2025-04-06T22:19:49.769+0000] {processor.py:186} INFO - Started process (PID=497) to work on /home/airflow/.local/lib/python3.12/site-packages/airflow/example_dags/tutorial_taskflow_api.py
[2025-04-06T22:19:49.772+0000] {processor.py:914} INFO - Processing file /home/airflow/.local/lib/python3.12/site-packages/airflow/example_dags/tutorial_taskflow_api.py for tasks to queue
[2025-04-06T22:19:49.775+0000] {logging_mixin.py:190} INFO - [2025-04-06T22:19:49.774+0000] {dagbag.py:588} INFO - Filling up the DagBag from /home/airflow/.local/lib/python3.12/site-packages/airflow/example_dags/tutorial_taskflow_api.py
[2025-04-06T22:19:49.783+0000] {processor.py:925} INFO - DAG(s) 'tutorial_taskflow_api' retrieved from /home/airflow/.local/lib/python3.12/site-packages/airflow/example_dags/tutorial_taskflow_api.py
[2025-04-06T22:19:49.802+0000] {logging_mixin.py:190} INFO - [2025-04-06T22:19:49.801+0000] {dag.py:3239} INFO - Sync 1 DAGs
[2025-04-06T22:19:49.815+0000] {logging_mixin.py:190} INFO - [2025-04-06T22:19:49.814+0000] {dag.py:4180} INFO - Setting next_dagrun for tutorial_taskflow_api to None, run_after=None
[2025-04-06T22:19:49.829+0000] {processor.py:208} INFO - Processing /home/airflow/.local/lib/python3.12/site-packages/airflow/example_dags/tutorial_taskflow_api.py took 0.068 seconds
[2025-04-06T22:20:20.506+0000] {processor.py:186} INFO - Started process (PID=562) to work on /home/airflow/.local/lib/python3.12/site-packages/airflow/example_dags/tutorial_taskflow_api.py
[2025-04-06T22:20:20.507+0000] {processor.py:914} INFO - Processing file /home/airflow/.local/lib/python3.12/site-packages/airflow/example_dags/tutorial_taskflow_api.py for tasks to queue
[2025-04-06T22:20:20.510+0000] {logging_mixin.py:190} INFO - [2025-04-06T22:20:20.510+0000] {dagbag.py:588} INFO - Filling up the DagBag from /home/airflow/.local/lib/python3.12/site-packages/airflow/example_dags/tutorial_taskflow_api.py
[2025-04-06T22:20:20.517+0000] {processor.py:925} INFO - DAG(s) 'tutorial_taskflow_api' retrieved from /home/airflow/.local/lib/python3.12/site-packages/airflow/example_dags/tutorial_taskflow_api.py
[2025-04-06T22:20:20.535+0000] {logging_mixin.py:190} INFO - [2025-04-06T22:20:20.534+0000] {dag.py:3239} INFO - Sync 1 DAGs
[2025-04-06T22:20:20.547+0000] {logging_mixin.py:190} INFO - [2025-04-06T22:20:20.547+0000] {dag.py:4180} INFO - Setting next_dagrun for tutorial_taskflow_api to None, run_after=None
[2025-04-06T22:20:20.560+0000] {processor.py:208} INFO - Processing /home/airflow/.local/lib/python3.12/site-packages/airflow/example_dags/tutorial_taskflow_api.py took 0.061 seconds
[2025-04-06T22:20:51.446+0000] {processor.py:186} INFO - Started process (PID=627) to work on /home/airflow/.local/lib/python3.12/site-packages/airflow/example_dags/tutorial_taskflow_api.py
[2025-04-06T22:20:51.447+0000] {processor.py:914} INFO - Processing file /home/airflow/.local/lib/python3.12/site-packages/airflow/example_dags/tutorial_taskflow_api.py for tasks to queue
[2025-04-06T22:20:51.449+0000] {logging_mixin.py:190} INFO - [2025-04-06T22:20:51.448+0000] {dagbag.py:588} INFO - Filling up the DagBag from /home/airflow/.local/lib/python3.12/site-packages/airflow/example_dags/tutorial_taskflow_api.py
[2025-04-06T22:20:51.455+0000] {processor.py:925} INFO - DAG(s) 'tutorial_taskflow_api' retrieved from /home/airflow/.local/lib/python3.12/site-packages/airflow/example_dags/tutorial_taskflow_api.py
[2025-04-06T22:20:51.474+0000] {logging_mixin.py:190} INFO - [2025-04-06T22:20:51.474+0000] {dag.py:3239} INFO - Sync 1 DAGs
[2025-04-06T22:20:51.487+0000] {logging_mixin.py:190} INFO - [2025-04-06T22:20:51.487+0000] {dag.py:4180} INFO - Setting next_dagrun for tutorial_taskflow_api to None, run_after=None
[2025-04-06T22:20:51.501+0000] {processor.py:208} INFO - Processing /home/airflow/.local/lib/python3.12/site-packages/airflow/example_dags/tutorial_taskflow_api.py took 0.060 seconds
[2025-04-06T22:21:22.837+0000] {processor.py:186} INFO - Started process (PID=692) to work on /home/airflow/.local/lib/python3.12/site-packages/airflow/example_dags/tutorial_taskflow_api.py
[2025-04-06T22:21:22.838+0000] {processor.py:914} INFO - Processing file /home/airflow/.local/lib/python3.12/site-packages/airflow/example_dags/tutorial_taskflow_api.py for tasks to queue
[2025-04-06T22:21:22.842+0000] {logging_mixin.py:190} INFO - [2025-04-06T22:21:22.841+0000] {dagbag.py:588} INFO - Filling up the DagBag from /home/airflow/.local/lib/python3.12/site-packages/airflow/example_dags/tutorial_taskflow_api.py
[2025-04-06T22:21:22.848+0000] {processor.py:925} INFO - DAG(s) 'tutorial_taskflow_api' retrieved from /home/airflow/.local/lib/python3.12/site-packages/airflow/example_dags/tutorial_taskflow_api.py
[2025-04-06T22:21:22.866+0000] {logging_mixin.py:190} INFO - [2025-04-06T22:21:22.866+0000] {dag.py:3239} INFO - Sync 1 DAGs
[2025-04-06T22:21:22.879+0000] {logging_mixin.py:190} INFO - [2025-04-06T22:21:22.879+0000] {dag.py:4180} INFO - Setting next_dagrun for tutorial_taskflow_api to None, run_after=None
[2025-04-06T22:21:22.891+0000] {processor.py:208} INFO - Processing /home/airflow/.local/lib/python3.12/site-packages/airflow/example_dags/tutorial_taskflow_api.py took 0.061 seconds
[2025-04-06T22:21:53.903+0000] {processor.py:186} INFO - Started process (PID=757) to work on /home/airflow/.local/lib/python3.12/site-packages/airflow/example_dags/tutorial_taskflow_api.py
[2025-04-06T22:21:53.903+0000] {processor.py:914} INFO - Processing file /home/airflow/.local/lib/python3.12/site-packages/airflow/example_dags/tutorial_taskflow_api.py for tasks to queue
[2025-04-06T22:21:53.905+0000] {logging_mixin.py:190} INFO - [2025-04-06T22:21:53.905+0000] {dagbag.py:588} INFO - Filling up the DagBag from /home/airflow/.local/lib/python3.12/site-packages/airflow/example_dags/tutorial_taskflow_api.py
[2025-04-06T22:21:53.910+0000] {processor.py:925} INFO - DAG(s) 'tutorial_taskflow_api' retrieved from /home/airflow/.local/lib/python3.12/site-packages/airflow/example_dags/tutorial_taskflow_api.py
[2025-04-06T22:21:53.928+0000] {logging_mixin.py:190} INFO - [2025-04-06T22:21:53.928+0000] {dag.py:3239} INFO - Sync 1 DAGs
[2025-04-06T22:21:53.940+0000] {logging_mixin.py:190} INFO - [2025-04-06T22:21:53.940+0000] {dag.py:4180} INFO - Setting next_dagrun for tutorial_taskflow_api to None, run_after=None
[2025-04-06T22:21:53.956+0000] {processor.py:208} INFO - Processing /home/airflow/.local/lib/python3.12/site-packages/airflow/example_dags/tutorial_taskflow_api.py took 0.057 seconds
[2025-04-06T22:22:25.384+0000] {processor.py:186} INFO - Started process (PID=822) to work on /home/airflow/.local/lib/python3.12/site-packages/airflow/example_dags/tutorial_taskflow_api.py
[2025-04-06T22:22:25.385+0000] {processor.py:914} INFO - Processing file /home/airflow/.local/lib/python3.12/site-packages/airflow/example_dags/tutorial_taskflow_api.py for tasks to queue
[2025-04-06T22:22:25.387+0000] {logging_mixin.py:190} INFO - [2025-04-06T22:22:25.387+0000] {dagbag.py:588} INFO - Filling up the DagBag from /home/airflow/.local/lib/python3.12/site-packages/airflow/example_dags/tutorial_taskflow_api.py
[2025-04-06T22:22:25.393+0000] {processor.py:925} INFO - DAG(s) 'tutorial_taskflow_api' retrieved from /home/airflow/.local/lib/python3.12/site-packages/airflow/example_dags/tutorial_taskflow_api.py
[2025-04-06T22:22:25.411+0000] {logging_mixin.py:190} INFO - [2025-04-06T22:22:25.410+0000] {dag.py:3239} INFO - Sync 1 DAGs
[2025-04-06T22:22:25.423+0000] {logging_mixin.py:190} INFO - [2025-04-06T22:22:25.423+0000] {dag.py:4180} INFO - Setting next_dagrun for tutorial_taskflow_api to None, run_after=None
[2025-04-06T22:22:25.436+0000] {processor.py:208} INFO - Processing /home/airflow/.local/lib/python3.12/site-packages/airflow/example_dags/tutorial_taskflow_api.py took 0.055 seconds
[2025-04-06T22:22:56.123+0000] {processor.py:186} INFO - Started process (PID=887) to work on /home/airflow/.local/lib/python3.12/site-packages/airflow/example_dags/tutorial_taskflow_api.py
[2025-04-06T22:22:56.124+0000] {processor.py:914} INFO - Processing file /home/airflow/.local/lib/python3.12/site-packages/airflow/example_dags/tutorial_taskflow_api.py for tasks to queue
[2025-04-06T22:22:56.126+0000] {logging_mixin.py:190} INFO - [2025-04-06T22:22:56.126+0000] {dagbag.py:588} INFO - Filling up the DagBag from /home/airflow/.local/lib/python3.12/site-packages/airflow/example_dags/tutorial_taskflow_api.py
[2025-04-06T22:22:56.132+0000] {processor.py:925} INFO - DAG(s) 'tutorial_taskflow_api' retrieved from /home/airflow/.local/lib/python3.12/site-packages/airflow/example_dags/tutorial_taskflow_api.py
[2025-04-06T22:22:56.149+0000] {logging_mixin.py:190} INFO - [2025-04-06T22:22:56.149+0000] {dag.py:3239} INFO - Sync 1 DAGs
[2025-04-06T22:22:56.161+0000] {logging_mixin.py:190} INFO - [2025-04-06T22:22:56.161+0000] {dag.py:4180} INFO - Setting next_dagrun for tutorial_taskflow_api to None, run_after=None
[2025-04-06T22:22:56.174+0000] {processor.py:208} INFO - Processing /home/airflow/.local/lib/python3.12/site-packages/airflow/example_dags/tutorial_taskflow_api.py took 0.058 seconds
[2025-04-06T22:23:27.416+0000] {processor.py:186} INFO - Started process (PID=953) to work on /home/airflow/.local/lib/python3.12/site-packages/airflow/example_dags/tutorial_taskflow_api.py
[2025-04-06T22:23:27.417+0000] {processor.py:914} INFO - Processing file /home/airflow/.local/lib/python3.12/site-packages/airflow/example_dags/tutorial_taskflow_api.py for tasks to queue
[2025-04-06T22:23:27.420+0000] {logging_mixin.py:190} INFO - [2025-04-06T22:23:27.419+0000] {dagbag.py:588} INFO - Filling up the DagBag from /home/airflow/.local/lib/python3.12/site-packages/airflow/example_dags/tutorial_taskflow_api.py
[2025-04-06T22:23:27.426+0000] {processor.py:925} INFO - DAG(s) 'tutorial_taskflow_api' retrieved from /home/airflow/.local/lib/python3.12/site-packages/airflow/example_dags/tutorial_taskflow_api.py
[2025-04-06T22:23:27.443+0000] {logging_mixin.py:190} INFO - [2025-04-06T22:23:27.443+0000] {dag.py:3239} INFO - Sync 1 DAGs
[2025-04-06T22:23:27.456+0000] {logging_mixin.py:190} INFO - [2025-04-06T22:23:27.455+0000] {dag.py:4180} INFO - Setting next_dagrun for tutorial_taskflow_api to None, run_after=None
[2025-04-06T22:23:27.470+0000] {processor.py:208} INFO - Processing /home/airflow/.local/lib/python3.12/site-packages/airflow/example_dags/tutorial_taskflow_api.py took 0.063 seconds
[2025-04-06T22:23:58.572+0000] {processor.py:186} INFO - Started process (PID=1018) to work on /home/airflow/.local/lib/python3.12/site-packages/airflow/example_dags/tutorial_taskflow_api.py
[2025-04-06T22:23:58.573+0000] {processor.py:914} INFO - Processing file /home/airflow/.local/lib/python3.12/site-packages/airflow/example_dags/tutorial_taskflow_api.py for tasks to queue
[2025-04-06T22:23:58.574+0000] {logging_mixin.py:190} INFO - [2025-04-06T22:23:58.574+0000] {dagbag.py:588} INFO - Filling up the DagBag from /home/airflow/.local/lib/python3.12/site-packages/airflow/example_dags/tutorial_taskflow_api.py
[2025-04-06T22:23:58.580+0000] {processor.py:925} INFO - DAG(s) 'tutorial_taskflow_api' retrieved from /home/airflow/.local/lib/python3.12/site-packages/airflow/example_dags/tutorial_taskflow_api.py
[2025-04-06T22:23:58.596+0000] {logging_mixin.py:190} INFO - [2025-04-06T22:23:58.596+0000] {dag.py:3239} INFO - Sync 1 DAGs
[2025-04-06T22:23:58.608+0000] {logging_mixin.py:190} INFO - [2025-04-06T22:23:58.608+0000] {dag.py:4180} INFO - Setting next_dagrun for tutorial_taskflow_api to None, run_after=None
[2025-04-06T22:23:58.620+0000] {processor.py:208} INFO - Processing /home/airflow/.local/lib/python3.12/site-packages/airflow/example_dags/tutorial_taskflow_api.py took 0.052 seconds
[2025-04-06T22:24:29.933+0000] {processor.py:186} INFO - Started process (PID=1083) to work on /home/airflow/.local/lib/python3.12/site-packages/airflow/example_dags/tutorial_taskflow_api.py
[2025-04-06T22:24:29.934+0000] {processor.py:914} INFO - Processing file /home/airflow/.local/lib/python3.12/site-packages/airflow/example_dags/tutorial_taskflow_api.py for tasks to queue
[2025-04-06T22:24:29.934+0000] {logging_mixin.py:190} INFO - [2025-04-06T22:24:29.934+0000] {dagbag.py:588} INFO - Filling up the DagBag from /home/airflow/.local/lib/python3.12/site-packages/airflow/example_dags/tutorial_taskflow_api.py
[2025-04-06T22:24:29.941+0000] {processor.py:925} INFO - DAG(s) 'tutorial_taskflow_api' retrieved from /home/airflow/.local/lib/python3.12/site-packages/airflow/example_dags/tutorial_taskflow_api.py
[2025-04-06T22:24:29.960+0000] {logging_mixin.py:190} INFO - [2025-04-06T22:24:29.959+0000] {dag.py:3239} INFO - Sync 1 DAGs
[2025-04-06T22:24:29.974+0000] {logging_mixin.py:190} INFO - [2025-04-06T22:24:29.973+0000] {dag.py:4180} INFO - Setting next_dagrun for tutorial_taskflow_api to None, run_after=None
[2025-04-06T22:24:29.987+0000] {processor.py:208} INFO - Processing /home/airflow/.local/lib/python3.12/site-packages/airflow/example_dags/tutorial_taskflow_api.py took 0.063 seconds
[2025-04-06T22:25:01.052+0000] {processor.py:186} INFO - Started process (PID=1148) to work on /home/airflow/.local/lib/python3.12/site-packages/airflow/example_dags/tutorial_taskflow_api.py
[2025-04-06T22:25:01.053+0000] {processor.py:914} INFO - Processing file /home/airflow/.local/lib/python3.12/site-packages/airflow/example_dags/tutorial_taskflow_api.py for tasks to queue
[2025-04-06T22:25:01.054+0000] {logging_mixin.py:190} INFO - [2025-04-06T22:25:01.054+0000] {dagbag.py:588} INFO - Filling up the DagBag from /home/airflow/.local/lib/python3.12/site-packages/airflow/example_dags/tutorial_taskflow_api.py
[2025-04-06T22:25:01.060+0000] {processor.py:925} INFO - DAG(s) 'tutorial_taskflow_api' retrieved from /home/airflow/.local/lib/python3.12/site-packages/airflow/example_dags/tutorial_taskflow_api.py
[2025-04-06T22:25:01.077+0000] {logging_mixin.py:190} INFO - [2025-04-06T22:25:01.077+0000] {dag.py:3239} INFO - Sync 1 DAGs
[2025-04-06T22:25:01.090+0000] {logging_mixin.py:190} INFO - [2025-04-06T22:25:01.090+0000] {dag.py:4180} INFO - Setting next_dagrun for tutorial_taskflow_api to None, run_after=None
[2025-04-06T22:25:01.104+0000] {processor.py:208} INFO - Processing /home/airflow/.local/lib/python3.12/site-packages/airflow/example_dags/tutorial_taskflow_api.py took 0.056 seconds
[2025-04-06T22:25:32.505+0000] {processor.py:186} INFO - Started process (PID=1213) to work on /home/airflow/.local/lib/python3.12/site-packages/airflow/example_dags/tutorial_taskflow_api.py
[2025-04-06T22:25:32.506+0000] {processor.py:914} INFO - Processing file /home/airflow/.local/lib/python3.12/site-packages/airflow/example_dags/tutorial_taskflow_api.py for tasks to queue
[2025-04-06T22:25:32.508+0000] {logging_mixin.py:190} INFO - [2025-04-06T22:25:32.507+0000] {dagbag.py:588} INFO - Filling up the DagBag from /home/airflow/.local/lib/python3.12/site-packages/airflow/example_dags/tutorial_taskflow_api.py
[2025-04-06T22:25:32.515+0000] {processor.py:925} INFO - DAG(s) 'tutorial_taskflow_api' retrieved from /home/airflow/.local/lib/python3.12/site-packages/airflow/example_dags/tutorial_taskflow_api.py
[2025-04-06T22:25:32.533+0000] {logging_mixin.py:190} INFO - [2025-04-06T22:25:32.533+0000] {dag.py:3239} INFO - Sync 1 DAGs
[2025-04-06T22:25:32.546+0000] {logging_mixin.py:190} INFO - [2025-04-06T22:25:32.546+0000] {dag.py:4180} INFO - Setting next_dagrun for tutorial_taskflow_api to None, run_after=None
[2025-04-06T22:25:32.560+0000] {processor.py:208} INFO - Processing /home/airflow/.local/lib/python3.12/site-packages/airflow/example_dags/tutorial_taskflow_api.py took 0.062 seconds
[2025-04-06T22:26:03.119+0000] {processor.py:186} INFO - Started process (PID=1278) to work on /home/airflow/.local/lib/python3.12/site-packages/airflow/example_dags/tutorial_taskflow_api.py
[2025-04-06T22:26:03.120+0000] {processor.py:914} INFO - Processing file /home/airflow/.local/lib/python3.12/site-packages/airflow/example_dags/tutorial_taskflow_api.py for tasks to queue
[2025-04-06T22:26:03.121+0000] {logging_mixin.py:190} INFO - [2025-04-06T22:26:03.121+0000] {dagbag.py:588} INFO - Filling up the DagBag from /home/airflow/.local/lib/python3.12/site-packages/airflow/example_dags/tutorial_taskflow_api.py
[2025-04-06T22:26:03.129+0000] {processor.py:925} INFO - DAG(s) 'tutorial_taskflow_api' retrieved from /home/airflow/.local/lib/python3.12/site-packages/airflow/example_dags/tutorial_taskflow_api.py
[2025-04-06T22:26:03.148+0000] {logging_mixin.py:190} INFO - [2025-04-06T22:26:03.148+0000] {dag.py:3239} INFO - Sync 1 DAGs
[2025-04-06T22:26:03.164+0000] {logging_mixin.py:190} INFO - [2025-04-06T22:26:03.164+0000] {dag.py:4180} INFO - Setting next_dagrun for tutorial_taskflow_api to None, run_after=None
[2025-04-06T22:26:03.179+0000] {processor.py:208} INFO - Processing /home/airflow/.local/lib/python3.12/site-packages/airflow/example_dags/tutorial_taskflow_api.py took 0.068 seconds
[2025-04-06T22:27:43.049+0000] {processor.py:186} INFO - Started process (PID=109) to work on /home/airflow/.local/lib/python3.12/site-packages/airflow/example_dags/tutorial_taskflow_api.py
[2025-04-06T22:27:43.053+0000] {processor.py:914} INFO - Processing file /home/airflow/.local/lib/python3.12/site-packages/airflow/example_dags/tutorial_taskflow_api.py for tasks to queue
[2025-04-06T22:27:43.057+0000] {logging_mixin.py:190} INFO - [2025-04-06T22:27:43.056+0000] {dagbag.py:588} INFO - Filling up the DagBag from /home/airflow/.local/lib/python3.12/site-packages/airflow/example_dags/tutorial_taskflow_api.py
[2025-04-06T22:27:43.068+0000] {processor.py:925} INFO - DAG(s) 'tutorial_taskflow_api' retrieved from /home/airflow/.local/lib/python3.12/site-packages/airflow/example_dags/tutorial_taskflow_api.py
[2025-04-06T22:27:43.117+0000] {logging_mixin.py:190} INFO - [2025-04-06T22:27:43.116+0000] {dag.py:3239} INFO - Sync 1 DAGs
[2025-04-06T22:27:43.143+0000] {logging_mixin.py:190} INFO - [2025-04-06T22:27:43.143+0000] {dag.py:4180} INFO - Setting next_dagrun for tutorial_taskflow_api to None, run_after=None
[2025-04-06T22:27:43.176+0000] {processor.py:208} INFO - Processing /home/airflow/.local/lib/python3.12/site-packages/airflow/example_dags/tutorial_taskflow_api.py took 0.136 seconds
[2025-04-06T22:28:13.905+0000] {processor.py:186} INFO - Started process (PID=174) to work on /home/airflow/.local/lib/python3.12/site-packages/airflow/example_dags/tutorial_taskflow_api.py
[2025-04-06T22:28:13.905+0000] {processor.py:914} INFO - Processing file /home/airflow/.local/lib/python3.12/site-packages/airflow/example_dags/tutorial_taskflow_api.py for tasks to queue
[2025-04-06T22:28:13.907+0000] {logging_mixin.py:190} INFO - [2025-04-06T22:28:13.907+0000] {dagbag.py:588} INFO - Filling up the DagBag from /home/airflow/.local/lib/python3.12/site-packages/airflow/example_dags/tutorial_taskflow_api.py
[2025-04-06T22:28:13.916+0000] {processor.py:925} INFO - DAG(s) 'tutorial_taskflow_api' retrieved from /home/airflow/.local/lib/python3.12/site-packages/airflow/example_dags/tutorial_taskflow_api.py
[2025-04-06T22:28:13.935+0000] {logging_mixin.py:190} INFO - [2025-04-06T22:28:13.935+0000] {dag.py:3239} INFO - Sync 1 DAGs
[2025-04-06T22:28:13.949+0000] {logging_mixin.py:190} INFO - [2025-04-06T22:28:13.949+0000] {dag.py:4180} INFO - Setting next_dagrun for tutorial_taskflow_api to None, run_after=None
[2025-04-06T22:28:13.964+0000] {processor.py:208} INFO - Processing /home/airflow/.local/lib/python3.12/site-packages/airflow/example_dags/tutorial_taskflow_api.py took 0.063 seconds
[2025-04-06T22:28:44.068+0000] {processor.py:186} INFO - Started process (PID=239) to work on /home/airflow/.local/lib/python3.12/site-packages/airflow/example_dags/tutorial_taskflow_api.py
[2025-04-06T22:28:44.069+0000] {processor.py:914} INFO - Processing file /home/airflow/.local/lib/python3.12/site-packages/airflow/example_dags/tutorial_taskflow_api.py for tasks to queue
[2025-04-06T22:28:44.071+0000] {logging_mixin.py:190} INFO - [2025-04-06T22:28:44.071+0000] {dagbag.py:588} INFO - Filling up the DagBag from /home/airflow/.local/lib/python3.12/site-packages/airflow/example_dags/tutorial_taskflow_api.py
[2025-04-06T22:28:44.076+0000] {processor.py:925} INFO - DAG(s) 'tutorial_taskflow_api' retrieved from /home/airflow/.local/lib/python3.12/site-packages/airflow/example_dags/tutorial_taskflow_api.py
[2025-04-06T22:28:44.095+0000] {logging_mixin.py:190} INFO - [2025-04-06T22:28:44.095+0000] {dag.py:3239} INFO - Sync 1 DAGs
[2025-04-06T22:28:44.108+0000] {logging_mixin.py:190} INFO - [2025-04-06T22:28:44.107+0000] {dag.py:4180} INFO - Setting next_dagrun for tutorial_taskflow_api to None, run_after=None
[2025-04-06T22:28:44.121+0000] {processor.py:208} INFO - Processing /home/airflow/.local/lib/python3.12/site-packages/airflow/example_dags/tutorial_taskflow_api.py took 0.057 seconds
[2025-04-06T22:29:14.248+0000] {processor.py:186} INFO - Started process (PID=303) to work on /home/airflow/.local/lib/python3.12/site-packages/airflow/example_dags/tutorial_taskflow_api.py
[2025-04-06T22:29:14.249+0000] {processor.py:914} INFO - Processing file /home/airflow/.local/lib/python3.12/site-packages/airflow/example_dags/tutorial_taskflow_api.py for tasks to queue
[2025-04-06T22:29:14.252+0000] {logging_mixin.py:190} INFO - [2025-04-06T22:29:14.251+0000] {dagbag.py:588} INFO - Filling up the DagBag from /home/airflow/.local/lib/python3.12/site-packages/airflow/example_dags/tutorial_taskflow_api.py
[2025-04-06T22:29:14.258+0000] {processor.py:925} INFO - DAG(s) 'tutorial_taskflow_api' retrieved from /home/airflow/.local/lib/python3.12/site-packages/airflow/example_dags/tutorial_taskflow_api.py
[2025-04-06T22:29:14.276+0000] {logging_mixin.py:190} INFO - [2025-04-06T22:29:14.276+0000] {dag.py:3239} INFO - Sync 1 DAGs
[2025-04-06T22:29:14.289+0000] {logging_mixin.py:190} INFO - [2025-04-06T22:29:14.289+0000] {dag.py:4180} INFO - Setting next_dagrun for tutorial_taskflow_api to None, run_after=None
[2025-04-06T22:29:14.303+0000] {processor.py:208} INFO - Processing /home/airflow/.local/lib/python3.12/site-packages/airflow/example_dags/tutorial_taskflow_api.py took 0.063 seconds
[2025-04-06T22:29:45.295+0000] {processor.py:186} INFO - Started process (PID=368) to work on /home/airflow/.local/lib/python3.12/site-packages/airflow/example_dags/tutorial_taskflow_api.py
[2025-04-06T22:29:45.296+0000] {processor.py:914} INFO - Processing file /home/airflow/.local/lib/python3.12/site-packages/airflow/example_dags/tutorial_taskflow_api.py for tasks to queue
[2025-04-06T22:29:45.299+0000] {logging_mixin.py:190} INFO - [2025-04-06T22:29:45.299+0000] {dagbag.py:588} INFO - Filling up the DagBag from /home/airflow/.local/lib/python3.12/site-packages/airflow/example_dags/tutorial_taskflow_api.py
[2025-04-06T22:29:45.306+0000] {processor.py:925} INFO - DAG(s) 'tutorial_taskflow_api' retrieved from /home/airflow/.local/lib/python3.12/site-packages/airflow/example_dags/tutorial_taskflow_api.py
[2025-04-06T22:29:45.324+0000] {logging_mixin.py:190} INFO - [2025-04-06T22:29:45.324+0000] {dag.py:3239} INFO - Sync 1 DAGs
[2025-04-06T22:29:45.337+0000] {logging_mixin.py:190} INFO - [2025-04-06T22:29:45.337+0000] {dag.py:4180} INFO - Setting next_dagrun for tutorial_taskflow_api to None, run_after=None
[2025-04-06T22:29:45.349+0000] {processor.py:208} INFO - Processing /home/airflow/.local/lib/python3.12/site-packages/airflow/example_dags/tutorial_taskflow_api.py took 0.061 seconds
[2025-04-06T22:30:15.476+0000] {processor.py:186} INFO - Started process (PID=433) to work on /home/airflow/.local/lib/python3.12/site-packages/airflow/example_dags/tutorial_taskflow_api.py
[2025-04-06T22:30:15.478+0000] {processor.py:914} INFO - Processing file /home/airflow/.local/lib/python3.12/site-packages/airflow/example_dags/tutorial_taskflow_api.py for tasks to queue
[2025-04-06T22:30:15.480+0000] {logging_mixin.py:190} INFO - [2025-04-06T22:30:15.480+0000] {dagbag.py:588} INFO - Filling up the DagBag from /home/airflow/.local/lib/python3.12/site-packages/airflow/example_dags/tutorial_taskflow_api.py
[2025-04-06T22:30:15.487+0000] {processor.py:925} INFO - DAG(s) 'tutorial_taskflow_api' retrieved from /home/airflow/.local/lib/python3.12/site-packages/airflow/example_dags/tutorial_taskflow_api.py
[2025-04-06T22:30:15.505+0000] {logging_mixin.py:190} INFO - [2025-04-06T22:30:15.505+0000] {dag.py:3239} INFO - Sync 1 DAGs
[2025-04-06T22:30:15.517+0000] {logging_mixin.py:190} INFO - [2025-04-06T22:30:15.517+0000] {dag.py:4180} INFO - Setting next_dagrun for tutorial_taskflow_api to None, run_after=None
[2025-04-06T22:30:15.530+0000] {processor.py:208} INFO - Processing /home/airflow/.local/lib/python3.12/site-packages/airflow/example_dags/tutorial_taskflow_api.py took 0.061 seconds
[2025-04-06T22:30:45.633+0000] {processor.py:186} INFO - Started process (PID=497) to work on /home/airflow/.local/lib/python3.12/site-packages/airflow/example_dags/tutorial_taskflow_api.py
[2025-04-06T22:30:45.634+0000] {processor.py:914} INFO - Processing file /home/airflow/.local/lib/python3.12/site-packages/airflow/example_dags/tutorial_taskflow_api.py for tasks to queue
[2025-04-06T22:30:45.637+0000] {logging_mixin.py:190} INFO - [2025-04-06T22:30:45.637+0000] {dagbag.py:588} INFO - Filling up the DagBag from /home/airflow/.local/lib/python3.12/site-packages/airflow/example_dags/tutorial_taskflow_api.py
[2025-04-06T22:30:45.644+0000] {processor.py:925} INFO - DAG(s) 'tutorial_taskflow_api' retrieved from /home/airflow/.local/lib/python3.12/site-packages/airflow/example_dags/tutorial_taskflow_api.py
[2025-04-06T22:30:45.662+0000] {logging_mixin.py:190} INFO - [2025-04-06T22:30:45.662+0000] {dag.py:3239} INFO - Sync 1 DAGs
[2025-04-06T22:30:45.674+0000] {logging_mixin.py:190} INFO - [2025-04-06T22:30:45.674+0000] {dag.py:4180} INFO - Setting next_dagrun for tutorial_taskflow_api to None, run_after=None
[2025-04-06T22:30:45.687+0000] {processor.py:208} INFO - Processing /home/airflow/.local/lib/python3.12/site-packages/airflow/example_dags/tutorial_taskflow_api.py took 0.062 seconds
[2025-04-06T22:31:15.770+0000] {processor.py:186} INFO - Started process (PID=562) to work on /home/airflow/.local/lib/python3.12/site-packages/airflow/example_dags/tutorial_taskflow_api.py
[2025-04-06T22:31:15.771+0000] {processor.py:914} INFO - Processing file /home/airflow/.local/lib/python3.12/site-packages/airflow/example_dags/tutorial_taskflow_api.py for tasks to queue
[2025-04-06T22:31:15.774+0000] {logging_mixin.py:190} INFO - [2025-04-06T22:31:15.774+0000] {dagbag.py:588} INFO - Filling up the DagBag from /home/airflow/.local/lib/python3.12/site-packages/airflow/example_dags/tutorial_taskflow_api.py
[2025-04-06T22:31:15.781+0000] {processor.py:925} INFO - DAG(s) 'tutorial_taskflow_api' retrieved from /home/airflow/.local/lib/python3.12/site-packages/airflow/example_dags/tutorial_taskflow_api.py
[2025-04-06T22:31:15.797+0000] {logging_mixin.py:190} INFO - [2025-04-06T22:31:15.796+0000] {dag.py:3239} INFO - Sync 1 DAGs
[2025-04-06T22:31:15.808+0000] {logging_mixin.py:190} INFO - [2025-04-06T22:31:15.808+0000] {dag.py:4180} INFO - Setting next_dagrun for tutorial_taskflow_api to None, run_after=None
[2025-04-06T22:31:15.820+0000] {processor.py:208} INFO - Processing /home/airflow/.local/lib/python3.12/site-packages/airflow/example_dags/tutorial_taskflow_api.py took 0.058 seconds
[2025-04-06T22:31:45.949+0000] {processor.py:186} INFO - Started process (PID=627) to work on /home/airflow/.local/lib/python3.12/site-packages/airflow/example_dags/tutorial_taskflow_api.py
[2025-04-06T22:31:45.950+0000] {processor.py:914} INFO - Processing file /home/airflow/.local/lib/python3.12/site-packages/airflow/example_dags/tutorial_taskflow_api.py for tasks to queue
[2025-04-06T22:31:45.951+0000] {logging_mixin.py:190} INFO - [2025-04-06T22:31:45.951+0000] {dagbag.py:588} INFO - Filling up the DagBag from /home/airflow/.local/lib/python3.12/site-packages/airflow/example_dags/tutorial_taskflow_api.py
[2025-04-06T22:31:45.957+0000] {processor.py:925} INFO - DAG(s) 'tutorial_taskflow_api' retrieved from /home/airflow/.local/lib/python3.12/site-packages/airflow/example_dags/tutorial_taskflow_api.py
[2025-04-06T22:31:45.973+0000] {logging_mixin.py:190} INFO - [2025-04-06T22:31:45.973+0000] {dag.py:3239} INFO - Sync 1 DAGs
[2025-04-06T22:31:45.984+0000] {logging_mixin.py:190} INFO - [2025-04-06T22:31:45.984+0000] {dag.py:4180} INFO - Setting next_dagrun for tutorial_taskflow_api to None, run_after=None
[2025-04-06T22:31:45.996+0000] {processor.py:208} INFO - Processing /home/airflow/.local/lib/python3.12/site-packages/airflow/example_dags/tutorial_taskflow_api.py took 0.051 seconds
[2025-04-06T22:32:16.564+0000] {processor.py:186} INFO - Started process (PID=692) to work on /home/airflow/.local/lib/python3.12/site-packages/airflow/example_dags/tutorial_taskflow_api.py
[2025-04-06T22:32:16.565+0000] {processor.py:914} INFO - Processing file /home/airflow/.local/lib/python3.12/site-packages/airflow/example_dags/tutorial_taskflow_api.py for tasks to queue
[2025-04-06T22:32:16.568+0000] {logging_mixin.py:190} INFO - [2025-04-06T22:32:16.568+0000] {dagbag.py:588} INFO - Filling up the DagBag from /home/airflow/.local/lib/python3.12/site-packages/airflow/example_dags/tutorial_taskflow_api.py
[2025-04-06T22:32:16.575+0000] {processor.py:925} INFO - DAG(s) 'tutorial_taskflow_api' retrieved from /home/airflow/.local/lib/python3.12/site-packages/airflow/example_dags/tutorial_taskflow_api.py
[2025-04-06T22:32:16.592+0000] {logging_mixin.py:190} INFO - [2025-04-06T22:32:16.592+0000] {dag.py:3239} INFO - Sync 1 DAGs
[2025-04-06T22:32:16.606+0000] {logging_mixin.py:190} INFO - [2025-04-06T22:32:16.605+0000] {dag.py:4180} INFO - Setting next_dagrun for tutorial_taskflow_api to None, run_after=None
[2025-04-06T22:32:16.619+0000] {processor.py:208} INFO - Processing /home/airflow/.local/lib/python3.12/site-packages/airflow/example_dags/tutorial_taskflow_api.py took 0.062 seconds
[2025-04-06T22:32:47.006+0000] {processor.py:186} INFO - Started process (PID=757) to work on /home/airflow/.local/lib/python3.12/site-packages/airflow/example_dags/tutorial_taskflow_api.py
[2025-04-06T22:32:47.007+0000] {processor.py:914} INFO - Processing file /home/airflow/.local/lib/python3.12/site-packages/airflow/example_dags/tutorial_taskflow_api.py for tasks to queue
[2025-04-06T22:32:47.010+0000] {logging_mixin.py:190} INFO - [2025-04-06T22:32:47.010+0000] {dagbag.py:588} INFO - Filling up the DagBag from /home/airflow/.local/lib/python3.12/site-packages/airflow/example_dags/tutorial_taskflow_api.py
[2025-04-06T22:32:47.016+0000] {processor.py:925} INFO - DAG(s) 'tutorial_taskflow_api' retrieved from /home/airflow/.local/lib/python3.12/site-packages/airflow/example_dags/tutorial_taskflow_api.py
[2025-04-06T22:32:47.034+0000] {logging_mixin.py:190} INFO - [2025-04-06T22:32:47.034+0000] {dag.py:3239} INFO - Sync 1 DAGs
[2025-04-06T22:32:47.047+0000] {logging_mixin.py:190} INFO - [2025-04-06T22:32:47.047+0000] {dag.py:4180} INFO - Setting next_dagrun for tutorial_taskflow_api to None, run_after=None
[2025-04-06T22:32:47.059+0000] {processor.py:208} INFO - Processing /home/airflow/.local/lib/python3.12/site-packages/airflow/example_dags/tutorial_taskflow_api.py took 0.060 seconds
[2025-04-06T22:33:17.157+0000] {processor.py:186} INFO - Started process (PID=822) to work on /home/airflow/.local/lib/python3.12/site-packages/airflow/example_dags/tutorial_taskflow_api.py
[2025-04-06T22:33:17.158+0000] {processor.py:914} INFO - Processing file /home/airflow/.local/lib/python3.12/site-packages/airflow/example_dags/tutorial_taskflow_api.py for tasks to queue
[2025-04-06T22:33:17.161+0000] {logging_mixin.py:190} INFO - [2025-04-06T22:33:17.161+0000] {dagbag.py:588} INFO - Filling up the DagBag from /home/airflow/.local/lib/python3.12/site-packages/airflow/example_dags/tutorial_taskflow_api.py
[2025-04-06T22:33:17.168+0000] {processor.py:925} INFO - DAG(s) 'tutorial_taskflow_api' retrieved from /home/airflow/.local/lib/python3.12/site-packages/airflow/example_dags/tutorial_taskflow_api.py
[2025-04-06T22:33:17.185+0000] {logging_mixin.py:190} INFO - [2025-04-06T22:33:17.185+0000] {dag.py:3239} INFO - Sync 1 DAGs
[2025-04-06T22:33:17.197+0000] {logging_mixin.py:190} INFO - [2025-04-06T22:33:17.197+0000] {dag.py:4180} INFO - Setting next_dagrun for tutorial_taskflow_api to None, run_after=None
[2025-04-06T22:33:17.210+0000] {processor.py:208} INFO - Processing /home/airflow/.local/lib/python3.12/site-packages/airflow/example_dags/tutorial_taskflow_api.py took 0.060 seconds
[2025-04-06T22:33:47.295+0000] {processor.py:186} INFO - Started process (PID=887) to work on /home/airflow/.local/lib/python3.12/site-packages/airflow/example_dags/tutorial_taskflow_api.py
[2025-04-06T22:33:47.296+0000] {processor.py:914} INFO - Processing file /home/airflow/.local/lib/python3.12/site-packages/airflow/example_dags/tutorial_taskflow_api.py for tasks to queue
[2025-04-06T22:33:47.298+0000] {logging_mixin.py:190} INFO - [2025-04-06T22:33:47.298+0000] {dagbag.py:588} INFO - Filling up the DagBag from /home/airflow/.local/lib/python3.12/site-packages/airflow/example_dags/tutorial_taskflow_api.py
[2025-04-06T22:33:47.304+0000] {processor.py:925} INFO - DAG(s) 'tutorial_taskflow_api' retrieved from /home/airflow/.local/lib/python3.12/site-packages/airflow/example_dags/tutorial_taskflow_api.py
[2025-04-06T22:33:47.320+0000] {logging_mixin.py:190} INFO - [2025-04-06T22:33:47.320+0000] {dag.py:3239} INFO - Sync 1 DAGs
[2025-04-06T22:33:47.331+0000] {logging_mixin.py:190} INFO - [2025-04-06T22:33:47.331+0000] {dag.py:4180} INFO - Setting next_dagrun for tutorial_taskflow_api to None, run_after=None
[2025-04-06T22:33:47.344+0000] {processor.py:208} INFO - Processing /home/airflow/.local/lib/python3.12/site-packages/airflow/example_dags/tutorial_taskflow_api.py took 0.053 seconds
[2025-04-06T22:34:17.986+0000] {processor.py:186} INFO - Started process (PID=952) to work on /home/airflow/.local/lib/python3.12/site-packages/airflow/example_dags/tutorial_taskflow_api.py
[2025-04-06T22:34:17.986+0000] {processor.py:914} INFO - Processing file /home/airflow/.local/lib/python3.12/site-packages/airflow/example_dags/tutorial_taskflow_api.py for tasks to queue
[2025-04-06T22:34:17.989+0000] {logging_mixin.py:190} INFO - [2025-04-06T22:34:17.988+0000] {dagbag.py:588} INFO - Filling up the DagBag from /home/airflow/.local/lib/python3.12/site-packages/airflow/example_dags/tutorial_taskflow_api.py
[2025-04-06T22:34:17.994+0000] {processor.py:925} INFO - DAG(s) 'tutorial_taskflow_api' retrieved from /home/airflow/.local/lib/python3.12/site-packages/airflow/example_dags/tutorial_taskflow_api.py
[2025-04-06T22:34:18.011+0000] {logging_mixin.py:190} INFO - [2025-04-06T22:34:18.011+0000] {dag.py:3239} INFO - Sync 1 DAGs
[2025-04-06T22:34:18.023+0000] {logging_mixin.py:190} INFO - [2025-04-06T22:34:18.023+0000] {dag.py:4180} INFO - Setting next_dagrun for tutorial_taskflow_api to None, run_after=None
[2025-04-06T22:34:18.036+0000] {processor.py:208} INFO - Processing /home/airflow/.local/lib/python3.12/site-packages/airflow/example_dags/tutorial_taskflow_api.py took 0.057 seconds
[2025-04-06T22:34:48.340+0000] {processor.py:186} INFO - Started process (PID=1017) to work on /home/airflow/.local/lib/python3.12/site-packages/airflow/example_dags/tutorial_taskflow_api.py
[2025-04-06T22:34:48.341+0000] {processor.py:914} INFO - Processing file /home/airflow/.local/lib/python3.12/site-packages/airflow/example_dags/tutorial_taskflow_api.py for tasks to queue
[2025-04-06T22:34:48.342+0000] {logging_mixin.py:190} INFO - [2025-04-06T22:34:48.342+0000] {dagbag.py:588} INFO - Filling up the DagBag from /home/airflow/.local/lib/python3.12/site-packages/airflow/example_dags/tutorial_taskflow_api.py
[2025-04-06T22:34:48.348+0000] {processor.py:925} INFO - DAG(s) 'tutorial_taskflow_api' retrieved from /home/airflow/.local/lib/python3.12/site-packages/airflow/example_dags/tutorial_taskflow_api.py
[2025-04-06T22:34:48.363+0000] {logging_mixin.py:190} INFO - [2025-04-06T22:34:48.363+0000] {dag.py:3239} INFO - Sync 1 DAGs
[2025-04-06T22:34:48.376+0000] {logging_mixin.py:190} INFO - [2025-04-06T22:34:48.376+0000] {dag.py:4180} INFO - Setting next_dagrun for tutorial_taskflow_api to None, run_after=None
[2025-04-06T22:34:48.389+0000] {processor.py:208} INFO - Processing /home/airflow/.local/lib/python3.12/site-packages/airflow/example_dags/tutorial_taskflow_api.py took 0.053 seconds
[2025-04-06T22:35:18.678+0000] {processor.py:186} INFO - Started process (PID=1082) to work on /home/airflow/.local/lib/python3.12/site-packages/airflow/example_dags/tutorial_taskflow_api.py
[2025-04-06T22:35:18.679+0000] {processor.py:914} INFO - Processing file /home/airflow/.local/lib/python3.12/site-packages/airflow/example_dags/tutorial_taskflow_api.py for tasks to queue
[2025-04-06T22:35:18.682+0000] {logging_mixin.py:190} INFO - [2025-04-06T22:35:18.682+0000] {dagbag.py:588} INFO - Filling up the DagBag from /home/airflow/.local/lib/python3.12/site-packages/airflow/example_dags/tutorial_taskflow_api.py
[2025-04-06T22:35:18.689+0000] {processor.py:925} INFO - DAG(s) 'tutorial_taskflow_api' retrieved from /home/airflow/.local/lib/python3.12/site-packages/airflow/example_dags/tutorial_taskflow_api.py
[2025-04-06T22:35:18.706+0000] {logging_mixin.py:190} INFO - [2025-04-06T22:35:18.705+0000] {dag.py:3239} INFO - Sync 1 DAGs
[2025-04-06T22:35:18.718+0000] {logging_mixin.py:190} INFO - [2025-04-06T22:35:18.718+0000] {dag.py:4180} INFO - Setting next_dagrun for tutorial_taskflow_api to None, run_after=None
[2025-04-06T22:35:18.730+0000] {processor.py:208} INFO - Processing /home/airflow/.local/lib/python3.12/site-packages/airflow/example_dags/tutorial_taskflow_api.py took 0.060 seconds
[2025-04-06T22:35:49.333+0000] {processor.py:186} INFO - Started process (PID=1148) to work on /home/airflow/.local/lib/python3.12/site-packages/airflow/example_dags/tutorial_taskflow_api.py
[2025-04-06T22:35:49.334+0000] {processor.py:914} INFO - Processing file /home/airflow/.local/lib/python3.12/site-packages/airflow/example_dags/tutorial_taskflow_api.py for tasks to queue
[2025-04-06T22:35:49.338+0000] {logging_mixin.py:190} INFO - [2025-04-06T22:35:49.337+0000] {dagbag.py:588} INFO - Filling up the DagBag from /home/airflow/.local/lib/python3.12/site-packages/airflow/example_dags/tutorial_taskflow_api.py
[2025-04-06T22:35:49.343+0000] {processor.py:925} INFO - DAG(s) 'tutorial_taskflow_api' retrieved from /home/airflow/.local/lib/python3.12/site-packages/airflow/example_dags/tutorial_taskflow_api.py
[2025-04-06T22:35:49.362+0000] {logging_mixin.py:190} INFO - [2025-04-06T22:35:49.362+0000] {dag.py:3239} INFO - Sync 1 DAGs
[2025-04-06T22:35:49.375+0000] {logging_mixin.py:190} INFO - [2025-04-06T22:35:49.375+0000] {dag.py:4180} INFO - Setting next_dagrun for tutorial_taskflow_api to None, run_after=None
[2025-04-06T22:35:49.389+0000] {processor.py:208} INFO - Processing /home/airflow/.local/lib/python3.12/site-packages/airflow/example_dags/tutorial_taskflow_api.py took 0.063 seconds
[2025-04-06T22:36:19.993+0000] {processor.py:186} INFO - Started process (PID=1213) to work on /home/airflow/.local/lib/python3.12/site-packages/airflow/example_dags/tutorial_taskflow_api.py
[2025-04-06T22:36:19.994+0000] {processor.py:914} INFO - Processing file /home/airflow/.local/lib/python3.12/site-packages/airflow/example_dags/tutorial_taskflow_api.py for tasks to queue
[2025-04-06T22:36:19.997+0000] {logging_mixin.py:190} INFO - [2025-04-06T22:36:19.996+0000] {dagbag.py:588} INFO - Filling up the DagBag from /home/airflow/.local/lib/python3.12/site-packages/airflow/example_dags/tutorial_taskflow_api.py
[2025-04-06T22:36:20.003+0000] {processor.py:925} INFO - DAG(s) 'tutorial_taskflow_api' retrieved from /home/airflow/.local/lib/python3.12/site-packages/airflow/example_dags/tutorial_taskflow_api.py
[2025-04-06T22:36:20.020+0000] {logging_mixin.py:190} INFO - [2025-04-06T22:36:20.019+0000] {dag.py:3239} INFO - Sync 1 DAGs
[2025-04-06T22:36:20.032+0000] {logging_mixin.py:190} INFO - [2025-04-06T22:36:20.032+0000] {dag.py:4180} INFO - Setting next_dagrun for tutorial_taskflow_api to None, run_after=None
[2025-04-06T22:36:20.046+0000] {processor.py:208} INFO - Processing /home/airflow/.local/lib/python3.12/site-packages/airflow/example_dags/tutorial_taskflow_api.py took 0.061 seconds
[2025-04-06T22:36:50.586+0000] {processor.py:186} INFO - Started process (PID=1278) to work on /home/airflow/.local/lib/python3.12/site-packages/airflow/example_dags/tutorial_taskflow_api.py
[2025-04-06T22:36:50.587+0000] {processor.py:914} INFO - Processing file /home/airflow/.local/lib/python3.12/site-packages/airflow/example_dags/tutorial_taskflow_api.py for tasks to queue
[2025-04-06T22:36:50.589+0000] {logging_mixin.py:190} INFO - [2025-04-06T22:36:50.589+0000] {dagbag.py:588} INFO - Filling up the DagBag from /home/airflow/.local/lib/python3.12/site-packages/airflow/example_dags/tutorial_taskflow_api.py
[2025-04-06T22:36:50.595+0000] {processor.py:925} INFO - DAG(s) 'tutorial_taskflow_api' retrieved from /home/airflow/.local/lib/python3.12/site-packages/airflow/example_dags/tutorial_taskflow_api.py
[2025-04-06T22:36:50.615+0000] {logging_mixin.py:190} INFO - [2025-04-06T22:36:50.614+0000] {dag.py:3239} INFO - Sync 1 DAGs
[2025-04-06T22:36:50.628+0000] {logging_mixin.py:190} INFO - [2025-04-06T22:36:50.628+0000] {dag.py:4180} INFO - Setting next_dagrun for tutorial_taskflow_api to None, run_after=None
[2025-04-06T22:36:50.641+0000] {processor.py:208} INFO - Processing /home/airflow/.local/lib/python3.12/site-packages/airflow/example_dags/tutorial_taskflow_api.py took 0.059 seconds
[2025-04-06T22:37:21.243+0000] {processor.py:186} INFO - Started process (PID=1343) to work on /home/airflow/.local/lib/python3.12/site-packages/airflow/example_dags/tutorial_taskflow_api.py
[2025-04-06T22:37:21.244+0000] {processor.py:914} INFO - Processing file /home/airflow/.local/lib/python3.12/site-packages/airflow/example_dags/tutorial_taskflow_api.py for tasks to queue
[2025-04-06T22:37:21.247+0000] {logging_mixin.py:190} INFO - [2025-04-06T22:37:21.246+0000] {dagbag.py:588} INFO - Filling up the DagBag from /home/airflow/.local/lib/python3.12/site-packages/airflow/example_dags/tutorial_taskflow_api.py
[2025-04-06T22:37:21.253+0000] {processor.py:925} INFO - DAG(s) 'tutorial_taskflow_api' retrieved from /home/airflow/.local/lib/python3.12/site-packages/airflow/example_dags/tutorial_taskflow_api.py
[2025-04-06T22:37:21.270+0000] {logging_mixin.py:190} INFO - [2025-04-06T22:37:21.270+0000] {dag.py:3239} INFO - Sync 1 DAGs
[2025-04-06T22:37:21.283+0000] {logging_mixin.py:190} INFO - [2025-04-06T22:37:21.282+0000] {dag.py:4180} INFO - Setting next_dagrun for tutorial_taskflow_api to None, run_after=None
[2025-04-06T22:37:21.296+0000] {processor.py:208} INFO - Processing /home/airflow/.local/lib/python3.12/site-packages/airflow/example_dags/tutorial_taskflow_api.py took 0.060 seconds
[2025-04-06T22:37:51.870+0000] {processor.py:186} INFO - Started process (PID=1408) to work on /home/airflow/.local/lib/python3.12/site-packages/airflow/example_dags/tutorial_taskflow_api.py
[2025-04-06T22:37:51.871+0000] {processor.py:914} INFO - Processing file /home/airflow/.local/lib/python3.12/site-packages/airflow/example_dags/tutorial_taskflow_api.py for tasks to queue
[2025-04-06T22:37:51.874+0000] {logging_mixin.py:190} INFO - [2025-04-06T22:37:51.874+0000] {dagbag.py:588} INFO - Filling up the DagBag from /home/airflow/.local/lib/python3.12/site-packages/airflow/example_dags/tutorial_taskflow_api.py
[2025-04-06T22:37:51.881+0000] {processor.py:925} INFO - DAG(s) 'tutorial_taskflow_api' retrieved from /home/airflow/.local/lib/python3.12/site-packages/airflow/example_dags/tutorial_taskflow_api.py
[2025-04-06T22:37:51.899+0000] {logging_mixin.py:190} INFO - [2025-04-06T22:37:51.899+0000] {dag.py:3239} INFO - Sync 1 DAGs
[2025-04-06T22:37:51.912+0000] {logging_mixin.py:190} INFO - [2025-04-06T22:37:51.912+0000] {dag.py:4180} INFO - Setting next_dagrun for tutorial_taskflow_api to None, run_after=None
[2025-04-06T22:37:51.926+0000] {processor.py:208} INFO - Processing /home/airflow/.local/lib/python3.12/site-packages/airflow/example_dags/tutorial_taskflow_api.py took 0.063 seconds
[2025-04-06T22:38:22.516+0000] {processor.py:186} INFO - Started process (PID=1473) to work on /home/airflow/.local/lib/python3.12/site-packages/airflow/example_dags/tutorial_taskflow_api.py
[2025-04-06T22:38:22.517+0000] {processor.py:914} INFO - Processing file /home/airflow/.local/lib/python3.12/site-packages/airflow/example_dags/tutorial_taskflow_api.py for tasks to queue
[2025-04-06T22:38:22.520+0000] {logging_mixin.py:190} INFO - [2025-04-06T22:38:22.520+0000] {dagbag.py:588} INFO - Filling up the DagBag from /home/airflow/.local/lib/python3.12/site-packages/airflow/example_dags/tutorial_taskflow_api.py
[2025-04-06T22:38:22.527+0000] {processor.py:925} INFO - DAG(s) 'tutorial_taskflow_api' retrieved from /home/airflow/.local/lib/python3.12/site-packages/airflow/example_dags/tutorial_taskflow_api.py
[2025-04-06T22:38:22.542+0000] {logging_mixin.py:190} INFO - [2025-04-06T22:38:22.542+0000] {dag.py:3239} INFO - Sync 1 DAGs
[2025-04-06T22:38:22.554+0000] {logging_mixin.py:190} INFO - [2025-04-06T22:38:22.554+0000] {dag.py:4180} INFO - Setting next_dagrun for tutorial_taskflow_api to None, run_after=None
[2025-04-06T22:38:22.568+0000] {processor.py:208} INFO - Processing /home/airflow/.local/lib/python3.12/site-packages/airflow/example_dags/tutorial_taskflow_api.py took 0.059 seconds
[2025-04-06T22:38:52.918+0000] {processor.py:186} INFO - Started process (PID=1538) to work on /home/airflow/.local/lib/python3.12/site-packages/airflow/example_dags/tutorial_taskflow_api.py
[2025-04-06T22:38:52.921+0000] {processor.py:914} INFO - Processing file /home/airflow/.local/lib/python3.12/site-packages/airflow/example_dags/tutorial_taskflow_api.py for tasks to queue
[2025-04-06T22:38:52.924+0000] {logging_mixin.py:190} INFO - [2025-04-06T22:38:52.924+0000] {dagbag.py:588} INFO - Filling up the DagBag from /home/airflow/.local/lib/python3.12/site-packages/airflow/example_dags/tutorial_taskflow_api.py
[2025-04-06T22:38:52.932+0000] {processor.py:925} INFO - DAG(s) 'tutorial_taskflow_api' retrieved from /home/airflow/.local/lib/python3.12/site-packages/airflow/example_dags/tutorial_taskflow_api.py
[2025-04-06T22:38:52.949+0000] {logging_mixin.py:190} INFO - [2025-04-06T22:38:52.949+0000] {dag.py:3239} INFO - Sync 1 DAGs
[2025-04-06T22:38:52.962+0000] {logging_mixin.py:190} INFO - [2025-04-06T22:38:52.961+0000] {dag.py:4180} INFO - Setting next_dagrun for tutorial_taskflow_api to None, run_after=None
[2025-04-06T22:38:52.975+0000] {processor.py:208} INFO - Processing /home/airflow/.local/lib/python3.12/site-packages/airflow/example_dags/tutorial_taskflow_api.py took 0.064 seconds
[2025-04-06T22:39:23.352+0000] {processor.py:186} INFO - Started process (PID=1603) to work on /home/airflow/.local/lib/python3.12/site-packages/airflow/example_dags/tutorial_taskflow_api.py
[2025-04-06T22:39:23.356+0000] {processor.py:914} INFO - Processing file /home/airflow/.local/lib/python3.12/site-packages/airflow/example_dags/tutorial_taskflow_api.py for tasks to queue
[2025-04-06T22:39:23.359+0000] {logging_mixin.py:190} INFO - [2025-04-06T22:39:23.358+0000] {dagbag.py:588} INFO - Filling up the DagBag from /home/airflow/.local/lib/python3.12/site-packages/airflow/example_dags/tutorial_taskflow_api.py
[2025-04-06T22:39:23.367+0000] {processor.py:925} INFO - DAG(s) 'tutorial_taskflow_api' retrieved from /home/airflow/.local/lib/python3.12/site-packages/airflow/example_dags/tutorial_taskflow_api.py
[2025-04-06T22:39:23.386+0000] {logging_mixin.py:190} INFO - [2025-04-06T22:39:23.386+0000] {dag.py:3239} INFO - Sync 1 DAGs
[2025-04-06T22:39:23.398+0000] {logging_mixin.py:190} INFO - [2025-04-06T22:39:23.398+0000] {dag.py:4180} INFO - Setting next_dagrun for tutorial_taskflow_api to None, run_after=None
[2025-04-06T22:39:23.411+0000] {processor.py:208} INFO - Processing /home/airflow/.local/lib/python3.12/site-packages/airflow/example_dags/tutorial_taskflow_api.py took 0.065 seconds
[2025-04-06T22:39:53.584+0000] {processor.py:186} INFO - Started process (PID=1668) to work on /home/airflow/.local/lib/python3.12/site-packages/airflow/example_dags/tutorial_taskflow_api.py
[2025-04-06T22:39:53.586+0000] {processor.py:914} INFO - Processing file /home/airflow/.local/lib/python3.12/site-packages/airflow/example_dags/tutorial_taskflow_api.py for tasks to queue
[2025-04-06T22:39:53.589+0000] {logging_mixin.py:190} INFO - [2025-04-06T22:39:53.588+0000] {dagbag.py:588} INFO - Filling up the DagBag from /home/airflow/.local/lib/python3.12/site-packages/airflow/example_dags/tutorial_taskflow_api.py
[2025-04-06T22:39:53.595+0000] {processor.py:925} INFO - DAG(s) 'tutorial_taskflow_api' retrieved from /home/airflow/.local/lib/python3.12/site-packages/airflow/example_dags/tutorial_taskflow_api.py
[2025-04-06T22:39:53.614+0000] {logging_mixin.py:190} INFO - [2025-04-06T22:39:53.614+0000] {dag.py:3239} INFO - Sync 1 DAGs
[2025-04-06T22:39:53.626+0000] {logging_mixin.py:190} INFO - [2025-04-06T22:39:53.626+0000] {dag.py:4180} INFO - Setting next_dagrun for tutorial_taskflow_api to None, run_after=None
[2025-04-06T22:39:53.639+0000] {processor.py:208} INFO - Processing /home/airflow/.local/lib/python3.12/site-packages/airflow/example_dags/tutorial_taskflow_api.py took 0.062 seconds
[2025-04-06T22:40:23.747+0000] {processor.py:186} INFO - Started process (PID=1732) to work on /home/airflow/.local/lib/python3.12/site-packages/airflow/example_dags/tutorial_taskflow_api.py
[2025-04-06T22:40:23.750+0000] {processor.py:914} INFO - Processing file /home/airflow/.local/lib/python3.12/site-packages/airflow/example_dags/tutorial_taskflow_api.py for tasks to queue
[2025-04-06T22:40:23.753+0000] {logging_mixin.py:190} INFO - [2025-04-06T22:40:23.753+0000] {dagbag.py:588} INFO - Filling up the DagBag from /home/airflow/.local/lib/python3.12/site-packages/airflow/example_dags/tutorial_taskflow_api.py
[2025-04-06T22:40:23.760+0000] {processor.py:925} INFO - DAG(s) 'tutorial_taskflow_api' retrieved from /home/airflow/.local/lib/python3.12/site-packages/airflow/example_dags/tutorial_taskflow_api.py
[2025-04-06T22:40:23.778+0000] {logging_mixin.py:190} INFO - [2025-04-06T22:40:23.778+0000] {dag.py:3239} INFO - Sync 1 DAGs
[2025-04-06T22:40:23.791+0000] {logging_mixin.py:190} INFO - [2025-04-06T22:40:23.791+0000] {dag.py:4180} INFO - Setting next_dagrun for tutorial_taskflow_api to None, run_after=None
[2025-04-06T22:40:23.804+0000] {processor.py:208} INFO - Processing /home/airflow/.local/lib/python3.12/site-packages/airflow/example_dags/tutorial_taskflow_api.py took 0.064 seconds
[2025-04-06T22:40:54.436+0000] {processor.py:186} INFO - Started process (PID=1798) to work on /home/airflow/.local/lib/python3.12/site-packages/airflow/example_dags/tutorial_taskflow_api.py
[2025-04-06T22:40:54.437+0000] {processor.py:914} INFO - Processing file /home/airflow/.local/lib/python3.12/site-packages/airflow/example_dags/tutorial_taskflow_api.py for tasks to queue
[2025-04-06T22:40:54.439+0000] {logging_mixin.py:190} INFO - [2025-04-06T22:40:54.439+0000] {dagbag.py:588} INFO - Filling up the DagBag from /home/airflow/.local/lib/python3.12/site-packages/airflow/example_dags/tutorial_taskflow_api.py
[2025-04-06T22:40:54.445+0000] {processor.py:925} INFO - DAG(s) 'tutorial_taskflow_api' retrieved from /home/airflow/.local/lib/python3.12/site-packages/airflow/example_dags/tutorial_taskflow_api.py
[2025-04-06T22:40:54.464+0000] {logging_mixin.py:190} INFO - [2025-04-06T22:40:54.464+0000] {dag.py:3239} INFO - Sync 1 DAGs
[2025-04-06T22:40:54.658+0000] {logging_mixin.py:190} INFO - [2025-04-06T22:40:54.658+0000] {dag.py:4180} INFO - Setting next_dagrun for tutorial_taskflow_api to None, run_after=None
[2025-04-06T22:40:54.672+0000] {processor.py:208} INFO - Processing /home/airflow/.local/lib/python3.12/site-packages/airflow/example_dags/tutorial_taskflow_api.py took 0.241 seconds
[2025-04-06T22:41:25.456+0000] {processor.py:186} INFO - Started process (PID=1863) to work on /home/airflow/.local/lib/python3.12/site-packages/airflow/example_dags/tutorial_taskflow_api.py
[2025-04-06T22:41:25.457+0000] {processor.py:914} INFO - Processing file /home/airflow/.local/lib/python3.12/site-packages/airflow/example_dags/tutorial_taskflow_api.py for tasks to queue
[2025-04-06T22:41:25.461+0000] {logging_mixin.py:190} INFO - [2025-04-06T22:41:25.461+0000] {dagbag.py:588} INFO - Filling up the DagBag from /home/airflow/.local/lib/python3.12/site-packages/airflow/example_dags/tutorial_taskflow_api.py
[2025-04-06T22:41:25.468+0000] {processor.py:925} INFO - DAG(s) 'tutorial_taskflow_api' retrieved from /home/airflow/.local/lib/python3.12/site-packages/airflow/example_dags/tutorial_taskflow_api.py
[2025-04-06T22:41:25.487+0000] {logging_mixin.py:190} INFO - [2025-04-06T22:41:25.486+0000] {dag.py:3239} INFO - Sync 1 DAGs
[2025-04-06T22:41:25.500+0000] {logging_mixin.py:190} INFO - [2025-04-06T22:41:25.499+0000] {dag.py:4180} INFO - Setting next_dagrun for tutorial_taskflow_api to None, run_after=None
[2025-04-06T22:41:25.513+0000] {processor.py:208} INFO - Processing /home/airflow/.local/lib/python3.12/site-packages/airflow/example_dags/tutorial_taskflow_api.py took 0.065 seconds
[2025-04-06T22:41:56.761+0000] {processor.py:186} INFO - Started process (PID=1928) to work on /home/airflow/.local/lib/python3.12/site-packages/airflow/example_dags/tutorial_taskflow_api.py
[2025-04-06T22:41:56.764+0000] {processor.py:914} INFO - Processing file /home/airflow/.local/lib/python3.12/site-packages/airflow/example_dags/tutorial_taskflow_api.py for tasks to queue
[2025-04-06T22:41:56.768+0000] {logging_mixin.py:190} INFO - [2025-04-06T22:41:56.767+0000] {dagbag.py:588} INFO - Filling up the DagBag from /home/airflow/.local/lib/python3.12/site-packages/airflow/example_dags/tutorial_taskflow_api.py
[2025-04-06T22:41:56.775+0000] {processor.py:925} INFO - DAG(s) 'tutorial_taskflow_api' retrieved from /home/airflow/.local/lib/python3.12/site-packages/airflow/example_dags/tutorial_taskflow_api.py
[2025-04-06T22:41:56.794+0000] {logging_mixin.py:190} INFO - [2025-04-06T22:41:56.794+0000] {dag.py:3239} INFO - Sync 1 DAGs
[2025-04-06T22:41:56.808+0000] {logging_mixin.py:190} INFO - [2025-04-06T22:41:56.808+0000] {dag.py:4180} INFO - Setting next_dagrun for tutorial_taskflow_api to None, run_after=None
[2025-04-06T22:41:56.822+0000] {processor.py:208} INFO - Processing /home/airflow/.local/lib/python3.12/site-packages/airflow/example_dags/tutorial_taskflow_api.py took 0.069 seconds
[2025-04-06T22:42:27.250+0000] {processor.py:186} INFO - Started process (PID=1993) to work on /home/airflow/.local/lib/python3.12/site-packages/airflow/example_dags/tutorial_taskflow_api.py
[2025-04-06T22:42:27.251+0000] {processor.py:914} INFO - Processing file /home/airflow/.local/lib/python3.12/site-packages/airflow/example_dags/tutorial_taskflow_api.py for tasks to queue
[2025-04-06T22:42:27.255+0000] {logging_mixin.py:190} INFO - [2025-04-06T22:42:27.255+0000] {dagbag.py:588} INFO - Filling up the DagBag from /home/airflow/.local/lib/python3.12/site-packages/airflow/example_dags/tutorial_taskflow_api.py
[2025-04-06T22:42:27.463+0000] {processor.py:925} INFO - DAG(s) 'tutorial_taskflow_api' retrieved from /home/airflow/.local/lib/python3.12/site-packages/airflow/example_dags/tutorial_taskflow_api.py
[2025-04-06T22:42:27.480+0000] {logging_mixin.py:190} INFO - [2025-04-06T22:42:27.480+0000] {dag.py:3239} INFO - Sync 1 DAGs
[2025-04-06T22:42:27.491+0000] {logging_mixin.py:190} INFO - [2025-04-06T22:42:27.491+0000] {dag.py:4180} INFO - Setting next_dagrun for tutorial_taskflow_api to None, run_after=None
[2025-04-06T22:42:27.503+0000] {processor.py:208} INFO - Processing /home/airflow/.local/lib/python3.12/site-packages/airflow/example_dags/tutorial_taskflow_api.py took 0.260 seconds
[2025-04-06T22:42:58.457+0000] {processor.py:186} INFO - Started process (PID=2058) to work on /home/airflow/.local/lib/python3.12/site-packages/airflow/example_dags/tutorial_taskflow_api.py
[2025-04-06T22:42:58.460+0000] {processor.py:914} INFO - Processing file /home/airflow/.local/lib/python3.12/site-packages/airflow/example_dags/tutorial_taskflow_api.py for tasks to queue
[2025-04-06T22:42:58.464+0000] {logging_mixin.py:190} INFO - [2025-04-06T22:42:58.463+0000] {dagbag.py:588} INFO - Filling up the DagBag from /home/airflow/.local/lib/python3.12/site-packages/airflow/example_dags/tutorial_taskflow_api.py
[2025-04-06T22:42:58.472+0000] {processor.py:925} INFO - DAG(s) 'tutorial_taskflow_api' retrieved from /home/airflow/.local/lib/python3.12/site-packages/airflow/example_dags/tutorial_taskflow_api.py
[2025-04-06T22:42:58.489+0000] {logging_mixin.py:190} INFO - [2025-04-06T22:42:58.489+0000] {dag.py:3239} INFO - Sync 1 DAGs
[2025-04-06T22:42:58.501+0000] {logging_mixin.py:190} INFO - [2025-04-06T22:42:58.501+0000] {dag.py:4180} INFO - Setting next_dagrun for tutorial_taskflow_api to None, run_after=None
[2025-04-06T22:42:58.514+0000] {processor.py:208} INFO - Processing /home/airflow/.local/lib/python3.12/site-packages/airflow/example_dags/tutorial_taskflow_api.py took 0.065 seconds
[2025-04-06T22:43:28.970+0000] {processor.py:186} INFO - Started process (PID=2124) to work on /home/airflow/.local/lib/python3.12/site-packages/airflow/example_dags/tutorial_taskflow_api.py
[2025-04-06T22:43:28.971+0000] {processor.py:914} INFO - Processing file /home/airflow/.local/lib/python3.12/site-packages/airflow/example_dags/tutorial_taskflow_api.py for tasks to queue
[2025-04-06T22:43:28.974+0000] {logging_mixin.py:190} INFO - [2025-04-06T22:43:28.974+0000] {dagbag.py:588} INFO - Filling up the DagBag from /home/airflow/.local/lib/python3.12/site-packages/airflow/example_dags/tutorial_taskflow_api.py
[2025-04-06T22:43:28.980+0000] {processor.py:925} INFO - DAG(s) 'tutorial_taskflow_api' retrieved from /home/airflow/.local/lib/python3.12/site-packages/airflow/example_dags/tutorial_taskflow_api.py
[2025-04-06T22:43:28.998+0000] {logging_mixin.py:190} INFO - [2025-04-06T22:43:28.998+0000] {dag.py:3239} INFO - Sync 1 DAGs
[2025-04-06T22:43:29.010+0000] {logging_mixin.py:190} INFO - [2025-04-06T22:43:29.010+0000] {dag.py:4180} INFO - Setting next_dagrun for tutorial_taskflow_api to None, run_after=None
[2025-04-06T22:43:29.023+0000] {processor.py:208} INFO - Processing /home/airflow/.local/lib/python3.12/site-packages/airflow/example_dags/tutorial_taskflow_api.py took 0.061 seconds
[2025-04-06T22:43:59.448+0000] {processor.py:186} INFO - Started process (PID=2189) to work on /home/airflow/.local/lib/python3.12/site-packages/airflow/example_dags/tutorial_taskflow_api.py
[2025-04-06T22:43:59.449+0000] {processor.py:914} INFO - Processing file /home/airflow/.local/lib/python3.12/site-packages/airflow/example_dags/tutorial_taskflow_api.py for tasks to queue
[2025-04-06T22:43:59.451+0000] {logging_mixin.py:190} INFO - [2025-04-06T22:43:59.451+0000] {dagbag.py:588} INFO - Filling up the DagBag from /home/airflow/.local/lib/python3.12/site-packages/airflow/example_dags/tutorial_taskflow_api.py
[2025-04-06T22:43:59.459+0000] {processor.py:925} INFO - DAG(s) 'tutorial_taskflow_api' retrieved from /home/airflow/.local/lib/python3.12/site-packages/airflow/example_dags/tutorial_taskflow_api.py
[2025-04-06T22:43:59.485+0000] {logging_mixin.py:190} INFO - [2025-04-06T22:43:59.484+0000] {dag.py:3239} INFO - Sync 1 DAGs
[2025-04-06T22:43:59.502+0000] {logging_mixin.py:190} INFO - [2025-04-06T22:43:59.502+0000] {dag.py:4180} INFO - Setting next_dagrun for tutorial_taskflow_api to None, run_after=None
[2025-04-06T22:43:59.523+0000] {processor.py:208} INFO - Processing /home/airflow/.local/lib/python3.12/site-packages/airflow/example_dags/tutorial_taskflow_api.py took 0.082 seconds
[2025-04-06T22:44:29.993+0000] {processor.py:186} INFO - Started process (PID=2254) to work on /home/airflow/.local/lib/python3.12/site-packages/airflow/example_dags/tutorial_taskflow_api.py
[2025-04-06T22:44:29.994+0000] {processor.py:914} INFO - Processing file /home/airflow/.local/lib/python3.12/site-packages/airflow/example_dags/tutorial_taskflow_api.py for tasks to queue
[2025-04-06T22:44:29.997+0000] {logging_mixin.py:190} INFO - [2025-04-06T22:44:29.997+0000] {dagbag.py:588} INFO - Filling up the DagBag from /home/airflow/.local/lib/python3.12/site-packages/airflow/example_dags/tutorial_taskflow_api.py
[2025-04-06T22:44:30.004+0000] {processor.py:925} INFO - DAG(s) 'tutorial_taskflow_api' retrieved from /home/airflow/.local/lib/python3.12/site-packages/airflow/example_dags/tutorial_taskflow_api.py
[2025-04-06T22:44:30.023+0000] {logging_mixin.py:190} INFO - [2025-04-06T22:44:30.023+0000] {dag.py:3239} INFO - Sync 1 DAGs
[2025-04-06T22:44:30.035+0000] {logging_mixin.py:190} INFO - [2025-04-06T22:44:30.035+0000] {dag.py:4180} INFO - Setting next_dagrun for tutorial_taskflow_api to None, run_after=None
[2025-04-06T22:44:30.047+0000] {processor.py:208} INFO - Processing /home/airflow/.local/lib/python3.12/site-packages/airflow/example_dags/tutorial_taskflow_api.py took 0.062 seconds
