[2025-04-07T12:41:56.546+0000] {local_task_job_runner.py:123} INFO - ::group::Pre task execution logs
[2025-04-07T12:41:56.564+0000] {taskinstance.py:2614} INFO - Dependencies all met for dep_context=non-requeueable deps ti=<TaskInstance: meta_ads_elt_pipeline.airbyte_sync.monitor_sync_status manual__2025-04-07T12:41:49.641640+00:00 [queued]>
[2025-04-07T12:41:56.572+0000] {taskinstance.py:2614} INFO - Dependencies all met for dep_context=requeueable deps ti=<TaskInstance: meta_ads_elt_pipeline.airbyte_sync.monitor_sync_status manual__2025-04-07T12:41:49.641640+00:00 [queued]>
[2025-04-07T12:41:56.572+0000] {taskinstance.py:2867} INFO - Starting attempt 1 of 3
[2025-04-07T12:41:56.582+0000] {taskinstance.py:2890} INFO - Executing <Task(HttpSensor): airbyte_sync.monitor_sync_status> on 2025-04-07 12:41:49.641640+00:00
[2025-04-07T12:41:56.598+0000] {standard_task_runner.py:104} INFO - Running: ['***', 'tasks', 'run', 'meta_ads_elt_pipeline', 'airbyte_sync.monitor_sync_status', 'manual__2025-04-07T12:41:49.641640+00:00', '--job-id', '141', '--raw', '--subdir', 'DAGS_FOLDER/meta_ads_dag.py', '--cfg-path', '/tmp/tmp8r3je2b5']
[2025-04-07T12:41:56.599+0000] {standard_task_runner.py:105} INFO - Job 141: Subtask airbyte_sync.monitor_sync_status
[2025-04-07T12:41:56.597+0000] {warnings.py:112} WARNING - /home/***/.local/lib/python3.12/site-packages/***/task/task_runner/standard_task_runner.py:70: DeprecationWarning: This process (pid=6581) is multi-threaded, use of fork() may lead to deadlocks in the child.
  pid = os.fork()

[2025-04-07T12:41:56.600+0000] {standard_task_runner.py:72} INFO - Started process 6583 to run task
[2025-04-07T12:41:56.637+0000] {task_command.py:467} INFO - Running <TaskInstance: meta_ads_elt_pipeline.airbyte_sync.monitor_sync_status manual__2025-04-07T12:41:49.641640+00:00 [running]> on host ffa99f2ae5fe
[2025-04-07T12:41:56.714+0000] {taskinstance.py:3134} INFO - Exporting env vars: AIRFLOW_CTX_DAG_OWNER='admin' AIRFLOW_CTX_DAG_ID='meta_ads_elt_pipeline' AIRFLOW_CTX_TASK_ID='airbyte_sync.monitor_sync_status' AIRFLOW_CTX_EXECUTION_DATE='2025-04-07T12:41:49.641640+00:00' AIRFLOW_CTX_TRY_NUMBER='1' AIRFLOW_CTX_DAG_RUN_ID='manual__2025-04-07T12:41:49.641640+00:00'
[2025-04-07T12:41:56.715+0000] {logging_mixin.py:190} INFO - Task instance is in running state
[2025-04-07T12:41:56.715+0000] {logging_mixin.py:190} INFO -  Previous state of the Task instance: queued
[2025-04-07T12:41:56.716+0000] {logging_mixin.py:190} INFO - Current task name:airbyte_sync.monitor_sync_status state:running start_date:2025-04-07 12:41:56.564361+00:00
[2025-04-07T12:41:56.716+0000] {logging_mixin.py:190} INFO - Dag name:meta_ads_elt_pipeline and current dag run status:running
[2025-04-07T12:41:56.716+0000] {taskinstance.py:732} INFO - ::endgroup::
[2025-04-07T12:41:56.716+0000] {baseoperator.py:423} WARNING - HttpSensor.execute cannot be called outside TaskInstance!
[2025-04-07T12:41:56.723+0000] {http.py:145} INFO - Poking: /api/public/v1/jobs/207
[2025-04-07T12:41:56.730+0000] {base.py:84} INFO - Retrieving connection 'airbyte'
[2025-04-07T12:41:56.768+0000] {taskinstance.py:310} INFO - Rescheduling task, marking task as UP_FOR_RESCHEDULE
[2025-04-07T12:41:56.768+0000] {taskinstance.py:341} INFO - ::group::Post task execution logs
[2025-04-07T12:41:56.814+0000] {local_task_job_runner.py:266} INFO - Task exited with return code 0
[2025-04-07T12:41:56.849+0000] {taskinstance.py:3901} INFO - 0 downstream tasks scheduled from follow-on schedule check
[2025-04-07T12:41:56.850+0000] {local_task_job_runner.py:245} INFO - ::endgroup::
[2025-04-07T12:42:58.103+0000] {local_task_job_runner.py:123} INFO - ::group::Pre task execution logs
[2025-04-07T12:42:58.123+0000] {taskinstance.py:2614} INFO - Dependencies all met for dep_context=non-requeueable deps ti=<TaskInstance: meta_ads_elt_pipeline.airbyte_sync.monitor_sync_status manual__2025-04-07T12:41:49.641640+00:00 [queued]>
[2025-04-07T12:42:58.130+0000] {taskinstance.py:2614} INFO - Dependencies all met for dep_context=requeueable deps ti=<TaskInstance: meta_ads_elt_pipeline.airbyte_sync.monitor_sync_status manual__2025-04-07T12:41:49.641640+00:00 [queued]>
[2025-04-07T12:42:58.130+0000] {taskinstance.py:2867} INFO - Starting attempt 1 of 3
[2025-04-07T12:42:58.140+0000] {taskinstance.py:2890} INFO - Executing <Task(HttpSensor): airbyte_sync.monitor_sync_status> on 2025-04-07 12:41:49.641640+00:00
[2025-04-07T12:42:58.152+0000] {warnings.py:112} WARNING - /home/***/.local/lib/python3.12/site-packages/***/task/task_runner/standard_task_runner.py:70: DeprecationWarning: This process (pid=6633) is multi-threaded, use of fork() may lead to deadlocks in the child.
  pid = os.fork()

[2025-04-07T12:42:58.153+0000] {standard_task_runner.py:72} INFO - Started process 6635 to run task
[2025-04-07T12:42:58.155+0000] {standard_task_runner.py:104} INFO - Running: ['***', 'tasks', 'run', 'meta_ads_elt_pipeline', 'airbyte_sync.monitor_sync_status', 'manual__2025-04-07T12:41:49.641640+00:00', '--job-id', '142', '--raw', '--subdir', 'DAGS_FOLDER/meta_ads_dag.py', '--cfg-path', '/tmp/tmpr0jl_qf_']
[2025-04-07T12:42:58.157+0000] {standard_task_runner.py:105} INFO - Job 142: Subtask airbyte_sync.monitor_sync_status
[2025-04-07T12:42:58.207+0000] {task_command.py:467} INFO - Running <TaskInstance: meta_ads_elt_pipeline.airbyte_sync.monitor_sync_status manual__2025-04-07T12:41:49.641640+00:00 [running]> on host ffa99f2ae5fe
[2025-04-07T12:42:58.291+0000] {taskinstance.py:3134} INFO - Exporting env vars: AIRFLOW_CTX_DAG_OWNER='admin' AIRFLOW_CTX_DAG_ID='meta_ads_elt_pipeline' AIRFLOW_CTX_TASK_ID='airbyte_sync.monitor_sync_status' AIRFLOW_CTX_EXECUTION_DATE='2025-04-07T12:41:49.641640+00:00' AIRFLOW_CTX_TRY_NUMBER='1' AIRFLOW_CTX_DAG_RUN_ID='manual__2025-04-07T12:41:49.641640+00:00'
[2025-04-07T12:42:58.293+0000] {logging_mixin.py:190} INFO - Task instance is in running state
[2025-04-07T12:42:58.293+0000] {logging_mixin.py:190} INFO -  Previous state of the Task instance: queued
[2025-04-07T12:42:58.293+0000] {logging_mixin.py:190} INFO - Current task name:airbyte_sync.monitor_sync_status state:running start_date:2025-04-07 12:42:58.123641+00:00
[2025-04-07T12:42:58.294+0000] {logging_mixin.py:190} INFO - Dag name:meta_ads_elt_pipeline and current dag run status:running
[2025-04-07T12:42:58.294+0000] {taskinstance.py:732} INFO - ::endgroup::
[2025-04-07T12:42:58.294+0000] {baseoperator.py:423} WARNING - HttpSensor.execute cannot be called outside TaskInstance!
[2025-04-07T12:42:58.303+0000] {http.py:145} INFO - Poking: /api/public/v1/jobs/207
[2025-04-07T12:42:58.310+0000] {base.py:84} INFO - Retrieving connection 'airbyte'
[2025-04-07T12:42:58.330+0000] {base.py:339} INFO - Success criteria met. Exiting.
[2025-04-07T12:42:58.338+0000] {taskinstance.py:341} INFO - ::group::Post task execution logs
[2025-04-07T12:42:58.338+0000] {taskinstance.py:353} INFO - Marking task as SUCCESS. dag_id=meta_ads_elt_pipeline, task_id=airbyte_sync.monitor_sync_status, run_id=manual__2025-04-07T12:41:49.641640+00:00, execution_date=20250407T124149, start_date=20250407T124258, end_date=20250407T124258
[2025-04-07T12:42:58.359+0000] {logging_mixin.py:190} INFO - Task instance in success state
[2025-04-07T12:42:58.359+0000] {logging_mixin.py:190} INFO -  Previous state of the Task instance: running
[2025-04-07T12:42:58.359+0000] {logging_mixin.py:190} INFO - Dag name:meta_ads_elt_pipeline queued_at:2025-04-07 12:41:49.651139+00:00
[2025-04-07T12:42:58.359+0000] {logging_mixin.py:190} INFO - Task hostname:ffa99f2ae5fe operator:HttpSensor
[2025-04-07T12:42:58.407+0000] {local_task_job_runner.py:266} INFO - Task exited with return code 0
[2025-04-07T12:42:58.438+0000] {taskinstance.py:3901} INFO - 2 downstream tasks scheduled from follow-on schedule check
[2025-04-07T12:42:58.440+0000] {local_task_job_runner.py:245} INFO - ::endgroup::
