[2025-04-07T00:01:49.946+0000] {processor.py:186} INFO - Started process (PID=134) to work on /home/airflow/.local/lib/python3.12/site-packages/airflow/example_dags/example_sla_dag.py
[2025-04-07T00:01:49.947+0000] {processor.py:914} INFO - Processing file /home/airflow/.local/lib/python3.12/site-packages/airflow/example_dags/example_sla_dag.py for tasks to queue
[2025-04-07T00:01:49.950+0000] {logging_mixin.py:190} INFO - [2025-04-07T00:01:49.949+0000] {dagbag.py:588} INFO - Filling up the DagBag from /home/airflow/.local/lib/python3.12/site-packages/airflow/example_dags/example_sla_dag.py
[2025-04-07T00:01:49.958+0000] {processor.py:925} INFO - DAG(s) 'example_sla_dag' retrieved from /home/airflow/.local/lib/python3.12/site-packages/airflow/example_dags/example_sla_dag.py
[2025-04-07T00:01:49.975+0000] {logging_mixin.py:190} INFO - [2025-04-07T00:01:49.975+0000] {dag.py:3239} INFO - Sync 1 DAGs
[2025-04-07T00:01:49.999+0000] {logging_mixin.py:190} INFO - [2025-04-07T00:01:49.999+0000] {dag.py:4180} INFO - Setting next_dagrun for example_sla_dag to 2025-04-06 23:58:00+00:00, run_after=2025-04-07 00:00:00+00:00
[2025-04-07T00:01:50.015+0000] {processor.py:208} INFO - Processing /home/airflow/.local/lib/python3.12/site-packages/airflow/example_dags/example_sla_dag.py took 0.073 seconds
[2025-04-07T00:02:20.902+0000] {processor.py:186} INFO - Started process (PID=199) to work on /home/airflow/.local/lib/python3.12/site-packages/airflow/example_dags/example_sla_dag.py
[2025-04-07T00:02:20.902+0000] {processor.py:914} INFO - Processing file /home/airflow/.local/lib/python3.12/site-packages/airflow/example_dags/example_sla_dag.py for tasks to queue
[2025-04-07T00:02:20.905+0000] {logging_mixin.py:190} INFO - [2025-04-07T00:02:20.904+0000] {dagbag.py:588} INFO - Filling up the DagBag from /home/airflow/.local/lib/python3.12/site-packages/airflow/example_dags/example_sla_dag.py
[2025-04-07T00:02:20.914+0000] {processor.py:925} INFO - DAG(s) 'example_sla_dag' retrieved from /home/airflow/.local/lib/python3.12/site-packages/airflow/example_dags/example_sla_dag.py
[2025-04-07T00:02:20.936+0000] {logging_mixin.py:190} INFO - [2025-04-07T00:02:20.936+0000] {dag.py:3239} INFO - Sync 1 DAGs
[2025-04-07T00:02:20.962+0000] {logging_mixin.py:190} INFO - [2025-04-07T00:02:20.961+0000] {dag.py:4180} INFO - Setting next_dagrun for example_sla_dag to 2025-04-07 00:00:00+00:00, run_after=2025-04-07 00:02:00+00:00
[2025-04-07T00:02:20.980+0000] {processor.py:208} INFO - Processing /home/airflow/.local/lib/python3.12/site-packages/airflow/example_dags/example_sla_dag.py took 0.084 seconds
[2025-04-07T00:02:51.807+0000] {processor.py:186} INFO - Started process (PID=264) to work on /home/airflow/.local/lib/python3.12/site-packages/airflow/example_dags/example_sla_dag.py
[2025-04-07T00:02:51.808+0000] {processor.py:914} INFO - Processing file /home/airflow/.local/lib/python3.12/site-packages/airflow/example_dags/example_sla_dag.py for tasks to queue
[2025-04-07T00:02:51.810+0000] {logging_mixin.py:190} INFO - [2025-04-07T00:02:51.810+0000] {dagbag.py:588} INFO - Filling up the DagBag from /home/airflow/.local/lib/python3.12/site-packages/airflow/example_dags/example_sla_dag.py
[2025-04-07T00:02:51.818+0000] {processor.py:925} INFO - DAG(s) 'example_sla_dag' retrieved from /home/airflow/.local/lib/python3.12/site-packages/airflow/example_dags/example_sla_dag.py
[2025-04-07T00:02:51.837+0000] {logging_mixin.py:190} INFO - [2025-04-07T00:02:51.836+0000] {dag.py:3239} INFO - Sync 1 DAGs
[2025-04-07T00:02:51.859+0000] {logging_mixin.py:190} INFO - [2025-04-07T00:02:51.859+0000] {dag.py:4180} INFO - Setting next_dagrun for example_sla_dag to 2025-04-07 00:00:00+00:00, run_after=2025-04-07 00:02:00+00:00
[2025-04-07T00:02:51.873+0000] {processor.py:208} INFO - Processing /home/airflow/.local/lib/python3.12/site-packages/airflow/example_dags/example_sla_dag.py took 0.074 seconds
[2025-04-07T00:03:22.285+0000] {processor.py:186} INFO - Started process (PID=329) to work on /home/airflow/.local/lib/python3.12/site-packages/airflow/example_dags/example_sla_dag.py
[2025-04-07T00:03:22.286+0000] {processor.py:914} INFO - Processing file /home/airflow/.local/lib/python3.12/site-packages/airflow/example_dags/example_sla_dag.py for tasks to queue
[2025-04-07T00:03:22.288+0000] {logging_mixin.py:190} INFO - [2025-04-07T00:03:22.288+0000] {dagbag.py:588} INFO - Filling up the DagBag from /home/airflow/.local/lib/python3.12/site-packages/airflow/example_dags/example_sla_dag.py
[2025-04-07T00:03:22.296+0000] {processor.py:925} INFO - DAG(s) 'example_sla_dag' retrieved from /home/airflow/.local/lib/python3.12/site-packages/airflow/example_dags/example_sla_dag.py
[2025-04-07T00:03:22.314+0000] {logging_mixin.py:190} INFO - [2025-04-07T00:03:22.314+0000] {dag.py:3239} INFO - Sync 1 DAGs
[2025-04-07T00:03:22.335+0000] {logging_mixin.py:190} INFO - [2025-04-07T00:03:22.335+0000] {dag.py:4180} INFO - Setting next_dagrun for example_sla_dag to 2025-04-07 00:00:00+00:00, run_after=2025-04-07 00:02:00+00:00
[2025-04-07T00:03:22.347+0000] {processor.py:208} INFO - Processing /home/airflow/.local/lib/python3.12/site-packages/airflow/example_dags/example_sla_dag.py took 0.071 seconds
[2025-04-07T00:03:52.700+0000] {processor.py:186} INFO - Started process (PID=394) to work on /home/airflow/.local/lib/python3.12/site-packages/airflow/example_dags/example_sla_dag.py
[2025-04-07T00:03:52.703+0000] {processor.py:914} INFO - Processing file /home/airflow/.local/lib/python3.12/site-packages/airflow/example_dags/example_sla_dag.py for tasks to queue
[2025-04-07T00:03:52.706+0000] {logging_mixin.py:190} INFO - [2025-04-07T00:03:52.706+0000] {dagbag.py:588} INFO - Filling up the DagBag from /home/airflow/.local/lib/python3.12/site-packages/airflow/example_dags/example_sla_dag.py
[2025-04-07T00:03:52.715+0000] {processor.py:925} INFO - DAG(s) 'example_sla_dag' retrieved from /home/airflow/.local/lib/python3.12/site-packages/airflow/example_dags/example_sla_dag.py
[2025-04-07T00:03:52.733+0000] {logging_mixin.py:190} INFO - [2025-04-07T00:03:52.733+0000] {dag.py:3239} INFO - Sync 1 DAGs
[2025-04-07T00:03:52.756+0000] {logging_mixin.py:190} INFO - [2025-04-07T00:03:52.756+0000] {dag.py:4180} INFO - Setting next_dagrun for example_sla_dag to 2025-04-07 00:00:00+00:00, run_after=2025-04-07 00:02:00+00:00
[2025-04-07T00:03:52.770+0000] {processor.py:208} INFO - Processing /home/airflow/.local/lib/python3.12/site-packages/airflow/example_dags/example_sla_dag.py took 0.077 seconds
[2025-04-07T00:04:23.132+0000] {processor.py:186} INFO - Started process (PID=459) to work on /home/airflow/.local/lib/python3.12/site-packages/airflow/example_dags/example_sla_dag.py
[2025-04-07T00:04:23.133+0000] {processor.py:914} INFO - Processing file /home/airflow/.local/lib/python3.12/site-packages/airflow/example_dags/example_sla_dag.py for tasks to queue
[2025-04-07T00:04:23.137+0000] {logging_mixin.py:190} INFO - [2025-04-07T00:04:23.137+0000] {dagbag.py:588} INFO - Filling up the DagBag from /home/airflow/.local/lib/python3.12/site-packages/airflow/example_dags/example_sla_dag.py
[2025-04-07T00:04:23.145+0000] {processor.py:925} INFO - DAG(s) 'example_sla_dag' retrieved from /home/airflow/.local/lib/python3.12/site-packages/airflow/example_dags/example_sla_dag.py
[2025-04-07T00:04:23.164+0000] {logging_mixin.py:190} INFO - [2025-04-07T00:04:23.163+0000] {dag.py:3239} INFO - Sync 1 DAGs
[2025-04-07T00:04:23.187+0000] {logging_mixin.py:190} INFO - [2025-04-07T00:04:23.187+0000] {dag.py:4180} INFO - Setting next_dagrun for example_sla_dag to 2025-04-07 00:02:00+00:00, run_after=2025-04-07 00:04:00+00:00
[2025-04-07T00:04:23.201+0000] {processor.py:208} INFO - Processing /home/airflow/.local/lib/python3.12/site-packages/airflow/example_dags/example_sla_dag.py took 0.076 seconds
[2025-04-07T00:04:54.062+0000] {processor.py:186} INFO - Started process (PID=524) to work on /home/airflow/.local/lib/python3.12/site-packages/airflow/example_dags/example_sla_dag.py
[2025-04-07T00:04:54.065+0000] {processor.py:914} INFO - Processing file /home/airflow/.local/lib/python3.12/site-packages/airflow/example_dags/example_sla_dag.py for tasks to queue
[2025-04-07T00:04:54.068+0000] {logging_mixin.py:190} INFO - [2025-04-07T00:04:54.068+0000] {dagbag.py:588} INFO - Filling up the DagBag from /home/airflow/.local/lib/python3.12/site-packages/airflow/example_dags/example_sla_dag.py
[2025-04-07T00:04:54.077+0000] {processor.py:925} INFO - DAG(s) 'example_sla_dag' retrieved from /home/airflow/.local/lib/python3.12/site-packages/airflow/example_dags/example_sla_dag.py
[2025-04-07T00:04:54.097+0000] {logging_mixin.py:190} INFO - [2025-04-07T00:04:54.097+0000] {dag.py:3239} INFO - Sync 1 DAGs
[2025-04-07T00:04:54.120+0000] {logging_mixin.py:190} INFO - [2025-04-07T00:04:54.120+0000] {dag.py:4180} INFO - Setting next_dagrun for example_sla_dag to 2025-04-07 00:02:00+00:00, run_after=2025-04-07 00:04:00+00:00
[2025-04-07T00:04:54.134+0000] {processor.py:208} INFO - Processing /home/airflow/.local/lib/python3.12/site-packages/airflow/example_dags/example_sla_dag.py took 0.079 seconds
[2025-04-07T00:05:24.738+0000] {processor.py:186} INFO - Started process (PID=589) to work on /home/airflow/.local/lib/python3.12/site-packages/airflow/example_dags/example_sla_dag.py
[2025-04-07T00:05:24.739+0000] {processor.py:914} INFO - Processing file /home/airflow/.local/lib/python3.12/site-packages/airflow/example_dags/example_sla_dag.py for tasks to queue
[2025-04-07T00:05:24.743+0000] {logging_mixin.py:190} INFO - [2025-04-07T00:05:24.743+0000] {dagbag.py:588} INFO - Filling up the DagBag from /home/airflow/.local/lib/python3.12/site-packages/airflow/example_dags/example_sla_dag.py
[2025-04-07T00:05:24.752+0000] {processor.py:925} INFO - DAG(s) 'example_sla_dag' retrieved from /home/airflow/.local/lib/python3.12/site-packages/airflow/example_dags/example_sla_dag.py
[2025-04-07T00:05:24.767+0000] {logging_mixin.py:190} INFO - [2025-04-07T00:05:24.767+0000] {dag.py:3239} INFO - Sync 1 DAGs
[2025-04-07T00:05:24.790+0000] {logging_mixin.py:190} INFO - [2025-04-07T00:05:24.790+0000] {dag.py:4180} INFO - Setting next_dagrun for example_sla_dag to 2025-04-07 00:02:00+00:00, run_after=2025-04-07 00:04:00+00:00
[2025-04-07T00:05:24.805+0000] {processor.py:208} INFO - Processing /home/airflow/.local/lib/python3.12/site-packages/airflow/example_dags/example_sla_dag.py took 0.076 seconds
[2025-04-07T00:05:55.825+0000] {processor.py:186} INFO - Started process (PID=654) to work on /home/airflow/.local/lib/python3.12/site-packages/airflow/example_dags/example_sla_dag.py
[2025-04-07T00:05:55.826+0000] {processor.py:914} INFO - Processing file /home/airflow/.local/lib/python3.12/site-packages/airflow/example_dags/example_sla_dag.py for tasks to queue
[2025-04-07T00:05:55.829+0000] {logging_mixin.py:190} INFO - [2025-04-07T00:05:55.828+0000] {dagbag.py:588} INFO - Filling up the DagBag from /home/airflow/.local/lib/python3.12/site-packages/airflow/example_dags/example_sla_dag.py
[2025-04-07T00:05:55.837+0000] {processor.py:925} INFO - DAG(s) 'example_sla_dag' retrieved from /home/airflow/.local/lib/python3.12/site-packages/airflow/example_dags/example_sla_dag.py
[2025-04-07T00:05:55.855+0000] {logging_mixin.py:190} INFO - [2025-04-07T00:05:55.855+0000] {dag.py:3239} INFO - Sync 1 DAGs
[2025-04-07T00:05:55.877+0000] {logging_mixin.py:190} INFO - [2025-04-07T00:05:55.876+0000] {dag.py:4180} INFO - Setting next_dagrun for example_sla_dag to 2025-04-07 00:02:00+00:00, run_after=2025-04-07 00:04:00+00:00
[2025-04-07T00:05:55.891+0000] {processor.py:208} INFO - Processing /home/airflow/.local/lib/python3.12/site-packages/airflow/example_dags/example_sla_dag.py took 0.073 seconds
[2025-04-07T00:06:26.610+0000] {processor.py:186} INFO - Started process (PID=719) to work on /home/airflow/.local/lib/python3.12/site-packages/airflow/example_dags/example_sla_dag.py
[2025-04-07T00:06:26.611+0000] {processor.py:914} INFO - Processing file /home/airflow/.local/lib/python3.12/site-packages/airflow/example_dags/example_sla_dag.py for tasks to queue
[2025-04-07T00:06:26.614+0000] {logging_mixin.py:190} INFO - [2025-04-07T00:06:26.614+0000] {dagbag.py:588} INFO - Filling up the DagBag from /home/airflow/.local/lib/python3.12/site-packages/airflow/example_dags/example_sla_dag.py
[2025-04-07T00:06:26.622+0000] {processor.py:925} INFO - DAG(s) 'example_sla_dag' retrieved from /home/airflow/.local/lib/python3.12/site-packages/airflow/example_dags/example_sla_dag.py
[2025-04-07T00:06:26.640+0000] {logging_mixin.py:190} INFO - [2025-04-07T00:06:26.640+0000] {dag.py:3239} INFO - Sync 1 DAGs
[2025-04-07T00:06:26.664+0000] {logging_mixin.py:190} INFO - [2025-04-07T00:06:26.664+0000] {dag.py:4180} INFO - Setting next_dagrun for example_sla_dag to 2025-04-07 00:04:00+00:00, run_after=2025-04-07 00:06:00+00:00
[2025-04-07T00:06:26.680+0000] {processor.py:208} INFO - Processing /home/airflow/.local/lib/python3.12/site-packages/airflow/example_dags/example_sla_dag.py took 0.077 seconds
[2025-04-07T00:06:56.987+0000] {processor.py:186} INFO - Started process (PID=784) to work on /home/airflow/.local/lib/python3.12/site-packages/airflow/example_dags/example_sla_dag.py
[2025-04-07T00:06:56.988+0000] {processor.py:914} INFO - Processing file /home/airflow/.local/lib/python3.12/site-packages/airflow/example_dags/example_sla_dag.py for tasks to queue
[2025-04-07T00:06:56.991+0000] {logging_mixin.py:190} INFO - [2025-04-07T00:06:56.991+0000] {dagbag.py:588} INFO - Filling up the DagBag from /home/airflow/.local/lib/python3.12/site-packages/airflow/example_dags/example_sla_dag.py
[2025-04-07T00:06:56.999+0000] {processor.py:925} INFO - DAG(s) 'example_sla_dag' retrieved from /home/airflow/.local/lib/python3.12/site-packages/airflow/example_dags/example_sla_dag.py
[2025-04-07T00:06:57.017+0000] {logging_mixin.py:190} INFO - [2025-04-07T00:06:57.017+0000] {dag.py:3239} INFO - Sync 1 DAGs
[2025-04-07T00:06:57.040+0000] {logging_mixin.py:190} INFO - [2025-04-07T00:06:57.040+0000] {dag.py:4180} INFO - Setting next_dagrun for example_sla_dag to 2025-04-07 00:04:00+00:00, run_after=2025-04-07 00:06:00+00:00
[2025-04-07T00:06:57.054+0000] {processor.py:208} INFO - Processing /home/airflow/.local/lib/python3.12/site-packages/airflow/example_dags/example_sla_dag.py took 0.074 seconds
[2025-04-07T00:07:27.717+0000] {processor.py:186} INFO - Started process (PID=849) to work on /home/airflow/.local/lib/python3.12/site-packages/airflow/example_dags/example_sla_dag.py
[2025-04-07T00:07:27.718+0000] {processor.py:914} INFO - Processing file /home/airflow/.local/lib/python3.12/site-packages/airflow/example_dags/example_sla_dag.py for tasks to queue
[2025-04-07T00:07:27.721+0000] {logging_mixin.py:190} INFO - [2025-04-07T00:07:27.720+0000] {dagbag.py:588} INFO - Filling up the DagBag from /home/airflow/.local/lib/python3.12/site-packages/airflow/example_dags/example_sla_dag.py
[2025-04-07T00:07:27.728+0000] {processor.py:925} INFO - DAG(s) 'example_sla_dag' retrieved from /home/airflow/.local/lib/python3.12/site-packages/airflow/example_dags/example_sla_dag.py
[2025-04-07T00:07:27.746+0000] {logging_mixin.py:190} INFO - [2025-04-07T00:07:27.746+0000] {dag.py:3239} INFO - Sync 1 DAGs
[2025-04-07T00:07:27.768+0000] {logging_mixin.py:190} INFO - [2025-04-07T00:07:27.768+0000] {dag.py:4180} INFO - Setting next_dagrun for example_sla_dag to 2025-04-07 00:04:00+00:00, run_after=2025-04-07 00:06:00+00:00
[2025-04-07T00:07:27.782+0000] {processor.py:208} INFO - Processing /home/airflow/.local/lib/python3.12/site-packages/airflow/example_dags/example_sla_dag.py took 0.074 seconds
[2025-04-07T00:07:58.147+0000] {processor.py:186} INFO - Started process (PID=914) to work on /home/airflow/.local/lib/python3.12/site-packages/airflow/example_dags/example_sla_dag.py
[2025-04-07T00:07:58.148+0000] {processor.py:914} INFO - Processing file /home/airflow/.local/lib/python3.12/site-packages/airflow/example_dags/example_sla_dag.py for tasks to queue
[2025-04-07T00:07:58.150+0000] {logging_mixin.py:190} INFO - [2025-04-07T00:07:58.150+0000] {dagbag.py:588} INFO - Filling up the DagBag from /home/airflow/.local/lib/python3.12/site-packages/airflow/example_dags/example_sla_dag.py
[2025-04-07T00:07:58.158+0000] {processor.py:925} INFO - DAG(s) 'example_sla_dag' retrieved from /home/airflow/.local/lib/python3.12/site-packages/airflow/example_dags/example_sla_dag.py
[2025-04-07T00:07:58.177+0000] {logging_mixin.py:190} INFO - [2025-04-07T00:07:58.176+0000] {dag.py:3239} INFO - Sync 1 DAGs
[2025-04-07T00:07:58.199+0000] {logging_mixin.py:190} INFO - [2025-04-07T00:07:58.198+0000] {dag.py:4180} INFO - Setting next_dagrun for example_sla_dag to 2025-04-07 00:04:00+00:00, run_after=2025-04-07 00:06:00+00:00
[2025-04-07T00:07:58.212+0000] {processor.py:208} INFO - Processing /home/airflow/.local/lib/python3.12/site-packages/airflow/example_dags/example_sla_dag.py took 0.069 seconds
[2025-04-07T00:08:28.452+0000] {processor.py:186} INFO - Started process (PID=980) to work on /home/airflow/.local/lib/python3.12/site-packages/airflow/example_dags/example_sla_dag.py
[2025-04-07T00:08:28.453+0000] {processor.py:914} INFO - Processing file /home/airflow/.local/lib/python3.12/site-packages/airflow/example_dags/example_sla_dag.py for tasks to queue
[2025-04-07T00:08:28.456+0000] {logging_mixin.py:190} INFO - [2025-04-07T00:08:28.456+0000] {dagbag.py:588} INFO - Filling up the DagBag from /home/airflow/.local/lib/python3.12/site-packages/airflow/example_dags/example_sla_dag.py
[2025-04-07T00:08:28.464+0000] {processor.py:925} INFO - DAG(s) 'example_sla_dag' retrieved from /home/airflow/.local/lib/python3.12/site-packages/airflow/example_dags/example_sla_dag.py
[2025-04-07T00:08:28.481+0000] {logging_mixin.py:190} INFO - [2025-04-07T00:08:28.481+0000] {dag.py:3239} INFO - Sync 1 DAGs
[2025-04-07T00:08:28.502+0000] {logging_mixin.py:190} INFO - [2025-04-07T00:08:28.502+0000] {dag.py:4180} INFO - Setting next_dagrun for example_sla_dag to 2025-04-07 00:06:00+00:00, run_after=2025-04-07 00:08:00+00:00
[2025-04-07T00:08:28.516+0000] {processor.py:208} INFO - Processing /home/airflow/.local/lib/python3.12/site-packages/airflow/example_dags/example_sla_dag.py took 0.072 seconds
[2025-04-07T00:08:59.903+0000] {processor.py:186} INFO - Started process (PID=1045) to work on /home/airflow/.local/lib/python3.12/site-packages/airflow/example_dags/example_sla_dag.py
[2025-04-07T00:08:59.903+0000] {processor.py:914} INFO - Processing file /home/airflow/.local/lib/python3.12/site-packages/airflow/example_dags/example_sla_dag.py for tasks to queue
[2025-04-07T00:08:59.906+0000] {logging_mixin.py:190} INFO - [2025-04-07T00:08:59.905+0000] {dagbag.py:588} INFO - Filling up the DagBag from /home/airflow/.local/lib/python3.12/site-packages/airflow/example_dags/example_sla_dag.py
[2025-04-07T00:08:59.916+0000] {processor.py:925} INFO - DAG(s) 'example_sla_dag' retrieved from /home/airflow/.local/lib/python3.12/site-packages/airflow/example_dags/example_sla_dag.py
[2025-04-07T00:08:59.934+0000] {logging_mixin.py:190} INFO - [2025-04-07T00:08:59.934+0000] {dag.py:3239} INFO - Sync 1 DAGs
[2025-04-07T00:08:59.957+0000] {logging_mixin.py:190} INFO - [2025-04-07T00:08:59.957+0000] {dag.py:4180} INFO - Setting next_dagrun for example_sla_dag to 2025-04-07 00:06:00+00:00, run_after=2025-04-07 00:08:00+00:00
[2025-04-07T00:08:59.971+0000] {processor.py:208} INFO - Processing /home/airflow/.local/lib/python3.12/site-packages/airflow/example_dags/example_sla_dag.py took 0.072 seconds
[2025-04-07T00:09:31.553+0000] {processor.py:186} INFO - Started process (PID=1110) to work on /home/airflow/.local/lib/python3.12/site-packages/airflow/example_dags/example_sla_dag.py
[2025-04-07T00:09:31.553+0000] {processor.py:914} INFO - Processing file /home/airflow/.local/lib/python3.12/site-packages/airflow/example_dags/example_sla_dag.py for tasks to queue
[2025-04-07T00:09:31.556+0000] {logging_mixin.py:190} INFO - [2025-04-07T00:09:31.555+0000] {dagbag.py:588} INFO - Filling up the DagBag from /home/airflow/.local/lib/python3.12/site-packages/airflow/example_dags/example_sla_dag.py
[2025-04-07T00:09:31.569+0000] {processor.py:925} INFO - DAG(s) 'example_sla_dag' retrieved from /home/airflow/.local/lib/python3.12/site-packages/airflow/example_dags/example_sla_dag.py
[2025-04-07T00:09:31.587+0000] {logging_mixin.py:190} INFO - [2025-04-07T00:09:31.587+0000] {dag.py:3239} INFO - Sync 1 DAGs
[2025-04-07T00:09:31.610+0000] {logging_mixin.py:190} INFO - [2025-04-07T00:09:31.610+0000] {dag.py:4180} INFO - Setting next_dagrun for example_sla_dag to 2025-04-07 00:06:00+00:00, run_after=2025-04-07 00:08:00+00:00
[2025-04-07T00:09:31.624+0000] {processor.py:208} INFO - Processing /home/airflow/.local/lib/python3.12/site-packages/airflow/example_dags/example_sla_dag.py took 0.085 seconds
[2025-04-07T00:10:03.029+0000] {processor.py:186} INFO - Started process (PID=1177) to work on /home/airflow/.local/lib/python3.12/site-packages/airflow/example_dags/example_sla_dag.py
[2025-04-07T00:10:03.030+0000] {processor.py:914} INFO - Processing file /home/airflow/.local/lib/python3.12/site-packages/airflow/example_dags/example_sla_dag.py for tasks to queue
[2025-04-07T00:10:03.033+0000] {logging_mixin.py:190} INFO - [2025-04-07T00:10:03.033+0000] {dagbag.py:588} INFO - Filling up the DagBag from /home/airflow/.local/lib/python3.12/site-packages/airflow/example_dags/example_sla_dag.py
[2025-04-07T00:10:03.041+0000] {processor.py:925} INFO - DAG(s) 'example_sla_dag' retrieved from /home/airflow/.local/lib/python3.12/site-packages/airflow/example_dags/example_sla_dag.py
[2025-04-07T00:10:03.059+0000] {logging_mixin.py:190} INFO - [2025-04-07T00:10:03.059+0000] {dag.py:3239} INFO - Sync 1 DAGs
[2025-04-07T00:10:03.083+0000] {logging_mixin.py:190} INFO - [2025-04-07T00:10:03.082+0000] {dag.py:4180} INFO - Setting next_dagrun for example_sla_dag to 2025-04-07 00:08:00+00:00, run_after=2025-04-07 00:10:00+00:00
[2025-04-07T00:10:03.310+0000] {processor.py:208} INFO - Processing /home/airflow/.local/lib/python3.12/site-packages/airflow/example_dags/example_sla_dag.py took 0.289 seconds
[2025-04-07T00:10:34.209+0000] {processor.py:186} INFO - Started process (PID=1242) to work on /home/airflow/.local/lib/python3.12/site-packages/airflow/example_dags/example_sla_dag.py
[2025-04-07T00:10:34.211+0000] {processor.py:914} INFO - Processing file /home/airflow/.local/lib/python3.12/site-packages/airflow/example_dags/example_sla_dag.py for tasks to queue
[2025-04-07T00:10:34.213+0000] {logging_mixin.py:190} INFO - [2025-04-07T00:10:34.213+0000] {dagbag.py:588} INFO - Filling up the DagBag from /home/airflow/.local/lib/python3.12/site-packages/airflow/example_dags/example_sla_dag.py
[2025-04-07T00:10:34.221+0000] {processor.py:925} INFO - DAG(s) 'example_sla_dag' retrieved from /home/airflow/.local/lib/python3.12/site-packages/airflow/example_dags/example_sla_dag.py
[2025-04-07T00:10:34.239+0000] {logging_mixin.py:190} INFO - [2025-04-07T00:10:34.239+0000] {dag.py:3239} INFO - Sync 1 DAGs
[2025-04-07T00:10:34.263+0000] {logging_mixin.py:190} INFO - [2025-04-07T00:10:34.263+0000] {dag.py:4180} INFO - Setting next_dagrun for example_sla_dag to 2025-04-07 00:08:00+00:00, run_after=2025-04-07 00:10:00+00:00
[2025-04-07T00:10:34.281+0000] {processor.py:208} INFO - Processing /home/airflow/.local/lib/python3.12/site-packages/airflow/example_dags/example_sla_dag.py took 0.076 seconds
[2025-04-07T00:11:04.941+0000] {processor.py:186} INFO - Started process (PID=1307) to work on /home/airflow/.local/lib/python3.12/site-packages/airflow/example_dags/example_sla_dag.py
[2025-04-07T00:11:04.944+0000] {processor.py:914} INFO - Processing file /home/airflow/.local/lib/python3.12/site-packages/airflow/example_dags/example_sla_dag.py for tasks to queue
[2025-04-07T00:11:04.947+0000] {logging_mixin.py:190} INFO - [2025-04-07T00:11:04.947+0000] {dagbag.py:588} INFO - Filling up the DagBag from /home/airflow/.local/lib/python3.12/site-packages/airflow/example_dags/example_sla_dag.py
[2025-04-07T00:11:04.956+0000] {processor.py:925} INFO - DAG(s) 'example_sla_dag' retrieved from /home/airflow/.local/lib/python3.12/site-packages/airflow/example_dags/example_sla_dag.py
[2025-04-07T00:11:04.976+0000] {logging_mixin.py:190} INFO - [2025-04-07T00:11:04.975+0000] {dag.py:3239} INFO - Sync 1 DAGs
[2025-04-07T00:11:04.998+0000] {logging_mixin.py:190} INFO - [2025-04-07T00:11:04.998+0000] {dag.py:4180} INFO - Setting next_dagrun for example_sla_dag to 2025-04-07 00:08:00+00:00, run_after=2025-04-07 00:10:00+00:00
[2025-04-07T00:11:05.014+0000] {processor.py:208} INFO - Processing /home/airflow/.local/lib/python3.12/site-packages/airflow/example_dags/example_sla_dag.py took 0.080 seconds
[2025-04-07T00:11:35.658+0000] {processor.py:186} INFO - Started process (PID=1373) to work on /home/airflow/.local/lib/python3.12/site-packages/airflow/example_dags/example_sla_dag.py
[2025-04-07T00:11:35.659+0000] {processor.py:914} INFO - Processing file /home/airflow/.local/lib/python3.12/site-packages/airflow/example_dags/example_sla_dag.py for tasks to queue
[2025-04-07T00:11:35.662+0000] {logging_mixin.py:190} INFO - [2025-04-07T00:11:35.662+0000] {dagbag.py:588} INFO - Filling up the DagBag from /home/airflow/.local/lib/python3.12/site-packages/airflow/example_dags/example_sla_dag.py
[2025-04-07T00:11:35.670+0000] {processor.py:925} INFO - DAG(s) 'example_sla_dag' retrieved from /home/airflow/.local/lib/python3.12/site-packages/airflow/example_dags/example_sla_dag.py
[2025-04-07T00:11:35.689+0000] {logging_mixin.py:190} INFO - [2025-04-07T00:11:35.689+0000] {dag.py:3239} INFO - Sync 1 DAGs
[2025-04-07T00:11:35.710+0000] {logging_mixin.py:190} INFO - [2025-04-07T00:11:35.710+0000] {dag.py:4180} INFO - Setting next_dagrun for example_sla_dag to 2025-04-07 00:08:00+00:00, run_after=2025-04-07 00:10:00+00:00
[2025-04-07T00:11:35.723+0000] {processor.py:208} INFO - Processing /home/airflow/.local/lib/python3.12/site-packages/airflow/example_dags/example_sla_dag.py took 0.073 seconds
[2025-04-07T00:12:07.856+0000] {processor.py:186} INFO - Started process (PID=1438) to work on /home/airflow/.local/lib/python3.12/site-packages/airflow/example_dags/example_sla_dag.py
[2025-04-07T00:12:07.857+0000] {processor.py:914} INFO - Processing file /home/airflow/.local/lib/python3.12/site-packages/airflow/example_dags/example_sla_dag.py for tasks to queue
[2025-04-07T00:12:07.860+0000] {logging_mixin.py:190} INFO - [2025-04-07T00:12:07.860+0000] {dagbag.py:588} INFO - Filling up the DagBag from /home/airflow/.local/lib/python3.12/site-packages/airflow/example_dags/example_sla_dag.py
[2025-04-07T00:12:07.868+0000] {processor.py:925} INFO - DAG(s) 'example_sla_dag' retrieved from /home/airflow/.local/lib/python3.12/site-packages/airflow/example_dags/example_sla_dag.py
[2025-04-07T00:12:07.884+0000] {logging_mixin.py:190} INFO - [2025-04-07T00:12:07.884+0000] {dag.py:3239} INFO - Sync 1 DAGs
[2025-04-07T00:12:08.109+0000] {logging_mixin.py:190} INFO - [2025-04-07T00:12:08.109+0000] {dag.py:4180} INFO - Setting next_dagrun for example_sla_dag to 2025-04-07 00:10:00+00:00, run_after=2025-04-07 00:12:00+00:00
[2025-04-07T00:12:08.123+0000] {processor.py:208} INFO - Processing /home/airflow/.local/lib/python3.12/site-packages/airflow/example_dags/example_sla_dag.py took 0.275 seconds
[2025-04-07T00:12:38.912+0000] {processor.py:186} INFO - Started process (PID=1503) to work on /home/airflow/.local/lib/python3.12/site-packages/airflow/example_dags/example_sla_dag.py
[2025-04-07T00:12:38.913+0000] {processor.py:914} INFO - Processing file /home/airflow/.local/lib/python3.12/site-packages/airflow/example_dags/example_sla_dag.py for tasks to queue
[2025-04-07T00:12:38.915+0000] {logging_mixin.py:190} INFO - [2025-04-07T00:12:38.915+0000] {dagbag.py:588} INFO - Filling up the DagBag from /home/airflow/.local/lib/python3.12/site-packages/airflow/example_dags/example_sla_dag.py
[2025-04-07T00:12:38.923+0000] {processor.py:925} INFO - DAG(s) 'example_sla_dag' retrieved from /home/airflow/.local/lib/python3.12/site-packages/airflow/example_dags/example_sla_dag.py
[2025-04-07T00:12:38.943+0000] {logging_mixin.py:190} INFO - [2025-04-07T00:12:38.942+0000] {dag.py:3239} INFO - Sync 1 DAGs
[2025-04-07T00:12:39.158+0000] {logging_mixin.py:190} INFO - [2025-04-07T00:12:39.158+0000] {dag.py:4180} INFO - Setting next_dagrun for example_sla_dag to 2025-04-07 00:10:00+00:00, run_after=2025-04-07 00:12:00+00:00
[2025-04-07T00:12:39.171+0000] {processor.py:208} INFO - Processing /home/airflow/.local/lib/python3.12/site-packages/airflow/example_dags/example_sla_dag.py took 0.264 seconds
[2025-04-07T00:14:07.968+0000] {processor.py:186} INFO - Started process (PID=140) to work on /home/airflow/.local/lib/python3.12/site-packages/airflow/example_dags/example_sla_dag.py
[2025-04-07T00:14:07.969+0000] {processor.py:914} INFO - Processing file /home/airflow/.local/lib/python3.12/site-packages/airflow/example_dags/example_sla_dag.py for tasks to queue
[2025-04-07T00:14:07.973+0000] {logging_mixin.py:190} INFO - [2025-04-07T00:14:07.972+0000] {dagbag.py:588} INFO - Filling up the DagBag from /home/airflow/.local/lib/python3.12/site-packages/airflow/example_dags/example_sla_dag.py
[2025-04-07T00:14:07.981+0000] {processor.py:925} INFO - DAG(s) 'example_sla_dag' retrieved from /home/airflow/.local/lib/python3.12/site-packages/airflow/example_dags/example_sla_dag.py
[2025-04-07T00:14:08.029+0000] {logging_mixin.py:190} INFO - [2025-04-07T00:14:08.028+0000] {override.py:1930} INFO - Created Permission View: can read on DAG:example_sla_dag
[2025-04-07T00:14:08.039+0000] {logging_mixin.py:190} INFO - [2025-04-07T00:14:08.038+0000] {override.py:1930} INFO - Created Permission View: can delete on DAG:example_sla_dag
[2025-04-07T00:14:08.044+0000] {logging_mixin.py:190} INFO - [2025-04-07T00:14:08.043+0000] {override.py:1930} INFO - Created Permission View: can edit on DAG:example_sla_dag
[2025-04-07T00:14:08.049+0000] {logging_mixin.py:190} INFO - [2025-04-07T00:14:08.048+0000] {override.py:1930} INFO - Created Permission View: can create on DAG Run:example_sla_dag
[2025-04-07T00:14:08.053+0000] {logging_mixin.py:190} INFO - [2025-04-07T00:14:08.053+0000] {override.py:1930} INFO - Created Permission View: menu access on DAG Run:example_sla_dag
[2025-04-07T00:14:08.057+0000] {logging_mixin.py:190} INFO - [2025-04-07T00:14:08.057+0000] {override.py:1930} INFO - Created Permission View: can read on DAG Run:example_sla_dag
[2025-04-07T00:14:08.062+0000] {logging_mixin.py:190} INFO - [2025-04-07T00:14:08.061+0000] {override.py:1930} INFO - Created Permission View: can delete on DAG Run:example_sla_dag
[2025-04-07T00:14:08.062+0000] {logging_mixin.py:190} INFO - [2025-04-07T00:14:08.062+0000] {dag.py:3239} INFO - Sync 1 DAGs
[2025-04-07T00:14:08.073+0000] {logging_mixin.py:190} INFO - [2025-04-07T00:14:08.073+0000] {dag.py:3262} INFO - Creating ORM DAG for example_sla_dag
[2025-04-07T00:14:08.084+0000] {logging_mixin.py:190} INFO - [2025-04-07T00:14:08.084+0000] {dag.py:4180} INFO - Setting next_dagrun for example_sla_dag to 2025-04-07 00:12:00+00:00, run_after=2025-04-07 00:14:00+00:00
[2025-04-07T00:14:08.095+0000] {processor.py:208} INFO - Processing /home/airflow/.local/lib/python3.12/site-packages/airflow/example_dags/example_sla_dag.py took 0.135 seconds
[2025-04-07T00:14:38.692+0000] {processor.py:186} INFO - Started process (PID=205) to work on /home/airflow/.local/lib/python3.12/site-packages/airflow/example_dags/example_sla_dag.py
[2025-04-07T00:14:38.692+0000] {processor.py:914} INFO - Processing file /home/airflow/.local/lib/python3.12/site-packages/airflow/example_dags/example_sla_dag.py for tasks to queue
[2025-04-07T00:14:38.694+0000] {logging_mixin.py:190} INFO - [2025-04-07T00:14:38.694+0000] {dagbag.py:588} INFO - Filling up the DagBag from /home/airflow/.local/lib/python3.12/site-packages/airflow/example_dags/example_sla_dag.py
[2025-04-07T00:14:38.702+0000] {processor.py:925} INFO - DAG(s) 'example_sla_dag' retrieved from /home/airflow/.local/lib/python3.12/site-packages/airflow/example_dags/example_sla_dag.py
[2025-04-07T00:14:38.723+0000] {logging_mixin.py:190} INFO - [2025-04-07T00:14:38.722+0000] {dag.py:3239} INFO - Sync 1 DAGs
[2025-04-07T00:14:38.747+0000] {logging_mixin.py:190} INFO - [2025-04-07T00:14:38.747+0000] {dag.py:4180} INFO - Setting next_dagrun for example_sla_dag to 2025-04-07 00:12:00+00:00, run_after=2025-04-07 00:14:00+00:00
[2025-04-07T00:14:38.761+0000] {processor.py:208} INFO - Processing /home/airflow/.local/lib/python3.12/site-packages/airflow/example_dags/example_sla_dag.py took 0.074 seconds
[2025-04-07T00:15:09.757+0000] {processor.py:186} INFO - Started process (PID=270) to work on /home/airflow/.local/lib/python3.12/site-packages/airflow/example_dags/example_sla_dag.py
[2025-04-07T00:15:09.758+0000] {processor.py:914} INFO - Processing file /home/airflow/.local/lib/python3.12/site-packages/airflow/example_dags/example_sla_dag.py for tasks to queue
[2025-04-07T00:15:09.759+0000] {logging_mixin.py:190} INFO - [2025-04-07T00:15:09.759+0000] {dagbag.py:588} INFO - Filling up the DagBag from /home/airflow/.local/lib/python3.12/site-packages/airflow/example_dags/example_sla_dag.py
[2025-04-07T00:15:09.766+0000] {processor.py:925} INFO - DAG(s) 'example_sla_dag' retrieved from /home/airflow/.local/lib/python3.12/site-packages/airflow/example_dags/example_sla_dag.py
[2025-04-07T00:15:09.784+0000] {logging_mixin.py:190} INFO - [2025-04-07T00:15:09.784+0000] {dag.py:3239} INFO - Sync 1 DAGs
[2025-04-07T00:15:09.805+0000] {logging_mixin.py:190} INFO - [2025-04-07T00:15:09.805+0000] {dag.py:4180} INFO - Setting next_dagrun for example_sla_dag to 2025-04-07 00:12:00+00:00, run_after=2025-04-07 00:14:00+00:00
[2025-04-07T00:15:09.819+0000] {processor.py:208} INFO - Processing /home/airflow/.local/lib/python3.12/site-packages/airflow/example_dags/example_sla_dag.py took 0.066 seconds
[2025-04-07T00:15:40.069+0000] {processor.py:186} INFO - Started process (PID=335) to work on /home/airflow/.local/lib/python3.12/site-packages/airflow/example_dags/example_sla_dag.py
[2025-04-07T00:15:40.070+0000] {processor.py:914} INFO - Processing file /home/airflow/.local/lib/python3.12/site-packages/airflow/example_dags/example_sla_dag.py for tasks to queue
[2025-04-07T00:15:40.073+0000] {logging_mixin.py:190} INFO - [2025-04-07T00:15:40.073+0000] {dagbag.py:588} INFO - Filling up the DagBag from /home/airflow/.local/lib/python3.12/site-packages/airflow/example_dags/example_sla_dag.py
[2025-04-07T00:15:40.081+0000] {processor.py:925} INFO - DAG(s) 'example_sla_dag' retrieved from /home/airflow/.local/lib/python3.12/site-packages/airflow/example_dags/example_sla_dag.py
[2025-04-07T00:15:40.100+0000] {logging_mixin.py:190} INFO - [2025-04-07T00:15:40.100+0000] {dag.py:3239} INFO - Sync 1 DAGs
[2025-04-07T00:15:40.122+0000] {logging_mixin.py:190} INFO - [2025-04-07T00:15:40.122+0000] {dag.py:4180} INFO - Setting next_dagrun for example_sla_dag to 2025-04-07 00:12:00+00:00, run_after=2025-04-07 00:14:00+00:00
[2025-04-07T00:15:40.137+0000] {processor.py:208} INFO - Processing /home/airflow/.local/lib/python3.12/site-packages/airflow/example_dags/example_sla_dag.py took 0.076 seconds
[2025-04-07T00:16:10.461+0000] {processor.py:186} INFO - Started process (PID=399) to work on /home/airflow/.local/lib/python3.12/site-packages/airflow/example_dags/example_sla_dag.py
[2025-04-07T00:16:10.462+0000] {processor.py:914} INFO - Processing file /home/airflow/.local/lib/python3.12/site-packages/airflow/example_dags/example_sla_dag.py for tasks to queue
[2025-04-07T00:16:10.464+0000] {logging_mixin.py:190} INFO - [2025-04-07T00:16:10.464+0000] {dagbag.py:588} INFO - Filling up the DagBag from /home/airflow/.local/lib/python3.12/site-packages/airflow/example_dags/example_sla_dag.py
[2025-04-07T00:16:10.472+0000] {processor.py:925} INFO - DAG(s) 'example_sla_dag' retrieved from /home/airflow/.local/lib/python3.12/site-packages/airflow/example_dags/example_sla_dag.py
[2025-04-07T00:16:10.491+0000] {logging_mixin.py:190} INFO - [2025-04-07T00:16:10.491+0000] {dag.py:3239} INFO - Sync 1 DAGs
[2025-04-07T00:16:10.514+0000] {logging_mixin.py:190} INFO - [2025-04-07T00:16:10.514+0000] {dag.py:4180} INFO - Setting next_dagrun for example_sla_dag to 2025-04-07 00:14:00+00:00, run_after=2025-04-07 00:16:00+00:00
[2025-04-07T00:16:10.529+0000] {processor.py:208} INFO - Processing /home/airflow/.local/lib/python3.12/site-packages/airflow/example_dags/example_sla_dag.py took 0.078 seconds
[2025-04-07T00:16:41.181+0000] {processor.py:186} INFO - Started process (PID=464) to work on /home/airflow/.local/lib/python3.12/site-packages/airflow/example_dags/example_sla_dag.py
[2025-04-07T00:16:41.184+0000] {processor.py:914} INFO - Processing file /home/airflow/.local/lib/python3.12/site-packages/airflow/example_dags/example_sla_dag.py for tasks to queue
[2025-04-07T00:16:41.187+0000] {logging_mixin.py:190} INFO - [2025-04-07T00:16:41.187+0000] {dagbag.py:588} INFO - Filling up the DagBag from /home/airflow/.local/lib/python3.12/site-packages/airflow/example_dags/example_sla_dag.py
[2025-04-07T00:16:41.196+0000] {processor.py:925} INFO - DAG(s) 'example_sla_dag' retrieved from /home/airflow/.local/lib/python3.12/site-packages/airflow/example_dags/example_sla_dag.py
[2025-04-07T00:16:41.214+0000] {logging_mixin.py:190} INFO - [2025-04-07T00:16:41.214+0000] {dag.py:3239} INFO - Sync 1 DAGs
[2025-04-07T00:16:41.236+0000] {logging_mixin.py:190} INFO - [2025-04-07T00:16:41.236+0000] {dag.py:4180} INFO - Setting next_dagrun for example_sla_dag to 2025-04-07 00:14:00+00:00, run_after=2025-04-07 00:16:00+00:00
[2025-04-07T00:16:41.248+0000] {processor.py:208} INFO - Processing /home/airflow/.local/lib/python3.12/site-packages/airflow/example_dags/example_sla_dag.py took 0.076 seconds
[2025-04-07T00:17:11.672+0000] {processor.py:186} INFO - Started process (PID=529) to work on /home/airflow/.local/lib/python3.12/site-packages/airflow/example_dags/example_sla_dag.py
[2025-04-07T00:17:11.673+0000] {processor.py:914} INFO - Processing file /home/airflow/.local/lib/python3.12/site-packages/airflow/example_dags/example_sla_dag.py for tasks to queue
[2025-04-07T00:17:11.676+0000] {logging_mixin.py:190} INFO - [2025-04-07T00:17:11.675+0000] {dagbag.py:588} INFO - Filling up the DagBag from /home/airflow/.local/lib/python3.12/site-packages/airflow/example_dags/example_sla_dag.py
[2025-04-07T00:17:11.683+0000] {processor.py:925} INFO - DAG(s) 'example_sla_dag' retrieved from /home/airflow/.local/lib/python3.12/site-packages/airflow/example_dags/example_sla_dag.py
[2025-04-07T00:17:11.699+0000] {logging_mixin.py:190} INFO - [2025-04-07T00:17:11.698+0000] {dag.py:3239} INFO - Sync 1 DAGs
[2025-04-07T00:17:11.719+0000] {logging_mixin.py:190} INFO - [2025-04-07T00:17:11.719+0000] {dag.py:4180} INFO - Setting next_dagrun for example_sla_dag to 2025-04-07 00:14:00+00:00, run_after=2025-04-07 00:16:00+00:00
[2025-04-07T00:17:11.731+0000] {processor.py:208} INFO - Processing /home/airflow/.local/lib/python3.12/site-packages/airflow/example_dags/example_sla_dag.py took 0.068 seconds
[2025-04-07T00:17:42.666+0000] {processor.py:186} INFO - Started process (PID=594) to work on /home/airflow/.local/lib/python3.12/site-packages/airflow/example_dags/example_sla_dag.py
[2025-04-07T00:17:42.667+0000] {processor.py:914} INFO - Processing file /home/airflow/.local/lib/python3.12/site-packages/airflow/example_dags/example_sla_dag.py for tasks to queue
[2025-04-07T00:17:42.670+0000] {logging_mixin.py:190} INFO - [2025-04-07T00:17:42.670+0000] {dagbag.py:588} INFO - Filling up the DagBag from /home/airflow/.local/lib/python3.12/site-packages/airflow/example_dags/example_sla_dag.py
[2025-04-07T00:17:42.678+0000] {processor.py:925} INFO - DAG(s) 'example_sla_dag' retrieved from /home/airflow/.local/lib/python3.12/site-packages/airflow/example_dags/example_sla_dag.py
[2025-04-07T00:17:42.694+0000] {logging_mixin.py:190} INFO - [2025-04-07T00:17:42.694+0000] {dag.py:3239} INFO - Sync 1 DAGs
[2025-04-07T00:17:42.715+0000] {logging_mixin.py:190} INFO - [2025-04-07T00:17:42.715+0000] {dag.py:4180} INFO - Setting next_dagrun for example_sla_dag to 2025-04-07 00:14:00+00:00, run_after=2025-04-07 00:16:00+00:00
[2025-04-07T00:17:42.729+0000] {processor.py:208} INFO - Processing /home/airflow/.local/lib/python3.12/site-packages/airflow/example_dags/example_sla_dag.py took 0.071 seconds
[2025-04-07T00:18:13.395+0000] {processor.py:186} INFO - Started process (PID=660) to work on /home/airflow/.local/lib/python3.12/site-packages/airflow/example_dags/example_sla_dag.py
[2025-04-07T00:18:13.396+0000] {processor.py:914} INFO - Processing file /home/airflow/.local/lib/python3.12/site-packages/airflow/example_dags/example_sla_dag.py for tasks to queue
[2025-04-07T00:18:13.399+0000] {logging_mixin.py:190} INFO - [2025-04-07T00:18:13.399+0000] {dagbag.py:588} INFO - Filling up the DagBag from /home/airflow/.local/lib/python3.12/site-packages/airflow/example_dags/example_sla_dag.py
[2025-04-07T00:18:13.408+0000] {processor.py:925} INFO - DAG(s) 'example_sla_dag' retrieved from /home/airflow/.local/lib/python3.12/site-packages/airflow/example_dags/example_sla_dag.py
[2025-04-07T00:18:13.425+0000] {logging_mixin.py:190} INFO - [2025-04-07T00:18:13.425+0000] {dag.py:3239} INFO - Sync 1 DAGs
[2025-04-07T00:18:13.447+0000] {logging_mixin.py:190} INFO - [2025-04-07T00:18:13.447+0000] {dag.py:4180} INFO - Setting next_dagrun for example_sla_dag to 2025-04-07 00:16:00+00:00, run_after=2025-04-07 00:18:00+00:00
[2025-04-07T00:18:13.460+0000] {processor.py:208} INFO - Processing /home/airflow/.local/lib/python3.12/site-packages/airflow/example_dags/example_sla_dag.py took 0.072 seconds
[2025-04-07T00:18:44.103+0000] {processor.py:186} INFO - Started process (PID=725) to work on /home/airflow/.local/lib/python3.12/site-packages/airflow/example_dags/example_sla_dag.py
[2025-04-07T00:18:44.104+0000] {processor.py:914} INFO - Processing file /home/airflow/.local/lib/python3.12/site-packages/airflow/example_dags/example_sla_dag.py for tasks to queue
[2025-04-07T00:18:44.106+0000] {logging_mixin.py:190} INFO - [2025-04-07T00:18:44.106+0000] {dagbag.py:588} INFO - Filling up the DagBag from /home/airflow/.local/lib/python3.12/site-packages/airflow/example_dags/example_sla_dag.py
[2025-04-07T00:18:44.114+0000] {processor.py:925} INFO - DAG(s) 'example_sla_dag' retrieved from /home/airflow/.local/lib/python3.12/site-packages/airflow/example_dags/example_sla_dag.py
[2025-04-07T00:18:44.133+0000] {logging_mixin.py:190} INFO - [2025-04-07T00:18:44.133+0000] {dag.py:3239} INFO - Sync 1 DAGs
[2025-04-07T00:18:44.157+0000] {logging_mixin.py:190} INFO - [2025-04-07T00:18:44.157+0000] {dag.py:4180} INFO - Setting next_dagrun for example_sla_dag to 2025-04-07 00:16:00+00:00, run_after=2025-04-07 00:18:00+00:00
[2025-04-07T00:18:44.170+0000] {processor.py:208} INFO - Processing /home/airflow/.local/lib/python3.12/site-packages/airflow/example_dags/example_sla_dag.py took 0.071 seconds
[2025-04-07T00:19:14.560+0000] {processor.py:186} INFO - Started process (PID=790) to work on /home/airflow/.local/lib/python3.12/site-packages/airflow/example_dags/example_sla_dag.py
[2025-04-07T00:19:14.561+0000] {processor.py:914} INFO - Processing file /home/airflow/.local/lib/python3.12/site-packages/airflow/example_dags/example_sla_dag.py for tasks to queue
[2025-04-07T00:19:14.564+0000] {logging_mixin.py:190} INFO - [2025-04-07T00:19:14.564+0000] {dagbag.py:588} INFO - Filling up the DagBag from /home/airflow/.local/lib/python3.12/site-packages/airflow/example_dags/example_sla_dag.py
[2025-04-07T00:19:14.572+0000] {processor.py:925} INFO - DAG(s) 'example_sla_dag' retrieved from /home/airflow/.local/lib/python3.12/site-packages/airflow/example_dags/example_sla_dag.py
[2025-04-07T00:19:14.593+0000] {logging_mixin.py:190} INFO - [2025-04-07T00:19:14.593+0000] {dag.py:3239} INFO - Sync 1 DAGs
[2025-04-07T00:19:14.614+0000] {logging_mixin.py:190} INFO - [2025-04-07T00:19:14.614+0000] {dag.py:4180} INFO - Setting next_dagrun for example_sla_dag to 2025-04-07 00:16:00+00:00, run_after=2025-04-07 00:18:00+00:00
[2025-04-07T00:19:14.626+0000] {processor.py:208} INFO - Processing /home/airflow/.local/lib/python3.12/site-packages/airflow/example_dags/example_sla_dag.py took 0.074 seconds
[2025-04-07T00:19:45.331+0000] {processor.py:186} INFO - Started process (PID=855) to work on /home/airflow/.local/lib/python3.12/site-packages/airflow/example_dags/example_sla_dag.py
[2025-04-07T00:19:45.332+0000] {processor.py:914} INFO - Processing file /home/airflow/.local/lib/python3.12/site-packages/airflow/example_dags/example_sla_dag.py for tasks to queue
[2025-04-07T00:19:45.335+0000] {logging_mixin.py:190} INFO - [2025-04-07T00:19:45.335+0000] {dagbag.py:588} INFO - Filling up the DagBag from /home/airflow/.local/lib/python3.12/site-packages/airflow/example_dags/example_sla_dag.py
[2025-04-07T00:19:45.343+0000] {processor.py:925} INFO - DAG(s) 'example_sla_dag' retrieved from /home/airflow/.local/lib/python3.12/site-packages/airflow/example_dags/example_sla_dag.py
[2025-04-07T00:19:45.362+0000] {logging_mixin.py:190} INFO - [2025-04-07T00:19:45.362+0000] {dag.py:3239} INFO - Sync 1 DAGs
[2025-04-07T00:19:45.385+0000] {logging_mixin.py:190} INFO - [2025-04-07T00:19:45.385+0000] {dag.py:4180} INFO - Setting next_dagrun for example_sla_dag to 2025-04-07 00:16:00+00:00, run_after=2025-04-07 00:18:00+00:00
[2025-04-07T00:19:45.398+0000] {processor.py:208} INFO - Processing /home/airflow/.local/lib/python3.12/site-packages/airflow/example_dags/example_sla_dag.py took 0.075 seconds
[2025-04-07T00:20:16.962+0000] {processor.py:186} INFO - Started process (PID=921) to work on /home/airflow/.local/lib/python3.12/site-packages/airflow/example_dags/example_sla_dag.py
[2025-04-07T00:20:16.963+0000] {processor.py:914} INFO - Processing file /home/airflow/.local/lib/python3.12/site-packages/airflow/example_dags/example_sla_dag.py for tasks to queue
[2025-04-07T00:20:16.966+0000] {logging_mixin.py:190} INFO - [2025-04-07T00:20:16.966+0000] {dagbag.py:588} INFO - Filling up the DagBag from /home/airflow/.local/lib/python3.12/site-packages/airflow/example_dags/example_sla_dag.py
[2025-04-07T00:20:16.974+0000] {processor.py:925} INFO - DAG(s) 'example_sla_dag' retrieved from /home/airflow/.local/lib/python3.12/site-packages/airflow/example_dags/example_sla_dag.py
[2025-04-07T00:20:16.993+0000] {logging_mixin.py:190} INFO - [2025-04-07T00:20:16.993+0000] {dag.py:3239} INFO - Sync 1 DAGs
[2025-04-07T00:20:17.016+0000] {logging_mixin.py:190} INFO - [2025-04-07T00:20:17.016+0000] {dag.py:4180} INFO - Setting next_dagrun for example_sla_dag to 2025-04-07 00:18:00+00:00, run_after=2025-04-07 00:20:00+00:00
[2025-04-07T00:20:17.030+0000] {processor.py:208} INFO - Processing /home/airflow/.local/lib/python3.12/site-packages/airflow/example_dags/example_sla_dag.py took 0.076 seconds
[2025-04-07T00:20:47.738+0000] {processor.py:186} INFO - Started process (PID=986) to work on /home/airflow/.local/lib/python3.12/site-packages/airflow/example_dags/example_sla_dag.py
[2025-04-07T00:20:47.738+0000] {processor.py:914} INFO - Processing file /home/airflow/.local/lib/python3.12/site-packages/airflow/example_dags/example_sla_dag.py for tasks to queue
[2025-04-07T00:20:47.740+0000] {logging_mixin.py:190} INFO - [2025-04-07T00:20:47.740+0000] {dagbag.py:588} INFO - Filling up the DagBag from /home/airflow/.local/lib/python3.12/site-packages/airflow/example_dags/example_sla_dag.py
[2025-04-07T00:20:47.747+0000] {processor.py:925} INFO - DAG(s) 'example_sla_dag' retrieved from /home/airflow/.local/lib/python3.12/site-packages/airflow/example_dags/example_sla_dag.py
[2025-04-07T00:20:47.766+0000] {logging_mixin.py:190} INFO - [2025-04-07T00:20:47.765+0000] {dag.py:3239} INFO - Sync 1 DAGs
[2025-04-07T00:20:47.787+0000] {logging_mixin.py:190} INFO - [2025-04-07T00:20:47.787+0000] {dag.py:4180} INFO - Setting next_dagrun for example_sla_dag to 2025-04-07 00:18:00+00:00, run_after=2025-04-07 00:20:00+00:00
[2025-04-07T00:20:47.801+0000] {processor.py:208} INFO - Processing /home/airflow/.local/lib/python3.12/site-packages/airflow/example_dags/example_sla_dag.py took 0.068 seconds
[2025-04-07T00:21:17.996+0000] {processor.py:186} INFO - Started process (PID=1051) to work on /home/airflow/.local/lib/python3.12/site-packages/airflow/example_dags/example_sla_dag.py
[2025-04-07T00:21:17.999+0000] {processor.py:914} INFO - Processing file /home/airflow/.local/lib/python3.12/site-packages/airflow/example_dags/example_sla_dag.py for tasks to queue
[2025-04-07T00:21:18.002+0000] {logging_mixin.py:190} INFO - [2025-04-07T00:21:18.002+0000] {dagbag.py:588} INFO - Filling up the DagBag from /home/airflow/.local/lib/python3.12/site-packages/airflow/example_dags/example_sla_dag.py
[2025-04-07T00:21:18.011+0000] {processor.py:925} INFO - DAG(s) 'example_sla_dag' retrieved from /home/airflow/.local/lib/python3.12/site-packages/airflow/example_dags/example_sla_dag.py
[2025-04-07T00:21:18.030+0000] {logging_mixin.py:190} INFO - [2025-04-07T00:21:18.029+0000] {dag.py:3239} INFO - Sync 1 DAGs
[2025-04-07T00:21:18.051+0000] {logging_mixin.py:190} INFO - [2025-04-07T00:21:18.051+0000] {dag.py:4180} INFO - Setting next_dagrun for example_sla_dag to 2025-04-07 00:18:00+00:00, run_after=2025-04-07 00:20:00+00:00
[2025-04-07T00:21:18.066+0000] {processor.py:208} INFO - Processing /home/airflow/.local/lib/python3.12/site-packages/airflow/example_dags/example_sla_dag.py took 0.077 seconds
[2025-04-07T00:21:49.116+0000] {processor.py:186} INFO - Started process (PID=1116) to work on /home/airflow/.local/lib/python3.12/site-packages/airflow/example_dags/example_sla_dag.py
[2025-04-07T00:21:49.117+0000] {processor.py:914} INFO - Processing file /home/airflow/.local/lib/python3.12/site-packages/airflow/example_dags/example_sla_dag.py for tasks to queue
[2025-04-07T00:21:49.119+0000] {logging_mixin.py:190} INFO - [2025-04-07T00:21:49.119+0000] {dagbag.py:588} INFO - Filling up the DagBag from /home/airflow/.local/lib/python3.12/site-packages/airflow/example_dags/example_sla_dag.py
[2025-04-07T00:21:49.127+0000] {processor.py:925} INFO - DAG(s) 'example_sla_dag' retrieved from /home/airflow/.local/lib/python3.12/site-packages/airflow/example_dags/example_sla_dag.py
[2025-04-07T00:21:49.146+0000] {logging_mixin.py:190} INFO - [2025-04-07T00:21:49.145+0000] {dag.py:3239} INFO - Sync 1 DAGs
[2025-04-07T00:21:49.361+0000] {logging_mixin.py:190} INFO - [2025-04-07T00:21:49.361+0000] {dag.py:4180} INFO - Setting next_dagrun for example_sla_dag to 2025-04-07 00:18:00+00:00, run_after=2025-04-07 00:20:00+00:00
[2025-04-07T00:21:49.375+0000] {processor.py:208} INFO - Processing /home/airflow/.local/lib/python3.12/site-packages/airflow/example_dags/example_sla_dag.py took 0.267 seconds
[2025-04-07T00:22:19.632+0000] {processor.py:186} INFO - Started process (PID=1182) to work on /home/airflow/.local/lib/python3.12/site-packages/airflow/example_dags/example_sla_dag.py
[2025-04-07T00:22:19.633+0000] {processor.py:914} INFO - Processing file /home/airflow/.local/lib/python3.12/site-packages/airflow/example_dags/example_sla_dag.py for tasks to queue
[2025-04-07T00:22:19.637+0000] {logging_mixin.py:190} INFO - [2025-04-07T00:22:19.636+0000] {dagbag.py:588} INFO - Filling up the DagBag from /home/airflow/.local/lib/python3.12/site-packages/airflow/example_dags/example_sla_dag.py
[2025-04-07T00:22:19.645+0000] {processor.py:925} INFO - DAG(s) 'example_sla_dag' retrieved from /home/airflow/.local/lib/python3.12/site-packages/airflow/example_dags/example_sla_dag.py
[2025-04-07T00:22:19.668+0000] {logging_mixin.py:190} INFO - [2025-04-07T00:22:19.668+0000] {dag.py:3239} INFO - Sync 1 DAGs
[2025-04-07T00:22:19.699+0000] {logging_mixin.py:190} INFO - [2025-04-07T00:22:19.698+0000] {dag.py:4180} INFO - Setting next_dagrun for example_sla_dag to 2025-04-07 00:20:00+00:00, run_after=2025-04-07 00:22:00+00:00
[2025-04-07T00:22:19.918+0000] {processor.py:208} INFO - Processing /home/airflow/.local/lib/python3.12/site-packages/airflow/example_dags/example_sla_dag.py took 0.294 seconds
[2025-04-07T00:22:50.302+0000] {processor.py:186} INFO - Started process (PID=1247) to work on /home/airflow/.local/lib/python3.12/site-packages/airflow/example_dags/example_sla_dag.py
[2025-04-07T00:22:50.303+0000] {processor.py:914} INFO - Processing file /home/airflow/.local/lib/python3.12/site-packages/airflow/example_dags/example_sla_dag.py for tasks to queue
[2025-04-07T00:22:50.306+0000] {logging_mixin.py:190} INFO - [2025-04-07T00:22:50.306+0000] {dagbag.py:588} INFO - Filling up the DagBag from /home/airflow/.local/lib/python3.12/site-packages/airflow/example_dags/example_sla_dag.py
[2025-04-07T00:22:50.314+0000] {processor.py:925} INFO - DAG(s) 'example_sla_dag' retrieved from /home/airflow/.local/lib/python3.12/site-packages/airflow/example_dags/example_sla_dag.py
[2025-04-07T00:22:50.330+0000] {logging_mixin.py:190} INFO - [2025-04-07T00:22:50.330+0000] {dag.py:3239} INFO - Sync 1 DAGs
[2025-04-07T00:22:50.349+0000] {logging_mixin.py:190} INFO - [2025-04-07T00:22:50.349+0000] {dag.py:4180} INFO - Setting next_dagrun for example_sla_dag to 2025-04-07 00:20:00+00:00, run_after=2025-04-07 00:22:00+00:00
[2025-04-07T00:22:50.363+0000] {processor.py:208} INFO - Processing /home/airflow/.local/lib/python3.12/site-packages/airflow/example_dags/example_sla_dag.py took 0.070 seconds
[2025-04-07T00:23:20.929+0000] {processor.py:186} INFO - Started process (PID=1312) to work on /home/airflow/.local/lib/python3.12/site-packages/airflow/example_dags/example_sla_dag.py
[2025-04-07T00:23:20.931+0000] {processor.py:914} INFO - Processing file /home/airflow/.local/lib/python3.12/site-packages/airflow/example_dags/example_sla_dag.py for tasks to queue
[2025-04-07T00:23:20.934+0000] {logging_mixin.py:190} INFO - [2025-04-07T00:23:20.933+0000] {dagbag.py:588} INFO - Filling up the DagBag from /home/airflow/.local/lib/python3.12/site-packages/airflow/example_dags/example_sla_dag.py
[2025-04-07T00:23:20.942+0000] {processor.py:925} INFO - DAG(s) 'example_sla_dag' retrieved from /home/airflow/.local/lib/python3.12/site-packages/airflow/example_dags/example_sla_dag.py
[2025-04-07T00:23:20.962+0000] {logging_mixin.py:190} INFO - [2025-04-07T00:23:20.961+0000] {dag.py:3239} INFO - Sync 1 DAGs
[2025-04-07T00:23:20.983+0000] {logging_mixin.py:190} INFO - [2025-04-07T00:23:20.983+0000] {dag.py:4180} INFO - Setting next_dagrun for example_sla_dag to 2025-04-07 00:20:00+00:00, run_after=2025-04-07 00:22:00+00:00
[2025-04-07T00:23:20.999+0000] {processor.py:208} INFO - Processing /home/airflow/.local/lib/python3.12/site-packages/airflow/example_dags/example_sla_dag.py took 0.077 seconds
[2025-04-07T00:23:52.135+0000] {processor.py:186} INFO - Started process (PID=1377) to work on /home/airflow/.local/lib/python3.12/site-packages/airflow/example_dags/example_sla_dag.py
[2025-04-07T00:23:52.136+0000] {processor.py:914} INFO - Processing file /home/airflow/.local/lib/python3.12/site-packages/airflow/example_dags/example_sla_dag.py for tasks to queue
[2025-04-07T00:23:52.138+0000] {logging_mixin.py:190} INFO - [2025-04-07T00:23:52.138+0000] {dagbag.py:588} INFO - Filling up the DagBag from /home/airflow/.local/lib/python3.12/site-packages/airflow/example_dags/example_sla_dag.py
[2025-04-07T00:23:52.146+0000] {processor.py:925} INFO - DAG(s) 'example_sla_dag' retrieved from /home/airflow/.local/lib/python3.12/site-packages/airflow/example_dags/example_sla_dag.py
[2025-04-07T00:23:52.166+0000] {logging_mixin.py:190} INFO - [2025-04-07T00:23:52.166+0000] {dag.py:3239} INFO - Sync 1 DAGs
[2025-04-07T00:23:52.190+0000] {logging_mixin.py:190} INFO - [2025-04-07T00:23:52.189+0000] {dag.py:4180} INFO - Setting next_dagrun for example_sla_dag to 2025-04-07 00:20:00+00:00, run_after=2025-04-07 00:22:00+00:00
[2025-04-07T00:23:52.206+0000] {processor.py:208} INFO - Processing /home/airflow/.local/lib/python3.12/site-packages/airflow/example_dags/example_sla_dag.py took 0.076 seconds
[2025-04-07T00:24:22.883+0000] {processor.py:186} INFO - Started process (PID=1458) to work on /home/airflow/.local/lib/python3.12/site-packages/airflow/example_dags/example_sla_dag.py
[2025-04-07T00:24:22.884+0000] {processor.py:914} INFO - Processing file /home/airflow/.local/lib/python3.12/site-packages/airflow/example_dags/example_sla_dag.py for tasks to queue
[2025-04-07T00:24:22.887+0000] {logging_mixin.py:190} INFO - [2025-04-07T00:24:22.887+0000] {dagbag.py:588} INFO - Filling up the DagBag from /home/airflow/.local/lib/python3.12/site-packages/airflow/example_dags/example_sla_dag.py
[2025-04-07T00:24:22.895+0000] {processor.py:925} INFO - DAG(s) 'example_sla_dag' retrieved from /home/airflow/.local/lib/python3.12/site-packages/airflow/example_dags/example_sla_dag.py
[2025-04-07T00:24:23.119+0000] {logging_mixin.py:190} INFO - [2025-04-07T00:24:23.118+0000] {dag.py:3239} INFO - Sync 1 DAGs
[2025-04-07T00:24:23.139+0000] {logging_mixin.py:190} INFO - [2025-04-07T00:24:23.139+0000] {dag.py:4180} INFO - Setting next_dagrun for example_sla_dag to 2025-04-07 00:22:00+00:00, run_after=2025-04-07 00:24:00+00:00
[2025-04-07T00:24:23.152+0000] {processor.py:208} INFO - Processing /home/airflow/.local/lib/python3.12/site-packages/airflow/example_dags/example_sla_dag.py took 0.277 seconds
[2025-04-07T00:24:54.515+0000] {processor.py:186} INFO - Started process (PID=1524) to work on /home/airflow/.local/lib/python3.12/site-packages/airflow/example_dags/example_sla_dag.py
[2025-04-07T00:24:54.516+0000] {processor.py:914} INFO - Processing file /home/airflow/.local/lib/python3.12/site-packages/airflow/example_dags/example_sla_dag.py for tasks to queue
[2025-04-07T00:24:54.518+0000] {logging_mixin.py:190} INFO - [2025-04-07T00:24:54.518+0000] {dagbag.py:588} INFO - Filling up the DagBag from /home/airflow/.local/lib/python3.12/site-packages/airflow/example_dags/example_sla_dag.py
[2025-04-07T00:24:54.526+0000] {processor.py:925} INFO - DAG(s) 'example_sla_dag' retrieved from /home/airflow/.local/lib/python3.12/site-packages/airflow/example_dags/example_sla_dag.py
[2025-04-07T00:24:54.544+0000] {logging_mixin.py:190} INFO - [2025-04-07T00:24:54.544+0000] {dag.py:3239} INFO - Sync 1 DAGs
[2025-04-07T00:24:54.759+0000] {logging_mixin.py:190} INFO - [2025-04-07T00:24:54.759+0000] {dag.py:4180} INFO - Setting next_dagrun for example_sla_dag to 2025-04-07 00:22:00+00:00, run_after=2025-04-07 00:24:00+00:00
[2025-04-07T00:24:54.771+0000] {processor.py:208} INFO - Processing /home/airflow/.local/lib/python3.12/site-packages/airflow/example_dags/example_sla_dag.py took 0.264 seconds
[2025-04-07T00:25:24.996+0000] {processor.py:186} INFO - Started process (PID=1593) to work on /home/airflow/.local/lib/python3.12/site-packages/airflow/example_dags/example_sla_dag.py
[2025-04-07T00:25:24.997+0000] {processor.py:914} INFO - Processing file /home/airflow/.local/lib/python3.12/site-packages/airflow/example_dags/example_sla_dag.py for tasks to queue
[2025-04-07T00:25:25.000+0000] {logging_mixin.py:190} INFO - [2025-04-07T00:25:25.000+0000] {dagbag.py:588} INFO - Filling up the DagBag from /home/airflow/.local/lib/python3.12/site-packages/airflow/example_dags/example_sla_dag.py
[2025-04-07T00:25:25.008+0000] {processor.py:925} INFO - DAG(s) 'example_sla_dag' retrieved from /home/airflow/.local/lib/python3.12/site-packages/airflow/example_dags/example_sla_dag.py
[2025-04-07T00:25:25.027+0000] {logging_mixin.py:190} INFO - [2025-04-07T00:25:25.026+0000] {dag.py:3239} INFO - Sync 1 DAGs
[2025-04-07T00:25:25.051+0000] {logging_mixin.py:190} INFO - [2025-04-07T00:25:25.050+0000] {dag.py:4180} INFO - Setting next_dagrun for example_sla_dag to 2025-04-07 00:22:00+00:00, run_after=2025-04-07 00:24:00+00:00
[2025-04-07T00:25:25.065+0000] {processor.py:208} INFO - Processing /home/airflow/.local/lib/python3.12/site-packages/airflow/example_dags/example_sla_dag.py took 0.077 seconds
[2025-04-07T00:25:56.741+0000] {processor.py:186} INFO - Started process (PID=1658) to work on /home/airflow/.local/lib/python3.12/site-packages/airflow/example_dags/example_sla_dag.py
[2025-04-07T00:25:56.742+0000] {processor.py:914} INFO - Processing file /home/airflow/.local/lib/python3.12/site-packages/airflow/example_dags/example_sla_dag.py for tasks to queue
[2025-04-07T00:25:56.744+0000] {logging_mixin.py:190} INFO - [2025-04-07T00:25:56.744+0000] {dagbag.py:588} INFO - Filling up the DagBag from /home/airflow/.local/lib/python3.12/site-packages/airflow/example_dags/example_sla_dag.py
[2025-04-07T00:25:56.952+0000] {processor.py:925} INFO - DAG(s) 'example_sla_dag' retrieved from /home/airflow/.local/lib/python3.12/site-packages/airflow/example_dags/example_sla_dag.py
[2025-04-07T00:25:56.969+0000] {logging_mixin.py:190} INFO - [2025-04-07T00:25:56.969+0000] {dag.py:3239} INFO - Sync 1 DAGs
[2025-04-07T00:25:56.990+0000] {logging_mixin.py:190} INFO - [2025-04-07T00:25:56.990+0000] {dag.py:4180} INFO - Setting next_dagrun for example_sla_dag to 2025-04-07 00:22:00+00:00, run_after=2025-04-07 00:24:00+00:00
[2025-04-07T00:25:57.002+0000] {processor.py:208} INFO - Processing /home/airflow/.local/lib/python3.12/site-packages/airflow/example_dags/example_sla_dag.py took 0.265 seconds
[2025-04-07T00:26:27.427+0000] {processor.py:186} INFO - Started process (PID=1723) to work on /home/airflow/.local/lib/python3.12/site-packages/airflow/example_dags/example_sla_dag.py
[2025-04-07T00:26:27.428+0000] {processor.py:914} INFO - Processing file /home/airflow/.local/lib/python3.12/site-packages/airflow/example_dags/example_sla_dag.py for tasks to queue
[2025-04-07T00:26:27.430+0000] {logging_mixin.py:190} INFO - [2025-04-07T00:26:27.430+0000] {dagbag.py:588} INFO - Filling up the DagBag from /home/airflow/.local/lib/python3.12/site-packages/airflow/example_dags/example_sla_dag.py
[2025-04-07T00:26:27.437+0000] {processor.py:925} INFO - DAG(s) 'example_sla_dag' retrieved from /home/airflow/.local/lib/python3.12/site-packages/airflow/example_dags/example_sla_dag.py
[2025-04-07T00:26:27.457+0000] {logging_mixin.py:190} INFO - [2025-04-07T00:26:27.457+0000] {dag.py:3239} INFO - Sync 1 DAGs
[2025-04-07T00:26:27.479+0000] {logging_mixin.py:190} INFO - [2025-04-07T00:26:27.479+0000] {dag.py:4180} INFO - Setting next_dagrun for example_sla_dag to 2025-04-07 00:24:00+00:00, run_after=2025-04-07 00:26:00+00:00
[2025-04-07T00:26:27.493+0000] {processor.py:208} INFO - Processing /home/airflow/.local/lib/python3.12/site-packages/airflow/example_dags/example_sla_dag.py took 0.073 seconds
[2025-04-07T00:26:58.293+0000] {processor.py:186} INFO - Started process (PID=1788) to work on /home/airflow/.local/lib/python3.12/site-packages/airflow/example_dags/example_sla_dag.py
[2025-04-07T00:26:58.293+0000] {processor.py:914} INFO - Processing file /home/airflow/.local/lib/python3.12/site-packages/airflow/example_dags/example_sla_dag.py for tasks to queue
[2025-04-07T00:26:58.297+0000] {logging_mixin.py:190} INFO - [2025-04-07T00:26:58.297+0000] {dagbag.py:588} INFO - Filling up the DagBag from /home/airflow/.local/lib/python3.12/site-packages/airflow/example_dags/example_sla_dag.py
[2025-04-07T00:26:58.308+0000] {processor.py:925} INFO - DAG(s) 'example_sla_dag' retrieved from /home/airflow/.local/lib/python3.12/site-packages/airflow/example_dags/example_sla_dag.py
[2025-04-07T00:26:58.331+0000] {logging_mixin.py:190} INFO - [2025-04-07T00:26:58.331+0000] {dag.py:3239} INFO - Sync 1 DAGs
[2025-04-07T00:26:58.363+0000] {logging_mixin.py:190} INFO - [2025-04-07T00:26:58.363+0000] {dag.py:4180} INFO - Setting next_dagrun for example_sla_dag to 2025-04-07 00:24:00+00:00, run_after=2025-04-07 00:26:00+00:00
[2025-04-07T00:26:58.384+0000] {processor.py:208} INFO - Processing /home/airflow/.local/lib/python3.12/site-packages/airflow/example_dags/example_sla_dag.py took 0.096 seconds
[2025-04-07T00:27:28.963+0000] {processor.py:186} INFO - Started process (PID=1853) to work on /home/airflow/.local/lib/python3.12/site-packages/airflow/example_dags/example_sla_dag.py
[2025-04-07T00:27:28.964+0000] {processor.py:914} INFO - Processing file /home/airflow/.local/lib/python3.12/site-packages/airflow/example_dags/example_sla_dag.py for tasks to queue
[2025-04-07T00:27:28.966+0000] {logging_mixin.py:190} INFO - [2025-04-07T00:27:28.966+0000] {dagbag.py:588} INFO - Filling up the DagBag from /home/airflow/.local/lib/python3.12/site-packages/airflow/example_dags/example_sla_dag.py
[2025-04-07T00:27:28.974+0000] {processor.py:925} INFO - DAG(s) 'example_sla_dag' retrieved from /home/airflow/.local/lib/python3.12/site-packages/airflow/example_dags/example_sla_dag.py
[2025-04-07T00:27:28.991+0000] {logging_mixin.py:190} INFO - [2025-04-07T00:27:28.991+0000] {dag.py:3239} INFO - Sync 1 DAGs
[2025-04-07T00:27:29.013+0000] {logging_mixin.py:190} INFO - [2025-04-07T00:27:29.013+0000] {dag.py:4180} INFO - Setting next_dagrun for example_sla_dag to 2025-04-07 00:24:00+00:00, run_after=2025-04-07 00:26:00+00:00
[2025-04-07T00:27:29.026+0000] {processor.py:208} INFO - Processing /home/airflow/.local/lib/python3.12/site-packages/airflow/example_dags/example_sla_dag.py took 0.071 seconds
[2025-04-07T00:27:59.659+0000] {processor.py:186} INFO - Started process (PID=1918) to work on /home/airflow/.local/lib/python3.12/site-packages/airflow/example_dags/example_sla_dag.py
[2025-04-07T00:27:59.660+0000] {processor.py:914} INFO - Processing file /home/airflow/.local/lib/python3.12/site-packages/airflow/example_dags/example_sla_dag.py for tasks to queue
[2025-04-07T00:27:59.663+0000] {logging_mixin.py:190} INFO - [2025-04-07T00:27:59.663+0000] {dagbag.py:588} INFO - Filling up the DagBag from /home/airflow/.local/lib/python3.12/site-packages/airflow/example_dags/example_sla_dag.py
[2025-04-07T00:27:59.671+0000] {processor.py:925} INFO - DAG(s) 'example_sla_dag' retrieved from /home/airflow/.local/lib/python3.12/site-packages/airflow/example_dags/example_sla_dag.py
[2025-04-07T00:27:59.688+0000] {logging_mixin.py:190} INFO - [2025-04-07T00:27:59.688+0000] {dag.py:3239} INFO - Sync 1 DAGs
[2025-04-07T00:27:59.711+0000] {logging_mixin.py:190} INFO - [2025-04-07T00:27:59.711+0000] {dag.py:4180} INFO - Setting next_dagrun for example_sla_dag to 2025-04-07 00:24:00+00:00, run_after=2025-04-07 00:26:00+00:00
[2025-04-07T00:27:59.724+0000] {processor.py:208} INFO - Processing /home/airflow/.local/lib/python3.12/site-packages/airflow/example_dags/example_sla_dag.py took 0.073 seconds
[2025-04-07T00:28:30.557+0000] {processor.py:186} INFO - Started process (PID=1983) to work on /home/airflow/.local/lib/python3.12/site-packages/airflow/example_dags/example_sla_dag.py
[2025-04-07T00:28:30.558+0000] {processor.py:914} INFO - Processing file /home/airflow/.local/lib/python3.12/site-packages/airflow/example_dags/example_sla_dag.py for tasks to queue
[2025-04-07T00:28:30.560+0000] {logging_mixin.py:190} INFO - [2025-04-07T00:28:30.560+0000] {dagbag.py:588} INFO - Filling up the DagBag from /home/airflow/.local/lib/python3.12/site-packages/airflow/example_dags/example_sla_dag.py
[2025-04-07T00:28:30.571+0000] {processor.py:925} INFO - DAG(s) 'example_sla_dag' retrieved from /home/airflow/.local/lib/python3.12/site-packages/airflow/example_dags/example_sla_dag.py
[2025-04-07T00:28:30.589+0000] {logging_mixin.py:190} INFO - [2025-04-07T00:28:30.589+0000] {dag.py:3239} INFO - Sync 1 DAGs
[2025-04-07T00:28:30.614+0000] {logging_mixin.py:190} INFO - [2025-04-07T00:28:30.614+0000] {dag.py:4180} INFO - Setting next_dagrun for example_sla_dag to 2025-04-07 00:26:00+00:00, run_after=2025-04-07 00:28:00+00:00
[2025-04-07T00:28:30.631+0000] {processor.py:208} INFO - Processing /home/airflow/.local/lib/python3.12/site-packages/airflow/example_dags/example_sla_dag.py took 0.079 seconds
