[2025-04-07T00:01:50.490+0000] {processor.py:186} INFO - Started process (PID=143) to work on /home/airflow/.local/lib/python3.12/site-packages/airflow/example_dags/example_xcomargs.py
[2025-04-07T00:01:50.490+0000] {processor.py:914} INFO - Processing file /home/airflow/.local/lib/python3.12/site-packages/airflow/example_dags/example_xcomargs.py for tasks to queue
[2025-04-07T00:01:50.492+0000] {logging_mixin.py:190} INFO - [2025-04-07T00:01:50.492+0000] {dagbag.py:588} INFO - Filling up the DagBag from /home/airflow/.local/lib/python3.12/site-packages/airflow/example_dags/example_xcomargs.py
[2025-04-07T00:01:50.500+0000] {processor.py:925} INFO - DAG(s) 'example_xcom_args_with_operators', 'example_xcom_args' retrieved from /home/airflow/.local/lib/python3.12/site-packages/airflow/example_dags/example_xcomargs.py
[2025-04-07T00:01:50.524+0000] {logging_mixin.py:190} INFO - [2025-04-07T00:01:50.524+0000] {dag.py:3239} INFO - Sync 2 DAGs
[2025-04-07T00:01:50.542+0000] {logging_mixin.py:190} INFO - [2025-04-07T00:01:50.541+0000] {dag.py:4180} INFO - Setting next_dagrun for example_xcom_args to None, run_after=None
[2025-04-07T00:01:50.546+0000] {logging_mixin.py:190} INFO - [2025-04-07T00:01:50.545+0000] {dag.py:4180} INFO - Setting next_dagrun for example_xcom_args_with_operators to None, run_after=None
[2025-04-07T00:01:50.561+0000] {processor.py:208} INFO - Processing /home/airflow/.local/lib/python3.12/site-packages/airflow/example_dags/example_xcomargs.py took 0.076 seconds
[2025-04-07T00:02:21.604+0000] {processor.py:186} INFO - Started process (PID=208) to work on /home/airflow/.local/lib/python3.12/site-packages/airflow/example_dags/example_xcomargs.py
[2025-04-07T00:02:21.604+0000] {processor.py:914} INFO - Processing file /home/airflow/.local/lib/python3.12/site-packages/airflow/example_dags/example_xcomargs.py for tasks to queue
[2025-04-07T00:02:21.606+0000] {logging_mixin.py:190} INFO - [2025-04-07T00:02:21.606+0000] {dagbag.py:588} INFO - Filling up the DagBag from /home/airflow/.local/lib/python3.12/site-packages/airflow/example_dags/example_xcomargs.py
[2025-04-07T00:02:21.615+0000] {processor.py:925} INFO - DAG(s) 'example_xcom_args', 'example_xcom_args_with_operators' retrieved from /home/airflow/.local/lib/python3.12/site-packages/airflow/example_dags/example_xcomargs.py
[2025-04-07T00:02:21.639+0000] {logging_mixin.py:190} INFO - [2025-04-07T00:02:21.639+0000] {dag.py:3239} INFO - Sync 2 DAGs
[2025-04-07T00:02:21.654+0000] {logging_mixin.py:190} INFO - [2025-04-07T00:02:21.653+0000] {dag.py:4180} INFO - Setting next_dagrun for example_xcom_args to None, run_after=None
[2025-04-07T00:02:21.657+0000] {logging_mixin.py:190} INFO - [2025-04-07T00:02:21.657+0000] {dag.py:4180} INFO - Setting next_dagrun for example_xcom_args_with_operators to None, run_after=None
[2025-04-07T00:02:21.670+0000] {processor.py:208} INFO - Processing /home/airflow/.local/lib/python3.12/site-packages/airflow/example_dags/example_xcomargs.py took 0.071 seconds
[2025-04-07T00:02:52.341+0000] {processor.py:186} INFO - Started process (PID=273) to work on /home/airflow/.local/lib/python3.12/site-packages/airflow/example_dags/example_xcomargs.py
[2025-04-07T00:02:52.342+0000] {processor.py:914} INFO - Processing file /home/airflow/.local/lib/python3.12/site-packages/airflow/example_dags/example_xcomargs.py for tasks to queue
[2025-04-07T00:02:52.346+0000] {logging_mixin.py:190} INFO - [2025-04-07T00:02:52.345+0000] {dagbag.py:588} INFO - Filling up the DagBag from /home/airflow/.local/lib/python3.12/site-packages/airflow/example_dags/example_xcomargs.py
[2025-04-07T00:02:52.354+0000] {processor.py:925} INFO - DAG(s) 'example_xcom_args_with_operators', 'example_xcom_args' retrieved from /home/airflow/.local/lib/python3.12/site-packages/airflow/example_dags/example_xcomargs.py
[2025-04-07T00:02:52.375+0000] {logging_mixin.py:190} INFO - [2025-04-07T00:02:52.375+0000] {dag.py:3239} INFO - Sync 2 DAGs
[2025-04-07T00:02:52.389+0000] {logging_mixin.py:190} INFO - [2025-04-07T00:02:52.388+0000] {dag.py:4180} INFO - Setting next_dagrun for example_xcom_args to None, run_after=None
[2025-04-07T00:02:52.392+0000] {logging_mixin.py:190} INFO - [2025-04-07T00:02:52.392+0000] {dag.py:4180} INFO - Setting next_dagrun for example_xcom_args_with_operators to None, run_after=None
[2025-04-07T00:02:52.405+0000] {processor.py:208} INFO - Processing /home/airflow/.local/lib/python3.12/site-packages/airflow/example_dags/example_xcomargs.py took 0.072 seconds
[2025-04-07T00:03:22.843+0000] {processor.py:186} INFO - Started process (PID=338) to work on /home/airflow/.local/lib/python3.12/site-packages/airflow/example_dags/example_xcomargs.py
[2025-04-07T00:03:22.844+0000] {processor.py:914} INFO - Processing file /home/airflow/.local/lib/python3.12/site-packages/airflow/example_dags/example_xcomargs.py for tasks to queue
[2025-04-07T00:03:22.848+0000] {logging_mixin.py:190} INFO - [2025-04-07T00:03:22.847+0000] {dagbag.py:588} INFO - Filling up the DagBag from /home/airflow/.local/lib/python3.12/site-packages/airflow/example_dags/example_xcomargs.py
[2025-04-07T00:03:22.856+0000] {processor.py:925} INFO - DAG(s) 'example_xcom_args_with_operators', 'example_xcom_args' retrieved from /home/airflow/.local/lib/python3.12/site-packages/airflow/example_dags/example_xcomargs.py
[2025-04-07T00:03:22.876+0000] {logging_mixin.py:190} INFO - [2025-04-07T00:03:22.876+0000] {dag.py:3239} INFO - Sync 2 DAGs
[2025-04-07T00:03:22.889+0000] {logging_mixin.py:190} INFO - [2025-04-07T00:03:22.889+0000] {dag.py:4180} INFO - Setting next_dagrun for example_xcom_args to None, run_after=None
[2025-04-07T00:03:22.892+0000] {logging_mixin.py:190} INFO - [2025-04-07T00:03:22.892+0000] {dag.py:4180} INFO - Setting next_dagrun for example_xcom_args_with_operators to None, run_after=None
[2025-04-07T00:03:22.903+0000] {processor.py:208} INFO - Processing /home/airflow/.local/lib/python3.12/site-packages/airflow/example_dags/example_xcomargs.py took 0.068 seconds
[2025-04-07T00:03:53.181+0000] {processor.py:186} INFO - Started process (PID=403) to work on /home/airflow/.local/lib/python3.12/site-packages/airflow/example_dags/example_xcomargs.py
[2025-04-07T00:03:53.181+0000] {processor.py:914} INFO - Processing file /home/airflow/.local/lib/python3.12/site-packages/airflow/example_dags/example_xcomargs.py for tasks to queue
[2025-04-07T00:03:53.183+0000] {logging_mixin.py:190} INFO - [2025-04-07T00:03:53.183+0000] {dagbag.py:588} INFO - Filling up the DagBag from /home/airflow/.local/lib/python3.12/site-packages/airflow/example_dags/example_xcomargs.py
[2025-04-07T00:03:53.191+0000] {processor.py:925} INFO - DAG(s) 'example_xcom_args', 'example_xcom_args_with_operators' retrieved from /home/airflow/.local/lib/python3.12/site-packages/airflow/example_dags/example_xcomargs.py
[2025-04-07T00:03:53.212+0000] {logging_mixin.py:190} INFO - [2025-04-07T00:03:53.212+0000] {dag.py:3239} INFO - Sync 2 DAGs
[2025-04-07T00:03:53.225+0000] {logging_mixin.py:190} INFO - [2025-04-07T00:03:53.225+0000] {dag.py:4180} INFO - Setting next_dagrun for example_xcom_args to None, run_after=None
[2025-04-07T00:03:53.228+0000] {logging_mixin.py:190} INFO - [2025-04-07T00:03:53.228+0000] {dag.py:4180} INFO - Setting next_dagrun for example_xcom_args_with_operators to None, run_after=None
[2025-04-07T00:03:53.239+0000] {processor.py:208} INFO - Processing /home/airflow/.local/lib/python3.12/site-packages/airflow/example_dags/example_xcomargs.py took 0.066 seconds
[2025-04-07T00:04:23.722+0000] {processor.py:186} INFO - Started process (PID=468) to work on /home/airflow/.local/lib/python3.12/site-packages/airflow/example_dags/example_xcomargs.py
[2025-04-07T00:04:23.723+0000] {processor.py:914} INFO - Processing file /home/airflow/.local/lib/python3.12/site-packages/airflow/example_dags/example_xcomargs.py for tasks to queue
[2025-04-07T00:04:23.725+0000] {logging_mixin.py:190} INFO - [2025-04-07T00:04:23.724+0000] {dagbag.py:588} INFO - Filling up the DagBag from /home/airflow/.local/lib/python3.12/site-packages/airflow/example_dags/example_xcomargs.py
[2025-04-07T00:04:23.732+0000] {processor.py:925} INFO - DAG(s) 'example_xcom_args_with_operators', 'example_xcom_args' retrieved from /home/airflow/.local/lib/python3.12/site-packages/airflow/example_dags/example_xcomargs.py
[2025-04-07T00:04:23.754+0000] {logging_mixin.py:190} INFO - [2025-04-07T00:04:23.754+0000] {dag.py:3239} INFO - Sync 2 DAGs
[2025-04-07T00:04:23.767+0000] {logging_mixin.py:190} INFO - [2025-04-07T00:04:23.767+0000] {dag.py:4180} INFO - Setting next_dagrun for example_xcom_args to None, run_after=None
[2025-04-07T00:04:23.770+0000] {logging_mixin.py:190} INFO - [2025-04-07T00:04:23.770+0000] {dag.py:4180} INFO - Setting next_dagrun for example_xcom_args_with_operators to None, run_after=None
[2025-04-07T00:04:23.782+0000] {processor.py:208} INFO - Processing /home/airflow/.local/lib/python3.12/site-packages/airflow/example_dags/example_xcomargs.py took 0.067 seconds
[2025-04-07T00:04:54.643+0000] {processor.py:186} INFO - Started process (PID=533) to work on /home/airflow/.local/lib/python3.12/site-packages/airflow/example_dags/example_xcomargs.py
[2025-04-07T00:04:54.644+0000] {processor.py:914} INFO - Processing file /home/airflow/.local/lib/python3.12/site-packages/airflow/example_dags/example_xcomargs.py for tasks to queue
[2025-04-07T00:04:54.648+0000] {logging_mixin.py:190} INFO - [2025-04-07T00:04:54.647+0000] {dagbag.py:588} INFO - Filling up the DagBag from /home/airflow/.local/lib/python3.12/site-packages/airflow/example_dags/example_xcomargs.py
[2025-04-07T00:04:54.655+0000] {processor.py:925} INFO - DAG(s) 'example_xcom_args_with_operators', 'example_xcom_args' retrieved from /home/airflow/.local/lib/python3.12/site-packages/airflow/example_dags/example_xcomargs.py
[2025-04-07T00:04:54.677+0000] {logging_mixin.py:190} INFO - [2025-04-07T00:04:54.677+0000] {dag.py:3239} INFO - Sync 2 DAGs
[2025-04-07T00:04:54.690+0000] {logging_mixin.py:190} INFO - [2025-04-07T00:04:54.690+0000] {dag.py:4180} INFO - Setting next_dagrun for example_xcom_args to None, run_after=None
[2025-04-07T00:04:54.693+0000] {logging_mixin.py:190} INFO - [2025-04-07T00:04:54.693+0000] {dag.py:4180} INFO - Setting next_dagrun for example_xcom_args_with_operators to None, run_after=None
[2025-04-07T00:04:54.705+0000] {processor.py:208} INFO - Processing /home/airflow/.local/lib/python3.12/site-packages/airflow/example_dags/example_xcomargs.py took 0.069 seconds
[2025-04-07T00:05:25.353+0000] {processor.py:186} INFO - Started process (PID=598) to work on /home/airflow/.local/lib/python3.12/site-packages/airflow/example_dags/example_xcomargs.py
[2025-04-07T00:05:25.353+0000] {processor.py:914} INFO - Processing file /home/airflow/.local/lib/python3.12/site-packages/airflow/example_dags/example_xcomargs.py for tasks to queue
[2025-04-07T00:05:25.355+0000] {logging_mixin.py:190} INFO - [2025-04-07T00:05:25.355+0000] {dagbag.py:588} INFO - Filling up the DagBag from /home/airflow/.local/lib/python3.12/site-packages/airflow/example_dags/example_xcomargs.py
[2025-04-07T00:05:25.362+0000] {processor.py:925} INFO - DAG(s) 'example_xcom_args_with_operators', 'example_xcom_args' retrieved from /home/airflow/.local/lib/python3.12/site-packages/airflow/example_dags/example_xcomargs.py
[2025-04-07T00:05:25.382+0000] {logging_mixin.py:190} INFO - [2025-04-07T00:05:25.382+0000] {dag.py:3239} INFO - Sync 2 DAGs
[2025-04-07T00:05:25.395+0000] {logging_mixin.py:190} INFO - [2025-04-07T00:05:25.395+0000] {dag.py:4180} INFO - Setting next_dagrun for example_xcom_args to None, run_after=None
[2025-04-07T00:05:25.398+0000] {logging_mixin.py:190} INFO - [2025-04-07T00:05:25.398+0000] {dag.py:4180} INFO - Setting next_dagrun for example_xcom_args_with_operators to None, run_after=None
[2025-04-07T00:05:25.410+0000] {processor.py:208} INFO - Processing /home/airflow/.local/lib/python3.12/site-packages/airflow/example_dags/example_xcomargs.py took 0.062 seconds
[2025-04-07T00:05:56.428+0000] {processor.py:186} INFO - Started process (PID=663) to work on /home/airflow/.local/lib/python3.12/site-packages/airflow/example_dags/example_xcomargs.py
[2025-04-07T00:05:56.429+0000] {processor.py:914} INFO - Processing file /home/airflow/.local/lib/python3.12/site-packages/airflow/example_dags/example_xcomargs.py for tasks to queue
[2025-04-07T00:05:56.432+0000] {logging_mixin.py:190} INFO - [2025-04-07T00:05:56.432+0000] {dagbag.py:588} INFO - Filling up the DagBag from /home/airflow/.local/lib/python3.12/site-packages/airflow/example_dags/example_xcomargs.py
[2025-04-07T00:05:56.441+0000] {processor.py:925} INFO - DAG(s) 'example_xcom_args_with_operators', 'example_xcom_args' retrieved from /home/airflow/.local/lib/python3.12/site-packages/airflow/example_dags/example_xcomargs.py
[2025-04-07T00:05:56.462+0000] {logging_mixin.py:190} INFO - [2025-04-07T00:05:56.462+0000] {dag.py:3239} INFO - Sync 2 DAGs
[2025-04-07T00:05:56.476+0000] {logging_mixin.py:190} INFO - [2025-04-07T00:05:56.475+0000] {dag.py:4180} INFO - Setting next_dagrun for example_xcom_args to None, run_after=None
[2025-04-07T00:05:56.479+0000] {logging_mixin.py:190} INFO - [2025-04-07T00:05:56.478+0000] {dag.py:4180} INFO - Setting next_dagrun for example_xcom_args_with_operators to None, run_after=None
[2025-04-07T00:05:56.489+0000] {processor.py:208} INFO - Processing /home/airflow/.local/lib/python3.12/site-packages/airflow/example_dags/example_xcomargs.py took 0.070 seconds
[2025-04-07T00:06:27.213+0000] {processor.py:186} INFO - Started process (PID=728) to work on /home/airflow/.local/lib/python3.12/site-packages/airflow/example_dags/example_xcomargs.py
[2025-04-07T00:06:27.214+0000] {processor.py:914} INFO - Processing file /home/airflow/.local/lib/python3.12/site-packages/airflow/example_dags/example_xcomargs.py for tasks to queue
[2025-04-07T00:06:27.216+0000] {logging_mixin.py:190} INFO - [2025-04-07T00:06:27.216+0000] {dagbag.py:588} INFO - Filling up the DagBag from /home/airflow/.local/lib/python3.12/site-packages/airflow/example_dags/example_xcomargs.py
[2025-04-07T00:06:27.224+0000] {processor.py:925} INFO - DAG(s) 'example_xcom_args_with_operators', 'example_xcom_args' retrieved from /home/airflow/.local/lib/python3.12/site-packages/airflow/example_dags/example_xcomargs.py
[2025-04-07T00:06:27.243+0000] {logging_mixin.py:190} INFO - [2025-04-07T00:06:27.243+0000] {dag.py:3239} INFO - Sync 2 DAGs
[2025-04-07T00:06:27.256+0000] {logging_mixin.py:190} INFO - [2025-04-07T00:06:27.256+0000] {dag.py:4180} INFO - Setting next_dagrun for example_xcom_args to None, run_after=None
[2025-04-07T00:06:27.259+0000] {logging_mixin.py:190} INFO - [2025-04-07T00:06:27.259+0000] {dag.py:4180} INFO - Setting next_dagrun for example_xcom_args_with_operators to None, run_after=None
[2025-04-07T00:06:27.269+0000] {processor.py:208} INFO - Processing /home/airflow/.local/lib/python3.12/site-packages/airflow/example_dags/example_xcomargs.py took 0.061 seconds
[2025-04-07T00:06:57.444+0000] {processor.py:186} INFO - Started process (PID=793) to work on /home/airflow/.local/lib/python3.12/site-packages/airflow/example_dags/example_xcomargs.py
[2025-04-07T00:06:57.445+0000] {processor.py:914} INFO - Processing file /home/airflow/.local/lib/python3.12/site-packages/airflow/example_dags/example_xcomargs.py for tasks to queue
[2025-04-07T00:06:57.447+0000] {logging_mixin.py:190} INFO - [2025-04-07T00:06:57.446+0000] {dagbag.py:588} INFO - Filling up the DagBag from /home/airflow/.local/lib/python3.12/site-packages/airflow/example_dags/example_xcomargs.py
[2025-04-07T00:06:57.453+0000] {processor.py:925} INFO - DAG(s) 'example_xcom_args', 'example_xcom_args_with_operators' retrieved from /home/airflow/.local/lib/python3.12/site-packages/airflow/example_dags/example_xcomargs.py
[2025-04-07T00:06:57.473+0000] {logging_mixin.py:190} INFO - [2025-04-07T00:06:57.473+0000] {dag.py:3239} INFO - Sync 2 DAGs
[2025-04-07T00:06:57.486+0000] {logging_mixin.py:190} INFO - [2025-04-07T00:06:57.486+0000] {dag.py:4180} INFO - Setting next_dagrun for example_xcom_args to None, run_after=None
[2025-04-07T00:06:57.489+0000] {logging_mixin.py:190} INFO - [2025-04-07T00:06:57.489+0000] {dag.py:4180} INFO - Setting next_dagrun for example_xcom_args_with_operators to None, run_after=None
[2025-04-07T00:06:57.499+0000] {processor.py:208} INFO - Processing /home/airflow/.local/lib/python3.12/site-packages/airflow/example_dags/example_xcomargs.py took 0.059 seconds
[2025-04-07T00:07:28.296+0000] {processor.py:186} INFO - Started process (PID=858) to work on /home/airflow/.local/lib/python3.12/site-packages/airflow/example_dags/example_xcomargs.py
[2025-04-07T00:07:28.297+0000] {processor.py:914} INFO - Processing file /home/airflow/.local/lib/python3.12/site-packages/airflow/example_dags/example_xcomargs.py for tasks to queue
[2025-04-07T00:07:28.300+0000] {logging_mixin.py:190} INFO - [2025-04-07T00:07:28.300+0000] {dagbag.py:588} INFO - Filling up the DagBag from /home/airflow/.local/lib/python3.12/site-packages/airflow/example_dags/example_xcomargs.py
[2025-04-07T00:07:28.308+0000] {processor.py:925} INFO - DAG(s) 'example_xcom_args_with_operators', 'example_xcom_args' retrieved from /home/airflow/.local/lib/python3.12/site-packages/airflow/example_dags/example_xcomargs.py
[2025-04-07T00:07:28.329+0000] {logging_mixin.py:190} INFO - [2025-04-07T00:07:28.329+0000] {dag.py:3239} INFO - Sync 2 DAGs
[2025-04-07T00:07:28.342+0000] {logging_mixin.py:190} INFO - [2025-04-07T00:07:28.342+0000] {dag.py:4180} INFO - Setting next_dagrun for example_xcom_args to None, run_after=None
[2025-04-07T00:07:28.345+0000] {logging_mixin.py:190} INFO - [2025-04-07T00:07:28.345+0000] {dag.py:4180} INFO - Setting next_dagrun for example_xcom_args_with_operators to None, run_after=None
[2025-04-07T00:07:28.356+0000] {processor.py:208} INFO - Processing /home/airflow/.local/lib/python3.12/site-packages/airflow/example_dags/example_xcomargs.py took 0.067 seconds
[2025-04-07T00:07:58.657+0000] {processor.py:186} INFO - Started process (PID=923) to work on /home/airflow/.local/lib/python3.12/site-packages/airflow/example_dags/example_xcomargs.py
[2025-04-07T00:07:58.657+0000] {processor.py:914} INFO - Processing file /home/airflow/.local/lib/python3.12/site-packages/airflow/example_dags/example_xcomargs.py for tasks to queue
[2025-04-07T00:07:58.659+0000] {logging_mixin.py:190} INFO - [2025-04-07T00:07:58.659+0000] {dagbag.py:588} INFO - Filling up the DagBag from /home/airflow/.local/lib/python3.12/site-packages/airflow/example_dags/example_xcomargs.py
[2025-04-07T00:07:58.667+0000] {processor.py:925} INFO - DAG(s) 'example_xcom_args_with_operators', 'example_xcom_args' retrieved from /home/airflow/.local/lib/python3.12/site-packages/airflow/example_dags/example_xcomargs.py
[2025-04-07T00:07:58.688+0000] {logging_mixin.py:190} INFO - [2025-04-07T00:07:58.688+0000] {dag.py:3239} INFO - Sync 2 DAGs
[2025-04-07T00:07:58.702+0000] {logging_mixin.py:190} INFO - [2025-04-07T00:07:58.702+0000] {dag.py:4180} INFO - Setting next_dagrun for example_xcom_args to None, run_after=None
[2025-04-07T00:07:58.706+0000] {logging_mixin.py:190} INFO - [2025-04-07T00:07:58.706+0000] {dag.py:4180} INFO - Setting next_dagrun for example_xcom_args_with_operators to None, run_after=None
[2025-04-07T00:07:58.718+0000] {processor.py:208} INFO - Processing /home/airflow/.local/lib/python3.12/site-packages/airflow/example_dags/example_xcomargs.py took 0.066 seconds
[2025-04-07T00:08:28.988+0000] {processor.py:186} INFO - Started process (PID=989) to work on /home/airflow/.local/lib/python3.12/site-packages/airflow/example_dags/example_xcomargs.py
[2025-04-07T00:08:28.989+0000] {processor.py:914} INFO - Processing file /home/airflow/.local/lib/python3.12/site-packages/airflow/example_dags/example_xcomargs.py for tasks to queue
[2025-04-07T00:08:28.992+0000] {logging_mixin.py:190} INFO - [2025-04-07T00:08:28.992+0000] {dagbag.py:588} INFO - Filling up the DagBag from /home/airflow/.local/lib/python3.12/site-packages/airflow/example_dags/example_xcomargs.py
[2025-04-07T00:08:29.000+0000] {processor.py:925} INFO - DAG(s) 'example_xcom_args', 'example_xcom_args_with_operators' retrieved from /home/airflow/.local/lib/python3.12/site-packages/airflow/example_dags/example_xcomargs.py
[2025-04-07T00:08:29.022+0000] {logging_mixin.py:190} INFO - [2025-04-07T00:08:29.022+0000] {dag.py:3239} INFO - Sync 2 DAGs
[2025-04-07T00:08:29.036+0000] {logging_mixin.py:190} INFO - [2025-04-07T00:08:29.036+0000] {dag.py:4180} INFO - Setting next_dagrun for example_xcom_args to None, run_after=None
[2025-04-07T00:08:29.039+0000] {logging_mixin.py:190} INFO - [2025-04-07T00:08:29.039+0000] {dag.py:4180} INFO - Setting next_dagrun for example_xcom_args_with_operators to None, run_after=None
[2025-04-07T00:08:29.051+0000] {processor.py:208} INFO - Processing /home/airflow/.local/lib/python3.12/site-packages/airflow/example_dags/example_xcomargs.py took 0.071 seconds
[2025-04-07T00:09:00.366+0000] {processor.py:186} INFO - Started process (PID=1054) to work on /home/airflow/.local/lib/python3.12/site-packages/airflow/example_dags/example_xcomargs.py
[2025-04-07T00:09:00.367+0000] {processor.py:914} INFO - Processing file /home/airflow/.local/lib/python3.12/site-packages/airflow/example_dags/example_xcomargs.py for tasks to queue
[2025-04-07T00:09:00.371+0000] {logging_mixin.py:190} INFO - [2025-04-07T00:09:00.370+0000] {dagbag.py:588} INFO - Filling up the DagBag from /home/airflow/.local/lib/python3.12/site-packages/airflow/example_dags/example_xcomargs.py
[2025-04-07T00:09:00.379+0000] {processor.py:925} INFO - DAG(s) 'example_xcom_args_with_operators', 'example_xcom_args' retrieved from /home/airflow/.local/lib/python3.12/site-packages/airflow/example_dags/example_xcomargs.py
[2025-04-07T00:09:00.399+0000] {logging_mixin.py:190} INFO - [2025-04-07T00:09:00.399+0000] {dag.py:3239} INFO - Sync 2 DAGs
[2025-04-07T00:09:00.413+0000] {logging_mixin.py:190} INFO - [2025-04-07T00:09:00.413+0000] {dag.py:4180} INFO - Setting next_dagrun for example_xcom_args to None, run_after=None
[2025-04-07T00:09:00.416+0000] {logging_mixin.py:190} INFO - [2025-04-07T00:09:00.416+0000] {dag.py:4180} INFO - Setting next_dagrun for example_xcom_args_with_operators to None, run_after=None
[2025-04-07T00:09:00.428+0000] {processor.py:208} INFO - Processing /home/airflow/.local/lib/python3.12/site-packages/airflow/example_dags/example_xcomargs.py took 0.067 seconds
[2025-04-07T00:09:32.195+0000] {processor.py:186} INFO - Started process (PID=1119) to work on /home/airflow/.local/lib/python3.12/site-packages/airflow/example_dags/example_xcomargs.py
[2025-04-07T00:09:32.198+0000] {processor.py:914} INFO - Processing file /home/airflow/.local/lib/python3.12/site-packages/airflow/example_dags/example_xcomargs.py for tasks to queue
[2025-04-07T00:09:32.201+0000] {logging_mixin.py:190} INFO - [2025-04-07T00:09:32.201+0000] {dagbag.py:588} INFO - Filling up the DagBag from /home/airflow/.local/lib/python3.12/site-packages/airflow/example_dags/example_xcomargs.py
[2025-04-07T00:09:32.210+0000] {processor.py:925} INFO - DAG(s) 'example_xcom_args', 'example_xcom_args_with_operators' retrieved from /home/airflow/.local/lib/python3.12/site-packages/airflow/example_dags/example_xcomargs.py
[2025-04-07T00:09:32.233+0000] {logging_mixin.py:190} INFO - [2025-04-07T00:09:32.232+0000] {dag.py:3239} INFO - Sync 2 DAGs
[2025-04-07T00:09:32.248+0000] {logging_mixin.py:190} INFO - [2025-04-07T00:09:32.248+0000] {dag.py:4180} INFO - Setting next_dagrun for example_xcom_args to None, run_after=None
[2025-04-07T00:09:32.251+0000] {logging_mixin.py:190} INFO - [2025-04-07T00:09:32.251+0000] {dag.py:4180} INFO - Setting next_dagrun for example_xcom_args_with_operators to None, run_after=None
[2025-04-07T00:09:32.264+0000] {processor.py:208} INFO - Processing /home/airflow/.local/lib/python3.12/site-packages/airflow/example_dags/example_xcomargs.py took 0.077 seconds
[2025-04-07T00:10:04.064+0000] {processor.py:186} INFO - Started process (PID=1186) to work on /home/airflow/.local/lib/python3.12/site-packages/airflow/example_dags/example_xcomargs.py
[2025-04-07T00:10:04.065+0000] {processor.py:914} INFO - Processing file /home/airflow/.local/lib/python3.12/site-packages/airflow/example_dags/example_xcomargs.py for tasks to queue
[2025-04-07T00:10:04.068+0000] {logging_mixin.py:190} INFO - [2025-04-07T00:10:04.067+0000] {dagbag.py:588} INFO - Filling up the DagBag from /home/airflow/.local/lib/python3.12/site-packages/airflow/example_dags/example_xcomargs.py
[2025-04-07T00:10:04.076+0000] {processor.py:925} INFO - DAG(s) 'example_xcom_args', 'example_xcom_args_with_operators' retrieved from /home/airflow/.local/lib/python3.12/site-packages/airflow/example_dags/example_xcomargs.py
[2025-04-07T00:10:04.097+0000] {logging_mixin.py:190} INFO - [2025-04-07T00:10:04.097+0000] {dag.py:3239} INFO - Sync 2 DAGs
[2025-04-07T00:10:04.110+0000] {logging_mixin.py:190} INFO - [2025-04-07T00:10:04.110+0000] {dag.py:4180} INFO - Setting next_dagrun for example_xcom_args to None, run_after=None
[2025-04-07T00:10:04.113+0000] {logging_mixin.py:190} INFO - [2025-04-07T00:10:04.113+0000] {dag.py:4180} INFO - Setting next_dagrun for example_xcom_args_with_operators to None, run_after=None
[2025-04-07T00:10:04.326+0000] {processor.py:208} INFO - Processing /home/airflow/.local/lib/python3.12/site-packages/airflow/example_dags/example_xcomargs.py took 0.269 seconds
[2025-04-07T00:10:34.837+0000] {processor.py:186} INFO - Started process (PID=1251) to work on /home/airflow/.local/lib/python3.12/site-packages/airflow/example_dags/example_xcomargs.py
[2025-04-07T00:10:34.838+0000] {processor.py:914} INFO - Processing file /home/airflow/.local/lib/python3.12/site-packages/airflow/example_dags/example_xcomargs.py for tasks to queue
[2025-04-07T00:10:34.841+0000] {logging_mixin.py:190} INFO - [2025-04-07T00:10:34.840+0000] {dagbag.py:588} INFO - Filling up the DagBag from /home/airflow/.local/lib/python3.12/site-packages/airflow/example_dags/example_xcomargs.py
[2025-04-07T00:10:34.848+0000] {processor.py:925} INFO - DAG(s) 'example_xcom_args', 'example_xcom_args_with_operators' retrieved from /home/airflow/.local/lib/python3.12/site-packages/airflow/example_dags/example_xcomargs.py
[2025-04-07T00:10:34.869+0000] {logging_mixin.py:190} INFO - [2025-04-07T00:10:34.868+0000] {dag.py:3239} INFO - Sync 2 DAGs
[2025-04-07T00:10:34.881+0000] {logging_mixin.py:190} INFO - [2025-04-07T00:10:34.881+0000] {dag.py:4180} INFO - Setting next_dagrun for example_xcom_args to None, run_after=None
[2025-04-07T00:10:34.885+0000] {logging_mixin.py:190} INFO - [2025-04-07T00:10:34.884+0000] {dag.py:4180} INFO - Setting next_dagrun for example_xcom_args_with_operators to None, run_after=None
[2025-04-07T00:10:34.896+0000] {processor.py:208} INFO - Processing /home/airflow/.local/lib/python3.12/site-packages/airflow/example_dags/example_xcomargs.py took 0.066 seconds
[2025-04-07T00:11:05.566+0000] {processor.py:186} INFO - Started process (PID=1316) to work on /home/airflow/.local/lib/python3.12/site-packages/airflow/example_dags/example_xcomargs.py
[2025-04-07T00:11:05.567+0000] {processor.py:914} INFO - Processing file /home/airflow/.local/lib/python3.12/site-packages/airflow/example_dags/example_xcomargs.py for tasks to queue
[2025-04-07T00:11:05.569+0000] {logging_mixin.py:190} INFO - [2025-04-07T00:11:05.569+0000] {dagbag.py:588} INFO - Filling up the DagBag from /home/airflow/.local/lib/python3.12/site-packages/airflow/example_dags/example_xcomargs.py
[2025-04-07T00:11:05.578+0000] {processor.py:925} INFO - DAG(s) 'example_xcom_args_with_operators', 'example_xcom_args' retrieved from /home/airflow/.local/lib/python3.12/site-packages/airflow/example_dags/example_xcomargs.py
[2025-04-07T00:11:05.599+0000] {logging_mixin.py:190} INFO - [2025-04-07T00:11:05.599+0000] {dag.py:3239} INFO - Sync 2 DAGs
[2025-04-07T00:11:05.612+0000] {logging_mixin.py:190} INFO - [2025-04-07T00:11:05.611+0000] {dag.py:4180} INFO - Setting next_dagrun for example_xcom_args to None, run_after=None
[2025-04-07T00:11:05.615+0000] {logging_mixin.py:190} INFO - [2025-04-07T00:11:05.614+0000] {dag.py:4180} INFO - Setting next_dagrun for example_xcom_args_with_operators to None, run_after=None
[2025-04-07T00:11:05.625+0000] {processor.py:208} INFO - Processing /home/airflow/.local/lib/python3.12/site-packages/airflow/example_dags/example_xcomargs.py took 0.064 seconds
[2025-04-07T00:11:36.272+0000] {processor.py:186} INFO - Started process (PID=1382) to work on /home/airflow/.local/lib/python3.12/site-packages/airflow/example_dags/example_xcomargs.py
[2025-04-07T00:11:36.273+0000] {processor.py:914} INFO - Processing file /home/airflow/.local/lib/python3.12/site-packages/airflow/example_dags/example_xcomargs.py for tasks to queue
[2025-04-07T00:11:36.275+0000] {logging_mixin.py:190} INFO - [2025-04-07T00:11:36.275+0000] {dagbag.py:588} INFO - Filling up the DagBag from /home/airflow/.local/lib/python3.12/site-packages/airflow/example_dags/example_xcomargs.py
[2025-04-07T00:11:36.283+0000] {processor.py:925} INFO - DAG(s) 'example_xcom_args_with_operators', 'example_xcom_args' retrieved from /home/airflow/.local/lib/python3.12/site-packages/airflow/example_dags/example_xcomargs.py
[2025-04-07T00:11:36.303+0000] {logging_mixin.py:190} INFO - [2025-04-07T00:11:36.303+0000] {dag.py:3239} INFO - Sync 2 DAGs
[2025-04-07T00:11:36.316+0000] {logging_mixin.py:190} INFO - [2025-04-07T00:11:36.316+0000] {dag.py:4180} INFO - Setting next_dagrun for example_xcom_args to None, run_after=None
[2025-04-07T00:11:36.320+0000] {logging_mixin.py:190} INFO - [2025-04-07T00:11:36.319+0000] {dag.py:4180} INFO - Setting next_dagrun for example_xcom_args_with_operators to None, run_after=None
[2025-04-07T00:11:36.332+0000] {processor.py:208} INFO - Processing /home/airflow/.local/lib/python3.12/site-packages/airflow/example_dags/example_xcomargs.py took 0.064 seconds
[2025-04-07T00:12:09.467+0000] {processor.py:186} INFO - Started process (PID=1447) to work on /home/airflow/.local/lib/python3.12/site-packages/airflow/example_dags/example_xcomargs.py
[2025-04-07T00:12:09.469+0000] {processor.py:914} INFO - Processing file /home/airflow/.local/lib/python3.12/site-packages/airflow/example_dags/example_xcomargs.py for tasks to queue
[2025-04-07T00:12:09.471+0000] {logging_mixin.py:190} INFO - [2025-04-07T00:12:09.471+0000] {dagbag.py:588} INFO - Filling up the DagBag from /home/airflow/.local/lib/python3.12/site-packages/airflow/example_dags/example_xcomargs.py
[2025-04-07T00:12:09.480+0000] {processor.py:925} INFO - DAG(s) 'example_xcom_args', 'example_xcom_args_with_operators' retrieved from /home/airflow/.local/lib/python3.12/site-packages/airflow/example_dags/example_xcomargs.py
[2025-04-07T00:12:09.505+0000] {logging_mixin.py:190} INFO - [2025-04-07T00:12:09.505+0000] {dag.py:3239} INFO - Sync 2 DAGs
[2025-04-07T00:12:09.766+0000] {logging_mixin.py:190} INFO - [2025-04-07T00:12:09.766+0000] {dag.py:4180} INFO - Setting next_dagrun for example_xcom_args to None, run_after=None
[2025-04-07T00:12:09.770+0000] {logging_mixin.py:190} INFO - [2025-04-07T00:12:09.769+0000] {dag.py:4180} INFO - Setting next_dagrun for example_xcom_args_with_operators to None, run_after=None
[2025-04-07T00:12:09.785+0000] {processor.py:208} INFO - Processing /home/airflow/.local/lib/python3.12/site-packages/airflow/example_dags/example_xcomargs.py took 0.326 seconds
[2025-04-07T00:12:40.285+0000] {processor.py:186} INFO - Started process (PID=1512) to work on /home/airflow/.local/lib/python3.12/site-packages/airflow/example_dags/example_xcomargs.py
[2025-04-07T00:12:40.288+0000] {processor.py:914} INFO - Processing file /home/airflow/.local/lib/python3.12/site-packages/airflow/example_dags/example_xcomargs.py for tasks to queue
[2025-04-07T00:12:40.291+0000] {logging_mixin.py:190} INFO - [2025-04-07T00:12:40.291+0000] {dagbag.py:588} INFO - Filling up the DagBag from /home/airflow/.local/lib/python3.12/site-packages/airflow/example_dags/example_xcomargs.py
[2025-04-07T00:12:40.301+0000] {processor.py:925} INFO - DAG(s) 'example_xcom_args_with_operators', 'example_xcom_args' retrieved from /home/airflow/.local/lib/python3.12/site-packages/airflow/example_dags/example_xcomargs.py
[2025-04-07T00:12:40.322+0000] {logging_mixin.py:190} INFO - [2025-04-07T00:12:40.322+0000] {dag.py:3239} INFO - Sync 2 DAGs
[2025-04-07T00:12:40.528+0000] {logging_mixin.py:190} INFO - [2025-04-07T00:12:40.527+0000] {dag.py:4180} INFO - Setting next_dagrun for example_xcom_args to None, run_after=None
[2025-04-07T00:12:40.531+0000] {logging_mixin.py:190} INFO - [2025-04-07T00:12:40.531+0000] {dag.py:4180} INFO - Setting next_dagrun for example_xcom_args_with_operators to None, run_after=None
[2025-04-07T00:12:40.545+0000] {processor.py:208} INFO - Processing /home/airflow/.local/lib/python3.12/site-packages/airflow/example_dags/example_xcomargs.py took 0.267 seconds
[2025-04-07T00:14:08.789+0000] {processor.py:186} INFO - Started process (PID=149) to work on /home/airflow/.local/lib/python3.12/site-packages/airflow/example_dags/example_xcomargs.py
[2025-04-07T00:14:08.789+0000] {processor.py:914} INFO - Processing file /home/airflow/.local/lib/python3.12/site-packages/airflow/example_dags/example_xcomargs.py for tasks to queue
[2025-04-07T00:14:08.791+0000] {logging_mixin.py:190} INFO - [2025-04-07T00:14:08.791+0000] {dagbag.py:588} INFO - Filling up the DagBag from /home/airflow/.local/lib/python3.12/site-packages/airflow/example_dags/example_xcomargs.py
[2025-04-07T00:14:08.800+0000] {processor.py:925} INFO - DAG(s) 'example_xcom_args', 'example_xcom_args_with_operators' retrieved from /home/airflow/.local/lib/python3.12/site-packages/airflow/example_dags/example_xcomargs.py
[2025-04-07T00:14:08.855+0000] {logging_mixin.py:190} INFO - [2025-04-07T00:14:08.854+0000] {override.py:1930} INFO - Created Permission View: can read on DAG:example_xcom_args
[2025-04-07T00:14:08.862+0000] {logging_mixin.py:190} INFO - [2025-04-07T00:14:08.862+0000] {override.py:1930} INFO - Created Permission View: can delete on DAG:example_xcom_args
[2025-04-07T00:14:08.867+0000] {logging_mixin.py:190} INFO - [2025-04-07T00:14:08.867+0000] {override.py:1930} INFO - Created Permission View: can edit on DAG:example_xcom_args
[2025-04-07T00:14:08.873+0000] {logging_mixin.py:190} INFO - [2025-04-07T00:14:08.873+0000] {override.py:1930} INFO - Created Permission View: can create on DAG Run:example_xcom_args
[2025-04-07T00:14:08.878+0000] {logging_mixin.py:190} INFO - [2025-04-07T00:14:08.877+0000] {override.py:1930} INFO - Created Permission View: menu access on DAG Run:example_xcom_args
[2025-04-07T00:14:08.882+0000] {logging_mixin.py:190} INFO - [2025-04-07T00:14:08.882+0000] {override.py:1930} INFO - Created Permission View: can read on DAG Run:example_xcom_args
[2025-04-07T00:14:08.888+0000] {logging_mixin.py:190} INFO - [2025-04-07T00:14:08.887+0000] {override.py:1930} INFO - Created Permission View: can delete on DAG Run:example_xcom_args
[2025-04-07T00:14:08.898+0000] {logging_mixin.py:190} INFO - [2025-04-07T00:14:08.897+0000] {override.py:1930} INFO - Created Permission View: can read on DAG:example_xcom_args_with_operators
[2025-04-07T00:14:08.906+0000] {logging_mixin.py:190} INFO - [2025-04-07T00:14:08.905+0000] {override.py:1930} INFO - Created Permission View: can delete on DAG:example_xcom_args_with_operators
[2025-04-07T00:14:08.910+0000] {logging_mixin.py:190} INFO - [2025-04-07T00:14:08.910+0000] {override.py:1930} INFO - Created Permission View: can edit on DAG:example_xcom_args_with_operators
[2025-04-07T00:14:08.916+0000] {logging_mixin.py:190} INFO - [2025-04-07T00:14:08.916+0000] {override.py:1930} INFO - Created Permission View: can create on DAG Run:example_xcom_args_with_operators
[2025-04-07T00:14:08.920+0000] {logging_mixin.py:190} INFO - [2025-04-07T00:14:08.920+0000] {override.py:1930} INFO - Created Permission View: menu access on DAG Run:example_xcom_args_with_operators
[2025-04-07T00:14:08.925+0000] {logging_mixin.py:190} INFO - [2025-04-07T00:14:08.925+0000] {override.py:1930} INFO - Created Permission View: can read on DAG Run:example_xcom_args_with_operators
[2025-04-07T00:14:08.930+0000] {logging_mixin.py:190} INFO - [2025-04-07T00:14:08.930+0000] {override.py:1930} INFO - Created Permission View: can delete on DAG Run:example_xcom_args_with_operators
[2025-04-07T00:14:08.930+0000] {logging_mixin.py:190} INFO - [2025-04-07T00:14:08.930+0000] {dag.py:3239} INFO - Sync 2 DAGs
[2025-04-07T00:14:08.943+0000] {logging_mixin.py:190} INFO - [2025-04-07T00:14:08.942+0000] {dag.py:3262} INFO - Creating ORM DAG for example_xcom_args
[2025-04-07T00:14:08.943+0000] {logging_mixin.py:190} INFO - [2025-04-07T00:14:08.943+0000] {dag.py:3262} INFO - Creating ORM DAG for example_xcom_args_with_operators
[2025-04-07T00:14:08.944+0000] {logging_mixin.py:190} INFO - [2025-04-07T00:14:08.943+0000] {dag.py:4180} INFO - Setting next_dagrun for example_xcom_args to None, run_after=None
[2025-04-07T00:14:08.944+0000] {logging_mixin.py:190} INFO - [2025-04-07T00:14:08.944+0000] {dag.py:4180} INFO - Setting next_dagrun for example_xcom_args_with_operators to None, run_after=None
[2025-04-07T00:14:08.959+0000] {processor.py:208} INFO - Processing /home/airflow/.local/lib/python3.12/site-packages/airflow/example_dags/example_xcomargs.py took 0.175 seconds
[2025-04-07T00:14:39.319+0000] {processor.py:186} INFO - Started process (PID=214) to work on /home/airflow/.local/lib/python3.12/site-packages/airflow/example_dags/example_xcomargs.py
[2025-04-07T00:14:39.320+0000] {processor.py:914} INFO - Processing file /home/airflow/.local/lib/python3.12/site-packages/airflow/example_dags/example_xcomargs.py for tasks to queue
[2025-04-07T00:14:39.323+0000] {logging_mixin.py:190} INFO - [2025-04-07T00:14:39.323+0000] {dagbag.py:588} INFO - Filling up the DagBag from /home/airflow/.local/lib/python3.12/site-packages/airflow/example_dags/example_xcomargs.py
[2025-04-07T00:14:39.332+0000] {processor.py:925} INFO - DAG(s) 'example_xcom_args_with_operators', 'example_xcom_args' retrieved from /home/airflow/.local/lib/python3.12/site-packages/airflow/example_dags/example_xcomargs.py
[2025-04-07T00:14:39.354+0000] {logging_mixin.py:190} INFO - [2025-04-07T00:14:39.354+0000] {dag.py:3239} INFO - Sync 2 DAGs
[2025-04-07T00:14:39.366+0000] {logging_mixin.py:190} INFO - [2025-04-07T00:14:39.366+0000] {dag.py:4180} INFO - Setting next_dagrun for example_xcom_args to None, run_after=None
[2025-04-07T00:14:39.369+0000] {logging_mixin.py:190} INFO - [2025-04-07T00:14:39.369+0000] {dag.py:4180} INFO - Setting next_dagrun for example_xcom_args_with_operators to None, run_after=None
[2025-04-07T00:14:39.380+0000] {processor.py:208} INFO - Processing /home/airflow/.local/lib/python3.12/site-packages/airflow/example_dags/example_xcomargs.py took 0.069 seconds
[2025-04-07T00:15:10.353+0000] {processor.py:186} INFO - Started process (PID=279) to work on /home/airflow/.local/lib/python3.12/site-packages/airflow/example_dags/example_xcomargs.py
[2025-04-07T00:15:10.354+0000] {processor.py:914} INFO - Processing file /home/airflow/.local/lib/python3.12/site-packages/airflow/example_dags/example_xcomargs.py for tasks to queue
[2025-04-07T00:15:10.357+0000] {logging_mixin.py:190} INFO - [2025-04-07T00:15:10.357+0000] {dagbag.py:588} INFO - Filling up the DagBag from /home/airflow/.local/lib/python3.12/site-packages/airflow/example_dags/example_xcomargs.py
[2025-04-07T00:15:10.366+0000] {processor.py:925} INFO - DAG(s) 'example_xcom_args', 'example_xcom_args_with_operators' retrieved from /home/airflow/.local/lib/python3.12/site-packages/airflow/example_dags/example_xcomargs.py
[2025-04-07T00:15:10.389+0000] {logging_mixin.py:190} INFO - [2025-04-07T00:15:10.388+0000] {dag.py:3239} INFO - Sync 2 DAGs
[2025-04-07T00:15:10.402+0000] {logging_mixin.py:190} INFO - [2025-04-07T00:15:10.402+0000] {dag.py:4180} INFO - Setting next_dagrun for example_xcom_args to None, run_after=None
[2025-04-07T00:15:10.405+0000] {logging_mixin.py:190} INFO - [2025-04-07T00:15:10.405+0000] {dag.py:4180} INFO - Setting next_dagrun for example_xcom_args_with_operators to None, run_after=None
[2025-04-07T00:15:10.417+0000] {processor.py:208} INFO - Processing /home/airflow/.local/lib/python3.12/site-packages/airflow/example_dags/example_xcomargs.py took 0.071 seconds
[2025-04-07T00:15:40.836+0000] {processor.py:186} INFO - Started process (PID=344) to work on /home/airflow/.local/lib/python3.12/site-packages/airflow/example_dags/example_xcomargs.py
[2025-04-07T00:15:40.837+0000] {processor.py:914} INFO - Processing file /home/airflow/.local/lib/python3.12/site-packages/airflow/example_dags/example_xcomargs.py for tasks to queue
[2025-04-07T00:15:40.840+0000] {logging_mixin.py:190} INFO - [2025-04-07T00:15:40.840+0000] {dagbag.py:588} INFO - Filling up the DagBag from /home/airflow/.local/lib/python3.12/site-packages/airflow/example_dags/example_xcomargs.py
[2025-04-07T00:15:40.849+0000] {processor.py:925} INFO - DAG(s) 'example_xcom_args_with_operators', 'example_xcom_args' retrieved from /home/airflow/.local/lib/python3.12/site-packages/airflow/example_dags/example_xcomargs.py
[2025-04-07T00:15:40.874+0000] {logging_mixin.py:190} INFO - [2025-04-07T00:15:40.874+0000] {dag.py:3239} INFO - Sync 2 DAGs
[2025-04-07T00:15:40.889+0000] {logging_mixin.py:190} INFO - [2025-04-07T00:15:40.889+0000] {dag.py:4180} INFO - Setting next_dagrun for example_xcom_args to None, run_after=None
[2025-04-07T00:15:40.893+0000] {logging_mixin.py:190} INFO - [2025-04-07T00:15:40.892+0000] {dag.py:4180} INFO - Setting next_dagrun for example_xcom_args_with_operators to None, run_after=None
[2025-04-07T00:15:40.907+0000] {processor.py:208} INFO - Processing /home/airflow/.local/lib/python3.12/site-packages/airflow/example_dags/example_xcomargs.py took 0.077 seconds
[2025-04-07T00:16:11.271+0000] {processor.py:186} INFO - Started process (PID=409) to work on /home/airflow/.local/lib/python3.12/site-packages/airflow/example_dags/example_xcomargs.py
[2025-04-07T00:16:11.272+0000] {processor.py:914} INFO - Processing file /home/airflow/.local/lib/python3.12/site-packages/airflow/example_dags/example_xcomargs.py for tasks to queue
[2025-04-07T00:16:11.274+0000] {logging_mixin.py:190} INFO - [2025-04-07T00:16:11.274+0000] {dagbag.py:588} INFO - Filling up the DagBag from /home/airflow/.local/lib/python3.12/site-packages/airflow/example_dags/example_xcomargs.py
[2025-04-07T00:16:11.281+0000] {processor.py:925} INFO - DAG(s) 'example_xcom_args_with_operators', 'example_xcom_args' retrieved from /home/airflow/.local/lib/python3.12/site-packages/airflow/example_dags/example_xcomargs.py
[2025-04-07T00:16:11.304+0000] {logging_mixin.py:190} INFO - [2025-04-07T00:16:11.304+0000] {dag.py:3239} INFO - Sync 2 DAGs
[2025-04-07T00:16:11.317+0000] {logging_mixin.py:190} INFO - [2025-04-07T00:16:11.317+0000] {dag.py:4180} INFO - Setting next_dagrun for example_xcom_args to None, run_after=None
[2025-04-07T00:16:11.320+0000] {logging_mixin.py:190} INFO - [2025-04-07T00:16:11.320+0000] {dag.py:4180} INFO - Setting next_dagrun for example_xcom_args_with_operators to None, run_after=None
[2025-04-07T00:16:11.330+0000] {processor.py:208} INFO - Processing /home/airflow/.local/lib/python3.12/site-packages/airflow/example_dags/example_xcomargs.py took 0.063 seconds
[2025-04-07T00:16:41.910+0000] {processor.py:186} INFO - Started process (PID=474) to work on /home/airflow/.local/lib/python3.12/site-packages/airflow/example_dags/example_xcomargs.py
[2025-04-07T00:16:41.911+0000] {processor.py:914} INFO - Processing file /home/airflow/.local/lib/python3.12/site-packages/airflow/example_dags/example_xcomargs.py for tasks to queue
[2025-04-07T00:16:41.913+0000] {logging_mixin.py:190} INFO - [2025-04-07T00:16:41.913+0000] {dagbag.py:588} INFO - Filling up the DagBag from /home/airflow/.local/lib/python3.12/site-packages/airflow/example_dags/example_xcomargs.py
[2025-04-07T00:16:41.921+0000] {processor.py:925} INFO - DAG(s) 'example_xcom_args', 'example_xcom_args_with_operators' retrieved from /home/airflow/.local/lib/python3.12/site-packages/airflow/example_dags/example_xcomargs.py
[2025-04-07T00:16:41.942+0000] {logging_mixin.py:190} INFO - [2025-04-07T00:16:41.942+0000] {dag.py:3239} INFO - Sync 2 DAGs
[2025-04-07T00:16:41.956+0000] {logging_mixin.py:190} INFO - [2025-04-07T00:16:41.956+0000] {dag.py:4180} INFO - Setting next_dagrun for example_xcom_args to None, run_after=None
[2025-04-07T00:16:41.959+0000] {logging_mixin.py:190} INFO - [2025-04-07T00:16:41.959+0000] {dag.py:4180} INFO - Setting next_dagrun for example_xcom_args_with_operators to None, run_after=None
[2025-04-07T00:16:41.972+0000] {processor.py:208} INFO - Processing /home/airflow/.local/lib/python3.12/site-packages/airflow/example_dags/example_xcomargs.py took 0.066 seconds
[2025-04-07T00:17:12.501+0000] {processor.py:186} INFO - Started process (PID=539) to work on /home/airflow/.local/lib/python3.12/site-packages/airflow/example_dags/example_xcomargs.py
[2025-04-07T00:17:12.502+0000] {processor.py:914} INFO - Processing file /home/airflow/.local/lib/python3.12/site-packages/airflow/example_dags/example_xcomargs.py for tasks to queue
[2025-04-07T00:17:12.505+0000] {logging_mixin.py:190} INFO - [2025-04-07T00:17:12.505+0000] {dagbag.py:588} INFO - Filling up the DagBag from /home/airflow/.local/lib/python3.12/site-packages/airflow/example_dags/example_xcomargs.py
[2025-04-07T00:17:12.513+0000] {processor.py:925} INFO - DAG(s) 'example_xcom_args', 'example_xcom_args_with_operators' retrieved from /home/airflow/.local/lib/python3.12/site-packages/airflow/example_dags/example_xcomargs.py
[2025-04-07T00:17:12.535+0000] {logging_mixin.py:190} INFO - [2025-04-07T00:17:12.534+0000] {dag.py:3239} INFO - Sync 2 DAGs
[2025-04-07T00:17:12.548+0000] {logging_mixin.py:190} INFO - [2025-04-07T00:17:12.548+0000] {dag.py:4180} INFO - Setting next_dagrun for example_xcom_args to None, run_after=None
[2025-04-07T00:17:12.551+0000] {logging_mixin.py:190} INFO - [2025-04-07T00:17:12.551+0000] {dag.py:4180} INFO - Setting next_dagrun for example_xcom_args_with_operators to None, run_after=None
[2025-04-07T00:17:12.562+0000] {processor.py:208} INFO - Processing /home/airflow/.local/lib/python3.12/site-packages/airflow/example_dags/example_xcomargs.py took 0.069 seconds
[2025-04-07T00:17:43.407+0000] {processor.py:186} INFO - Started process (PID=604) to work on /home/airflow/.local/lib/python3.12/site-packages/airflow/example_dags/example_xcomargs.py
[2025-04-07T00:17:43.408+0000] {processor.py:914} INFO - Processing file /home/airflow/.local/lib/python3.12/site-packages/airflow/example_dags/example_xcomargs.py for tasks to queue
[2025-04-07T00:17:43.410+0000] {logging_mixin.py:190} INFO - [2025-04-07T00:17:43.410+0000] {dagbag.py:588} INFO - Filling up the DagBag from /home/airflow/.local/lib/python3.12/site-packages/airflow/example_dags/example_xcomargs.py
[2025-04-07T00:17:43.419+0000] {processor.py:925} INFO - DAG(s) 'example_xcom_args_with_operators', 'example_xcom_args' retrieved from /home/airflow/.local/lib/python3.12/site-packages/airflow/example_dags/example_xcomargs.py
[2025-04-07T00:17:43.441+0000] {logging_mixin.py:190} INFO - [2025-04-07T00:17:43.441+0000] {dag.py:3239} INFO - Sync 2 DAGs
[2025-04-07T00:17:43.456+0000] {logging_mixin.py:190} INFO - [2025-04-07T00:17:43.456+0000] {dag.py:4180} INFO - Setting next_dagrun for example_xcom_args to None, run_after=None
[2025-04-07T00:17:43.459+0000] {logging_mixin.py:190} INFO - [2025-04-07T00:17:43.459+0000] {dag.py:4180} INFO - Setting next_dagrun for example_xcom_args_with_operators to None, run_after=None
[2025-04-07T00:17:43.470+0000] {processor.py:208} INFO - Processing /home/airflow/.local/lib/python3.12/site-packages/airflow/example_dags/example_xcomargs.py took 0.068 seconds
[2025-04-07T00:18:14.245+0000] {processor.py:186} INFO - Started process (PID=670) to work on /home/airflow/.local/lib/python3.12/site-packages/airflow/example_dags/example_xcomargs.py
[2025-04-07T00:18:14.247+0000] {processor.py:914} INFO - Processing file /home/airflow/.local/lib/python3.12/site-packages/airflow/example_dags/example_xcomargs.py for tasks to queue
[2025-04-07T00:18:14.250+0000] {logging_mixin.py:190} INFO - [2025-04-07T00:18:14.250+0000] {dagbag.py:588} INFO - Filling up the DagBag from /home/airflow/.local/lib/python3.12/site-packages/airflow/example_dags/example_xcomargs.py
[2025-04-07T00:18:14.258+0000] {processor.py:925} INFO - DAG(s) 'example_xcom_args', 'example_xcom_args_with_operators' retrieved from /home/airflow/.local/lib/python3.12/site-packages/airflow/example_dags/example_xcomargs.py
[2025-04-07T00:18:14.278+0000] {logging_mixin.py:190} INFO - [2025-04-07T00:18:14.278+0000] {dag.py:3239} INFO - Sync 2 DAGs
[2025-04-07T00:18:14.291+0000] {logging_mixin.py:190} INFO - [2025-04-07T00:18:14.291+0000] {dag.py:4180} INFO - Setting next_dagrun for example_xcom_args to None, run_after=None
[2025-04-07T00:18:14.294+0000] {logging_mixin.py:190} INFO - [2025-04-07T00:18:14.294+0000] {dag.py:4180} INFO - Setting next_dagrun for example_xcom_args_with_operators to None, run_after=None
[2025-04-07T00:18:14.305+0000] {processor.py:208} INFO - Processing /home/airflow/.local/lib/python3.12/site-packages/airflow/example_dags/example_xcomargs.py took 0.068 seconds
[2025-04-07T00:18:45.049+0000] {processor.py:186} INFO - Started process (PID=735) to work on /home/airflow/.local/lib/python3.12/site-packages/airflow/example_dags/example_xcomargs.py
[2025-04-07T00:18:45.050+0000] {processor.py:914} INFO - Processing file /home/airflow/.local/lib/python3.12/site-packages/airflow/example_dags/example_xcomargs.py for tasks to queue
[2025-04-07T00:18:45.052+0000] {logging_mixin.py:190} INFO - [2025-04-07T00:18:45.052+0000] {dagbag.py:588} INFO - Filling up the DagBag from /home/airflow/.local/lib/python3.12/site-packages/airflow/example_dags/example_xcomargs.py
[2025-04-07T00:18:45.060+0000] {processor.py:925} INFO - DAG(s) 'example_xcom_args_with_operators', 'example_xcom_args' retrieved from /home/airflow/.local/lib/python3.12/site-packages/airflow/example_dags/example_xcomargs.py
[2025-04-07T00:18:45.082+0000] {logging_mixin.py:190} INFO - [2025-04-07T00:18:45.082+0000] {dag.py:3239} INFO - Sync 2 DAGs
[2025-04-07T00:18:45.096+0000] {logging_mixin.py:190} INFO - [2025-04-07T00:18:45.096+0000] {dag.py:4180} INFO - Setting next_dagrun for example_xcom_args to None, run_after=None
[2025-04-07T00:18:45.099+0000] {logging_mixin.py:190} INFO - [2025-04-07T00:18:45.099+0000] {dag.py:4180} INFO - Setting next_dagrun for example_xcom_args_with_operators to None, run_after=None
[2025-04-07T00:18:45.111+0000] {processor.py:208} INFO - Processing /home/airflow/.local/lib/python3.12/site-packages/airflow/example_dags/example_xcomargs.py took 0.066 seconds
[2025-04-07T00:19:15.410+0000] {processor.py:186} INFO - Started process (PID=800) to work on /home/airflow/.local/lib/python3.12/site-packages/airflow/example_dags/example_xcomargs.py
[2025-04-07T00:19:15.411+0000] {processor.py:914} INFO - Processing file /home/airflow/.local/lib/python3.12/site-packages/airflow/example_dags/example_xcomargs.py for tasks to queue
[2025-04-07T00:19:15.415+0000] {logging_mixin.py:190} INFO - [2025-04-07T00:19:15.414+0000] {dagbag.py:588} INFO - Filling up the DagBag from /home/airflow/.local/lib/python3.12/site-packages/airflow/example_dags/example_xcomargs.py
[2025-04-07T00:19:15.423+0000] {processor.py:925} INFO - DAG(s) 'example_xcom_args_with_operators', 'example_xcom_args' retrieved from /home/airflow/.local/lib/python3.12/site-packages/airflow/example_dags/example_xcomargs.py
[2025-04-07T00:19:15.446+0000] {logging_mixin.py:190} INFO - [2025-04-07T00:19:15.446+0000] {dag.py:3239} INFO - Sync 2 DAGs
[2025-04-07T00:19:15.458+0000] {logging_mixin.py:190} INFO - [2025-04-07T00:19:15.458+0000] {dag.py:4180} INFO - Setting next_dagrun for example_xcom_args to None, run_after=None
[2025-04-07T00:19:15.461+0000] {logging_mixin.py:190} INFO - [2025-04-07T00:19:15.461+0000] {dag.py:4180} INFO - Setting next_dagrun for example_xcom_args_with_operators to None, run_after=None
[2025-04-07T00:19:15.472+0000] {processor.py:208} INFO - Processing /home/airflow/.local/lib/python3.12/site-packages/airflow/example_dags/example_xcomargs.py took 0.070 seconds
[2025-04-07T00:19:46.293+0000] {processor.py:186} INFO - Started process (PID=865) to work on /home/airflow/.local/lib/python3.12/site-packages/airflow/example_dags/example_xcomargs.py
[2025-04-07T00:19:46.294+0000] {processor.py:914} INFO - Processing file /home/airflow/.local/lib/python3.12/site-packages/airflow/example_dags/example_xcomargs.py for tasks to queue
[2025-04-07T00:19:46.297+0000] {logging_mixin.py:190} INFO - [2025-04-07T00:19:46.297+0000] {dagbag.py:588} INFO - Filling up the DagBag from /home/airflow/.local/lib/python3.12/site-packages/airflow/example_dags/example_xcomargs.py
[2025-04-07T00:19:46.306+0000] {processor.py:925} INFO - DAG(s) 'example_xcom_args_with_operators', 'example_xcom_args' retrieved from /home/airflow/.local/lib/python3.12/site-packages/airflow/example_dags/example_xcomargs.py
[2025-04-07T00:19:46.329+0000] {logging_mixin.py:190} INFO - [2025-04-07T00:19:46.328+0000] {dag.py:3239} INFO - Sync 2 DAGs
[2025-04-07T00:19:46.343+0000] {logging_mixin.py:190} INFO - [2025-04-07T00:19:46.343+0000] {dag.py:4180} INFO - Setting next_dagrun for example_xcom_args to None, run_after=None
[2025-04-07T00:19:46.347+0000] {logging_mixin.py:190} INFO - [2025-04-07T00:19:46.346+0000] {dag.py:4180} INFO - Setting next_dagrun for example_xcom_args_with_operators to None, run_after=None
[2025-04-07T00:19:46.358+0000] {processor.py:208} INFO - Processing /home/airflow/.local/lib/python3.12/site-packages/airflow/example_dags/example_xcomargs.py took 0.074 seconds
[2025-04-07T00:20:17.708+0000] {processor.py:186} INFO - Started process (PID=930) to work on /home/airflow/.local/lib/python3.12/site-packages/airflow/example_dags/example_xcomargs.py
[2025-04-07T00:20:17.709+0000] {processor.py:914} INFO - Processing file /home/airflow/.local/lib/python3.12/site-packages/airflow/example_dags/example_xcomargs.py for tasks to queue
[2025-04-07T00:20:17.712+0000] {logging_mixin.py:190} INFO - [2025-04-07T00:20:17.712+0000] {dagbag.py:588} INFO - Filling up the DagBag from /home/airflow/.local/lib/python3.12/site-packages/airflow/example_dags/example_xcomargs.py
[2025-04-07T00:20:17.720+0000] {processor.py:925} INFO - DAG(s) 'example_xcom_args_with_operators', 'example_xcom_args' retrieved from /home/airflow/.local/lib/python3.12/site-packages/airflow/example_dags/example_xcomargs.py
[2025-04-07T00:20:17.742+0000] {logging_mixin.py:190} INFO - [2025-04-07T00:20:17.742+0000] {dag.py:3239} INFO - Sync 2 DAGs
[2025-04-07T00:20:17.756+0000] {logging_mixin.py:190} INFO - [2025-04-07T00:20:17.755+0000] {dag.py:4180} INFO - Setting next_dagrun for example_xcom_args to None, run_after=None
[2025-04-07T00:20:17.758+0000] {logging_mixin.py:190} INFO - [2025-04-07T00:20:17.758+0000] {dag.py:4180} INFO - Setting next_dagrun for example_xcom_args_with_operators to None, run_after=None
[2025-04-07T00:20:17.771+0000] {processor.py:208} INFO - Processing /home/airflow/.local/lib/python3.12/site-packages/airflow/example_dags/example_xcomargs.py took 0.071 seconds
[2025-04-07T00:20:48.415+0000] {processor.py:186} INFO - Started process (PID=995) to work on /home/airflow/.local/lib/python3.12/site-packages/airflow/example_dags/example_xcomargs.py
[2025-04-07T00:20:48.416+0000] {processor.py:914} INFO - Processing file /home/airflow/.local/lib/python3.12/site-packages/airflow/example_dags/example_xcomargs.py for tasks to queue
[2025-04-07T00:20:48.418+0000] {logging_mixin.py:190} INFO - [2025-04-07T00:20:48.418+0000] {dagbag.py:588} INFO - Filling up the DagBag from /home/airflow/.local/lib/python3.12/site-packages/airflow/example_dags/example_xcomargs.py
[2025-04-07T00:20:48.425+0000] {processor.py:925} INFO - DAG(s) 'example_xcom_args_with_operators', 'example_xcom_args' retrieved from /home/airflow/.local/lib/python3.12/site-packages/airflow/example_dags/example_xcomargs.py
[2025-04-07T00:20:48.446+0000] {logging_mixin.py:190} INFO - [2025-04-07T00:20:48.446+0000] {dag.py:3239} INFO - Sync 2 DAGs
[2025-04-07T00:20:48.460+0000] {logging_mixin.py:190} INFO - [2025-04-07T00:20:48.460+0000] {dag.py:4180} INFO - Setting next_dagrun for example_xcom_args to None, run_after=None
[2025-04-07T00:20:48.463+0000] {logging_mixin.py:190} INFO - [2025-04-07T00:20:48.462+0000] {dag.py:4180} INFO - Setting next_dagrun for example_xcom_args_with_operators to None, run_after=None
[2025-04-07T00:20:48.474+0000] {processor.py:208} INFO - Processing /home/airflow/.local/lib/python3.12/site-packages/airflow/example_dags/example_xcomargs.py took 0.063 seconds
[2025-04-07T00:21:18.733+0000] {processor.py:186} INFO - Started process (PID=1060) to work on /home/airflow/.local/lib/python3.12/site-packages/airflow/example_dags/example_xcomargs.py
[2025-04-07T00:21:18.734+0000] {processor.py:914} INFO - Processing file /home/airflow/.local/lib/python3.12/site-packages/airflow/example_dags/example_xcomargs.py for tasks to queue
[2025-04-07T00:21:18.736+0000] {logging_mixin.py:190} INFO - [2025-04-07T00:21:18.736+0000] {dagbag.py:588} INFO - Filling up the DagBag from /home/airflow/.local/lib/python3.12/site-packages/airflow/example_dags/example_xcomargs.py
[2025-04-07T00:21:18.744+0000] {processor.py:925} INFO - DAG(s) 'example_xcom_args', 'example_xcom_args_with_operators' retrieved from /home/airflow/.local/lib/python3.12/site-packages/airflow/example_dags/example_xcomargs.py
[2025-04-07T00:21:18.765+0000] {logging_mixin.py:190} INFO - [2025-04-07T00:21:18.765+0000] {dag.py:3239} INFO - Sync 2 DAGs
[2025-04-07T00:21:18.779+0000] {logging_mixin.py:190} INFO - [2025-04-07T00:21:18.778+0000] {dag.py:4180} INFO - Setting next_dagrun for example_xcom_args to None, run_after=None
[2025-04-07T00:21:18.782+0000] {logging_mixin.py:190} INFO - [2025-04-07T00:21:18.782+0000] {dag.py:4180} INFO - Setting next_dagrun for example_xcom_args_with_operators to None, run_after=None
[2025-04-07T00:21:18.793+0000] {processor.py:208} INFO - Processing /home/airflow/.local/lib/python3.12/site-packages/airflow/example_dags/example_xcomargs.py took 0.068 seconds
[2025-04-07T00:21:49.798+0000] {processor.py:186} INFO - Started process (PID=1125) to work on /home/airflow/.local/lib/python3.12/site-packages/airflow/example_dags/example_xcomargs.py
[2025-04-07T00:21:49.799+0000] {processor.py:914} INFO - Processing file /home/airflow/.local/lib/python3.12/site-packages/airflow/example_dags/example_xcomargs.py for tasks to queue
[2025-04-07T00:21:49.802+0000] {logging_mixin.py:190} INFO - [2025-04-07T00:21:49.801+0000] {dagbag.py:588} INFO - Filling up the DagBag from /home/airflow/.local/lib/python3.12/site-packages/airflow/example_dags/example_xcomargs.py
[2025-04-07T00:21:49.811+0000] {processor.py:925} INFO - DAG(s) 'example_xcom_args', 'example_xcom_args_with_operators' retrieved from /home/airflow/.local/lib/python3.12/site-packages/airflow/example_dags/example_xcomargs.py
[2025-04-07T00:21:49.833+0000] {logging_mixin.py:190} INFO - [2025-04-07T00:21:49.833+0000] {dag.py:3239} INFO - Sync 2 DAGs
[2025-04-07T00:21:49.847+0000] {logging_mixin.py:190} INFO - [2025-04-07T00:21:49.847+0000] {dag.py:4180} INFO - Setting next_dagrun for example_xcom_args to None, run_after=None
[2025-04-07T00:21:49.851+0000] {logging_mixin.py:190} INFO - [2025-04-07T00:21:49.850+0000] {dag.py:4180} INFO - Setting next_dagrun for example_xcom_args_with_operators to None, run_after=None
[2025-04-07T00:21:49.862+0000] {processor.py:208} INFO - Processing /home/airflow/.local/lib/python3.12/site-packages/airflow/example_dags/example_xcomargs.py took 0.070 seconds
[2025-04-07T00:22:20.896+0000] {processor.py:186} INFO - Started process (PID=1191) to work on /home/airflow/.local/lib/python3.12/site-packages/airflow/example_dags/example_xcomargs.py
[2025-04-07T00:22:20.897+0000] {processor.py:914} INFO - Processing file /home/airflow/.local/lib/python3.12/site-packages/airflow/example_dags/example_xcomargs.py for tasks to queue
[2025-04-07T00:22:20.900+0000] {logging_mixin.py:190} INFO - [2025-04-07T00:22:20.900+0000] {dagbag.py:588} INFO - Filling up the DagBag from /home/airflow/.local/lib/python3.12/site-packages/airflow/example_dags/example_xcomargs.py
[2025-04-07T00:22:20.908+0000] {processor.py:925} INFO - DAG(s) 'example_xcom_args_with_operators', 'example_xcom_args' retrieved from /home/airflow/.local/lib/python3.12/site-packages/airflow/example_dags/example_xcomargs.py
[2025-04-07T00:22:20.930+0000] {logging_mixin.py:190} INFO - [2025-04-07T00:22:20.929+0000] {dag.py:3239} INFO - Sync 2 DAGs
[2025-04-07T00:22:20.944+0000] {logging_mixin.py:190} INFO - [2025-04-07T00:22:20.944+0000] {dag.py:4180} INFO - Setting next_dagrun for example_xcom_args to None, run_after=None
[2025-04-07T00:22:20.947+0000] {logging_mixin.py:190} INFO - [2025-04-07T00:22:20.947+0000] {dag.py:4180} INFO - Setting next_dagrun for example_xcom_args_with_operators to None, run_after=None
[2025-04-07T00:22:21.178+0000] {processor.py:208} INFO - Processing /home/airflow/.local/lib/python3.12/site-packages/airflow/example_dags/example_xcomargs.py took 0.290 seconds
[2025-04-07T00:22:51.763+0000] {processor.py:186} INFO - Started process (PID=1256) to work on /home/airflow/.local/lib/python3.12/site-packages/airflow/example_dags/example_xcomargs.py
[2025-04-07T00:22:51.764+0000] {processor.py:914} INFO - Processing file /home/airflow/.local/lib/python3.12/site-packages/airflow/example_dags/example_xcomargs.py for tasks to queue
[2025-04-07T00:22:51.767+0000] {logging_mixin.py:190} INFO - [2025-04-07T00:22:51.767+0000] {dagbag.py:588} INFO - Filling up the DagBag from /home/airflow/.local/lib/python3.12/site-packages/airflow/example_dags/example_xcomargs.py
[2025-04-07T00:22:51.776+0000] {processor.py:925} INFO - DAG(s) 'example_xcom_args', 'example_xcom_args_with_operators' retrieved from /home/airflow/.local/lib/python3.12/site-packages/airflow/example_dags/example_xcomargs.py
[2025-04-07T00:22:51.799+0000] {logging_mixin.py:190} INFO - [2025-04-07T00:22:51.798+0000] {dag.py:3239} INFO - Sync 2 DAGs
[2025-04-07T00:22:51.814+0000] {logging_mixin.py:190} INFO - [2025-04-07T00:22:51.814+0000] {dag.py:4180} INFO - Setting next_dagrun for example_xcom_args to None, run_after=None
[2025-04-07T00:22:51.817+0000] {logging_mixin.py:190} INFO - [2025-04-07T00:22:51.817+0000] {dag.py:4180} INFO - Setting next_dagrun for example_xcom_args_with_operators to None, run_after=None
[2025-04-07T00:22:51.829+0000] {processor.py:208} INFO - Processing /home/airflow/.local/lib/python3.12/site-packages/airflow/example_dags/example_xcomargs.py took 0.074 seconds
[2025-04-07T00:23:22.454+0000] {processor.py:186} INFO - Started process (PID=1321) to work on /home/airflow/.local/lib/python3.12/site-packages/airflow/example_dags/example_xcomargs.py
[2025-04-07T00:23:22.455+0000] {processor.py:914} INFO - Processing file /home/airflow/.local/lib/python3.12/site-packages/airflow/example_dags/example_xcomargs.py for tasks to queue
[2025-04-07T00:23:22.458+0000] {logging_mixin.py:190} INFO - [2025-04-07T00:23:22.458+0000] {dagbag.py:588} INFO - Filling up the DagBag from /home/airflow/.local/lib/python3.12/site-packages/airflow/example_dags/example_xcomargs.py
[2025-04-07T00:23:22.467+0000] {processor.py:925} INFO - DAG(s) 'example_xcom_args_with_operators', 'example_xcom_args' retrieved from /home/airflow/.local/lib/python3.12/site-packages/airflow/example_dags/example_xcomargs.py
[2025-04-07T00:23:22.486+0000] {logging_mixin.py:190} INFO - [2025-04-07T00:23:22.486+0000] {dag.py:3239} INFO - Sync 2 DAGs
[2025-04-07T00:23:22.500+0000] {logging_mixin.py:190} INFO - [2025-04-07T00:23:22.499+0000] {dag.py:4180} INFO - Setting next_dagrun for example_xcom_args to None, run_after=None
[2025-04-07T00:23:22.503+0000] {logging_mixin.py:190} INFO - [2025-04-07T00:23:22.503+0000] {dag.py:4180} INFO - Setting next_dagrun for example_xcom_args_with_operators to None, run_after=None
[2025-04-07T00:23:22.514+0000] {processor.py:208} INFO - Processing /home/airflow/.local/lib/python3.12/site-packages/airflow/example_dags/example_xcomargs.py took 0.068 seconds
[2025-04-07T00:23:52.851+0000] {processor.py:186} INFO - Started process (PID=1386) to work on /home/airflow/.local/lib/python3.12/site-packages/airflow/example_dags/example_xcomargs.py
[2025-04-07T00:23:52.852+0000] {processor.py:914} INFO - Processing file /home/airflow/.local/lib/python3.12/site-packages/airflow/example_dags/example_xcomargs.py for tasks to queue
[2025-04-07T00:23:52.854+0000] {logging_mixin.py:190} INFO - [2025-04-07T00:23:52.854+0000] {dagbag.py:588} INFO - Filling up the DagBag from /home/airflow/.local/lib/python3.12/site-packages/airflow/example_dags/example_xcomargs.py
[2025-04-07T00:23:52.862+0000] {processor.py:925} INFO - DAG(s) 'example_xcom_args_with_operators', 'example_xcom_args' retrieved from /home/airflow/.local/lib/python3.12/site-packages/airflow/example_dags/example_xcomargs.py
[2025-04-07T00:23:52.882+0000] {logging_mixin.py:190} INFO - [2025-04-07T00:23:52.881+0000] {dag.py:3239} INFO - Sync 2 DAGs
[2025-04-07T00:23:52.894+0000] {logging_mixin.py:190} INFO - [2025-04-07T00:23:52.894+0000] {dag.py:4180} INFO - Setting next_dagrun for example_xcom_args to None, run_after=None
[2025-04-07T00:23:52.897+0000] {logging_mixin.py:190} INFO - [2025-04-07T00:23:52.897+0000] {dag.py:4180} INFO - Setting next_dagrun for example_xcom_args_with_operators to None, run_after=None
[2025-04-07T00:23:52.907+0000] {processor.py:208} INFO - Processing /home/airflow/.local/lib/python3.12/site-packages/airflow/example_dags/example_xcomargs.py took 0.065 seconds
[2025-04-07T00:24:24.821+0000] {processor.py:186} INFO - Started process (PID=1468) to work on /home/airflow/.local/lib/python3.12/site-packages/airflow/example_dags/example_xcomargs.py
[2025-04-07T00:24:24.822+0000] {processor.py:914} INFO - Processing file /home/airflow/.local/lib/python3.12/site-packages/airflow/example_dags/example_xcomargs.py for tasks to queue
[2025-04-07T00:24:24.824+0000] {logging_mixin.py:190} INFO - [2025-04-07T00:24:24.823+0000] {dagbag.py:588} INFO - Filling up the DagBag from /home/airflow/.local/lib/python3.12/site-packages/airflow/example_dags/example_xcomargs.py
[2025-04-07T00:24:24.832+0000] {processor.py:925} INFO - DAG(s) 'example_xcom_args_with_operators', 'example_xcom_args' retrieved from /home/airflow/.local/lib/python3.12/site-packages/airflow/example_dags/example_xcomargs.py
[2025-04-07T00:24:25.082+0000] {logging_mixin.py:190} INFO - [2025-04-07T00:24:25.082+0000] {dag.py:3239} INFO - Sync 2 DAGs
[2025-04-07T00:24:25.096+0000] {logging_mixin.py:190} INFO - [2025-04-07T00:24:25.096+0000] {dag.py:4180} INFO - Setting next_dagrun for example_xcom_args to None, run_after=None
[2025-04-07T00:24:25.099+0000] {logging_mixin.py:190} INFO - [2025-04-07T00:24:25.099+0000] {dag.py:4180} INFO - Setting next_dagrun for example_xcom_args_with_operators to None, run_after=None
[2025-04-07T00:24:25.111+0000] {processor.py:208} INFO - Processing /home/airflow/.local/lib/python3.12/site-packages/airflow/example_dags/example_xcomargs.py took 0.296 seconds
[2025-04-07T00:24:55.833+0000] {processor.py:186} INFO - Started process (PID=1533) to work on /home/airflow/.local/lib/python3.12/site-packages/airflow/example_dags/example_xcomargs.py
[2025-04-07T00:24:55.836+0000] {processor.py:914} INFO - Processing file /home/airflow/.local/lib/python3.12/site-packages/airflow/example_dags/example_xcomargs.py for tasks to queue
[2025-04-07T00:24:55.838+0000] {logging_mixin.py:190} INFO - [2025-04-07T00:24:55.838+0000] {dagbag.py:588} INFO - Filling up the DagBag from /home/airflow/.local/lib/python3.12/site-packages/airflow/example_dags/example_xcomargs.py
[2025-04-07T00:24:55.849+0000] {processor.py:925} INFO - DAG(s) 'example_xcom_args_with_operators', 'example_xcom_args' retrieved from /home/airflow/.local/lib/python3.12/site-packages/airflow/example_dags/example_xcomargs.py
[2025-04-07T00:24:55.871+0000] {logging_mixin.py:190} INFO - [2025-04-07T00:24:55.871+0000] {dag.py:3239} INFO - Sync 2 DAGs
[2025-04-07T00:24:56.076+0000] {logging_mixin.py:190} INFO - [2025-04-07T00:24:56.076+0000] {dag.py:4180} INFO - Setting next_dagrun for example_xcom_args to None, run_after=None
[2025-04-07T00:24:56.079+0000] {logging_mixin.py:190} INFO - [2025-04-07T00:24:56.079+0000] {dag.py:4180} INFO - Setting next_dagrun for example_xcom_args_with_operators to None, run_after=None
[2025-04-07T00:24:56.089+0000] {processor.py:208} INFO - Processing /home/airflow/.local/lib/python3.12/site-packages/airflow/example_dags/example_xcomargs.py took 0.262 seconds
[2025-04-07T00:25:26.569+0000] {processor.py:186} INFO - Started process (PID=1602) to work on /home/airflow/.local/lib/python3.12/site-packages/airflow/example_dags/example_xcomargs.py
[2025-04-07T00:25:26.570+0000] {processor.py:914} INFO - Processing file /home/airflow/.local/lib/python3.12/site-packages/airflow/example_dags/example_xcomargs.py for tasks to queue
[2025-04-07T00:25:26.573+0000] {logging_mixin.py:190} INFO - [2025-04-07T00:25:26.573+0000] {dagbag.py:588} INFO - Filling up the DagBag from /home/airflow/.local/lib/python3.12/site-packages/airflow/example_dags/example_xcomargs.py
[2025-04-07T00:25:26.581+0000] {processor.py:925} INFO - DAG(s) 'example_xcom_args_with_operators', 'example_xcom_args' retrieved from /home/airflow/.local/lib/python3.12/site-packages/airflow/example_dags/example_xcomargs.py
[2025-04-07T00:25:26.603+0000] {logging_mixin.py:190} INFO - [2025-04-07T00:25:26.603+0000] {dag.py:3239} INFO - Sync 2 DAGs
[2025-04-07T00:25:26.617+0000] {logging_mixin.py:190} INFO - [2025-04-07T00:25:26.617+0000] {dag.py:4180} INFO - Setting next_dagrun for example_xcom_args to None, run_after=None
[2025-04-07T00:25:26.620+0000] {logging_mixin.py:190} INFO - [2025-04-07T00:25:26.620+0000] {dag.py:4180} INFO - Setting next_dagrun for example_xcom_args_with_operators to None, run_after=None
[2025-04-07T00:25:26.632+0000] {processor.py:208} INFO - Processing /home/airflow/.local/lib/python3.12/site-packages/airflow/example_dags/example_xcomargs.py took 0.071 seconds
[2025-04-07T00:25:58.537+0000] {processor.py:186} INFO - Started process (PID=1667) to work on /home/airflow/.local/lib/python3.12/site-packages/airflow/example_dags/example_xcomargs.py
[2025-04-07T00:25:58.538+0000] {processor.py:914} INFO - Processing file /home/airflow/.local/lib/python3.12/site-packages/airflow/example_dags/example_xcomargs.py for tasks to queue
[2025-04-07T00:25:58.541+0000] {logging_mixin.py:190} INFO - [2025-04-07T00:25:58.541+0000] {dagbag.py:588} INFO - Filling up the DagBag from /home/airflow/.local/lib/python3.12/site-packages/airflow/example_dags/example_xcomargs.py
[2025-04-07T00:25:58.731+0000] {processor.py:925} INFO - DAG(s) 'example_xcom_args_with_operators', 'example_xcom_args' retrieved from /home/airflow/.local/lib/python3.12/site-packages/airflow/example_dags/example_xcomargs.py
[2025-04-07T00:25:58.747+0000] {logging_mixin.py:190} INFO - [2025-04-07T00:25:58.747+0000] {dag.py:3239} INFO - Sync 2 DAGs
[2025-04-07T00:25:58.758+0000] {logging_mixin.py:190} INFO - [2025-04-07T00:25:58.757+0000] {dag.py:4180} INFO - Setting next_dagrun for example_xcom_args to None, run_after=None
[2025-04-07T00:25:58.760+0000] {logging_mixin.py:190} INFO - [2025-04-07T00:25:58.760+0000] {dag.py:4180} INFO - Setting next_dagrun for example_xcom_args_with_operators to None, run_after=None
[2025-04-07T00:25:58.772+0000] {processor.py:208} INFO - Processing /home/airflow/.local/lib/python3.12/site-packages/airflow/example_dags/example_xcomargs.py took 0.242 seconds
[2025-04-07T00:26:28.979+0000] {processor.py:186} INFO - Started process (PID=1732) to work on /home/airflow/.local/lib/python3.12/site-packages/airflow/example_dags/example_xcomargs.py
[2025-04-07T00:26:28.980+0000] {processor.py:914} INFO - Processing file /home/airflow/.local/lib/python3.12/site-packages/airflow/example_dags/example_xcomargs.py for tasks to queue
[2025-04-07T00:26:28.983+0000] {logging_mixin.py:190} INFO - [2025-04-07T00:26:28.983+0000] {dagbag.py:588} INFO - Filling up the DagBag from /home/airflow/.local/lib/python3.12/site-packages/airflow/example_dags/example_xcomargs.py
[2025-04-07T00:26:28.991+0000] {processor.py:925} INFO - DAG(s) 'example_xcom_args_with_operators', 'example_xcom_args' retrieved from /home/airflow/.local/lib/python3.12/site-packages/airflow/example_dags/example_xcomargs.py
[2025-04-07T00:26:29.012+0000] {logging_mixin.py:190} INFO - [2025-04-07T00:26:29.012+0000] {dag.py:3239} INFO - Sync 2 DAGs
[2025-04-07T00:26:29.027+0000] {logging_mixin.py:190} INFO - [2025-04-07T00:26:29.026+0000] {dag.py:4180} INFO - Setting next_dagrun for example_xcom_args to None, run_after=None
[2025-04-07T00:26:29.030+0000] {logging_mixin.py:190} INFO - [2025-04-07T00:26:29.030+0000] {dag.py:4180} INFO - Setting next_dagrun for example_xcom_args_with_operators to None, run_after=None
[2025-04-07T00:26:29.042+0000] {processor.py:208} INFO - Processing /home/airflow/.local/lib/python3.12/site-packages/airflow/example_dags/example_xcomargs.py took 0.071 seconds
[2025-04-07T00:26:59.787+0000] {processor.py:186} INFO - Started process (PID=1797) to work on /home/airflow/.local/lib/python3.12/site-packages/airflow/example_dags/example_xcomargs.py
[2025-04-07T00:26:59.788+0000] {processor.py:914} INFO - Processing file /home/airflow/.local/lib/python3.12/site-packages/airflow/example_dags/example_xcomargs.py for tasks to queue
[2025-04-07T00:26:59.791+0000] {logging_mixin.py:190} INFO - [2025-04-07T00:26:59.791+0000] {dagbag.py:588} INFO - Filling up the DagBag from /home/airflow/.local/lib/python3.12/site-packages/airflow/example_dags/example_xcomargs.py
[2025-04-07T00:26:59.800+0000] {processor.py:925} INFO - DAG(s) 'example_xcom_args_with_operators', 'example_xcom_args' retrieved from /home/airflow/.local/lib/python3.12/site-packages/airflow/example_dags/example_xcomargs.py
[2025-04-07T00:26:59.822+0000] {logging_mixin.py:190} INFO - [2025-04-07T00:26:59.822+0000] {dag.py:3239} INFO - Sync 2 DAGs
[2025-04-07T00:26:59.836+0000] {logging_mixin.py:190} INFO - [2025-04-07T00:26:59.836+0000] {dag.py:4180} INFO - Setting next_dagrun for example_xcom_args to None, run_after=None
[2025-04-07T00:26:59.839+0000] {logging_mixin.py:190} INFO - [2025-04-07T00:26:59.839+0000] {dag.py:4180} INFO - Setting next_dagrun for example_xcom_args_with_operators to None, run_after=None
[2025-04-07T00:26:59.850+0000] {processor.py:208} INFO - Processing /home/airflow/.local/lib/python3.12/site-packages/airflow/example_dags/example_xcomargs.py took 0.072 seconds
[2025-04-07T00:27:30.553+0000] {processor.py:186} INFO - Started process (PID=1862) to work on /home/airflow/.local/lib/python3.12/site-packages/airflow/example_dags/example_xcomargs.py
[2025-04-07T00:27:30.554+0000] {processor.py:914} INFO - Processing file /home/airflow/.local/lib/python3.12/site-packages/airflow/example_dags/example_xcomargs.py for tasks to queue
[2025-04-07T00:27:30.556+0000] {logging_mixin.py:190} INFO - [2025-04-07T00:27:30.555+0000] {dagbag.py:588} INFO - Filling up the DagBag from /home/airflow/.local/lib/python3.12/site-packages/airflow/example_dags/example_xcomargs.py
[2025-04-07T00:27:30.563+0000] {processor.py:925} INFO - DAG(s) 'example_xcom_args', 'example_xcom_args_with_operators' retrieved from /home/airflow/.local/lib/python3.12/site-packages/airflow/example_dags/example_xcomargs.py
[2025-04-07T00:27:30.585+0000] {logging_mixin.py:190} INFO - [2025-04-07T00:27:30.585+0000] {dag.py:3239} INFO - Sync 2 DAGs
[2025-04-07T00:27:30.599+0000] {logging_mixin.py:190} INFO - [2025-04-07T00:27:30.599+0000] {dag.py:4180} INFO - Setting next_dagrun for example_xcom_args to None, run_after=None
[2025-04-07T00:27:30.602+0000] {logging_mixin.py:190} INFO - [2025-04-07T00:27:30.602+0000] {dag.py:4180} INFO - Setting next_dagrun for example_xcom_args_with_operators to None, run_after=None
[2025-04-07T00:27:30.613+0000] {processor.py:208} INFO - Processing /home/airflow/.local/lib/python3.12/site-packages/airflow/example_dags/example_xcomargs.py took 0.064 seconds
[2025-04-07T00:28:01.208+0000] {processor.py:186} INFO - Started process (PID=1927) to work on /home/airflow/.local/lib/python3.12/site-packages/airflow/example_dags/example_xcomargs.py
[2025-04-07T00:28:01.209+0000] {processor.py:914} INFO - Processing file /home/airflow/.local/lib/python3.12/site-packages/airflow/example_dags/example_xcomargs.py for tasks to queue
[2025-04-07T00:28:01.211+0000] {logging_mixin.py:190} INFO - [2025-04-07T00:28:01.211+0000] {dagbag.py:588} INFO - Filling up the DagBag from /home/airflow/.local/lib/python3.12/site-packages/airflow/example_dags/example_xcomargs.py
[2025-04-07T00:28:01.219+0000] {processor.py:925} INFO - DAG(s) 'example_xcom_args', 'example_xcom_args_with_operators' retrieved from /home/airflow/.local/lib/python3.12/site-packages/airflow/example_dags/example_xcomargs.py
[2025-04-07T00:28:01.240+0000] {logging_mixin.py:190} INFO - [2025-04-07T00:28:01.240+0000] {dag.py:3239} INFO - Sync 2 DAGs
[2025-04-07T00:28:01.254+0000] {logging_mixin.py:190} INFO - [2025-04-07T00:28:01.253+0000] {dag.py:4180} INFO - Setting next_dagrun for example_xcom_args to None, run_after=None
[2025-04-07T00:28:01.257+0000] {logging_mixin.py:190} INFO - [2025-04-07T00:28:01.256+0000] {dag.py:4180} INFO - Setting next_dagrun for example_xcom_args_with_operators to None, run_after=None
[2025-04-07T00:28:01.267+0000] {processor.py:208} INFO - Processing /home/airflow/.local/lib/python3.12/site-packages/airflow/example_dags/example_xcomargs.py took 0.066 seconds
[2025-04-07T00:28:32.123+0000] {processor.py:186} INFO - Started process (PID=1992) to work on /home/airflow/.local/lib/python3.12/site-packages/airflow/example_dags/example_xcomargs.py
[2025-04-07T00:28:32.124+0000] {processor.py:914} INFO - Processing file /home/airflow/.local/lib/python3.12/site-packages/airflow/example_dags/example_xcomargs.py for tasks to queue
[2025-04-07T00:28:32.126+0000] {logging_mixin.py:190} INFO - [2025-04-07T00:28:32.126+0000] {dagbag.py:588} INFO - Filling up the DagBag from /home/airflow/.local/lib/python3.12/site-packages/airflow/example_dags/example_xcomargs.py
[2025-04-07T00:28:32.140+0000] {processor.py:925} INFO - DAG(s) 'example_xcom_args_with_operators', 'example_xcom_args' retrieved from /home/airflow/.local/lib/python3.12/site-packages/airflow/example_dags/example_xcomargs.py
[2025-04-07T00:28:32.164+0000] {logging_mixin.py:190} INFO - [2025-04-07T00:28:32.164+0000] {dag.py:3239} INFO - Sync 2 DAGs
[2025-04-07T00:28:32.180+0000] {logging_mixin.py:190} INFO - [2025-04-07T00:28:32.180+0000] {dag.py:4180} INFO - Setting next_dagrun for example_xcom_args to None, run_after=None
[2025-04-07T00:28:32.185+0000] {logging_mixin.py:190} INFO - [2025-04-07T00:28:32.185+0000] {dag.py:4180} INFO - Setting next_dagrun for example_xcom_args_with_operators to None, run_after=None
[2025-04-07T00:28:32.199+0000] {processor.py:208} INFO - Processing /home/airflow/.local/lib/python3.12/site-packages/airflow/example_dags/example_xcomargs.py took 0.083 seconds
