[2025-04-07T00:00:11.375+0000] {processor.py:186} INFO - Started process (PID=254) to work on /home/airflow/.local/lib/python3.12/site-packages/airflow/example_dags/example_branch_labels.py
[2025-04-07T00:00:11.376+0000] {processor.py:914} INFO - Processing file /home/airflow/.local/lib/python3.12/site-packages/airflow/example_dags/example_branch_labels.py for tasks to queue
[2025-04-07T00:00:11.379+0000] {logging_mixin.py:190} INFO - [2025-04-07T00:00:11.378+0000] {dagbag.py:588} INFO - Filling up the DagBag from /home/airflow/.local/lib/python3.12/site-packages/airflow/example_dags/example_branch_labels.py
[2025-04-07T00:00:11.385+0000] {processor.py:925} INFO - DAG(s) 'example_branch_labels' retrieved from /home/airflow/.local/lib/python3.12/site-packages/airflow/example_dags/example_branch_labels.py
[2025-04-07T00:00:11.407+0000] {logging_mixin.py:190} INFO - [2025-04-07T00:00:11.407+0000] {dag.py:3239} INFO - Sync 1 DAGs
[2025-04-07T00:00:11.427+0000] {logging_mixin.py:190} INFO - [2025-04-07T00:00:11.427+0000] {dag.py:4180} INFO - Setting next_dagrun for example_branch_labels to 2025-04-06 00:00:00+00:00, run_after=2025-04-07 00:00:00+00:00
[2025-04-07T00:00:11.442+0000] {processor.py:208} INFO - Processing /home/airflow/.local/lib/python3.12/site-packages/airflow/example_dags/example_branch_labels.py took 0.074 seconds
[2025-04-07T00:01:48.997+0000] {processor.py:186} INFO - Started process (PID=124) to work on /home/airflow/.local/lib/python3.12/site-packages/airflow/example_dags/example_branch_labels.py
[2025-04-07T00:01:48.998+0000] {processor.py:914} INFO - Processing file /home/airflow/.local/lib/python3.12/site-packages/airflow/example_dags/example_branch_labels.py for tasks to queue
[2025-04-07T00:01:49.000+0000] {logging_mixin.py:190} INFO - [2025-04-07T00:01:49.000+0000] {dagbag.py:588} INFO - Filling up the DagBag from /home/airflow/.local/lib/python3.12/site-packages/airflow/example_dags/example_branch_labels.py
[2025-04-07T00:01:49.008+0000] {processor.py:925} INFO - DAG(s) 'example_branch_labels' retrieved from /home/airflow/.local/lib/python3.12/site-packages/airflow/example_dags/example_branch_labels.py
[2025-04-07T00:01:49.033+0000] {logging_mixin.py:190} INFO - [2025-04-07T00:01:49.033+0000] {dag.py:3239} INFO - Sync 1 DAGs
[2025-04-07T00:01:49.062+0000] {logging_mixin.py:190} INFO - [2025-04-07T00:01:49.062+0000] {dag.py:4180} INFO - Setting next_dagrun for example_branch_labels to 2025-04-06 00:00:00+00:00, run_after=2025-04-07 00:00:00+00:00
[2025-04-07T00:01:49.086+0000] {processor.py:208} INFO - Processing /home/airflow/.local/lib/python3.12/site-packages/airflow/example_dags/example_branch_labels.py took 0.094 seconds
[2025-04-07T00:02:19.718+0000] {processor.py:186} INFO - Started process (PID=189) to work on /home/airflow/.local/lib/python3.12/site-packages/airflow/example_dags/example_branch_labels.py
[2025-04-07T00:02:19.720+0000] {processor.py:914} INFO - Processing file /home/airflow/.local/lib/python3.12/site-packages/airflow/example_dags/example_branch_labels.py for tasks to queue
[2025-04-07T00:02:19.723+0000] {logging_mixin.py:190} INFO - [2025-04-07T00:02:19.722+0000] {dagbag.py:588} INFO - Filling up the DagBag from /home/airflow/.local/lib/python3.12/site-packages/airflow/example_dags/example_branch_labels.py
[2025-04-07T00:02:19.730+0000] {processor.py:925} INFO - DAG(s) 'example_branch_labels' retrieved from /home/airflow/.local/lib/python3.12/site-packages/airflow/example_dags/example_branch_labels.py
[2025-04-07T00:02:19.747+0000] {logging_mixin.py:190} INFO - [2025-04-07T00:02:19.747+0000] {dag.py:3239} INFO - Sync 1 DAGs
[2025-04-07T00:02:19.767+0000] {logging_mixin.py:190} INFO - [2025-04-07T00:02:19.767+0000] {dag.py:4180} INFO - Setting next_dagrun for example_branch_labels to 2025-04-06 00:00:00+00:00, run_after=2025-04-07 00:00:00+00:00
[2025-04-07T00:02:19.784+0000] {processor.py:208} INFO - Processing /home/airflow/.local/lib/python3.12/site-packages/airflow/example_dags/example_branch_labels.py took 0.074 seconds
[2025-04-07T00:02:50.156+0000] {processor.py:186} INFO - Started process (PID=254) to work on /home/airflow/.local/lib/python3.12/site-packages/airflow/example_dags/example_branch_labels.py
[2025-04-07T00:02:50.157+0000] {processor.py:914} INFO - Processing file /home/airflow/.local/lib/python3.12/site-packages/airflow/example_dags/example_branch_labels.py for tasks to queue
[2025-04-07T00:02:50.160+0000] {logging_mixin.py:190} INFO - [2025-04-07T00:02:50.159+0000] {dagbag.py:588} INFO - Filling up the DagBag from /home/airflow/.local/lib/python3.12/site-packages/airflow/example_dags/example_branch_labels.py
[2025-04-07T00:02:50.166+0000] {processor.py:925} INFO - DAG(s) 'example_branch_labels' retrieved from /home/airflow/.local/lib/python3.12/site-packages/airflow/example_dags/example_branch_labels.py
[2025-04-07T00:02:50.184+0000] {logging_mixin.py:190} INFO - [2025-04-07T00:02:50.183+0000] {dag.py:3239} INFO - Sync 1 DAGs
[2025-04-07T00:02:50.204+0000] {logging_mixin.py:190} INFO - [2025-04-07T00:02:50.204+0000] {dag.py:4180} INFO - Setting next_dagrun for example_branch_labels to 2025-04-06 00:00:00+00:00, run_after=2025-04-07 00:00:00+00:00
[2025-04-07T00:02:50.216+0000] {processor.py:208} INFO - Processing /home/airflow/.local/lib/python3.12/site-packages/airflow/example_dags/example_branch_labels.py took 0.067 seconds
[2025-04-07T00:03:20.615+0000] {processor.py:186} INFO - Started process (PID=319) to work on /home/airflow/.local/lib/python3.12/site-packages/airflow/example_dags/example_branch_labels.py
[2025-04-07T00:03:20.615+0000] {processor.py:914} INFO - Processing file /home/airflow/.local/lib/python3.12/site-packages/airflow/example_dags/example_branch_labels.py for tasks to queue
[2025-04-07T00:03:20.617+0000] {logging_mixin.py:190} INFO - [2025-04-07T00:03:20.617+0000] {dagbag.py:588} INFO - Filling up the DagBag from /home/airflow/.local/lib/python3.12/site-packages/airflow/example_dags/example_branch_labels.py
[2025-04-07T00:03:20.623+0000] {processor.py:925} INFO - DAG(s) 'example_branch_labels' retrieved from /home/airflow/.local/lib/python3.12/site-packages/airflow/example_dags/example_branch_labels.py
[2025-04-07T00:03:20.644+0000] {logging_mixin.py:190} INFO - [2025-04-07T00:03:20.643+0000] {dag.py:3239} INFO - Sync 1 DAGs
[2025-04-07T00:03:20.664+0000] {logging_mixin.py:190} INFO - [2025-04-07T00:03:20.664+0000] {dag.py:4180} INFO - Setting next_dagrun for example_branch_labels to 2025-04-06 00:00:00+00:00, run_after=2025-04-07 00:00:00+00:00
[2025-04-07T00:03:20.677+0000] {processor.py:208} INFO - Processing /home/airflow/.local/lib/python3.12/site-packages/airflow/example_dags/example_branch_labels.py took 0.069 seconds
[2025-04-07T00:03:51.050+0000] {processor.py:186} INFO - Started process (PID=384) to work on /home/airflow/.local/lib/python3.12/site-packages/airflow/example_dags/example_branch_labels.py
[2025-04-07T00:03:51.051+0000] {processor.py:914} INFO - Processing file /home/airflow/.local/lib/python3.12/site-packages/airflow/example_dags/example_branch_labels.py for tasks to queue
[2025-04-07T00:03:51.054+0000] {logging_mixin.py:190} INFO - [2025-04-07T00:03:51.053+0000] {dagbag.py:588} INFO - Filling up the DagBag from /home/airflow/.local/lib/python3.12/site-packages/airflow/example_dags/example_branch_labels.py
[2025-04-07T00:03:51.062+0000] {processor.py:925} INFO - DAG(s) 'example_branch_labels' retrieved from /home/airflow/.local/lib/python3.12/site-packages/airflow/example_dags/example_branch_labels.py
[2025-04-07T00:03:51.082+0000] {logging_mixin.py:190} INFO - [2025-04-07T00:03:51.081+0000] {dag.py:3239} INFO - Sync 1 DAGs
[2025-04-07T00:03:51.108+0000] {logging_mixin.py:190} INFO - [2025-04-07T00:03:51.107+0000] {dag.py:4180} INFO - Setting next_dagrun for example_branch_labels to 2025-04-06 00:00:00+00:00, run_after=2025-04-07 00:00:00+00:00
[2025-04-07T00:03:51.124+0000] {processor.py:208} INFO - Processing /home/airflow/.local/lib/python3.12/site-packages/airflow/example_dags/example_branch_labels.py took 0.081 seconds
[2025-04-07T00:04:21.500+0000] {processor.py:186} INFO - Started process (PID=449) to work on /home/airflow/.local/lib/python3.12/site-packages/airflow/example_dags/example_branch_labels.py
[2025-04-07T00:04:21.501+0000] {processor.py:914} INFO - Processing file /home/airflow/.local/lib/python3.12/site-packages/airflow/example_dags/example_branch_labels.py for tasks to queue
[2025-04-07T00:04:21.504+0000] {logging_mixin.py:190} INFO - [2025-04-07T00:04:21.504+0000] {dagbag.py:588} INFO - Filling up the DagBag from /home/airflow/.local/lib/python3.12/site-packages/airflow/example_dags/example_branch_labels.py
[2025-04-07T00:04:21.512+0000] {processor.py:925} INFO - DAG(s) 'example_branch_labels' retrieved from /home/airflow/.local/lib/python3.12/site-packages/airflow/example_dags/example_branch_labels.py
[2025-04-07T00:04:21.531+0000] {logging_mixin.py:190} INFO - [2025-04-07T00:04:21.531+0000] {dag.py:3239} INFO - Sync 1 DAGs
[2025-04-07T00:04:21.552+0000] {logging_mixin.py:190} INFO - [2025-04-07T00:04:21.552+0000] {dag.py:4180} INFO - Setting next_dagrun for example_branch_labels to 2025-04-06 00:00:00+00:00, run_after=2025-04-07 00:00:00+00:00
[2025-04-07T00:04:21.565+0000] {processor.py:208} INFO - Processing /home/airflow/.local/lib/python3.12/site-packages/airflow/example_dags/example_branch_labels.py took 0.072 seconds
[2025-04-07T00:04:52.368+0000] {processor.py:186} INFO - Started process (PID=514) to work on /home/airflow/.local/lib/python3.12/site-packages/airflow/example_dags/example_branch_labels.py
[2025-04-07T00:04:52.369+0000] {processor.py:914} INFO - Processing file /home/airflow/.local/lib/python3.12/site-packages/airflow/example_dags/example_branch_labels.py for tasks to queue
[2025-04-07T00:04:52.371+0000] {logging_mixin.py:190} INFO - [2025-04-07T00:04:52.371+0000] {dagbag.py:588} INFO - Filling up the DagBag from /home/airflow/.local/lib/python3.12/site-packages/airflow/example_dags/example_branch_labels.py
[2025-04-07T00:04:52.378+0000] {processor.py:925} INFO - DAG(s) 'example_branch_labels' retrieved from /home/airflow/.local/lib/python3.12/site-packages/airflow/example_dags/example_branch_labels.py
[2025-04-07T00:04:52.397+0000] {logging_mixin.py:190} INFO - [2025-04-07T00:04:52.397+0000] {dag.py:3239} INFO - Sync 1 DAGs
[2025-04-07T00:04:52.418+0000] {logging_mixin.py:190} INFO - [2025-04-07T00:04:52.417+0000] {dag.py:4180} INFO - Setting next_dagrun for example_branch_labels to 2025-04-06 00:00:00+00:00, run_after=2025-04-07 00:00:00+00:00
[2025-04-07T00:04:52.431+0000] {processor.py:208} INFO - Processing /home/airflow/.local/lib/python3.12/site-packages/airflow/example_dags/example_branch_labels.py took 0.070 seconds
[2025-04-07T00:05:23.580+0000] {processor.py:186} INFO - Started process (PID=579) to work on /home/airflow/.local/lib/python3.12/site-packages/airflow/example_dags/example_branch_labels.py
[2025-04-07T00:05:23.581+0000] {processor.py:914} INFO - Processing file /home/airflow/.local/lib/python3.12/site-packages/airflow/example_dags/example_branch_labels.py for tasks to queue
[2025-04-07T00:05:23.582+0000] {logging_mixin.py:190} INFO - [2025-04-07T00:05:23.582+0000] {dagbag.py:588} INFO - Filling up the DagBag from /home/airflow/.local/lib/python3.12/site-packages/airflow/example_dags/example_branch_labels.py
[2025-04-07T00:05:23.589+0000] {processor.py:925} INFO - DAG(s) 'example_branch_labels' retrieved from /home/airflow/.local/lib/python3.12/site-packages/airflow/example_dags/example_branch_labels.py
[2025-04-07T00:05:23.608+0000] {logging_mixin.py:190} INFO - [2025-04-07T00:05:23.608+0000] {dag.py:3239} INFO - Sync 1 DAGs
[2025-04-07T00:05:23.628+0000] {logging_mixin.py:190} INFO - [2025-04-07T00:05:23.628+0000] {dag.py:4180} INFO - Setting next_dagrun for example_branch_labels to 2025-04-06 00:00:00+00:00, run_after=2025-04-07 00:00:00+00:00
[2025-04-07T00:05:23.641+0000] {processor.py:208} INFO - Processing /home/airflow/.local/lib/python3.12/site-packages/airflow/example_dags/example_branch_labels.py took 0.065 seconds
[2025-04-07T00:05:55.055+0000] {processor.py:186} INFO - Started process (PID=644) to work on /home/airflow/.local/lib/python3.12/site-packages/airflow/example_dags/example_branch_labels.py
[2025-04-07T00:05:55.056+0000] {processor.py:914} INFO - Processing file /home/airflow/.local/lib/python3.12/site-packages/airflow/example_dags/example_branch_labels.py for tasks to queue
[2025-04-07T00:05:55.059+0000] {logging_mixin.py:190} INFO - [2025-04-07T00:05:55.059+0000] {dagbag.py:588} INFO - Filling up the DagBag from /home/airflow/.local/lib/python3.12/site-packages/airflow/example_dags/example_branch_labels.py
[2025-04-07T00:05:55.066+0000] {processor.py:925} INFO - DAG(s) 'example_branch_labels' retrieved from /home/airflow/.local/lib/python3.12/site-packages/airflow/example_dags/example_branch_labels.py
[2025-04-07T00:05:55.088+0000] {logging_mixin.py:190} INFO - [2025-04-07T00:05:55.087+0000] {dag.py:3239} INFO - Sync 1 DAGs
[2025-04-07T00:05:55.109+0000] {logging_mixin.py:190} INFO - [2025-04-07T00:05:55.108+0000] {dag.py:4180} INFO - Setting next_dagrun for example_branch_labels to 2025-04-06 00:00:00+00:00, run_after=2025-04-07 00:00:00+00:00
[2025-04-07T00:05:55.123+0000] {processor.py:208} INFO - Processing /home/airflow/.local/lib/python3.12/site-packages/airflow/example_dags/example_branch_labels.py took 0.076 seconds
[2025-04-07T00:06:25.448+0000] {processor.py:186} INFO - Started process (PID=709) to work on /home/airflow/.local/lib/python3.12/site-packages/airflow/example_dags/example_branch_labels.py
[2025-04-07T00:06:25.449+0000] {processor.py:914} INFO - Processing file /home/airflow/.local/lib/python3.12/site-packages/airflow/example_dags/example_branch_labels.py for tasks to queue
[2025-04-07T00:06:25.451+0000] {logging_mixin.py:190} INFO - [2025-04-07T00:06:25.451+0000] {dagbag.py:588} INFO - Filling up the DagBag from /home/airflow/.local/lib/python3.12/site-packages/airflow/example_dags/example_branch_labels.py
[2025-04-07T00:06:25.459+0000] {processor.py:925} INFO - DAG(s) 'example_branch_labels' retrieved from /home/airflow/.local/lib/python3.12/site-packages/airflow/example_dags/example_branch_labels.py
[2025-04-07T00:06:25.479+0000] {logging_mixin.py:190} INFO - [2025-04-07T00:06:25.478+0000] {dag.py:3239} INFO - Sync 1 DAGs
[2025-04-07T00:06:25.500+0000] {logging_mixin.py:190} INFO - [2025-04-07T00:06:25.499+0000] {dag.py:4180} INFO - Setting next_dagrun for example_branch_labels to 2025-04-06 00:00:00+00:00, run_after=2025-04-07 00:00:00+00:00
[2025-04-07T00:06:25.513+0000] {processor.py:208} INFO - Processing /home/airflow/.local/lib/python3.12/site-packages/airflow/example_dags/example_branch_labels.py took 0.070 seconds
[2025-04-07T00:06:56.041+0000] {processor.py:186} INFO - Started process (PID=774) to work on /home/airflow/.local/lib/python3.12/site-packages/airflow/example_dags/example_branch_labels.py
[2025-04-07T00:06:56.043+0000] {processor.py:914} INFO - Processing file /home/airflow/.local/lib/python3.12/site-packages/airflow/example_dags/example_branch_labels.py for tasks to queue
[2025-04-07T00:06:56.045+0000] {logging_mixin.py:190} INFO - [2025-04-07T00:06:56.045+0000] {dagbag.py:588} INFO - Filling up the DagBag from /home/airflow/.local/lib/python3.12/site-packages/airflow/example_dags/example_branch_labels.py
[2025-04-07T00:06:56.052+0000] {processor.py:925} INFO - DAG(s) 'example_branch_labels' retrieved from /home/airflow/.local/lib/python3.12/site-packages/airflow/example_dags/example_branch_labels.py
[2025-04-07T00:06:56.070+0000] {logging_mixin.py:190} INFO - [2025-04-07T00:06:56.070+0000] {dag.py:3239} INFO - Sync 1 DAGs
[2025-04-07T00:06:56.088+0000] {logging_mixin.py:190} INFO - [2025-04-07T00:06:56.088+0000] {dag.py:4180} INFO - Setting next_dagrun for example_branch_labels to 2025-04-06 00:00:00+00:00, run_after=2025-04-07 00:00:00+00:00
[2025-04-07T00:06:56.100+0000] {processor.py:208} INFO - Processing /home/airflow/.local/lib/python3.12/site-packages/airflow/example_dags/example_branch_labels.py took 0.066 seconds
[2025-04-07T00:07:27.000+0000] {processor.py:186} INFO - Started process (PID=839) to work on /home/airflow/.local/lib/python3.12/site-packages/airflow/example_dags/example_branch_labels.py
[2025-04-07T00:07:27.001+0000] {processor.py:914} INFO - Processing file /home/airflow/.local/lib/python3.12/site-packages/airflow/example_dags/example_branch_labels.py for tasks to queue
[2025-04-07T00:07:27.004+0000] {logging_mixin.py:190} INFO - [2025-04-07T00:07:27.004+0000] {dagbag.py:588} INFO - Filling up the DagBag from /home/airflow/.local/lib/python3.12/site-packages/airflow/example_dags/example_branch_labels.py
[2025-04-07T00:07:27.012+0000] {processor.py:925} INFO - DAG(s) 'example_branch_labels' retrieved from /home/airflow/.local/lib/python3.12/site-packages/airflow/example_dags/example_branch_labels.py
[2025-04-07T00:07:27.032+0000] {logging_mixin.py:190} INFO - [2025-04-07T00:07:27.032+0000] {dag.py:3239} INFO - Sync 1 DAGs
[2025-04-07T00:07:27.054+0000] {logging_mixin.py:190} INFO - [2025-04-07T00:07:27.053+0000] {dag.py:4180} INFO - Setting next_dagrun for example_branch_labels to 2025-04-06 00:00:00+00:00, run_after=2025-04-07 00:00:00+00:00
[2025-04-07T00:07:27.070+0000] {processor.py:208} INFO - Processing /home/airflow/.local/lib/python3.12/site-packages/airflow/example_dags/example_branch_labels.py took 0.078 seconds
[2025-04-07T00:07:57.408+0000] {processor.py:186} INFO - Started process (PID=904) to work on /home/airflow/.local/lib/python3.12/site-packages/airflow/example_dags/example_branch_labels.py
[2025-04-07T00:07:57.409+0000] {processor.py:914} INFO - Processing file /home/airflow/.local/lib/python3.12/site-packages/airflow/example_dags/example_branch_labels.py for tasks to queue
[2025-04-07T00:07:57.411+0000] {logging_mixin.py:190} INFO - [2025-04-07T00:07:57.411+0000] {dagbag.py:588} INFO - Filling up the DagBag from /home/airflow/.local/lib/python3.12/site-packages/airflow/example_dags/example_branch_labels.py
[2025-04-07T00:07:57.418+0000] {processor.py:925} INFO - DAG(s) 'example_branch_labels' retrieved from /home/airflow/.local/lib/python3.12/site-packages/airflow/example_dags/example_branch_labels.py
[2025-04-07T00:07:57.435+0000] {logging_mixin.py:190} INFO - [2025-04-07T00:07:57.435+0000] {dag.py:3239} INFO - Sync 1 DAGs
[2025-04-07T00:07:57.455+0000] {logging_mixin.py:190} INFO - [2025-04-07T00:07:57.455+0000] {dag.py:4180} INFO - Setting next_dagrun for example_branch_labels to 2025-04-06 00:00:00+00:00, run_after=2025-04-07 00:00:00+00:00
[2025-04-07T00:07:57.468+0000] {processor.py:208} INFO - Processing /home/airflow/.local/lib/python3.12/site-packages/airflow/example_dags/example_branch_labels.py took 0.067 seconds
[2025-04-07T00:08:27.643+0000] {processor.py:186} INFO - Started process (PID=970) to work on /home/airflow/.local/lib/python3.12/site-packages/airflow/example_dags/example_branch_labels.py
[2025-04-07T00:08:27.643+0000] {processor.py:914} INFO - Processing file /home/airflow/.local/lib/python3.12/site-packages/airflow/example_dags/example_branch_labels.py for tasks to queue
[2025-04-07T00:08:27.645+0000] {logging_mixin.py:190} INFO - [2025-04-07T00:08:27.645+0000] {dagbag.py:588} INFO - Filling up the DagBag from /home/airflow/.local/lib/python3.12/site-packages/airflow/example_dags/example_branch_labels.py
[2025-04-07T00:08:27.652+0000] {processor.py:925} INFO - DAG(s) 'example_branch_labels' retrieved from /home/airflow/.local/lib/python3.12/site-packages/airflow/example_dags/example_branch_labels.py
[2025-04-07T00:08:27.671+0000] {logging_mixin.py:190} INFO - [2025-04-07T00:08:27.671+0000] {dag.py:3239} INFO - Sync 1 DAGs
[2025-04-07T00:08:27.692+0000] {logging_mixin.py:190} INFO - [2025-04-07T00:08:27.691+0000] {dag.py:4180} INFO - Setting next_dagrun for example_branch_labels to 2025-04-06 00:00:00+00:00, run_after=2025-04-07 00:00:00+00:00
[2025-04-07T00:08:27.704+0000] {processor.py:208} INFO - Processing /home/airflow/.local/lib/python3.12/site-packages/airflow/example_dags/example_branch_labels.py took 0.066 seconds
[2025-04-07T00:08:58.907+0000] {processor.py:186} INFO - Started process (PID=1035) to work on /home/airflow/.local/lib/python3.12/site-packages/airflow/example_dags/example_branch_labels.py
[2025-04-07T00:08:58.908+0000] {processor.py:914} INFO - Processing file /home/airflow/.local/lib/python3.12/site-packages/airflow/example_dags/example_branch_labels.py for tasks to queue
[2025-04-07T00:08:58.910+0000] {logging_mixin.py:190} INFO - [2025-04-07T00:08:58.910+0000] {dagbag.py:588} INFO - Filling up the DagBag from /home/airflow/.local/lib/python3.12/site-packages/airflow/example_dags/example_branch_labels.py
[2025-04-07T00:08:58.916+0000] {processor.py:925} INFO - DAG(s) 'example_branch_labels' retrieved from /home/airflow/.local/lib/python3.12/site-packages/airflow/example_dags/example_branch_labels.py
[2025-04-07T00:08:58.937+0000] {logging_mixin.py:190} INFO - [2025-04-07T00:08:58.936+0000] {dag.py:3239} INFO - Sync 1 DAGs
[2025-04-07T00:08:58.958+0000] {logging_mixin.py:190} INFO - [2025-04-07T00:08:58.957+0000] {dag.py:4180} INFO - Setting next_dagrun for example_branch_labels to 2025-04-06 00:00:00+00:00, run_after=2025-04-07 00:00:00+00:00
[2025-04-07T00:08:58.973+0000] {processor.py:208} INFO - Processing /home/airflow/.local/lib/python3.12/site-packages/airflow/example_dags/example_branch_labels.py took 0.070 seconds
[2025-04-07T00:09:30.508+0000] {processor.py:186} INFO - Started process (PID=1100) to work on /home/airflow/.local/lib/python3.12/site-packages/airflow/example_dags/example_branch_labels.py
[2025-04-07T00:09:30.511+0000] {processor.py:914} INFO - Processing file /home/airflow/.local/lib/python3.12/site-packages/airflow/example_dags/example_branch_labels.py for tasks to queue
[2025-04-07T00:09:30.513+0000] {logging_mixin.py:190} INFO - [2025-04-07T00:09:30.513+0000] {dagbag.py:588} INFO - Filling up the DagBag from /home/airflow/.local/lib/python3.12/site-packages/airflow/example_dags/example_branch_labels.py
[2025-04-07T00:09:30.521+0000] {processor.py:925} INFO - DAG(s) 'example_branch_labels' retrieved from /home/airflow/.local/lib/python3.12/site-packages/airflow/example_dags/example_branch_labels.py
[2025-04-07T00:09:30.544+0000] {logging_mixin.py:190} INFO - [2025-04-07T00:09:30.544+0000] {dag.py:3239} INFO - Sync 1 DAGs
[2025-04-07T00:09:30.569+0000] {logging_mixin.py:190} INFO - [2025-04-07T00:09:30.569+0000] {dag.py:4180} INFO - Setting next_dagrun for example_branch_labels to 2025-04-06 00:00:00+00:00, run_after=2025-04-07 00:00:00+00:00
[2025-04-07T00:09:30.589+0000] {processor.py:208} INFO - Processing /home/airflow/.local/lib/python3.12/site-packages/airflow/example_dags/example_branch_labels.py took 0.089 seconds
[2025-04-07T00:10:01.884+0000] {processor.py:186} INFO - Started process (PID=1167) to work on /home/airflow/.local/lib/python3.12/site-packages/airflow/example_dags/example_branch_labels.py
[2025-04-07T00:10:01.885+0000] {processor.py:914} INFO - Processing file /home/airflow/.local/lib/python3.12/site-packages/airflow/example_dags/example_branch_labels.py for tasks to queue
[2025-04-07T00:10:01.887+0000] {logging_mixin.py:190} INFO - [2025-04-07T00:10:01.887+0000] {dagbag.py:588} INFO - Filling up the DagBag from /home/airflow/.local/lib/python3.12/site-packages/airflow/example_dags/example_branch_labels.py
[2025-04-07T00:10:01.893+0000] {processor.py:925} INFO - DAG(s) 'example_branch_labels' retrieved from /home/airflow/.local/lib/python3.12/site-packages/airflow/example_dags/example_branch_labels.py
[2025-04-07T00:10:01.913+0000] {logging_mixin.py:190} INFO - [2025-04-07T00:10:01.912+0000] {dag.py:3239} INFO - Sync 1 DAGs
[2025-04-07T00:10:01.932+0000] {logging_mixin.py:190} INFO - [2025-04-07T00:10:01.932+0000] {dag.py:4180} INFO - Setting next_dagrun for example_branch_labels to 2025-04-06 00:00:00+00:00, run_after=2025-04-07 00:00:00+00:00
[2025-04-07T00:10:01.945+0000] {processor.py:208} INFO - Processing /home/airflow/.local/lib/python3.12/site-packages/airflow/example_dags/example_branch_labels.py took 0.065 seconds
[2025-04-07T00:10:32.482+0000] {processor.py:186} INFO - Started process (PID=1232) to work on /home/airflow/.local/lib/python3.12/site-packages/airflow/example_dags/example_branch_labels.py
[2025-04-07T00:10:32.483+0000] {processor.py:914} INFO - Processing file /home/airflow/.local/lib/python3.12/site-packages/airflow/example_dags/example_branch_labels.py for tasks to queue
[2025-04-07T00:10:32.486+0000] {logging_mixin.py:190} INFO - [2025-04-07T00:10:32.485+0000] {dagbag.py:588} INFO - Filling up the DagBag from /home/airflow/.local/lib/python3.12/site-packages/airflow/example_dags/example_branch_labels.py
[2025-04-07T00:10:32.492+0000] {processor.py:925} INFO - DAG(s) 'example_branch_labels' retrieved from /home/airflow/.local/lib/python3.12/site-packages/airflow/example_dags/example_branch_labels.py
[2025-04-07T00:10:32.512+0000] {logging_mixin.py:190} INFO - [2025-04-07T00:10:32.511+0000] {dag.py:3239} INFO - Sync 1 DAGs
[2025-04-07T00:10:32.532+0000] {logging_mixin.py:190} INFO - [2025-04-07T00:10:32.532+0000] {dag.py:4180} INFO - Setting next_dagrun for example_branch_labels to 2025-04-06 00:00:00+00:00, run_after=2025-04-07 00:00:00+00:00
[2025-04-07T00:10:32.545+0000] {processor.py:208} INFO - Processing /home/airflow/.local/lib/python3.12/site-packages/airflow/example_dags/example_branch_labels.py took 0.071 seconds
[2025-04-07T00:11:03.173+0000] {processor.py:186} INFO - Started process (PID=1297) to work on /home/airflow/.local/lib/python3.12/site-packages/airflow/example_dags/example_branch_labels.py
[2025-04-07T00:11:03.174+0000] {processor.py:914} INFO - Processing file /home/airflow/.local/lib/python3.12/site-packages/airflow/example_dags/example_branch_labels.py for tasks to queue
[2025-04-07T00:11:03.177+0000] {logging_mixin.py:190} INFO - [2025-04-07T00:11:03.177+0000] {dagbag.py:588} INFO - Filling up the DagBag from /home/airflow/.local/lib/python3.12/site-packages/airflow/example_dags/example_branch_labels.py
[2025-04-07T00:11:03.184+0000] {processor.py:925} INFO - DAG(s) 'example_branch_labels' retrieved from /home/airflow/.local/lib/python3.12/site-packages/airflow/example_dags/example_branch_labels.py
[2025-04-07T00:11:03.205+0000] {logging_mixin.py:190} INFO - [2025-04-07T00:11:03.205+0000] {dag.py:3239} INFO - Sync 1 DAGs
[2025-04-07T00:11:03.229+0000] {logging_mixin.py:190} INFO - [2025-04-07T00:11:03.229+0000] {dag.py:4180} INFO - Setting next_dagrun for example_branch_labels to 2025-04-06 00:00:00+00:00, run_after=2025-04-07 00:00:00+00:00
[2025-04-07T00:11:03.242+0000] {processor.py:208} INFO - Processing /home/airflow/.local/lib/python3.12/site-packages/airflow/example_dags/example_branch_labels.py took 0.076 seconds
[2025-04-07T00:11:34.801+0000] {processor.py:186} INFO - Started process (PID=1363) to work on /home/airflow/.local/lib/python3.12/site-packages/airflow/example_dags/example_branch_labels.py
[2025-04-07T00:11:34.802+0000] {processor.py:914} INFO - Processing file /home/airflow/.local/lib/python3.12/site-packages/airflow/example_dags/example_branch_labels.py for tasks to queue
[2025-04-07T00:11:34.805+0000] {logging_mixin.py:190} INFO - [2025-04-07T00:11:34.805+0000] {dagbag.py:588} INFO - Filling up the DagBag from /home/airflow/.local/lib/python3.12/site-packages/airflow/example_dags/example_branch_labels.py
[2025-04-07T00:11:34.812+0000] {processor.py:925} INFO - DAG(s) 'example_branch_labels' retrieved from /home/airflow/.local/lib/python3.12/site-packages/airflow/example_dags/example_branch_labels.py
[2025-04-07T00:11:34.834+0000] {logging_mixin.py:190} INFO - [2025-04-07T00:11:34.834+0000] {dag.py:3239} INFO - Sync 1 DAGs
[2025-04-07T00:11:34.854+0000] {logging_mixin.py:190} INFO - [2025-04-07T00:11:34.854+0000] {dag.py:4180} INFO - Setting next_dagrun for example_branch_labels to 2025-04-06 00:00:00+00:00, run_after=2025-04-07 00:00:00+00:00
[2025-04-07T00:11:34.867+0000] {processor.py:208} INFO - Processing /home/airflow/.local/lib/python3.12/site-packages/airflow/example_dags/example_branch_labels.py took 0.073 seconds
[2025-04-07T00:12:06.344+0000] {processor.py:186} INFO - Started process (PID=1428) to work on /home/airflow/.local/lib/python3.12/site-packages/airflow/example_dags/example_branch_labels.py
[2025-04-07T00:12:06.347+0000] {processor.py:914} INFO - Processing file /home/airflow/.local/lib/python3.12/site-packages/airflow/example_dags/example_branch_labels.py for tasks to queue
[2025-04-07T00:12:06.349+0000] {logging_mixin.py:190} INFO - [2025-04-07T00:12:06.349+0000] {dagbag.py:588} INFO - Filling up the DagBag from /home/airflow/.local/lib/python3.12/site-packages/airflow/example_dags/example_branch_labels.py
[2025-04-07T00:12:06.355+0000] {processor.py:925} INFO - DAG(s) 'example_branch_labels' retrieved from /home/airflow/.local/lib/python3.12/site-packages/airflow/example_dags/example_branch_labels.py
[2025-04-07T00:12:06.376+0000] {logging_mixin.py:190} INFO - [2025-04-07T00:12:06.375+0000] {dag.py:3239} INFO - Sync 1 DAGs
[2025-04-07T00:12:06.605+0000] {logging_mixin.py:190} INFO - [2025-04-07T00:12:06.605+0000] {dag.py:4180} INFO - Setting next_dagrun for example_branch_labels to 2025-04-06 00:00:00+00:00, run_after=2025-04-07 00:00:00+00:00
[2025-04-07T00:12:06.619+0000] {processor.py:208} INFO - Processing /home/airflow/.local/lib/python3.12/site-packages/airflow/example_dags/example_branch_labels.py took 0.279 seconds
[2025-04-07T00:12:37.740+0000] {processor.py:186} INFO - Started process (PID=1493) to work on /home/airflow/.local/lib/python3.12/site-packages/airflow/example_dags/example_branch_labels.py
[2025-04-07T00:12:37.741+0000] {processor.py:914} INFO - Processing file /home/airflow/.local/lib/python3.12/site-packages/airflow/example_dags/example_branch_labels.py for tasks to queue
[2025-04-07T00:12:37.744+0000] {logging_mixin.py:190} INFO - [2025-04-07T00:12:37.744+0000] {dagbag.py:588} INFO - Filling up the DagBag from /home/airflow/.local/lib/python3.12/site-packages/airflow/example_dags/example_branch_labels.py
[2025-04-07T00:12:37.752+0000] {processor.py:925} INFO - DAG(s) 'example_branch_labels' retrieved from /home/airflow/.local/lib/python3.12/site-packages/airflow/example_dags/example_branch_labels.py
[2025-04-07T00:12:37.772+0000] {logging_mixin.py:190} INFO - [2025-04-07T00:12:37.771+0000] {dag.py:3239} INFO - Sync 1 DAGs
[2025-04-07T00:12:37.792+0000] {logging_mixin.py:190} INFO - [2025-04-07T00:12:37.792+0000] {dag.py:4180} INFO - Setting next_dagrun for example_branch_labels to 2025-04-06 00:00:00+00:00, run_after=2025-04-07 00:00:00+00:00
[2025-04-07T00:12:37.806+0000] {processor.py:208} INFO - Processing /home/airflow/.local/lib/python3.12/site-packages/airflow/example_dags/example_branch_labels.py took 0.074 seconds
[2025-04-07T00:14:06.964+0000] {processor.py:186} INFO - Started process (PID=124) to work on /home/airflow/.local/lib/python3.12/site-packages/airflow/example_dags/example_branch_labels.py
[2025-04-07T00:14:06.965+0000] {processor.py:914} INFO - Processing file /home/airflow/.local/lib/python3.12/site-packages/airflow/example_dags/example_branch_labels.py for tasks to queue
[2025-04-07T00:14:06.967+0000] {logging_mixin.py:190} INFO - [2025-04-07T00:14:06.967+0000] {dagbag.py:588} INFO - Filling up the DagBag from /home/airflow/.local/lib/python3.12/site-packages/airflow/example_dags/example_branch_labels.py
[2025-04-07T00:14:06.975+0000] {processor.py:925} INFO - DAG(s) 'example_branch_labels' retrieved from /home/airflow/.local/lib/python3.12/site-packages/airflow/example_dags/example_branch_labels.py
[2025-04-07T00:14:07.024+0000] {logging_mixin.py:190} INFO - [2025-04-07T00:14:07.024+0000] {override.py:1930} INFO - Created Permission View: can read on DAG:example_branch_labels
[2025-04-07T00:14:07.032+0000] {logging_mixin.py:190} INFO - [2025-04-07T00:14:07.031+0000] {override.py:1930} INFO - Created Permission View: can delete on DAG:example_branch_labels
[2025-04-07T00:14:07.037+0000] {logging_mixin.py:190} INFO - [2025-04-07T00:14:07.036+0000] {override.py:1930} INFO - Created Permission View: can edit on DAG:example_branch_labels
[2025-04-07T00:14:07.042+0000] {logging_mixin.py:190} INFO - [2025-04-07T00:14:07.041+0000] {override.py:1930} INFO - Created Permission View: can create on DAG Run:example_branch_labels
[2025-04-07T00:14:07.047+0000] {logging_mixin.py:190} INFO - [2025-04-07T00:14:07.047+0000] {override.py:1930} INFO - Created Permission View: menu access on DAG Run:example_branch_labels
[2025-04-07T00:14:07.052+0000] {logging_mixin.py:190} INFO - [2025-04-07T00:14:07.052+0000] {override.py:1930} INFO - Created Permission View: can read on DAG Run:example_branch_labels
[2025-04-07T00:14:07.057+0000] {logging_mixin.py:190} INFO - [2025-04-07T00:14:07.057+0000] {override.py:1930} INFO - Created Permission View: can delete on DAG Run:example_branch_labels
[2025-04-07T00:14:07.057+0000] {logging_mixin.py:190} INFO - [2025-04-07T00:14:07.057+0000] {dag.py:3239} INFO - Sync 1 DAGs
[2025-04-07T00:14:07.070+0000] {logging_mixin.py:190} INFO - [2025-04-07T00:14:07.070+0000] {dag.py:3262} INFO - Creating ORM DAG for example_branch_labels
[2025-04-07T00:14:07.080+0000] {logging_mixin.py:190} INFO - [2025-04-07T00:14:07.080+0000] {dag.py:4180} INFO - Setting next_dagrun for example_branch_labels to 2025-04-06 00:00:00+00:00, run_after=2025-04-07 00:00:00+00:00
[2025-04-07T00:14:07.093+0000] {processor.py:208} INFO - Processing /home/airflow/.local/lib/python3.12/site-packages/airflow/example_dags/example_branch_labels.py took 0.134 seconds
[2025-04-07T00:14:37.955+0000] {processor.py:186} INFO - Started process (PID=195) to work on /home/airflow/.local/lib/python3.12/site-packages/airflow/example_dags/example_branch_labels.py
[2025-04-07T00:14:37.956+0000] {processor.py:914} INFO - Processing file /home/airflow/.local/lib/python3.12/site-packages/airflow/example_dags/example_branch_labels.py for tasks to queue
[2025-04-07T00:14:37.958+0000] {logging_mixin.py:190} INFO - [2025-04-07T00:14:37.957+0000] {dagbag.py:588} INFO - Filling up the DagBag from /home/airflow/.local/lib/python3.12/site-packages/airflow/example_dags/example_branch_labels.py
[2025-04-07T00:14:37.965+0000] {processor.py:925} INFO - DAG(s) 'example_branch_labels' retrieved from /home/airflow/.local/lib/python3.12/site-packages/airflow/example_dags/example_branch_labels.py
[2025-04-07T00:14:37.986+0000] {logging_mixin.py:190} INFO - [2025-04-07T00:14:37.985+0000] {dag.py:3239} INFO - Sync 1 DAGs
[2025-04-07T00:14:38.008+0000] {logging_mixin.py:190} INFO - [2025-04-07T00:14:38.008+0000] {dag.py:4180} INFO - Setting next_dagrun for example_branch_labels to 2025-04-06 00:00:00+00:00, run_after=2025-04-07 00:00:00+00:00
[2025-04-07T00:14:38.024+0000] {processor.py:208} INFO - Processing /home/airflow/.local/lib/python3.12/site-packages/airflow/example_dags/example_branch_labels.py took 0.075 seconds
[2025-04-07T00:15:09.017+0000] {processor.py:186} INFO - Started process (PID=260) to work on /home/airflow/.local/lib/python3.12/site-packages/airflow/example_dags/example_branch_labels.py
[2025-04-07T00:15:09.018+0000] {processor.py:914} INFO - Processing file /home/airflow/.local/lib/python3.12/site-packages/airflow/example_dags/example_branch_labels.py for tasks to queue
[2025-04-07T00:15:09.022+0000] {logging_mixin.py:190} INFO - [2025-04-07T00:15:09.021+0000] {dagbag.py:588} INFO - Filling up the DagBag from /home/airflow/.local/lib/python3.12/site-packages/airflow/example_dags/example_branch_labels.py
[2025-04-07T00:15:09.029+0000] {processor.py:925} INFO - DAG(s) 'example_branch_labels' retrieved from /home/airflow/.local/lib/python3.12/site-packages/airflow/example_dags/example_branch_labels.py
[2025-04-07T00:15:09.050+0000] {logging_mixin.py:190} INFO - [2025-04-07T00:15:09.050+0000] {dag.py:3239} INFO - Sync 1 DAGs
[2025-04-07T00:15:09.074+0000] {logging_mixin.py:190} INFO - [2025-04-07T00:15:09.073+0000] {dag.py:4180} INFO - Setting next_dagrun for example_branch_labels to 2025-04-06 00:00:00+00:00, run_after=2025-04-07 00:00:00+00:00
[2025-04-07T00:15:09.087+0000] {processor.py:208} INFO - Processing /home/airflow/.local/lib/python3.12/site-packages/airflow/example_dags/example_branch_labels.py took 0.078 seconds
[2025-04-07T00:15:39.500+0000] {processor.py:186} INFO - Started process (PID=325) to work on /home/airflow/.local/lib/python3.12/site-packages/airflow/example_dags/example_branch_labels.py
[2025-04-07T00:15:39.501+0000] {processor.py:914} INFO - Processing file /home/airflow/.local/lib/python3.12/site-packages/airflow/example_dags/example_branch_labels.py for tasks to queue
[2025-04-07T00:15:39.503+0000] {logging_mixin.py:190} INFO - [2025-04-07T00:15:39.502+0000] {dagbag.py:588} INFO - Filling up the DagBag from /home/airflow/.local/lib/python3.12/site-packages/airflow/example_dags/example_branch_labels.py
[2025-04-07T00:15:39.509+0000] {processor.py:925} INFO - DAG(s) 'example_branch_labels' retrieved from /home/airflow/.local/lib/python3.12/site-packages/airflow/example_dags/example_branch_labels.py
[2025-04-07T00:15:39.532+0000] {logging_mixin.py:190} INFO - [2025-04-07T00:15:39.531+0000] {dag.py:3239} INFO - Sync 1 DAGs
[2025-04-07T00:15:39.554+0000] {logging_mixin.py:190} INFO - [2025-04-07T00:15:39.553+0000] {dag.py:4180} INFO - Setting next_dagrun for example_branch_labels to 2025-04-06 00:00:00+00:00, run_after=2025-04-07 00:00:00+00:00
[2025-04-07T00:15:39.568+0000] {processor.py:208} INFO - Processing /home/airflow/.local/lib/python3.12/site-packages/airflow/example_dags/example_branch_labels.py took 0.072 seconds
[2025-04-07T00:16:09.993+0000] {processor.py:186} INFO - Started process (PID=390) to work on /home/airflow/.local/lib/python3.12/site-packages/airflow/example_dags/example_branch_labels.py
[2025-04-07T00:16:09.994+0000] {processor.py:914} INFO - Processing file /home/airflow/.local/lib/python3.12/site-packages/airflow/example_dags/example_branch_labels.py for tasks to queue
[2025-04-07T00:16:09.996+0000] {logging_mixin.py:190} INFO - [2025-04-07T00:16:09.995+0000] {dagbag.py:588} INFO - Filling up the DagBag from /home/airflow/.local/lib/python3.12/site-packages/airflow/example_dags/example_branch_labels.py
[2025-04-07T00:16:10.002+0000] {processor.py:925} INFO - DAG(s) 'example_branch_labels' retrieved from /home/airflow/.local/lib/python3.12/site-packages/airflow/example_dags/example_branch_labels.py
[2025-04-07T00:16:10.024+0000] {logging_mixin.py:190} INFO - [2025-04-07T00:16:10.024+0000] {dag.py:3239} INFO - Sync 1 DAGs
[2025-04-07T00:16:10.046+0000] {logging_mixin.py:190} INFO - [2025-04-07T00:16:10.046+0000] {dag.py:4180} INFO - Setting next_dagrun for example_branch_labels to 2025-04-06 00:00:00+00:00, run_after=2025-04-07 00:00:00+00:00
[2025-04-07T00:16:10.060+0000] {processor.py:208} INFO - Processing /home/airflow/.local/lib/python3.12/site-packages/airflow/example_dags/example_branch_labels.py took 0.071 seconds
[2025-04-07T00:16:40.407+0000] {processor.py:186} INFO - Started process (PID=455) to work on /home/airflow/.local/lib/python3.12/site-packages/airflow/example_dags/example_branch_labels.py
[2025-04-07T00:16:40.408+0000] {processor.py:914} INFO - Processing file /home/airflow/.local/lib/python3.12/site-packages/airflow/example_dags/example_branch_labels.py for tasks to queue
[2025-04-07T00:16:40.411+0000] {logging_mixin.py:190} INFO - [2025-04-07T00:16:40.411+0000] {dagbag.py:588} INFO - Filling up the DagBag from /home/airflow/.local/lib/python3.12/site-packages/airflow/example_dags/example_branch_labels.py
[2025-04-07T00:16:40.418+0000] {processor.py:925} INFO - DAG(s) 'example_branch_labels' retrieved from /home/airflow/.local/lib/python3.12/site-packages/airflow/example_dags/example_branch_labels.py
[2025-04-07T00:16:40.439+0000] {logging_mixin.py:190} INFO - [2025-04-07T00:16:40.439+0000] {dag.py:3239} INFO - Sync 1 DAGs
[2025-04-07T00:16:40.460+0000] {logging_mixin.py:190} INFO - [2025-04-07T00:16:40.460+0000] {dag.py:4180} INFO - Setting next_dagrun for example_branch_labels to 2025-04-06 00:00:00+00:00, run_after=2025-04-07 00:00:00+00:00
[2025-04-07T00:16:40.472+0000] {processor.py:208} INFO - Processing /home/airflow/.local/lib/python3.12/site-packages/airflow/example_dags/example_branch_labels.py took 0.073 seconds
[2025-04-07T00:17:10.890+0000] {processor.py:186} INFO - Started process (PID=519) to work on /home/airflow/.local/lib/python3.12/site-packages/airflow/example_dags/example_branch_labels.py
[2025-04-07T00:17:10.891+0000] {processor.py:914} INFO - Processing file /home/airflow/.local/lib/python3.12/site-packages/airflow/example_dags/example_branch_labels.py for tasks to queue
[2025-04-07T00:17:10.894+0000] {logging_mixin.py:190} INFO - [2025-04-07T00:17:10.894+0000] {dagbag.py:588} INFO - Filling up the DagBag from /home/airflow/.local/lib/python3.12/site-packages/airflow/example_dags/example_branch_labels.py
[2025-04-07T00:17:10.901+0000] {processor.py:925} INFO - DAG(s) 'example_branch_labels' retrieved from /home/airflow/.local/lib/python3.12/site-packages/airflow/example_dags/example_branch_labels.py
[2025-04-07T00:17:10.921+0000] {logging_mixin.py:190} INFO - [2025-04-07T00:17:10.921+0000] {dag.py:3239} INFO - Sync 1 DAGs
[2025-04-07T00:17:10.943+0000] {logging_mixin.py:190} INFO - [2025-04-07T00:17:10.943+0000] {dag.py:4180} INFO - Setting next_dagrun for example_branch_labels to 2025-04-06 00:00:00+00:00, run_after=2025-04-07 00:00:00+00:00
[2025-04-07T00:17:10.955+0000] {processor.py:208} INFO - Processing /home/airflow/.local/lib/python3.12/site-packages/airflow/example_dags/example_branch_labels.py took 0.073 seconds
[2025-04-07T00:17:41.588+0000] {processor.py:186} INFO - Started process (PID=584) to work on /home/airflow/.local/lib/python3.12/site-packages/airflow/example_dags/example_branch_labels.py
[2025-04-07T00:17:41.589+0000] {processor.py:914} INFO - Processing file /home/airflow/.local/lib/python3.12/site-packages/airflow/example_dags/example_branch_labels.py for tasks to queue
[2025-04-07T00:17:41.592+0000] {logging_mixin.py:190} INFO - [2025-04-07T00:17:41.592+0000] {dagbag.py:588} INFO - Filling up the DagBag from /home/airflow/.local/lib/python3.12/site-packages/airflow/example_dags/example_branch_labels.py
[2025-04-07T00:17:41.602+0000] {processor.py:925} INFO - DAG(s) 'example_branch_labels' retrieved from /home/airflow/.local/lib/python3.12/site-packages/airflow/example_dags/example_branch_labels.py
[2025-04-07T00:17:41.623+0000] {logging_mixin.py:190} INFO - [2025-04-07T00:17:41.623+0000] {dag.py:3239} INFO - Sync 1 DAGs
[2025-04-07T00:17:41.645+0000] {logging_mixin.py:190} INFO - [2025-04-07T00:17:41.645+0000] {dag.py:4180} INFO - Setting next_dagrun for example_branch_labels to 2025-04-06 00:00:00+00:00, run_after=2025-04-07 00:00:00+00:00
[2025-04-07T00:17:41.658+0000] {processor.py:208} INFO - Processing /home/airflow/.local/lib/python3.12/site-packages/airflow/example_dags/example_branch_labels.py took 0.077 seconds
[2025-04-07T00:18:12.304+0000] {processor.py:186} INFO - Started process (PID=650) to work on /home/airflow/.local/lib/python3.12/site-packages/airflow/example_dags/example_branch_labels.py
[2025-04-07T00:18:12.305+0000] {processor.py:914} INFO - Processing file /home/airflow/.local/lib/python3.12/site-packages/airflow/example_dags/example_branch_labels.py for tasks to queue
[2025-04-07T00:18:12.308+0000] {logging_mixin.py:190} INFO - [2025-04-07T00:18:12.308+0000] {dagbag.py:588} INFO - Filling up the DagBag from /home/airflow/.local/lib/python3.12/site-packages/airflow/example_dags/example_branch_labels.py
[2025-04-07T00:18:12.314+0000] {processor.py:925} INFO - DAG(s) 'example_branch_labels' retrieved from /home/airflow/.local/lib/python3.12/site-packages/airflow/example_dags/example_branch_labels.py
[2025-04-07T00:18:12.334+0000] {logging_mixin.py:190} INFO - [2025-04-07T00:18:12.334+0000] {dag.py:3239} INFO - Sync 1 DAGs
[2025-04-07T00:18:12.354+0000] {logging_mixin.py:190} INFO - [2025-04-07T00:18:12.354+0000] {dag.py:4180} INFO - Setting next_dagrun for example_branch_labels to 2025-04-06 00:00:00+00:00, run_after=2025-04-07 00:00:00+00:00
[2025-04-07T00:18:12.368+0000] {processor.py:208} INFO - Processing /home/airflow/.local/lib/python3.12/site-packages/airflow/example_dags/example_branch_labels.py took 0.072 seconds
[2025-04-07T00:18:43.005+0000] {processor.py:186} INFO - Started process (PID=715) to work on /home/airflow/.local/lib/python3.12/site-packages/airflow/example_dags/example_branch_labels.py
[2025-04-07T00:18:43.006+0000] {processor.py:914} INFO - Processing file /home/airflow/.local/lib/python3.12/site-packages/airflow/example_dags/example_branch_labels.py for tasks to queue
[2025-04-07T00:18:43.009+0000] {logging_mixin.py:190} INFO - [2025-04-07T00:18:43.009+0000] {dagbag.py:588} INFO - Filling up the DagBag from /home/airflow/.local/lib/python3.12/site-packages/airflow/example_dags/example_branch_labels.py
[2025-04-07T00:18:43.016+0000] {processor.py:925} INFO - DAG(s) 'example_branch_labels' retrieved from /home/airflow/.local/lib/python3.12/site-packages/airflow/example_dags/example_branch_labels.py
[2025-04-07T00:18:43.036+0000] {logging_mixin.py:190} INFO - [2025-04-07T00:18:43.036+0000] {dag.py:3239} INFO - Sync 1 DAGs
[2025-04-07T00:18:43.056+0000] {logging_mixin.py:190} INFO - [2025-04-07T00:18:43.056+0000] {dag.py:4180} INFO - Setting next_dagrun for example_branch_labels to 2025-04-06 00:00:00+00:00, run_after=2025-04-07 00:00:00+00:00
[2025-04-07T00:18:43.072+0000] {processor.py:208} INFO - Processing /home/airflow/.local/lib/python3.12/site-packages/airflow/example_dags/example_branch_labels.py took 0.074 seconds
[2025-04-07T00:19:13.790+0000] {processor.py:186} INFO - Started process (PID=780) to work on /home/airflow/.local/lib/python3.12/site-packages/airflow/example_dags/example_branch_labels.py
[2025-04-07T00:19:13.790+0000] {processor.py:914} INFO - Processing file /home/airflow/.local/lib/python3.12/site-packages/airflow/example_dags/example_branch_labels.py for tasks to queue
[2025-04-07T00:19:13.793+0000] {logging_mixin.py:190} INFO - [2025-04-07T00:19:13.792+0000] {dagbag.py:588} INFO - Filling up the DagBag from /home/airflow/.local/lib/python3.12/site-packages/airflow/example_dags/example_branch_labels.py
[2025-04-07T00:19:13.799+0000] {processor.py:925} INFO - DAG(s) 'example_branch_labels' retrieved from /home/airflow/.local/lib/python3.12/site-packages/airflow/example_dags/example_branch_labels.py
[2025-04-07T00:19:13.820+0000] {logging_mixin.py:190} INFO - [2025-04-07T00:19:13.820+0000] {dag.py:3239} INFO - Sync 1 DAGs
[2025-04-07T00:19:13.842+0000] {logging_mixin.py:190} INFO - [2025-04-07T00:19:13.842+0000] {dag.py:4180} INFO - Setting next_dagrun for example_branch_labels to 2025-04-06 00:00:00+00:00, run_after=2025-04-07 00:00:00+00:00
[2025-04-07T00:19:13.855+0000] {processor.py:208} INFO - Processing /home/airflow/.local/lib/python3.12/site-packages/airflow/example_dags/example_branch_labels.py took 0.071 seconds
[2025-04-07T00:19:44.522+0000] {processor.py:186} INFO - Started process (PID=845) to work on /home/airflow/.local/lib/python3.12/site-packages/airflow/example_dags/example_branch_labels.py
[2025-04-07T00:19:44.523+0000] {processor.py:914} INFO - Processing file /home/airflow/.local/lib/python3.12/site-packages/airflow/example_dags/example_branch_labels.py for tasks to queue
[2025-04-07T00:19:44.525+0000] {logging_mixin.py:190} INFO - [2025-04-07T00:19:44.525+0000] {dagbag.py:588} INFO - Filling up the DagBag from /home/airflow/.local/lib/python3.12/site-packages/airflow/example_dags/example_branch_labels.py
[2025-04-07T00:19:44.532+0000] {processor.py:925} INFO - DAG(s) 'example_branch_labels' retrieved from /home/airflow/.local/lib/python3.12/site-packages/airflow/example_dags/example_branch_labels.py
[2025-04-07T00:19:44.551+0000] {logging_mixin.py:190} INFO - [2025-04-07T00:19:44.551+0000] {dag.py:3239} INFO - Sync 1 DAGs
[2025-04-07T00:19:44.573+0000] {logging_mixin.py:190} INFO - [2025-04-07T00:19:44.572+0000] {dag.py:4180} INFO - Setting next_dagrun for example_branch_labels to 2025-04-06 00:00:00+00:00, run_after=2025-04-07 00:00:00+00:00
[2025-04-07T00:19:44.585+0000] {processor.py:208} INFO - Processing /home/airflow/.local/lib/python3.12/site-packages/airflow/example_dags/example_branch_labels.py took 0.071 seconds
[2025-04-07T00:20:15.641+0000] {processor.py:186} INFO - Started process (PID=910) to work on /home/airflow/.local/lib/python3.12/site-packages/airflow/example_dags/example_branch_labels.py
[2025-04-07T00:20:15.642+0000] {processor.py:914} INFO - Processing file /home/airflow/.local/lib/python3.12/site-packages/airflow/example_dags/example_branch_labels.py for tasks to queue
[2025-04-07T00:20:15.644+0000] {logging_mixin.py:190} INFO - [2025-04-07T00:20:15.644+0000] {dagbag.py:588} INFO - Filling up the DagBag from /home/airflow/.local/lib/python3.12/site-packages/airflow/example_dags/example_branch_labels.py
[2025-04-07T00:20:15.652+0000] {processor.py:925} INFO - DAG(s) 'example_branch_labels' retrieved from /home/airflow/.local/lib/python3.12/site-packages/airflow/example_dags/example_branch_labels.py
[2025-04-07T00:20:15.673+0000] {logging_mixin.py:190} INFO - [2025-04-07T00:20:15.673+0000] {dag.py:3239} INFO - Sync 1 DAGs
[2025-04-07T00:20:15.695+0000] {logging_mixin.py:190} INFO - [2025-04-07T00:20:15.695+0000] {dag.py:4180} INFO - Setting next_dagrun for example_branch_labels to 2025-04-06 00:00:00+00:00, run_after=2025-04-07 00:00:00+00:00
[2025-04-07T00:20:15.713+0000] {processor.py:208} INFO - Processing /home/airflow/.local/lib/python3.12/site-packages/airflow/example_dags/example_branch_labels.py took 0.077 seconds
[2025-04-07T00:20:46.439+0000] {processor.py:186} INFO - Started process (PID=975) to work on /home/airflow/.local/lib/python3.12/site-packages/airflow/example_dags/example_branch_labels.py
[2025-04-07T00:20:46.439+0000] {processor.py:914} INFO - Processing file /home/airflow/.local/lib/python3.12/site-packages/airflow/example_dags/example_branch_labels.py for tasks to queue
[2025-04-07T00:20:46.441+0000] {logging_mixin.py:190} INFO - [2025-04-07T00:20:46.441+0000] {dagbag.py:588} INFO - Filling up the DagBag from /home/airflow/.local/lib/python3.12/site-packages/airflow/example_dags/example_branch_labels.py
[2025-04-07T00:20:46.448+0000] {processor.py:925} INFO - DAG(s) 'example_branch_labels' retrieved from /home/airflow/.local/lib/python3.12/site-packages/airflow/example_dags/example_branch_labels.py
[2025-04-07T00:20:46.471+0000] {logging_mixin.py:190} INFO - [2025-04-07T00:20:46.471+0000] {dag.py:3239} INFO - Sync 1 DAGs
[2025-04-07T00:20:46.494+0000] {logging_mixin.py:190} INFO - [2025-04-07T00:20:46.494+0000] {dag.py:4180} INFO - Setting next_dagrun for example_branch_labels to 2025-04-06 00:00:00+00:00, run_after=2025-04-07 00:00:00+00:00
[2025-04-07T00:20:46.509+0000] {processor.py:208} INFO - Processing /home/airflow/.local/lib/python3.12/site-packages/airflow/example_dags/example_branch_labels.py took 0.075 seconds
[2025-04-07T00:21:16.910+0000] {processor.py:186} INFO - Started process (PID=1040) to work on /home/airflow/.local/lib/python3.12/site-packages/airflow/example_dags/example_branch_labels.py
[2025-04-07T00:21:16.912+0000] {processor.py:914} INFO - Processing file /home/airflow/.local/lib/python3.12/site-packages/airflow/example_dags/example_branch_labels.py for tasks to queue
[2025-04-07T00:21:16.914+0000] {logging_mixin.py:190} INFO - [2025-04-07T00:21:16.914+0000] {dagbag.py:588} INFO - Filling up the DagBag from /home/airflow/.local/lib/python3.12/site-packages/airflow/example_dags/example_branch_labels.py
[2025-04-07T00:21:16.921+0000] {processor.py:925} INFO - DAG(s) 'example_branch_labels' retrieved from /home/airflow/.local/lib/python3.12/site-packages/airflow/example_dags/example_branch_labels.py
[2025-04-07T00:21:16.942+0000] {logging_mixin.py:190} INFO - [2025-04-07T00:21:16.941+0000] {dag.py:3239} INFO - Sync 1 DAGs
[2025-04-07T00:21:16.963+0000] {logging_mixin.py:190} INFO - [2025-04-07T00:21:16.963+0000] {dag.py:4180} INFO - Setting next_dagrun for example_branch_labels to 2025-04-06 00:00:00+00:00, run_after=2025-04-07 00:00:00+00:00
[2025-04-07T00:21:16.976+0000] {processor.py:208} INFO - Processing /home/airflow/.local/lib/python3.12/site-packages/airflow/example_dags/example_branch_labels.py took 0.073 seconds
[2025-04-07T00:21:47.251+0000] {processor.py:186} INFO - Started process (PID=1105) to work on /home/airflow/.local/lib/python3.12/site-packages/airflow/example_dags/example_branch_labels.py
[2025-04-07T00:21:47.252+0000] {processor.py:914} INFO - Processing file /home/airflow/.local/lib/python3.12/site-packages/airflow/example_dags/example_branch_labels.py for tasks to queue
[2025-04-07T00:21:47.254+0000] {logging_mixin.py:190} INFO - [2025-04-07T00:21:47.254+0000] {dagbag.py:588} INFO - Filling up the DagBag from /home/airflow/.local/lib/python3.12/site-packages/airflow/example_dags/example_branch_labels.py
[2025-04-07T00:21:47.263+0000] {processor.py:925} INFO - DAG(s) 'example_branch_labels' retrieved from /home/airflow/.local/lib/python3.12/site-packages/airflow/example_dags/example_branch_labels.py
[2025-04-07T00:21:47.283+0000] {logging_mixin.py:190} INFO - [2025-04-07T00:21:47.283+0000] {dag.py:3239} INFO - Sync 1 DAGs
[2025-04-07T00:21:47.307+0000] {logging_mixin.py:190} INFO - [2025-04-07T00:21:47.306+0000] {dag.py:4180} INFO - Setting next_dagrun for example_branch_labels to 2025-04-06 00:00:00+00:00, run_after=2025-04-07 00:00:00+00:00
[2025-04-07T00:21:47.509+0000] {processor.py:208} INFO - Processing /home/airflow/.local/lib/python3.12/site-packages/airflow/example_dags/example_branch_labels.py took 0.268 seconds
[2025-04-07T00:22:18.029+0000] {processor.py:186} INFO - Started process (PID=1171) to work on /home/airflow/.local/lib/python3.12/site-packages/airflow/example_dags/example_branch_labels.py
[2025-04-07T00:22:18.029+0000] {processor.py:914} INFO - Processing file /home/airflow/.local/lib/python3.12/site-packages/airflow/example_dags/example_branch_labels.py for tasks to queue
[2025-04-07T00:22:18.031+0000] {logging_mixin.py:190} INFO - [2025-04-07T00:22:18.031+0000] {dagbag.py:588} INFO - Filling up the DagBag from /home/airflow/.local/lib/python3.12/site-packages/airflow/example_dags/example_branch_labels.py
[2025-04-07T00:22:18.037+0000] {processor.py:925} INFO - DAG(s) 'example_branch_labels' retrieved from /home/airflow/.local/lib/python3.12/site-packages/airflow/example_dags/example_branch_labels.py
[2025-04-07T00:22:18.057+0000] {logging_mixin.py:190} INFO - [2025-04-07T00:22:18.057+0000] {dag.py:3239} INFO - Sync 1 DAGs
[2025-04-07T00:22:18.077+0000] {logging_mixin.py:190} INFO - [2025-04-07T00:22:18.077+0000] {dag.py:4180} INFO - Setting next_dagrun for example_branch_labels to 2025-04-06 00:00:00+00:00, run_after=2025-04-07 00:00:00+00:00
[2025-04-07T00:22:18.092+0000] {processor.py:208} INFO - Processing /home/airflow/.local/lib/python3.12/site-packages/airflow/example_dags/example_branch_labels.py took 0.067 seconds
[2025-04-07T00:22:48.344+0000] {processor.py:186} INFO - Started process (PID=1236) to work on /home/airflow/.local/lib/python3.12/site-packages/airflow/example_dags/example_branch_labels.py
[2025-04-07T00:22:48.345+0000] {processor.py:914} INFO - Processing file /home/airflow/.local/lib/python3.12/site-packages/airflow/example_dags/example_branch_labels.py for tasks to queue
[2025-04-07T00:22:48.348+0000] {logging_mixin.py:190} INFO - [2025-04-07T00:22:48.347+0000] {dagbag.py:588} INFO - Filling up the DagBag from /home/airflow/.local/lib/python3.12/site-packages/airflow/example_dags/example_branch_labels.py
[2025-04-07T00:22:48.354+0000] {processor.py:925} INFO - DAG(s) 'example_branch_labels' retrieved from /home/airflow/.local/lib/python3.12/site-packages/airflow/example_dags/example_branch_labels.py
[2025-04-07T00:22:48.374+0000] {logging_mixin.py:190} INFO - [2025-04-07T00:22:48.374+0000] {dag.py:3239} INFO - Sync 1 DAGs
[2025-04-07T00:22:48.394+0000] {logging_mixin.py:190} INFO - [2025-04-07T00:22:48.394+0000] {dag.py:4180} INFO - Setting next_dagrun for example_branch_labels to 2025-04-06 00:00:00+00:00, run_after=2025-04-07 00:00:00+00:00
[2025-04-07T00:22:48.407+0000] {processor.py:208} INFO - Processing /home/airflow/.local/lib/python3.12/site-packages/airflow/example_dags/example_branch_labels.py took 0.071 seconds
[2025-04-07T00:23:18.971+0000] {processor.py:186} INFO - Started process (PID=1301) to work on /home/airflow/.local/lib/python3.12/site-packages/airflow/example_dags/example_branch_labels.py
[2025-04-07T00:23:18.971+0000] {processor.py:914} INFO - Processing file /home/airflow/.local/lib/python3.12/site-packages/airflow/example_dags/example_branch_labels.py for tasks to queue
[2025-04-07T00:23:18.973+0000] {logging_mixin.py:190} INFO - [2025-04-07T00:23:18.973+0000] {dagbag.py:588} INFO - Filling up the DagBag from /home/airflow/.local/lib/python3.12/site-packages/airflow/example_dags/example_branch_labels.py
[2025-04-07T00:23:18.980+0000] {processor.py:925} INFO - DAG(s) 'example_branch_labels' retrieved from /home/airflow/.local/lib/python3.12/site-packages/airflow/example_dags/example_branch_labels.py
[2025-04-07T00:23:19.002+0000] {logging_mixin.py:190} INFO - [2025-04-07T00:23:19.001+0000] {dag.py:3239} INFO - Sync 1 DAGs
[2025-04-07T00:23:19.022+0000] {logging_mixin.py:190} INFO - [2025-04-07T00:23:19.022+0000] {dag.py:4180} INFO - Setting next_dagrun for example_branch_labels to 2025-04-06 00:00:00+00:00, run_after=2025-04-07 00:00:00+00:00
[2025-04-07T00:23:19.035+0000] {processor.py:208} INFO - Processing /home/airflow/.local/lib/python3.12/site-packages/airflow/example_dags/example_branch_labels.py took 0.073 seconds
[2025-04-07T00:23:50.392+0000] {processor.py:186} INFO - Started process (PID=1366) to work on /home/airflow/.local/lib/python3.12/site-packages/airflow/example_dags/example_branch_labels.py
[2025-04-07T00:23:50.393+0000] {processor.py:914} INFO - Processing file /home/airflow/.local/lib/python3.12/site-packages/airflow/example_dags/example_branch_labels.py for tasks to queue
[2025-04-07T00:23:50.395+0000] {logging_mixin.py:190} INFO - [2025-04-07T00:23:50.395+0000] {dagbag.py:588} INFO - Filling up the DagBag from /home/airflow/.local/lib/python3.12/site-packages/airflow/example_dags/example_branch_labels.py
[2025-04-07T00:23:50.402+0000] {processor.py:925} INFO - DAG(s) 'example_branch_labels' retrieved from /home/airflow/.local/lib/python3.12/site-packages/airflow/example_dags/example_branch_labels.py
[2025-04-07T00:23:50.422+0000] {logging_mixin.py:190} INFO - [2025-04-07T00:23:50.422+0000] {dag.py:3239} INFO - Sync 1 DAGs
[2025-04-07T00:23:50.642+0000] {logging_mixin.py:190} INFO - [2025-04-07T00:23:50.642+0000] {dag.py:4180} INFO - Setting next_dagrun for example_branch_labels to 2025-04-06 00:00:00+00:00, run_after=2025-04-07 00:00:00+00:00
[2025-04-07T00:23:50.656+0000] {processor.py:208} INFO - Processing /home/airflow/.local/lib/python3.12/site-packages/airflow/example_dags/example_branch_labels.py took 0.270 seconds
[2025-04-07T00:24:21.189+0000] {processor.py:186} INFO - Started process (PID=1448) to work on /home/airflow/.local/lib/python3.12/site-packages/airflow/example_dags/example_branch_labels.py
[2025-04-07T00:24:21.190+0000] {processor.py:914} INFO - Processing file /home/airflow/.local/lib/python3.12/site-packages/airflow/example_dags/example_branch_labels.py for tasks to queue
[2025-04-07T00:24:21.194+0000] {logging_mixin.py:190} INFO - [2025-04-07T00:24:21.193+0000] {dagbag.py:588} INFO - Filling up the DagBag from /home/airflow/.local/lib/python3.12/site-packages/airflow/example_dags/example_branch_labels.py
[2025-04-07T00:24:21.201+0000] {processor.py:925} INFO - DAG(s) 'example_branch_labels' retrieved from /home/airflow/.local/lib/python3.12/site-packages/airflow/example_dags/example_branch_labels.py
[2025-04-07T00:24:21.220+0000] {logging_mixin.py:190} INFO - [2025-04-07T00:24:21.219+0000] {dag.py:3239} INFO - Sync 1 DAGs
[2025-04-07T00:24:21.438+0000] {logging_mixin.py:190} INFO - [2025-04-07T00:24:21.438+0000] {dag.py:4180} INFO - Setting next_dagrun for example_branch_labels to 2025-04-06 00:00:00+00:00, run_after=2025-04-07 00:00:00+00:00
[2025-04-07T00:24:21.451+0000] {processor.py:208} INFO - Processing /home/airflow/.local/lib/python3.12/site-packages/airflow/example_dags/example_branch_labels.py took 0.271 seconds
[2025-04-07T00:24:51.574+0000] {processor.py:186} INFO - Started process (PID=1513) to work on /home/airflow/.local/lib/python3.12/site-packages/airflow/example_dags/example_branch_labels.py
[2025-04-07T00:24:51.577+0000] {processor.py:914} INFO - Processing file /home/airflow/.local/lib/python3.12/site-packages/airflow/example_dags/example_branch_labels.py for tasks to queue
[2025-04-07T00:24:51.581+0000] {logging_mixin.py:190} INFO - [2025-04-07T00:24:51.580+0000] {dagbag.py:588} INFO - Filling up the DagBag from /home/airflow/.local/lib/python3.12/site-packages/airflow/example_dags/example_branch_labels.py
[2025-04-07T00:24:51.589+0000] {processor.py:925} INFO - DAG(s) 'example_branch_labels' retrieved from /home/airflow/.local/lib/python3.12/site-packages/airflow/example_dags/example_branch_labels.py
[2025-04-07T00:24:51.610+0000] {logging_mixin.py:190} INFO - [2025-04-07T00:24:51.610+0000] {dag.py:3239} INFO - Sync 1 DAGs
[2025-04-07T00:24:51.632+0000] {logging_mixin.py:190} INFO - [2025-04-07T00:24:51.632+0000] {dag.py:4180} INFO - Setting next_dagrun for example_branch_labels to 2025-04-06 00:00:00+00:00, run_after=2025-04-07 00:00:00+00:00
[2025-04-07T00:24:51.850+0000] {processor.py:208} INFO - Processing /home/airflow/.local/lib/python3.12/site-packages/airflow/example_dags/example_branch_labels.py took 0.284 seconds
[2025-04-07T00:25:21.991+0000] {processor.py:186} INFO - Started process (PID=1583) to work on /home/airflow/.local/lib/python3.12/site-packages/airflow/example_dags/example_branch_labels.py
[2025-04-07T00:25:21.994+0000] {processor.py:914} INFO - Processing file /home/airflow/.local/lib/python3.12/site-packages/airflow/example_dags/example_branch_labels.py for tasks to queue
[2025-04-07T00:25:21.996+0000] {logging_mixin.py:190} INFO - [2025-04-07T00:25:21.996+0000] {dagbag.py:588} INFO - Filling up the DagBag from /home/airflow/.local/lib/python3.12/site-packages/airflow/example_dags/example_branch_labels.py
[2025-04-07T00:25:22.005+0000] {processor.py:925} INFO - DAG(s) 'example_branch_labels' retrieved from /home/airflow/.local/lib/python3.12/site-packages/airflow/example_dags/example_branch_labels.py
[2025-04-07T00:25:22.025+0000] {logging_mixin.py:190} INFO - [2025-04-07T00:25:22.025+0000] {dag.py:3239} INFO - Sync 1 DAGs
[2025-04-07T00:25:22.047+0000] {logging_mixin.py:190} INFO - [2025-04-07T00:25:22.046+0000] {dag.py:4180} INFO - Setting next_dagrun for example_branch_labels to 2025-04-06 00:00:00+00:00, run_after=2025-04-07 00:00:00+00:00
[2025-04-07T00:25:22.062+0000] {processor.py:208} INFO - Processing /home/airflow/.local/lib/python3.12/site-packages/airflow/example_dags/example_branch_labels.py took 0.078 seconds
[2025-04-07T00:25:54.214+0000] {processor.py:186} INFO - Started process (PID=1647) to work on /home/airflow/.local/lib/python3.12/site-packages/airflow/example_dags/example_branch_labels.py
[2025-04-07T00:25:54.215+0000] {processor.py:914} INFO - Processing file /home/airflow/.local/lib/python3.12/site-packages/airflow/example_dags/example_branch_labels.py for tasks to queue
[2025-04-07T00:25:54.219+0000] {logging_mixin.py:190} INFO - [2025-04-07T00:25:54.218+0000] {dagbag.py:588} INFO - Filling up the DagBag from /home/airflow/.local/lib/python3.12/site-packages/airflow/example_dags/example_branch_labels.py
[2025-04-07T00:25:54.226+0000] {processor.py:925} INFO - DAG(s) 'example_branch_labels' retrieved from /home/airflow/.local/lib/python3.12/site-packages/airflow/example_dags/example_branch_labels.py
[2025-04-07T00:25:54.435+0000] {logging_mixin.py:190} INFO - [2025-04-07T00:25:54.435+0000] {dag.py:3239} INFO - Sync 1 DAGs
[2025-04-07T00:25:54.454+0000] {logging_mixin.py:190} INFO - [2025-04-07T00:25:54.453+0000] {dag.py:4180} INFO - Setting next_dagrun for example_branch_labels to 2025-04-06 00:00:00+00:00, run_after=2025-04-07 00:00:00+00:00
[2025-04-07T00:25:54.465+0000] {processor.py:208} INFO - Processing /home/airflow/.local/lib/python3.12/site-packages/airflow/example_dags/example_branch_labels.py took 0.258 seconds
[2025-04-07T00:26:24.548+0000] {processor.py:186} INFO - Started process (PID=1712) to work on /home/airflow/.local/lib/python3.12/site-packages/airflow/example_dags/example_branch_labels.py
[2025-04-07T00:26:24.551+0000] {processor.py:914} INFO - Processing file /home/airflow/.local/lib/python3.12/site-packages/airflow/example_dags/example_branch_labels.py for tasks to queue
[2025-04-07T00:26:24.553+0000] {logging_mixin.py:190} INFO - [2025-04-07T00:26:24.553+0000] {dagbag.py:588} INFO - Filling up the DagBag from /home/airflow/.local/lib/python3.12/site-packages/airflow/example_dags/example_branch_labels.py
[2025-04-07T00:26:24.560+0000] {processor.py:925} INFO - DAG(s) 'example_branch_labels' retrieved from /home/airflow/.local/lib/python3.12/site-packages/airflow/example_dags/example_branch_labels.py
[2025-04-07T00:26:24.579+0000] {logging_mixin.py:190} INFO - [2025-04-07T00:26:24.579+0000] {dag.py:3239} INFO - Sync 1 DAGs
[2025-04-07T00:26:24.600+0000] {logging_mixin.py:190} INFO - [2025-04-07T00:26:24.599+0000] {dag.py:4180} INFO - Setting next_dagrun for example_branch_labels to 2025-04-06 00:00:00+00:00, run_after=2025-04-07 00:00:00+00:00
[2025-04-07T00:26:24.612+0000] {processor.py:208} INFO - Processing /home/airflow/.local/lib/python3.12/site-packages/airflow/example_dags/example_branch_labels.py took 0.070 seconds
[2025-04-07T00:26:55.347+0000] {processor.py:186} INFO - Started process (PID=1777) to work on /home/airflow/.local/lib/python3.12/site-packages/airflow/example_dags/example_branch_labels.py
[2025-04-07T00:26:55.348+0000] {processor.py:914} INFO - Processing file /home/airflow/.local/lib/python3.12/site-packages/airflow/example_dags/example_branch_labels.py for tasks to queue
[2025-04-07T00:26:55.351+0000] {logging_mixin.py:190} INFO - [2025-04-07T00:26:55.350+0000] {dagbag.py:588} INFO - Filling up the DagBag from /home/airflow/.local/lib/python3.12/site-packages/airflow/example_dags/example_branch_labels.py
[2025-04-07T00:26:55.358+0000] {processor.py:925} INFO - DAG(s) 'example_branch_labels' retrieved from /home/airflow/.local/lib/python3.12/site-packages/airflow/example_dags/example_branch_labels.py
[2025-04-07T00:26:55.378+0000] {logging_mixin.py:190} INFO - [2025-04-07T00:26:55.378+0000] {dag.py:3239} INFO - Sync 1 DAGs
[2025-04-07T00:26:55.401+0000] {logging_mixin.py:190} INFO - [2025-04-07T00:26:55.401+0000] {dag.py:4180} INFO - Setting next_dagrun for example_branch_labels to 2025-04-06 00:00:00+00:00, run_after=2025-04-07 00:00:00+00:00
[2025-04-07T00:26:55.415+0000] {processor.py:208} INFO - Processing /home/airflow/.local/lib/python3.12/site-packages/airflow/example_dags/example_branch_labels.py took 0.077 seconds
[2025-04-07T00:27:26.128+0000] {processor.py:186} INFO - Started process (PID=1842) to work on /home/airflow/.local/lib/python3.12/site-packages/airflow/example_dags/example_branch_labels.py
[2025-04-07T00:27:26.129+0000] {processor.py:914} INFO - Processing file /home/airflow/.local/lib/python3.12/site-packages/airflow/example_dags/example_branch_labels.py for tasks to queue
[2025-04-07T00:27:26.132+0000] {logging_mixin.py:190} INFO - [2025-04-07T00:27:26.132+0000] {dagbag.py:588} INFO - Filling up the DagBag from /home/airflow/.local/lib/python3.12/site-packages/airflow/example_dags/example_branch_labels.py
[2025-04-07T00:27:26.141+0000] {processor.py:925} INFO - DAG(s) 'example_branch_labels' retrieved from /home/airflow/.local/lib/python3.12/site-packages/airflow/example_dags/example_branch_labels.py
[2025-04-07T00:27:26.164+0000] {logging_mixin.py:190} INFO - [2025-04-07T00:27:26.163+0000] {dag.py:3239} INFO - Sync 1 DAGs
[2025-04-07T00:27:26.186+0000] {logging_mixin.py:190} INFO - [2025-04-07T00:27:26.186+0000] {dag.py:4180} INFO - Setting next_dagrun for example_branch_labels to 2025-04-06 00:00:00+00:00, run_after=2025-04-07 00:00:00+00:00
[2025-04-07T00:27:26.201+0000] {processor.py:208} INFO - Processing /home/airflow/.local/lib/python3.12/site-packages/airflow/example_dags/example_branch_labels.py took 0.079 seconds
[2025-04-07T00:27:56.824+0000] {processor.py:186} INFO - Started process (PID=1907) to work on /home/airflow/.local/lib/python3.12/site-packages/airflow/example_dags/example_branch_labels.py
[2025-04-07T00:27:56.825+0000] {processor.py:914} INFO - Processing file /home/airflow/.local/lib/python3.12/site-packages/airflow/example_dags/example_branch_labels.py for tasks to queue
[2025-04-07T00:27:56.829+0000] {logging_mixin.py:190} INFO - [2025-04-07T00:27:56.828+0000] {dagbag.py:588} INFO - Filling up the DagBag from /home/airflow/.local/lib/python3.12/site-packages/airflow/example_dags/example_branch_labels.py
[2025-04-07T00:27:56.836+0000] {processor.py:925} INFO - DAG(s) 'example_branch_labels' retrieved from /home/airflow/.local/lib/python3.12/site-packages/airflow/example_dags/example_branch_labels.py
[2025-04-07T00:27:56.857+0000] {logging_mixin.py:190} INFO - [2025-04-07T00:27:56.856+0000] {dag.py:3239} INFO - Sync 1 DAGs
[2025-04-07T00:27:56.877+0000] {logging_mixin.py:190} INFO - [2025-04-07T00:27:56.877+0000] {dag.py:4180} INFO - Setting next_dagrun for example_branch_labels to 2025-04-06 00:00:00+00:00, run_after=2025-04-07 00:00:00+00:00
[2025-04-07T00:27:56.890+0000] {processor.py:208} INFO - Processing /home/airflow/.local/lib/python3.12/site-packages/airflow/example_dags/example_branch_labels.py took 0.073 seconds
[2025-04-07T00:28:27.690+0000] {processor.py:186} INFO - Started process (PID=1972) to work on /home/airflow/.local/lib/python3.12/site-packages/airflow/example_dags/example_branch_labels.py
[2025-04-07T00:28:27.691+0000] {processor.py:914} INFO - Processing file /home/airflow/.local/lib/python3.12/site-packages/airflow/example_dags/example_branch_labels.py for tasks to queue
[2025-04-07T00:28:27.693+0000] {logging_mixin.py:190} INFO - [2025-04-07T00:28:27.692+0000] {dagbag.py:588} INFO - Filling up the DagBag from /home/airflow/.local/lib/python3.12/site-packages/airflow/example_dags/example_branch_labels.py
[2025-04-07T00:28:27.699+0000] {processor.py:925} INFO - DAG(s) 'example_branch_labels' retrieved from /home/airflow/.local/lib/python3.12/site-packages/airflow/example_dags/example_branch_labels.py
[2025-04-07T00:28:27.718+0000] {logging_mixin.py:190} INFO - [2025-04-07T00:28:27.718+0000] {dag.py:3239} INFO - Sync 1 DAGs
[2025-04-07T00:28:27.738+0000] {logging_mixin.py:190} INFO - [2025-04-07T00:28:27.738+0000] {dag.py:4180} INFO - Setting next_dagrun for example_branch_labels to 2025-04-06 00:00:00+00:00, run_after=2025-04-07 00:00:00+00:00
[2025-04-07T00:28:27.758+0000] {processor.py:208} INFO - Processing /home/airflow/.local/lib/python3.12/site-packages/airflow/example_dags/example_branch_labels.py took 0.073 seconds
[2025-04-07T00:28:58.195+0000] {processor.py:186} INFO - Started process (PID=2037) to work on /home/airflow/.local/lib/python3.12/site-packages/airflow/example_dags/example_branch_labels.py
[2025-04-07T00:28:58.196+0000] {processor.py:914} INFO - Processing file /home/airflow/.local/lib/python3.12/site-packages/airflow/example_dags/example_branch_labels.py for tasks to queue
[2025-04-07T00:28:58.200+0000] {logging_mixin.py:190} INFO - [2025-04-07T00:28:58.199+0000] {dagbag.py:588} INFO - Filling up the DagBag from /home/airflow/.local/lib/python3.12/site-packages/airflow/example_dags/example_branch_labels.py
[2025-04-07T00:28:58.207+0000] {processor.py:925} INFO - DAG(s) 'example_branch_labels' retrieved from /home/airflow/.local/lib/python3.12/site-packages/airflow/example_dags/example_branch_labels.py
[2025-04-07T00:28:58.230+0000] {logging_mixin.py:190} INFO - [2025-04-07T00:28:58.230+0000] {dag.py:3239} INFO - Sync 1 DAGs
[2025-04-07T00:28:58.253+0000] {logging_mixin.py:190} INFO - [2025-04-07T00:28:58.253+0000] {dag.py:4180} INFO - Setting next_dagrun for example_branch_labels to 2025-04-06 00:00:00+00:00, run_after=2025-04-07 00:00:00+00:00
[2025-04-07T00:28:58.266+0000] {processor.py:208} INFO - Processing /home/airflow/.local/lib/python3.12/site-packages/airflow/example_dags/example_branch_labels.py took 0.078 seconds
