[2025-04-07T00:00:11.063+0000] {processor.py:186} INFO - Started process (PID=251) to work on /home/airflow/.local/lib/python3.12/site-packages/airflow/example_dags/example_branch_operator.py
[2025-04-07T00:00:11.064+0000] {processor.py:914} INFO - Processing file /home/airflow/.local/lib/python3.12/site-packages/airflow/example_dags/example_branch_operator.py for tasks to queue
[2025-04-07T00:00:11.065+0000] {logging_mixin.py:190} INFO - [2025-04-07T00:00:11.065+0000] {dagbag.py:588} INFO - Filling up the DagBag from /home/airflow/.local/lib/python3.12/site-packages/airflow/example_dags/example_branch_operator.py
[2025-04-07T00:00:11.079+0000] {processor.py:925} INFO - DAG(s) 'example_branch_operator' retrieved from /home/airflow/.local/lib/python3.12/site-packages/airflow/example_dags/example_branch_operator.py
[2025-04-07T00:00:11.105+0000] {logging_mixin.py:190} INFO - [2025-04-07T00:00:11.104+0000] {dag.py:3239} INFO - Sync 1 DAGs
[2025-04-07T00:00:11.126+0000] {logging_mixin.py:190} INFO - [2025-04-07T00:00:11.126+0000] {dag.py:4180} INFO - Setting next_dagrun for example_branch_operator to 2025-04-06 00:00:00+00:00, run_after=2025-04-07 00:00:00+00:00
[2025-04-07T00:00:11.140+0000] {processor.py:208} INFO - Processing /home/airflow/.local/lib/python3.12/site-packages/airflow/example_dags/example_branch_operator.py took 0.081 seconds
[2025-04-07T00:01:48.772+0000] {processor.py:186} INFO - Started process (PID=121) to work on /home/airflow/.local/lib/python3.12/site-packages/airflow/example_dags/example_branch_operator.py
[2025-04-07T00:01:48.773+0000] {processor.py:914} INFO - Processing file /home/airflow/.local/lib/python3.12/site-packages/airflow/example_dags/example_branch_operator.py for tasks to queue
[2025-04-07T00:01:48.777+0000] {logging_mixin.py:190} INFO - [2025-04-07T00:01:48.776+0000] {dagbag.py:588} INFO - Filling up the DagBag from /home/airflow/.local/lib/python3.12/site-packages/airflow/example_dags/example_branch_operator.py
[2025-04-07T00:01:48.798+0000] {processor.py:925} INFO - DAG(s) 'example_branch_operator' retrieved from /home/airflow/.local/lib/python3.12/site-packages/airflow/example_dags/example_branch_operator.py
[2025-04-07T00:01:48.898+0000] {logging_mixin.py:190} INFO - [2025-04-07T00:01:48.898+0000] {dag.py:3239} INFO - Sync 1 DAGs
[2025-04-07T00:01:48.926+0000] {logging_mixin.py:190} INFO - [2025-04-07T00:01:48.926+0000] {dag.py:4180} INFO - Setting next_dagrun for example_branch_operator to 2025-04-06 00:00:00+00:00, run_after=2025-04-07 00:00:00+00:00
[2025-04-07T00:01:48.949+0000] {processor.py:208} INFO - Processing /home/airflow/.local/lib/python3.12/site-packages/airflow/example_dags/example_branch_operator.py took 0.183 seconds
[2025-04-07T00:02:19.474+0000] {processor.py:186} INFO - Started process (PID=186) to work on /home/airflow/.local/lib/python3.12/site-packages/airflow/example_dags/example_branch_operator.py
[2025-04-07T00:02:19.475+0000] {processor.py:914} INFO - Processing file /home/airflow/.local/lib/python3.12/site-packages/airflow/example_dags/example_branch_operator.py for tasks to queue
[2025-04-07T00:02:19.479+0000] {logging_mixin.py:190} INFO - [2025-04-07T00:02:19.478+0000] {dagbag.py:588} INFO - Filling up the DagBag from /home/airflow/.local/lib/python3.12/site-packages/airflow/example_dags/example_branch_operator.py
[2025-04-07T00:02:19.493+0000] {processor.py:925} INFO - DAG(s) 'example_branch_operator' retrieved from /home/airflow/.local/lib/python3.12/site-packages/airflow/example_dags/example_branch_operator.py
[2025-04-07T00:02:19.519+0000] {logging_mixin.py:190} INFO - [2025-04-07T00:02:19.519+0000] {dag.py:3239} INFO - Sync 1 DAGs
[2025-04-07T00:02:19.540+0000] {logging_mixin.py:190} INFO - [2025-04-07T00:02:19.540+0000] {dag.py:4180} INFO - Setting next_dagrun for example_branch_operator to 2025-04-06 00:00:00+00:00, run_after=2025-04-07 00:00:00+00:00
[2025-04-07T00:02:19.557+0000] {processor.py:208} INFO - Processing /home/airflow/.local/lib/python3.12/site-packages/airflow/example_dags/example_branch_operator.py took 0.090 seconds
[2025-04-07T00:02:49.953+0000] {processor.py:186} INFO - Started process (PID=251) to work on /home/airflow/.local/lib/python3.12/site-packages/airflow/example_dags/example_branch_operator.py
[2025-04-07T00:02:49.956+0000] {processor.py:914} INFO - Processing file /home/airflow/.local/lib/python3.12/site-packages/airflow/example_dags/example_branch_operator.py for tasks to queue
[2025-04-07T00:02:49.960+0000] {logging_mixin.py:190} INFO - [2025-04-07T00:02:49.959+0000] {dagbag.py:588} INFO - Filling up the DagBag from /home/airflow/.local/lib/python3.12/site-packages/airflow/example_dags/example_branch_operator.py
[2025-04-07T00:02:49.975+0000] {processor.py:925} INFO - DAG(s) 'example_branch_operator' retrieved from /home/airflow/.local/lib/python3.12/site-packages/airflow/example_dags/example_branch_operator.py
[2025-04-07T00:02:50.002+0000] {logging_mixin.py:190} INFO - [2025-04-07T00:02:50.002+0000] {dag.py:3239} INFO - Sync 1 DAGs
[2025-04-07T00:02:50.024+0000] {logging_mixin.py:190} INFO - [2025-04-07T00:02:50.024+0000] {dag.py:4180} INFO - Setting next_dagrun for example_branch_operator to 2025-04-06 00:00:00+00:00, run_after=2025-04-07 00:00:00+00:00
[2025-04-07T00:02:50.038+0000] {processor.py:208} INFO - Processing /home/airflow/.local/lib/python3.12/site-packages/airflow/example_dags/example_branch_operator.py took 0.092 seconds
[2025-04-07T00:03:20.394+0000] {processor.py:186} INFO - Started process (PID=316) to work on /home/airflow/.local/lib/python3.12/site-packages/airflow/example_dags/example_branch_operator.py
[2025-04-07T00:03:20.397+0000] {processor.py:914} INFO - Processing file /home/airflow/.local/lib/python3.12/site-packages/airflow/example_dags/example_branch_operator.py for tasks to queue
[2025-04-07T00:03:20.399+0000] {logging_mixin.py:190} INFO - [2025-04-07T00:03:20.398+0000] {dagbag.py:588} INFO - Filling up the DagBag from /home/airflow/.local/lib/python3.12/site-packages/airflow/example_dags/example_branch_operator.py
[2025-04-07T00:03:20.412+0000] {processor.py:925} INFO - DAG(s) 'example_branch_operator' retrieved from /home/airflow/.local/lib/python3.12/site-packages/airflow/example_dags/example_branch_operator.py
[2025-04-07T00:03:20.439+0000] {logging_mixin.py:190} INFO - [2025-04-07T00:03:20.438+0000] {dag.py:3239} INFO - Sync 1 DAGs
[2025-04-07T00:03:20.459+0000] {logging_mixin.py:190} INFO - [2025-04-07T00:03:20.459+0000] {dag.py:4180} INFO - Setting next_dagrun for example_branch_operator to 2025-04-06 00:00:00+00:00, run_after=2025-04-07 00:00:00+00:00
[2025-04-07T00:03:20.472+0000] {processor.py:208} INFO - Processing /home/airflow/.local/lib/python3.12/site-packages/airflow/example_dags/example_branch_operator.py took 0.082 seconds
[2025-04-07T00:03:50.844+0000] {processor.py:186} INFO - Started process (PID=381) to work on /home/airflow/.local/lib/python3.12/site-packages/airflow/example_dags/example_branch_operator.py
[2025-04-07T00:03:50.847+0000] {processor.py:914} INFO - Processing file /home/airflow/.local/lib/python3.12/site-packages/airflow/example_dags/example_branch_operator.py for tasks to queue
[2025-04-07T00:03:50.849+0000] {logging_mixin.py:190} INFO - [2025-04-07T00:03:50.848+0000] {dagbag.py:588} INFO - Filling up the DagBag from /home/airflow/.local/lib/python3.12/site-packages/airflow/example_dags/example_branch_operator.py
[2025-04-07T00:03:50.864+0000] {processor.py:925} INFO - DAG(s) 'example_branch_operator' retrieved from /home/airflow/.local/lib/python3.12/site-packages/airflow/example_dags/example_branch_operator.py
[2025-04-07T00:03:50.890+0000] {logging_mixin.py:190} INFO - [2025-04-07T00:03:50.890+0000] {dag.py:3239} INFO - Sync 1 DAGs
[2025-04-07T00:03:50.911+0000] {logging_mixin.py:190} INFO - [2025-04-07T00:03:50.911+0000] {dag.py:4180} INFO - Setting next_dagrun for example_branch_operator to 2025-04-06 00:00:00+00:00, run_after=2025-04-07 00:00:00+00:00
[2025-04-07T00:03:50.924+0000] {processor.py:208} INFO - Processing /home/airflow/.local/lib/python3.12/site-packages/airflow/example_dags/example_branch_operator.py took 0.087 seconds
[2025-04-07T00:04:21.287+0000] {processor.py:186} INFO - Started process (PID=446) to work on /home/airflow/.local/lib/python3.12/site-packages/airflow/example_dags/example_branch_operator.py
[2025-04-07T00:04:21.290+0000] {processor.py:914} INFO - Processing file /home/airflow/.local/lib/python3.12/site-packages/airflow/example_dags/example_branch_operator.py for tasks to queue
[2025-04-07T00:04:21.293+0000] {logging_mixin.py:190} INFO - [2025-04-07T00:04:21.293+0000] {dagbag.py:588} INFO - Filling up the DagBag from /home/airflow/.local/lib/python3.12/site-packages/airflow/example_dags/example_branch_operator.py
[2025-04-07T00:04:21.308+0000] {processor.py:925} INFO - DAG(s) 'example_branch_operator' retrieved from /home/airflow/.local/lib/python3.12/site-packages/airflow/example_dags/example_branch_operator.py
[2025-04-07T00:04:21.333+0000] {logging_mixin.py:190} INFO - [2025-04-07T00:04:21.333+0000] {dag.py:3239} INFO - Sync 1 DAGs
[2025-04-07T00:04:21.354+0000] {logging_mixin.py:190} INFO - [2025-04-07T00:04:21.354+0000] {dag.py:4180} INFO - Setting next_dagrun for example_branch_operator to 2025-04-06 00:00:00+00:00, run_after=2025-04-07 00:00:00+00:00
[2025-04-07T00:04:21.367+0000] {processor.py:208} INFO - Processing /home/airflow/.local/lib/python3.12/site-packages/airflow/example_dags/example_branch_operator.py took 0.087 seconds
[2025-04-07T00:04:52.040+0000] {processor.py:186} INFO - Started process (PID=511) to work on /home/airflow/.local/lib/python3.12/site-packages/airflow/example_dags/example_branch_operator.py
[2025-04-07T00:04:52.041+0000] {processor.py:914} INFO - Processing file /home/airflow/.local/lib/python3.12/site-packages/airflow/example_dags/example_branch_operator.py for tasks to queue
[2025-04-07T00:04:52.044+0000] {logging_mixin.py:190} INFO - [2025-04-07T00:04:52.043+0000] {dagbag.py:588} INFO - Filling up the DagBag from /home/airflow/.local/lib/python3.12/site-packages/airflow/example_dags/example_branch_operator.py
[2025-04-07T00:04:52.059+0000] {processor.py:925} INFO - DAG(s) 'example_branch_operator' retrieved from /home/airflow/.local/lib/python3.12/site-packages/airflow/example_dags/example_branch_operator.py
[2025-04-07T00:04:52.085+0000] {logging_mixin.py:190} INFO - [2025-04-07T00:04:52.085+0000] {dag.py:3239} INFO - Sync 1 DAGs
[2025-04-07T00:04:52.105+0000] {logging_mixin.py:190} INFO - [2025-04-07T00:04:52.105+0000] {dag.py:4180} INFO - Setting next_dagrun for example_branch_operator to 2025-04-06 00:00:00+00:00, run_after=2025-04-07 00:00:00+00:00
[2025-04-07T00:04:52.121+0000] {processor.py:208} INFO - Processing /home/airflow/.local/lib/python3.12/site-packages/airflow/example_dags/example_branch_operator.py took 0.087 seconds
[2025-04-07T00:05:23.260+0000] {processor.py:186} INFO - Started process (PID=576) to work on /home/airflow/.local/lib/python3.12/site-packages/airflow/example_dags/example_branch_operator.py
[2025-04-07T00:05:23.261+0000] {processor.py:914} INFO - Processing file /home/airflow/.local/lib/python3.12/site-packages/airflow/example_dags/example_branch_operator.py for tasks to queue
[2025-04-07T00:05:23.263+0000] {logging_mixin.py:190} INFO - [2025-04-07T00:05:23.263+0000] {dagbag.py:588} INFO - Filling up the DagBag from /home/airflow/.local/lib/python3.12/site-packages/airflow/example_dags/example_branch_operator.py
[2025-04-07T00:05:23.279+0000] {processor.py:925} INFO - DAG(s) 'example_branch_operator' retrieved from /home/airflow/.local/lib/python3.12/site-packages/airflow/example_dags/example_branch_operator.py
[2025-04-07T00:05:23.305+0000] {logging_mixin.py:190} INFO - [2025-04-07T00:05:23.305+0000] {dag.py:3239} INFO - Sync 1 DAGs
[2025-04-07T00:05:23.326+0000] {logging_mixin.py:190} INFO - [2025-04-07T00:05:23.325+0000] {dag.py:4180} INFO - Setting next_dagrun for example_branch_operator to 2025-04-06 00:00:00+00:00, run_after=2025-04-07 00:00:00+00:00
[2025-04-07T00:05:23.342+0000] {processor.py:208} INFO - Processing /home/airflow/.local/lib/python3.12/site-packages/airflow/example_dags/example_branch_operator.py took 0.086 seconds
[2025-04-07T00:05:54.727+0000] {processor.py:186} INFO - Started process (PID=640) to work on /home/airflow/.local/lib/python3.12/site-packages/airflow/example_dags/example_branch_operator.py
[2025-04-07T00:05:54.728+0000] {processor.py:914} INFO - Processing file /home/airflow/.local/lib/python3.12/site-packages/airflow/example_dags/example_branch_operator.py for tasks to queue
[2025-04-07T00:05:54.732+0000] {logging_mixin.py:190} INFO - [2025-04-07T00:05:54.731+0000] {dagbag.py:588} INFO - Filling up the DagBag from /home/airflow/.local/lib/python3.12/site-packages/airflow/example_dags/example_branch_operator.py
[2025-04-07T00:05:54.746+0000] {processor.py:925} INFO - DAG(s) 'example_branch_operator' retrieved from /home/airflow/.local/lib/python3.12/site-packages/airflow/example_dags/example_branch_operator.py
[2025-04-07T00:05:54.772+0000] {logging_mixin.py:190} INFO - [2025-04-07T00:05:54.772+0000] {dag.py:3239} INFO - Sync 1 DAGs
[2025-04-07T00:05:54.794+0000] {logging_mixin.py:190} INFO - [2025-04-07T00:05:54.794+0000] {dag.py:4180} INFO - Setting next_dagrun for example_branch_operator to 2025-04-06 00:00:00+00:00, run_after=2025-04-07 00:00:00+00:00
[2025-04-07T00:05:54.813+0000] {processor.py:208} INFO - Processing /home/airflow/.local/lib/python3.12/site-packages/airflow/example_dags/example_branch_operator.py took 0.094 seconds
[2025-04-07T00:06:25.192+0000] {processor.py:186} INFO - Started process (PID=705) to work on /home/airflow/.local/lib/python3.12/site-packages/airflow/example_dags/example_branch_operator.py
[2025-04-07T00:06:25.193+0000] {processor.py:914} INFO - Processing file /home/airflow/.local/lib/python3.12/site-packages/airflow/example_dags/example_branch_operator.py for tasks to queue
[2025-04-07T00:06:25.196+0000] {logging_mixin.py:190} INFO - [2025-04-07T00:06:25.196+0000] {dagbag.py:588} INFO - Filling up the DagBag from /home/airflow/.local/lib/python3.12/site-packages/airflow/example_dags/example_branch_operator.py
[2025-04-07T00:06:25.212+0000] {processor.py:925} INFO - DAG(s) 'example_branch_operator' retrieved from /home/airflow/.local/lib/python3.12/site-packages/airflow/example_dags/example_branch_operator.py
[2025-04-07T00:06:25.239+0000] {logging_mixin.py:190} INFO - [2025-04-07T00:06:25.238+0000] {dag.py:3239} INFO - Sync 1 DAGs
[2025-04-07T00:06:25.260+0000] {logging_mixin.py:190} INFO - [2025-04-07T00:06:25.260+0000] {dag.py:4180} INFO - Setting next_dagrun for example_branch_operator to 2025-04-06 00:00:00+00:00, run_after=2025-04-07 00:00:00+00:00
[2025-04-07T00:06:25.273+0000] {processor.py:208} INFO - Processing /home/airflow/.local/lib/python3.12/site-packages/airflow/example_dags/example_branch_operator.py took 0.090 seconds
[2025-04-07T00:06:55.814+0000] {processor.py:186} INFO - Started process (PID=770) to work on /home/airflow/.local/lib/python3.12/site-packages/airflow/example_dags/example_branch_operator.py
[2025-04-07T00:06:55.815+0000] {processor.py:914} INFO - Processing file /home/airflow/.local/lib/python3.12/site-packages/airflow/example_dags/example_branch_operator.py for tasks to queue
[2025-04-07T00:06:55.817+0000] {logging_mixin.py:190} INFO - [2025-04-07T00:06:55.817+0000] {dagbag.py:588} INFO - Filling up the DagBag from /home/airflow/.local/lib/python3.12/site-packages/airflow/example_dags/example_branch_operator.py
[2025-04-07T00:06:55.832+0000] {processor.py:925} INFO - DAG(s) 'example_branch_operator' retrieved from /home/airflow/.local/lib/python3.12/site-packages/airflow/example_dags/example_branch_operator.py
[2025-04-07T00:06:55.859+0000] {logging_mixin.py:190} INFO - [2025-04-07T00:06:55.858+0000] {dag.py:3239} INFO - Sync 1 DAGs
[2025-04-07T00:06:55.880+0000] {logging_mixin.py:190} INFO - [2025-04-07T00:06:55.880+0000] {dag.py:4180} INFO - Setting next_dagrun for example_branch_operator to 2025-04-06 00:00:00+00:00, run_after=2025-04-07 00:00:00+00:00
[2025-04-07T00:06:55.893+0000] {processor.py:208} INFO - Processing /home/airflow/.local/lib/python3.12/site-packages/airflow/example_dags/example_branch_operator.py took 0.086 seconds
[2025-04-07T00:07:26.434+0000] {processor.py:186} INFO - Started process (PID=835) to work on /home/airflow/.local/lib/python3.12/site-packages/airflow/example_dags/example_branch_operator.py
[2025-04-07T00:07:26.435+0000] {processor.py:914} INFO - Processing file /home/airflow/.local/lib/python3.12/site-packages/airflow/example_dags/example_branch_operator.py for tasks to queue
[2025-04-07T00:07:26.438+0000] {logging_mixin.py:190} INFO - [2025-04-07T00:07:26.438+0000] {dagbag.py:588} INFO - Filling up the DagBag from /home/airflow/.local/lib/python3.12/site-packages/airflow/example_dags/example_branch_operator.py
[2025-04-07T00:07:26.454+0000] {processor.py:925} INFO - DAG(s) 'example_branch_operator' retrieved from /home/airflow/.local/lib/python3.12/site-packages/airflow/example_dags/example_branch_operator.py
[2025-04-07T00:07:26.480+0000] {logging_mixin.py:190} INFO - [2025-04-07T00:07:26.480+0000] {dag.py:3239} INFO - Sync 1 DAGs
[2025-04-07T00:07:26.499+0000] {logging_mixin.py:190} INFO - [2025-04-07T00:07:26.499+0000] {dag.py:4180} INFO - Setting next_dagrun for example_branch_operator to 2025-04-06 00:00:00+00:00, run_after=2025-04-07 00:00:00+00:00
[2025-04-07T00:07:26.512+0000] {processor.py:208} INFO - Processing /home/airflow/.local/lib/python3.12/site-packages/airflow/example_dags/example_branch_operator.py took 0.086 seconds
[2025-04-07T00:07:56.860+0000] {processor.py:186} INFO - Started process (PID=900) to work on /home/airflow/.local/lib/python3.12/site-packages/airflow/example_dags/example_branch_operator.py
[2025-04-07T00:07:56.861+0000] {processor.py:914} INFO - Processing file /home/airflow/.local/lib/python3.12/site-packages/airflow/example_dags/example_branch_operator.py for tasks to queue
[2025-04-07T00:07:56.864+0000] {logging_mixin.py:190} INFO - [2025-04-07T00:07:56.864+0000] {dagbag.py:588} INFO - Filling up the DagBag from /home/airflow/.local/lib/python3.12/site-packages/airflow/example_dags/example_branch_operator.py
[2025-04-07T00:07:56.878+0000] {processor.py:925} INFO - DAG(s) 'example_branch_operator' retrieved from /home/airflow/.local/lib/python3.12/site-packages/airflow/example_dags/example_branch_operator.py
[2025-04-07T00:07:56.903+0000] {logging_mixin.py:190} INFO - [2025-04-07T00:07:56.903+0000] {dag.py:3239} INFO - Sync 1 DAGs
[2025-04-07T00:07:56.924+0000] {logging_mixin.py:190} INFO - [2025-04-07T00:07:56.924+0000] {dag.py:4180} INFO - Setting next_dagrun for example_branch_operator to 2025-04-06 00:00:00+00:00, run_after=2025-04-07 00:00:00+00:00
[2025-04-07T00:07:56.938+0000] {processor.py:208} INFO - Processing /home/airflow/.local/lib/python3.12/site-packages/airflow/example_dags/example_branch_operator.py took 0.086 seconds
[2025-04-07T00:08:27.335+0000] {processor.py:186} INFO - Started process (PID=966) to work on /home/airflow/.local/lib/python3.12/site-packages/airflow/example_dags/example_branch_operator.py
[2025-04-07T00:08:27.336+0000] {processor.py:914} INFO - Processing file /home/airflow/.local/lib/python3.12/site-packages/airflow/example_dags/example_branch_operator.py for tasks to queue
[2025-04-07T00:08:27.339+0000] {logging_mixin.py:190} INFO - [2025-04-07T00:08:27.338+0000] {dagbag.py:588} INFO - Filling up the DagBag from /home/airflow/.local/lib/python3.12/site-packages/airflow/example_dags/example_branch_operator.py
[2025-04-07T00:08:27.354+0000] {processor.py:925} INFO - DAG(s) 'example_branch_operator' retrieved from /home/airflow/.local/lib/python3.12/site-packages/airflow/example_dags/example_branch_operator.py
[2025-04-07T00:08:27.380+0000] {logging_mixin.py:190} INFO - [2025-04-07T00:08:27.380+0000] {dag.py:3239} INFO - Sync 1 DAGs
[2025-04-07T00:08:27.400+0000] {logging_mixin.py:190} INFO - [2025-04-07T00:08:27.400+0000] {dag.py:4180} INFO - Setting next_dagrun for example_branch_operator to 2025-04-06 00:00:00+00:00, run_after=2025-04-07 00:00:00+00:00
[2025-04-07T00:08:27.413+0000] {processor.py:208} INFO - Processing /home/airflow/.local/lib/python3.12/site-packages/airflow/example_dags/example_branch_operator.py took 0.085 seconds
[2025-04-07T00:08:58.645+0000] {processor.py:186} INFO - Started process (PID=1031) to work on /home/airflow/.local/lib/python3.12/site-packages/airflow/example_dags/example_branch_operator.py
[2025-04-07T00:08:58.646+0000] {processor.py:914} INFO - Processing file /home/airflow/.local/lib/python3.12/site-packages/airflow/example_dags/example_branch_operator.py for tasks to queue
[2025-04-07T00:08:58.649+0000] {logging_mixin.py:190} INFO - [2025-04-07T00:08:58.649+0000] {dagbag.py:588} INFO - Filling up the DagBag from /home/airflow/.local/lib/python3.12/site-packages/airflow/example_dags/example_branch_operator.py
[2025-04-07T00:08:58.664+0000] {processor.py:925} INFO - DAG(s) 'example_branch_operator' retrieved from /home/airflow/.local/lib/python3.12/site-packages/airflow/example_dags/example_branch_operator.py
[2025-04-07T00:08:58.693+0000] {logging_mixin.py:190} INFO - [2025-04-07T00:08:58.693+0000] {dag.py:3239} INFO - Sync 1 DAGs
[2025-04-07T00:08:58.716+0000] {logging_mixin.py:190} INFO - [2025-04-07T00:08:58.716+0000] {dag.py:4180} INFO - Setting next_dagrun for example_branch_operator to 2025-04-06 00:00:00+00:00, run_after=2025-04-07 00:00:00+00:00
[2025-04-07T00:08:58.731+0000] {processor.py:208} INFO - Processing /home/airflow/.local/lib/python3.12/site-packages/airflow/example_dags/example_branch_operator.py took 0.093 seconds
[2025-04-07T00:09:30.249+0000] {processor.py:186} INFO - Started process (PID=1096) to work on /home/airflow/.local/lib/python3.12/site-packages/airflow/example_dags/example_branch_operator.py
[2025-04-07T00:09:30.251+0000] {processor.py:914} INFO - Processing file /home/airflow/.local/lib/python3.12/site-packages/airflow/example_dags/example_branch_operator.py for tasks to queue
[2025-04-07T00:09:30.254+0000] {logging_mixin.py:190} INFO - [2025-04-07T00:09:30.254+0000] {dagbag.py:588} INFO - Filling up the DagBag from /home/airflow/.local/lib/python3.12/site-packages/airflow/example_dags/example_branch_operator.py
[2025-04-07T00:09:30.270+0000] {processor.py:925} INFO - DAG(s) 'example_branch_operator' retrieved from /home/airflow/.local/lib/python3.12/site-packages/airflow/example_dags/example_branch_operator.py
[2025-04-07T00:09:30.297+0000] {logging_mixin.py:190} INFO - [2025-04-07T00:09:30.297+0000] {dag.py:3239} INFO - Sync 1 DAGs
[2025-04-07T00:09:30.325+0000] {logging_mixin.py:190} INFO - [2025-04-07T00:09:30.325+0000] {dag.py:4180} INFO - Setting next_dagrun for example_branch_operator to 2025-04-06 00:00:00+00:00, run_after=2025-04-07 00:00:00+00:00
[2025-04-07T00:09:30.342+0000] {processor.py:208} INFO - Processing /home/airflow/.local/lib/python3.12/site-packages/airflow/example_dags/example_branch_operator.py took 0.100 seconds
[2025-04-07T00:10:01.404+0000] {processor.py:186} INFO - Started process (PID=1164) to work on /home/airflow/.local/lib/python3.12/site-packages/airflow/example_dags/example_branch_operator.py
[2025-04-07T00:10:01.405+0000] {processor.py:914} INFO - Processing file /home/airflow/.local/lib/python3.12/site-packages/airflow/example_dags/example_branch_operator.py for tasks to queue
[2025-04-07T00:10:01.407+0000] {logging_mixin.py:190} INFO - [2025-04-07T00:10:01.407+0000] {dagbag.py:588} INFO - Filling up the DagBag from /home/airflow/.local/lib/python3.12/site-packages/airflow/example_dags/example_branch_operator.py
[2025-04-07T00:10:01.422+0000] {processor.py:925} INFO - DAG(s) 'example_branch_operator' retrieved from /home/airflow/.local/lib/python3.12/site-packages/airflow/example_dags/example_branch_operator.py
[2025-04-07T00:10:01.448+0000] {logging_mixin.py:190} INFO - [2025-04-07T00:10:01.448+0000] {dag.py:3239} INFO - Sync 1 DAGs
[2025-04-07T00:10:01.469+0000] {logging_mixin.py:190} INFO - [2025-04-07T00:10:01.469+0000] {dag.py:4180} INFO - Setting next_dagrun for example_branch_operator to 2025-04-06 00:00:00+00:00, run_after=2025-04-07 00:00:00+00:00
[2025-04-07T00:10:01.663+0000] {processor.py:208} INFO - Processing /home/airflow/.local/lib/python3.12/site-packages/airflow/example_dags/example_branch_operator.py took 0.267 seconds
[2025-04-07T00:10:32.301+0000] {processor.py:186} INFO - Started process (PID=1229) to work on /home/airflow/.local/lib/python3.12/site-packages/airflow/example_dags/example_branch_operator.py
[2025-04-07T00:10:32.302+0000] {processor.py:914} INFO - Processing file /home/airflow/.local/lib/python3.12/site-packages/airflow/example_dags/example_branch_operator.py for tasks to queue
[2025-04-07T00:10:32.306+0000] {logging_mixin.py:190} INFO - [2025-04-07T00:10:32.306+0000] {dagbag.py:588} INFO - Filling up the DagBag from /home/airflow/.local/lib/python3.12/site-packages/airflow/example_dags/example_branch_operator.py
[2025-04-07T00:10:32.322+0000] {processor.py:925} INFO - DAG(s) 'example_branch_operator' retrieved from /home/airflow/.local/lib/python3.12/site-packages/airflow/example_dags/example_branch_operator.py
[2025-04-07T00:10:32.348+0000] {logging_mixin.py:190} INFO - [2025-04-07T00:10:32.347+0000] {dag.py:3239} INFO - Sync 1 DAGs
[2025-04-07T00:10:32.368+0000] {logging_mixin.py:190} INFO - [2025-04-07T00:10:32.368+0000] {dag.py:4180} INFO - Setting next_dagrun for example_branch_operator to 2025-04-06 00:00:00+00:00, run_after=2025-04-07 00:00:00+00:00
[2025-04-07T00:10:32.382+0000] {processor.py:208} INFO - Processing /home/airflow/.local/lib/python3.12/site-packages/airflow/example_dags/example_branch_operator.py took 0.089 seconds
[2025-04-07T00:11:02.947+0000] {processor.py:186} INFO - Started process (PID=1294) to work on /home/airflow/.local/lib/python3.12/site-packages/airflow/example_dags/example_branch_operator.py
[2025-04-07T00:11:02.948+0000] {processor.py:914} INFO - Processing file /home/airflow/.local/lib/python3.12/site-packages/airflow/example_dags/example_branch_operator.py for tasks to queue
[2025-04-07T00:11:02.951+0000] {logging_mixin.py:190} INFO - [2025-04-07T00:11:02.951+0000] {dagbag.py:588} INFO - Filling up the DagBag from /home/airflow/.local/lib/python3.12/site-packages/airflow/example_dags/example_branch_operator.py
[2025-04-07T00:11:02.967+0000] {processor.py:925} INFO - DAG(s) 'example_branch_operator' retrieved from /home/airflow/.local/lib/python3.12/site-packages/airflow/example_dags/example_branch_operator.py
[2025-04-07T00:11:02.993+0000] {logging_mixin.py:190} INFO - [2025-04-07T00:11:02.993+0000] {dag.py:3239} INFO - Sync 1 DAGs
[2025-04-07T00:11:03.017+0000] {logging_mixin.py:190} INFO - [2025-04-07T00:11:03.017+0000] {dag.py:4180} INFO - Setting next_dagrun for example_branch_operator to 2025-04-06 00:00:00+00:00, run_after=2025-04-07 00:00:00+00:00
[2025-04-07T00:11:03.031+0000] {processor.py:208} INFO - Processing /home/airflow/.local/lib/python3.12/site-packages/airflow/example_dags/example_branch_operator.py took 0.091 seconds
[2025-04-07T00:11:34.577+0000] {processor.py:186} INFO - Started process (PID=1360) to work on /home/airflow/.local/lib/python3.12/site-packages/airflow/example_dags/example_branch_operator.py
[2025-04-07T00:11:34.580+0000] {processor.py:914} INFO - Processing file /home/airflow/.local/lib/python3.12/site-packages/airflow/example_dags/example_branch_operator.py for tasks to queue
[2025-04-07T00:11:34.581+0000] {logging_mixin.py:190} INFO - [2025-04-07T00:11:34.581+0000] {dagbag.py:588} INFO - Filling up the DagBag from /home/airflow/.local/lib/python3.12/site-packages/airflow/example_dags/example_branch_operator.py
[2025-04-07T00:11:34.595+0000] {processor.py:925} INFO - DAG(s) 'example_branch_operator' retrieved from /home/airflow/.local/lib/python3.12/site-packages/airflow/example_dags/example_branch_operator.py
[2025-04-07T00:11:34.620+0000] {logging_mixin.py:190} INFO - [2025-04-07T00:11:34.620+0000] {dag.py:3239} INFO - Sync 1 DAGs
[2025-04-07T00:11:34.641+0000] {logging_mixin.py:190} INFO - [2025-04-07T00:11:34.641+0000] {dag.py:4180} INFO - Setting next_dagrun for example_branch_operator to 2025-04-06 00:00:00+00:00, run_after=2025-04-07 00:00:00+00:00
[2025-04-07T00:11:34.654+0000] {processor.py:208} INFO - Processing /home/airflow/.local/lib/python3.12/site-packages/airflow/example_dags/example_branch_operator.py took 0.081 seconds
[2025-04-07T00:12:05.822+0000] {processor.py:186} INFO - Started process (PID=1425) to work on /home/airflow/.local/lib/python3.12/site-packages/airflow/example_dags/example_branch_operator.py
[2025-04-07T00:12:05.825+0000] {processor.py:914} INFO - Processing file /home/airflow/.local/lib/python3.12/site-packages/airflow/example_dags/example_branch_operator.py for tasks to queue
[2025-04-07T00:12:05.830+0000] {logging_mixin.py:190} INFO - [2025-04-07T00:12:05.829+0000] {dagbag.py:588} INFO - Filling up the DagBag from /home/airflow/.local/lib/python3.12/site-packages/airflow/example_dags/example_branch_operator.py
[2025-04-07T00:12:05.847+0000] {processor.py:925} INFO - DAG(s) 'example_branch_operator' retrieved from /home/airflow/.local/lib/python3.12/site-packages/airflow/example_dags/example_branch_operator.py
[2025-04-07T00:12:05.876+0000] {logging_mixin.py:190} INFO - [2025-04-07T00:12:05.876+0000] {dag.py:3239} INFO - Sync 1 DAGs
[2025-04-07T00:12:06.119+0000] {logging_mixin.py:190} INFO - [2025-04-07T00:12:06.118+0000] {dag.py:4180} INFO - Setting next_dagrun for example_branch_operator to 2025-04-06 00:00:00+00:00, run_after=2025-04-07 00:00:00+00:00
[2025-04-07T00:12:06.137+0000] {processor.py:208} INFO - Processing /home/airflow/.local/lib/python3.12/site-packages/airflow/example_dags/example_branch_operator.py took 0.323 seconds
[2025-04-07T00:12:37.115+0000] {processor.py:186} INFO - Started process (PID=1490) to work on /home/airflow/.local/lib/python3.12/site-packages/airflow/example_dags/example_branch_operator.py
[2025-04-07T00:12:37.118+0000] {processor.py:914} INFO - Processing file /home/airflow/.local/lib/python3.12/site-packages/airflow/example_dags/example_branch_operator.py for tasks to queue
[2025-04-07T00:12:37.121+0000] {logging_mixin.py:190} INFO - [2025-04-07T00:12:37.121+0000] {dagbag.py:588} INFO - Filling up the DagBag from /home/airflow/.local/lib/python3.12/site-packages/airflow/example_dags/example_branch_operator.py
[2025-04-07T00:12:37.137+0000] {processor.py:925} INFO - DAG(s) 'example_branch_operator' retrieved from /home/airflow/.local/lib/python3.12/site-packages/airflow/example_dags/example_branch_operator.py
[2025-04-07T00:12:37.161+0000] {logging_mixin.py:190} INFO - [2025-04-07T00:12:37.161+0000] {dag.py:3239} INFO - Sync 1 DAGs
[2025-04-07T00:12:37.376+0000] {logging_mixin.py:190} INFO - [2025-04-07T00:12:37.376+0000] {dag.py:4180} INFO - Setting next_dagrun for example_branch_operator to 2025-04-06 00:00:00+00:00, run_after=2025-04-07 00:00:00+00:00
[2025-04-07T00:12:37.390+0000] {processor.py:208} INFO - Processing /home/airflow/.local/lib/python3.12/site-packages/airflow/example_dags/example_branch_operator.py took 0.282 seconds
[2025-04-07T00:14:06.651+0000] {processor.py:186} INFO - Started process (PID=121) to work on /home/airflow/.local/lib/python3.12/site-packages/airflow/example_dags/example_branch_operator.py
[2025-04-07T00:14:06.652+0000] {processor.py:914} INFO - Processing file /home/airflow/.local/lib/python3.12/site-packages/airflow/example_dags/example_branch_operator.py for tasks to queue
[2025-04-07T00:14:06.655+0000] {logging_mixin.py:190} INFO - [2025-04-07T00:14:06.655+0000] {dagbag.py:588} INFO - Filling up the DagBag from /home/airflow/.local/lib/python3.12/site-packages/airflow/example_dags/example_branch_operator.py
[2025-04-07T00:14:06.675+0000] {processor.py:925} INFO - DAG(s) 'example_branch_operator' retrieved from /home/airflow/.local/lib/python3.12/site-packages/airflow/example_dags/example_branch_operator.py
[2025-04-07T00:14:06.727+0000] {logging_mixin.py:190} INFO - [2025-04-07T00:14:06.726+0000] {override.py:1930} INFO - Created Permission View: can read on DAG:example_branch_operator
[2025-04-07T00:14:06.735+0000] {logging_mixin.py:190} INFO - [2025-04-07T00:14:06.735+0000] {override.py:1930} INFO - Created Permission View: can delete on DAG:example_branch_operator
[2025-04-07T00:14:06.739+0000] {logging_mixin.py:190} INFO - [2025-04-07T00:14:06.739+0000] {override.py:1930} INFO - Created Permission View: can edit on DAG:example_branch_operator
[2025-04-07T00:14:06.744+0000] {logging_mixin.py:190} INFO - [2025-04-07T00:14:06.743+0000] {override.py:1930} INFO - Created Permission View: can create on DAG Run:example_branch_operator
[2025-04-07T00:14:06.748+0000] {logging_mixin.py:190} INFO - [2025-04-07T00:14:06.748+0000] {override.py:1930} INFO - Created Permission View: menu access on DAG Run:example_branch_operator
[2025-04-07T00:14:06.753+0000] {logging_mixin.py:190} INFO - [2025-04-07T00:14:06.752+0000] {override.py:1930} INFO - Created Permission View: can read on DAG Run:example_branch_operator
[2025-04-07T00:14:06.758+0000] {logging_mixin.py:190} INFO - [2025-04-07T00:14:06.758+0000] {override.py:1930} INFO - Created Permission View: can delete on DAG Run:example_branch_operator
[2025-04-07T00:14:06.758+0000] {logging_mixin.py:190} INFO - [2025-04-07T00:14:06.758+0000] {dag.py:3239} INFO - Sync 1 DAGs
[2025-04-07T00:14:06.770+0000] {logging_mixin.py:190} INFO - [2025-04-07T00:14:06.770+0000] {dag.py:3262} INFO - Creating ORM DAG for example_branch_operator
[2025-04-07T00:14:06.779+0000] {logging_mixin.py:190} INFO - [2025-04-07T00:14:06.778+0000] {dag.py:4180} INFO - Setting next_dagrun for example_branch_operator to 2025-04-06 00:00:00+00:00, run_after=2025-04-07 00:00:00+00:00
[2025-04-07T00:14:06.792+0000] {processor.py:208} INFO - Processing /home/airflow/.local/lib/python3.12/site-packages/airflow/example_dags/example_branch_operator.py took 0.146 seconds
[2025-04-07T00:14:37.720+0000] {processor.py:186} INFO - Started process (PID=192) to work on /home/airflow/.local/lib/python3.12/site-packages/airflow/example_dags/example_branch_operator.py
[2025-04-07T00:14:37.723+0000] {processor.py:914} INFO - Processing file /home/airflow/.local/lib/python3.12/site-packages/airflow/example_dags/example_branch_operator.py for tasks to queue
[2025-04-07T00:14:37.727+0000] {logging_mixin.py:190} INFO - [2025-04-07T00:14:37.726+0000] {dagbag.py:588} INFO - Filling up the DagBag from /home/airflow/.local/lib/python3.12/site-packages/airflow/example_dags/example_branch_operator.py
[2025-04-07T00:14:37.743+0000] {processor.py:925} INFO - DAG(s) 'example_branch_operator' retrieved from /home/airflow/.local/lib/python3.12/site-packages/airflow/example_dags/example_branch_operator.py
[2025-04-07T00:14:37.771+0000] {logging_mixin.py:190} INFO - [2025-04-07T00:14:37.770+0000] {dag.py:3239} INFO - Sync 1 DAGs
[2025-04-07T00:14:37.794+0000] {logging_mixin.py:190} INFO - [2025-04-07T00:14:37.794+0000] {dag.py:4180} INFO - Setting next_dagrun for example_branch_operator to 2025-04-06 00:00:00+00:00, run_after=2025-04-07 00:00:00+00:00
[2025-04-07T00:14:37.808+0000] {processor.py:208} INFO - Processing /home/airflow/.local/lib/python3.12/site-packages/airflow/example_dags/example_branch_operator.py took 0.097 seconds
[2025-04-07T00:15:08.797+0000] {processor.py:186} INFO - Started process (PID=257) to work on /home/airflow/.local/lib/python3.12/site-packages/airflow/example_dags/example_branch_operator.py
[2025-04-07T00:15:08.798+0000] {processor.py:914} INFO - Processing file /home/airflow/.local/lib/python3.12/site-packages/airflow/example_dags/example_branch_operator.py for tasks to queue
[2025-04-07T00:15:08.800+0000] {logging_mixin.py:190} INFO - [2025-04-07T00:15:08.800+0000] {dagbag.py:588} INFO - Filling up the DagBag from /home/airflow/.local/lib/python3.12/site-packages/airflow/example_dags/example_branch_operator.py
[2025-04-07T00:15:08.815+0000] {processor.py:925} INFO - DAG(s) 'example_branch_operator' retrieved from /home/airflow/.local/lib/python3.12/site-packages/airflow/example_dags/example_branch_operator.py
[2025-04-07T00:15:08.839+0000] {logging_mixin.py:190} INFO - [2025-04-07T00:15:08.839+0000] {dag.py:3239} INFO - Sync 1 DAGs
[2025-04-07T00:15:08.858+0000] {logging_mixin.py:190} INFO - [2025-04-07T00:15:08.858+0000] {dag.py:4180} INFO - Setting next_dagrun for example_branch_operator to 2025-04-06 00:00:00+00:00, run_after=2025-04-07 00:00:00+00:00
[2025-04-07T00:15:08.874+0000] {processor.py:208} INFO - Processing /home/airflow/.local/lib/python3.12/site-packages/airflow/example_dags/example_branch_operator.py took 0.084 seconds
[2025-04-07T00:15:39.267+0000] {processor.py:186} INFO - Started process (PID=322) to work on /home/airflow/.local/lib/python3.12/site-packages/airflow/example_dags/example_branch_operator.py
[2025-04-07T00:15:39.268+0000] {processor.py:914} INFO - Processing file /home/airflow/.local/lib/python3.12/site-packages/airflow/example_dags/example_branch_operator.py for tasks to queue
[2025-04-07T00:15:39.271+0000] {logging_mixin.py:190} INFO - [2025-04-07T00:15:39.271+0000] {dagbag.py:588} INFO - Filling up the DagBag from /home/airflow/.local/lib/python3.12/site-packages/airflow/example_dags/example_branch_operator.py
[2025-04-07T00:15:39.286+0000] {processor.py:925} INFO - DAG(s) 'example_branch_operator' retrieved from /home/airflow/.local/lib/python3.12/site-packages/airflow/example_dags/example_branch_operator.py
[2025-04-07T00:15:39.313+0000] {logging_mixin.py:190} INFO - [2025-04-07T00:15:39.313+0000] {dag.py:3239} INFO - Sync 1 DAGs
[2025-04-07T00:15:39.334+0000] {logging_mixin.py:190} INFO - [2025-04-07T00:15:39.333+0000] {dag.py:4180} INFO - Setting next_dagrun for example_branch_operator to 2025-04-06 00:00:00+00:00, run_after=2025-04-07 00:00:00+00:00
[2025-04-07T00:15:39.348+0000] {processor.py:208} INFO - Processing /home/airflow/.local/lib/python3.12/site-packages/airflow/example_dags/example_branch_operator.py took 0.089 seconds
[2025-04-07T00:16:09.763+0000] {processor.py:186} INFO - Started process (PID=387) to work on /home/airflow/.local/lib/python3.12/site-packages/airflow/example_dags/example_branch_operator.py
[2025-04-07T00:16:09.766+0000] {processor.py:914} INFO - Processing file /home/airflow/.local/lib/python3.12/site-packages/airflow/example_dags/example_branch_operator.py for tasks to queue
[2025-04-07T00:16:09.770+0000] {logging_mixin.py:190} INFO - [2025-04-07T00:16:09.769+0000] {dagbag.py:588} INFO - Filling up the DagBag from /home/airflow/.local/lib/python3.12/site-packages/airflow/example_dags/example_branch_operator.py
[2025-04-07T00:16:09.786+0000] {processor.py:925} INFO - DAG(s) 'example_branch_operator' retrieved from /home/airflow/.local/lib/python3.12/site-packages/airflow/example_dags/example_branch_operator.py
[2025-04-07T00:16:09.817+0000] {logging_mixin.py:190} INFO - [2025-04-07T00:16:09.816+0000] {dag.py:3239} INFO - Sync 1 DAGs
[2025-04-07T00:16:09.838+0000] {logging_mixin.py:190} INFO - [2025-04-07T00:16:09.838+0000] {dag.py:4180} INFO - Setting next_dagrun for example_branch_operator to 2025-04-06 00:00:00+00:00, run_after=2025-04-07 00:00:00+00:00
[2025-04-07T00:16:09.852+0000] {processor.py:208} INFO - Processing /home/airflow/.local/lib/python3.12/site-packages/airflow/example_dags/example_branch_operator.py took 0.096 seconds
[2025-04-07T00:16:40.045+0000] {processor.py:186} INFO - Started process (PID=451) to work on /home/airflow/.local/lib/python3.12/site-packages/airflow/example_dags/example_branch_operator.py
[2025-04-07T00:16:40.046+0000] {processor.py:914} INFO - Processing file /home/airflow/.local/lib/python3.12/site-packages/airflow/example_dags/example_branch_operator.py for tasks to queue
[2025-04-07T00:16:40.049+0000] {logging_mixin.py:190} INFO - [2025-04-07T00:16:40.049+0000] {dagbag.py:588} INFO - Filling up the DagBag from /home/airflow/.local/lib/python3.12/site-packages/airflow/example_dags/example_branch_operator.py
[2025-04-07T00:16:40.064+0000] {processor.py:925} INFO - DAG(s) 'example_branch_operator' retrieved from /home/airflow/.local/lib/python3.12/site-packages/airflow/example_dags/example_branch_operator.py
[2025-04-07T00:16:40.091+0000] {logging_mixin.py:190} INFO - [2025-04-07T00:16:40.091+0000] {dag.py:3239} INFO - Sync 1 DAGs
[2025-04-07T00:16:40.110+0000] {logging_mixin.py:190} INFO - [2025-04-07T00:16:40.110+0000] {dag.py:4180} INFO - Setting next_dagrun for example_branch_operator to 2025-04-06 00:00:00+00:00, run_after=2025-04-07 00:00:00+00:00
[2025-04-07T00:16:40.124+0000] {processor.py:208} INFO - Processing /home/airflow/.local/lib/python3.12/site-packages/airflow/example_dags/example_branch_operator.py took 0.088 seconds
[2025-04-07T00:17:10.664+0000] {processor.py:186} INFO - Started process (PID=516) to work on /home/airflow/.local/lib/python3.12/site-packages/airflow/example_dags/example_branch_operator.py
[2025-04-07T00:17:10.665+0000] {processor.py:914} INFO - Processing file /home/airflow/.local/lib/python3.12/site-packages/airflow/example_dags/example_branch_operator.py for tasks to queue
[2025-04-07T00:17:10.668+0000] {logging_mixin.py:190} INFO - [2025-04-07T00:17:10.668+0000] {dagbag.py:588} INFO - Filling up the DagBag from /home/airflow/.local/lib/python3.12/site-packages/airflow/example_dags/example_branch_operator.py
[2025-04-07T00:17:10.682+0000] {processor.py:925} INFO - DAG(s) 'example_branch_operator' retrieved from /home/airflow/.local/lib/python3.12/site-packages/airflow/example_dags/example_branch_operator.py
[2025-04-07T00:17:10.708+0000] {logging_mixin.py:190} INFO - [2025-04-07T00:17:10.708+0000] {dag.py:3239} INFO - Sync 1 DAGs
[2025-04-07T00:17:10.729+0000] {logging_mixin.py:190} INFO - [2025-04-07T00:17:10.729+0000] {dag.py:4180} INFO - Setting next_dagrun for example_branch_operator to 2025-04-06 00:00:00+00:00, run_after=2025-04-07 00:00:00+00:00
[2025-04-07T00:17:10.742+0000] {processor.py:208} INFO - Processing /home/airflow/.local/lib/python3.12/site-packages/airflow/example_dags/example_branch_operator.py took 0.086 seconds
[2025-04-07T00:17:41.363+0000] {processor.py:186} INFO - Started process (PID=581) to work on /home/airflow/.local/lib/python3.12/site-packages/airflow/example_dags/example_branch_operator.py
[2025-04-07T00:17:41.364+0000] {processor.py:914} INFO - Processing file /home/airflow/.local/lib/python3.12/site-packages/airflow/example_dags/example_branch_operator.py for tasks to queue
[2025-04-07T00:17:41.367+0000] {logging_mixin.py:190} INFO - [2025-04-07T00:17:41.366+0000] {dagbag.py:588} INFO - Filling up the DagBag from /home/airflow/.local/lib/python3.12/site-packages/airflow/example_dags/example_branch_operator.py
[2025-04-07T00:17:41.383+0000] {processor.py:925} INFO - DAG(s) 'example_branch_operator' retrieved from /home/airflow/.local/lib/python3.12/site-packages/airflow/example_dags/example_branch_operator.py
[2025-04-07T00:17:41.412+0000] {logging_mixin.py:190} INFO - [2025-04-07T00:17:41.412+0000] {dag.py:3239} INFO - Sync 1 DAGs
[2025-04-07T00:17:41.434+0000] {logging_mixin.py:190} INFO - [2025-04-07T00:17:41.434+0000] {dag.py:4180} INFO - Setting next_dagrun for example_branch_operator to 2025-04-06 00:00:00+00:00, run_after=2025-04-07 00:00:00+00:00
[2025-04-07T00:17:41.449+0000] {processor.py:208} INFO - Processing /home/airflow/.local/lib/python3.12/site-packages/airflow/example_dags/example_branch_operator.py took 0.093 seconds
[2025-04-07T00:18:12.088+0000] {processor.py:186} INFO - Started process (PID=647) to work on /home/airflow/.local/lib/python3.12/site-packages/airflow/example_dags/example_branch_operator.py
[2025-04-07T00:18:12.089+0000] {processor.py:914} INFO - Processing file /home/airflow/.local/lib/python3.12/site-packages/airflow/example_dags/example_branch_operator.py for tasks to queue
[2025-04-07T00:18:12.092+0000] {logging_mixin.py:190} INFO - [2025-04-07T00:18:12.092+0000] {dagbag.py:588} INFO - Filling up the DagBag from /home/airflow/.local/lib/python3.12/site-packages/airflow/example_dags/example_branch_operator.py
[2025-04-07T00:18:12.107+0000] {processor.py:925} INFO - DAG(s) 'example_branch_operator' retrieved from /home/airflow/.local/lib/python3.12/site-packages/airflow/example_dags/example_branch_operator.py
[2025-04-07T00:18:12.134+0000] {logging_mixin.py:190} INFO - [2025-04-07T00:18:12.133+0000] {dag.py:3239} INFO - Sync 1 DAGs
[2025-04-07T00:18:12.154+0000] {logging_mixin.py:190} INFO - [2025-04-07T00:18:12.154+0000] {dag.py:4180} INFO - Setting next_dagrun for example_branch_operator to 2025-04-06 00:00:00+00:00, run_after=2025-04-07 00:00:00+00:00
[2025-04-07T00:18:12.168+0000] {processor.py:208} INFO - Processing /home/airflow/.local/lib/python3.12/site-packages/airflow/example_dags/example_branch_operator.py took 0.087 seconds
[2025-04-07T00:18:42.779+0000] {processor.py:186} INFO - Started process (PID=712) to work on /home/airflow/.local/lib/python3.12/site-packages/airflow/example_dags/example_branch_operator.py
[2025-04-07T00:18:42.780+0000] {processor.py:914} INFO - Processing file /home/airflow/.local/lib/python3.12/site-packages/airflow/example_dags/example_branch_operator.py for tasks to queue
[2025-04-07T00:18:42.783+0000] {logging_mixin.py:190} INFO - [2025-04-07T00:18:42.783+0000] {dagbag.py:588} INFO - Filling up the DagBag from /home/airflow/.local/lib/python3.12/site-packages/airflow/example_dags/example_branch_operator.py
[2025-04-07T00:18:42.797+0000] {processor.py:925} INFO - DAG(s) 'example_branch_operator' retrieved from /home/airflow/.local/lib/python3.12/site-packages/airflow/example_dags/example_branch_operator.py
[2025-04-07T00:18:42.821+0000] {logging_mixin.py:190} INFO - [2025-04-07T00:18:42.820+0000] {dag.py:3239} INFO - Sync 1 DAGs
[2025-04-07T00:18:42.839+0000] {logging_mixin.py:190} INFO - [2025-04-07T00:18:42.839+0000] {dag.py:4180} INFO - Setting next_dagrun for example_branch_operator to 2025-04-06 00:00:00+00:00, run_after=2025-04-07 00:00:00+00:00
[2025-04-07T00:18:42.854+0000] {processor.py:208} INFO - Processing /home/airflow/.local/lib/python3.12/site-packages/airflow/example_dags/example_branch_operator.py took 0.083 seconds
[2025-04-07T00:19:13.565+0000] {processor.py:186} INFO - Started process (PID=777) to work on /home/airflow/.local/lib/python3.12/site-packages/airflow/example_dags/example_branch_operator.py
[2025-04-07T00:19:13.566+0000] {processor.py:914} INFO - Processing file /home/airflow/.local/lib/python3.12/site-packages/airflow/example_dags/example_branch_operator.py for tasks to queue
[2025-04-07T00:19:13.569+0000] {logging_mixin.py:190} INFO - [2025-04-07T00:19:13.569+0000] {dagbag.py:588} INFO - Filling up the DagBag from /home/airflow/.local/lib/python3.12/site-packages/airflow/example_dags/example_branch_operator.py
[2025-04-07T00:19:13.586+0000] {processor.py:925} INFO - DAG(s) 'example_branch_operator' retrieved from /home/airflow/.local/lib/python3.12/site-packages/airflow/example_dags/example_branch_operator.py
[2025-04-07T00:19:13.611+0000] {logging_mixin.py:190} INFO - [2025-04-07T00:19:13.611+0000] {dag.py:3239} INFO - Sync 1 DAGs
[2025-04-07T00:19:13.630+0000] {logging_mixin.py:190} INFO - [2025-04-07T00:19:13.630+0000] {dag.py:4180} INFO - Setting next_dagrun for example_branch_operator to 2025-04-06 00:00:00+00:00, run_after=2025-04-07 00:00:00+00:00
[2025-04-07T00:19:13.645+0000] {processor.py:208} INFO - Processing /home/airflow/.local/lib/python3.12/site-packages/airflow/example_dags/example_branch_operator.py took 0.085 seconds
[2025-04-07T00:19:44.299+0000] {processor.py:186} INFO - Started process (PID=842) to work on /home/airflow/.local/lib/python3.12/site-packages/airflow/example_dags/example_branch_operator.py
[2025-04-07T00:19:44.300+0000] {processor.py:914} INFO - Processing file /home/airflow/.local/lib/python3.12/site-packages/airflow/example_dags/example_branch_operator.py for tasks to queue
[2025-04-07T00:19:44.303+0000] {logging_mixin.py:190} INFO - [2025-04-07T00:19:44.303+0000] {dagbag.py:588} INFO - Filling up the DagBag from /home/airflow/.local/lib/python3.12/site-packages/airflow/example_dags/example_branch_operator.py
[2025-04-07T00:19:44.317+0000] {processor.py:925} INFO - DAG(s) 'example_branch_operator' retrieved from /home/airflow/.local/lib/python3.12/site-packages/airflow/example_dags/example_branch_operator.py
[2025-04-07T00:19:44.341+0000] {logging_mixin.py:190} INFO - [2025-04-07T00:19:44.341+0000] {dag.py:3239} INFO - Sync 1 DAGs
[2025-04-07T00:19:44.361+0000] {logging_mixin.py:190} INFO - [2025-04-07T00:19:44.361+0000] {dag.py:4180} INFO - Setting next_dagrun for example_branch_operator to 2025-04-06 00:00:00+00:00, run_after=2025-04-07 00:00:00+00:00
[2025-04-07T00:19:44.376+0000] {processor.py:208} INFO - Processing /home/airflow/.local/lib/python3.12/site-packages/airflow/example_dags/example_branch_operator.py took 0.084 seconds
[2025-04-07T00:20:15.151+0000] {processor.py:186} INFO - Started process (PID=907) to work on /home/airflow/.local/lib/python3.12/site-packages/airflow/example_dags/example_branch_operator.py
[2025-04-07T00:20:15.152+0000] {processor.py:914} INFO - Processing file /home/airflow/.local/lib/python3.12/site-packages/airflow/example_dags/example_branch_operator.py for tasks to queue
[2025-04-07T00:20:15.154+0000] {logging_mixin.py:190} INFO - [2025-04-07T00:20:15.154+0000] {dagbag.py:588} INFO - Filling up the DagBag from /home/airflow/.local/lib/python3.12/site-packages/airflow/example_dags/example_branch_operator.py
[2025-04-07T00:20:15.169+0000] {processor.py:925} INFO - DAG(s) 'example_branch_operator' retrieved from /home/airflow/.local/lib/python3.12/site-packages/airflow/example_dags/example_branch_operator.py
[2025-04-07T00:20:15.198+0000] {logging_mixin.py:190} INFO - [2025-04-07T00:20:15.198+0000] {dag.py:3239} INFO - Sync 1 DAGs
[2025-04-07T00:20:15.222+0000] {logging_mixin.py:190} INFO - [2025-04-07T00:20:15.222+0000] {dag.py:4180} INFO - Setting next_dagrun for example_branch_operator to 2025-04-06 00:00:00+00:00, run_after=2025-04-07 00:00:00+00:00
[2025-04-07T00:20:15.477+0000] {processor.py:208} INFO - Processing /home/airflow/.local/lib/python3.12/site-packages/airflow/example_dags/example_branch_operator.py took 0.331 seconds
[2025-04-07T00:20:46.206+0000] {processor.py:186} INFO - Started process (PID=972) to work on /home/airflow/.local/lib/python3.12/site-packages/airflow/example_dags/example_branch_operator.py
[2025-04-07T00:20:46.209+0000] {processor.py:914} INFO - Processing file /home/airflow/.local/lib/python3.12/site-packages/airflow/example_dags/example_branch_operator.py for tasks to queue
[2025-04-07T00:20:46.211+0000] {logging_mixin.py:190} INFO - [2025-04-07T00:20:46.211+0000] {dagbag.py:588} INFO - Filling up the DagBag from /home/airflow/.local/lib/python3.12/site-packages/airflow/example_dags/example_branch_operator.py
[2025-04-07T00:20:46.226+0000] {processor.py:925} INFO - DAG(s) 'example_branch_operator' retrieved from /home/airflow/.local/lib/python3.12/site-packages/airflow/example_dags/example_branch_operator.py
[2025-04-07T00:20:46.253+0000] {logging_mixin.py:190} INFO - [2025-04-07T00:20:46.253+0000] {dag.py:3239} INFO - Sync 1 DAGs
[2025-04-07T00:20:46.275+0000] {logging_mixin.py:190} INFO - [2025-04-07T00:20:46.274+0000] {dag.py:4180} INFO - Setting next_dagrun for example_branch_operator to 2025-04-06 00:00:00+00:00, run_after=2025-04-07 00:00:00+00:00
[2025-04-07T00:20:46.291+0000] {processor.py:208} INFO - Processing /home/airflow/.local/lib/python3.12/site-packages/airflow/example_dags/example_branch_operator.py took 0.091 seconds
[2025-04-07T00:21:16.683+0000] {processor.py:186} INFO - Started process (PID=1037) to work on /home/airflow/.local/lib/python3.12/site-packages/airflow/example_dags/example_branch_operator.py
[2025-04-07T00:21:16.686+0000] {processor.py:914} INFO - Processing file /home/airflow/.local/lib/python3.12/site-packages/airflow/example_dags/example_branch_operator.py for tasks to queue
[2025-04-07T00:21:16.689+0000] {logging_mixin.py:190} INFO - [2025-04-07T00:21:16.689+0000] {dagbag.py:588} INFO - Filling up the DagBag from /home/airflow/.local/lib/python3.12/site-packages/airflow/example_dags/example_branch_operator.py
[2025-04-07T00:21:16.705+0000] {processor.py:925} INFO - DAG(s) 'example_branch_operator' retrieved from /home/airflow/.local/lib/python3.12/site-packages/airflow/example_dags/example_branch_operator.py
[2025-04-07T00:21:16.732+0000] {logging_mixin.py:190} INFO - [2025-04-07T00:21:16.731+0000] {dag.py:3239} INFO - Sync 1 DAGs
[2025-04-07T00:21:16.752+0000] {logging_mixin.py:190} INFO - [2025-04-07T00:21:16.752+0000] {dag.py:4180} INFO - Setting next_dagrun for example_branch_operator to 2025-04-06 00:00:00+00:00, run_after=2025-04-07 00:00:00+00:00
[2025-04-07T00:21:16.766+0000] {processor.py:208} INFO - Processing /home/airflow/.local/lib/python3.12/site-packages/airflow/example_dags/example_branch_operator.py took 0.090 seconds
[2025-04-07T00:21:46.885+0000] {processor.py:186} INFO - Started process (PID=1103) to work on /home/airflow/.local/lib/python3.12/site-packages/airflow/example_dags/example_branch_operator.py
[2025-04-07T00:21:46.888+0000] {processor.py:914} INFO - Processing file /home/airflow/.local/lib/python3.12/site-packages/airflow/example_dags/example_branch_operator.py for tasks to queue
[2025-04-07T00:21:46.890+0000] {logging_mixin.py:190} INFO - [2025-04-07T00:21:46.890+0000] {dagbag.py:588} INFO - Filling up the DagBag from /home/airflow/.local/lib/python3.12/site-packages/airflow/example_dags/example_branch_operator.py
[2025-04-07T00:21:46.908+0000] {processor.py:925} INFO - DAG(s) 'example_branch_operator' retrieved from /home/airflow/.local/lib/python3.12/site-packages/airflow/example_dags/example_branch_operator.py
[2025-04-07T00:21:46.937+0000] {logging_mixin.py:190} INFO - [2025-04-07T00:21:46.937+0000] {dag.py:3239} INFO - Sync 1 DAGs
[2025-04-07T00:21:47.181+0000] {logging_mixin.py:190} INFO - [2025-04-07T00:21:47.180+0000] {dag.py:4180} INFO - Setting next_dagrun for example_branch_operator to 2025-04-06 00:00:00+00:00, run_after=2025-04-07 00:00:00+00:00
[2025-04-07T00:21:47.194+0000] {processor.py:208} INFO - Processing /home/airflow/.local/lib/python3.12/site-packages/airflow/example_dags/example_branch_operator.py took 0.318 seconds
[2025-04-07T00:22:17.611+0000] {processor.py:186} INFO - Started process (PID=1168) to work on /home/airflow/.local/lib/python3.12/site-packages/airflow/example_dags/example_branch_operator.py
[2025-04-07T00:22:17.612+0000] {processor.py:914} INFO - Processing file /home/airflow/.local/lib/python3.12/site-packages/airflow/example_dags/example_branch_operator.py for tasks to queue
[2025-04-07T00:22:17.614+0000] {logging_mixin.py:190} INFO - [2025-04-07T00:22:17.613+0000] {dagbag.py:588} INFO - Filling up the DagBag from /home/airflow/.local/lib/python3.12/site-packages/airflow/example_dags/example_branch_operator.py
[2025-04-07T00:22:17.628+0000] {processor.py:925} INFO - DAG(s) 'example_branch_operator' retrieved from /home/airflow/.local/lib/python3.12/site-packages/airflow/example_dags/example_branch_operator.py
[2025-04-07T00:22:17.654+0000] {logging_mixin.py:190} INFO - [2025-04-07T00:22:17.654+0000] {dag.py:3239} INFO - Sync 1 DAGs
[2025-04-07T00:22:17.677+0000] {logging_mixin.py:190} INFO - [2025-04-07T00:22:17.677+0000] {dag.py:4180} INFO - Setting next_dagrun for example_branch_operator to 2025-04-06 00:00:00+00:00, run_after=2025-04-07 00:00:00+00:00
[2025-04-07T00:22:17.875+0000] {processor.py:208} INFO - Processing /home/airflow/.local/lib/python3.12/site-packages/airflow/example_dags/example_branch_operator.py took 0.268 seconds
[2025-04-07T00:22:48.152+0000] {processor.py:186} INFO - Started process (PID=1233) to work on /home/airflow/.local/lib/python3.12/site-packages/airflow/example_dags/example_branch_operator.py
[2025-04-07T00:22:48.154+0000] {processor.py:914} INFO - Processing file /home/airflow/.local/lib/python3.12/site-packages/airflow/example_dags/example_branch_operator.py for tasks to queue
[2025-04-07T00:22:48.156+0000] {logging_mixin.py:190} INFO - [2025-04-07T00:22:48.156+0000] {dagbag.py:588} INFO - Filling up the DagBag from /home/airflow/.local/lib/python3.12/site-packages/airflow/example_dags/example_branch_operator.py
[2025-04-07T00:22:48.171+0000] {processor.py:925} INFO - DAG(s) 'example_branch_operator' retrieved from /home/airflow/.local/lib/python3.12/site-packages/airflow/example_dags/example_branch_operator.py
[2025-04-07T00:22:48.197+0000] {logging_mixin.py:190} INFO - [2025-04-07T00:22:48.197+0000] {dag.py:3239} INFO - Sync 1 DAGs
[2025-04-07T00:22:48.218+0000] {logging_mixin.py:190} INFO - [2025-04-07T00:22:48.218+0000] {dag.py:4180} INFO - Setting next_dagrun for example_branch_operator to 2025-04-06 00:00:00+00:00, run_after=2025-04-07 00:00:00+00:00
[2025-04-07T00:22:48.233+0000] {processor.py:208} INFO - Processing /home/airflow/.local/lib/python3.12/site-packages/airflow/example_dags/example_branch_operator.py took 0.089 seconds
[2025-04-07T00:23:18.771+0000] {processor.py:186} INFO - Started process (PID=1298) to work on /home/airflow/.local/lib/python3.12/site-packages/airflow/example_dags/example_branch_operator.py
[2025-04-07T00:23:18.772+0000] {processor.py:914} INFO - Processing file /home/airflow/.local/lib/python3.12/site-packages/airflow/example_dags/example_branch_operator.py for tasks to queue
[2025-04-07T00:23:18.776+0000] {logging_mixin.py:190} INFO - [2025-04-07T00:23:18.776+0000] {dagbag.py:588} INFO - Filling up the DagBag from /home/airflow/.local/lib/python3.12/site-packages/airflow/example_dags/example_branch_operator.py
[2025-04-07T00:23:18.792+0000] {processor.py:925} INFO - DAG(s) 'example_branch_operator' retrieved from /home/airflow/.local/lib/python3.12/site-packages/airflow/example_dags/example_branch_operator.py
[2025-04-07T00:23:18.817+0000] {logging_mixin.py:190} INFO - [2025-04-07T00:23:18.817+0000] {dag.py:3239} INFO - Sync 1 DAGs
[2025-04-07T00:23:18.839+0000] {logging_mixin.py:190} INFO - [2025-04-07T00:23:18.838+0000] {dag.py:4180} INFO - Setting next_dagrun for example_branch_operator to 2025-04-06 00:00:00+00:00, run_after=2025-04-07 00:00:00+00:00
[2025-04-07T00:23:18.853+0000] {processor.py:208} INFO - Processing /home/airflow/.local/lib/python3.12/site-packages/airflow/example_dags/example_branch_operator.py took 0.089 seconds
[2025-04-07T00:23:49.827+0000] {processor.py:186} INFO - Started process (PID=1363) to work on /home/airflow/.local/lib/python3.12/site-packages/airflow/example_dags/example_branch_operator.py
[2025-04-07T00:23:49.830+0000] {processor.py:914} INFO - Processing file /home/airflow/.local/lib/python3.12/site-packages/airflow/example_dags/example_branch_operator.py for tasks to queue
[2025-04-07T00:23:49.832+0000] {logging_mixin.py:190} INFO - [2025-04-07T00:23:49.831+0000] {dagbag.py:588} INFO - Filling up the DagBag from /home/airflow/.local/lib/python3.12/site-packages/airflow/example_dags/example_branch_operator.py
[2025-04-07T00:23:49.846+0000] {processor.py:925} INFO - DAG(s) 'example_branch_operator' retrieved from /home/airflow/.local/lib/python3.12/site-packages/airflow/example_dags/example_branch_operator.py
[2025-04-07T00:23:50.077+0000] {logging_mixin.py:190} INFO - [2025-04-07T00:23:50.077+0000] {dag.py:3239} INFO - Sync 1 DAGs
[2025-04-07T00:23:50.096+0000] {logging_mixin.py:190} INFO - [2025-04-07T00:23:50.096+0000] {dag.py:4180} INFO - Setting next_dagrun for example_branch_operator to 2025-04-06 00:00:00+00:00, run_after=2025-04-07 00:00:00+00:00
[2025-04-07T00:23:50.109+0000] {processor.py:208} INFO - Processing /home/airflow/.local/lib/python3.12/site-packages/airflow/example_dags/example_branch_operator.py took 0.290 seconds
[2025-04-07T00:24:20.609+0000] {processor.py:186} INFO - Started process (PID=1445) to work on /home/airflow/.local/lib/python3.12/site-packages/airflow/example_dags/example_branch_operator.py
[2025-04-07T00:24:20.610+0000] {processor.py:914} INFO - Processing file /home/airflow/.local/lib/python3.12/site-packages/airflow/example_dags/example_branch_operator.py for tasks to queue
[2025-04-07T00:24:20.613+0000] {logging_mixin.py:190} INFO - [2025-04-07T00:24:20.613+0000] {dagbag.py:588} INFO - Filling up the DagBag from /home/airflow/.local/lib/python3.12/site-packages/airflow/example_dags/example_branch_operator.py
[2025-04-07T00:24:20.631+0000] {processor.py:925} INFO - DAG(s) 'example_branch_operator' retrieved from /home/airflow/.local/lib/python3.12/site-packages/airflow/example_dags/example_branch_operator.py
[2025-04-07T00:24:20.851+0000] {logging_mixin.py:190} INFO - [2025-04-07T00:24:20.850+0000] {dag.py:3239} INFO - Sync 1 DAGs
[2025-04-07T00:24:20.870+0000] {logging_mixin.py:190} INFO - [2025-04-07T00:24:20.869+0000] {dag.py:4180} INFO - Setting next_dagrun for example_branch_operator to 2025-04-06 00:00:00+00:00, run_after=2025-04-07 00:00:00+00:00
[2025-04-07T00:24:20.883+0000] {processor.py:208} INFO - Processing /home/airflow/.local/lib/python3.12/site-packages/airflow/example_dags/example_branch_operator.py took 0.279 seconds
[2025-04-07T00:24:51.092+0000] {processor.py:186} INFO - Started process (PID=1510) to work on /home/airflow/.local/lib/python3.12/site-packages/airflow/example_dags/example_branch_operator.py
[2025-04-07T00:24:51.095+0000] {processor.py:914} INFO - Processing file /home/airflow/.local/lib/python3.12/site-packages/airflow/example_dags/example_branch_operator.py for tasks to queue
[2025-04-07T00:24:51.098+0000] {logging_mixin.py:190} INFO - [2025-04-07T00:24:51.098+0000] {dagbag.py:588} INFO - Filling up the DagBag from /home/airflow/.local/lib/python3.12/site-packages/airflow/example_dags/example_branch_operator.py
[2025-04-07T00:24:51.114+0000] {processor.py:925} INFO - DAG(s) 'example_branch_operator' retrieved from /home/airflow/.local/lib/python3.12/site-packages/airflow/example_dags/example_branch_operator.py
[2025-04-07T00:24:51.143+0000] {logging_mixin.py:190} INFO - [2025-04-07T00:24:51.143+0000] {dag.py:3239} INFO - Sync 1 DAGs
[2025-04-07T00:24:51.365+0000] {logging_mixin.py:190} INFO - [2025-04-07T00:24:51.365+0000] {dag.py:4180} INFO - Setting next_dagrun for example_branch_operator to 2025-04-06 00:00:00+00:00, run_after=2025-04-07 00:00:00+00:00
[2025-04-07T00:24:51.379+0000] {processor.py:208} INFO - Processing /home/airflow/.local/lib/python3.12/site-packages/airflow/example_dags/example_branch_operator.py took 0.295 seconds
[2025-04-07T00:25:21.589+0000] {processor.py:186} INFO - Started process (PID=1579) to work on /home/airflow/.local/lib/python3.12/site-packages/airflow/example_dags/example_branch_operator.py
[2025-04-07T00:25:21.591+0000] {processor.py:914} INFO - Processing file /home/airflow/.local/lib/python3.12/site-packages/airflow/example_dags/example_branch_operator.py for tasks to queue
[2025-04-07T00:25:21.594+0000] {logging_mixin.py:190} INFO - [2025-04-07T00:25:21.593+0000] {dagbag.py:588} INFO - Filling up the DagBag from /home/airflow/.local/lib/python3.12/site-packages/airflow/example_dags/example_branch_operator.py
[2025-04-07T00:25:21.609+0000] {processor.py:925} INFO - DAG(s) 'example_branch_operator' retrieved from /home/airflow/.local/lib/python3.12/site-packages/airflow/example_dags/example_branch_operator.py
[2025-04-07T00:25:21.634+0000] {logging_mixin.py:190} INFO - [2025-04-07T00:25:21.634+0000] {dag.py:3239} INFO - Sync 1 DAGs
[2025-04-07T00:25:21.654+0000] {logging_mixin.py:190} INFO - [2025-04-07T00:25:21.654+0000] {dag.py:4180} INFO - Setting next_dagrun for example_branch_operator to 2025-04-06 00:00:00+00:00, run_after=2025-04-07 00:00:00+00:00
[2025-04-07T00:25:21.858+0000] {processor.py:208} INFO - Processing /home/airflow/.local/lib/python3.12/site-packages/airflow/example_dags/example_branch_operator.py took 0.276 seconds
[2025-04-07T00:25:53.614+0000] {processor.py:186} INFO - Started process (PID=1644) to work on /home/airflow/.local/lib/python3.12/site-packages/airflow/example_dags/example_branch_operator.py
[2025-04-07T00:25:53.615+0000] {processor.py:914} INFO - Processing file /home/airflow/.local/lib/python3.12/site-packages/airflow/example_dags/example_branch_operator.py for tasks to queue
[2025-04-07T00:25:53.618+0000] {logging_mixin.py:190} INFO - [2025-04-07T00:25:53.618+0000] {dagbag.py:588} INFO - Filling up the DagBag from /home/airflow/.local/lib/python3.12/site-packages/airflow/example_dags/example_branch_operator.py
[2025-04-07T00:25:53.829+0000] {processor.py:925} INFO - DAG(s) 'example_branch_operator' retrieved from /home/airflow/.local/lib/python3.12/site-packages/airflow/example_dags/example_branch_operator.py
[2025-04-07T00:25:53.853+0000] {logging_mixin.py:190} INFO - [2025-04-07T00:25:53.853+0000] {dag.py:3239} INFO - Sync 1 DAGs
[2025-04-07T00:25:53.871+0000] {logging_mixin.py:190} INFO - [2025-04-07T00:25:53.871+0000] {dag.py:4180} INFO - Setting next_dagrun for example_branch_operator to 2025-04-06 00:00:00+00:00, run_after=2025-04-07 00:00:00+00:00
[2025-04-07T00:25:53.883+0000] {processor.py:208} INFO - Processing /home/airflow/.local/lib/python3.12/site-packages/airflow/example_dags/example_branch_operator.py took 0.277 seconds
[2025-04-07T00:26:24.278+0000] {processor.py:186} INFO - Started process (PID=1709) to work on /home/airflow/.local/lib/python3.12/site-packages/airflow/example_dags/example_branch_operator.py
[2025-04-07T00:26:24.279+0000] {processor.py:914} INFO - Processing file /home/airflow/.local/lib/python3.12/site-packages/airflow/example_dags/example_branch_operator.py for tasks to queue
[2025-04-07T00:26:24.281+0000] {logging_mixin.py:190} INFO - [2025-04-07T00:26:24.280+0000] {dagbag.py:588} INFO - Filling up the DagBag from /home/airflow/.local/lib/python3.12/site-packages/airflow/example_dags/example_branch_operator.py
[2025-04-07T00:26:24.298+0000] {processor.py:925} INFO - DAG(s) 'example_branch_operator' retrieved from /home/airflow/.local/lib/python3.12/site-packages/airflow/example_dags/example_branch_operator.py
[2025-04-07T00:26:24.324+0000] {logging_mixin.py:190} INFO - [2025-04-07T00:26:24.323+0000] {dag.py:3239} INFO - Sync 1 DAGs
[2025-04-07T00:26:24.344+0000] {logging_mixin.py:190} INFO - [2025-04-07T00:26:24.344+0000] {dag.py:4180} INFO - Setting next_dagrun for example_branch_operator to 2025-04-06 00:00:00+00:00, run_after=2025-04-07 00:00:00+00:00
[2025-04-07T00:26:24.359+0000] {processor.py:208} INFO - Processing /home/airflow/.local/lib/python3.12/site-packages/airflow/example_dags/example_branch_operator.py took 0.088 seconds
[2025-04-07T00:26:55.143+0000] {processor.py:186} INFO - Started process (PID=1774) to work on /home/airflow/.local/lib/python3.12/site-packages/airflow/example_dags/example_branch_operator.py
[2025-04-07T00:26:55.144+0000] {processor.py:914} INFO - Processing file /home/airflow/.local/lib/python3.12/site-packages/airflow/example_dags/example_branch_operator.py for tasks to queue
[2025-04-07T00:26:55.147+0000] {logging_mixin.py:190} INFO - [2025-04-07T00:26:55.146+0000] {dagbag.py:588} INFO - Filling up the DagBag from /home/airflow/.local/lib/python3.12/site-packages/airflow/example_dags/example_branch_operator.py
[2025-04-07T00:26:55.161+0000] {processor.py:925} INFO - DAG(s) 'example_branch_operator' retrieved from /home/airflow/.local/lib/python3.12/site-packages/airflow/example_dags/example_branch_operator.py
[2025-04-07T00:26:55.189+0000] {logging_mixin.py:190} INFO - [2025-04-07T00:26:55.188+0000] {dag.py:3239} INFO - Sync 1 DAGs
[2025-04-07T00:26:55.211+0000] {logging_mixin.py:190} INFO - [2025-04-07T00:26:55.211+0000] {dag.py:4180} INFO - Setting next_dagrun for example_branch_operator to 2025-04-06 00:00:00+00:00, run_after=2025-04-07 00:00:00+00:00
[2025-04-07T00:26:55.227+0000] {processor.py:208} INFO - Processing /home/airflow/.local/lib/python3.12/site-packages/airflow/example_dags/example_branch_operator.py took 0.093 seconds
[2025-04-07T00:27:25.937+0000] {processor.py:186} INFO - Started process (PID=1839) to work on /home/airflow/.local/lib/python3.12/site-packages/airflow/example_dags/example_branch_operator.py
[2025-04-07T00:27:25.939+0000] {processor.py:914} INFO - Processing file /home/airflow/.local/lib/python3.12/site-packages/airflow/example_dags/example_branch_operator.py for tasks to queue
[2025-04-07T00:27:25.944+0000] {logging_mixin.py:190} INFO - [2025-04-07T00:27:25.943+0000] {dagbag.py:588} INFO - Filling up the DagBag from /home/airflow/.local/lib/python3.12/site-packages/airflow/example_dags/example_branch_operator.py
[2025-04-07T00:27:25.962+0000] {processor.py:925} INFO - DAG(s) 'example_branch_operator' retrieved from /home/airflow/.local/lib/python3.12/site-packages/airflow/example_dags/example_branch_operator.py
[2025-04-07T00:27:25.989+0000] {logging_mixin.py:190} INFO - [2025-04-07T00:27:25.989+0000] {dag.py:3239} INFO - Sync 1 DAGs
[2025-04-07T00:27:26.015+0000] {logging_mixin.py:190} INFO - [2025-04-07T00:27:26.015+0000] {dag.py:4180} INFO - Setting next_dagrun for example_branch_operator to 2025-04-06 00:00:00+00:00, run_after=2025-04-07 00:00:00+00:00
[2025-04-07T00:27:26.031+0000] {processor.py:208} INFO - Processing /home/airflow/.local/lib/python3.12/site-packages/airflow/example_dags/example_branch_operator.py took 0.101 seconds
[2025-04-07T00:27:56.635+0000] {processor.py:186} INFO - Started process (PID=1904) to work on /home/airflow/.local/lib/python3.12/site-packages/airflow/example_dags/example_branch_operator.py
[2025-04-07T00:27:56.636+0000] {processor.py:914} INFO - Processing file /home/airflow/.local/lib/python3.12/site-packages/airflow/example_dags/example_branch_operator.py for tasks to queue
[2025-04-07T00:27:56.639+0000] {logging_mixin.py:190} INFO - [2025-04-07T00:27:56.638+0000] {dagbag.py:588} INFO - Filling up the DagBag from /home/airflow/.local/lib/python3.12/site-packages/airflow/example_dags/example_branch_operator.py
[2025-04-07T00:27:56.654+0000] {processor.py:925} INFO - DAG(s) 'example_branch_operator' retrieved from /home/airflow/.local/lib/python3.12/site-packages/airflow/example_dags/example_branch_operator.py
[2025-04-07T00:27:56.680+0000] {logging_mixin.py:190} INFO - [2025-04-07T00:27:56.680+0000] {dag.py:3239} INFO - Sync 1 DAGs
[2025-04-07T00:27:56.701+0000] {logging_mixin.py:190} INFO - [2025-04-07T00:27:56.701+0000] {dag.py:4180} INFO - Setting next_dagrun for example_branch_operator to 2025-04-06 00:00:00+00:00, run_after=2025-04-07 00:00:00+00:00
[2025-04-07T00:27:56.715+0000] {processor.py:208} INFO - Processing /home/airflow/.local/lib/python3.12/site-packages/airflow/example_dags/example_branch_operator.py took 0.088 seconds
[2025-04-07T00:28:27.497+0000] {processor.py:186} INFO - Started process (PID=1969) to work on /home/airflow/.local/lib/python3.12/site-packages/airflow/example_dags/example_branch_operator.py
[2025-04-07T00:28:27.498+0000] {processor.py:914} INFO - Processing file /home/airflow/.local/lib/python3.12/site-packages/airflow/example_dags/example_branch_operator.py for tasks to queue
[2025-04-07T00:28:27.502+0000] {logging_mixin.py:190} INFO - [2025-04-07T00:28:27.501+0000] {dagbag.py:588} INFO - Filling up the DagBag from /home/airflow/.local/lib/python3.12/site-packages/airflow/example_dags/example_branch_operator.py
[2025-04-07T00:28:27.519+0000] {processor.py:925} INFO - DAG(s) 'example_branch_operator' retrieved from /home/airflow/.local/lib/python3.12/site-packages/airflow/example_dags/example_branch_operator.py
[2025-04-07T00:28:27.546+0000] {logging_mixin.py:190} INFO - [2025-04-07T00:28:27.546+0000] {dag.py:3239} INFO - Sync 1 DAGs
[2025-04-07T00:28:27.569+0000] {logging_mixin.py:190} INFO - [2025-04-07T00:28:27.569+0000] {dag.py:4180} INFO - Setting next_dagrun for example_branch_operator to 2025-04-06 00:00:00+00:00, run_after=2025-04-07 00:00:00+00:00
[2025-04-07T00:28:27.585+0000] {processor.py:208} INFO - Processing /home/airflow/.local/lib/python3.12/site-packages/airflow/example_dags/example_branch_operator.py took 0.097 seconds
[2025-04-07T00:28:57.956+0000] {processor.py:186} INFO - Started process (PID=2034) to work on /home/airflow/.local/lib/python3.12/site-packages/airflow/example_dags/example_branch_operator.py
[2025-04-07T00:28:57.960+0000] {processor.py:914} INFO - Processing file /home/airflow/.local/lib/python3.12/site-packages/airflow/example_dags/example_branch_operator.py for tasks to queue
[2025-04-07T00:28:57.963+0000] {logging_mixin.py:190} INFO - [2025-04-07T00:28:57.963+0000] {dagbag.py:588} INFO - Filling up the DagBag from /home/airflow/.local/lib/python3.12/site-packages/airflow/example_dags/example_branch_operator.py
[2025-04-07T00:28:57.980+0000] {processor.py:925} INFO - DAG(s) 'example_branch_operator' retrieved from /home/airflow/.local/lib/python3.12/site-packages/airflow/example_dags/example_branch_operator.py
[2025-04-07T00:28:58.009+0000] {logging_mixin.py:190} INFO - [2025-04-07T00:28:58.008+0000] {dag.py:3239} INFO - Sync 1 DAGs
[2025-04-07T00:28:58.030+0000] {logging_mixin.py:190} INFO - [2025-04-07T00:28:58.029+0000] {dag.py:4180} INFO - Setting next_dagrun for example_branch_operator to 2025-04-06 00:00:00+00:00, run_after=2025-04-07 00:00:00+00:00
[2025-04-07T00:28:58.045+0000] {processor.py:208} INFO - Processing /home/airflow/.local/lib/python3.12/site-packages/airflow/example_dags/example_branch_operator.py took 0.098 seconds
