[2025-04-08T11:00:26.538+0000] {local_task_job_runner.py:123} INFO - ::group::Pre task execution logs
[2025-04-08T11:00:26.562+0000] {taskinstance.py:2614} INFO - Dependencies all met for dep_context=non-requeueable deps ti=<TaskInstance: meta_ads_elt_pipeline.dbt_processing.data_transformations.meta_ads_ad_sets_run manual__2025-04-08T10:58:03.062460+00:00 [queued]>
[2025-04-08T11:00:26.572+0000] {taskinstance.py:2614} INFO - Dependencies all met for dep_context=requeueable deps ti=<TaskInstance: meta_ads_elt_pipeline.dbt_processing.data_transformations.meta_ads_ad_sets_run manual__2025-04-08T10:58:03.062460+00:00 [queued]>
[2025-04-08T11:00:26.573+0000] {taskinstance.py:2867} INFO - Starting attempt 1 of 3
[2025-04-08T11:00:26.585+0000] {taskinstance.py:2890} INFO - Executing <Task(DbtRunLocalOperator): dbt_processing.data_transformations.meta_ads_ad_sets_run> on 2025-04-08 10:58:03.062460+00:00
[2025-04-08T11:00:26.599+0000] {warnings.py:112} WARNING - /home/***/.local/lib/python3.12/site-packages/***/task/task_runner/standard_task_runner.py:70: DeprecationWarning: This process (pid=714) is multi-threaded, use of fork() may lead to deadlocks in the child.
  pid = os.fork()

[2025-04-08T11:00:26.600+0000] {standard_task_runner.py:72} INFO - Started process 718 to run task
[2025-04-08T11:00:26.601+0000] {standard_task_runner.py:104} INFO - Running: ['***', 'tasks', 'run', 'meta_ads_elt_pipeline', 'dbt_processing.data_transformations.meta_ads_ad_sets_run', 'manual__2025-04-08T10:58:03.062460+00:00', '--job-id', '309', '--raw', '--subdir', 'DAGS_FOLDER/meta_ads_elt_pipeline.py', '--cfg-path', '/tmp/tmpsyfb4rho']
[2025-04-08T11:00:26.601+0000] {standard_task_runner.py:105} INFO - Job 309: Subtask dbt_processing.data_transformations.meta_ads_ad_sets_run
[2025-04-08T11:00:26.648+0000] {task_command.py:467} INFO - Running <TaskInstance: meta_ads_elt_pipeline.dbt_processing.data_transformations.meta_ads_ad_sets_run manual__2025-04-08T10:58:03.062460+00:00 [running]> on host ffa99f2ae5fe
[2025-04-08T11:00:26.731+0000] {taskinstance.py:3134} INFO - Exporting env vars: AIRFLOW_CTX_DAG_OWNER='admin' AIRFLOW_CTX_DAG_ID='meta_ads_elt_pipeline' AIRFLOW_CTX_TASK_ID='dbt_processing.data_transformations.meta_ads_ad_sets_run' AIRFLOW_CTX_EXECUTION_DATE='2025-04-08T10:58:03.062460+00:00' AIRFLOW_CTX_TRY_NUMBER='1' AIRFLOW_CTX_DAG_RUN_ID='manual__2025-04-08T10:58:03.062460+00:00'
[2025-04-08T11:00:26.733+0000] {logging_mixin.py:190} INFO - Task instance is in running state
[2025-04-08T11:00:26.733+0000] {logging_mixin.py:190} INFO -  Previous state of the Task instance: queued
[2025-04-08T11:00:26.734+0000] {logging_mixin.py:190} INFO - Current task name:dbt_processing.data_transformations.meta_ads_ad_sets_run state:running start_date:2025-04-08 11:00:26.562630+00:00
[2025-04-08T11:00:26.734+0000] {logging_mixin.py:190} INFO - Dag name:meta_ads_elt_pipeline and current dag run status:running
[2025-04-08T11:00:26.734+0000] {taskinstance.py:732} INFO - ::endgroup::
[2025-04-08T11:00:27.807+0000] {local.py:213} INFO - dbtRunner is available. Using dbtRunner for invoking dbt.
[2025-04-08T11:00:27.807+0000] {local.py:416} INFO - Cloning project to writable temp directory /tmp/tmpba_zs41n from /opt/airflow/dags/dbt/dbt_biera
[2025-04-08T11:00:27.808+0000] {local.py:427} INFO - Partial parse is enabled and the latest partial parse file is /tmp/cosmos/meta_ads_elt_pipeline__dbt_processing__data_transformations/target/partial_parse.msgpack
[2025-04-08T11:00:27.815+0000] {config.py:360} INFO - Profile caching is enable.
[2025-04-08T11:00:27.826+0000] {base.py:84} INFO - Retrieving connection 'postgres_conn'
[2025-04-08T11:00:27.827+0000] {config.py:340} INFO - Profile found in cache using profile: /tmp/cosmos/profile/c99bf486c96f06e0233408d45300d7cde96c22a7e21e1f49350115e2a86b810b/profiles.yml.
[2025-04-08T11:00:27.827+0000] {runner.py:60} INFO - Trying to run dbtRunner with:
 ['run', '--models', 'meta_ads_ad_sets', '--full-refresh', '--project-dir', '/tmp/tmpba_zs41n', '--profiles-dir', '/tmp/cosmos/profile/c99bf486c96f06e0233408d45300d7cde96c22a7e21e1f49350115e2a86b810b', '--profile', 'default', '--target', 'dev']
 in /tmp/tmpba_zs41n
[2025-04-08T11:00:27.900+0000] {logging_mixin.py:190} INFO - 11:00:27  Running with dbt=1.9.3
[2025-04-08T11:00:28.134+0000] {logging_mixin.py:190} INFO - 11:00:28  Registered adapter: postgres=1.9.0
[2025-04-08T11:00:29.185+0000] {logging_mixin.py:190} INFO - 11:00:29  [WARNING]: Configuration paths exist in your dbt_project.yml file which do not apply to any resources.
There are 1 unused configuration paths:
- models.dbt_biera.analytics
[2025-04-08T11:00:29.317+0000] {logging_mixin.py:190} INFO - 11:00:29  Found 3 models, 4 sources, 434 macros
[2025-04-08T11:00:29.320+0000] {logging_mixin.py:190} INFO - 11:00:29
[2025-04-08T11:00:29.320+0000] {logging_mixin.py:190} INFO - 11:00:29  Concurrency: 1 threads (target='dev')
[2025-04-08T11:00:29.321+0000] {logging_mixin.py:190} INFO - 11:00:29
[2025-04-08T11:00:29.433+0000] {logging_mixin.py:190} INFO - 11:00:29  1 of 1 START sql view model staging.meta_ads_ad_sets ........................... [RUN]
[2025-04-08T11:00:29.560+0000] {logging_mixin.py:190} INFO - 11:00:29  1 of 1 OK created sql view model staging.meta_ads_ad_sets ...................... [CREATE VIEW in 0.12s]
[2025-04-08T11:00:29.574+0000] {logging_mixin.py:190} INFO - 11:00:29
[2025-04-08T11:00:29.575+0000] {logging_mixin.py:190} INFO - 11:00:29  Finished running 1 view model in 0 hours 0 minutes and 0.25 seconds (0.25s).
[2025-04-08T11:00:29.617+0000] {logging_mixin.py:190} INFO - 11:00:29
[2025-04-08T11:00:29.618+0000] {logging_mixin.py:190} INFO - 11:00:29  Completed successfully
[2025-04-08T11:00:29.619+0000] {logging_mixin.py:190} INFO - 11:00:29
[2025-04-08T11:00:29.620+0000] {logging_mixin.py:190} INFO - 11:00:29  Done. PASS=1 WARN=0 ERROR=0 SKIP=0 TOTAL=1
[2025-04-08T11:00:31.178+0000] {warnings.py:112} WARNING - /home/***/.local/lib/python3.12/site-packages/cosmos/operators/local.py:616: UserWarning: The dataset URI postgres://postgres:5432/warehouse.source.meta_ads_ad_sets is not AIP-60 compliant: URI format postgres:// must contain database, schema, and table names. In Airflow 3, this will raise an exception.
  datasets = [Dataset(uri) for uri in uris]

[2025-04-08T11:00:31.179+0000] {warnings.py:112} WARNING - /home/***/.local/lib/python3.12/site-packages/cosmos/operators/local.py:616: UserWarning: The dataset URI postgres://postgres:5432/warehouse.staging.meta_ads_ad_sets is not AIP-60 compliant: URI format postgres:// must contain database, schema, and table names. In Airflow 3, this will raise an exception.
  datasets = [Dataset(uri) for uri in uris]

[2025-04-08T11:00:31.179+0000] {local.py:465} INFO - Inlets: [Dataset(uri='postgres://postgres:5432/warehouse.source.meta_ads_ad_sets', extra=None)]
[2025-04-08T11:00:31.180+0000] {local.py:466} INFO - Outlets: [Dataset(uri='postgres://postgres:5432/warehouse.staging.meta_ads_ad_sets', extra=None)]
[2025-04-08T11:00:31.180+0000] {local.py:656} INFO - Assigning inlets/outlets with DatasetAlias
[2025-04-08T11:00:31.222+0000] {taskinstance.py:341} INFO - ::group::Post task execution logs
[2025-04-08T11:00:31.222+0000] {taskinstance.py:353} INFO - Marking task as SUCCESS. dag_id=meta_ads_elt_pipeline, task_id=dbt_processing.data_transformations.meta_ads_ad_sets_run, run_id=manual__2025-04-08T10:58:03.062460+00:00, execution_date=20250408T105803, start_date=20250408T110026, end_date=20250408T110031
[2025-04-08T11:00:31.229+0000] {taskinstance.py:3064} INFO - Creating event for DatasetModel(uri='postgres://postgres:5432/warehouse.staging.meta_ads_ad_sets', extra={}) through aliases "meta_ads_elt_pipeline__data_transformations__meta_ads_ad_sets_run"
[2025-04-08T11:00:31.279+0000] {logging_mixin.py:190} INFO - Task instance in success state
[2025-04-08T11:00:31.279+0000] {logging_mixin.py:190} INFO -  Previous state of the Task instance: running
[2025-04-08T11:00:31.280+0000] {logging_mixin.py:190} INFO - Dag name:meta_ads_elt_pipeline queued_at:2025-04-08 10:58:03.079372+00:00
[2025-04-08T11:00:31.280+0000] {logging_mixin.py:190} INFO - Task hostname:ffa99f2ae5fe operator:DbtRunLocalOperator
[2025-04-08T11:00:31.344+0000] {local_task_job_runner.py:266} INFO - Task exited with return code 0
[2025-04-08T11:00:31.360+0000] {taskinstance.py:3901} INFO - 0 downstream tasks scheduled from follow-on schedule check
[2025-04-08T11:00:31.361+0000] {local_task_job_runner.py:245} INFO - ::endgroup::
