[2025-04-06T22:43:45.434+0000] {local_task_job_runner.py:123} INFO - ::group::Pre task execution logs
[2025-04-06T22:43:45.448+0000] {taskinstance.py:2614} INFO - Dependencies all met for dep_context=non-requeueable deps ti=<TaskInstance: running_airbyte.run_sync manual__2025-04-06T22:43:43.779518+00:00 [queued]>
[2025-04-06T22:43:45.453+0000] {taskinstance.py:2614} INFO - Dependencies all met for dep_context=requeueable deps ti=<TaskInstance: running_airbyte.run_sync manual__2025-04-06T22:43:43.779518+00:00 [queued]>
[2025-04-06T22:43:45.453+0000] {taskinstance.py:2867} INFO - Starting attempt 1 of 1
[2025-04-06T22:43:45.462+0000] {taskinstance.py:2890} INFO - Executing <Task(PythonOperator): run_sync> on 2025-04-06 22:43:43.779518+00:00
[2025-04-06T22:43:45.474+0000] {warnings.py:112} WARNING - /home/***/.local/lib/python3.12/site-packages/***/task/task_runner/standard_task_runner.py:70: DeprecationWarning: This process (pid=832) is multi-threaded, use of fork() may lead to deadlocks in the child.
  pid = os.fork()

[2025-04-06T22:43:45.475+0000] {standard_task_runner.py:72} INFO - Started process 834 to run task
[2025-04-06T22:43:45.477+0000] {standard_task_runner.py:104} INFO - Running: ['***', 'tasks', 'run', 'running_airbyte', 'run_sync', 'manual__2025-04-06T22:43:43.779518+00:00', '--job-id', '151', '--raw', '--subdir', 'DAGS_FOLDER/meta_ads_dag.py', '--cfg-path', '/tmp/tmpiqrxrzkl']
[2025-04-06T22:43:45.479+0000] {standard_task_runner.py:105} INFO - Job 151: Subtask run_sync
[2025-04-06T22:43:45.516+0000] {task_command.py:467} INFO - Running <TaskInstance: running_airbyte.run_sync manual__2025-04-06T22:43:43.779518+00:00 [running]> on host 929e032a3063
[2025-04-06T22:43:45.583+0000] {taskinstance.py:3134} INFO - Exporting env vars: AIRFLOW_CTX_DAG_OWNER='***' AIRFLOW_CTX_DAG_ID='running_airbyte' AIRFLOW_CTX_TASK_ID='run_sync' AIRFLOW_CTX_EXECUTION_DATE='2025-04-06T22:43:43.779518+00:00' AIRFLOW_CTX_TRY_NUMBER='1' AIRFLOW_CTX_DAG_RUN_ID='manual__2025-04-06T22:43:43.779518+00:00'
[2025-04-06T22:43:45.585+0000] {logging_mixin.py:190} INFO - Task instance is in running state
[2025-04-06T22:43:45.585+0000] {logging_mixin.py:190} INFO -  Previous state of the Task instance: queued
[2025-04-06T22:43:45.585+0000] {logging_mixin.py:190} INFO - Current task name:run_sync state:running start_date:2025-04-06 22:43:45.448374+00:00
[2025-04-06T22:43:45.585+0000] {logging_mixin.py:190} INFO - Dag name:running_airbyte and current dag run status:running
[2025-04-06T22:43:45.586+0000] {taskinstance.py:732} INFO - ::endgroup::
[2025-04-06T22:43:45.587+0000] {baseoperator.py:423} WARNING - HttpOperator.execute cannot be called outside TaskInstance!
[2025-04-06T22:43:45.587+0000] {http.py:180} INFO - Calling HTTP method
[2025-04-06T22:43:45.596+0000] {base.py:84} INFO - Retrieving connection 'airbyte'
[2025-04-06T22:43:45.604+0000] {base.py:84} INFO - Retrieving connection 'airbyte'
[2025-04-06T22:43:46.042+0000] {http.py:241} INFO - {"job":{"id":149,"configType":"sync","configId":"29c579af-667a-4bca-a9ab-12f750e68c02","enabledStreams":[{"name":"campaigns"},{"name":"ad_sets"},{"name":"ad_creatives"},{"name":"ads"}],"createdAt":1743979425,"updatedAt":1743979425,"status":"running","streamAggregatedStats":[]},"attempts":[{"attempt":{"id":0,"status":"running","createdAt":1743979425,"updatedAt":1743979425},"logType":"formatted","logs":{"events":[],"logLines":[]}}]}
[2025-04-06T22:43:46.042+0000] {python.py:240} INFO - Done. Returned value was: {"job":{"id":149,"configType":"sync","configId":"29c579af-667a-4bca-a9ab-12f750e68c02","enabledStreams":[{"name":"campaigns"},{"name":"ad_sets"},{"name":"ad_creatives"},{"name":"ads"}],"createdAt":1743979425,"updatedAt":1743979425,"status":"running","streamAggregatedStats":[]},"attempts":[{"attempt":{"id":0,"status":"running","createdAt":1743979425,"updatedAt":1743979425},"logType":"formatted","logs":{"events":[],"logLines":[]}}]}
[2025-04-06T22:43:46.071+0000] {taskinstance.py:341} INFO - ::group::Post task execution logs
[2025-04-06T22:43:46.071+0000] {taskinstance.py:353} INFO - Marking task as SUCCESS. dag_id=running_airbyte, task_id=run_sync, run_id=manual__2025-04-06T22:43:43.779518+00:00, execution_date=20250406T224343, start_date=20250406T224345, end_date=20250406T224346
[2025-04-06T22:43:46.098+0000] {logging_mixin.py:190} INFO - Task instance in success state
[2025-04-06T22:43:46.099+0000] {logging_mixin.py:190} INFO -  Previous state of the Task instance: running
[2025-04-06T22:43:46.099+0000] {logging_mixin.py:190} INFO - Dag name:running_airbyte queued_at:2025-04-06 22:43:43.794072+00:00
[2025-04-06T22:43:46.099+0000] {logging_mixin.py:190} INFO - Task hostname:929e032a3063 operator:PythonOperator
[2025-04-06T22:43:46.130+0000] {local_task_job_runner.py:266} INFO - Task exited with return code 0
[2025-04-06T22:43:46.148+0000] {taskinstance.py:3901} INFO - 0 downstream tasks scheduled from follow-on schedule check
[2025-04-06T22:43:46.149+0000] {local_task_job_runner.py:245} INFO - ::endgroup::
