[2025-04-09T08:57:33.218+0000] {local_task_job_runner.py:123} INFO - ::group::Pre task execution logs
[2025-04-09T08:57:33.238+0000] {taskinstance.py:2614} INFO - Dependencies all met for dep_context=non-requeueable deps ti=<TaskInstance: meta_ads_elt_pipeline.dbt_processing.data_transformations.meta_ads_ads_run scheduled__2025-04-08T00:00:00+00:00 [queued]>
[2025-04-09T08:57:33.246+0000] {taskinstance.py:2614} INFO - Dependencies all met for dep_context=requeueable deps ti=<TaskInstance: meta_ads_elt_pipeline.dbt_processing.data_transformations.meta_ads_ads_run scheduled__2025-04-08T00:00:00+00:00 [queued]>
[2025-04-09T08:57:33.246+0000] {taskinstance.py:2867} INFO - Starting attempt 1 of 3
[2025-04-09T08:57:33.258+0000] {taskinstance.py:2890} INFO - Executing <Task(DbtRunLocalOperator): dbt_processing.data_transformations.meta_ads_ads_run> on 2025-04-08 00:00:00+00:00
[2025-04-09T08:57:33.272+0000] {warnings.py:112} WARNING - /home/***/.local/lib/python3.12/site-packages/***/task/task_runner/standard_task_runner.py:70: DeprecationWarning: This process (pid=264) is multi-threaded, use of fork() may lead to deadlocks in the child.
  pid = os.fork()

[2025-04-09T08:57:33.274+0000] {standard_task_runner.py:72} INFO - Started process 278 to run task
[2025-04-09T08:57:33.274+0000] {standard_task_runner.py:104} INFO - Running: ['***', 'tasks', 'run', 'meta_ads_elt_pipeline', 'dbt_processing.data_transformations.meta_ads_ads_run', 'scheduled__2025-04-08T00:00:00+00:00', '--job-id', '327', '--raw', '--subdir', 'DAGS_FOLDER/meta_ads_elt_pipeline.py', '--cfg-path', '/tmp/tmpjgwamvrq']
[2025-04-09T08:57:33.275+0000] {standard_task_runner.py:105} INFO - Job 327: Subtask dbt_processing.data_transformations.meta_ads_ads_run
[2025-04-09T08:57:33.320+0000] {task_command.py:467} INFO - Running <TaskInstance: meta_ads_elt_pipeline.dbt_processing.data_transformations.meta_ads_ads_run scheduled__2025-04-08T00:00:00+00:00 [running]> on host ffa99f2ae5fe
[2025-04-09T08:57:33.402+0000] {taskinstance.py:3134} INFO - Exporting env vars: AIRFLOW_CTX_DAG_OWNER='admin' AIRFLOW_CTX_DAG_ID='meta_ads_elt_pipeline' AIRFLOW_CTX_TASK_ID='dbt_processing.data_transformations.meta_ads_ads_run' AIRFLOW_CTX_EXECUTION_DATE='2025-04-08T00:00:00+00:00' AIRFLOW_CTX_TRY_NUMBER='1' AIRFLOW_CTX_DAG_RUN_ID='scheduled__2025-04-08T00:00:00+00:00'
[2025-04-09T08:57:33.403+0000] {logging_mixin.py:190} INFO - Task instance is in running state
[2025-04-09T08:57:33.404+0000] {logging_mixin.py:190} INFO -  Previous state of the Task instance: queued
[2025-04-09T08:57:33.404+0000] {logging_mixin.py:190} INFO - Current task name:dbt_processing.data_transformations.meta_ads_ads_run state:running start_date:2025-04-09 08:57:33.238461+00:00
[2025-04-09T08:57:33.404+0000] {logging_mixin.py:190} INFO - Dag name:meta_ads_elt_pipeline and current dag run status:running
[2025-04-09T08:57:33.404+0000] {taskinstance.py:732} INFO - ::endgroup::
[2025-04-09T08:57:34.572+0000] {local.py:213} INFO - dbtRunner is available. Using dbtRunner for invoking dbt.
[2025-04-09T08:57:34.573+0000] {local.py:416} INFO - Cloning project to writable temp directory /tmp/tmprstrk4yc from /opt/airflow/dags/dbt/dbt_biera
[2025-04-09T08:57:34.573+0000] {local.py:427} INFO - Partial parse is enabled and the latest partial parse file is /tmp/cosmos/meta_ads_elt_pipeline__dbt_processing__data_transformations/target/partial_parse.msgpack
[2025-04-09T08:57:34.580+0000] {config.py:360} INFO - Profile caching is enable.
[2025-04-09T08:57:34.589+0000] {base.py:84} INFO - Retrieving connection 'postgres_conn'
[2025-04-09T08:57:34.591+0000] {config.py:340} INFO - Profile found in cache using profile: /tmp/cosmos/profile/c99bf486c96f06e0233408d45300d7cde96c22a7e21e1f49350115e2a86b810b/profiles.yml.
[2025-04-09T08:57:34.591+0000] {runner.py:60} INFO - Trying to run dbtRunner with:
 ['run', '--models', 'meta_ads_ads', '--full-refresh', '--project-dir', '/tmp/tmprstrk4yc', '--profiles-dir', '/tmp/cosmos/profile/c99bf486c96f06e0233408d45300d7cde96c22a7e21e1f49350115e2a86b810b', '--profile', 'default', '--target', 'dev']
 in /tmp/tmprstrk4yc
[2025-04-09T08:57:34.664+0000] {logging_mixin.py:190} INFO - 08:57:34  Running with dbt=1.9.3
[2025-04-09T08:57:34.939+0000] {logging_mixin.py:190} INFO - 08:57:34  Registered adapter: postgres=1.9.0
[2025-04-09T08:57:35.665+0000] {logging_mixin.py:190} INFO - 08:57:35  [WARNING]: Configuration paths exist in your dbt_project.yml file which do not apply to any resources.
There are 1 unused configuration paths:
- models.dbt_biera.analytics
[2025-04-09T08:57:36.075+0000] {logging_mixin.py:190} INFO - 08:57:36  Found 3 models, 4 sources, 434 macros
[2025-04-09T08:57:36.077+0000] {logging_mixin.py:190} INFO - 08:57:36
[2025-04-09T08:57:36.078+0000] {logging_mixin.py:190} INFO - 08:57:36  Concurrency: 1 threads (target='dev')
[2025-04-09T08:57:36.078+0000] {logging_mixin.py:190} INFO - 08:57:36
[2025-04-09T08:57:36.194+0000] {logging_mixin.py:190} INFO - 08:57:36  1 of 1 START sql view model staging.meta_ads_ads ............................... [RUN]
[2025-04-09T08:57:36.322+0000] {logging_mixin.py:190} INFO - 08:57:36  1 of 1 OK created sql view model staging.meta_ads_ads .......................... [CREATE VIEW in 0.12s]
[2025-04-09T08:57:36.334+0000] {logging_mixin.py:190} INFO - 08:57:36
[2025-04-09T08:57:36.335+0000] {logging_mixin.py:190} INFO - 08:57:36  Finished running 1 view model in 0 hours 0 minutes and 0.26 seconds (0.26s).
[2025-04-09T08:57:36.367+0000] {logging_mixin.py:190} INFO - 08:57:36
[2025-04-09T08:57:36.367+0000] {logging_mixin.py:190} INFO - 08:57:36  Completed successfully
[2025-04-09T08:57:36.368+0000] {logging_mixin.py:190} INFO - 08:57:36
[2025-04-09T08:57:36.368+0000] {logging_mixin.py:190} INFO - 08:57:36  Done. PASS=1 WARN=0 ERROR=0 SKIP=0 TOTAL=1
[2025-04-09T08:57:36.916+0000] {warnings.py:112} WARNING - /home/***/.local/lib/python3.12/site-packages/cosmos/operators/local.py:616: UserWarning: The dataset URI postgres://postgres:5432/warehouse.source.meta_ads_ad_creatives is not AIP-60 compliant: URI format postgres:// must contain database, schema, and table names. In Airflow 3, this will raise an exception.
  datasets = [Dataset(uri) for uri in uris]

[2025-04-09T08:57:36.916+0000] {warnings.py:112} WARNING - /home/***/.local/lib/python3.12/site-packages/cosmos/operators/local.py:616: UserWarning: The dataset URI postgres://postgres:5432/warehouse.source.meta_ads_ads is not AIP-60 compliant: URI format postgres:// must contain database, schema, and table names. In Airflow 3, this will raise an exception.
  datasets = [Dataset(uri) for uri in uris]

[2025-04-09T08:57:36.917+0000] {warnings.py:112} WARNING - /home/***/.local/lib/python3.12/site-packages/cosmos/operators/local.py:616: UserWarning: The dataset URI postgres://postgres:5432/warehouse.staging.meta_ads_ads is not AIP-60 compliant: URI format postgres:// must contain database, schema, and table names. In Airflow 3, this will raise an exception.
  datasets = [Dataset(uri) for uri in uris]

[2025-04-09T08:57:36.918+0000] {local.py:465} INFO - Inlets: [Dataset(uri='postgres://postgres:5432/warehouse.source.meta_ads_ad_creatives', extra=None), Dataset(uri='postgres://postgres:5432/warehouse.source.meta_ads_ads', extra=None)]
[2025-04-09T08:57:36.918+0000] {local.py:466} INFO - Outlets: [Dataset(uri='postgres://postgres:5432/warehouse.staging.meta_ads_ads', extra=None)]
[2025-04-09T08:57:36.919+0000] {local.py:656} INFO - Assigning inlets/outlets with DatasetAlias
[2025-04-09T08:57:36.956+0000] {taskinstance.py:341} INFO - ::group::Post task execution logs
[2025-04-09T08:57:36.956+0000] {taskinstance.py:353} INFO - Marking task as SUCCESS. dag_id=meta_ads_elt_pipeline, task_id=dbt_processing.data_transformations.meta_ads_ads_run, run_id=scheduled__2025-04-08T00:00:00+00:00, execution_date=20250408T000000, start_date=20250409T085733, end_date=20250409T085736
[2025-04-09T08:57:36.962+0000] {taskinstance.py:3064} INFO - Creating event for DatasetModel(uri='postgres://postgres:5432/warehouse.staging.meta_ads_ads', extra={}) through aliases "meta_ads_elt_pipeline__data_transformations__meta_ads_ads_run"
[2025-04-09T08:57:37.006+0000] {logging_mixin.py:190} INFO - Task instance in success state
[2025-04-09T08:57:37.006+0000] {logging_mixin.py:190} INFO -  Previous state of the Task instance: running
[2025-04-09T08:57:37.006+0000] {logging_mixin.py:190} INFO - Dag name:meta_ads_elt_pipeline queued_at:2025-04-09 08:55:10.966292+00:00
[2025-04-09T08:57:37.007+0000] {logging_mixin.py:190} INFO - Task hostname:ffa99f2ae5fe operator:DbtRunLocalOperator
[2025-04-09T08:57:37.055+0000] {local_task_job_runner.py:266} INFO - Task exited with return code 0
[2025-04-09T08:57:37.070+0000] {taskinstance.py:3901} INFO - 0 downstream tasks scheduled from follow-on schedule check
[2025-04-09T08:57:37.071+0000] {local_task_job_runner.py:245} INFO - ::endgroup::
