[2025-04-10T22:13:13.220+0000] {local_task_job_runner.py:123} INFO - ::group::Pre task execution logs
[2025-04-10T22:13:13.241+0000] {taskinstance.py:2614} INFO - Dependencies all met for dep_context=non-requeueable deps ti=<TaskInstance: meta_ads_elt_pipeline.airbyte_sync_gs.monitor_sync_status_gs scheduled__2025-04-09T00:00:00+00:00 [queued]>
[2025-04-10T22:13:13.251+0000] {taskinstance.py:2614} INFO - Dependencies all met for dep_context=requeueable deps ti=<TaskInstance: meta_ads_elt_pipeline.airbyte_sync_gs.monitor_sync_status_gs scheduled__2025-04-09T00:00:00+00:00 [queued]>
[2025-04-10T22:13:13.251+0000] {taskinstance.py:2867} INFO - Starting attempt 1 of 3
[2025-04-10T22:13:13.263+0000] {taskinstance.py:2890} INFO - Executing <Task(HttpSensor): airbyte_sync_gs.monitor_sync_status_gs> on 2025-04-09 00:00:00+00:00
[2025-04-10T22:13:13.280+0000] {warnings.py:112} WARNING - /home/***/.local/lib/python3.12/site-packages/***/task/task_runner/standard_task_runner.py:70: DeprecationWarning: This process (pid=1374) is multi-threaded, use of fork() may lead to deadlocks in the child.
  pid = os.fork()

[2025-04-10T22:13:13.282+0000] {standard_task_runner.py:72} INFO - Started process 1387 to run task
[2025-04-10T22:13:13.282+0000] {standard_task_runner.py:104} INFO - Running: ['***', 'tasks', 'run', 'meta_ads_elt_pipeline', 'airbyte_sync_gs.monitor_sync_status_gs', 'scheduled__2025-04-09T00:00:00+00:00', '--job-id', '400', '--raw', '--subdir', 'DAGS_FOLDER/meta_ads_elt_pipeline.py', '--cfg-path', '/tmp/tmponmwc0m8']
[2025-04-10T22:13:13.283+0000] {standard_task_runner.py:105} INFO - Job 400: Subtask airbyte_sync_gs.monitor_sync_status_gs
[2025-04-10T22:13:13.329+0000] {task_command.py:467} INFO - Running <TaskInstance: meta_ads_elt_pipeline.airbyte_sync_gs.monitor_sync_status_gs scheduled__2025-04-09T00:00:00+00:00 [running]> on host ffa99f2ae5fe
[2025-04-10T22:13:13.413+0000] {taskinstance.py:3134} INFO - Exporting env vars: AIRFLOW_CTX_DAG_OWNER='admin' AIRFLOW_CTX_DAG_ID='meta_ads_elt_pipeline' AIRFLOW_CTX_TASK_ID='airbyte_sync_gs.monitor_sync_status_gs' AIRFLOW_CTX_EXECUTION_DATE='2025-04-09T00:00:00+00:00' AIRFLOW_CTX_TRY_NUMBER='1' AIRFLOW_CTX_DAG_RUN_ID='scheduled__2025-04-09T00:00:00+00:00'
[2025-04-10T22:13:13.415+0000] {logging_mixin.py:190} INFO - Task instance is in running state
[2025-04-10T22:13:13.415+0000] {logging_mixin.py:190} INFO -  Previous state of the Task instance: queued
[2025-04-10T22:13:13.416+0000] {logging_mixin.py:190} INFO - Current task name:airbyte_sync_gs.monitor_sync_status_gs state:running start_date:2025-04-10 22:13:13.242078+00:00
[2025-04-10T22:13:13.416+0000] {logging_mixin.py:190} INFO - Dag name:meta_ads_elt_pipeline and current dag run status:running
[2025-04-10T22:13:13.416+0000] {taskinstance.py:732} INFO - ::endgroup::
[2025-04-10T22:13:13.416+0000] {baseoperator.py:423} WARNING - HttpSensor.execute cannot be called outside TaskInstance!
[2025-04-10T22:13:13.424+0000] {http.py:145} INFO - Poking: /api/public/v1/jobs/275
[2025-04-10T22:13:13.433+0000] {base.py:84} INFO - Retrieving connection 'airbyte'
[2025-04-10T22:13:13.473+0000] {taskinstance.py:310} INFO - Rescheduling task, marking task as UP_FOR_RESCHEDULE
[2025-04-10T22:13:13.473+0000] {taskinstance.py:341} INFO - ::group::Post task execution logs
[2025-04-10T22:13:13.496+0000] {local_task_job_runner.py:266} INFO - Task exited with return code 0
[2025-04-10T22:13:13.533+0000] {taskinstance.py:3901} INFO - 0 downstream tasks scheduled from follow-on schedule check
[2025-04-10T22:13:13.534+0000] {local_task_job_runner.py:245} INFO - ::endgroup::
[2025-04-10T22:14:15.593+0000] {local_task_job_runner.py:123} INFO - ::group::Pre task execution logs
[2025-04-10T22:14:15.612+0000] {taskinstance.py:2614} INFO - Dependencies all met for dep_context=non-requeueable deps ti=<TaskInstance: meta_ads_elt_pipeline.airbyte_sync_gs.monitor_sync_status_gs scheduled__2025-04-09T00:00:00+00:00 [queued]>
[2025-04-10T22:14:15.619+0000] {taskinstance.py:2614} INFO - Dependencies all met for dep_context=requeueable deps ti=<TaskInstance: meta_ads_elt_pipeline.airbyte_sync_gs.monitor_sync_status_gs scheduled__2025-04-09T00:00:00+00:00 [queued]>
[2025-04-10T22:14:15.619+0000] {taskinstance.py:2867} INFO - Starting attempt 1 of 3
[2025-04-10T22:14:15.629+0000] {taskinstance.py:2890} INFO - Executing <Task(HttpSensor): airbyte_sync_gs.monitor_sync_status_gs> on 2025-04-09 00:00:00+00:00
[2025-04-10T22:14:15.641+0000] {warnings.py:112} WARNING - /home/***/.local/lib/python3.12/site-packages/***/task/task_runner/standard_task_runner.py:70: DeprecationWarning: This process (pid=1431) is multi-threaded, use of fork() may lead to deadlocks in the child.
  pid = os.fork()

[2025-04-10T22:14:15.642+0000] {standard_task_runner.py:72} INFO - Started process 1435 to run task
[2025-04-10T22:14:15.644+0000] {standard_task_runner.py:104} INFO - Running: ['***', 'tasks', 'run', 'meta_ads_elt_pipeline', 'airbyte_sync_gs.monitor_sync_status_gs', 'scheduled__2025-04-09T00:00:00+00:00', '--job-id', '402', '--raw', '--subdir', 'DAGS_FOLDER/meta_ads_elt_pipeline.py', '--cfg-path', '/tmp/tmp_zkqzeaw']
[2025-04-10T22:14:15.645+0000] {standard_task_runner.py:105} INFO - Job 402: Subtask airbyte_sync_gs.monitor_sync_status_gs
[2025-04-10T22:14:15.697+0000] {task_command.py:467} INFO - Running <TaskInstance: meta_ads_elt_pipeline.airbyte_sync_gs.monitor_sync_status_gs scheduled__2025-04-09T00:00:00+00:00 [running]> on host ffa99f2ae5fe
[2025-04-10T22:14:15.766+0000] {taskinstance.py:3134} INFO - Exporting env vars: AIRFLOW_CTX_DAG_OWNER='admin' AIRFLOW_CTX_DAG_ID='meta_ads_elt_pipeline' AIRFLOW_CTX_TASK_ID='airbyte_sync_gs.monitor_sync_status_gs' AIRFLOW_CTX_EXECUTION_DATE='2025-04-09T00:00:00+00:00' AIRFLOW_CTX_TRY_NUMBER='1' AIRFLOW_CTX_DAG_RUN_ID='scheduled__2025-04-09T00:00:00+00:00'
[2025-04-10T22:14:15.767+0000] {logging_mixin.py:190} INFO - Task instance is in running state
[2025-04-10T22:14:15.768+0000] {logging_mixin.py:190} INFO -  Previous state of the Task instance: queued
[2025-04-10T22:14:15.768+0000] {logging_mixin.py:190} INFO - Current task name:airbyte_sync_gs.monitor_sync_status_gs state:running start_date:2025-04-10 22:14:15.612632+00:00
[2025-04-10T22:14:15.768+0000] {logging_mixin.py:190} INFO - Dag name:meta_ads_elt_pipeline and current dag run status:running
[2025-04-10T22:14:15.768+0000] {taskinstance.py:732} INFO - ::endgroup::
[2025-04-10T22:14:15.768+0000] {baseoperator.py:423} WARNING - HttpSensor.execute cannot be called outside TaskInstance!
[2025-04-10T22:14:15.775+0000] {http.py:145} INFO - Poking: /api/public/v1/jobs/275
[2025-04-10T22:14:15.782+0000] {base.py:84} INFO - Retrieving connection 'airbyte'
[2025-04-10T22:14:15.804+0000] {base.py:339} INFO - Success criteria met. Exiting.
[2025-04-10T22:14:15.816+0000] {taskinstance.py:341} INFO - ::group::Post task execution logs
[2025-04-10T22:14:15.817+0000] {taskinstance.py:353} INFO - Marking task as SUCCESS. dag_id=meta_ads_elt_pipeline, task_id=airbyte_sync_gs.monitor_sync_status_gs, run_id=scheduled__2025-04-09T00:00:00+00:00, execution_date=20250409T000000, start_date=20250410T221415, end_date=20250410T221415
[2025-04-10T22:14:15.844+0000] {logging_mixin.py:190} INFO - Task instance in success state
[2025-04-10T22:14:15.845+0000] {logging_mixin.py:190} INFO -  Previous state of the Task instance: running
[2025-04-10T22:14:15.845+0000] {logging_mixin.py:190} INFO - Dag name:meta_ads_elt_pipeline queued_at:2025-04-10 22:13:09.580624+00:00
[2025-04-10T22:14:15.845+0000] {logging_mixin.py:190} INFO - Task hostname:ffa99f2ae5fe operator:HttpSensor
[2025-04-10T22:14:15.896+0000] {local_task_job_runner.py:266} INFO - Task exited with return code 0
[2025-04-10T22:14:15.905+0000] {local_task_job_runner.py:245} INFO - ::endgroup::
