[2025-04-06T23:14:09.674+0000] {local_task_job_runner.py:123} INFO - ::group::Pre task execution logs
[2025-04-06T23:14:09.697+0000] {taskinstance.py:2614} INFO - Dependencies all met for dep_context=non-requeueable deps ti=<TaskInstance: running_airbyte.transform_data.meta_ads_campaigns_run manual__2025-04-06T23:14:03.960919+00:00 [queued]>
[2025-04-06T23:14:09.707+0000] {taskinstance.py:2614} INFO - Dependencies all met for dep_context=requeueable deps ti=<TaskInstance: running_airbyte.transform_data.meta_ads_campaigns_run manual__2025-04-06T23:14:03.960919+00:00 [queued]>
[2025-04-06T23:14:09.707+0000] {taskinstance.py:2867} INFO - Starting attempt 1 of 3
[2025-04-06T23:14:09.720+0000] {taskinstance.py:2890} INFO - Executing <Task(DbtRunLocalOperator): transform_data.meta_ads_campaigns_run> on 2025-04-06 23:14:03.960919+00:00
[2025-04-06T23:14:09.736+0000] {warnings.py:112} WARNING - /home/***/.local/lib/python3.12/site-packages/***/task/task_runner/standard_task_runner.py:70: DeprecationWarning: This process (pid=1237) is multi-threaded, use of fork() may lead to deadlocks in the child.
  pid = os.fork()

[2025-04-06T23:14:09.737+0000] {standard_task_runner.py:72} INFO - Started process 1255 to run task
[2025-04-06T23:14:09.738+0000] {standard_task_runner.py:104} INFO - Running: ['***', 'tasks', 'run', 'running_airbyte', 'transform_data.meta_ads_campaigns_run', 'manual__2025-04-06T23:14:03.960919+00:00', '--job-id', '155', '--raw', '--subdir', 'DAGS_FOLDER/meta_ads_dag.py', '--cfg-path', '/tmp/tmpu8sohl39']
[2025-04-06T23:14:09.739+0000] {standard_task_runner.py:105} INFO - Job 155: Subtask transform_data.meta_ads_campaigns_run
[2025-04-06T23:14:09.782+0000] {task_command.py:467} INFO - Running <TaskInstance: running_airbyte.transform_data.meta_ads_campaigns_run manual__2025-04-06T23:14:03.960919+00:00 [running]> on host 6b9175945393
[2025-04-06T23:14:09.865+0000] {taskinstance.py:3134} INFO - Exporting env vars: AIRFLOW_CTX_DAG_OWNER='***' AIRFLOW_CTX_DAG_ID='running_airbyte' AIRFLOW_CTX_TASK_ID='transform_data.meta_ads_campaigns_run' AIRFLOW_CTX_EXECUTION_DATE='2025-04-06T23:14:03.960919+00:00' AIRFLOW_CTX_TRY_NUMBER='1' AIRFLOW_CTX_DAG_RUN_ID='manual__2025-04-06T23:14:03.960919+00:00'
[2025-04-06T23:14:09.867+0000] {logging_mixin.py:190} INFO - Task instance is in running state
[2025-04-06T23:14:09.868+0000] {logging_mixin.py:190} INFO -  Previous state of the Task instance: queued
[2025-04-06T23:14:09.868+0000] {logging_mixin.py:190} INFO - Current task name:transform_data.meta_ads_campaigns_run state:running start_date:2025-04-06 23:14:09.697710+00:00
[2025-04-06T23:14:09.868+0000] {logging_mixin.py:190} INFO - Dag name:running_airbyte and current dag run status:running
[2025-04-06T23:14:09.868+0000] {taskinstance.py:732} INFO - ::endgroup::
[2025-04-06T23:14:11.126+0000] {local.py:213} INFO - dbtRunner is available. Using dbtRunner for invoking dbt.
[2025-04-06T23:14:11.127+0000] {local.py:416} INFO - Cloning project to writable temp directory /tmp/tmpfxo273ab from /opt/airflow/dags/dbt/dbt_biera
[2025-04-06T23:14:11.128+0000] {local.py:427} INFO - Partial parse is enabled and the latest partial parse file is /opt/airflow/dags/dbt/dbt_biera/target/partial_parse.msgpack
[2025-04-06T23:14:11.134+0000] {config.py:360} INFO - Profile caching is enable.
[2025-04-06T23:14:11.143+0000] {base.py:84} INFO - Retrieving connection 'postgres_conn'
[2025-04-06T23:14:11.144+0000] {base.py:244} INFO - Using real values for profile default
[2025-04-06T23:14:11.147+0000] {config.py:347} INFO - Profile not found in cache storing and using profile: /tmp/cosmos/profile/5a2fb875504fa24a7e6b362aa58a6f1d0c6817b22e7f878b786e84d2b851fe83/profiles.yml.
[2025-04-06T23:14:11.147+0000] {runner.py:60} INFO - Trying to run dbtRunner with:
 ['run', '--vars', '{"my_name": "***"}', '--models', 'meta_ads_campaigns', '--project-dir', '/tmp/tmpfxo273ab', '--profiles-dir', '/tmp/cosmos/profile/5a2fb875504fa24a7e6b362aa58a6f1d0c6817b22e7f878b786e84d2b851fe83', '--profile', 'default', '--target', 'dev']
 in /tmp/tmpfxo273ab
[2025-04-06T23:14:11.222+0000] {logging_mixin.py:190} INFO - 23:14:11  Running with dbt=1.9.3
[2025-04-06T23:14:11.763+0000] {logging_mixin.py:190} INFO - 23:14:11  Registered adapter: postgres=1.9.0
[2025-04-06T23:14:12.407+0000] {logging_mixin.py:190} INFO - 23:14:12  Unable to do partial parsing because config vars, config profile, or config target have changed
[2025-04-06T23:14:12.408+0000] {logging_mixin.py:190} INFO - 23:14:12  Unable to do partial parsing because profile has changed
[2025-04-06T23:14:13.482+0000] {logging_mixin.py:190} INFO - 23:14:13  [WARNING]: Configuration paths exist in your dbt_project.yml file which do not apply to any resources.
There are 1 unused configuration paths:
- models.dbt_biera.analytics
[2025-04-06T23:14:13.576+0000] {logging_mixin.py:190} INFO - 23:14:13  Found 1 model, 1 source, 434 macros
[2025-04-06T23:14:13.578+0000] {logging_mixin.py:190} INFO - 23:14:13
[2025-04-06T23:14:13.579+0000] {logging_mixin.py:190} INFO - 23:14:13  Concurrency: 1 threads (target='dev')
[2025-04-06T23:14:13.580+0000] {logging_mixin.py:190} INFO - 23:14:13
[2025-04-06T23:14:13.734+0000] {logging_mixin.py:190} INFO - 23:14:13  1 of 1 START sql view model staging.meta_ads_campaigns ......................... [RUN]
[2025-04-06T23:14:13.804+0000] {logging_mixin.py:190} INFO - 23:14:13  1 of 1 ERROR creating sql view model staging.meta_ads_campaigns ................ [ERROR in 0.07s]
[2025-04-06T23:14:13.815+0000] {logging_mixin.py:190} INFO - 23:14:13
[2025-04-06T23:14:13.816+0000] {logging_mixin.py:190} INFO - 23:14:13  Finished running 1 view model in 0 hours 0 minutes and 0.23 seconds (0.23s).
[2025-04-06T23:14:13.842+0000] {logging_mixin.py:190} INFO - 23:14:13
[2025-04-06T23:14:13.843+0000] {logging_mixin.py:190} INFO - 23:14:13  Completed with 1 error, 0 partial successes, and 0 warnings:
[2025-04-06T23:14:13.843+0000] {logging_mixin.py:190} INFO - 23:14:13
[2025-04-06T23:14:13.844+0000] {logging_mixin.py:190} INFO - 23:14:13    Database Error in model meta_ads_campaigns (models/staging/meta_ads/meta_ads_campaigns.sql)
  relation "source.meta_ads_campaigns" does not exist
  LINE 17:         "postgres"."source"."meta_ads_campaigns"
                   ^
  compiled code at target/run/dbt_biera/models/staging/meta_ads/meta_ads_campaigns.sql
[2025-04-06T23:14:13.844+0000] {logging_mixin.py:190} INFO - 23:14:13
[2025-04-06T23:14:13.845+0000] {logging_mixin.py:190} INFO - 23:14:13  Done. PASS=0 WARN=0 ERROR=1 SKIP=0 TOTAL=1
[2025-04-06T23:14:14.423+0000] {local.py:465} INFO - Inlets: []
[2025-04-06T23:14:14.423+0000] {local.py:466} INFO - Outlets: []
[2025-04-06T23:14:14.424+0000] {local.py:656} INFO - Assigning inlets/outlets with DatasetAlias
[2025-04-06T23:14:14.435+0000] {taskinstance.py:3313} ERROR - Task failed with exception
Traceback (most recent call last):
  File "/home/airflow/.local/lib/python3.12/site-packages/airflow/models/taskinstance.py", line 768, in _execute_task
    result = _execute_callable(context=context, **execute_callable_kwargs)
             ^^^^^^^^^^^^^^^^^^^^^^^^^^^^^^^^^^^^^^^^^^^^^^^^^^^^^^^^^^^^^
  File "/home/airflow/.local/lib/python3.12/site-packages/airflow/models/taskinstance.py", line 734, in _execute_callable
    return ExecutionCallableRunner(
           ^^^^^^^^^^^^^^^^^^^^^^^^
  File "/home/airflow/.local/lib/python3.12/site-packages/airflow/utils/operator_helpers.py", line 252, in run
    return self.func(*args, **kwargs)
           ^^^^^^^^^^^^^^^^^^^^^^^^^^
  File "/home/airflow/.local/lib/python3.12/site-packages/cosmos/operators/base.py", line 299, in execute
    self.build_and_run_cmd(context=context, cmd_flags=self.add_cmd_flags())
  File "/home/airflow/.local/lib/python3.12/site-packages/cosmos/operators/local.py", line 708, in build_and_run_cmd
    result = self.run_command(
             ^^^^^^^^^^^^^^^^^
  File "/home/airflow/.local/lib/python3.12/site-packages/cosmos/operators/local.py", line 556, in run_command
    self.handle_exception(result)
  File "/home/airflow/.local/lib/python3.12/site-packages/cosmos/operators/local.py", line 227, in handle_exception_dbt_runner
    return dbt_runner.handle_exception_if_needed(result)
           ^^^^^^^^^^^^^^^^^^^^^^^^^^^^^^^^^^^^^^^^^^^^^
  File "/home/airflow/.local/lib/python3.12/site-packages/cosmos/dbt/runner.py", line 113, in handle_exception_if_needed
    raise CosmosDbtRunError(f"dbt invocation completed with errors: {error_message}")
cosmos.exceptions.CosmosDbtRunError: dbt invocation completed with errors: meta_ads_campaigns: Database Error in model meta_ads_campaigns (models/staging/meta_ads/meta_ads_campaigns.sql)
  relation "source.meta_ads_campaigns" does not exist
  LINE 17:         "postgres"."source"."meta_ads_campaigns"
                   ^
  compiled code at target/run/dbt_biera/models/staging/meta_ads/meta_ads_campaigns.sql
[2025-04-06T23:14:14.449+0000] {logging_mixin.py:190} INFO - Task instance in failure state
[2025-04-06T23:14:14.449+0000] {logging_mixin.py:190} INFO - Task start:2025-04-06 23:14:09.697710+00:00 end:2025-04-06 23:14:14.448675+00:00 duration:4.750965
[2025-04-06T23:14:14.450+0000] {logging_mixin.py:190} INFO - Task:<Task(DbtRunLocalOperator): transform_data.meta_ads_campaigns_run> dag:<DAG: running_airbyte> dagrun:<DagRun running_airbyte @ 2025-04-06 23:14:03.960919+00:00: manual__2025-04-06T23:14:03.960919+00:00, state:running, queued_at: 2025-04-06 23:14:04.346831+00:00. externally triggered: True>
[2025-04-06T23:14:14.450+0000] {logging_mixin.py:190} INFO - Failure caused by dbt invocation completed with errors: meta_ads_campaigns: Database Error in model meta_ads_campaigns (models/staging/meta_ads/meta_ads_campaigns.sql)
  relation "source.meta_ads_campaigns" does not exist
  LINE 17:         "postgres"."source"."meta_ads_campaigns"
                   ^
  compiled code at target/run/dbt_biera/models/staging/meta_ads/meta_ads_campaigns.sql
[2025-04-06T23:14:14.450+0000] {taskinstance.py:1226} INFO - Marking task as UP_FOR_RETRY. dag_id=running_airbyte, task_id=transform_data.meta_ads_campaigns_run, run_id=manual__2025-04-06T23:14:03.960919+00:00, execution_date=20250406T231403, start_date=20250406T231409, end_date=20250406T231414
[2025-04-06T23:14:14.488+0000] {taskinstance.py:341} INFO - ::group::Post task execution logs
[2025-04-06T23:14:14.488+0000] {standard_task_runner.py:124} ERROR - Failed to execute job 155 for task transform_data.meta_ads_campaigns_run (dbt invocation completed with errors: meta_ads_campaigns: Database Error in model meta_ads_campaigns (models/staging/meta_ads/meta_ads_campaigns.sql)
  relation "source.meta_ads_campaigns" does not exist
  LINE 17:         "postgres"."source"."meta_ads_campaigns"
                   ^
  compiled code at target/run/dbt_biera/models/staging/meta_ads/meta_ads_campaigns.sql; 1255)
Traceback (most recent call last):
  File "/home/airflow/.local/lib/python3.12/site-packages/airflow/task/task_runner/standard_task_runner.py", line 117, in _start_by_fork
    ret = args.func(args, dag=self.dag)
          ^^^^^^^^^^^^^^^^^^^^^^^^^^^^^
  File "/home/airflow/.local/lib/python3.12/site-packages/airflow/cli/cli_config.py", line 49, in command
    return func(*args, **kwargs)
           ^^^^^^^^^^^^^^^^^^^^^
  File "/home/airflow/.local/lib/python3.12/site-packages/airflow/utils/cli.py", line 116, in wrapper
    return f(*args, **kwargs)
           ^^^^^^^^^^^^^^^^^^
  File "/home/airflow/.local/lib/python3.12/site-packages/airflow/cli/commands/task_command.py", line 483, in task_run
    task_return_code = _run_task_by_selected_method(args, _dag, ti)
                       ^^^^^^^^^^^^^^^^^^^^^^^^^^^^^^^^^^^^^^^^^^^^
  File "/home/airflow/.local/lib/python3.12/site-packages/airflow/cli/commands/task_command.py", line 256, in _run_task_by_selected_method
    return _run_raw_task(args, ti)
           ^^^^^^^^^^^^^^^^^^^^^^^
  File "/home/airflow/.local/lib/python3.12/site-packages/airflow/cli/commands/task_command.py", line 341, in _run_raw_task
    return ti._run_raw_task(
           ^^^^^^^^^^^^^^^^^
  File "/home/airflow/.local/lib/python3.12/site-packages/airflow/utils/session.py", line 97, in wrapper
    return func(*args, session=session, **kwargs)
           ^^^^^^^^^^^^^^^^^^^^^^^^^^^^^^^^^^^^^^
  File "/home/airflow/.local/lib/python3.12/site-packages/airflow/models/taskinstance.py", line 3006, in _run_raw_task
    return _run_raw_task(
           ^^^^^^^^^^^^^^
  File "/home/airflow/.local/lib/python3.12/site-packages/airflow/models/taskinstance.py", line 274, in _run_raw_task
    TaskInstance._execute_task_with_callbacks(
  File "/home/airflow/.local/lib/python3.12/site-packages/airflow/models/taskinstance.py", line 3161, in _execute_task_with_callbacks
    result = self._execute_task(context, task_orig)
             ^^^^^^^^^^^^^^^^^^^^^^^^^^^^^^^^^^^^^^
  File "/home/airflow/.local/lib/python3.12/site-packages/airflow/models/taskinstance.py", line 3185, in _execute_task
    return _execute_task(self, context, task_orig)
           ^^^^^^^^^^^^^^^^^^^^^^^^^^^^^^^^^^^^^^^
  File "/home/airflow/.local/lib/python3.12/site-packages/airflow/models/taskinstance.py", line 768, in _execute_task
    result = _execute_callable(context=context, **execute_callable_kwargs)
             ^^^^^^^^^^^^^^^^^^^^^^^^^^^^^^^^^^^^^^^^^^^^^^^^^^^^^^^^^^^^^
  File "/home/airflow/.local/lib/python3.12/site-packages/airflow/models/taskinstance.py", line 734, in _execute_callable
    return ExecutionCallableRunner(
           ^^^^^^^^^^^^^^^^^^^^^^^^
  File "/home/airflow/.local/lib/python3.12/site-packages/airflow/utils/operator_helpers.py", line 252, in run
    return self.func(*args, **kwargs)
           ^^^^^^^^^^^^^^^^^^^^^^^^^^
  File "/home/airflow/.local/lib/python3.12/site-packages/cosmos/operators/base.py", line 299, in execute
    self.build_and_run_cmd(context=context, cmd_flags=self.add_cmd_flags())
  File "/home/airflow/.local/lib/python3.12/site-packages/cosmos/operators/local.py", line 708, in build_and_run_cmd
    result = self.run_command(
             ^^^^^^^^^^^^^^^^^
  File "/home/airflow/.local/lib/python3.12/site-packages/cosmos/operators/local.py", line 556, in run_command
    self.handle_exception(result)
  File "/home/airflow/.local/lib/python3.12/site-packages/cosmos/operators/local.py", line 227, in handle_exception_dbt_runner
    return dbt_runner.handle_exception_if_needed(result)
           ^^^^^^^^^^^^^^^^^^^^^^^^^^^^^^^^^^^^^^^^^^^^^
  File "/home/airflow/.local/lib/python3.12/site-packages/cosmos/dbt/runner.py", line 113, in handle_exception_if_needed
    raise CosmosDbtRunError(f"dbt invocation completed with errors: {error_message}")
cosmos.exceptions.CosmosDbtRunError: dbt invocation completed with errors: meta_ads_campaigns: Database Error in model meta_ads_campaigns (models/staging/meta_ads/meta_ads_campaigns.sql)
  relation "source.meta_ads_campaigns" does not exist
  LINE 17:         "postgres"."source"."meta_ads_campaigns"
                   ^
  compiled code at target/run/dbt_biera/models/staging/meta_ads/meta_ads_campaigns.sql
[2025-04-06T23:14:14.562+0000] {local_task_job_runner.py:266} INFO - Task exited with return code 1
[2025-04-06T23:14:14.593+0000] {taskinstance.py:3901} INFO - 0 downstream tasks scheduled from follow-on schedule check
[2025-04-06T23:14:14.595+0000] {local_task_job_runner.py:245} INFO - ::endgroup::
