[2025-04-10T17:45:11.065+0000] {local_task_job_runner.py:123} INFO - ::group::Pre task execution logs
[2025-04-10T17:45:11.087+0000] {taskinstance.py:2614} INFO - Dependencies all met for dep_context=non-requeueable deps ti=<TaskInstance: meta_ads_elt_pipeline.airbyte_sync.monitor_sync_status manual__2025-04-10T17:45:06.617982+00:00 [queued]>
[2025-04-10T17:45:11.097+0000] {taskinstance.py:2614} INFO - Dependencies all met for dep_context=requeueable deps ti=<TaskInstance: meta_ads_elt_pipeline.airbyte_sync.monitor_sync_status manual__2025-04-10T17:45:06.617982+00:00 [queued]>
[2025-04-10T17:45:11.098+0000] {taskinstance.py:2867} INFO - Starting attempt 1 of 3
[2025-04-10T17:45:11.113+0000] {taskinstance.py:2890} INFO - Executing <Task(HttpSensor): airbyte_sync.monitor_sync_status> on 2025-04-10 17:45:06.617982+00:00
[2025-04-10T17:45:11.131+0000] {warnings.py:112} WARNING - /home/***/.local/lib/python3.12/site-packages/***/task/task_runner/standard_task_runner.py:70: DeprecationWarning: This process (pid=640) is multi-threaded, use of fork() may lead to deadlocks in the child.
  pid = os.fork()

[2025-04-10T17:45:11.133+0000] {standard_task_runner.py:72} INFO - Started process 645 to run task
[2025-04-10T17:45:11.134+0000] {standard_task_runner.py:104} INFO - Running: ['***', 'tasks', 'run', 'meta_ads_elt_pipeline', 'airbyte_sync.monitor_sync_status', 'manual__2025-04-10T17:45:06.617982+00:00', '--job-id', '370', '--raw', '--subdir', 'DAGS_FOLDER/meta_ads_elt_pipeline.py', '--cfg-path', '/tmp/tmpv8b4o7sb']
[2025-04-10T17:45:11.136+0000] {standard_task_runner.py:105} INFO - Job 370: Subtask airbyte_sync.monitor_sync_status
[2025-04-10T17:45:11.197+0000] {task_command.py:467} INFO - Running <TaskInstance: meta_ads_elt_pipeline.airbyte_sync.monitor_sync_status manual__2025-04-10T17:45:06.617982+00:00 [running]> on host ffa99f2ae5fe
[2025-04-10T17:45:11.330+0000] {taskinstance.py:3134} INFO - Exporting env vars: AIRFLOW_CTX_DAG_OWNER='admin' AIRFLOW_CTX_DAG_ID='meta_ads_elt_pipeline' AIRFLOW_CTX_TASK_ID='airbyte_sync.monitor_sync_status' AIRFLOW_CTX_EXECUTION_DATE='2025-04-10T17:45:06.617982+00:00' AIRFLOW_CTX_TRY_NUMBER='1' AIRFLOW_CTX_DAG_RUN_ID='manual__2025-04-10T17:45:06.617982+00:00'
[2025-04-10T17:45:11.332+0000] {logging_mixin.py:190} INFO - Task instance is in running state
[2025-04-10T17:45:11.333+0000] {logging_mixin.py:190} INFO -  Previous state of the Task instance: queued
[2025-04-10T17:45:11.333+0000] {logging_mixin.py:190} INFO - Current task name:airbyte_sync.monitor_sync_status state:running start_date:2025-04-10 17:45:11.088085+00:00
[2025-04-10T17:45:11.333+0000] {logging_mixin.py:190} INFO - Dag name:meta_ads_elt_pipeline and current dag run status:running
[2025-04-10T17:45:11.334+0000] {taskinstance.py:732} INFO - ::endgroup::
[2025-04-10T17:45:11.334+0000] {baseoperator.py:423} WARNING - HttpSensor.execute cannot be called outside TaskInstance!
[2025-04-10T17:45:11.349+0000] {http.py:145} INFO - Poking: /api/public/v1/jobs/269
[2025-04-10T17:45:11.362+0000] {base.py:84} INFO - Retrieving connection 'airbyte'
[2025-04-10T17:45:11.469+0000] {taskinstance.py:310} INFO - Rescheduling task, marking task as UP_FOR_RESCHEDULE
[2025-04-10T17:45:11.469+0000] {taskinstance.py:341} INFO - ::group::Post task execution logs
[2025-04-10T17:45:11.510+0000] {local_task_job_runner.py:266} INFO - Task exited with return code 0
[2025-04-10T17:45:11.519+0000] {local_task_job_runner.py:245} INFO - ::endgroup::
[2025-04-10T17:46:13.058+0000] {local_task_job_runner.py:123} INFO - ::group::Pre task execution logs
[2025-04-10T17:46:13.075+0000] {taskinstance.py:2614} INFO - Dependencies all met for dep_context=non-requeueable deps ti=<TaskInstance: meta_ads_elt_pipeline.airbyte_sync.monitor_sync_status manual__2025-04-10T17:45:06.617982+00:00 [queued]>
[2025-04-10T17:46:13.083+0000] {taskinstance.py:2614} INFO - Dependencies all met for dep_context=requeueable deps ti=<TaskInstance: meta_ads_elt_pipeline.airbyte_sync.monitor_sync_status manual__2025-04-10T17:45:06.617982+00:00 [queued]>
[2025-04-10T17:46:13.083+0000] {taskinstance.py:2867} INFO - Starting attempt 1 of 3
[2025-04-10T17:46:13.095+0000] {taskinstance.py:2890} INFO - Executing <Task(HttpSensor): airbyte_sync.monitor_sync_status> on 2025-04-10 17:45:06.617982+00:00
[2025-04-10T17:46:13.109+0000] {warnings.py:112} WARNING - /home/***/.local/lib/python3.12/site-packages/***/task/task_runner/standard_task_runner.py:70: DeprecationWarning: This process (pid=695) is multi-threaded, use of fork() may lead to deadlocks in the child.
  pid = os.fork()

[2025-04-10T17:46:13.110+0000] {standard_task_runner.py:72} INFO - Started process 701 to run task
[2025-04-10T17:46:13.110+0000] {standard_task_runner.py:104} INFO - Running: ['***', 'tasks', 'run', 'meta_ads_elt_pipeline', 'airbyte_sync.monitor_sync_status', 'manual__2025-04-10T17:45:06.617982+00:00', '--job-id', '372', '--raw', '--subdir', 'DAGS_FOLDER/meta_ads_elt_pipeline.py', '--cfg-path', '/tmp/tmphc8vl3yv']
[2025-04-10T17:46:13.111+0000] {standard_task_runner.py:105} INFO - Job 372: Subtask airbyte_sync.monitor_sync_status
[2025-04-10T17:46:13.156+0000] {task_command.py:467} INFO - Running <TaskInstance: meta_ads_elt_pipeline.airbyte_sync.monitor_sync_status manual__2025-04-10T17:45:06.617982+00:00 [running]> on host ffa99f2ae5fe
[2025-04-10T17:46:13.233+0000] {taskinstance.py:3134} INFO - Exporting env vars: AIRFLOW_CTX_DAG_OWNER='admin' AIRFLOW_CTX_DAG_ID='meta_ads_elt_pipeline' AIRFLOW_CTX_TASK_ID='airbyte_sync.monitor_sync_status' AIRFLOW_CTX_EXECUTION_DATE='2025-04-10T17:45:06.617982+00:00' AIRFLOW_CTX_TRY_NUMBER='1' AIRFLOW_CTX_DAG_RUN_ID='manual__2025-04-10T17:45:06.617982+00:00'
[2025-04-10T17:46:13.235+0000] {logging_mixin.py:190} INFO - Task instance is in running state
[2025-04-10T17:46:13.235+0000] {logging_mixin.py:190} INFO -  Previous state of the Task instance: queued
[2025-04-10T17:46:13.236+0000] {logging_mixin.py:190} INFO - Current task name:airbyte_sync.monitor_sync_status state:running start_date:2025-04-10 17:46:13.076047+00:00
[2025-04-10T17:46:13.236+0000] {logging_mixin.py:190} INFO - Dag name:meta_ads_elt_pipeline and current dag run status:running
[2025-04-10T17:46:13.236+0000] {taskinstance.py:732} INFO - ::endgroup::
[2025-04-10T17:46:13.236+0000] {baseoperator.py:423} WARNING - HttpSensor.execute cannot be called outside TaskInstance!
[2025-04-10T17:46:13.244+0000] {http.py:145} INFO - Poking: /api/public/v1/jobs/269
[2025-04-10T17:46:13.254+0000] {base.py:84} INFO - Retrieving connection 'airbyte'
[2025-04-10T17:46:13.276+0000] {base.py:339} INFO - Success criteria met. Exiting.
[2025-04-10T17:46:13.287+0000] {taskinstance.py:341} INFO - ::group::Post task execution logs
[2025-04-10T17:46:13.288+0000] {taskinstance.py:353} INFO - Marking task as SUCCESS. dag_id=meta_ads_elt_pipeline, task_id=airbyte_sync.monitor_sync_status, run_id=manual__2025-04-10T17:45:06.617982+00:00, execution_date=20250410T174506, start_date=20250410T174613, end_date=20250410T174613
[2025-04-10T17:46:13.308+0000] {logging_mixin.py:190} INFO - Task instance in success state
[2025-04-10T17:46:13.308+0000] {logging_mixin.py:190} INFO -  Previous state of the Task instance: running
[2025-04-10T17:46:13.308+0000] {logging_mixin.py:190} INFO - Dag name:meta_ads_elt_pipeline queued_at:2025-04-10 17:45:06.651453+00:00
[2025-04-10T17:46:13.309+0000] {logging_mixin.py:190} INFO - Task hostname:ffa99f2ae5fe operator:HttpSensor
[2025-04-10T17:46:13.364+0000] {local_task_job_runner.py:266} INFO - Task exited with return code 0
[2025-04-10T17:46:13.377+0000] {local_task_job_runner.py:245} INFO - ::endgroup::
