[2025-04-07T00:31:40.676+0000] {local_task_job_runner.py:123} INFO - ::group::Pre task execution logs
[2025-04-07T00:31:40.693+0000] {taskinstance.py:2614} INFO - Dependencies all met for dep_context=non-requeueable deps ti=<TaskInstance: running_airbyte.transform_data.meta_ads_campaigns_run manual__2025-04-07T00:26:28.266158+00:00 [queued]>
[2025-04-07T00:31:40.699+0000] {taskinstance.py:2614} INFO - Dependencies all met for dep_context=requeueable deps ti=<TaskInstance: running_airbyte.transform_data.meta_ads_campaigns_run manual__2025-04-07T00:26:28.266158+00:00 [queued]>
[2025-04-07T00:31:40.700+0000] {taskinstance.py:2867} INFO - Starting attempt 2 of 3
[2025-04-07T00:31:40.709+0000] {taskinstance.py:2890} INFO - Executing <Task(DbtRunLocalOperator): transform_data.meta_ads_campaigns_run> on 2025-04-07 00:26:28.266158+00:00
[2025-04-07T00:31:40.721+0000] {warnings.py:112} WARNING - /home/***/.local/lib/python3.12/site-packages/***/task/task_runner/standard_task_runner.py:70: DeprecationWarning: This process (pid=949) is multi-threaded, use of fork() may lead to deadlocks in the child.
  pid = os.fork()

[2025-04-07T00:31:40.722+0000] {standard_task_runner.py:72} INFO - Started process 951 to run task
[2025-04-07T00:31:40.724+0000] {standard_task_runner.py:104} INFO - Running: ['***', 'tasks', 'run', 'running_airbyte', 'transform_data.meta_ads_campaigns_run', 'manual__2025-04-07T00:26:28.266158+00:00', '--job-id', '9', '--raw', '--subdir', 'DAGS_FOLDER/meta_ads_dag.py', '--cfg-path', '/tmp/tmp15p06il9']
[2025-04-07T00:31:40.726+0000] {standard_task_runner.py:105} INFO - Job 9: Subtask transform_data.meta_ads_campaigns_run
[2025-04-07T00:31:40.776+0000] {task_command.py:467} INFO - Running <TaskInstance: running_airbyte.transform_data.meta_ads_campaigns_run manual__2025-04-07T00:26:28.266158+00:00 [running]> on host ffa99f2ae5fe
[2025-04-07T00:31:40.843+0000] {taskinstance.py:3134} INFO - Exporting env vars: AIRFLOW_CTX_DAG_OWNER='***' AIRFLOW_CTX_DAG_ID='running_airbyte' AIRFLOW_CTX_TASK_ID='transform_data.meta_ads_campaigns_run' AIRFLOW_CTX_EXECUTION_DATE='2025-04-07T00:26:28.266158+00:00' AIRFLOW_CTX_TRY_NUMBER='2' AIRFLOW_CTX_DAG_RUN_ID='manual__2025-04-07T00:26:28.266158+00:00'
[2025-04-07T00:31:40.845+0000] {logging_mixin.py:190} INFO - Task instance is in running state
[2025-04-07T00:31:40.845+0000] {logging_mixin.py:190} INFO -  Previous state of the Task instance: queued
[2025-04-07T00:31:40.845+0000] {logging_mixin.py:190} INFO - Current task name:transform_data.meta_ads_campaigns_run state:running start_date:2025-04-07 00:31:40.694157+00:00
[2025-04-07T00:31:40.845+0000] {logging_mixin.py:190} INFO - Dag name:running_airbyte and current dag run status:running
[2025-04-07T00:31:40.845+0000] {taskinstance.py:732} INFO - ::endgroup::
[2025-04-07T00:31:41.818+0000] {local.py:213} INFO - dbtRunner is available. Using dbtRunner for invoking dbt.
[2025-04-07T00:31:41.818+0000] {local.py:416} INFO - Cloning project to writable temp directory /tmp/tmp0t2tzvmm from /opt/airflow/dags/dbt/dbt_biera
[2025-04-07T00:31:41.819+0000] {local.py:427} INFO - Partial parse is enabled and the latest partial parse file is /tmp/cosmos/running_airbyte__transform_data/target/partial_parse.msgpack
[2025-04-07T00:31:41.824+0000] {config.py:360} INFO - Profile caching is enable.
[2025-04-07T00:31:41.833+0000] {base.py:84} INFO - Retrieving connection 'postgres_conn'
[2025-04-07T00:31:41.834+0000] {config.py:340} INFO - Profile found in cache using profile: /tmp/cosmos/profile/c99bf486c96f06e0233408d45300d7cde96c22a7e21e1f49350115e2a86b810b/profiles.yml.
[2025-04-07T00:31:41.834+0000] {runner.py:60} INFO - Trying to run dbtRunner with:
 ['run', '--models', 'meta_ads_campaigns', '--project-dir', '/tmp/tmp0t2tzvmm', '--profiles-dir', '/tmp/cosmos/profile/c99bf486c96f06e0233408d45300d7cde96c22a7e21e1f49350115e2a86b810b', '--profile', 'default', '--target', 'dev']
 in /tmp/tmp0t2tzvmm
[2025-04-07T00:31:41.900+0000] {logging_mixin.py:190} INFO - 00:31:41  Running with dbt=1.9.3
[2025-04-07T00:31:42.116+0000] {logging_mixin.py:190} INFO - 00:31:42  Registered adapter: postgres=1.9.0
[2025-04-07T00:31:42.756+0000] {logging_mixin.py:190} INFO - 00:31:42  [WARNING]: Configuration paths exist in your dbt_project.yml file which do not apply to any resources.
There are 1 unused configuration paths:
- models.dbt_biera.analytics
[2025-04-07T00:31:43.078+0000] {logging_mixin.py:190} INFO - 00:31:43  Found 1 model, 1 source, 434 macros
[2025-04-07T00:31:43.080+0000] {logging_mixin.py:190} INFO - 00:31:43
[2025-04-07T00:31:43.081+0000] {logging_mixin.py:190} INFO - 00:31:43  Concurrency: 1 threads (target='dev')
[2025-04-07T00:31:43.081+0000] {logging_mixin.py:190} INFO - 00:31:43
[2025-04-07T00:31:43.184+0000] {logging_mixin.py:190} INFO - 00:31:43  1 of 1 START sql view model staging.meta_ads_campaigns ......................... [RUN]
[2025-04-07T00:31:43.297+0000] {logging_mixin.py:190} INFO - 00:31:43  1 of 1 OK created sql view model staging.meta_ads_campaigns .................... [CREATE VIEW in 0.11s]
[2025-04-07T00:31:43.312+0000] {logging_mixin.py:190} INFO - 00:31:43
[2025-04-07T00:31:43.313+0000] {logging_mixin.py:190} INFO - 00:31:43  Finished running 1 view model in 0 hours 0 minutes and 0.23 seconds (0.23s).
[2025-04-07T00:31:43.357+0000] {logging_mixin.py:190} INFO - 00:31:43
[2025-04-07T00:31:43.358+0000] {logging_mixin.py:190} INFO - 00:31:43  Completed successfully
[2025-04-07T00:31:43.358+0000] {logging_mixin.py:190} INFO - 00:31:43
[2025-04-07T00:31:43.359+0000] {logging_mixin.py:190} INFO - 00:31:43  Done. PASS=1 WARN=0 ERROR=0 SKIP=0 TOTAL=1
[2025-04-07T00:31:43.951+0000] {warnings.py:112} WARNING - /home/***/.local/lib/python3.12/site-packages/cosmos/operators/local.py:616: UserWarning: The dataset URI postgres://postgres:5432/warehouse.source.meta_ads_campaigns is not AIP-60 compliant: URI format postgres:// must contain database, schema, and table names. In Airflow 3, this will raise an exception.
  datasets = [Dataset(uri) for uri in uris]

[2025-04-07T00:31:43.952+0000] {warnings.py:112} WARNING - /home/***/.local/lib/python3.12/site-packages/cosmos/operators/local.py:616: UserWarning: The dataset URI postgres://postgres:5432/warehouse.staging.meta_ads_campaigns is not AIP-60 compliant: URI format postgres:// must contain database, schema, and table names. In Airflow 3, this will raise an exception.
  datasets = [Dataset(uri) for uri in uris]

[2025-04-07T00:31:43.953+0000] {local.py:465} INFO - Inlets: [Dataset(uri='postgres://postgres:5432/warehouse.source.meta_ads_campaigns', extra=None)]
[2025-04-07T00:31:43.953+0000] {local.py:466} INFO - Outlets: [Dataset(uri='postgres://postgres:5432/warehouse.staging.meta_ads_campaigns', extra=None)]
[2025-04-07T00:31:43.953+0000] {local.py:656} INFO - Assigning inlets/outlets with DatasetAlias
[2025-04-07T00:31:44.001+0000] {taskinstance.py:341} INFO - ::group::Post task execution logs
[2025-04-07T00:31:44.002+0000] {taskinstance.py:353} INFO - Marking task as SUCCESS. dag_id=running_airbyte, task_id=transform_data.meta_ads_campaigns_run, run_id=manual__2025-04-07T00:26:28.266158+00:00, execution_date=20250407T002628, start_date=20250407T003140, end_date=20250407T003144
[2025-04-07T00:31:44.010+0000] {taskinstance.py:3064} INFO - Creating event for DatasetModel(uri='postgres://postgres:5432/warehouse.staging.meta_ads_campaigns', extra={}) through aliases "running_airbyte__transform_data__meta_ads_campaigns_run"
[2025-04-07T00:31:44.062+0000] {logging_mixin.py:190} INFO - Task instance in success state
[2025-04-07T00:31:44.062+0000] {logging_mixin.py:190} INFO -  Previous state of the Task instance: running
[2025-04-07T00:31:44.062+0000] {logging_mixin.py:190} INFO - Dag name:running_airbyte queued_at:2025-04-07 00:26:28.275463+00:00
[2025-04-07T00:31:44.063+0000] {logging_mixin.py:190} INFO - Task hostname:ffa99f2ae5fe operator:DbtRunLocalOperator
[2025-04-07T00:31:44.102+0000] {local_task_job_runner.py:266} INFO - Task exited with return code 0
[2025-04-07T00:31:44.123+0000] {taskinstance.py:3901} INFO - 0 downstream tasks scheduled from follow-on schedule check
[2025-04-07T00:31:44.126+0000] {local_task_job_runner.py:245} INFO - ::endgroup::
